<?xml version="1.0" encoding="UTF-8"?>
<!-- Generated by org.testng.reporters.JUnitReportReporter -->
<testsuite hostname="DESKTOP-AMSBLU7" failures="0" tests="1" name="logisticsTest.JiraTicketCreationTest" time="85.319" errors="0" timestamp="2023-02-02T15:03:01 IST" skipped="0">
  <testcase classname="logisticsTest.JiraTicketCreationTest" name="processFile" time="85.319"/>
  <system-out/>
</testsuite> <!-- logisticsTest.JiraTicketCreationTest -->
