<?xml version="1.0" encoding="UTF-8"?>
<!-- Generated by org.testng.reporters.JUnitReportReporter -->
<testsuite hostname="DESKTOP-AMSBLU7" failures="0" tests="2" name="installandrepair.GUI_Installation_Test" time="71.506" errors="0" timestamp="2022-07-18T14:43:31 IST" skipped="0">
  <testcase classname="installandrepair.GUI_Installation_Test" name="gui_test_installationPage" time="35.138"/>
  <system-out/>
  <testcase classname="installandrepair.GUI_Installation_Test" name="gui_test_installationPage" time="36.368"/>
  <system-out/>
</testsuite> <!-- installandrepair.GUI_Installation_Test -->
