<?xml version="1.0" encoding="UTF-8"?>
<!-- Generated by org.testng.reporters.JUnitReportReporter -->
<testsuite hostname="DESKTOP-AMSBLU7" failures="0" tests="1" name="logisticsSftpTest.SftpFileDownloadTest" time="7.988" errors="0" timestamp="2023-02-01T17:34:47 IST" skipped="0">
  <testcase classname="logisticsSftpTest.SftpFileDownloadTest" name="downloadFile" time="7.988"/>
  <system-out/>
</testsuite> <!-- logisticsSftpTest.SftpFileDownloadTest -->
