<?xml version="1.0" encoding="UTF-8"?>
<!-- Generated by org.testng.reporters.JUnitReportReporter -->
<testsuite hostname="DESKTOP-AMSBLU7" failures="0" tests="5" name="logisticsGilbertSftpTest.SOShippingConfirmationLogicsTest" time="155.179" errors="0" timestamp="2023-02-09T11:22:09 IST" skipped="0">
  <testcase classname="logisticsGilbertSftpTest.SOShippingConfirmationLogicsTest" name="processFile" time="67.767"/>
  <system-out/>
  <testcase classname="logisticsGilbertSftpTest.SOShippingConfirmationLogicsTest" name="processFile" time="72.961"/>
  <system-out/>
  <testcase classname="logisticsGilbertSftpTest.SOShippingConfirmationLogicsTest" name="ods" time="1.844"/>
  <system-out/>
  <testcase classname="logisticsGilbertSftpTest.SOShippingConfirmationLogicsTest" name="sftp" time="9.238"/>
  <system-out/>
  <testcase classname="logisticsGilbertSftpTest.SOShippingConfirmationLogicsTest" name="db" time="3.369"/>
  <system-out/>
</testsuite> <!-- logisticsGilbertSftpTest.SOShippingConfirmationLogicsTest -->
