<?xml version="1.0" encoding="UTF-8"?>
<!-- Generated by org.testng.reporters.JUnitReportReporter -->
<testsuite hostname="DESKTOP-AMSBLU7" failures="0" tests="4" name="installandrepair.GUI_Repair_Assess_Other_Test" time="5.726" errors="0" timestamp="2022-07-18T14:43:31 IST" skipped="0">
  <testcase classname="installandrepair.GUI_Repair_Assess_Other_Test" name="GUI_Testradiobutton_repairAssessement" time="2.426"/>
  <system-out/>
  <testcase classname="installandrepair.GUI_Repair_Assess_Other_Test" name="GUI_Testradiobutton_repairAssessement" time="1.128"/>
  <system-out/>
  <testcase classname="installandrepair.GUI_Repair_Assess_Other_Test" name="GUI_Testradiobutton_repairOther" time="1.109"/>
  <system-out/>
  <testcase classname="installandrepair.GUI_Repair_Assess_Other_Test" name="GUI_Testradiobutton_repairOther" time="1.063"/>
  <system-out/>
</testsuite> <!-- installandrepair.GUI_Repair_Assess_Other_Test -->
