<?xml version="1.0" encoding="UTF-8"?>
<!-- Generated by org.testng.reporters.JUnitReportReporter -->
<testsuite hostname="DESKTOP-AMSBLU7" failures="0" tests="4" name="installandrepair.RepairAssessOtherTest" time="7.992" errors="0" timestamp="2022-07-13T17:02:32 IST" skipped="0">
  <testcase classname="installandrepair.RepairAssessOtherTest" name="repairAssessement" time="2.470"/>
  <system-out/>
  <testcase classname="installandrepair.RepairAssessOtherTest" name="repairAssessement" time="1.286"/>
  <system-out/>
  <testcase classname="installandrepair.RepairAssessOtherTest" name="repairOther" time="2.441"/>
  <system-out/>
  <testcase classname="installandrepair.RepairAssessOtherTest" name="repairOther" time="1.795"/>
  <system-out/>
</testsuite> <!-- installandrepair.RepairAssessOtherTest -->
