<?xml version="1.0" encoding="UTF-8"?>
<!-- Generated by org.testng.reporters.JUnitReportReporter -->
<testsuite hostname="DESKTOP-AMSBLU7" failures="0" tests="4" name="installandrepair.GUI_Repair_Adj_Rep_Test" time="19.050" errors="0" timestamp="2022-07-18T14:43:31 IST" skipped="0">
  <testcase classname="installandrepair.GUI_Repair_Adj_Rep_Test" name="GUI_Testradiobutton_repairAdjust" time="2.368"/>
  <system-out/>
  <testcase classname="installandrepair.GUI_Repair_Adj_Rep_Test" name="GUI_Testradiobutton_repairAdjust" time="1.048"/>
  <system-out/>
  <testcase classname="installandrepair.GUI_Repair_Adj_Rep_Test" name="GUI_Testradiobutton_repairReplacedPart" time="8.333"/>
  <system-out/>
  <testcase classname="installandrepair.GUI_Repair_Adj_Rep_Test" name="GUI_Testradiobutton_repairReplacedPart" time="7.301"/>
  <system-out/>
</testsuite> <!-- installandrepair.GUI_Repair_Adj_Rep_Test -->
