<?xml version="1.0" encoding="UTF-8"?>
<!-- Generated by org.testng.reporters.JUnitReportReporter -->
<testsuite hostname="DESKTOP-AMSBLU7" failures="0" tests="200" name="fieldServiceFormsTest.CheckListGUITest" time="293.063" errors="0" timestamp="2022-07-26T12:47:43 IST" skipped="0">
  <testcase classname="fieldServiceFormsTest.CheckListGUITest" name="GUITestradioButtonOptionYes" time="1.882"/>
  <system-out/>
  <testcase classname="fieldServiceFormsTest.CheckListGUITest" name="GUITestradioButtonOptionYes" time="1.727"/>
  <system-out/>
  <testcase classname="fieldServiceFormsTest.CheckListGUITest" name="GUITestradioButtonOptionYes" time="2.764"/>
  <system-out/>
  <testcase classname="fieldServiceFormsTest.CheckListGUITest" name="GUITestradioButtonOptionYes" time="3.014"/>
  <system-out/>
  <testcase classname="fieldServiceFormsTest.CheckListGUITest" name="GUITestradioButtonOptionYes" time="1.922"/>
  <system-out/>
  <testcase classname="fieldServiceFormsTest.CheckListGUITest" name="GUITestradioButtonOptionYes" time="1.789"/>
  <system-out/>
  <testcase classname="fieldServiceFormsTest.CheckListGUITest" name="GUITestradioButtonOptionYes" time="1.890"/>
  <system-out/>
  <testcase classname="fieldServiceFormsTest.CheckListGUITest" name="GUITestradioButtonOptionYes" time="1.769"/>
  <system-out/>
  <testcase classname="fieldServiceFormsTest.CheckListGUITest" name="GUITestradioButtonOptionYes" time="2.095"/>
  <system-out/>
  <testcase classname="fieldServiceFormsTest.CheckListGUITest" name="GUITestradioButtonOptionYes" time="1.748"/>
  <system-out/>
  <testcase classname="fieldServiceFormsTest.CheckListGUITest" name="GUITestradioButtonOptionYes" time="1.883"/>
  <system-out/>
  <testcase classname="fieldServiceFormsTest.CheckListGUITest" name="GUITestradioButtonOptionYes" time="1.725"/>
  <system-out/>
  <testcase classname="fieldServiceFormsTest.CheckListGUITest" name="GUITestradioButtonOptionYes" time="1.876"/>
  <system-out/>
  <testcase classname="fieldServiceFormsTest.CheckListGUITest" name="GUITestradioButtonOptionYes" time="1.946"/>
  <system-out/>
  <testcase classname="fieldServiceFormsTest.CheckListGUITest" name="GUITestradioButtonOptionYes" time="1.851"/>
  <system-out/>
  <testcase classname="fieldServiceFormsTest.CheckListGUITest" name="GUITestradioButtonOptionYes" time="1.810"/>
  <system-out/>
  <testcase classname="fieldServiceFormsTest.CheckListGUITest" name="GUITestradioButtonOptionYes" time="2.015"/>
  <system-out/>
  <testcase classname="fieldServiceFormsTest.CheckListGUITest" name="GUITestradioButtonOptionYes" time="1.793"/>
  <system-out/>
  <testcase classname="fieldServiceFormsTest.CheckListGUITest" name="GUITestradioButtonOptionYes" time="1.788"/>
  <system-out/>
  <testcase classname="fieldServiceFormsTest.CheckListGUITest" name="GUITestradioButtonOptionYes" time="1.778"/>
  <system-out/>
  <testcase classname="fieldServiceFormsTest.CheckListGUITest" name="GUITestradioButtonOptionYes" time="1.793"/>
  <system-out/>
  <testcase classname="fieldServiceFormsTest.CheckListGUITest" name="GUITestradioButtonOptionYes" time="1.917"/>
  <system-out/>
  <testcase classname="fieldServiceFormsTest.CheckListGUITest" name="GUITestradioButtonOptionYes" time="1.870"/>
  <system-out/>
  <testcase classname="fieldServiceFormsTest.CheckListGUITest" name="GUITestradioButtonOptionYes" time="2.023"/>
  <system-out/>
  <testcase classname="fieldServiceFormsTest.CheckListGUITest" name="GUITestradioButtonOptionYes" time="1.931"/>
  <system-out/>
  <testcase classname="fieldServiceFormsTest.CheckListGUITest" name="GUITestradioButtonOptionYes" time="2.858"/>
  <system-out/>
  <testcase classname="fieldServiceFormsTest.CheckListGUITest" name="GUITestradioButtonOptionYes" time="1.958"/>
  <system-out/>
  <testcase classname="fieldServiceFormsTest.CheckListGUITest" name="GUITestradioButtonOptionYes" time="2.937"/>
  <system-out/>
  <testcase classname="fieldServiceFormsTest.CheckListGUITest" name="GUITestradioButtonOptionYes" time="1.782"/>
  <system-out/>
  <testcase classname="fieldServiceFormsTest.CheckListGUITest" name="GUITestradioButtonOptionYes" time="1.757"/>
  <system-out/>
  <testcase classname="fieldServiceFormsTest.CheckListGUITest" name="GUITestradioButtonOptionYes" time="1.994"/>
  <system-out/>
  <testcase classname="fieldServiceFormsTest.CheckListGUITest" name="GUITestradioButtonOptionYes" time="1.712"/>
  <system-out/>
  <testcase classname="fieldServiceFormsTest.CheckListGUITest" name="GUITestradioButtonOptionYes" time="1.840"/>
  <system-out/>
  <testcase classname="fieldServiceFormsTest.CheckListGUITest" name="GUITestradioButtonOptionYes" time="1.816"/>
  <system-out/>
  <testcase classname="fieldServiceFormsTest.CheckListGUITest" name="GUITestradioButtonOptionYes" time="1.774"/>
  <system-out/>
  <testcase classname="fieldServiceFormsTest.CheckListGUITest" name="GUITestradioButtonOptionYes" time="1.916"/>
  <system-out/>
  <testcase classname="fieldServiceFormsTest.CheckListGUITest" name="GUITestradioButtonOptionYes" time="1.828"/>
  <system-out/>
  <testcase classname="fieldServiceFormsTest.CheckListGUITest" name="GUITestradioButtonOptionYes" time="1.771"/>
  <system-out/>
  <testcase classname="fieldServiceFormsTest.CheckListGUITest" name="GUITestradioButtonOptionYes" time="1.973"/>
  <system-out/>
  <testcase classname="fieldServiceFormsTest.CheckListGUITest" name="GUITestradioButtonOptionYes" time="1.858"/>
  <system-out/>
  <testcase classname="fieldServiceFormsTest.CheckListGUITest" name="GUITestradioButtonOptionYes" time="2.004"/>
  <system-out/>
  <testcase classname="fieldServiceFormsTest.CheckListGUITest" name="GUITestradioButtonOptionYes" time="1.754"/>
  <system-out/>
  <testcase classname="fieldServiceFormsTest.CheckListGUITest" name="GUITestradioButtonOptionYes" time="1.747"/>
  <system-out/>
  <testcase classname="fieldServiceFormsTest.CheckListGUITest" name="GUITestradioButtonOptionYes" time="1.792"/>
  <system-out/>
  <testcase classname="fieldServiceFormsTest.CheckListGUITest" name="GUITestradioButtonOptionYes" time="1.818"/>
  <system-out/>
  <testcase classname="fieldServiceFormsTest.CheckListGUITest" name="GUITestradioButtonOptionYes" time="1.811"/>
  <system-out/>
  <testcase classname="fieldServiceFormsTest.CheckListGUITest" name="GUITestradioButtonOptionYes" time="1.857"/>
  <system-out/>
  <testcase classname="fieldServiceFormsTest.CheckListGUITest" name="GUITestradioButtonOptionYes" time="2.089"/>
  <system-out/>
  <testcase classname="fieldServiceFormsTest.CheckListGUITest" name="GUITestradioButtonOptionYes" time="1.843"/>
  <system-out/>
  <testcase classname="fieldServiceFormsTest.CheckListGUITest" name="GUITestradioButtonOptionYes" time="1.719"/>
  <system-out/>
  <testcase classname="fieldServiceFormsTest.CheckListGUITest" name="GUITestradioButtonOptionYes" time="2.787"/>
  <system-out/>
  <testcase classname="fieldServiceFormsTest.CheckListGUITest" name="GUITestradioButtonOptionYes" time="1.821"/>
  <system-out/>
  <testcase classname="fieldServiceFormsTest.CheckListGUITest" name="GUITestradioButtonOptionYes" time="1.905"/>
  <system-out/>
  <testcase classname="fieldServiceFormsTest.CheckListGUITest" name="GUITestradioButtonOptionYes" time="1.853"/>
  <system-out/>
  <testcase classname="fieldServiceFormsTest.CheckListGUITest" name="GUITestradioButtonOptionYes" time="1.972"/>
  <system-out/>
  <testcase classname="fieldServiceFormsTest.CheckListGUITest" name="GUITestradioButtonOptionYes" time="1.800"/>
  <system-out/>
  <testcase classname="fieldServiceFormsTest.CheckListGUITest" name="GUITestradioButtonOptionYes" time="1.896"/>
  <system-out/>
  <testcase classname="fieldServiceFormsTest.CheckListGUITest" name="GUITestradioButtonOptionYes" time="2.373"/>
  <system-out/>
  <testcase classname="fieldServiceFormsTest.CheckListGUITest" name="GUITestradioButtonOptionYes" time="1.819"/>
  <system-out/>
  <testcase classname="fieldServiceFormsTest.CheckListGUITest" name="GUITestradioButtonOptionYes" time="1.901"/>
  <system-out/>
  <testcase classname="fieldServiceFormsTest.CheckListGUITest" name="GUITestradioButtonOptionYes" time="2.779"/>
  <system-out/>
  <testcase classname="fieldServiceFormsTest.CheckListGUITest" name="GUITestradioButtonOptionYes" time="1.808"/>
  <system-out/>
  <testcase classname="fieldServiceFormsTest.CheckListGUITest" name="GUITestradioButtonOptionYes" time="1.781"/>
  <system-out/>
  <testcase classname="fieldServiceFormsTest.CheckListGUITest" name="GUITestradioButtonOptionYes" time="2.808"/>
  <system-out/>
  <testcase classname="fieldServiceFormsTest.CheckListGUITest" name="GUITestradioButtonOptionYes" time="2.046"/>
  <system-out/>
  <testcase classname="fieldServiceFormsTest.CheckListGUITest" name="GUITestradioButtonOptionYes" time="1.861"/>
  <system-out/>
  <testcase classname="fieldServiceFormsTest.CheckListGUITest" name="GUITestradioButtonOptionYes" time="1.916"/>
  <system-out/>
  <testcase classname="fieldServiceFormsTest.CheckListGUITest" name="GUITestradioButtonOptionYes" time="1.760"/>
  <system-out/>
  <testcase classname="fieldServiceFormsTest.CheckListGUITest" name="GUITestradioButtonOptionYes" time="1.813"/>
  <system-out/>
  <testcase classname="fieldServiceFormsTest.CheckListGUITest" name="GUITestradioButtonOptionYes" time="1.874"/>
  <system-out/>
  <testcase classname="fieldServiceFormsTest.CheckListGUITest" name="GUITestradioButtonOptionYes" time="1.757"/>
  <system-out/>
  <testcase classname="fieldServiceFormsTest.CheckListGUITest" name="GUITestradioButtonOptionYes" time="1.983"/>
  <system-out/>
  <testcase classname="fieldServiceFormsTest.CheckListGUITest" name="GUITestradioButtonOptionYes" time="2.896"/>
  <system-out/>
  <testcase classname="fieldServiceFormsTest.CheckListGUITest" name="GUITestradioButtonOptionYes" time="1.864"/>
  <system-out/>
  <testcase classname="fieldServiceFormsTest.CheckListGUITest" name="GUITestradioButtonOptionYes" time="1.966"/>
  <system-out/>
  <testcase classname="fieldServiceFormsTest.CheckListGUITest" name="GUITestradioButtonOptionYes" time="1.915"/>
  <system-out/>
  <testcase classname="fieldServiceFormsTest.CheckListGUITest" name="GUITestradioButtonOptionYes" time="1.748"/>
  <system-out/>
  <testcase classname="fieldServiceFormsTest.CheckListGUITest" name="GUITestradioButtonOptionYes" time="1.837"/>
  <system-out/>
  <testcase classname="fieldServiceFormsTest.CheckListGUITest" name="GUITestradioButtonOptionYes" time="2.768"/>
  <system-out/>
  <testcase classname="fieldServiceFormsTest.CheckListGUITest" name="GUITestradioButtonOptionYes" time="1.727"/>
  <system-out/>
  <testcase classname="fieldServiceFormsTest.CheckListGUITest" name="GUITestradioButtonOptionYes" time="1.820"/>
  <system-out/>
  <testcase classname="fieldServiceFormsTest.CheckListGUITest" name="GUITestradioButtonOptionYes" time="1.728"/>
  <system-out/>
  <testcase classname="fieldServiceFormsTest.CheckListGUITest" name="GUITestradioButtonOptionYes" time="2.942"/>
  <system-out/>
  <testcase classname="fieldServiceFormsTest.CheckListGUITest" name="GUITestradioButtonOptionYes" time="1.794"/>
  <system-out/>
  <testcase classname="fieldServiceFormsTest.CheckListGUITest" name="GUITestradioButtonOptionYes" time="1.781"/>
  <system-out/>
  <testcase classname="fieldServiceFormsTest.CheckListGUITest" name="GUITestradioButtonOptionYes" time="1.785"/>
  <system-out/>
  <testcase classname="fieldServiceFormsTest.CheckListGUITest" name="GUITestradioButtonOptionYes" time="1.856"/>
  <system-out/>
  <testcase classname="fieldServiceFormsTest.CheckListGUITest" name="GUITestradioButtonOptionYes" time="2.677"/>
  <system-out/>
  <testcase classname="fieldServiceFormsTest.CheckListGUITest" name="GUITestradioButtonOptionYes" time="2.891"/>
  <system-out/>
  <testcase classname="fieldServiceFormsTest.CheckListGUITest" name="GUITestradioButtonOptionYes" time="1.909"/>
  <system-out/>
  <testcase classname="fieldServiceFormsTest.CheckListGUITest" name="GUITestradioButtonOptionYes" time="1.915"/>
  <system-out/>
  <testcase classname="fieldServiceFormsTest.CheckListGUITest" name="GUITestradioButtonOptionYes" time="1.807"/>
  <system-out/>
  <testcase classname="fieldServiceFormsTest.CheckListGUITest" name="GUITestradioButtonOptionYes" time="1.749"/>
  <system-out/>
  <testcase classname="fieldServiceFormsTest.CheckListGUITest" name="GUITestradioButtonOptionYes" time="1.771"/>
  <system-out/>
  <testcase classname="fieldServiceFormsTest.CheckListGUITest" name="GUITestradioButtonOptionYes" time="2.116"/>
  <system-out/>
  <testcase classname="fieldServiceFormsTest.CheckListGUITest" name="GUITestradioButtonOptionYes" time="1.886"/>
  <system-out/>
  <testcase classname="fieldServiceFormsTest.CheckListGUITest" name="GUITestradioButtonOptionYes" time="2.739"/>
  <system-out/>
  <testcase classname="fieldServiceFormsTest.CheckListGUITest" name="GUITestradioButtonOptionYes" time="2.127"/>
  <system-out/>
  <testcase classname="fieldServiceFormsTest.CheckListGUITest" name="GUITestradioButtonOptionYes" time="2.674"/>
  <system-out/>
  <testcase classname="fieldServiceFormsTest.CheckListGUITest" name="GUITestradioButtonOptionYes" time="1.737"/>
  <system-out/>
  <testcase classname="fieldServiceFormsTest.CheckListGUITest" name="GUITestRadiButtonOptionNo" time="1.030"/>
  <system-out/>
  <testcase classname="fieldServiceFormsTest.CheckListGUITest" name="GUITestRadiButtonOptionNo" time="0.833"/>
  <system-out/>
  <testcase classname="fieldServiceFormsTest.CheckListGUITest" name="GUITestRadiButtonOptionNo" time="0.863"/>
  <system-out/>
  <testcase classname="fieldServiceFormsTest.CheckListGUITest" name="GUITestRadiButtonOptionNo" time="0.844"/>
  <system-out/>
  <testcase classname="fieldServiceFormsTest.CheckListGUITest" name="GUITestRadiButtonOptionNo" time="0.859"/>
  <system-out/>
  <testcase classname="fieldServiceFormsTest.CheckListGUITest" name="GUITestRadiButtonOptionNo" time="0.891"/>
  <system-out/>
  <testcase classname="fieldServiceFormsTest.CheckListGUITest" name="GUITestRadiButtonOptionNo" time="0.924"/>
  <system-out/>
  <testcase classname="fieldServiceFormsTest.CheckListGUITest" name="GUITestRadiButtonOptionNo" time="0.831"/>
  <system-out/>
  <testcase classname="fieldServiceFormsTest.CheckListGUITest" name="GUITestRadiButtonOptionNo" time="0.850"/>
  <system-out/>
  <testcase classname="fieldServiceFormsTest.CheckListGUITest" name="GUITestRadiButtonOptionNo" time="0.840"/>
  <system-out/>
  <testcase classname="fieldServiceFormsTest.CheckListGUITest" name="GUITestRadiButtonOptionNo" time="0.980"/>
  <system-out/>
  <testcase classname="fieldServiceFormsTest.CheckListGUITest" name="GUITestRadiButtonOptionNo" time="0.835"/>
  <system-out/>
  <testcase classname="fieldServiceFormsTest.CheckListGUITest" name="GUITestRadiButtonOptionNo" time="0.806"/>
  <system-out/>
  <testcase classname="fieldServiceFormsTest.CheckListGUITest" name="GUITestRadiButtonOptionNo" time="0.864"/>
  <system-out/>
  <testcase classname="fieldServiceFormsTest.CheckListGUITest" name="GUITestRadiButtonOptionNo" time="1.090"/>
  <system-out/>
  <testcase classname="fieldServiceFormsTest.CheckListGUITest" name="GUITestRadiButtonOptionNo" time="0.858"/>
  <system-out/>
  <testcase classname="fieldServiceFormsTest.CheckListGUITest" name="GUITestRadiButtonOptionNo" time="1.021"/>
  <system-out/>
  <testcase classname="fieldServiceFormsTest.CheckListGUITest" name="GUITestRadiButtonOptionNo" time="0.841"/>
  <system-out/>
  <testcase classname="fieldServiceFormsTest.CheckListGUITest" name="GUITestRadiButtonOptionNo" time="0.923"/>
  <system-out/>
  <testcase classname="fieldServiceFormsTest.CheckListGUITest" name="GUITestRadiButtonOptionNo" time="0.848"/>
  <system-out/>
  <testcase classname="fieldServiceFormsTest.CheckListGUITest" name="GUITestRadiButtonOptionNo" time="1.002"/>
  <system-out/>
  <testcase classname="fieldServiceFormsTest.CheckListGUITest" name="GUITestRadiButtonOptionNo" time="0.890"/>
  <system-out/>
  <testcase classname="fieldServiceFormsTest.CheckListGUITest" name="GUITestRadiButtonOptionNo" time="0.872"/>
  <system-out/>
  <testcase classname="fieldServiceFormsTest.CheckListGUITest" name="GUITestRadiButtonOptionNo" time="0.880"/>
  <system-out/>
  <testcase classname="fieldServiceFormsTest.CheckListGUITest" name="GUITestRadiButtonOptionNo" time="0.865"/>
  <system-out/>
  <testcase classname="fieldServiceFormsTest.CheckListGUITest" name="GUITestRadiButtonOptionNo" time="0.855"/>
  <system-out/>
  <testcase classname="fieldServiceFormsTest.CheckListGUITest" name="GUITestRadiButtonOptionNo" time="1.207"/>
  <system-out/>
  <testcase classname="fieldServiceFormsTest.CheckListGUITest" name="GUITestRadiButtonOptionNo" time="1.640"/>
  <system-out/>
  <testcase classname="fieldServiceFormsTest.CheckListGUITest" name="GUITestRadiButtonOptionNo" time="0.824"/>
  <system-out/>
  <testcase classname="fieldServiceFormsTest.CheckListGUITest" name="GUITestRadiButtonOptionNo" time="0.841"/>
  <system-out/>
  <testcase classname="fieldServiceFormsTest.CheckListGUITest" name="GUITestRadiButtonOptionNo" time="0.900"/>
  <system-out/>
  <testcase classname="fieldServiceFormsTest.CheckListGUITest" name="GUITestRadiButtonOptionNo" time="0.894"/>
  <system-out/>
  <testcase classname="fieldServiceFormsTest.CheckListGUITest" name="GUITestRadiButtonOptionNo" time="1.064"/>
  <system-out/>
  <testcase classname="fieldServiceFormsTest.CheckListGUITest" name="GUITestRadiButtonOptionNo" time="0.800"/>
  <system-out/>
  <testcase classname="fieldServiceFormsTest.CheckListGUITest" name="GUITestRadiButtonOptionNo" time="0.823"/>
  <system-out/>
  <testcase classname="fieldServiceFormsTest.CheckListGUITest" name="GUITestRadiButtonOptionNo" time="0.921"/>
  <system-out/>
  <testcase classname="fieldServiceFormsTest.CheckListGUITest" name="GUITestRadiButtonOptionNo" time="0.970"/>
  <system-out/>
  <testcase classname="fieldServiceFormsTest.CheckListGUITest" name="GUITestRadiButtonOptionNo" time="1.028"/>
  <system-out/>
  <testcase classname="fieldServiceFormsTest.CheckListGUITest" name="GUITestRadiButtonOptionNo" time="0.862"/>
  <system-out/>
  <testcase classname="fieldServiceFormsTest.CheckListGUITest" name="GUITestRadiButtonOptionNo" time="1.873"/>
  <system-out/>
  <testcase classname="fieldServiceFormsTest.CheckListGUITest" name="GUITestRadiButtonOptionNo" time="0.900"/>
  <system-out/>
  <testcase classname="fieldServiceFormsTest.CheckListGUITest" name="GUITestRadiButtonOptionNo" time="0.846"/>
  <system-out/>
  <testcase classname="fieldServiceFormsTest.CheckListGUITest" name="GUITestRadiButtonOptionNo" time="0.891"/>
  <system-out/>
  <testcase classname="fieldServiceFormsTest.CheckListGUITest" name="GUITestRadiButtonOptionNo" time="0.832"/>
  <system-out/>
  <testcase classname="fieldServiceFormsTest.CheckListGUITest" name="GUITestRadiButtonOptionNo" time="1.018"/>
  <system-out/>
  <testcase classname="fieldServiceFormsTest.CheckListGUITest" name="GUITestRadiButtonOptionNo" time="0.837"/>
  <system-out/>
  <testcase classname="fieldServiceFormsTest.CheckListGUITest" name="GUITestRadiButtonOptionNo" time="0.844"/>
  <system-out/>
  <testcase classname="fieldServiceFormsTest.CheckListGUITest" name="GUITestRadiButtonOptionNo" time="0.836"/>
  <system-out/>
  <testcase classname="fieldServiceFormsTest.CheckListGUITest" name="GUITestRadiButtonOptionNo" time="0.804"/>
  <system-out/>
  <testcase classname="fieldServiceFormsTest.CheckListGUITest" name="GUITestRadiButtonOptionNo" time="0.875"/>
  <system-out/>
  <testcase classname="fieldServiceFormsTest.CheckListGUITest" name="GUITestRadiButtonOptionNo" time="0.815"/>
  <system-out/>
  <testcase classname="fieldServiceFormsTest.CheckListGUITest" name="GUITestRadiButtonOptionNo" time="0.818"/>
  <system-out/>
  <testcase classname="fieldServiceFormsTest.CheckListGUITest" name="GUITestRadiButtonOptionNo" time="0.877"/>
  <system-out/>
  <testcase classname="fieldServiceFormsTest.CheckListGUITest" name="GUITestRadiButtonOptionNo" time="1.017"/>
  <system-out/>
  <testcase classname="fieldServiceFormsTest.CheckListGUITest" name="GUITestRadiButtonOptionNo" time="0.919"/>
  <system-out/>
  <testcase classname="fieldServiceFormsTest.CheckListGUITest" name="GUITestRadiButtonOptionNo" time="1.781"/>
  <system-out/>
  <testcase classname="fieldServiceFormsTest.CheckListGUITest" name="GUITestRadiButtonOptionNo" time="0.898"/>
  <system-out/>
  <testcase classname="fieldServiceFormsTest.CheckListGUITest" name="GUITestRadiButtonOptionNo" time="0.812"/>
  <system-out/>
  <testcase classname="fieldServiceFormsTest.CheckListGUITest" name="GUITestRadiButtonOptionNo" time="0.835"/>
  <system-out/>
  <testcase classname="fieldServiceFormsTest.CheckListGUITest" name="GUITestRadiButtonOptionNo" time="1.015"/>
  <system-out/>
  <testcase classname="fieldServiceFormsTest.CheckListGUITest" name="GUITestRadiButtonOptionNo" time="0.814"/>
  <system-out/>
  <testcase classname="fieldServiceFormsTest.CheckListGUITest" name="GUITestRadiButtonOptionNo" time="0.844"/>
  <system-out/>
  <testcase classname="fieldServiceFormsTest.CheckListGUITest" name="GUITestRadiButtonOptionNo" time="0.881"/>
  <system-out/>
  <testcase classname="fieldServiceFormsTest.CheckListGUITest" name="GUITestRadiButtonOptionNo" time="0.852"/>
  <system-out/>
  <testcase classname="fieldServiceFormsTest.CheckListGUITest" name="GUITestRadiButtonOptionNo" time="0.801"/>
  <system-out/>
  <testcase classname="fieldServiceFormsTest.CheckListGUITest" name="GUITestRadiButtonOptionNo" time="0.931"/>
  <system-out/>
  <testcase classname="fieldServiceFormsTest.CheckListGUITest" name="GUITestRadiButtonOptionNo" time="1.090"/>
  <system-out/>
  <testcase classname="fieldServiceFormsTest.CheckListGUITest" name="GUITestRadiButtonOptionNo" time="0.880"/>
  <system-out/>
  <testcase classname="fieldServiceFormsTest.CheckListGUITest" name="GUITestRadiButtonOptionNo" time="1.141"/>
  <system-out/>
  <testcase classname="fieldServiceFormsTest.CheckListGUITest" name="GUITestRadiButtonOptionNo" time="0.826"/>
  <system-out/>
  <testcase classname="fieldServiceFormsTest.CheckListGUITest" name="GUITestRadiButtonOptionNo" time="0.888"/>
  <system-out/>
  <testcase classname="fieldServiceFormsTest.CheckListGUITest" name="GUITestRadiButtonOptionNo" time="0.819"/>
  <system-out/>
  <testcase classname="fieldServiceFormsTest.CheckListGUITest" name="GUITestRadiButtonOptionNo" time="1.091"/>
  <system-out/>
  <testcase classname="fieldServiceFormsTest.CheckListGUITest" name="GUITestRadiButtonOptionNo" time="0.842"/>
  <system-out/>
  <testcase classname="fieldServiceFormsTest.CheckListGUITest" name="GUITestRadiButtonOptionNo" time="0.866"/>
  <system-out/>
  <testcase classname="fieldServiceFormsTest.CheckListGUITest" name="GUITestRadiButtonOptionNo" time="0.846"/>
  <system-out/>
  <testcase classname="fieldServiceFormsTest.CheckListGUITest" name="GUITestRadiButtonOptionNo" time="0.823"/>
  <system-out/>
  <testcase classname="fieldServiceFormsTest.CheckListGUITest" name="GUITestRadiButtonOptionNo" time="0.992"/>
  <system-out/>
  <testcase classname="fieldServiceFormsTest.CheckListGUITest" name="GUITestRadiButtonOptionNo" time="0.858"/>
  <system-out/>
  <testcase classname="fieldServiceFormsTest.CheckListGUITest" name="GUITestRadiButtonOptionNo" time="0.861"/>
  <system-out/>
  <testcase classname="fieldServiceFormsTest.CheckListGUITest" name="GUITestRadiButtonOptionNo" time="1.615"/>
  <system-out/>
  <testcase classname="fieldServiceFormsTest.CheckListGUITest" name="GUITestRadiButtonOptionNo" time="0.868"/>
  <system-out/>
  <testcase classname="fieldServiceFormsTest.CheckListGUITest" name="GUITestRadiButtonOptionNo" time="0.859"/>
  <system-out/>
  <testcase classname="fieldServiceFormsTest.CheckListGUITest" name="GUITestRadiButtonOptionNo" time="0.840"/>
  <system-out/>
  <testcase classname="fieldServiceFormsTest.CheckListGUITest" name="GUITestRadiButtonOptionNo" time="0.915"/>
  <system-out/>
  <testcase classname="fieldServiceFormsTest.CheckListGUITest" name="GUITestRadiButtonOptionNo" time="0.860"/>
  <system-out/>
  <testcase classname="fieldServiceFormsTest.CheckListGUITest" name="GUITestRadiButtonOptionNo" time="0.839"/>
  <system-out/>
  <testcase classname="fieldServiceFormsTest.CheckListGUITest" name="GUITestRadiButtonOptionNo" time="0.853"/>
  <system-out/>
  <testcase classname="fieldServiceFormsTest.CheckListGUITest" name="GUITestRadiButtonOptionNo" time="0.875"/>
  <system-out/>
  <testcase classname="fieldServiceFormsTest.CheckListGUITest" name="GUITestRadiButtonOptionNo" time="1.763"/>
  <system-out/>
  <testcase classname="fieldServiceFormsTest.CheckListGUITest" name="GUITestRadiButtonOptionNo" time="1.071"/>
  <system-out/>
  <testcase classname="fieldServiceFormsTest.CheckListGUITest" name="GUITestRadiButtonOptionNo" time="0.833"/>
  <system-out/>
  <testcase classname="fieldServiceFormsTest.CheckListGUITest" name="GUITestRadiButtonOptionNo" time="0.847"/>
  <system-out/>
  <testcase classname="fieldServiceFormsTest.CheckListGUITest" name="GUITestRadiButtonOptionNo" time="0.954"/>
  <system-out/>
  <testcase classname="fieldServiceFormsTest.CheckListGUITest" name="GUITestRadiButtonOptionNo" time="0.865"/>
  <system-out/>
  <testcase classname="fieldServiceFormsTest.CheckListGUITest" name="GUITestRadiButtonOptionNo" time="0.874"/>
  <system-out/>
  <testcase classname="fieldServiceFormsTest.CheckListGUITest" name="GUITestRadiButtonOptionNo" time="0.865"/>
  <system-out/>
  <testcase classname="fieldServiceFormsTest.CheckListGUITest" name="GUITestRadiButtonOptionNo" time="0.832"/>
  <system-out/>
  <testcase classname="fieldServiceFormsTest.CheckListGUITest" name="GUITestRadiButtonOptionNo" time="0.850"/>
  <system-out/>
  <testcase classname="fieldServiceFormsTest.CheckListGUITest" name="GUITestRadiButtonOptionNo" time="0.982"/>
  <system-out/>
</testsuite> <!-- fieldServiceFormsTest.CheckListGUITest -->
