<?xml version="1.0" encoding="UTF-8"?>
<!-- Generated by org.testng.reporters.JUnitReportReporter -->
<testsuite hostname="DESKTOP-AMSBLU7" failures="0" tests="25" name="installandrepair.InstallationFormTest" time="421.944" errors="0" timestamp="2022-07-08T12:59:39 IST" skipped="0">
  <testcase classname="installandrepair.InstallationFormTest" name="InstallationFormTest" time="16.802"/>
  <system-out/>
  <testcase classname="installandrepair.InstallationFormTest" name="InstallationFormTest" time="16.067"/>
  <system-out/>
  <testcase classname="installandrepair.InstallationFormTest" name="InstallationFormTest" time="16.195"/>
  <system-out/>
  <testcase classname="installandrepair.InstallationFormTest" name="InstallationFormTest" time="16.884"/>
  <system-out/>
  <testcase classname="installandrepair.InstallationFormTest" name="InstallationFormTest" time="17.031"/>
  <system-out/>
  <testcase classname="installandrepair.InstallationFormTest" name="InstallationFormTest" time="17.070"/>
  <system-out/>
  <testcase classname="installandrepair.InstallationFormTest" name="InstallationFormTest" time="16.000"/>
  <system-out/>
  <testcase classname="installandrepair.InstallationFormTest" name="InstallationFormTest" time="16.702"/>
  <system-out/>
  <testcase classname="installandrepair.InstallationFormTest" name="InstallationFormTest" time="17.653"/>
  <system-out/>
  <testcase classname="installandrepair.InstallationFormTest" name="InstallationFormTest" time="17.345"/>
  <system-out/>
  <testcase classname="installandrepair.InstallationFormTest" name="InstallationFormTest" time="17.142"/>
  <system-out/>
  <testcase classname="installandrepair.InstallationFormTest" name="InstallationFormTest" time="17.464"/>
  <system-out/>
  <testcase classname="installandrepair.InstallationFormTest" name="InstallationFormTest" time="17.450"/>
  <system-out/>
  <testcase classname="installandrepair.InstallationFormTest" name="InstallationFormTest" time="16.021"/>
  <system-out/>
  <testcase classname="installandrepair.InstallationFormTest" name="InstallationFormTest" time="16.076"/>
  <system-out/>
  <testcase classname="installandrepair.InstallationFormTest" name="InstallationFormTest" time="16.457"/>
  <system-out/>
  <testcase classname="installandrepair.InstallationFormTest" name="InstallationFormTest" time="16.870"/>
  <system-out/>
  <testcase classname="installandrepair.InstallationFormTest" name="InstallationFormTest" time="17.057"/>
  <system-out/>
  <testcase classname="installandrepair.InstallationFormTest" name="InstallationFormTest" time="17.532"/>
  <system-out/>
  <testcase classname="installandrepair.InstallationFormTest" name="InstallationFormTest" time="17.133"/>
  <system-out/>
  <testcase classname="installandrepair.InstallationFormTest" name="InstallationFormTest" time="16.131"/>
  <system-out/>
  <testcase classname="installandrepair.InstallationFormTest" name="InstallationFormTest" time="17.301"/>
  <system-out/>
  <testcase classname="installandrepair.InstallationFormTest" name="InstallationFormTest" time="17.434"/>
  <system-out/>
  <testcase classname="installandrepair.InstallationFormTest" name="InstallationFormTest" time="16.742"/>
  <system-out/>
  <testcase classname="installandrepair.InstallationFormTest" name="InstallationFormTest" time="17.385"/>
  <system-out/>
</testsuite> <!-- installandrepair.InstallationFormTest -->
