<?xml version="1.0" encoding="UTF-8"?>
<!-- Generated by org.testng.reporters.JUnitReportReporter -->
<testsuite hostname="DESKTOP-AMSBLU7" failures="0" tests="4" name="installandrepair.GUI_CheckList_Test" time="11.699" errors="0" timestamp="2022-07-18T14:43:31 IST" skipped="0">
  <testcase classname="installandrepair.GUI_CheckList_Test" name="GUI_testradiobutton_optionYes" time="3.132"/>
  <system-out/>
  <testcase classname="installandrepair.GUI_CheckList_Test" name="GUI_testradiobutton_optionYes" time="5.839"/>
  <system-out/>
  <testcase classname="installandrepair.GUI_CheckList_Test" name="GUI_testradiobutton_optionNo" time="1.413"/>
  <system-out/>
  <testcase classname="installandrepair.GUI_CheckList_Test" name="GUI_testradiobutton_optionNo" time="1.315"/>
  <system-out/>
</testsuite> <!-- installandrepair.GUI_CheckList_Test -->
