<?xml version="1.0" encoding="UTF-8"?>
<!-- Generated by org.testng.reporters.JUnitReportReporter -->
<testsuite hostname="DESKTOP-AMSBLU7" failures="0" tests="2" name="fieldServiceFormsTest.InstallationGUITest" time="13.998" errors="0" timestamp="2022-07-25T15:40:33 IST" skipped="0">
  <testcase classname="fieldServiceFormsTest.InstallationGUITest" name="gui_Test_InstallationPage" time="7.532"/>
  <system-out/>
  <testcase classname="fieldServiceFormsTest.InstallationGUITest" name="gui_Test_InstallationPage" time="6.466"/>
  <system-out/>
</testsuite> <!-- fieldServiceFormsTest.InstallationGUITest -->
