<?xml version="1.0" encoding="UTF-8"?>
<!-- Generated by org.testng.reporters.JUnitReportReporter -->
<testsuite hostname="DESKTOP-M729FOC" failures="0" tests="5001" name="fieldServiceFormsTest.PositiveRepairExceptionGUITest" time="26514.393" errors="57" timestamp="2023-01-20T04:49:32 IST" skipped="0">
  <testcase classname="fieldServiceFormsTest.PositiveRepairExceptionGUITest" name="gUITestDropDownRepairException" time="5.115"/>
  <system-out/>
  <testcase classname="fieldServiceFormsTest.PositiveRepairExceptionGUITest" name="gUITestDropDownRepairException" time="4.419"/>
  <system-out/>
  <testcase classname="fieldServiceFormsTest.PositiveRepairExceptionGUITest" name="gUITestDropDownRepairException" time="4.929"/>
  <system-out/>
  <testcase classname="fieldServiceFormsTest.PositiveRepairExceptionGUITest" name="gUITestDropDownRepairException" time="5.820"/>
  <system-out/>
  <testcase classname="fieldServiceFormsTest.PositiveRepairExceptionGUITest" name="gUITestDropDownRepairException" time="4.280"/>
  <system-out/>
  <testcase classname="fieldServiceFormsTest.PositiveRepairExceptionGUITest" name="gUITestDropDownRepairException" time="4.654"/>
  <system-out/>
  <testcase classname="fieldServiceFormsTest.PositiveRepairExceptionGUITest" name="gUITestDropDownRepairException" time="5.029"/>
  <system-out/>
  <testcase classname="fieldServiceFormsTest.PositiveRepairExceptionGUITest" name="gUITestDropDownRepairException" time="5.055"/>
  <system-out/>
  <testcase classname="fieldServiceFormsTest.PositiveRepairExceptionGUITest" name="gUITestDropDownRepairException" time="4.289"/>
  <system-out/>
  <testcase classname="fieldServiceFormsTest.PositiveRepairExceptionGUITest" name="gUITestDropDownRepairException" time="4.402"/>
  <system-out/>
  <testcase classname="fieldServiceFormsTest.PositiveRepairExceptionGUITest" name="gUITestDropDownRepairException" time="4.930"/>
  <system-out/>
  <testcase classname="fieldServiceFormsTest.PositiveRepairExceptionGUITest" name="gUITestDropDownRepairException" time="4.247"/>
  <system-out/>
  <testcase classname="fieldServiceFormsTest.PositiveRepairExceptionGUITest" name="gUITestDropDownRepairException" time="5.449"/>
  <system-out/>
  <testcase classname="fieldServiceFormsTest.PositiveRepairExceptionGUITest" name="gUITestDropDownRepairException" time="4.214"/>
  <system-out/>
  <testcase classname="fieldServiceFormsTest.PositiveRepairExceptionGUITest" name="gUITestDropDownRepairException" time="4.734"/>
  <system-out/>
  <testcase classname="fieldServiceFormsTest.PositiveRepairExceptionGUITest" name="gUITestDropDownRepairException" time="4.547"/>
  <system-out/>
  <testcase classname="fieldServiceFormsTest.PositiveRepairExceptionGUITest" name="gUITestDropDownRepairException" time="4.759"/>
  <system-out/>
  <testcase classname="fieldServiceFormsTest.PositiveRepairExceptionGUITest" name="gUITestDropDownRepairException" time="4.483"/>
  <system-out/>
  <testcase classname="fieldServiceFormsTest.PositiveRepairExceptionGUITest" name="gUITestDropDownRepairException" time="4.408"/>
  <system-out/>
  <testcase classname="fieldServiceFormsTest.PositiveRepairExceptionGUITest" name="gUITestDropDownRepairException" time="4.239"/>
  <system-out/>
  <testcase classname="fieldServiceFormsTest.PositiveRepairExceptionGUITest" name="gUITestDropDownRepairException" time="4.520"/>
  <system-out/>
  <testcase classname="fieldServiceFormsTest.PositiveRepairExceptionGUITest" name="gUITestDropDownRepairException" time="4.443"/>
  <system-out/>
  <testcase classname="fieldServiceFormsTest.PositiveRepairExceptionGUITest" name="gUITestDropDownRepairException" time="4.219"/>
  <system-out/>
  <testcase classname="fieldServiceFormsTest.PositiveRepairExceptionGUITest" name="gUITestDropDownRepairException" time="4.893"/>
  <system-out/>
  <testcase classname="fieldServiceFormsTest.PositiveRepairExceptionGUITest" name="gUITestDropDownRepairException" time="4.578"/>
  <system-out/>
  <testcase classname="fieldServiceFormsTest.PositiveRepairExceptionGUITest" name="gUITestDropDownRepairException" time="4.975"/>
  <system-out/>
  <testcase classname="fieldServiceFormsTest.PositiveRepairExceptionGUITest" name="gUITestDropDownRepairException" time="4.225"/>
  <system-out/>
  <testcase classname="fieldServiceFormsTest.PositiveRepairExceptionGUITest" name="gUITestDropDownRepairException" time="4.432"/>
  <system-out/>
  <testcase classname="fieldServiceFormsTest.PositiveRepairExceptionGUITest" name="gUITestDropDownRepairException" time="4.343"/>
  <system-out/>
  <testcase classname="fieldServiceFormsTest.PositiveRepairExceptionGUITest" name="gUITestDropDownRepairException" time="4.881"/>
  <system-out/>
  <testcase classname="fieldServiceFormsTest.PositiveRepairExceptionGUITest" name="gUITestDropDownRepairException" time="4.962"/>
  <system-out/>
  <testcase classname="fieldServiceFormsTest.PositiveRepairExceptionGUITest" name="gUITestDropDownRepairException" time="5.669"/>
  <system-out/>
  <testcase classname="fieldServiceFormsTest.PositiveRepairExceptionGUITest" name="gUITestDropDownRepairException" time="4.759"/>
  <system-out/>
  <testcase classname="fieldServiceFormsTest.PositiveRepairExceptionGUITest" name="gUITestDropDownRepairException" time="4.361"/>
  <system-out/>
  <testcase classname="fieldServiceFormsTest.PositiveRepairExceptionGUITest" name="gUITestDropDownRepairException" time="4.207"/>
  <system-out/>
  <testcase classname="fieldServiceFormsTest.PositiveRepairExceptionGUITest" name="gUITestDropDownRepairException" time="4.388"/>
  <system-out/>
  <testcase classname="fieldServiceFormsTest.PositiveRepairExceptionGUITest" name="gUITestDropDownRepairException" time="6.051"/>
  <system-out/>
  <testcase classname="fieldServiceFormsTest.PositiveRepairExceptionGUITest" name="gUITestDropDownRepairException" time="4.491"/>
  <system-out/>
  <testcase classname="fieldServiceFormsTest.PositiveRepairExceptionGUITest" name="gUITestDropDownRepairException" time="5.115"/>
  <system-out/>
  <testcase classname="fieldServiceFormsTest.PositiveRepairExceptionGUITest" name="gUITestDropDownRepairException" time="4.302"/>
  <system-out/>
  <testcase classname="fieldServiceFormsTest.PositiveRepairExceptionGUITest" name="gUITestDropDownRepairException" time="4.519"/>
  <system-out/>
  <testcase classname="fieldServiceFormsTest.PositiveRepairExceptionGUITest" name="gUITestDropDownRepairException" time="4.345"/>
  <system-out/>
  <testcase classname="fieldServiceFormsTest.PositiveRepairExceptionGUITest" name="gUITestDropDownRepairException" time="4.200"/>
  <system-out/>
  <testcase classname="fieldServiceFormsTest.PositiveRepairExceptionGUITest" name="gUITestDropDownRepairException" time="4.871"/>
  <system-out/>
  <testcase classname="fieldServiceFormsTest.PositiveRepairExceptionGUITest" name="gUITestDropDownRepairException" time="5.664"/>
  <system-out/>
  <testcase classname="fieldServiceFormsTest.PositiveRepairExceptionGUITest" name="gUITestDropDownRepairException" time="4.535"/>
  <system-out/>
  <testcase classname="fieldServiceFormsTest.PositiveRepairExceptionGUITest" name="gUITestDropDownRepairException" time="5.090"/>
  <system-out/>
  <testcase classname="fieldServiceFormsTest.PositiveRepairExceptionGUITest" name="gUITestDropDownRepairException" time="4.396"/>
  <system-out/>
  <testcase classname="fieldServiceFormsTest.PositiveRepairExceptionGUITest" name="gUITestDropDownRepairException" time="5.117"/>
  <system-out/>
  <testcase classname="fieldServiceFormsTest.PositiveRepairExceptionGUITest" name="gUITestDropDownRepairException" time="4.875"/>
  <system-out/>
  <testcase classname="fieldServiceFormsTest.PositiveRepairExceptionGUITest" name="gUITestDropDownRepairException" time="4.331"/>
  <system-out/>
  <testcase classname="fieldServiceFormsTest.PositiveRepairExceptionGUITest" name="gUITestDropDownRepairException" time="4.459"/>
  <system-out/>
  <testcase classname="fieldServiceFormsTest.PositiveRepairExceptionGUITest" name="gUITestDropDownRepairException" time="5.224"/>
  <system-out/>
  <testcase classname="fieldServiceFormsTest.PositiveRepairExceptionGUITest" name="gUITestDropDownRepairException" time="5.081"/>
  <system-out/>
  <testcase classname="fieldServiceFormsTest.PositiveRepairExceptionGUITest" name="gUITestDropDownRepairException" time="4.206"/>
  <system-out/>
  <testcase classname="fieldServiceFormsTest.PositiveRepairExceptionGUITest" name="gUITestDropDownRepairException" time="4.737"/>
  <system-out/>
  <testcase classname="fieldServiceFormsTest.PositiveRepairExceptionGUITest" name="gUITestDropDownRepairException" time="4.393"/>
  <system-out/>
  <testcase classname="fieldServiceFormsTest.PositiveRepairExceptionGUITest" name="gUITestDropDownRepairException" time="4.627"/>
  <system-out/>
  <testcase classname="fieldServiceFormsTest.PositiveRepairExceptionGUITest" name="gUITestDropDownRepairException" time="4.982"/>
  <system-out/>
  <testcase classname="fieldServiceFormsTest.PositiveRepairExceptionGUITest" name="gUITestDropDownRepairException" time="4.313"/>
  <system-out/>
  <testcase classname="fieldServiceFormsTest.PositiveRepairExceptionGUITest" name="gUITestDropDownRepairException" time="5.127"/>
  <system-out/>
  <testcase classname="fieldServiceFormsTest.PositiveRepairExceptionGUITest" name="gUITestDropDownRepairException" time="5.283"/>
  <system-out/>
  <testcase classname="fieldServiceFormsTest.PositiveRepairExceptionGUITest" name="gUITestDropDownRepairException" time="4.360"/>
  <system-out/>
  <testcase classname="fieldServiceFormsTest.PositiveRepairExceptionGUITest" name="gUITestDropDownRepairException" time="4.524"/>
  <system-out/>
  <testcase classname="fieldServiceFormsTest.PositiveRepairExceptionGUITest" name="gUITestDropDownRepairException" time="5.710"/>
  <system-out/>
  <testcase classname="fieldServiceFormsTest.PositiveRepairExceptionGUITest" name="gUITestDropDownRepairException" time="4.317"/>
  <system-out/>
  <testcase classname="fieldServiceFormsTest.PositiveRepairExceptionGUITest" name="gUITestDropDownRepairException" time="4.410"/>
  <system-out/>
  <testcase classname="fieldServiceFormsTest.PositiveRepairExceptionGUITest" name="gUITestDropDownRepairException" time="4.863"/>
  <system-out/>
  <testcase classname="fieldServiceFormsTest.PositiveRepairExceptionGUITest" name="gUITestDropDownRepairException" time="4.996"/>
  <system-out/>
  <testcase classname="fieldServiceFormsTest.PositiveRepairExceptionGUITest" name="gUITestDropDownRepairException" time="4.490"/>
  <system-out/>
  <testcase classname="fieldServiceFormsTest.PositiveRepairExceptionGUITest" name="gUITestDropDownRepairException" time="4.431"/>
  <system-out/>
  <testcase classname="fieldServiceFormsTest.PositiveRepairExceptionGUITest" name="gUITestDropDownRepairException" time="4.947"/>
  <system-out/>
  <testcase classname="fieldServiceFormsTest.PositiveRepairExceptionGUITest" name="gUITestDropDownRepairException" time="5.003"/>
  <system-out/>
  <testcase classname="fieldServiceFormsTest.PositiveRepairExceptionGUITest" name="gUITestDropDownRepairException" time="4.947"/>
  <system-out/>
  <testcase classname="fieldServiceFormsTest.PositiveRepairExceptionGUITest" name="gUITestDropDownRepairException" time="5.159"/>
  <system-out/>
  <testcase classname="fieldServiceFormsTest.PositiveRepairExceptionGUITest" name="gUITestDropDownRepairException" time="5.014"/>
  <system-out/>
  <testcase classname="fieldServiceFormsTest.PositiveRepairExceptionGUITest" name="gUITestDropDownRepairException" time="4.375"/>
  <system-out/>
  <testcase classname="fieldServiceFormsTest.PositiveRepairExceptionGUITest" name="gUITestDropDownRepairException" time="4.254"/>
  <system-out/>
  <testcase classname="fieldServiceFormsTest.PositiveRepairExceptionGUITest" name="gUITestDropDownRepairException" time="4.381"/>
  <system-out/>
  <testcase classname="fieldServiceFormsTest.PositiveRepairExceptionGUITest" name="gUITestDropDownRepairException" time="4.189"/>
  <system-out/>
  <testcase classname="fieldServiceFormsTest.PositiveRepairExceptionGUITest" name="gUITestDropDownRepairException" time="6.094"/>
  <system-out/>
  <testcase classname="fieldServiceFormsTest.PositiveRepairExceptionGUITest" name="gUITestDropDownRepairException" time="4.206"/>
  <system-out/>
  <testcase classname="fieldServiceFormsTest.PositiveRepairExceptionGUITest" name="gUITestDropDownRepairException" time="5.329"/>
  <system-out/>
  <testcase classname="fieldServiceFormsTest.PositiveRepairExceptionGUITest" name="gUITestDropDownRepairException" time="5.019"/>
  <system-out/>
  <testcase classname="fieldServiceFormsTest.PositiveRepairExceptionGUITest" name="gUITestDropDownRepairException" time="4.884"/>
  <system-out/>
  <testcase classname="fieldServiceFormsTest.PositiveRepairExceptionGUITest" name="gUITestDropDownRepairException" time="5.279"/>
  <system-out/>
  <testcase classname="fieldServiceFormsTest.PositiveRepairExceptionGUITest" name="gUITestDropDownRepairException" time="4.498"/>
  <system-out/>
  <testcase classname="fieldServiceFormsTest.PositiveRepairExceptionGUITest" name="gUITestDropDownRepairException" time="4.454"/>
  <system-out/>
  <testcase classname="fieldServiceFormsTest.PositiveRepairExceptionGUITest" name="gUITestDropDownRepairException" time="4.853"/>
  <system-out/>
  <testcase classname="fieldServiceFormsTest.PositiveRepairExceptionGUITest" name="gUITestDropDownRepairException" time="5.229"/>
  <system-out/>
  <testcase classname="fieldServiceFormsTest.PositiveRepairExceptionGUITest" name="gUITestDropDownRepairException" time="5.692"/>
  <system-out/>
  <testcase classname="fieldServiceFormsTest.PositiveRepairExceptionGUITest" name="gUITestDropDownRepairException" time="5.103"/>
  <system-out/>
  <testcase classname="fieldServiceFormsTest.PositiveRepairExceptionGUITest" name="gUITestDropDownRepairException" time="4.185"/>
  <system-out/>
  <testcase classname="fieldServiceFormsTest.PositiveRepairExceptionGUITest" name="gUITestDropDownRepairException" time="5.943"/>
  <system-out/>
  <testcase classname="fieldServiceFormsTest.PositiveRepairExceptionGUITest" name="gUITestDropDownRepairException" time="4.443"/>
  <system-out/>
  <testcase classname="fieldServiceFormsTest.PositiveRepairExceptionGUITest" name="gUITestDropDownRepairException" time="4.387"/>
  <system-out/>
  <testcase classname="fieldServiceFormsTest.PositiveRepairExceptionGUITest" name="gUITestDropDownRepairException" time="4.391"/>
  <system-out/>
  <testcase classname="fieldServiceFormsTest.PositiveRepairExceptionGUITest" name="gUITestDropDownRepairException" time="4.998"/>
  <system-out/>
  <testcase classname="fieldServiceFormsTest.PositiveRepairExceptionGUITest" name="gUITestDropDownRepairException" time="4.925"/>
  <system-out/>
  <testcase classname="fieldServiceFormsTest.PositiveRepairExceptionGUITest" name="gUITestDropDownRepairException" time="4.336"/>
  <system-out/>
  <testcase classname="fieldServiceFormsTest.PositiveRepairExceptionGUITest" name="gUITestDropDownRepairException" time="4.372"/>
  <system-out/>
  <testcase classname="fieldServiceFormsTest.PositiveRepairExceptionGUITest" name="gUITestDropDownRepairException" time="4.270"/>
  <system-out/>
  <testcase classname="fieldServiceFormsTest.PositiveRepairExceptionGUITest" name="gUITestDropDownRepairException" time="4.419"/>
  <system-out/>
  <testcase classname="fieldServiceFormsTest.PositiveRepairExceptionGUITest" name="gUITestDropDownRepairException" time="4.712"/>
  <system-out/>
  <testcase classname="fieldServiceFormsTest.PositiveRepairExceptionGUITest" name="gUITestDropDownRepairException" time="4.373"/>
  <system-out/>
  <testcase classname="fieldServiceFormsTest.PositiveRepairExceptionGUITest" name="gUITestDropDownRepairException" time="4.452"/>
  <system-out/>
  <testcase classname="fieldServiceFormsTest.PositiveRepairExceptionGUITest" name="gUITestDropDownRepairException" time="4.804"/>
  <system-out/>
  <testcase classname="fieldServiceFormsTest.PositiveRepairExceptionGUITest" name="gUITestDropDownRepairException" time="4.681"/>
  <system-out/>
  <testcase classname="fieldServiceFormsTest.PositiveRepairExceptionGUITest" name="gUITestDropDownRepairException" time="4.192"/>
  <system-out/>
  <testcase classname="fieldServiceFormsTest.PositiveRepairExceptionGUITest" name="gUITestDropDownRepairException" time="4.482"/>
  <system-out/>
  <testcase classname="fieldServiceFormsTest.PositiveRepairExceptionGUITest" name="gUITestDropDownRepairException" time="5.094"/>
  <system-out/>
  <testcase classname="fieldServiceFormsTest.PositiveRepairExceptionGUITest" name="gUITestDropDownRepairException" time="4.955"/>
  <system-out/>
  <testcase classname="fieldServiceFormsTest.PositiveRepairExceptionGUITest" name="gUITestDropDownRepairException" time="4.227"/>
  <system-out/>
  <testcase classname="fieldServiceFormsTest.PositiveRepairExceptionGUITest" name="gUITestDropDownRepairException" time="4.829"/>
  <system-out/>
  <testcase classname="fieldServiceFormsTest.PositiveRepairExceptionGUITest" name="gUITestDropDownRepairException" time="5.581"/>
  <system-out/>
  <testcase classname="fieldServiceFormsTest.PositiveRepairExceptionGUITest" name="gUITestDropDownRepairException" time="5.078"/>
  <system-out/>
  <testcase classname="fieldServiceFormsTest.PositiveRepairExceptionGUITest" name="gUITestDropDownRepairException" time="4.277"/>
  <system-out/>
  <testcase classname="fieldServiceFormsTest.PositiveRepairExceptionGUITest" name="gUITestDropDownRepairException" time="4.367"/>
  <system-out/>
  <testcase classname="fieldServiceFormsTest.PositiveRepairExceptionGUITest" name="gUITestDropDownRepairException" time="4.785"/>
  <system-out/>
  <testcase classname="fieldServiceFormsTest.PositiveRepairExceptionGUITest" name="gUITestDropDownRepairException" time="4.852"/>
  <system-out/>
  <testcase classname="fieldServiceFormsTest.PositiveRepairExceptionGUITest" name="gUITestDropDownRepairException" time="5.064"/>
  <system-out/>
  <testcase classname="fieldServiceFormsTest.PositiveRepairExceptionGUITest" name="gUITestDropDownRepairException" time="4.574"/>
  <system-out/>
  <testcase classname="fieldServiceFormsTest.PositiveRepairExceptionGUITest" name="gUITestDropDownRepairException" time="4.427"/>
  <system-out/>
  <testcase classname="fieldServiceFormsTest.PositiveRepairExceptionGUITest" name="gUITestDropDownRepairException" time="4.408"/>
  <system-out/>
  <testcase classname="fieldServiceFormsTest.PositiveRepairExceptionGUITest" name="gUITestDropDownRepairException" time="4.370"/>
  <system-out/>
  <testcase classname="fieldServiceFormsTest.PositiveRepairExceptionGUITest" name="gUITestDropDownRepairException" time="4.513"/>
  <system-out/>
  <testcase classname="fieldServiceFormsTest.PositiveRepairExceptionGUITest" name="gUITestDropDownRepairException" time="4.311"/>
  <system-out/>
  <testcase classname="fieldServiceFormsTest.PositiveRepairExceptionGUITest" name="gUITestDropDownRepairException" time="5.001"/>
  <system-out/>
  <testcase classname="fieldServiceFormsTest.PositiveRepairExceptionGUITest" name="gUITestDropDownRepairException" time="4.455"/>
  <system-out/>
  <testcase classname="fieldServiceFormsTest.PositiveRepairExceptionGUITest" name="gUITestDropDownRepairException" time="5.106"/>
  <system-out/>
  <testcase classname="fieldServiceFormsTest.PositiveRepairExceptionGUITest" name="gUITestDropDownRepairException" time="5.172"/>
  <system-out/>
  <testcase classname="fieldServiceFormsTest.PositiveRepairExceptionGUITest" name="gUITestDropDownRepairException" time="4.938"/>
  <system-out/>
  <testcase classname="fieldServiceFormsTest.PositiveRepairExceptionGUITest" name="gUITestDropDownRepairException" time="4.544"/>
  <system-out/>
  <testcase classname="fieldServiceFormsTest.PositiveRepairExceptionGUITest" name="gUITestDropDownRepairException" time="53.130">
    <error message="no such element: Unable to locate element: {&quot;method&quot;:&quot;css selector&quot;,&quot;selector&quot;:&quot;#repairException&quot;}
  (Session info: chrome=109.0.5414.75)
For documentation on this error, please visit: https://selenium.dev/exceptions/#no_such_element
Build info: version: &#039;4.3.0&#039;, revision: &#039;a4995e2c09*&#039;
System info: host: &#039;DESKTOP-M729FOC&#039;, ip: &#039;192.168.29.91&#039;, os.name: &#039;Windows 10&#039;, os.arch: &#039;amd64&#039;, os.version: &#039;10.0&#039;, java.version: &#039;11.0.13&#039;
Driver info: org.openqa.selenium.chrome.ChromeDriver
Command: [597a0c430c70878c24edba044d404178, findElement {using=id, value=repairException}]
Capabilities {acceptInsecureCerts: false, browserName: chrome, browserVersion: 109.0.5414.75, chrome: {chromedriverVersion: 109.0.5414.74 (e7c5703604da..., userDataDir: C:\Users\DELL\AppData\Local...}, goog:chromeOptions: {debuggerAddress: localhost:52569}, networkConnectionEnabled: false, pageLoadStrategy: normal, platformName: WINDOWS, proxy: Proxy(), se:cdp: ws://localhost:52569/devtoo..., se:cdpVersion: 109.0.5414.75, setWindowRect: true, strictFileInteractability: false, timeouts: {implicit: 0, pageLoad: 300000, script: 30000}, unhandledPromptBehavior: dismiss and notify, webauthn:extension:credBlob: true, webauthn:extension:largeBlob: true, webauthn:virtualAuthenticators: true}
Session ID: 597a0c430c70878c24edba044d404178" type="org.openqa.selenium.NoSuchElementException">
      <![CDATA[org.openqa.selenium.NoSuchElementException: no such element: Unable to locate element: {"method":"css selector","selector":"#repairException"}
  (Session info: chrome=109.0.5414.75)
For documentation on this error, please visit: https://selenium.dev/exceptions/#no_such_element
Build info: version: '4.3.0', revision: 'a4995e2c09*'
System info: host: 'DESKTOP-M729FOC', ip: '192.168.29.91', os.name: 'Windows 10', os.arch: 'amd64', os.version: '10.0', java.version: '11.0.13'
Driver info: org.openqa.selenium.chrome.ChromeDriver
Command: [597a0c430c70878c24edba044d404178, findElement {using=id, value=repairException}]
Capabilities {acceptInsecureCerts: false, browserName: chrome, browserVersion: 109.0.5414.75, chrome: {chromedriverVersion: 109.0.5414.74 (e7c5703604da..., userDataDir: C:\Users\DELL\AppData\Local...}, goog:chromeOptions: {debuggerAddress: localhost:52569}, networkConnectionEnabled: false, pageLoadStrategy: normal, platformName: WINDOWS, proxy: Proxy(), se:cdp: ws://localhost:52569/devtoo..., se:cdpVersion: 109.0.5414.75, setWindowRect: true, strictFileInteractability: false, timeouts: {implicit: 0, pageLoad: 300000, script: 30000}, unhandledPromptBehavior: dismiss and notify, webauthn:extension:credBlob: true, webauthn:extension:largeBlob: true, webauthn:virtualAuthenticators: true}
Session ID: 597a0c430c70878c24edba044d404178
at jdk.internal.reflect.GeneratedConstructorAccessor15.newInstance(Unknown Source)
at java.base/jdk.internal.reflect.DelegatingConstructorAccessorImpl.newInstance(DelegatingConstructorAccessorImpl.java:45)
at java.base/java.lang.reflect.Constructor.newInstance(Constructor.java:490)
at org.openqa.selenium.remote.codec.w3c.W3CHttpResponseCodec.createException(W3CHttpResponseCodec.java:200)
at org.openqa.selenium.remote.codec.w3c.W3CHttpResponseCodec.decode(W3CHttpResponseCodec.java:133)
at org.openqa.selenium.remote.codec.w3c.W3CHttpResponseCodec.decode(W3CHttpResponseCodec.java:53)
at org.openqa.selenium.remote.HttpCommandExecutor.execute(HttpCommandExecutor.java:184)
at org.openqa.selenium.remote.service.DriverCommandExecutor.invokeExecute(DriverCommandExecutor.java:167)
at org.openqa.selenium.remote.service.DriverCommandExecutor.execute(DriverCommandExecutor.java:142)
at org.openqa.selenium.remote.RemoteWebDriver.execute(RemoteWebDriver.java:569)
at org.openqa.selenium.remote.ElementLocation$ElementFinder$2.findElement(ElementLocation.java:162)
at org.openqa.selenium.remote.ElementLocation.findElement(ElementLocation.java:60)
at org.openqa.selenium.remote.RemoteWebDriver.findElement(RemoteWebDriver.java:387)
at org.openqa.selenium.remote.RemoteWebDriver.findElement(RemoteWebDriver.java:379)
at pageobjects.RepairLocatorsGUI.repairException(RepairLocatorsGUI.java:81)
at fieldServiceFormsTest.PositiveRepairExceptionGUITest.gUITestDropDownRepairException(PositiveRepairExceptionGUITest.java:95)
at jdk.internal.reflect.GeneratedMethodAccessor4.invoke(Unknown Source)
at java.base/jdk.internal.reflect.DelegatingMethodAccessorImpl.invoke(DelegatingMethodAccessorImpl.java:43)
at java.base/java.lang.reflect.Method.invoke(Method.java:566)
at org.testng.internal.MethodInvocationHelper.invokeMethod(MethodInvocationHelper.java:133)
at org.testng.internal.TestInvoker.invokeMethod(TestInvoker.java:598)
at org.testng.internal.TestInvoker.invokeTestMethod(TestInvoker.java:173)
at org.testng.internal.MethodRunner.runInSequence(MethodRunner.java:46)
at org.testng.internal.TestInvoker$MethodInvocationAgent.invoke(TestInvoker.java:824)
at org.testng.internal.TestInvoker.invokeTestMethods(TestInvoker.java:146)
at org.testng.internal.TestMethodWorker.invokeTestMethods(TestMethodWorker.java:146)
at org.testng.internal.TestMethodWorker.run(TestMethodWorker.java:128)
at java.base/java.util.ArrayList.forEach(ArrayList.java:1541)
at org.testng.TestRunner.privateRun(TestRunner.java:794)
at org.testng.TestRunner.run(TestRunner.java:596)
at org.testng.SuiteRunner.runTest(SuiteRunner.java:377)
at org.testng.SuiteRunner.runSequentially(SuiteRunner.java:371)
at org.testng.SuiteRunner.privateRun(SuiteRunner.java:332)
at org.testng.SuiteRunner.run(SuiteRunner.java:276)
at org.testng.SuiteRunnerWorker.runSuite(SuiteRunnerWorker.java:53)
at org.testng.SuiteRunnerWorker.run(SuiteRunnerWorker.java:96)
at org.testng.TestNG.runSuitesSequentially(TestNG.java:1212)
at org.testng.TestNG.runSuitesLocally(TestNG.java:1134)
at org.testng.TestNG.runSuites(TestNG.java:1063)
at org.testng.TestNG.run(TestNG.java:1031)
at org.testng.remote.AbstractRemoteTestNG.run(AbstractRemoteTestNG.java:115)
at org.testng.remote.RemoteTestNG.initAndRun(RemoteTestNG.java:251)
at org.testng.remote.RemoteTestNG.main(RemoteTestNG.java:77)
]]>
    </error>
  </testcase> <!-- gUITestDropDownRepairException -->
  <system-out/>
  <testcase classname="fieldServiceFormsTest.PositiveRepairExceptionGUITest" name="gUITestDropDownRepairException" time="4.819"/>
  <system-out/>
  <testcase classname="fieldServiceFormsTest.PositiveRepairExceptionGUITest" name="gUITestDropDownRepairException" time="5.110"/>
  <system-out/>
  <testcase classname="fieldServiceFormsTest.PositiveRepairExceptionGUITest" name="gUITestDropDownRepairException" time="4.603"/>
  <system-out/>
  <testcase classname="fieldServiceFormsTest.PositiveRepairExceptionGUITest" name="gUITestDropDownRepairException" time="4.333"/>
  <system-out/>
  <testcase classname="fieldServiceFormsTest.PositiveRepairExceptionGUITest" name="gUITestDropDownRepairException" time="4.796"/>
  <system-out/>
  <testcase classname="fieldServiceFormsTest.PositiveRepairExceptionGUITest" name="gUITestDropDownRepairException" time="53.232">
    <error message="no such element: Unable to locate element: {&quot;method&quot;:&quot;css selector&quot;,&quot;selector&quot;:&quot;#repairException&quot;}
  (Session info: chrome=109.0.5414.75)
For documentation on this error, please visit: https://selenium.dev/exceptions/#no_such_element
Build info: version: &#039;4.3.0&#039;, revision: &#039;a4995e2c09*&#039;
System info: host: &#039;DESKTOP-M729FOC&#039;, ip: &#039;192.168.29.91&#039;, os.name: &#039;Windows 10&#039;, os.arch: &#039;amd64&#039;, os.version: &#039;10.0&#039;, java.version: &#039;11.0.13&#039;
Driver info: org.openqa.selenium.chrome.ChromeDriver
Command: [597a0c430c70878c24edba044d404178, findElement {using=id, value=repairException}]
Capabilities {acceptInsecureCerts: false, browserName: chrome, browserVersion: 109.0.5414.75, chrome: {chromedriverVersion: 109.0.5414.74 (e7c5703604da..., userDataDir: C:\Users\DELL\AppData\Local...}, goog:chromeOptions: {debuggerAddress: localhost:52569}, networkConnectionEnabled: false, pageLoadStrategy: normal, platformName: WINDOWS, proxy: Proxy(), se:cdp: ws://localhost:52569/devtoo..., se:cdpVersion: 109.0.5414.75, setWindowRect: true, strictFileInteractability: false, timeouts: {implicit: 0, pageLoad: 300000, script: 30000}, unhandledPromptBehavior: dismiss and notify, webauthn:extension:credBlob: true, webauthn:extension:largeBlob: true, webauthn:virtualAuthenticators: true}
Session ID: 597a0c430c70878c24edba044d404178" type="org.openqa.selenium.NoSuchElementException">
      <![CDATA[org.openqa.selenium.NoSuchElementException: no such element: Unable to locate element: {"method":"css selector","selector":"#repairException"}
  (Session info: chrome=109.0.5414.75)
For documentation on this error, please visit: https://selenium.dev/exceptions/#no_such_element
Build info: version: '4.3.0', revision: 'a4995e2c09*'
System info: host: 'DESKTOP-M729FOC', ip: '192.168.29.91', os.name: 'Windows 10', os.arch: 'amd64', os.version: '10.0', java.version: '11.0.13'
Driver info: org.openqa.selenium.chrome.ChromeDriver
Command: [597a0c430c70878c24edba044d404178, findElement {using=id, value=repairException}]
Capabilities {acceptInsecureCerts: false, browserName: chrome, browserVersion: 109.0.5414.75, chrome: {chromedriverVersion: 109.0.5414.74 (e7c5703604da..., userDataDir: C:\Users\DELL\AppData\Local...}, goog:chromeOptions: {debuggerAddress: localhost:52569}, networkConnectionEnabled: false, pageLoadStrategy: normal, platformName: WINDOWS, proxy: Proxy(), se:cdp: ws://localhost:52569/devtoo..., se:cdpVersion: 109.0.5414.75, setWindowRect: true, strictFileInteractability: false, timeouts: {implicit: 0, pageLoad: 300000, script: 30000}, unhandledPromptBehavior: dismiss and notify, webauthn:extension:credBlob: true, webauthn:extension:largeBlob: true, webauthn:virtualAuthenticators: true}
Session ID: 597a0c430c70878c24edba044d404178
at jdk.internal.reflect.GeneratedConstructorAccessor15.newInstance(Unknown Source)
at java.base/jdk.internal.reflect.DelegatingConstructorAccessorImpl.newInstance(DelegatingConstructorAccessorImpl.java:45)
at java.base/java.lang.reflect.Constructor.newInstance(Constructor.java:490)
at org.openqa.selenium.remote.codec.w3c.W3CHttpResponseCodec.createException(W3CHttpResponseCodec.java:200)
at org.openqa.selenium.remote.codec.w3c.W3CHttpResponseCodec.decode(W3CHttpResponseCodec.java:133)
at org.openqa.selenium.remote.codec.w3c.W3CHttpResponseCodec.decode(W3CHttpResponseCodec.java:53)
at org.openqa.selenium.remote.HttpCommandExecutor.execute(HttpCommandExecutor.java:184)
at org.openqa.selenium.remote.service.DriverCommandExecutor.invokeExecute(DriverCommandExecutor.java:167)
at org.openqa.selenium.remote.service.DriverCommandExecutor.execute(DriverCommandExecutor.java:142)
at org.openqa.selenium.remote.RemoteWebDriver.execute(RemoteWebDriver.java:569)
at org.openqa.selenium.remote.ElementLocation$ElementFinder$2.findElement(ElementLocation.java:162)
at org.openqa.selenium.remote.ElementLocation.findElement(ElementLocation.java:60)
at org.openqa.selenium.remote.RemoteWebDriver.findElement(RemoteWebDriver.java:387)
at org.openqa.selenium.remote.RemoteWebDriver.findElement(RemoteWebDriver.java:379)
at pageobjects.RepairLocatorsGUI.repairException(RepairLocatorsGUI.java:81)
at fieldServiceFormsTest.PositiveRepairExceptionGUITest.gUITestDropDownRepairException(PositiveRepairExceptionGUITest.java:95)
at jdk.internal.reflect.GeneratedMethodAccessor4.invoke(Unknown Source)
at java.base/jdk.internal.reflect.DelegatingMethodAccessorImpl.invoke(DelegatingMethodAccessorImpl.java:43)
at java.base/java.lang.reflect.Method.invoke(Method.java:566)
at org.testng.internal.MethodInvocationHelper.invokeMethod(MethodInvocationHelper.java:133)
at org.testng.internal.TestInvoker.invokeMethod(TestInvoker.java:598)
at org.testng.internal.TestInvoker.invokeTestMethod(TestInvoker.java:173)
at org.testng.internal.MethodRunner.runInSequence(MethodRunner.java:46)
at org.testng.internal.TestInvoker$MethodInvocationAgent.invoke(TestInvoker.java:824)
at org.testng.internal.TestInvoker.invokeTestMethods(TestInvoker.java:146)
at org.testng.internal.TestMethodWorker.invokeTestMethods(TestMethodWorker.java:146)
at org.testng.internal.TestMethodWorker.run(TestMethodWorker.java:128)
at java.base/java.util.ArrayList.forEach(ArrayList.java:1541)
at org.testng.TestRunner.privateRun(TestRunner.java:794)
at org.testng.TestRunner.run(TestRunner.java:596)
at org.testng.SuiteRunner.runTest(SuiteRunner.java:377)
at org.testng.SuiteRunner.runSequentially(SuiteRunner.java:371)
at org.testng.SuiteRunner.privateRun(SuiteRunner.java:332)
at org.testng.SuiteRunner.run(SuiteRunner.java:276)
at org.testng.SuiteRunnerWorker.runSuite(SuiteRunnerWorker.java:53)
at org.testng.SuiteRunnerWorker.run(SuiteRunnerWorker.java:96)
at org.testng.TestNG.runSuitesSequentially(TestNG.java:1212)
at org.testng.TestNG.runSuitesLocally(TestNG.java:1134)
at org.testng.TestNG.runSuites(TestNG.java:1063)
at org.testng.TestNG.run(TestNG.java:1031)
at org.testng.remote.AbstractRemoteTestNG.run(AbstractRemoteTestNG.java:115)
at org.testng.remote.RemoteTestNG.initAndRun(RemoteTestNG.java:251)
at org.testng.remote.RemoteTestNG.main(RemoteTestNG.java:77)
]]>
    </error>
  </testcase> <!-- gUITestDropDownRepairException -->
  <system-out/>
  <testcase classname="fieldServiceFormsTest.PositiveRepairExceptionGUITest" name="gUITestDropDownRepairException" time="4.827"/>
  <system-out/>
  <testcase classname="fieldServiceFormsTest.PositiveRepairExceptionGUITest" name="gUITestDropDownRepairException" time="5.094"/>
  <system-out/>
  <testcase classname="fieldServiceFormsTest.PositiveRepairExceptionGUITest" name="gUITestDropDownRepairException" time="4.932"/>
  <system-out/>
  <testcase classname="fieldServiceFormsTest.PositiveRepairExceptionGUITest" name="gUITestDropDownRepairException" time="4.274"/>
  <system-out/>
  <testcase classname="fieldServiceFormsTest.PositiveRepairExceptionGUITest" name="gUITestDropDownRepairException" time="4.309"/>
  <system-out/>
  <testcase classname="fieldServiceFormsTest.PositiveRepairExceptionGUITest" name="gUITestDropDownRepairException" time="5.144"/>
  <system-out/>
  <testcase classname="fieldServiceFormsTest.PositiveRepairExceptionGUITest" name="gUITestDropDownRepairException" time="53.201">
    <error message="no such element: Unable to locate element: {&quot;method&quot;:&quot;css selector&quot;,&quot;selector&quot;:&quot;#repairException&quot;}
  (Session info: chrome=109.0.5414.75)
For documentation on this error, please visit: https://selenium.dev/exceptions/#no_such_element
Build info: version: &#039;4.3.0&#039;, revision: &#039;a4995e2c09*&#039;
System info: host: &#039;DESKTOP-M729FOC&#039;, ip: &#039;192.168.29.91&#039;, os.name: &#039;Windows 10&#039;, os.arch: &#039;amd64&#039;, os.version: &#039;10.0&#039;, java.version: &#039;11.0.13&#039;
Driver info: org.openqa.selenium.chrome.ChromeDriver
Command: [597a0c430c70878c24edba044d404178, findElement {using=id, value=repairException}]
Capabilities {acceptInsecureCerts: false, browserName: chrome, browserVersion: 109.0.5414.75, chrome: {chromedriverVersion: 109.0.5414.74 (e7c5703604da..., userDataDir: C:\Users\DELL\AppData\Local...}, goog:chromeOptions: {debuggerAddress: localhost:52569}, networkConnectionEnabled: false, pageLoadStrategy: normal, platformName: WINDOWS, proxy: Proxy(), se:cdp: ws://localhost:52569/devtoo..., se:cdpVersion: 109.0.5414.75, setWindowRect: true, strictFileInteractability: false, timeouts: {implicit: 0, pageLoad: 300000, script: 30000}, unhandledPromptBehavior: dismiss and notify, webauthn:extension:credBlob: true, webauthn:extension:largeBlob: true, webauthn:virtualAuthenticators: true}
Session ID: 597a0c430c70878c24edba044d404178" type="org.openqa.selenium.NoSuchElementException">
      <![CDATA[org.openqa.selenium.NoSuchElementException: no such element: Unable to locate element: {"method":"css selector","selector":"#repairException"}
  (Session info: chrome=109.0.5414.75)
For documentation on this error, please visit: https://selenium.dev/exceptions/#no_such_element
Build info: version: '4.3.0', revision: 'a4995e2c09*'
System info: host: 'DESKTOP-M729FOC', ip: '192.168.29.91', os.name: 'Windows 10', os.arch: 'amd64', os.version: '10.0', java.version: '11.0.13'
Driver info: org.openqa.selenium.chrome.ChromeDriver
Command: [597a0c430c70878c24edba044d404178, findElement {using=id, value=repairException}]
Capabilities {acceptInsecureCerts: false, browserName: chrome, browserVersion: 109.0.5414.75, chrome: {chromedriverVersion: 109.0.5414.74 (e7c5703604da..., userDataDir: C:\Users\DELL\AppData\Local...}, goog:chromeOptions: {debuggerAddress: localhost:52569}, networkConnectionEnabled: false, pageLoadStrategy: normal, platformName: WINDOWS, proxy: Proxy(), se:cdp: ws://localhost:52569/devtoo..., se:cdpVersion: 109.0.5414.75, setWindowRect: true, strictFileInteractability: false, timeouts: {implicit: 0, pageLoad: 300000, script: 30000}, unhandledPromptBehavior: dismiss and notify, webauthn:extension:credBlob: true, webauthn:extension:largeBlob: true, webauthn:virtualAuthenticators: true}
Session ID: 597a0c430c70878c24edba044d404178
at java.base/jdk.internal.reflect.NativeConstructorAccessorImpl.newInstance0(Native Method)
at java.base/jdk.internal.reflect.NativeConstructorAccessorImpl.newInstance(NativeConstructorAccessorImpl.java:62)
at java.base/jdk.internal.reflect.DelegatingConstructorAccessorImpl.newInstance(DelegatingConstructorAccessorImpl.java:45)
at java.base/java.lang.reflect.Constructor.newInstance(Constructor.java:490)
at org.openqa.selenium.remote.codec.w3c.W3CHttpResponseCodec.createException(W3CHttpResponseCodec.java:200)
at org.openqa.selenium.remote.codec.w3c.W3CHttpResponseCodec.decode(W3CHttpResponseCodec.java:133)
at org.openqa.selenium.remote.codec.w3c.W3CHttpResponseCodec.decode(W3CHttpResponseCodec.java:53)
at org.openqa.selenium.remote.HttpCommandExecutor.execute(HttpCommandExecutor.java:184)
at org.openqa.selenium.remote.service.DriverCommandExecutor.invokeExecute(DriverCommandExecutor.java:167)
at org.openqa.selenium.remote.service.DriverCommandExecutor.execute(DriverCommandExecutor.java:142)
at org.openqa.selenium.remote.RemoteWebDriver.execute(RemoteWebDriver.java:569)
at org.openqa.selenium.remote.ElementLocation$ElementFinder$2.findElement(ElementLocation.java:162)
at org.openqa.selenium.remote.ElementLocation.findElement(ElementLocation.java:60)
at org.openqa.selenium.remote.RemoteWebDriver.findElement(RemoteWebDriver.java:387)
at org.openqa.selenium.remote.RemoteWebDriver.findElement(RemoteWebDriver.java:379)
at pageobjects.RepairLocatorsGUI.repairException(RepairLocatorsGUI.java:81)
at fieldServiceFormsTest.PositiveRepairExceptionGUITest.gUITestDropDownRepairException(PositiveRepairExceptionGUITest.java:95)
at jdk.internal.reflect.GeneratedMethodAccessor4.invoke(Unknown Source)
at java.base/jdk.internal.reflect.DelegatingMethodAccessorImpl.invoke(DelegatingMethodAccessorImpl.java:43)
at java.base/java.lang.reflect.Method.invoke(Method.java:566)
at org.testng.internal.MethodInvocationHelper.invokeMethod(MethodInvocationHelper.java:133)
at org.testng.internal.TestInvoker.invokeMethod(TestInvoker.java:598)
at org.testng.internal.TestInvoker.invokeTestMethod(TestInvoker.java:173)
at org.testng.internal.MethodRunner.runInSequence(MethodRunner.java:46)
at org.testng.internal.TestInvoker$MethodInvocationAgent.invoke(TestInvoker.java:824)
at org.testng.internal.TestInvoker.invokeTestMethods(TestInvoker.java:146)
at org.testng.internal.TestMethodWorker.invokeTestMethods(TestMethodWorker.java:146)
at org.testng.internal.TestMethodWorker.run(TestMethodWorker.java:128)
at java.base/java.util.ArrayList.forEach(ArrayList.java:1541)
at org.testng.TestRunner.privateRun(TestRunner.java:794)
at org.testng.TestRunner.run(TestRunner.java:596)
at org.testng.SuiteRunner.runTest(SuiteRunner.java:377)
at org.testng.SuiteRunner.runSequentially(SuiteRunner.java:371)
at org.testng.SuiteRunner.privateRun(SuiteRunner.java:332)
at org.testng.SuiteRunner.run(SuiteRunner.java:276)
at org.testng.SuiteRunnerWorker.runSuite(SuiteRunnerWorker.java:53)
at org.testng.SuiteRunnerWorker.run(SuiteRunnerWorker.java:96)
at org.testng.TestNG.runSuitesSequentially(TestNG.java:1212)
at org.testng.TestNG.runSuitesLocally(TestNG.java:1134)
at org.testng.TestNG.runSuites(TestNG.java:1063)
at org.testng.TestNG.run(TestNG.java:1031)
at org.testng.remote.AbstractRemoteTestNG.run(AbstractRemoteTestNG.java:115)
at org.testng.remote.RemoteTestNG.initAndRun(RemoteTestNG.java:251)
at org.testng.remote.RemoteTestNG.main(RemoteTestNG.java:77)
]]>
    </error>
  </testcase> <!-- gUITestDropDownRepairException -->
  <system-out/>
  <testcase classname="fieldServiceFormsTest.PositiveRepairExceptionGUITest" name="gUITestDropDownRepairException" time="5.403"/>
  <system-out/>
  <testcase classname="fieldServiceFormsTest.PositiveRepairExceptionGUITest" name="gUITestDropDownRepairException" time="4.988"/>
  <system-out/>
  <testcase classname="fieldServiceFormsTest.PositiveRepairExceptionGUITest" name="gUITestDropDownRepairException" time="4.418"/>
  <system-out/>
  <testcase classname="fieldServiceFormsTest.PositiveRepairExceptionGUITest" name="gUITestDropDownRepairException" time="4.231"/>
  <system-out/>
  <testcase classname="fieldServiceFormsTest.PositiveRepairExceptionGUITest" name="gUITestDropDownRepairException" time="4.456"/>
  <system-out/>
  <testcase classname="fieldServiceFormsTest.PositiveRepairExceptionGUITest" name="gUITestDropDownRepairException" time="4.379"/>
  <system-out/>
  <testcase classname="fieldServiceFormsTest.PositiveRepairExceptionGUITest" name="gUITestDropDownRepairException" time="4.849"/>
  <system-out/>
  <testcase classname="fieldServiceFormsTest.PositiveRepairExceptionGUITest" name="gUITestDropDownRepairException" time="4.674"/>
  <system-out/>
  <testcase classname="fieldServiceFormsTest.PositiveRepairExceptionGUITest" name="gUITestDropDownRepairException" time="5.026"/>
  <system-out/>
  <testcase classname="fieldServiceFormsTest.PositiveRepairExceptionGUITest" name="gUITestDropDownRepairException" time="4.468"/>
  <system-out/>
  <testcase classname="fieldServiceFormsTest.PositiveRepairExceptionGUITest" name="gUITestDropDownRepairException" time="4.940"/>
  <system-out/>
  <testcase classname="fieldServiceFormsTest.PositiveRepairExceptionGUITest" name="gUITestDropDownRepairException" time="5.124"/>
  <system-out/>
  <testcase classname="fieldServiceFormsTest.PositiveRepairExceptionGUITest" name="gUITestDropDownRepairException" time="5.061"/>
  <system-out/>
  <testcase classname="fieldServiceFormsTest.PositiveRepairExceptionGUITest" name="gUITestDropDownRepairException" time="53.199">
    <error message="no such element: Unable to locate element: {&quot;method&quot;:&quot;css selector&quot;,&quot;selector&quot;:&quot;#repairException&quot;}
  (Session info: chrome=109.0.5414.75)
For documentation on this error, please visit: https://selenium.dev/exceptions/#no_such_element
Build info: version: &#039;4.3.0&#039;, revision: &#039;a4995e2c09*&#039;
System info: host: &#039;DESKTOP-M729FOC&#039;, ip: &#039;192.168.29.91&#039;, os.name: &#039;Windows 10&#039;, os.arch: &#039;amd64&#039;, os.version: &#039;10.0&#039;, java.version: &#039;11.0.13&#039;
Driver info: org.openqa.selenium.chrome.ChromeDriver
Command: [597a0c430c70878c24edba044d404178, findElement {using=id, value=repairException}]
Capabilities {acceptInsecureCerts: false, browserName: chrome, browserVersion: 109.0.5414.75, chrome: {chromedriverVersion: 109.0.5414.74 (e7c5703604da..., userDataDir: C:\Users\DELL\AppData\Local...}, goog:chromeOptions: {debuggerAddress: localhost:52569}, networkConnectionEnabled: false, pageLoadStrategy: normal, platformName: WINDOWS, proxy: Proxy(), se:cdp: ws://localhost:52569/devtoo..., se:cdpVersion: 109.0.5414.75, setWindowRect: true, strictFileInteractability: false, timeouts: {implicit: 0, pageLoad: 300000, script: 30000}, unhandledPromptBehavior: dismiss and notify, webauthn:extension:credBlob: true, webauthn:extension:largeBlob: true, webauthn:virtualAuthenticators: true}
Session ID: 597a0c430c70878c24edba044d404178" type="org.openqa.selenium.NoSuchElementException">
      <![CDATA[org.openqa.selenium.NoSuchElementException: no such element: Unable to locate element: {"method":"css selector","selector":"#repairException"}
  (Session info: chrome=109.0.5414.75)
For documentation on this error, please visit: https://selenium.dev/exceptions/#no_such_element
Build info: version: '4.3.0', revision: 'a4995e2c09*'
System info: host: 'DESKTOP-M729FOC', ip: '192.168.29.91', os.name: 'Windows 10', os.arch: 'amd64', os.version: '10.0', java.version: '11.0.13'
Driver info: org.openqa.selenium.chrome.ChromeDriver
Command: [597a0c430c70878c24edba044d404178, findElement {using=id, value=repairException}]
Capabilities {acceptInsecureCerts: false, browserName: chrome, browserVersion: 109.0.5414.75, chrome: {chromedriverVersion: 109.0.5414.74 (e7c5703604da..., userDataDir: C:\Users\DELL\AppData\Local...}, goog:chromeOptions: {debuggerAddress: localhost:52569}, networkConnectionEnabled: false, pageLoadStrategy: normal, platformName: WINDOWS, proxy: Proxy(), se:cdp: ws://localhost:52569/devtoo..., se:cdpVersion: 109.0.5414.75, setWindowRect: true, strictFileInteractability: false, timeouts: {implicit: 0, pageLoad: 300000, script: 30000}, unhandledPromptBehavior: dismiss and notify, webauthn:extension:credBlob: true, webauthn:extension:largeBlob: true, webauthn:virtualAuthenticators: true}
Session ID: 597a0c430c70878c24edba044d404178
at java.base/jdk.internal.reflect.NativeConstructorAccessorImpl.newInstance0(Native Method)
at java.base/jdk.internal.reflect.NativeConstructorAccessorImpl.newInstance(NativeConstructorAccessorImpl.java:62)
at java.base/jdk.internal.reflect.DelegatingConstructorAccessorImpl.newInstance(DelegatingConstructorAccessorImpl.java:45)
at java.base/java.lang.reflect.Constructor.newInstance(Constructor.java:490)
at org.openqa.selenium.remote.codec.w3c.W3CHttpResponseCodec.createException(W3CHttpResponseCodec.java:200)
at org.openqa.selenium.remote.codec.w3c.W3CHttpResponseCodec.decode(W3CHttpResponseCodec.java:133)
at org.openqa.selenium.remote.codec.w3c.W3CHttpResponseCodec.decode(W3CHttpResponseCodec.java:53)
at org.openqa.selenium.remote.HttpCommandExecutor.execute(HttpCommandExecutor.java:184)
at org.openqa.selenium.remote.service.DriverCommandExecutor.invokeExecute(DriverCommandExecutor.java:167)
at org.openqa.selenium.remote.service.DriverCommandExecutor.execute(DriverCommandExecutor.java:142)
at org.openqa.selenium.remote.RemoteWebDriver.execute(RemoteWebDriver.java:569)
at org.openqa.selenium.remote.ElementLocation$ElementFinder$2.findElement(ElementLocation.java:162)
at org.openqa.selenium.remote.ElementLocation.findElement(ElementLocation.java:60)
at org.openqa.selenium.remote.RemoteWebDriver.findElement(RemoteWebDriver.java:387)
at org.openqa.selenium.remote.RemoteWebDriver.findElement(RemoteWebDriver.java:379)
at pageobjects.RepairLocatorsGUI.repairException(RepairLocatorsGUI.java:81)
at fieldServiceFormsTest.PositiveRepairExceptionGUITest.gUITestDropDownRepairException(PositiveRepairExceptionGUITest.java:95)
at jdk.internal.reflect.GeneratedMethodAccessor4.invoke(Unknown Source)
at java.base/jdk.internal.reflect.DelegatingMethodAccessorImpl.invoke(DelegatingMethodAccessorImpl.java:43)
at java.base/java.lang.reflect.Method.invoke(Method.java:566)
at org.testng.internal.MethodInvocationHelper.invokeMethod(MethodInvocationHelper.java:133)
at org.testng.internal.TestInvoker.invokeMethod(TestInvoker.java:598)
at org.testng.internal.TestInvoker.invokeTestMethod(TestInvoker.java:173)
at org.testng.internal.MethodRunner.runInSequence(MethodRunner.java:46)
at org.testng.internal.TestInvoker$MethodInvocationAgent.invoke(TestInvoker.java:824)
at org.testng.internal.TestInvoker.invokeTestMethods(TestInvoker.java:146)
at org.testng.internal.TestMethodWorker.invokeTestMethods(TestMethodWorker.java:146)
at org.testng.internal.TestMethodWorker.run(TestMethodWorker.java:128)
at java.base/java.util.ArrayList.forEach(ArrayList.java:1541)
at org.testng.TestRunner.privateRun(TestRunner.java:794)
at org.testng.TestRunner.run(TestRunner.java:596)
at org.testng.SuiteRunner.runTest(SuiteRunner.java:377)
at org.testng.SuiteRunner.runSequentially(SuiteRunner.java:371)
at org.testng.SuiteRunner.privateRun(SuiteRunner.java:332)
at org.testng.SuiteRunner.run(SuiteRunner.java:276)
at org.testng.SuiteRunnerWorker.runSuite(SuiteRunnerWorker.java:53)
at org.testng.SuiteRunnerWorker.run(SuiteRunnerWorker.java:96)
at org.testng.TestNG.runSuitesSequentially(TestNG.java:1212)
at org.testng.TestNG.runSuitesLocally(TestNG.java:1134)
at org.testng.TestNG.runSuites(TestNG.java:1063)
at org.testng.TestNG.run(TestNG.java:1031)
at org.testng.remote.AbstractRemoteTestNG.run(AbstractRemoteTestNG.java:115)
at org.testng.remote.RemoteTestNG.initAndRun(RemoteTestNG.java:251)
at org.testng.remote.RemoteTestNG.main(RemoteTestNG.java:77)
]]>
    </error>
  </testcase> <!-- gUITestDropDownRepairException -->
  <system-out/>
  <testcase classname="fieldServiceFormsTest.PositiveRepairExceptionGUITest" name="gUITestDropDownRepairException" time="4.660"/>
  <system-out/>
  <testcase classname="fieldServiceFormsTest.PositiveRepairExceptionGUITest" name="gUITestDropDownRepairException" time="4.429"/>
  <system-out/>
  <testcase classname="fieldServiceFormsTest.PositiveRepairExceptionGUITest" name="gUITestDropDownRepairException" time="4.821"/>
  <system-out/>
  <testcase classname="fieldServiceFormsTest.PositiveRepairExceptionGUITest" name="gUITestDropDownRepairException" time="4.414"/>
  <system-out/>
  <testcase classname="fieldServiceFormsTest.PositiveRepairExceptionGUITest" name="gUITestDropDownRepairException" time="4.379"/>
  <system-out/>
  <testcase classname="fieldServiceFormsTest.PositiveRepairExceptionGUITest" name="gUITestDropDownRepairException" time="4.416"/>
  <system-out/>
  <testcase classname="fieldServiceFormsTest.PositiveRepairExceptionGUITest" name="gUITestDropDownRepairException" time="5.189"/>
  <system-out/>
  <testcase classname="fieldServiceFormsTest.PositiveRepairExceptionGUITest" name="gUITestDropDownRepairException" time="4.895"/>
  <system-out/>
  <testcase classname="fieldServiceFormsTest.PositiveRepairExceptionGUITest" name="gUITestDropDownRepairException" time="4.981"/>
  <system-out/>
  <testcase classname="fieldServiceFormsTest.PositiveRepairExceptionGUITest" name="gUITestDropDownRepairException" time="4.492"/>
  <system-out/>
  <testcase classname="fieldServiceFormsTest.PositiveRepairExceptionGUITest" name="gUITestDropDownRepairException" time="5.326"/>
  <system-out/>
  <testcase classname="fieldServiceFormsTest.PositiveRepairExceptionGUITest" name="gUITestDropDownRepairException" time="4.283"/>
  <system-out/>
  <testcase classname="fieldServiceFormsTest.PositiveRepairExceptionGUITest" name="gUITestDropDownRepairException" time="4.589"/>
  <system-out/>
  <testcase classname="fieldServiceFormsTest.PositiveRepairExceptionGUITest" name="gUITestDropDownRepairException" time="4.338"/>
  <system-out/>
  <testcase classname="fieldServiceFormsTest.PositiveRepairExceptionGUITest" name="gUITestDropDownRepairException" time="4.259"/>
  <system-out/>
  <testcase classname="fieldServiceFormsTest.PositiveRepairExceptionGUITest" name="gUITestDropDownRepairException" time="4.411"/>
  <system-out/>
  <testcase classname="fieldServiceFormsTest.PositiveRepairExceptionGUITest" name="gUITestDropDownRepairException" time="4.378"/>
  <system-out/>
  <testcase classname="fieldServiceFormsTest.PositiveRepairExceptionGUITest" name="gUITestDropDownRepairException" time="5.768"/>
  <system-out/>
  <testcase classname="fieldServiceFormsTest.PositiveRepairExceptionGUITest" name="gUITestDropDownRepairException" time="4.795"/>
  <system-out/>
  <testcase classname="fieldServiceFormsTest.PositiveRepairExceptionGUITest" name="gUITestDropDownRepairException" time="4.281"/>
  <system-out/>
  <testcase classname="fieldServiceFormsTest.PositiveRepairExceptionGUITest" name="gUITestDropDownRepairException" time="4.352"/>
  <system-out/>
  <testcase classname="fieldServiceFormsTest.PositiveRepairExceptionGUITest" name="gUITestDropDownRepairException" time="4.879"/>
  <system-out/>
  <testcase classname="fieldServiceFormsTest.PositiveRepairExceptionGUITest" name="gUITestDropDownRepairException" time="4.924"/>
  <system-out/>
  <testcase classname="fieldServiceFormsTest.PositiveRepairExceptionGUITest" name="gUITestDropDownRepairException" time="4.486"/>
  <system-out/>
  <testcase classname="fieldServiceFormsTest.PositiveRepairExceptionGUITest" name="gUITestDropDownRepairException" time="4.371"/>
  <system-out/>
  <testcase classname="fieldServiceFormsTest.PositiveRepairExceptionGUITest" name="gUITestDropDownRepairException" time="4.538"/>
  <system-out/>
  <testcase classname="fieldServiceFormsTest.PositiveRepairExceptionGUITest" name="gUITestDropDownRepairException" time="4.844"/>
  <system-out/>
  <testcase classname="fieldServiceFormsTest.PositiveRepairExceptionGUITest" name="gUITestDropDownRepairException" time="4.627"/>
  <system-out/>
  <testcase classname="fieldServiceFormsTest.PositiveRepairExceptionGUITest" name="gUITestDropDownRepairException" time="4.437"/>
  <system-out/>
  <testcase classname="fieldServiceFormsTest.PositiveRepairExceptionGUITest" name="gUITestDropDownRepairException" time="5.112"/>
  <system-out/>
  <testcase classname="fieldServiceFormsTest.PositiveRepairExceptionGUITest" name="gUITestDropDownRepairException" time="4.915"/>
  <system-out/>
  <testcase classname="fieldServiceFormsTest.PositiveRepairExceptionGUITest" name="gUITestDropDownRepairException" time="4.695"/>
  <system-out/>
  <testcase classname="fieldServiceFormsTest.PositiveRepairExceptionGUITest" name="gUITestDropDownRepairException" time="4.292"/>
  <system-out/>
  <testcase classname="fieldServiceFormsTest.PositiveRepairExceptionGUITest" name="gUITestDropDownRepairException" time="4.608"/>
  <system-out/>
  <testcase classname="fieldServiceFormsTest.PositiveRepairExceptionGUITest" name="gUITestDropDownRepairException" time="5.704"/>
  <system-out/>
  <testcase classname="fieldServiceFormsTest.PositiveRepairExceptionGUITest" name="gUITestDropDownRepairException" time="4.397"/>
  <system-out/>
  <testcase classname="fieldServiceFormsTest.PositiveRepairExceptionGUITest" name="gUITestDropDownRepairException" time="4.968"/>
  <system-out/>
  <testcase classname="fieldServiceFormsTest.PositiveRepairExceptionGUITest" name="gUITestDropDownRepairException" time="4.385"/>
  <system-out/>
  <testcase classname="fieldServiceFormsTest.PositiveRepairExceptionGUITest" name="gUITestDropDownRepairException" time="4.436"/>
  <system-out/>
  <testcase classname="fieldServiceFormsTest.PositiveRepairExceptionGUITest" name="gUITestDropDownRepairException" time="4.416"/>
  <system-out/>
  <testcase classname="fieldServiceFormsTest.PositiveRepairExceptionGUITest" name="gUITestDropDownRepairException" time="5.342"/>
  <system-out/>
  <testcase classname="fieldServiceFormsTest.PositiveRepairExceptionGUITest" name="gUITestDropDownRepairException" time="4.854"/>
  <system-out/>
  <testcase classname="fieldServiceFormsTest.PositiveRepairExceptionGUITest" name="gUITestDropDownRepairException" time="4.373"/>
  <system-out/>
  <testcase classname="fieldServiceFormsTest.PositiveRepairExceptionGUITest" name="gUITestDropDownRepairException" time="4.641"/>
  <system-out/>
  <testcase classname="fieldServiceFormsTest.PositiveRepairExceptionGUITest" name="gUITestDropDownRepairException" time="4.456"/>
  <system-out/>
  <testcase classname="fieldServiceFormsTest.PositiveRepairExceptionGUITest" name="gUITestDropDownRepairException" time="4.430"/>
  <system-out/>
  <testcase classname="fieldServiceFormsTest.PositiveRepairExceptionGUITest" name="gUITestDropDownRepairException" time="5.648"/>
  <system-out/>
  <testcase classname="fieldServiceFormsTest.PositiveRepairExceptionGUITest" name="gUITestDropDownRepairException" time="4.264"/>
  <system-out/>
  <testcase classname="fieldServiceFormsTest.PositiveRepairExceptionGUITest" name="gUITestDropDownRepairException" time="4.958"/>
  <system-out/>
  <testcase classname="fieldServiceFormsTest.PositiveRepairExceptionGUITest" name="gUITestDropDownRepairException" time="4.746"/>
  <system-out/>
  <testcase classname="fieldServiceFormsTest.PositiveRepairExceptionGUITest" name="gUITestDropDownRepairException" time="4.472"/>
  <system-out/>
  <testcase classname="fieldServiceFormsTest.PositiveRepairExceptionGUITest" name="gUITestDropDownRepairException" time="5.663"/>
  <system-out/>
  <testcase classname="fieldServiceFormsTest.PositiveRepairExceptionGUITest" name="gUITestDropDownRepairException" time="4.422"/>
  <system-out/>
  <testcase classname="fieldServiceFormsTest.PositiveRepairExceptionGUITest" name="gUITestDropDownRepairException" time="5.647"/>
  <system-out/>
  <testcase classname="fieldServiceFormsTest.PositiveRepairExceptionGUITest" name="gUITestDropDownRepairException" time="4.472"/>
  <system-out/>
  <testcase classname="fieldServiceFormsTest.PositiveRepairExceptionGUITest" name="gUITestDropDownRepairException" time="4.444"/>
  <system-out/>
  <testcase classname="fieldServiceFormsTest.PositiveRepairExceptionGUITest" name="gUITestDropDownRepairException" time="4.293"/>
  <system-out/>
  <testcase classname="fieldServiceFormsTest.PositiveRepairExceptionGUITest" name="gUITestDropDownRepairException" time="5.943"/>
  <system-out/>
  <testcase classname="fieldServiceFormsTest.PositiveRepairExceptionGUITest" name="gUITestDropDownRepairException" time="5.293"/>
  <system-out/>
  <testcase classname="fieldServiceFormsTest.PositiveRepairExceptionGUITest" name="gUITestDropDownRepairException" time="5.140"/>
  <system-out/>
  <testcase classname="fieldServiceFormsTest.PositiveRepairExceptionGUITest" name="gUITestDropDownRepairException" time="5.233"/>
  <system-out/>
  <testcase classname="fieldServiceFormsTest.PositiveRepairExceptionGUITest" name="gUITestDropDownRepairException" time="5.219"/>
  <system-out/>
  <testcase classname="fieldServiceFormsTest.PositiveRepairExceptionGUITest" name="gUITestDropDownRepairException" time="4.689"/>
  <system-out/>
  <testcase classname="fieldServiceFormsTest.PositiveRepairExceptionGUITest" name="gUITestDropDownRepairException" time="4.226"/>
  <system-out/>
  <testcase classname="fieldServiceFormsTest.PositiveRepairExceptionGUITest" name="gUITestDropDownRepairException" time="4.980"/>
  <system-out/>
  <testcase classname="fieldServiceFormsTest.PositiveRepairExceptionGUITest" name="gUITestDropDownRepairException" time="4.331"/>
  <system-out/>
  <testcase classname="fieldServiceFormsTest.PositiveRepairExceptionGUITest" name="gUITestDropDownRepairException" time="4.391"/>
  <system-out/>
  <testcase classname="fieldServiceFormsTest.PositiveRepairExceptionGUITest" name="gUITestDropDownRepairException" time="5.085"/>
  <system-out/>
  <testcase classname="fieldServiceFormsTest.PositiveRepairExceptionGUITest" name="gUITestDropDownRepairException" time="4.849"/>
  <system-out/>
  <testcase classname="fieldServiceFormsTest.PositiveRepairExceptionGUITest" name="gUITestDropDownRepairException" time="4.554"/>
  <system-out/>
  <testcase classname="fieldServiceFormsTest.PositiveRepairExceptionGUITest" name="gUITestDropDownRepairException" time="5.661"/>
  <system-out/>
  <testcase classname="fieldServiceFormsTest.PositiveRepairExceptionGUITest" name="gUITestDropDownRepairException" time="4.309"/>
  <system-out/>
  <testcase classname="fieldServiceFormsTest.PositiveRepairExceptionGUITest" name="gUITestDropDownRepairException" time="4.473"/>
  <system-out/>
  <testcase classname="fieldServiceFormsTest.PositiveRepairExceptionGUITest" name="gUITestDropDownRepairException" time="4.740"/>
  <system-out/>
  <testcase classname="fieldServiceFormsTest.PositiveRepairExceptionGUITest" name="gUITestDropDownRepairException" time="4.949"/>
  <system-out/>
  <testcase classname="fieldServiceFormsTest.PositiveRepairExceptionGUITest" name="gUITestDropDownRepairException" time="5.085"/>
  <system-out/>
  <testcase classname="fieldServiceFormsTest.PositiveRepairExceptionGUITest" name="gUITestDropDownRepairException" time="4.499"/>
  <system-out/>
  <testcase classname="fieldServiceFormsTest.PositiveRepairExceptionGUITest" name="gUITestDropDownRepairException" time="5.282"/>
  <system-out/>
  <testcase classname="fieldServiceFormsTest.PositiveRepairExceptionGUITest" name="gUITestDropDownRepairException" time="4.902"/>
  <system-out/>
  <testcase classname="fieldServiceFormsTest.PositiveRepairExceptionGUITest" name="gUITestDropDownRepairException" time="4.318"/>
  <system-out/>
  <testcase classname="fieldServiceFormsTest.PositiveRepairExceptionGUITest" name="gUITestDropDownRepairException" time="5.019"/>
  <system-out/>
  <testcase classname="fieldServiceFormsTest.PositiveRepairExceptionGUITest" name="gUITestDropDownRepairException" time="5.195"/>
  <system-out/>
  <testcase classname="fieldServiceFormsTest.PositiveRepairExceptionGUITest" name="gUITestDropDownRepairException" time="4.428"/>
  <system-out/>
  <testcase classname="fieldServiceFormsTest.PositiveRepairExceptionGUITest" name="gUITestDropDownRepairException" time="4.470"/>
  <system-out/>
  <testcase classname="fieldServiceFormsTest.PositiveRepairExceptionGUITest" name="gUITestDropDownRepairException" time="5.012"/>
  <system-out/>
  <testcase classname="fieldServiceFormsTest.PositiveRepairExceptionGUITest" name="gUITestDropDownRepairException" time="4.242"/>
  <system-out/>
  <testcase classname="fieldServiceFormsTest.PositiveRepairExceptionGUITest" name="gUITestDropDownRepairException" time="4.961"/>
  <system-out/>
  <testcase classname="fieldServiceFormsTest.PositiveRepairExceptionGUITest" name="gUITestDropDownRepairException" time="5.005"/>
  <system-out/>
  <testcase classname="fieldServiceFormsTest.PositiveRepairExceptionGUITest" name="gUITestDropDownRepairException" time="4.349"/>
  <system-out/>
  <testcase classname="fieldServiceFormsTest.PositiveRepairExceptionGUITest" name="gUITestDropDownRepairException" time="4.393"/>
  <system-out/>
  <testcase classname="fieldServiceFormsTest.PositiveRepairExceptionGUITest" name="gUITestDropDownRepairException" time="4.208"/>
  <system-out/>
  <testcase classname="fieldServiceFormsTest.PositiveRepairExceptionGUITest" name="gUITestDropDownRepairException" time="4.975"/>
  <system-out/>
  <testcase classname="fieldServiceFormsTest.PositiveRepairExceptionGUITest" name="gUITestDropDownRepairException" time="4.385"/>
  <system-out/>
  <testcase classname="fieldServiceFormsTest.PositiveRepairExceptionGUITest" name="gUITestDropDownRepairException" time="5.122"/>
  <system-out/>
  <testcase classname="fieldServiceFormsTest.PositiveRepairExceptionGUITest" name="gUITestDropDownRepairException" time="4.816"/>
  <system-out/>
  <testcase classname="fieldServiceFormsTest.PositiveRepairExceptionGUITest" name="gUITestDropDownRepairException" time="4.588"/>
  <system-out/>
  <testcase classname="fieldServiceFormsTest.PositiveRepairExceptionGUITest" name="gUITestDropDownRepairException" time="5.145"/>
  <system-out/>
  <testcase classname="fieldServiceFormsTest.PositiveRepairExceptionGUITest" name="gUITestDropDownRepairException" time="4.900"/>
  <system-out/>
  <testcase classname="fieldServiceFormsTest.PositiveRepairExceptionGUITest" name="gUITestDropDownRepairException" time="4.510"/>
  <system-out/>
  <testcase classname="fieldServiceFormsTest.PositiveRepairExceptionGUITest" name="gUITestDropDownRepairException" time="4.226"/>
  <system-out/>
  <testcase classname="fieldServiceFormsTest.PositiveRepairExceptionGUITest" name="gUITestDropDownRepairException" time="53.226">
    <error message="no such element: Unable to locate element: {&quot;method&quot;:&quot;css selector&quot;,&quot;selector&quot;:&quot;#repairException&quot;}
  (Session info: chrome=109.0.5414.75)
For documentation on this error, please visit: https://selenium.dev/exceptions/#no_such_element
Build info: version: &#039;4.3.0&#039;, revision: &#039;a4995e2c09*&#039;
System info: host: &#039;DESKTOP-M729FOC&#039;, ip: &#039;192.168.29.91&#039;, os.name: &#039;Windows 10&#039;, os.arch: &#039;amd64&#039;, os.version: &#039;10.0&#039;, java.version: &#039;11.0.13&#039;
Driver info: org.openqa.selenium.chrome.ChromeDriver
Command: [597a0c430c70878c24edba044d404178, findElement {using=id, value=repairException}]
Capabilities {acceptInsecureCerts: false, browserName: chrome, browserVersion: 109.0.5414.75, chrome: {chromedriverVersion: 109.0.5414.74 (e7c5703604da..., userDataDir: C:\Users\DELL\AppData\Local...}, goog:chromeOptions: {debuggerAddress: localhost:52569}, networkConnectionEnabled: false, pageLoadStrategy: normal, platformName: WINDOWS, proxy: Proxy(), se:cdp: ws://localhost:52569/devtoo..., se:cdpVersion: 109.0.5414.75, setWindowRect: true, strictFileInteractability: false, timeouts: {implicit: 0, pageLoad: 300000, script: 30000}, unhandledPromptBehavior: dismiss and notify, webauthn:extension:credBlob: true, webauthn:extension:largeBlob: true, webauthn:virtualAuthenticators: true}
Session ID: 597a0c430c70878c24edba044d404178" type="org.openqa.selenium.NoSuchElementException">
      <![CDATA[org.openqa.selenium.NoSuchElementException: no such element: Unable to locate element: {"method":"css selector","selector":"#repairException"}
  (Session info: chrome=109.0.5414.75)
For documentation on this error, please visit: https://selenium.dev/exceptions/#no_such_element
Build info: version: '4.3.0', revision: 'a4995e2c09*'
System info: host: 'DESKTOP-M729FOC', ip: '192.168.29.91', os.name: 'Windows 10', os.arch: 'amd64', os.version: '10.0', java.version: '11.0.13'
Driver info: org.openqa.selenium.chrome.ChromeDriver
Command: [597a0c430c70878c24edba044d404178, findElement {using=id, value=repairException}]
Capabilities {acceptInsecureCerts: false, browserName: chrome, browserVersion: 109.0.5414.75, chrome: {chromedriverVersion: 109.0.5414.74 (e7c5703604da..., userDataDir: C:\Users\DELL\AppData\Local...}, goog:chromeOptions: {debuggerAddress: localhost:52569}, networkConnectionEnabled: false, pageLoadStrategy: normal, platformName: WINDOWS, proxy: Proxy(), se:cdp: ws://localhost:52569/devtoo..., se:cdpVersion: 109.0.5414.75, setWindowRect: true, strictFileInteractability: false, timeouts: {implicit: 0, pageLoad: 300000, script: 30000}, unhandledPromptBehavior: dismiss and notify, webauthn:extension:credBlob: true, webauthn:extension:largeBlob: true, webauthn:virtualAuthenticators: true}
Session ID: 597a0c430c70878c24edba044d404178
at jdk.internal.reflect.GeneratedConstructorAccessor15.newInstance(Unknown Source)
at java.base/jdk.internal.reflect.DelegatingConstructorAccessorImpl.newInstance(DelegatingConstructorAccessorImpl.java:45)
at java.base/java.lang.reflect.Constructor.newInstance(Constructor.java:490)
at org.openqa.selenium.remote.codec.w3c.W3CHttpResponseCodec.createException(W3CHttpResponseCodec.java:200)
at org.openqa.selenium.remote.codec.w3c.W3CHttpResponseCodec.decode(W3CHttpResponseCodec.java:133)
at org.openqa.selenium.remote.codec.w3c.W3CHttpResponseCodec.decode(W3CHttpResponseCodec.java:53)
at org.openqa.selenium.remote.HttpCommandExecutor.execute(HttpCommandExecutor.java:184)
at org.openqa.selenium.remote.service.DriverCommandExecutor.invokeExecute(DriverCommandExecutor.java:167)
at org.openqa.selenium.remote.service.DriverCommandExecutor.execute(DriverCommandExecutor.java:142)
at org.openqa.selenium.remote.RemoteWebDriver.execute(RemoteWebDriver.java:569)
at org.openqa.selenium.remote.ElementLocation$ElementFinder$2.findElement(ElementLocation.java:162)
at org.openqa.selenium.remote.ElementLocation.findElement(ElementLocation.java:60)
at org.openqa.selenium.remote.RemoteWebDriver.findElement(RemoteWebDriver.java:387)
at org.openqa.selenium.remote.RemoteWebDriver.findElement(RemoteWebDriver.java:379)
at pageobjects.RepairLocatorsGUI.repairException(RepairLocatorsGUI.java:81)
at fieldServiceFormsTest.PositiveRepairExceptionGUITest.gUITestDropDownRepairException(PositiveRepairExceptionGUITest.java:95)
at jdk.internal.reflect.GeneratedMethodAccessor4.invoke(Unknown Source)
at java.base/jdk.internal.reflect.DelegatingMethodAccessorImpl.invoke(DelegatingMethodAccessorImpl.java:43)
at java.base/java.lang.reflect.Method.invoke(Method.java:566)
at org.testng.internal.MethodInvocationHelper.invokeMethod(MethodInvocationHelper.java:133)
at org.testng.internal.TestInvoker.invokeMethod(TestInvoker.java:598)
at org.testng.internal.TestInvoker.invokeTestMethod(TestInvoker.java:173)
at org.testng.internal.MethodRunner.runInSequence(MethodRunner.java:46)
at org.testng.internal.TestInvoker$MethodInvocationAgent.invoke(TestInvoker.java:824)
at org.testng.internal.TestInvoker.invokeTestMethods(TestInvoker.java:146)
at org.testng.internal.TestMethodWorker.invokeTestMethods(TestMethodWorker.java:146)
at org.testng.internal.TestMethodWorker.run(TestMethodWorker.java:128)
at java.base/java.util.ArrayList.forEach(ArrayList.java:1541)
at org.testng.TestRunner.privateRun(TestRunner.java:794)
at org.testng.TestRunner.run(TestRunner.java:596)
at org.testng.SuiteRunner.runTest(SuiteRunner.java:377)
at org.testng.SuiteRunner.runSequentially(SuiteRunner.java:371)
at org.testng.SuiteRunner.privateRun(SuiteRunner.java:332)
at org.testng.SuiteRunner.run(SuiteRunner.java:276)
at org.testng.SuiteRunnerWorker.runSuite(SuiteRunnerWorker.java:53)
at org.testng.SuiteRunnerWorker.run(SuiteRunnerWorker.java:96)
at org.testng.TestNG.runSuitesSequentially(TestNG.java:1212)
at org.testng.TestNG.runSuitesLocally(TestNG.java:1134)
at org.testng.TestNG.runSuites(TestNG.java:1063)
at org.testng.TestNG.run(TestNG.java:1031)
at org.testng.remote.AbstractRemoteTestNG.run(AbstractRemoteTestNG.java:115)
at org.testng.remote.RemoteTestNG.initAndRun(RemoteTestNG.java:251)
at org.testng.remote.RemoteTestNG.main(RemoteTestNG.java:77)
]]>
    </error>
  </testcase> <!-- gUITestDropDownRepairException -->
  <system-out/>
  <testcase classname="fieldServiceFormsTest.PositiveRepairExceptionGUITest" name="gUITestDropDownRepairException" time="4.783"/>
  <system-out/>
  <testcase classname="fieldServiceFormsTest.PositiveRepairExceptionGUITest" name="gUITestDropDownRepairException" time="4.555"/>
  <system-out/>
  <testcase classname="fieldServiceFormsTest.PositiveRepairExceptionGUITest" name="gUITestDropDownRepairException" time="6.027"/>
  <system-out/>
  <testcase classname="fieldServiceFormsTest.PositiveRepairExceptionGUITest" name="gUITestDropDownRepairException" time="4.489"/>
  <system-out/>
  <testcase classname="fieldServiceFormsTest.PositiveRepairExceptionGUITest" name="gUITestDropDownRepairException" time="4.443"/>
  <system-out/>
  <testcase classname="fieldServiceFormsTest.PositiveRepairExceptionGUITest" name="gUITestDropDownRepairException" time="5.659"/>
  <system-out/>
  <testcase classname="fieldServiceFormsTest.PositiveRepairExceptionGUITest" name="gUITestDropDownRepairException" time="4.247"/>
  <system-out/>
  <testcase classname="fieldServiceFormsTest.PositiveRepairExceptionGUITest" name="gUITestDropDownRepairException" time="4.543"/>
  <system-out/>
  <testcase classname="fieldServiceFormsTest.PositiveRepairExceptionGUITest" name="gUITestDropDownRepairException" time="4.648"/>
  <system-out/>
  <testcase classname="fieldServiceFormsTest.PositiveRepairExceptionGUITest" name="gUITestDropDownRepairException" time="4.904"/>
  <system-out/>
  <testcase classname="fieldServiceFormsTest.PositiveRepairExceptionGUITest" name="gUITestDropDownRepairException" time="5.502"/>
  <system-out/>
  <testcase classname="fieldServiceFormsTest.PositiveRepairExceptionGUITest" name="gUITestDropDownRepairException" time="4.459"/>
  <system-out/>
  <testcase classname="fieldServiceFormsTest.PositiveRepairExceptionGUITest" name="gUITestDropDownRepairException" time="4.947"/>
  <system-out/>
  <testcase classname="fieldServiceFormsTest.PositiveRepairExceptionGUITest" name="gUITestDropDownRepairException" time="4.659"/>
  <system-out/>
  <testcase classname="fieldServiceFormsTest.PositiveRepairExceptionGUITest" name="gUITestDropDownRepairException" time="4.275"/>
  <system-out/>
  <testcase classname="fieldServiceFormsTest.PositiveRepairExceptionGUITest" name="gUITestDropDownRepairException" time="5.055"/>
  <system-out/>
  <testcase classname="fieldServiceFormsTest.PositiveRepairExceptionGUITest" name="gUITestDropDownRepairException" time="4.424"/>
  <system-out/>
  <testcase classname="fieldServiceFormsTest.PositiveRepairExceptionGUITest" name="gUITestDropDownRepairException" time="4.704"/>
  <system-out/>
  <testcase classname="fieldServiceFormsTest.PositiveRepairExceptionGUITest" name="gUITestDropDownRepairException" time="4.835"/>
  <system-out/>
  <testcase classname="fieldServiceFormsTest.PositiveRepairExceptionGUITest" name="gUITestDropDownRepairException" time="4.359"/>
  <system-out/>
  <testcase classname="fieldServiceFormsTest.PositiveRepairExceptionGUITest" name="gUITestDropDownRepairException" time="4.413"/>
  <system-out/>
  <testcase classname="fieldServiceFormsTest.PositiveRepairExceptionGUITest" name="gUITestDropDownRepairException" time="4.256"/>
  <system-out/>
  <testcase classname="fieldServiceFormsTest.PositiveRepairExceptionGUITest" name="gUITestDropDownRepairException" time="4.962"/>
  <system-out/>
  <testcase classname="fieldServiceFormsTest.PositiveRepairExceptionGUITest" name="gUITestDropDownRepairException" time="4.613"/>
  <system-out/>
  <testcase classname="fieldServiceFormsTest.PositiveRepairExceptionGUITest" name="gUITestDropDownRepairException" time="4.607"/>
  <system-out/>
  <testcase classname="fieldServiceFormsTest.PositiveRepairExceptionGUITest" name="gUITestDropDownRepairException" time="6.144"/>
  <system-out/>
  <testcase classname="fieldServiceFormsTest.PositiveRepairExceptionGUITest" name="gUITestDropDownRepairException" time="4.255"/>
  <system-out/>
  <testcase classname="fieldServiceFormsTest.PositiveRepairExceptionGUITest" name="gUITestDropDownRepairException" time="5.234"/>
  <system-out/>
  <testcase classname="fieldServiceFormsTest.PositiveRepairExceptionGUITest" name="gUITestDropDownRepairException" time="5.720"/>
  <system-out/>
  <testcase classname="fieldServiceFormsTest.PositiveRepairExceptionGUITest" name="gUITestDropDownRepairException" time="4.192"/>
  <system-out/>
  <testcase classname="fieldServiceFormsTest.PositiveRepairExceptionGUITest" name="gUITestDropDownRepairException" time="4.493"/>
  <system-out/>
  <testcase classname="fieldServiceFormsTest.PositiveRepairExceptionGUITest" name="gUITestDropDownRepairException" time="4.464"/>
  <system-out/>
  <testcase classname="fieldServiceFormsTest.PositiveRepairExceptionGUITest" name="gUITestDropDownRepairException" time="5.345"/>
  <system-out/>
  <testcase classname="fieldServiceFormsTest.PositiveRepairExceptionGUITest" name="gUITestDropDownRepairException" time="4.354"/>
  <system-out/>
  <testcase classname="fieldServiceFormsTest.PositiveRepairExceptionGUITest" name="gUITestDropDownRepairException" time="5.521"/>
  <system-out/>
  <testcase classname="fieldServiceFormsTest.PositiveRepairExceptionGUITest" name="gUITestDropDownRepairException" time="4.987"/>
  <system-out/>
  <testcase classname="fieldServiceFormsTest.PositiveRepairExceptionGUITest" name="gUITestDropDownRepairException" time="4.452"/>
  <system-out/>
  <testcase classname="fieldServiceFormsTest.PositiveRepairExceptionGUITest" name="gUITestDropDownRepairException" time="4.756"/>
  <system-out/>
  <testcase classname="fieldServiceFormsTest.PositiveRepairExceptionGUITest" name="gUITestDropDownRepairException" time="4.919"/>
  <system-out/>
  <testcase classname="fieldServiceFormsTest.PositiveRepairExceptionGUITest" name="gUITestDropDownRepairException" time="4.541"/>
  <system-out/>
  <testcase classname="fieldServiceFormsTest.PositiveRepairExceptionGUITest" name="gUITestDropDownRepairException" time="5.100"/>
  <system-out/>
  <testcase classname="fieldServiceFormsTest.PositiveRepairExceptionGUITest" name="gUITestDropDownRepairException" time="4.268"/>
  <system-out/>
  <testcase classname="fieldServiceFormsTest.PositiveRepairExceptionGUITest" name="gUITestDropDownRepairException" time="4.193"/>
  <system-out/>
  <testcase classname="fieldServiceFormsTest.PositiveRepairExceptionGUITest" name="gUITestDropDownRepairException" time="4.487"/>
  <system-out/>
  <testcase classname="fieldServiceFormsTest.PositiveRepairExceptionGUITest" name="gUITestDropDownRepairException" time="4.709"/>
  <system-out/>
  <testcase classname="fieldServiceFormsTest.PositiveRepairExceptionGUITest" name="gUITestDropDownRepairException" time="5.010"/>
  <system-out/>
  <testcase classname="fieldServiceFormsTest.PositiveRepairExceptionGUITest" name="gUITestDropDownRepairException" time="4.379"/>
  <system-out/>
  <testcase classname="fieldServiceFormsTest.PositiveRepairExceptionGUITest" name="gUITestDropDownRepairException" time="4.356"/>
  <system-out/>
  <testcase classname="fieldServiceFormsTest.PositiveRepairExceptionGUITest" name="gUITestDropDownRepairException" time="4.344"/>
  <system-out/>
  <testcase classname="fieldServiceFormsTest.PositiveRepairExceptionGUITest" name="gUITestDropDownRepairException" time="4.662"/>
  <system-out/>
  <testcase classname="fieldServiceFormsTest.PositiveRepairExceptionGUITest" name="gUITestDropDownRepairException" time="4.604"/>
  <system-out/>
  <testcase classname="fieldServiceFormsTest.PositiveRepairExceptionGUITest" name="gUITestDropDownRepairException" time="4.249"/>
  <system-out/>
  <testcase classname="fieldServiceFormsTest.PositiveRepairExceptionGUITest" name="gUITestDropDownRepairException" time="4.648"/>
  <system-out/>
  <testcase classname="fieldServiceFormsTest.PositiveRepairExceptionGUITest" name="gUITestDropDownRepairException" time="4.543"/>
  <system-out/>
  <testcase classname="fieldServiceFormsTest.PositiveRepairExceptionGUITest" name="gUITestDropDownRepairException" time="5.160"/>
  <system-out/>
  <testcase classname="fieldServiceFormsTest.PositiveRepairExceptionGUITest" name="gUITestDropDownRepairException" time="4.776"/>
  <system-out/>
  <testcase classname="fieldServiceFormsTest.PositiveRepairExceptionGUITest" name="gUITestDropDownRepairException" time="4.633"/>
  <system-out/>
  <testcase classname="fieldServiceFormsTest.PositiveRepairExceptionGUITest" name="gUITestDropDownRepairException" time="4.311"/>
  <system-out/>
  <testcase classname="fieldServiceFormsTest.PositiveRepairExceptionGUITest" name="gUITestDropDownRepairException" time="4.407"/>
  <system-out/>
  <testcase classname="fieldServiceFormsTest.PositiveRepairExceptionGUITest" name="gUITestDropDownRepairException" time="5.580"/>
  <system-out/>
  <testcase classname="fieldServiceFormsTest.PositiveRepairExceptionGUITest" name="gUITestDropDownRepairException" time="4.508"/>
  <system-out/>
  <testcase classname="fieldServiceFormsTest.PositiveRepairExceptionGUITest" name="gUITestDropDownRepairException" time="4.287"/>
  <system-out/>
  <testcase classname="fieldServiceFormsTest.PositiveRepairExceptionGUITest" name="gUITestDropDownRepairException" time="4.948"/>
  <system-out/>
  <testcase classname="fieldServiceFormsTest.PositiveRepairExceptionGUITest" name="gUITestDropDownRepairException" time="4.353"/>
  <system-out/>
  <testcase classname="fieldServiceFormsTest.PositiveRepairExceptionGUITest" name="gUITestDropDownRepairException" time="5.006"/>
  <system-out/>
  <testcase classname="fieldServiceFormsTest.PositiveRepairExceptionGUITest" name="gUITestDropDownRepairException" time="4.911"/>
  <system-out/>
  <testcase classname="fieldServiceFormsTest.PositiveRepairExceptionGUITest" name="gUITestDropDownRepairException" time="4.974"/>
  <system-out/>
  <testcase classname="fieldServiceFormsTest.PositiveRepairExceptionGUITest" name="gUITestDropDownRepairException" time="4.451"/>
  <system-out/>
  <testcase classname="fieldServiceFormsTest.PositiveRepairExceptionGUITest" name="gUITestDropDownRepairException" time="4.928"/>
  <system-out/>
  <testcase classname="fieldServiceFormsTest.PositiveRepairExceptionGUITest" name="gUITestDropDownRepairException" time="4.891"/>
  <system-out/>
  <testcase classname="fieldServiceFormsTest.PositiveRepairExceptionGUITest" name="gUITestDropDownRepairException" time="5.545"/>
  <system-out/>
  <testcase classname="fieldServiceFormsTest.PositiveRepairExceptionGUITest" name="gUITestDropDownRepairException" time="5.056"/>
  <system-out/>
  <testcase classname="fieldServiceFormsTest.PositiveRepairExceptionGUITest" name="gUITestDropDownRepairException" time="4.440"/>
  <system-out/>
  <testcase classname="fieldServiceFormsTest.PositiveRepairExceptionGUITest" name="gUITestDropDownRepairException" time="4.426"/>
  <system-out/>
  <testcase classname="fieldServiceFormsTest.PositiveRepairExceptionGUITest" name="gUITestDropDownRepairException" time="5.422"/>
  <system-out/>
  <testcase classname="fieldServiceFormsTest.PositiveRepairExceptionGUITest" name="gUITestDropDownRepairException" time="4.156"/>
  <system-out/>
  <testcase classname="fieldServiceFormsTest.PositiveRepairExceptionGUITest" name="gUITestDropDownRepairException" time="4.222"/>
  <system-out/>
  <testcase classname="fieldServiceFormsTest.PositiveRepairExceptionGUITest" name="gUITestDropDownRepairException" time="4.556"/>
  <system-out/>
  <testcase classname="fieldServiceFormsTest.PositiveRepairExceptionGUITest" name="gUITestDropDownRepairException" time="4.475"/>
  <system-out/>
  <testcase classname="fieldServiceFormsTest.PositiveRepairExceptionGUITest" name="gUITestDropDownRepairException" time="4.498"/>
  <system-out/>
  <testcase classname="fieldServiceFormsTest.PositiveRepairExceptionGUITest" name="gUITestDropDownRepairException" time="4.210"/>
  <system-out/>
  <testcase classname="fieldServiceFormsTest.PositiveRepairExceptionGUITest" name="gUITestDropDownRepairException" time="4.726"/>
  <system-out/>
  <testcase classname="fieldServiceFormsTest.PositiveRepairExceptionGUITest" name="gUITestDropDownRepairException" time="5.184"/>
  <system-out/>
  <testcase classname="fieldServiceFormsTest.PositiveRepairExceptionGUITest" name="gUITestDropDownRepairException" time="4.556"/>
  <system-out/>
  <testcase classname="fieldServiceFormsTest.PositiveRepairExceptionGUITest" name="gUITestDropDownRepairException" time="4.867"/>
  <system-out/>
  <testcase classname="fieldServiceFormsTest.PositiveRepairExceptionGUITest" name="gUITestDropDownRepairException" time="4.653"/>
  <system-out/>
  <testcase classname="fieldServiceFormsTest.PositiveRepairExceptionGUITest" name="gUITestDropDownRepairException" time="4.393"/>
  <system-out/>
  <testcase classname="fieldServiceFormsTest.PositiveRepairExceptionGUITest" name="gUITestDropDownRepairException" time="4.473"/>
  <system-out/>
  <testcase classname="fieldServiceFormsTest.PositiveRepairExceptionGUITest" name="gUITestDropDownRepairException" time="5.092"/>
  <system-out/>
  <testcase classname="fieldServiceFormsTest.PositiveRepairExceptionGUITest" name="gUITestDropDownRepairException" time="5.064"/>
  <system-out/>
  <testcase classname="fieldServiceFormsTest.PositiveRepairExceptionGUITest" name="gUITestDropDownRepairException" time="4.366"/>
  <system-out/>
  <testcase classname="fieldServiceFormsTest.PositiveRepairExceptionGUITest" name="gUITestDropDownRepairException" time="4.599"/>
  <system-out/>
  <testcase classname="fieldServiceFormsTest.PositiveRepairExceptionGUITest" name="gUITestDropDownRepairException" time="4.894"/>
  <system-out/>
  <testcase classname="fieldServiceFormsTest.PositiveRepairExceptionGUITest" name="gUITestDropDownRepairException" time="5.142"/>
  <system-out/>
  <testcase classname="fieldServiceFormsTest.PositiveRepairExceptionGUITest" name="gUITestDropDownRepairException" time="5.497"/>
  <system-out/>
  <testcase classname="fieldServiceFormsTest.PositiveRepairExceptionGUITest" name="gUITestDropDownRepairException" time="4.968"/>
  <system-out/>
  <testcase classname="fieldServiceFormsTest.PositiveRepairExceptionGUITest" name="gUITestDropDownRepairException" time="4.400"/>
  <system-out/>
  <testcase classname="fieldServiceFormsTest.PositiveRepairExceptionGUITest" name="gUITestDropDownRepairException" time="4.518"/>
  <system-out/>
  <testcase classname="fieldServiceFormsTest.PositiveRepairExceptionGUITest" name="gUITestDropDownRepairException" time="53.264">
    <error message="no such element: Unable to locate element: {&quot;method&quot;:&quot;css selector&quot;,&quot;selector&quot;:&quot;#repairException&quot;}
  (Session info: chrome=109.0.5414.75)
For documentation on this error, please visit: https://selenium.dev/exceptions/#no_such_element
Build info: version: &#039;4.3.0&#039;, revision: &#039;a4995e2c09*&#039;
System info: host: &#039;DESKTOP-M729FOC&#039;, ip: &#039;192.168.29.91&#039;, os.name: &#039;Windows 10&#039;, os.arch: &#039;amd64&#039;, os.version: &#039;10.0&#039;, java.version: &#039;11.0.13&#039;
Driver info: org.openqa.selenium.chrome.ChromeDriver
Command: [597a0c430c70878c24edba044d404178, findElement {using=id, value=repairException}]
Capabilities {acceptInsecureCerts: false, browserName: chrome, browserVersion: 109.0.5414.75, chrome: {chromedriverVersion: 109.0.5414.74 (e7c5703604da..., userDataDir: C:\Users\DELL\AppData\Local...}, goog:chromeOptions: {debuggerAddress: localhost:52569}, networkConnectionEnabled: false, pageLoadStrategy: normal, platformName: WINDOWS, proxy: Proxy(), se:cdp: ws://localhost:52569/devtoo..., se:cdpVersion: 109.0.5414.75, setWindowRect: true, strictFileInteractability: false, timeouts: {implicit: 0, pageLoad: 300000, script: 30000}, unhandledPromptBehavior: dismiss and notify, webauthn:extension:credBlob: true, webauthn:extension:largeBlob: true, webauthn:virtualAuthenticators: true}
Session ID: 597a0c430c70878c24edba044d404178" type="org.openqa.selenium.NoSuchElementException">
      <![CDATA[org.openqa.selenium.NoSuchElementException: no such element: Unable to locate element: {"method":"css selector","selector":"#repairException"}
  (Session info: chrome=109.0.5414.75)
For documentation on this error, please visit: https://selenium.dev/exceptions/#no_such_element
Build info: version: '4.3.0', revision: 'a4995e2c09*'
System info: host: 'DESKTOP-M729FOC', ip: '192.168.29.91', os.name: 'Windows 10', os.arch: 'amd64', os.version: '10.0', java.version: '11.0.13'
Driver info: org.openqa.selenium.chrome.ChromeDriver
Command: [597a0c430c70878c24edba044d404178, findElement {using=id, value=repairException}]
Capabilities {acceptInsecureCerts: false, browserName: chrome, browserVersion: 109.0.5414.75, chrome: {chromedriverVersion: 109.0.5414.74 (e7c5703604da..., userDataDir: C:\Users\DELL\AppData\Local...}, goog:chromeOptions: {debuggerAddress: localhost:52569}, networkConnectionEnabled: false, pageLoadStrategy: normal, platformName: WINDOWS, proxy: Proxy(), se:cdp: ws://localhost:52569/devtoo..., se:cdpVersion: 109.0.5414.75, setWindowRect: true, strictFileInteractability: false, timeouts: {implicit: 0, pageLoad: 300000, script: 30000}, unhandledPromptBehavior: dismiss and notify, webauthn:extension:credBlob: true, webauthn:extension:largeBlob: true, webauthn:virtualAuthenticators: true}
Session ID: 597a0c430c70878c24edba044d404178
at jdk.internal.reflect.GeneratedConstructorAccessor15.newInstance(Unknown Source)
at java.base/jdk.internal.reflect.DelegatingConstructorAccessorImpl.newInstance(DelegatingConstructorAccessorImpl.java:45)
at java.base/java.lang.reflect.Constructor.newInstance(Constructor.java:490)
at org.openqa.selenium.remote.codec.w3c.W3CHttpResponseCodec.createException(W3CHttpResponseCodec.java:200)
at org.openqa.selenium.remote.codec.w3c.W3CHttpResponseCodec.decode(W3CHttpResponseCodec.java:133)
at org.openqa.selenium.remote.codec.w3c.W3CHttpResponseCodec.decode(W3CHttpResponseCodec.java:53)
at org.openqa.selenium.remote.HttpCommandExecutor.execute(HttpCommandExecutor.java:184)
at org.openqa.selenium.remote.service.DriverCommandExecutor.invokeExecute(DriverCommandExecutor.java:167)
at org.openqa.selenium.remote.service.DriverCommandExecutor.execute(DriverCommandExecutor.java:142)
at org.openqa.selenium.remote.RemoteWebDriver.execute(RemoteWebDriver.java:569)
at org.openqa.selenium.remote.ElementLocation$ElementFinder$2.findElement(ElementLocation.java:162)
at org.openqa.selenium.remote.ElementLocation.findElement(ElementLocation.java:60)
at org.openqa.selenium.remote.RemoteWebDriver.findElement(RemoteWebDriver.java:387)
at org.openqa.selenium.remote.RemoteWebDriver.findElement(RemoteWebDriver.java:379)
at pageobjects.RepairLocatorsGUI.repairException(RepairLocatorsGUI.java:81)
at fieldServiceFormsTest.PositiveRepairExceptionGUITest.gUITestDropDownRepairException(PositiveRepairExceptionGUITest.java:95)
at jdk.internal.reflect.GeneratedMethodAccessor4.invoke(Unknown Source)
at java.base/jdk.internal.reflect.DelegatingMethodAccessorImpl.invoke(DelegatingMethodAccessorImpl.java:43)
at java.base/java.lang.reflect.Method.invoke(Method.java:566)
at org.testng.internal.MethodInvocationHelper.invokeMethod(MethodInvocationHelper.java:133)
at org.testng.internal.TestInvoker.invokeMethod(TestInvoker.java:598)
at org.testng.internal.TestInvoker.invokeTestMethod(TestInvoker.java:173)
at org.testng.internal.MethodRunner.runInSequence(MethodRunner.java:46)
at org.testng.internal.TestInvoker$MethodInvocationAgent.invoke(TestInvoker.java:824)
at org.testng.internal.TestInvoker.invokeTestMethods(TestInvoker.java:146)
at org.testng.internal.TestMethodWorker.invokeTestMethods(TestMethodWorker.java:146)
at org.testng.internal.TestMethodWorker.run(TestMethodWorker.java:128)
at java.base/java.util.ArrayList.forEach(ArrayList.java:1541)
at org.testng.TestRunner.privateRun(TestRunner.java:794)
at org.testng.TestRunner.run(TestRunner.java:596)
at org.testng.SuiteRunner.runTest(SuiteRunner.java:377)
at org.testng.SuiteRunner.runSequentially(SuiteRunner.java:371)
at org.testng.SuiteRunner.privateRun(SuiteRunner.java:332)
at org.testng.SuiteRunner.run(SuiteRunner.java:276)
at org.testng.SuiteRunnerWorker.runSuite(SuiteRunnerWorker.java:53)
at org.testng.SuiteRunnerWorker.run(SuiteRunnerWorker.java:96)
at org.testng.TestNG.runSuitesSequentially(TestNG.java:1212)
at org.testng.TestNG.runSuitesLocally(TestNG.java:1134)
at org.testng.TestNG.runSuites(TestNG.java:1063)
at org.testng.TestNG.run(TestNG.java:1031)
at org.testng.remote.AbstractRemoteTestNG.run(AbstractRemoteTestNG.java:115)
at org.testng.remote.RemoteTestNG.initAndRun(RemoteTestNG.java:251)
at org.testng.remote.RemoteTestNG.main(RemoteTestNG.java:77)
]]>
    </error>
  </testcase> <!-- gUITestDropDownRepairException -->
  <system-out/>
  <testcase classname="fieldServiceFormsTest.PositiveRepairExceptionGUITest" name="gUITestDropDownRepairException" time="4.305"/>
  <system-out/>
  <testcase classname="fieldServiceFormsTest.PositiveRepairExceptionGUITest" name="gUITestDropDownRepairException" time="5.008"/>
  <system-out/>
  <testcase classname="fieldServiceFormsTest.PositiveRepairExceptionGUITest" name="gUITestDropDownRepairException" time="5.260"/>
  <system-out/>
  <testcase classname="fieldServiceFormsTest.PositiveRepairExceptionGUITest" name="gUITestDropDownRepairException" time="4.939"/>
  <system-out/>
  <testcase classname="fieldServiceFormsTest.PositiveRepairExceptionGUITest" name="gUITestDropDownRepairException" time="4.465"/>
  <system-out/>
  <testcase classname="fieldServiceFormsTest.PositiveRepairExceptionGUITest" name="gUITestDropDownRepairException" time="4.647"/>
  <system-out/>
  <testcase classname="fieldServiceFormsTest.PositiveRepairExceptionGUITest" name="gUITestDropDownRepairException" time="5.503"/>
  <system-out/>
  <testcase classname="fieldServiceFormsTest.PositiveRepairExceptionGUITest" name="gUITestDropDownRepairException" time="4.467"/>
  <system-out/>
  <testcase classname="fieldServiceFormsTest.PositiveRepairExceptionGUITest" name="gUITestDropDownRepairException" time="5.410"/>
  <system-out/>
  <testcase classname="fieldServiceFormsTest.PositiveRepairExceptionGUITest" name="gUITestDropDownRepairException" time="4.873"/>
  <system-out/>
  <testcase classname="fieldServiceFormsTest.PositiveRepairExceptionGUITest" name="gUITestDropDownRepairException" time="5.761"/>
  <system-out/>
  <testcase classname="fieldServiceFormsTest.PositiveRepairExceptionGUITest" name="gUITestDropDownRepairException" time="4.837"/>
  <system-out/>
  <testcase classname="fieldServiceFormsTest.PositiveRepairExceptionGUITest" name="gUITestDropDownRepairException" time="4.538"/>
  <system-out/>
  <testcase classname="fieldServiceFormsTest.PositiveRepairExceptionGUITest" name="gUITestDropDownRepairException" time="4.397"/>
  <system-out/>
  <testcase classname="fieldServiceFormsTest.PositiveRepairExceptionGUITest" name="gUITestDropDownRepairException" time="4.213"/>
  <system-out/>
  <testcase classname="fieldServiceFormsTest.PositiveRepairExceptionGUITest" name="gUITestDropDownRepairException" time="4.864"/>
  <system-out/>
  <testcase classname="fieldServiceFormsTest.PositiveRepairExceptionGUITest" name="gUITestDropDownRepairException" time="4.325"/>
  <system-out/>
  <testcase classname="fieldServiceFormsTest.PositiveRepairExceptionGUITest" name="gUITestDropDownRepairException" time="4.324"/>
  <system-out/>
  <testcase classname="fieldServiceFormsTest.PositiveRepairExceptionGUITest" name="gUITestDropDownRepairException" time="5.019"/>
  <system-out/>
  <testcase classname="fieldServiceFormsTest.PositiveRepairExceptionGUITest" name="gUITestDropDownRepairException" time="4.747"/>
  <system-out/>
  <testcase classname="fieldServiceFormsTest.PositiveRepairExceptionGUITest" name="gUITestDropDownRepairException" time="4.367"/>
  <system-out/>
  <testcase classname="fieldServiceFormsTest.PositiveRepairExceptionGUITest" name="gUITestDropDownRepairException" time="4.880"/>
  <system-out/>
  <testcase classname="fieldServiceFormsTest.PositiveRepairExceptionGUITest" name="gUITestDropDownRepairException" time="4.820"/>
  <system-out/>
  <testcase classname="fieldServiceFormsTest.PositiveRepairExceptionGUITest" name="gUITestDropDownRepairException" time="4.566"/>
  <system-out/>
  <testcase classname="fieldServiceFormsTest.PositiveRepairExceptionGUITest" name="gUITestDropDownRepairException" time="4.929"/>
  <system-out/>
  <testcase classname="fieldServiceFormsTest.PositiveRepairExceptionGUITest" name="gUITestDropDownRepairException" time="4.383"/>
  <system-out/>
  <testcase classname="fieldServiceFormsTest.PositiveRepairExceptionGUITest" name="gUITestDropDownRepairException" time="4.200"/>
  <system-out/>
  <testcase classname="fieldServiceFormsTest.PositiveRepairExceptionGUITest" name="gUITestDropDownRepairException" time="4.889"/>
  <system-out/>
  <testcase classname="fieldServiceFormsTest.PositiveRepairExceptionGUITest" name="gUITestDropDownRepairException" time="4.547"/>
  <system-out/>
  <testcase classname="fieldServiceFormsTest.PositiveRepairExceptionGUITest" name="gUITestDropDownRepairException" time="4.816"/>
  <system-out/>
  <testcase classname="fieldServiceFormsTest.PositiveRepairExceptionGUITest" name="gUITestDropDownRepairException" time="4.777"/>
  <system-out/>
  <testcase classname="fieldServiceFormsTest.PositiveRepairExceptionGUITest" name="gUITestDropDownRepairException" time="4.441"/>
  <system-out/>
  <testcase classname="fieldServiceFormsTest.PositiveRepairExceptionGUITest" name="gUITestDropDownRepairException" time="4.313"/>
  <system-out/>
  <testcase classname="fieldServiceFormsTest.PositiveRepairExceptionGUITest" name="gUITestDropDownRepairException" time="4.216"/>
  <system-out/>
  <testcase classname="fieldServiceFormsTest.PositiveRepairExceptionGUITest" name="gUITestDropDownRepairException" time="4.359"/>
  <system-out/>
  <testcase classname="fieldServiceFormsTest.PositiveRepairExceptionGUITest" name="gUITestDropDownRepairException" time="4.686"/>
  <system-out/>
  <testcase classname="fieldServiceFormsTest.PositiveRepairExceptionGUITest" name="gUITestDropDownRepairException" time="4.503"/>
  <system-out/>
  <testcase classname="fieldServiceFormsTest.PositiveRepairExceptionGUITest" name="gUITestDropDownRepairException" time="4.889"/>
  <system-out/>
  <testcase classname="fieldServiceFormsTest.PositiveRepairExceptionGUITest" name="gUITestDropDownRepairException" time="4.830"/>
  <system-out/>
  <testcase classname="fieldServiceFormsTest.PositiveRepairExceptionGUITest" name="gUITestDropDownRepairException" time="4.564"/>
  <system-out/>
  <testcase classname="fieldServiceFormsTest.PositiveRepairExceptionGUITest" name="gUITestDropDownRepairException" time="4.264"/>
  <system-out/>
  <testcase classname="fieldServiceFormsTest.PositiveRepairExceptionGUITest" name="gUITestDropDownRepairException" time="4.366"/>
  <system-out/>
  <testcase classname="fieldServiceFormsTest.PositiveRepairExceptionGUITest" name="gUITestDropDownRepairException" time="4.513"/>
  <system-out/>
  <testcase classname="fieldServiceFormsTest.PositiveRepairExceptionGUITest" name="gUITestDropDownRepairException" time="4.488"/>
  <system-out/>
  <testcase classname="fieldServiceFormsTest.PositiveRepairExceptionGUITest" name="gUITestDropDownRepairException" time="5.545"/>
  <system-out/>
  <testcase classname="fieldServiceFormsTest.PositiveRepairExceptionGUITest" name="gUITestDropDownRepairException" time="5.256"/>
  <system-out/>
  <testcase classname="fieldServiceFormsTest.PositiveRepairExceptionGUITest" name="gUITestDropDownRepairException" time="4.173"/>
  <system-out/>
  <testcase classname="fieldServiceFormsTest.PositiveRepairExceptionGUITest" name="gUITestDropDownRepairException" time="4.391"/>
  <system-out/>
  <testcase classname="fieldServiceFormsTest.PositiveRepairExceptionGUITest" name="gUITestDropDownRepairException" time="53.242">
    <error message="no such element: Unable to locate element: {&quot;method&quot;:&quot;css selector&quot;,&quot;selector&quot;:&quot;#repairException&quot;}
  (Session info: chrome=109.0.5414.75)
For documentation on this error, please visit: https://selenium.dev/exceptions/#no_such_element
Build info: version: &#039;4.3.0&#039;, revision: &#039;a4995e2c09*&#039;
System info: host: &#039;DESKTOP-M729FOC&#039;, ip: &#039;192.168.29.91&#039;, os.name: &#039;Windows 10&#039;, os.arch: &#039;amd64&#039;, os.version: &#039;10.0&#039;, java.version: &#039;11.0.13&#039;
Driver info: org.openqa.selenium.chrome.ChromeDriver
Command: [597a0c430c70878c24edba044d404178, findElement {using=id, value=repairException}]
Capabilities {acceptInsecureCerts: false, browserName: chrome, browserVersion: 109.0.5414.75, chrome: {chromedriverVersion: 109.0.5414.74 (e7c5703604da..., userDataDir: C:\Users\DELL\AppData\Local...}, goog:chromeOptions: {debuggerAddress: localhost:52569}, networkConnectionEnabled: false, pageLoadStrategy: normal, platformName: WINDOWS, proxy: Proxy(), se:cdp: ws://localhost:52569/devtoo..., se:cdpVersion: 109.0.5414.75, setWindowRect: true, strictFileInteractability: false, timeouts: {implicit: 0, pageLoad: 300000, script: 30000}, unhandledPromptBehavior: dismiss and notify, webauthn:extension:credBlob: true, webauthn:extension:largeBlob: true, webauthn:virtualAuthenticators: true}
Session ID: 597a0c430c70878c24edba044d404178" type="org.openqa.selenium.NoSuchElementException">
      <![CDATA[org.openqa.selenium.NoSuchElementException: no such element: Unable to locate element: {"method":"css selector","selector":"#repairException"}
  (Session info: chrome=109.0.5414.75)
For documentation on this error, please visit: https://selenium.dev/exceptions/#no_such_element
Build info: version: '4.3.0', revision: 'a4995e2c09*'
System info: host: 'DESKTOP-M729FOC', ip: '192.168.29.91', os.name: 'Windows 10', os.arch: 'amd64', os.version: '10.0', java.version: '11.0.13'
Driver info: org.openqa.selenium.chrome.ChromeDriver
Command: [597a0c430c70878c24edba044d404178, findElement {using=id, value=repairException}]
Capabilities {acceptInsecureCerts: false, browserName: chrome, browserVersion: 109.0.5414.75, chrome: {chromedriverVersion: 109.0.5414.74 (e7c5703604da..., userDataDir: C:\Users\DELL\AppData\Local...}, goog:chromeOptions: {debuggerAddress: localhost:52569}, networkConnectionEnabled: false, pageLoadStrategy: normal, platformName: WINDOWS, proxy: Proxy(), se:cdp: ws://localhost:52569/devtoo..., se:cdpVersion: 109.0.5414.75, setWindowRect: true, strictFileInteractability: false, timeouts: {implicit: 0, pageLoad: 300000, script: 30000}, unhandledPromptBehavior: dismiss and notify, webauthn:extension:credBlob: true, webauthn:extension:largeBlob: true, webauthn:virtualAuthenticators: true}
Session ID: 597a0c430c70878c24edba044d404178
at jdk.internal.reflect.GeneratedConstructorAccessor15.newInstance(Unknown Source)
at java.base/jdk.internal.reflect.DelegatingConstructorAccessorImpl.newInstance(DelegatingConstructorAccessorImpl.java:45)
at java.base/java.lang.reflect.Constructor.newInstance(Constructor.java:490)
at org.openqa.selenium.remote.codec.w3c.W3CHttpResponseCodec.createException(W3CHttpResponseCodec.java:200)
at org.openqa.selenium.remote.codec.w3c.W3CHttpResponseCodec.decode(W3CHttpResponseCodec.java:133)
at org.openqa.selenium.remote.codec.w3c.W3CHttpResponseCodec.decode(W3CHttpResponseCodec.java:53)
at org.openqa.selenium.remote.HttpCommandExecutor.execute(HttpCommandExecutor.java:184)
at org.openqa.selenium.remote.service.DriverCommandExecutor.invokeExecute(DriverCommandExecutor.java:167)
at org.openqa.selenium.remote.service.DriverCommandExecutor.execute(DriverCommandExecutor.java:142)
at org.openqa.selenium.remote.RemoteWebDriver.execute(RemoteWebDriver.java:569)
at org.openqa.selenium.remote.ElementLocation$ElementFinder$2.findElement(ElementLocation.java:162)
at org.openqa.selenium.remote.ElementLocation.findElement(ElementLocation.java:60)
at org.openqa.selenium.remote.RemoteWebDriver.findElement(RemoteWebDriver.java:387)
at org.openqa.selenium.remote.RemoteWebDriver.findElement(RemoteWebDriver.java:379)
at pageobjects.RepairLocatorsGUI.repairException(RepairLocatorsGUI.java:81)
at fieldServiceFormsTest.PositiveRepairExceptionGUITest.gUITestDropDownRepairException(PositiveRepairExceptionGUITest.java:95)
at jdk.internal.reflect.GeneratedMethodAccessor4.invoke(Unknown Source)
at java.base/jdk.internal.reflect.DelegatingMethodAccessorImpl.invoke(DelegatingMethodAccessorImpl.java:43)
at java.base/java.lang.reflect.Method.invoke(Method.java:566)
at org.testng.internal.MethodInvocationHelper.invokeMethod(MethodInvocationHelper.java:133)
at org.testng.internal.TestInvoker.invokeMethod(TestInvoker.java:598)
at org.testng.internal.TestInvoker.invokeTestMethod(TestInvoker.java:173)
at org.testng.internal.MethodRunner.runInSequence(MethodRunner.java:46)
at org.testng.internal.TestInvoker$MethodInvocationAgent.invoke(TestInvoker.java:824)
at org.testng.internal.TestInvoker.invokeTestMethods(TestInvoker.java:146)
at org.testng.internal.TestMethodWorker.invokeTestMethods(TestMethodWorker.java:146)
at org.testng.internal.TestMethodWorker.run(TestMethodWorker.java:128)
at java.base/java.util.ArrayList.forEach(ArrayList.java:1541)
at org.testng.TestRunner.privateRun(TestRunner.java:794)
at org.testng.TestRunner.run(TestRunner.java:596)
at org.testng.SuiteRunner.runTest(SuiteRunner.java:377)
at org.testng.SuiteRunner.runSequentially(SuiteRunner.java:371)
at org.testng.SuiteRunner.privateRun(SuiteRunner.java:332)
at org.testng.SuiteRunner.run(SuiteRunner.java:276)
at org.testng.SuiteRunnerWorker.runSuite(SuiteRunnerWorker.java:53)
at org.testng.SuiteRunnerWorker.run(SuiteRunnerWorker.java:96)
at org.testng.TestNG.runSuitesSequentially(TestNG.java:1212)
at org.testng.TestNG.runSuitesLocally(TestNG.java:1134)
at org.testng.TestNG.runSuites(TestNG.java:1063)
at org.testng.TestNG.run(TestNG.java:1031)
at org.testng.remote.AbstractRemoteTestNG.run(AbstractRemoteTestNG.java:115)
at org.testng.remote.RemoteTestNG.initAndRun(RemoteTestNG.java:251)
at org.testng.remote.RemoteTestNG.main(RemoteTestNG.java:77)
]]>
    </error>
  </testcase> <!-- gUITestDropDownRepairException -->
  <system-out/>
  <testcase classname="fieldServiceFormsTest.PositiveRepairExceptionGUITest" name="gUITestDropDownRepairException" time="4.452"/>
  <system-out/>
  <testcase classname="fieldServiceFormsTest.PositiveRepairExceptionGUITest" name="gUITestDropDownRepairException" time="5.997"/>
  <system-out/>
  <testcase classname="fieldServiceFormsTest.PositiveRepairExceptionGUITest" name="gUITestDropDownRepairException" time="5.139"/>
  <system-out/>
  <testcase classname="fieldServiceFormsTest.PositiveRepairExceptionGUITest" name="gUITestDropDownRepairException" time="4.556"/>
  <system-out/>
  <testcase classname="fieldServiceFormsTest.PositiveRepairExceptionGUITest" name="gUITestDropDownRepairException" time="4.821"/>
  <system-out/>
  <testcase classname="fieldServiceFormsTest.PositiveRepairExceptionGUITest" name="gUITestDropDownRepairException" time="4.986"/>
  <system-out/>
  <testcase classname="fieldServiceFormsTest.PositiveRepairExceptionGUITest" name="gUITestDropDownRepairException" time="4.418"/>
  <system-out/>
  <testcase classname="fieldServiceFormsTest.PositiveRepairExceptionGUITest" name="gUITestDropDownRepairException" time="4.242"/>
  <system-out/>
  <testcase classname="fieldServiceFormsTest.PositiveRepairExceptionGUITest" name="gUITestDropDownRepairException" time="5.483"/>
  <system-out/>
  <testcase classname="fieldServiceFormsTest.PositiveRepairExceptionGUITest" name="gUITestDropDownRepairException" time="4.459"/>
  <system-out/>
  <testcase classname="fieldServiceFormsTest.PositiveRepairExceptionGUITest" name="gUITestDropDownRepairException" time="4.794"/>
  <system-out/>
  <testcase classname="fieldServiceFormsTest.PositiveRepairExceptionGUITest" name="gUITestDropDownRepairException" time="4.616"/>
  <system-out/>
  <testcase classname="fieldServiceFormsTest.PositiveRepairExceptionGUITest" name="gUITestDropDownRepairException" time="4.190"/>
  <system-out/>
  <testcase classname="fieldServiceFormsTest.PositiveRepairExceptionGUITest" name="gUITestDropDownRepairException" time="4.455"/>
  <system-out/>
  <testcase classname="fieldServiceFormsTest.PositiveRepairExceptionGUITest" name="gUITestDropDownRepairException" time="4.206"/>
  <system-out/>
  <testcase classname="fieldServiceFormsTest.PositiveRepairExceptionGUITest" name="gUITestDropDownRepairException" time="4.413"/>
  <system-out/>
  <testcase classname="fieldServiceFormsTest.PositiveRepairExceptionGUITest" name="gUITestDropDownRepairException" time="4.228"/>
  <system-out/>
  <testcase classname="fieldServiceFormsTest.PositiveRepairExceptionGUITest" name="gUITestDropDownRepairException" time="4.518"/>
  <system-out/>
  <testcase classname="fieldServiceFormsTest.PositiveRepairExceptionGUITest" name="gUITestDropDownRepairException" time="4.397"/>
  <system-out/>
  <testcase classname="fieldServiceFormsTest.PositiveRepairExceptionGUITest" name="gUITestDropDownRepairException" time="4.879"/>
  <system-out/>
  <testcase classname="fieldServiceFormsTest.PositiveRepairExceptionGUITest" name="gUITestDropDownRepairException" time="4.609"/>
  <system-out/>
  <testcase classname="fieldServiceFormsTest.PositiveRepairExceptionGUITest" name="gUITestDropDownRepairException" time="4.383"/>
  <system-out/>
  <testcase classname="fieldServiceFormsTest.PositiveRepairExceptionGUITest" name="gUITestDropDownRepairException" time="4.811"/>
  <system-out/>
  <testcase classname="fieldServiceFormsTest.PositiveRepairExceptionGUITest" name="gUITestDropDownRepairException" time="4.423"/>
  <system-out/>
  <testcase classname="fieldServiceFormsTest.PositiveRepairExceptionGUITest" name="gUITestDropDownRepairException" time="5.018"/>
  <system-out/>
  <testcase classname="fieldServiceFormsTest.PositiveRepairExceptionGUITest" name="gUITestDropDownRepairException" time="4.466"/>
  <system-out/>
  <testcase classname="fieldServiceFormsTest.PositiveRepairExceptionGUITest" name="gUITestDropDownRepairException" time="4.396"/>
  <system-out/>
  <testcase classname="fieldServiceFormsTest.PositiveRepairExceptionGUITest" name="gUITestDropDownRepairException" time="4.648"/>
  <system-out/>
  <testcase classname="fieldServiceFormsTest.PositiveRepairExceptionGUITest" name="gUITestDropDownRepairException" time="4.468"/>
  <system-out/>
  <testcase classname="fieldServiceFormsTest.PositiveRepairExceptionGUITest" name="gUITestDropDownRepairException" time="4.816"/>
  <system-out/>
  <testcase classname="fieldServiceFormsTest.PositiveRepairExceptionGUITest" name="gUITestDropDownRepairException" time="4.485"/>
  <system-out/>
  <testcase classname="fieldServiceFormsTest.PositiveRepairExceptionGUITest" name="gUITestDropDownRepairException" time="4.938"/>
  <system-out/>
  <testcase classname="fieldServiceFormsTest.PositiveRepairExceptionGUITest" name="gUITestDropDownRepairException" time="4.560"/>
  <system-out/>
  <testcase classname="fieldServiceFormsTest.PositiveRepairExceptionGUITest" name="gUITestDropDownRepairException" time="4.950"/>
  <system-out/>
  <testcase classname="fieldServiceFormsTest.PositiveRepairExceptionGUITest" name="gUITestDropDownRepairException" time="4.956"/>
  <system-out/>
  <testcase classname="fieldServiceFormsTest.PositiveRepairExceptionGUITest" name="gUITestDropDownRepairException" time="4.837"/>
  <system-out/>
  <testcase classname="fieldServiceFormsTest.PositiveRepairExceptionGUITest" name="gUITestDropDownRepairException" time="4.841"/>
  <system-out/>
  <testcase classname="fieldServiceFormsTest.PositiveRepairExceptionGUITest" name="gUITestDropDownRepairException" time="4.480"/>
  <system-out/>
  <testcase classname="fieldServiceFormsTest.PositiveRepairExceptionGUITest" name="gUITestDropDownRepairException" time="53.214">
    <error message="no such element: Unable to locate element: {&quot;method&quot;:&quot;css selector&quot;,&quot;selector&quot;:&quot;#repairException&quot;}
  (Session info: chrome=109.0.5414.75)
For documentation on this error, please visit: https://selenium.dev/exceptions/#no_such_element
Build info: version: &#039;4.3.0&#039;, revision: &#039;a4995e2c09*&#039;
System info: host: &#039;DESKTOP-M729FOC&#039;, ip: &#039;192.168.29.91&#039;, os.name: &#039;Windows 10&#039;, os.arch: &#039;amd64&#039;, os.version: &#039;10.0&#039;, java.version: &#039;11.0.13&#039;
Driver info: org.openqa.selenium.chrome.ChromeDriver
Command: [597a0c430c70878c24edba044d404178, findElement {using=id, value=repairException}]
Capabilities {acceptInsecureCerts: false, browserName: chrome, browserVersion: 109.0.5414.75, chrome: {chromedriverVersion: 109.0.5414.74 (e7c5703604da..., userDataDir: C:\Users\DELL\AppData\Local...}, goog:chromeOptions: {debuggerAddress: localhost:52569}, networkConnectionEnabled: false, pageLoadStrategy: normal, platformName: WINDOWS, proxy: Proxy(), se:cdp: ws://localhost:52569/devtoo..., se:cdpVersion: 109.0.5414.75, setWindowRect: true, strictFileInteractability: false, timeouts: {implicit: 0, pageLoad: 300000, script: 30000}, unhandledPromptBehavior: dismiss and notify, webauthn:extension:credBlob: true, webauthn:extension:largeBlob: true, webauthn:virtualAuthenticators: true}
Session ID: 597a0c430c70878c24edba044d404178" type="org.openqa.selenium.NoSuchElementException">
      <![CDATA[org.openqa.selenium.NoSuchElementException: no such element: Unable to locate element: {"method":"css selector","selector":"#repairException"}
  (Session info: chrome=109.0.5414.75)
For documentation on this error, please visit: https://selenium.dev/exceptions/#no_such_element
Build info: version: '4.3.0', revision: 'a4995e2c09*'
System info: host: 'DESKTOP-M729FOC', ip: '192.168.29.91', os.name: 'Windows 10', os.arch: 'amd64', os.version: '10.0', java.version: '11.0.13'
Driver info: org.openqa.selenium.chrome.ChromeDriver
Command: [597a0c430c70878c24edba044d404178, findElement {using=id, value=repairException}]
Capabilities {acceptInsecureCerts: false, browserName: chrome, browserVersion: 109.0.5414.75, chrome: {chromedriverVersion: 109.0.5414.74 (e7c5703604da..., userDataDir: C:\Users\DELL\AppData\Local...}, goog:chromeOptions: {debuggerAddress: localhost:52569}, networkConnectionEnabled: false, pageLoadStrategy: normal, platformName: WINDOWS, proxy: Proxy(), se:cdp: ws://localhost:52569/devtoo..., se:cdpVersion: 109.0.5414.75, setWindowRect: true, strictFileInteractability: false, timeouts: {implicit: 0, pageLoad: 300000, script: 30000}, unhandledPromptBehavior: dismiss and notify, webauthn:extension:credBlob: true, webauthn:extension:largeBlob: true, webauthn:virtualAuthenticators: true}
Session ID: 597a0c430c70878c24edba044d404178
at jdk.internal.reflect.GeneratedConstructorAccessor15.newInstance(Unknown Source)
at java.base/jdk.internal.reflect.DelegatingConstructorAccessorImpl.newInstance(DelegatingConstructorAccessorImpl.java:45)
at java.base/java.lang.reflect.Constructor.newInstance(Constructor.java:490)
at org.openqa.selenium.remote.codec.w3c.W3CHttpResponseCodec.createException(W3CHttpResponseCodec.java:200)
at org.openqa.selenium.remote.codec.w3c.W3CHttpResponseCodec.decode(W3CHttpResponseCodec.java:133)
at org.openqa.selenium.remote.codec.w3c.W3CHttpResponseCodec.decode(W3CHttpResponseCodec.java:53)
at org.openqa.selenium.remote.HttpCommandExecutor.execute(HttpCommandExecutor.java:184)
at org.openqa.selenium.remote.service.DriverCommandExecutor.invokeExecute(DriverCommandExecutor.java:167)
at org.openqa.selenium.remote.service.DriverCommandExecutor.execute(DriverCommandExecutor.java:142)
at org.openqa.selenium.remote.RemoteWebDriver.execute(RemoteWebDriver.java:569)
at org.openqa.selenium.remote.ElementLocation$ElementFinder$2.findElement(ElementLocation.java:162)
at org.openqa.selenium.remote.ElementLocation.findElement(ElementLocation.java:60)
at org.openqa.selenium.remote.RemoteWebDriver.findElement(RemoteWebDriver.java:387)
at org.openqa.selenium.remote.RemoteWebDriver.findElement(RemoteWebDriver.java:379)
at pageobjects.RepairLocatorsGUI.repairException(RepairLocatorsGUI.java:81)
at fieldServiceFormsTest.PositiveRepairExceptionGUITest.gUITestDropDownRepairException(PositiveRepairExceptionGUITest.java:95)
at jdk.internal.reflect.GeneratedMethodAccessor4.invoke(Unknown Source)
at java.base/jdk.internal.reflect.DelegatingMethodAccessorImpl.invoke(DelegatingMethodAccessorImpl.java:43)
at java.base/java.lang.reflect.Method.invoke(Method.java:566)
at org.testng.internal.MethodInvocationHelper.invokeMethod(MethodInvocationHelper.java:133)
at org.testng.internal.TestInvoker.invokeMethod(TestInvoker.java:598)
at org.testng.internal.TestInvoker.invokeTestMethod(TestInvoker.java:173)
at org.testng.internal.MethodRunner.runInSequence(MethodRunner.java:46)
at org.testng.internal.TestInvoker$MethodInvocationAgent.invoke(TestInvoker.java:824)
at org.testng.internal.TestInvoker.invokeTestMethods(TestInvoker.java:146)
at org.testng.internal.TestMethodWorker.invokeTestMethods(TestMethodWorker.java:146)
at org.testng.internal.TestMethodWorker.run(TestMethodWorker.java:128)
at java.base/java.util.ArrayList.forEach(ArrayList.java:1541)
at org.testng.TestRunner.privateRun(TestRunner.java:794)
at org.testng.TestRunner.run(TestRunner.java:596)
at org.testng.SuiteRunner.runTest(SuiteRunner.java:377)
at org.testng.SuiteRunner.runSequentially(SuiteRunner.java:371)
at org.testng.SuiteRunner.privateRun(SuiteRunner.java:332)
at org.testng.SuiteRunner.run(SuiteRunner.java:276)
at org.testng.SuiteRunnerWorker.runSuite(SuiteRunnerWorker.java:53)
at org.testng.SuiteRunnerWorker.run(SuiteRunnerWorker.java:96)
at org.testng.TestNG.runSuitesSequentially(TestNG.java:1212)
at org.testng.TestNG.runSuitesLocally(TestNG.java:1134)
at org.testng.TestNG.runSuites(TestNG.java:1063)
at org.testng.TestNG.run(TestNG.java:1031)
at org.testng.remote.AbstractRemoteTestNG.run(AbstractRemoteTestNG.java:115)
at org.testng.remote.RemoteTestNG.initAndRun(RemoteTestNG.java:251)
at org.testng.remote.RemoteTestNG.main(RemoteTestNG.java:77)
]]>
    </error>
  </testcase> <!-- gUITestDropDownRepairException -->
  <system-out/>
  <testcase classname="fieldServiceFormsTest.PositiveRepairExceptionGUITest" name="gUITestDropDownRepairException" time="5.500"/>
  <system-out/>
  <testcase classname="fieldServiceFormsTest.PositiveRepairExceptionGUITest" name="gUITestDropDownRepairException" time="4.478"/>
  <system-out/>
  <testcase classname="fieldServiceFormsTest.PositiveRepairExceptionGUITest" name="gUITestDropDownRepairException" time="4.210"/>
  <system-out/>
  <testcase classname="fieldServiceFormsTest.PositiveRepairExceptionGUITest" name="gUITestDropDownRepairException" time="4.391"/>
  <system-out/>
  <testcase classname="fieldServiceFormsTest.PositiveRepairExceptionGUITest" name="gUITestDropDownRepairException" time="53.166">
    <error message="no such element: Unable to locate element: {&quot;method&quot;:&quot;css selector&quot;,&quot;selector&quot;:&quot;#repairException&quot;}
  (Session info: chrome=109.0.5414.75)
For documentation on this error, please visit: https://selenium.dev/exceptions/#no_such_element
Build info: version: &#039;4.3.0&#039;, revision: &#039;a4995e2c09*&#039;
System info: host: &#039;DESKTOP-M729FOC&#039;, ip: &#039;192.168.29.91&#039;, os.name: &#039;Windows 10&#039;, os.arch: &#039;amd64&#039;, os.version: &#039;10.0&#039;, java.version: &#039;11.0.13&#039;
Driver info: org.openqa.selenium.chrome.ChromeDriver
Command: [597a0c430c70878c24edba044d404178, findElement {using=id, value=repairException}]
Capabilities {acceptInsecureCerts: false, browserName: chrome, browserVersion: 109.0.5414.75, chrome: {chromedriverVersion: 109.0.5414.74 (e7c5703604da..., userDataDir: C:\Users\DELL\AppData\Local...}, goog:chromeOptions: {debuggerAddress: localhost:52569}, networkConnectionEnabled: false, pageLoadStrategy: normal, platformName: WINDOWS, proxy: Proxy(), se:cdp: ws://localhost:52569/devtoo..., se:cdpVersion: 109.0.5414.75, setWindowRect: true, strictFileInteractability: false, timeouts: {implicit: 0, pageLoad: 300000, script: 30000}, unhandledPromptBehavior: dismiss and notify, webauthn:extension:credBlob: true, webauthn:extension:largeBlob: true, webauthn:virtualAuthenticators: true}
Session ID: 597a0c430c70878c24edba044d404178" type="org.openqa.selenium.NoSuchElementException">
      <![CDATA[org.openqa.selenium.NoSuchElementException: no such element: Unable to locate element: {"method":"css selector","selector":"#repairException"}
  (Session info: chrome=109.0.5414.75)
For documentation on this error, please visit: https://selenium.dev/exceptions/#no_such_element
Build info: version: '4.3.0', revision: 'a4995e2c09*'
System info: host: 'DESKTOP-M729FOC', ip: '192.168.29.91', os.name: 'Windows 10', os.arch: 'amd64', os.version: '10.0', java.version: '11.0.13'
Driver info: org.openqa.selenium.chrome.ChromeDriver
Command: [597a0c430c70878c24edba044d404178, findElement {using=id, value=repairException}]
Capabilities {acceptInsecureCerts: false, browserName: chrome, browserVersion: 109.0.5414.75, chrome: {chromedriverVersion: 109.0.5414.74 (e7c5703604da..., userDataDir: C:\Users\DELL\AppData\Local...}, goog:chromeOptions: {debuggerAddress: localhost:52569}, networkConnectionEnabled: false, pageLoadStrategy: normal, platformName: WINDOWS, proxy: Proxy(), se:cdp: ws://localhost:52569/devtoo..., se:cdpVersion: 109.0.5414.75, setWindowRect: true, strictFileInteractability: false, timeouts: {implicit: 0, pageLoad: 300000, script: 30000}, unhandledPromptBehavior: dismiss and notify, webauthn:extension:credBlob: true, webauthn:extension:largeBlob: true, webauthn:virtualAuthenticators: true}
Session ID: 597a0c430c70878c24edba044d404178
at jdk.internal.reflect.GeneratedConstructorAccessor15.newInstance(Unknown Source)
at java.base/jdk.internal.reflect.DelegatingConstructorAccessorImpl.newInstance(DelegatingConstructorAccessorImpl.java:45)
at java.base/java.lang.reflect.Constructor.newInstance(Constructor.java:490)
at org.openqa.selenium.remote.codec.w3c.W3CHttpResponseCodec.createException(W3CHttpResponseCodec.java:200)
at org.openqa.selenium.remote.codec.w3c.W3CHttpResponseCodec.decode(W3CHttpResponseCodec.java:133)
at org.openqa.selenium.remote.codec.w3c.W3CHttpResponseCodec.decode(W3CHttpResponseCodec.java:53)
at org.openqa.selenium.remote.HttpCommandExecutor.execute(HttpCommandExecutor.java:184)
at org.openqa.selenium.remote.service.DriverCommandExecutor.invokeExecute(DriverCommandExecutor.java:167)
at org.openqa.selenium.remote.service.DriverCommandExecutor.execute(DriverCommandExecutor.java:142)
at org.openqa.selenium.remote.RemoteWebDriver.execute(RemoteWebDriver.java:569)
at org.openqa.selenium.remote.ElementLocation$ElementFinder$2.findElement(ElementLocation.java:162)
at org.openqa.selenium.remote.ElementLocation.findElement(ElementLocation.java:60)
at org.openqa.selenium.remote.RemoteWebDriver.findElement(RemoteWebDriver.java:387)
at org.openqa.selenium.remote.RemoteWebDriver.findElement(RemoteWebDriver.java:379)
at pageobjects.RepairLocatorsGUI.repairException(RepairLocatorsGUI.java:81)
at fieldServiceFormsTest.PositiveRepairExceptionGUITest.gUITestDropDownRepairException(PositiveRepairExceptionGUITest.java:95)
at jdk.internal.reflect.GeneratedMethodAccessor4.invoke(Unknown Source)
at java.base/jdk.internal.reflect.DelegatingMethodAccessorImpl.invoke(DelegatingMethodAccessorImpl.java:43)
at java.base/java.lang.reflect.Method.invoke(Method.java:566)
at org.testng.internal.MethodInvocationHelper.invokeMethod(MethodInvocationHelper.java:133)
at org.testng.internal.TestInvoker.invokeMethod(TestInvoker.java:598)
at org.testng.internal.TestInvoker.invokeTestMethod(TestInvoker.java:173)
at org.testng.internal.MethodRunner.runInSequence(MethodRunner.java:46)
at org.testng.internal.TestInvoker$MethodInvocationAgent.invoke(TestInvoker.java:824)
at org.testng.internal.TestInvoker.invokeTestMethods(TestInvoker.java:146)
at org.testng.internal.TestMethodWorker.invokeTestMethods(TestMethodWorker.java:146)
at org.testng.internal.TestMethodWorker.run(TestMethodWorker.java:128)
at java.base/java.util.ArrayList.forEach(ArrayList.java:1541)
at org.testng.TestRunner.privateRun(TestRunner.java:794)
at org.testng.TestRunner.run(TestRunner.java:596)
at org.testng.SuiteRunner.runTest(SuiteRunner.java:377)
at org.testng.SuiteRunner.runSequentially(SuiteRunner.java:371)
at org.testng.SuiteRunner.privateRun(SuiteRunner.java:332)
at org.testng.SuiteRunner.run(SuiteRunner.java:276)
at org.testng.SuiteRunnerWorker.runSuite(SuiteRunnerWorker.java:53)
at org.testng.SuiteRunnerWorker.run(SuiteRunnerWorker.java:96)
at org.testng.TestNG.runSuitesSequentially(TestNG.java:1212)
at org.testng.TestNG.runSuitesLocally(TestNG.java:1134)
at org.testng.TestNG.runSuites(TestNG.java:1063)
at org.testng.TestNG.run(TestNG.java:1031)
at org.testng.remote.AbstractRemoteTestNG.run(AbstractRemoteTestNG.java:115)
at org.testng.remote.RemoteTestNG.initAndRun(RemoteTestNG.java:251)
at org.testng.remote.RemoteTestNG.main(RemoteTestNG.java:77)
]]>
    </error>
  </testcase> <!-- gUITestDropDownRepairException -->
  <system-out/>
  <testcase classname="fieldServiceFormsTest.PositiveRepairExceptionGUITest" name="gUITestDropDownRepairException" time="4.613"/>
  <system-out/>
  <testcase classname="fieldServiceFormsTest.PositiveRepairExceptionGUITest" name="gUITestDropDownRepairException" time="4.864"/>
  <system-out/>
  <testcase classname="fieldServiceFormsTest.PositiveRepairExceptionGUITest" name="gUITestDropDownRepairException" time="4.855"/>
  <system-out/>
  <testcase classname="fieldServiceFormsTest.PositiveRepairExceptionGUITest" name="gUITestDropDownRepairException" time="5.453"/>
  <system-out/>
  <testcase classname="fieldServiceFormsTest.PositiveRepairExceptionGUITest" name="gUITestDropDownRepairException" time="5.089"/>
  <system-out/>
  <testcase classname="fieldServiceFormsTest.PositiveRepairExceptionGUITest" name="gUITestDropDownRepairException" time="5.610"/>
  <system-out/>
  <testcase classname="fieldServiceFormsTest.PositiveRepairExceptionGUITest" name="gUITestDropDownRepairException" time="4.442"/>
  <system-out/>
  <testcase classname="fieldServiceFormsTest.PositiveRepairExceptionGUITest" name="gUITestDropDownRepairException" time="4.855"/>
  <system-out/>
  <testcase classname="fieldServiceFormsTest.PositiveRepairExceptionGUITest" name="gUITestDropDownRepairException" time="5.887"/>
  <system-out/>
  <testcase classname="fieldServiceFormsTest.PositiveRepairExceptionGUITest" name="gUITestDropDownRepairException" time="4.714"/>
  <system-out/>
  <testcase classname="fieldServiceFormsTest.PositiveRepairExceptionGUITest" name="gUITestDropDownRepairException" time="4.488"/>
  <system-out/>
  <testcase classname="fieldServiceFormsTest.PositiveRepairExceptionGUITest" name="gUITestDropDownRepairException" time="4.927"/>
  <system-out/>
  <testcase classname="fieldServiceFormsTest.PositiveRepairExceptionGUITest" name="gUITestDropDownRepairException" time="4.883"/>
  <system-out/>
  <testcase classname="fieldServiceFormsTest.PositiveRepairExceptionGUITest" name="gUITestDropDownRepairException" time="6.272"/>
  <system-out/>
  <testcase classname="fieldServiceFormsTest.PositiveRepairExceptionGUITest" name="gUITestDropDownRepairException" time="4.929"/>
  <system-out/>
  <testcase classname="fieldServiceFormsTest.PositiveRepairExceptionGUITest" name="gUITestDropDownRepairException" time="4.778"/>
  <system-out/>
  <testcase classname="fieldServiceFormsTest.PositiveRepairExceptionGUITest" name="gUITestDropDownRepairException" time="5.041"/>
  <system-out/>
  <testcase classname="fieldServiceFormsTest.PositiveRepairExceptionGUITest" name="gUITestDropDownRepairException" time="5.301"/>
  <system-out/>
  <testcase classname="fieldServiceFormsTest.PositiveRepairExceptionGUITest" name="gUITestDropDownRepairException" time="4.477"/>
  <system-out/>
  <testcase classname="fieldServiceFormsTest.PositiveRepairExceptionGUITest" name="gUITestDropDownRepairException" time="4.388"/>
  <system-out/>
  <testcase classname="fieldServiceFormsTest.PositiveRepairExceptionGUITest" name="gUITestDropDownRepairException" time="4.593"/>
  <system-out/>
  <testcase classname="fieldServiceFormsTest.PositiveRepairExceptionGUITest" name="gUITestDropDownRepairException" time="5.614"/>
  <system-out/>
  <testcase classname="fieldServiceFormsTest.PositiveRepairExceptionGUITest" name="gUITestDropDownRepairException" time="6.447"/>
  <system-out/>
  <testcase classname="fieldServiceFormsTest.PositiveRepairExceptionGUITest" name="gUITestDropDownRepairException" time="4.874"/>
  <system-out/>
  <testcase classname="fieldServiceFormsTest.PositiveRepairExceptionGUITest" name="gUITestDropDownRepairException" time="4.300"/>
  <system-out/>
  <testcase classname="fieldServiceFormsTest.PositiveRepairExceptionGUITest" name="gUITestDropDownRepairException" time="6.664"/>
  <system-out/>
  <testcase classname="fieldServiceFormsTest.PositiveRepairExceptionGUITest" name="gUITestDropDownRepairException" time="4.552"/>
  <system-out/>
  <testcase classname="fieldServiceFormsTest.PositiveRepairExceptionGUITest" name="gUITestDropDownRepairException" time="6.463"/>
  <system-out/>
  <testcase classname="fieldServiceFormsTest.PositiveRepairExceptionGUITest" name="gUITestDropDownRepairException" time="5.140"/>
  <system-out/>
  <testcase classname="fieldServiceFormsTest.PositiveRepairExceptionGUITest" name="gUITestDropDownRepairException" time="4.876"/>
  <system-out/>
  <testcase classname="fieldServiceFormsTest.PositiveRepairExceptionGUITest" name="gUITestDropDownRepairException" time="4.845"/>
  <system-out/>
  <testcase classname="fieldServiceFormsTest.PositiveRepairExceptionGUITest" name="gUITestDropDownRepairException" time="4.445"/>
  <system-out/>
  <testcase classname="fieldServiceFormsTest.PositiveRepairExceptionGUITest" name="gUITestDropDownRepairException" time="4.438"/>
  <system-out/>
  <testcase classname="fieldServiceFormsTest.PositiveRepairExceptionGUITest" name="gUITestDropDownRepairException" time="4.308"/>
  <system-out/>
  <testcase classname="fieldServiceFormsTest.PositiveRepairExceptionGUITest" name="gUITestDropDownRepairException" time="5.514"/>
  <system-out/>
  <testcase classname="fieldServiceFormsTest.PositiveRepairExceptionGUITest" name="gUITestDropDownRepairException" time="4.991"/>
  <system-out/>
  <testcase classname="fieldServiceFormsTest.PositiveRepairExceptionGUITest" name="gUITestDropDownRepairException" time="4.775"/>
  <system-out/>
  <testcase classname="fieldServiceFormsTest.PositiveRepairExceptionGUITest" name="gUITestDropDownRepairException" time="5.215"/>
  <system-out/>
  <testcase classname="fieldServiceFormsTest.PositiveRepairExceptionGUITest" name="gUITestDropDownRepairException" time="4.754"/>
  <system-out/>
  <testcase classname="fieldServiceFormsTest.PositiveRepairExceptionGUITest" name="gUITestDropDownRepairException" time="4.366"/>
  <system-out/>
  <testcase classname="fieldServiceFormsTest.PositiveRepairExceptionGUITest" name="gUITestDropDownRepairException" time="5.052"/>
  <system-out/>
  <testcase classname="fieldServiceFormsTest.PositiveRepairExceptionGUITest" name="gUITestDropDownRepairException" time="4.621"/>
  <system-out/>
  <testcase classname="fieldServiceFormsTest.PositiveRepairExceptionGUITest" name="gUITestDropDownRepairException" time="4.952"/>
  <system-out/>
  <testcase classname="fieldServiceFormsTest.PositiveRepairExceptionGUITest" name="gUITestDropDownRepairException" time="5.797"/>
  <system-out/>
  <testcase classname="fieldServiceFormsTest.PositiveRepairExceptionGUITest" name="gUITestDropDownRepairException" time="4.481"/>
  <system-out/>
  <testcase classname="fieldServiceFormsTest.PositiveRepairExceptionGUITest" name="gUITestDropDownRepairException" time="4.202"/>
  <system-out/>
  <testcase classname="fieldServiceFormsTest.PositiveRepairExceptionGUITest" name="gUITestDropDownRepairException" time="4.410"/>
  <system-out/>
  <testcase classname="fieldServiceFormsTest.PositiveRepairExceptionGUITest" name="gUITestDropDownRepairException" time="4.195"/>
  <system-out/>
  <testcase classname="fieldServiceFormsTest.PositiveRepairExceptionGUITest" name="gUITestDropDownRepairException" time="4.978"/>
  <system-out/>
  <testcase classname="fieldServiceFormsTest.PositiveRepairExceptionGUITest" name="gUITestDropDownRepairException" time="4.213"/>
  <system-out/>
  <testcase classname="fieldServiceFormsTest.PositiveRepairExceptionGUITest" name="gUITestDropDownRepairException" time="4.466"/>
  <system-out/>
  <testcase classname="fieldServiceFormsTest.PositiveRepairExceptionGUITest" name="gUITestDropDownRepairException" time="4.873"/>
  <system-out/>
  <testcase classname="fieldServiceFormsTest.PositiveRepairExceptionGUITest" name="gUITestDropDownRepairException" time="4.404"/>
  <system-out/>
  <testcase classname="fieldServiceFormsTest.PositiveRepairExceptionGUITest" name="gUITestDropDownRepairException" time="4.829"/>
  <system-out/>
  <testcase classname="fieldServiceFormsTest.PositiveRepairExceptionGUITest" name="gUITestDropDownRepairException" time="4.484"/>
  <system-out/>
  <testcase classname="fieldServiceFormsTest.PositiveRepairExceptionGUITest" name="gUITestDropDownRepairException" time="4.240"/>
  <system-out/>
  <testcase classname="fieldServiceFormsTest.PositiveRepairExceptionGUITest" name="gUITestDropDownRepairException" time="4.481"/>
  <system-out/>
  <testcase classname="fieldServiceFormsTest.PositiveRepairExceptionGUITest" name="gUITestDropDownRepairException" time="4.283"/>
  <system-out/>
  <testcase classname="fieldServiceFormsTest.PositiveRepairExceptionGUITest" name="gUITestDropDownRepairException" time="4.277"/>
  <system-out/>
  <testcase classname="fieldServiceFormsTest.PositiveRepairExceptionGUITest" name="gUITestDropDownRepairException" time="4.352"/>
  <system-out/>
  <testcase classname="fieldServiceFormsTest.PositiveRepairExceptionGUITest" name="gUITestDropDownRepairException" time="4.492"/>
  <system-out/>
  <testcase classname="fieldServiceFormsTest.PositiveRepairExceptionGUITest" name="gUITestDropDownRepairException" time="4.827"/>
  <system-out/>
  <testcase classname="fieldServiceFormsTest.PositiveRepairExceptionGUITest" name="gUITestDropDownRepairException" time="4.504"/>
  <system-out/>
  <testcase classname="fieldServiceFormsTest.PositiveRepairExceptionGUITest" name="gUITestDropDownRepairException" time="4.783"/>
  <system-out/>
  <testcase classname="fieldServiceFormsTest.PositiveRepairExceptionGUITest" name="gUITestDropDownRepairException" time="4.498"/>
  <system-out/>
  <testcase classname="fieldServiceFormsTest.PositiveRepairExceptionGUITest" name="gUITestDropDownRepairException" time="5.303"/>
  <system-out/>
  <testcase classname="fieldServiceFormsTest.PositiveRepairExceptionGUITest" name="gUITestDropDownRepairException" time="4.251"/>
  <system-out/>
  <testcase classname="fieldServiceFormsTest.PositiveRepairExceptionGUITest" name="gUITestDropDownRepairException" time="4.354"/>
  <system-out/>
  <testcase classname="fieldServiceFormsTest.PositiveRepairExceptionGUITest" name="gUITestDropDownRepairException" time="5.059"/>
  <system-out/>
  <testcase classname="fieldServiceFormsTest.PositiveRepairExceptionGUITest" name="gUITestDropDownRepairException" time="4.942"/>
  <system-out/>
  <testcase classname="fieldServiceFormsTest.PositiveRepairExceptionGUITest" name="gUITestDropDownRepairException" time="4.448"/>
  <system-out/>
  <testcase classname="fieldServiceFormsTest.PositiveRepairExceptionGUITest" name="gUITestDropDownRepairException" time="4.421"/>
  <system-out/>
  <testcase classname="fieldServiceFormsTest.PositiveRepairExceptionGUITest" name="gUITestDropDownRepairException" time="4.419"/>
  <system-out/>
  <testcase classname="fieldServiceFormsTest.PositiveRepairExceptionGUITest" name="gUITestDropDownRepairException" time="4.326"/>
  <system-out/>
  <testcase classname="fieldServiceFormsTest.PositiveRepairExceptionGUITest" name="gUITestDropDownRepairException" time="4.236"/>
  <system-out/>
  <testcase classname="fieldServiceFormsTest.PositiveRepairExceptionGUITest" name="gUITestDropDownRepairException" time="4.390"/>
  <system-out/>
  <testcase classname="fieldServiceFormsTest.PositiveRepairExceptionGUITest" name="gUITestDropDownRepairException" time="4.528"/>
  <system-out/>
  <testcase classname="fieldServiceFormsTest.PositiveRepairExceptionGUITest" name="gUITestDropDownRepairException" time="4.964"/>
  <system-out/>
  <testcase classname="fieldServiceFormsTest.PositiveRepairExceptionGUITest" name="gUITestDropDownRepairException" time="4.426"/>
  <system-out/>
  <testcase classname="fieldServiceFormsTest.PositiveRepairExceptionGUITest" name="gUITestDropDownRepairException" time="4.402"/>
  <system-out/>
  <testcase classname="fieldServiceFormsTest.PositiveRepairExceptionGUITest" name="gUITestDropDownRepairException" time="4.398"/>
  <system-out/>
  <testcase classname="fieldServiceFormsTest.PositiveRepairExceptionGUITest" name="gUITestDropDownRepairException" time="4.381"/>
  <system-out/>
  <testcase classname="fieldServiceFormsTest.PositiveRepairExceptionGUITest" name="gUITestDropDownRepairException" time="4.343"/>
  <system-out/>
  <testcase classname="fieldServiceFormsTest.PositiveRepairExceptionGUITest" name="gUITestDropDownRepairException" time="4.436"/>
  <system-out/>
  <testcase classname="fieldServiceFormsTest.PositiveRepairExceptionGUITest" name="gUITestDropDownRepairException" time="4.234"/>
  <system-out/>
  <testcase classname="fieldServiceFormsTest.PositiveRepairExceptionGUITest" name="gUITestDropDownRepairException" time="4.342"/>
  <system-out/>
  <testcase classname="fieldServiceFormsTest.PositiveRepairExceptionGUITest" name="gUITestDropDownRepairException" time="4.911"/>
  <system-out/>
  <testcase classname="fieldServiceFormsTest.PositiveRepairExceptionGUITest" name="gUITestDropDownRepairException" time="4.229"/>
  <system-out/>
  <testcase classname="fieldServiceFormsTest.PositiveRepairExceptionGUITest" name="gUITestDropDownRepairException" time="4.525"/>
  <system-out/>
  <testcase classname="fieldServiceFormsTest.PositiveRepairExceptionGUITest" name="gUITestDropDownRepairException" time="4.441"/>
  <system-out/>
  <testcase classname="fieldServiceFormsTest.PositiveRepairExceptionGUITest" name="gUITestDropDownRepairException" time="4.826"/>
  <system-out/>
  <testcase classname="fieldServiceFormsTest.PositiveRepairExceptionGUITest" name="gUITestDropDownRepairException" time="4.455"/>
  <system-out/>
  <testcase classname="fieldServiceFormsTest.PositiveRepairExceptionGUITest" name="gUITestDropDownRepairException" time="4.832"/>
  <system-out/>
  <testcase classname="fieldServiceFormsTest.PositiveRepairExceptionGUITest" name="gUITestDropDownRepairException" time="4.902"/>
  <system-out/>
  <testcase classname="fieldServiceFormsTest.PositiveRepairExceptionGUITest" name="gUITestDropDownRepairException" time="5.328"/>
  <system-out/>
  <testcase classname="fieldServiceFormsTest.PositiveRepairExceptionGUITest" name="gUITestDropDownRepairException" time="4.200"/>
  <system-out/>
  <testcase classname="fieldServiceFormsTest.PositiveRepairExceptionGUITest" name="gUITestDropDownRepairException" time="4.204"/>
  <system-out/>
  <testcase classname="fieldServiceFormsTest.PositiveRepairExceptionGUITest" name="gUITestDropDownRepairException" time="4.257"/>
  <system-out/>
  <testcase classname="fieldServiceFormsTest.PositiveRepairExceptionGUITest" name="gUITestDropDownRepairException" time="4.590"/>
  <system-out/>
  <testcase classname="fieldServiceFormsTest.PositiveRepairExceptionGUITest" name="gUITestDropDownRepairException" time="4.441"/>
  <system-out/>
  <testcase classname="fieldServiceFormsTest.PositiveRepairExceptionGUITest" name="gUITestDropDownRepairException" time="6.753"/>
  <system-out/>
  <testcase classname="fieldServiceFormsTest.PositiveRepairExceptionGUITest" name="gUITestDropDownRepairException" time="4.847"/>
  <system-out/>
  <testcase classname="fieldServiceFormsTest.PositiveRepairExceptionGUITest" name="gUITestDropDownRepairException" time="4.895"/>
  <system-out/>
  <testcase classname="fieldServiceFormsTest.PositiveRepairExceptionGUITest" name="gUITestDropDownRepairException" time="5.305"/>
  <system-out/>
  <testcase classname="fieldServiceFormsTest.PositiveRepairExceptionGUITest" name="gUITestDropDownRepairException" time="4.630"/>
  <system-out/>
  <testcase classname="fieldServiceFormsTest.PositiveRepairExceptionGUITest" name="gUITestDropDownRepairException" time="4.095"/>
  <system-out/>
  <testcase classname="fieldServiceFormsTest.PositiveRepairExceptionGUITest" name="gUITestDropDownRepairException" time="4.496"/>
  <system-out/>
  <testcase classname="fieldServiceFormsTest.PositiveRepairExceptionGUITest" name="gUITestDropDownRepairException" time="4.573"/>
  <system-out/>
  <testcase classname="fieldServiceFormsTest.PositiveRepairExceptionGUITest" name="gUITestDropDownRepairException" time="4.149"/>
  <system-out/>
  <testcase classname="fieldServiceFormsTest.PositiveRepairExceptionGUITest" name="gUITestDropDownRepairException" time="4.440"/>
  <system-out/>
  <testcase classname="fieldServiceFormsTest.PositiveRepairExceptionGUITest" name="gUITestDropDownRepairException" time="4.733"/>
  <system-out/>
  <testcase classname="fieldServiceFormsTest.PositiveRepairExceptionGUITest" name="gUITestDropDownRepairException" time="4.366"/>
  <system-out/>
  <testcase classname="fieldServiceFormsTest.PositiveRepairExceptionGUITest" name="gUITestDropDownRepairException" time="6.406"/>
  <system-out/>
  <testcase classname="fieldServiceFormsTest.PositiveRepairExceptionGUITest" name="gUITestDropDownRepairException" time="53.152">
    <error message="no such element: Unable to locate element: {&quot;method&quot;:&quot;css selector&quot;,&quot;selector&quot;:&quot;#repairException&quot;}
  (Session info: chrome=109.0.5414.75)
For documentation on this error, please visit: https://selenium.dev/exceptions/#no_such_element
Build info: version: &#039;4.3.0&#039;, revision: &#039;a4995e2c09*&#039;
System info: host: &#039;DESKTOP-M729FOC&#039;, ip: &#039;192.168.29.91&#039;, os.name: &#039;Windows 10&#039;, os.arch: &#039;amd64&#039;, os.version: &#039;10.0&#039;, java.version: &#039;11.0.13&#039;
Driver info: org.openqa.selenium.chrome.ChromeDriver
Command: [597a0c430c70878c24edba044d404178, findElement {using=id, value=repairException}]
Capabilities {acceptInsecureCerts: false, browserName: chrome, browserVersion: 109.0.5414.75, chrome: {chromedriverVersion: 109.0.5414.74 (e7c5703604da..., userDataDir: C:\Users\DELL\AppData\Local...}, goog:chromeOptions: {debuggerAddress: localhost:52569}, networkConnectionEnabled: false, pageLoadStrategy: normal, platformName: WINDOWS, proxy: Proxy(), se:cdp: ws://localhost:52569/devtoo..., se:cdpVersion: 109.0.5414.75, setWindowRect: true, strictFileInteractability: false, timeouts: {implicit: 0, pageLoad: 300000, script: 30000}, unhandledPromptBehavior: dismiss and notify, webauthn:extension:credBlob: true, webauthn:extension:largeBlob: true, webauthn:virtualAuthenticators: true}
Session ID: 597a0c430c70878c24edba044d404178" type="org.openqa.selenium.NoSuchElementException">
      <![CDATA[org.openqa.selenium.NoSuchElementException: no such element: Unable to locate element: {"method":"css selector","selector":"#repairException"}
  (Session info: chrome=109.0.5414.75)
For documentation on this error, please visit: https://selenium.dev/exceptions/#no_such_element
Build info: version: '4.3.0', revision: 'a4995e2c09*'
System info: host: 'DESKTOP-M729FOC', ip: '192.168.29.91', os.name: 'Windows 10', os.arch: 'amd64', os.version: '10.0', java.version: '11.0.13'
Driver info: org.openqa.selenium.chrome.ChromeDriver
Command: [597a0c430c70878c24edba044d404178, findElement {using=id, value=repairException}]
Capabilities {acceptInsecureCerts: false, browserName: chrome, browserVersion: 109.0.5414.75, chrome: {chromedriverVersion: 109.0.5414.74 (e7c5703604da..., userDataDir: C:\Users\DELL\AppData\Local...}, goog:chromeOptions: {debuggerAddress: localhost:52569}, networkConnectionEnabled: false, pageLoadStrategy: normal, platformName: WINDOWS, proxy: Proxy(), se:cdp: ws://localhost:52569/devtoo..., se:cdpVersion: 109.0.5414.75, setWindowRect: true, strictFileInteractability: false, timeouts: {implicit: 0, pageLoad: 300000, script: 30000}, unhandledPromptBehavior: dismiss and notify, webauthn:extension:credBlob: true, webauthn:extension:largeBlob: true, webauthn:virtualAuthenticators: true}
Session ID: 597a0c430c70878c24edba044d404178
at jdk.internal.reflect.GeneratedConstructorAccessor15.newInstance(Unknown Source)
at java.base/jdk.internal.reflect.DelegatingConstructorAccessorImpl.newInstance(DelegatingConstructorAccessorImpl.java:45)
at java.base/java.lang.reflect.Constructor.newInstance(Constructor.java:490)
at org.openqa.selenium.remote.codec.w3c.W3CHttpResponseCodec.createException(W3CHttpResponseCodec.java:200)
at org.openqa.selenium.remote.codec.w3c.W3CHttpResponseCodec.decode(W3CHttpResponseCodec.java:133)
at org.openqa.selenium.remote.codec.w3c.W3CHttpResponseCodec.decode(W3CHttpResponseCodec.java:53)
at org.openqa.selenium.remote.HttpCommandExecutor.execute(HttpCommandExecutor.java:184)
at org.openqa.selenium.remote.service.DriverCommandExecutor.invokeExecute(DriverCommandExecutor.java:167)
at org.openqa.selenium.remote.service.DriverCommandExecutor.execute(DriverCommandExecutor.java:142)
at org.openqa.selenium.remote.RemoteWebDriver.execute(RemoteWebDriver.java:569)
at org.openqa.selenium.remote.ElementLocation$ElementFinder$2.findElement(ElementLocation.java:162)
at org.openqa.selenium.remote.ElementLocation.findElement(ElementLocation.java:60)
at org.openqa.selenium.remote.RemoteWebDriver.findElement(RemoteWebDriver.java:387)
at org.openqa.selenium.remote.RemoteWebDriver.findElement(RemoteWebDriver.java:379)
at pageobjects.RepairLocatorsGUI.repairException(RepairLocatorsGUI.java:81)
at fieldServiceFormsTest.PositiveRepairExceptionGUITest.gUITestDropDownRepairException(PositiveRepairExceptionGUITest.java:95)
at jdk.internal.reflect.GeneratedMethodAccessor4.invoke(Unknown Source)
at java.base/jdk.internal.reflect.DelegatingMethodAccessorImpl.invoke(DelegatingMethodAccessorImpl.java:43)
at java.base/java.lang.reflect.Method.invoke(Method.java:566)
at org.testng.internal.MethodInvocationHelper.invokeMethod(MethodInvocationHelper.java:133)
at org.testng.internal.TestInvoker.invokeMethod(TestInvoker.java:598)
at org.testng.internal.TestInvoker.invokeTestMethod(TestInvoker.java:173)
at org.testng.internal.MethodRunner.runInSequence(MethodRunner.java:46)
at org.testng.internal.TestInvoker$MethodInvocationAgent.invoke(TestInvoker.java:824)
at org.testng.internal.TestInvoker.invokeTestMethods(TestInvoker.java:146)
at org.testng.internal.TestMethodWorker.invokeTestMethods(TestMethodWorker.java:146)
at org.testng.internal.TestMethodWorker.run(TestMethodWorker.java:128)
at java.base/java.util.ArrayList.forEach(ArrayList.java:1541)
at org.testng.TestRunner.privateRun(TestRunner.java:794)
at org.testng.TestRunner.run(TestRunner.java:596)
at org.testng.SuiteRunner.runTest(SuiteRunner.java:377)
at org.testng.SuiteRunner.runSequentially(SuiteRunner.java:371)
at org.testng.SuiteRunner.privateRun(SuiteRunner.java:332)
at org.testng.SuiteRunner.run(SuiteRunner.java:276)
at org.testng.SuiteRunnerWorker.runSuite(SuiteRunnerWorker.java:53)
at org.testng.SuiteRunnerWorker.run(SuiteRunnerWorker.java:96)
at org.testng.TestNG.runSuitesSequentially(TestNG.java:1212)
at org.testng.TestNG.runSuitesLocally(TestNG.java:1134)
at org.testng.TestNG.runSuites(TestNG.java:1063)
at org.testng.TestNG.run(TestNG.java:1031)
at org.testng.remote.AbstractRemoteTestNG.run(AbstractRemoteTestNG.java:115)
at org.testng.remote.RemoteTestNG.initAndRun(RemoteTestNG.java:251)
at org.testng.remote.RemoteTestNG.main(RemoteTestNG.java:77)
]]>
    </error>
  </testcase> <!-- gUITestDropDownRepairException -->
  <system-out/>
  <testcase classname="fieldServiceFormsTest.PositiveRepairExceptionGUITest" name="gUITestDropDownRepairException" time="5.073"/>
  <system-out/>
  <testcase classname="fieldServiceFormsTest.PositiveRepairExceptionGUITest" name="gUITestDropDownRepairException" time="5.005"/>
  <system-out/>
  <testcase classname="fieldServiceFormsTest.PositiveRepairExceptionGUITest" name="gUITestDropDownRepairException" time="6.162"/>
  <system-out/>
  <testcase classname="fieldServiceFormsTest.PositiveRepairExceptionGUITest" name="gUITestDropDownRepairException" time="4.483"/>
  <system-out/>
  <testcase classname="fieldServiceFormsTest.PositiveRepairExceptionGUITest" name="gUITestDropDownRepairException" time="4.486"/>
  <system-out/>
  <testcase classname="fieldServiceFormsTest.PositiveRepairExceptionGUITest" name="gUITestDropDownRepairException" time="4.360"/>
  <system-out/>
  <testcase classname="fieldServiceFormsTest.PositiveRepairExceptionGUITest" name="gUITestDropDownRepairException" time="5.281"/>
  <system-out/>
  <testcase classname="fieldServiceFormsTest.PositiveRepairExceptionGUITest" name="gUITestDropDownRepairException" time="6.009"/>
  <system-out/>
  <testcase classname="fieldServiceFormsTest.PositiveRepairExceptionGUITest" name="gUITestDropDownRepairException" time="5.060"/>
  <system-out/>
  <testcase classname="fieldServiceFormsTest.PositiveRepairExceptionGUITest" name="gUITestDropDownRepairException" time="4.343"/>
  <system-out/>
  <testcase classname="fieldServiceFormsTest.PositiveRepairExceptionGUITest" name="gUITestDropDownRepairException" time="4.463"/>
  <system-out/>
  <testcase classname="fieldServiceFormsTest.PositiveRepairExceptionGUITest" name="gUITestDropDownRepairException" time="5.575"/>
  <system-out/>
  <testcase classname="fieldServiceFormsTest.PositiveRepairExceptionGUITest" name="gUITestDropDownRepairException" time="4.592"/>
  <system-out/>
  <testcase classname="fieldServiceFormsTest.PositiveRepairExceptionGUITest" name="gUITestDropDownRepairException" time="5.117"/>
  <system-out/>
  <testcase classname="fieldServiceFormsTest.PositiveRepairExceptionGUITest" name="gUITestDropDownRepairException" time="5.597"/>
  <system-out/>
  <testcase classname="fieldServiceFormsTest.PositiveRepairExceptionGUITest" name="gUITestDropDownRepairException" time="4.680"/>
  <system-out/>
  <testcase classname="fieldServiceFormsTest.PositiveRepairExceptionGUITest" name="gUITestDropDownRepairException" time="4.941"/>
  <system-out/>
  <testcase classname="fieldServiceFormsTest.PositiveRepairExceptionGUITest" name="gUITestDropDownRepairException" time="5.246"/>
  <system-out/>
  <testcase classname="fieldServiceFormsTest.PositiveRepairExceptionGUITest" name="gUITestDropDownRepairException" time="4.233"/>
  <system-out/>
  <testcase classname="fieldServiceFormsTest.PositiveRepairExceptionGUITest" name="gUITestDropDownRepairException" time="4.265"/>
  <system-out/>
  <testcase classname="fieldServiceFormsTest.PositiveRepairExceptionGUITest" name="gUITestDropDownRepairException" time="4.698"/>
  <system-out/>
  <testcase classname="fieldServiceFormsTest.PositiveRepairExceptionGUITest" name="gUITestDropDownRepairException" time="5.445"/>
  <system-out/>
  <testcase classname="fieldServiceFormsTest.PositiveRepairExceptionGUITest" name="gUITestDropDownRepairException" time="4.691"/>
  <system-out/>
  <testcase classname="fieldServiceFormsTest.PositiveRepairExceptionGUITest" name="gUITestDropDownRepairException" time="4.475"/>
  <system-out/>
  <testcase classname="fieldServiceFormsTest.PositiveRepairExceptionGUITest" name="gUITestDropDownRepairException" time="5.018"/>
  <system-out/>
  <testcase classname="fieldServiceFormsTest.PositiveRepairExceptionGUITest" name="gUITestDropDownRepairException" time="5.386"/>
  <system-out/>
  <testcase classname="fieldServiceFormsTest.PositiveRepairExceptionGUITest" name="gUITestDropDownRepairException" time="5.225"/>
  <system-out/>
  <testcase classname="fieldServiceFormsTest.PositiveRepairExceptionGUITest" name="gUITestDropDownRepairException" time="4.389"/>
  <system-out/>
  <testcase classname="fieldServiceFormsTest.PositiveRepairExceptionGUITest" name="gUITestDropDownRepairException" time="4.946"/>
  <system-out/>
  <testcase classname="fieldServiceFormsTest.PositiveRepairExceptionGUITest" name="gUITestDropDownRepairException" time="5.325"/>
  <system-out/>
  <testcase classname="fieldServiceFormsTest.PositiveRepairExceptionGUITest" name="gUITestDropDownRepairException" time="5.198"/>
  <system-out/>
  <testcase classname="fieldServiceFormsTest.PositiveRepairExceptionGUITest" name="gUITestDropDownRepairException" time="4.932"/>
  <system-out/>
  <testcase classname="fieldServiceFormsTest.PositiveRepairExceptionGUITest" name="gUITestDropDownRepairException" time="4.221"/>
  <system-out/>
  <testcase classname="fieldServiceFormsTest.PositiveRepairExceptionGUITest" name="gUITestDropDownRepairException" time="4.542"/>
  <system-out/>
  <testcase classname="fieldServiceFormsTest.PositiveRepairExceptionGUITest" name="gUITestDropDownRepairException" time="4.773"/>
  <system-out/>
  <testcase classname="fieldServiceFormsTest.PositiveRepairExceptionGUITest" name="gUITestDropDownRepairException" time="5.206"/>
  <system-out/>
  <testcase classname="fieldServiceFormsTest.PositiveRepairExceptionGUITest" name="gUITestDropDownRepairException" time="4.472"/>
  <system-out/>
  <testcase classname="fieldServiceFormsTest.PositiveRepairExceptionGUITest" name="gUITestDropDownRepairException" time="5.940"/>
  <system-out/>
  <testcase classname="fieldServiceFormsTest.PositiveRepairExceptionGUITest" name="gUITestDropDownRepairException" time="4.996"/>
  <system-out/>
  <testcase classname="fieldServiceFormsTest.PositiveRepairExceptionGUITest" name="gUITestDropDownRepairException" time="4.308"/>
  <system-out/>
  <testcase classname="fieldServiceFormsTest.PositiveRepairExceptionGUITest" name="gUITestDropDownRepairException" time="5.208"/>
  <system-out/>
  <testcase classname="fieldServiceFormsTest.PositiveRepairExceptionGUITest" name="gUITestDropDownRepairException" time="4.523"/>
  <system-out/>
  <testcase classname="fieldServiceFormsTest.PositiveRepairExceptionGUITest" name="gUITestDropDownRepairException" time="4.487"/>
  <system-out/>
  <testcase classname="fieldServiceFormsTest.PositiveRepairExceptionGUITest" name="gUITestDropDownRepairException" time="5.657"/>
  <system-out/>
  <testcase classname="fieldServiceFormsTest.PositiveRepairExceptionGUITest" name="gUITestDropDownRepairException" time="4.599"/>
  <system-out/>
  <testcase classname="fieldServiceFormsTest.PositiveRepairExceptionGUITest" name="gUITestDropDownRepairException" time="4.409"/>
  <system-out/>
  <testcase classname="fieldServiceFormsTest.PositiveRepairExceptionGUITest" name="gUITestDropDownRepairException" time="4.704"/>
  <system-out/>
  <testcase classname="fieldServiceFormsTest.PositiveRepairExceptionGUITest" name="gUITestDropDownRepairException" time="4.650"/>
  <system-out/>
  <testcase classname="fieldServiceFormsTest.PositiveRepairExceptionGUITest" name="gUITestDropDownRepairException" time="4.222"/>
  <system-out/>
  <testcase classname="fieldServiceFormsTest.PositiveRepairExceptionGUITest" name="gUITestDropDownRepairException" time="4.513"/>
  <system-out/>
  <testcase classname="fieldServiceFormsTest.PositiveRepairExceptionGUITest" name="gUITestDropDownRepairException" time="4.191"/>
  <system-out/>
  <testcase classname="fieldServiceFormsTest.PositiveRepairExceptionGUITest" name="gUITestDropDownRepairException" time="4.230"/>
  <system-out/>
  <testcase classname="fieldServiceFormsTest.PositiveRepairExceptionGUITest" name="gUITestDropDownRepairException" time="5.840"/>
  <system-out/>
  <testcase classname="fieldServiceFormsTest.PositiveRepairExceptionGUITest" name="gUITestDropDownRepairException" time="4.909"/>
  <system-out/>
  <testcase classname="fieldServiceFormsTest.PositiveRepairExceptionGUITest" name="gUITestDropDownRepairException" time="4.416"/>
  <system-out/>
  <testcase classname="fieldServiceFormsTest.PositiveRepairExceptionGUITest" name="gUITestDropDownRepairException" time="4.530"/>
  <system-out/>
  <testcase classname="fieldServiceFormsTest.PositiveRepairExceptionGUITest" name="gUITestDropDownRepairException" time="5.128"/>
  <system-out/>
  <testcase classname="fieldServiceFormsTest.PositiveRepairExceptionGUITest" name="gUITestDropDownRepairException" time="5.051"/>
  <system-out/>
  <testcase classname="fieldServiceFormsTest.PositiveRepairExceptionGUITest" name="gUITestDropDownRepairException" time="4.918"/>
  <system-out/>
  <testcase classname="fieldServiceFormsTest.PositiveRepairExceptionGUITest" name="gUITestDropDownRepairException" time="5.000"/>
  <system-out/>
  <testcase classname="fieldServiceFormsTest.PositiveRepairExceptionGUITest" name="gUITestDropDownRepairException" time="4.819"/>
  <system-out/>
  <testcase classname="fieldServiceFormsTest.PositiveRepairExceptionGUITest" name="gUITestDropDownRepairException" time="4.435"/>
  <system-out/>
  <testcase classname="fieldServiceFormsTest.PositiveRepairExceptionGUITest" name="gUITestDropDownRepairException" time="4.823"/>
  <system-out/>
  <testcase classname="fieldServiceFormsTest.PositiveRepairExceptionGUITest" name="gUITestDropDownRepairException" time="4.826"/>
  <system-out/>
  <testcase classname="fieldServiceFormsTest.PositiveRepairExceptionGUITest" name="gUITestDropDownRepairException" time="5.192"/>
  <system-out/>
  <testcase classname="fieldServiceFormsTest.PositiveRepairExceptionGUITest" name="gUITestDropDownRepairException" time="4.966"/>
  <system-out/>
  <testcase classname="fieldServiceFormsTest.PositiveRepairExceptionGUITest" name="gUITestDropDownRepairException" time="4.593"/>
  <system-out/>
  <testcase classname="fieldServiceFormsTest.PositiveRepairExceptionGUITest" name="gUITestDropDownRepairException" time="4.603"/>
  <system-out/>
  <testcase classname="fieldServiceFormsTest.PositiveRepairExceptionGUITest" name="gUITestDropDownRepairException" time="4.729"/>
  <system-out/>
  <testcase classname="fieldServiceFormsTest.PositiveRepairExceptionGUITest" name="gUITestDropDownRepairException" time="5.002"/>
  <system-out/>
  <testcase classname="fieldServiceFormsTest.PositiveRepairExceptionGUITest" name="gUITestDropDownRepairException" time="4.270"/>
  <system-out/>
  <testcase classname="fieldServiceFormsTest.PositiveRepairExceptionGUITest" name="gUITestDropDownRepairException" time="5.552"/>
  <system-out/>
  <testcase classname="fieldServiceFormsTest.PositiveRepairExceptionGUITest" name="gUITestDropDownRepairException" time="5.010"/>
  <system-out/>
  <testcase classname="fieldServiceFormsTest.PositiveRepairExceptionGUITest" name="gUITestDropDownRepairException" time="4.805"/>
  <system-out/>
  <testcase classname="fieldServiceFormsTest.PositiveRepairExceptionGUITest" name="gUITestDropDownRepairException" time="5.504"/>
  <system-out/>
  <testcase classname="fieldServiceFormsTest.PositiveRepairExceptionGUITest" name="gUITestDropDownRepairException" time="5.534"/>
  <system-out/>
  <testcase classname="fieldServiceFormsTest.PositiveRepairExceptionGUITest" name="gUITestDropDownRepairException" time="4.372"/>
  <system-out/>
  <testcase classname="fieldServiceFormsTest.PositiveRepairExceptionGUITest" name="gUITestDropDownRepairException" time="4.584"/>
  <system-out/>
  <testcase classname="fieldServiceFormsTest.PositiveRepairExceptionGUITest" name="gUITestDropDownRepairException" time="4.538"/>
  <system-out/>
  <testcase classname="fieldServiceFormsTest.PositiveRepairExceptionGUITest" name="gUITestDropDownRepairException" time="4.674"/>
  <system-out/>
  <testcase classname="fieldServiceFormsTest.PositiveRepairExceptionGUITest" name="gUITestDropDownRepairException" time="4.452"/>
  <system-out/>
  <testcase classname="fieldServiceFormsTest.PositiveRepairExceptionGUITest" name="gUITestDropDownRepairException" time="6.179"/>
  <system-out/>
  <testcase classname="fieldServiceFormsTest.PositiveRepairExceptionGUITest" name="gUITestDropDownRepairException" time="4.300"/>
  <system-out/>
  <testcase classname="fieldServiceFormsTest.PositiveRepairExceptionGUITest" name="gUITestDropDownRepairException" time="4.602"/>
  <system-out/>
  <testcase classname="fieldServiceFormsTest.PositiveRepairExceptionGUITest" name="gUITestDropDownRepairException" time="4.261"/>
  <system-out/>
  <testcase classname="fieldServiceFormsTest.PositiveRepairExceptionGUITest" name="gUITestDropDownRepairException" time="5.019"/>
  <system-out/>
  <testcase classname="fieldServiceFormsTest.PositiveRepairExceptionGUITest" name="gUITestDropDownRepairException" time="4.469"/>
  <system-out/>
  <testcase classname="fieldServiceFormsTest.PositiveRepairExceptionGUITest" name="gUITestDropDownRepairException" time="4.306"/>
  <system-out/>
  <testcase classname="fieldServiceFormsTest.PositiveRepairExceptionGUITest" name="gUITestDropDownRepairException" time="4.242"/>
  <system-out/>
  <testcase classname="fieldServiceFormsTest.PositiveRepairExceptionGUITest" name="gUITestDropDownRepairException" time="5.343"/>
  <system-out/>
  <testcase classname="fieldServiceFormsTest.PositiveRepairExceptionGUITest" name="gUITestDropDownRepairException" time="4.996"/>
  <system-out/>
  <testcase classname="fieldServiceFormsTest.PositiveRepairExceptionGUITest" name="gUITestDropDownRepairException" time="4.398"/>
  <system-out/>
  <testcase classname="fieldServiceFormsTest.PositiveRepairExceptionGUITest" name="gUITestDropDownRepairException" time="4.529"/>
  <system-out/>
  <testcase classname="fieldServiceFormsTest.PositiveRepairExceptionGUITest" name="gUITestDropDownRepairException" time="4.679"/>
  <system-out/>
  <testcase classname="fieldServiceFormsTest.PositiveRepairExceptionGUITest" name="gUITestDropDownRepairException" time="5.212"/>
  <system-out/>
  <testcase classname="fieldServiceFormsTest.PositiveRepairExceptionGUITest" name="gUITestDropDownRepairException" time="4.231"/>
  <system-out/>
  <testcase classname="fieldServiceFormsTest.PositiveRepairExceptionGUITest" name="gUITestDropDownRepairException" time="4.702"/>
  <system-out/>
  <testcase classname="fieldServiceFormsTest.PositiveRepairExceptionGUITest" name="gUITestDropDownRepairException" time="4.500"/>
  <system-out/>
  <testcase classname="fieldServiceFormsTest.PositiveRepairExceptionGUITest" name="gUITestDropDownRepairException" time="4.237"/>
  <system-out/>
  <testcase classname="fieldServiceFormsTest.PositiveRepairExceptionGUITest" name="gUITestDropDownRepairException" time="4.399"/>
  <system-out/>
  <testcase classname="fieldServiceFormsTest.PositiveRepairExceptionGUITest" name="gUITestDropDownRepairException" time="4.786"/>
  <system-out/>
  <testcase classname="fieldServiceFormsTest.PositiveRepairExceptionGUITest" name="gUITestDropDownRepairException" time="5.202"/>
  <system-out/>
  <testcase classname="fieldServiceFormsTest.PositiveRepairExceptionGUITest" name="gUITestDropDownRepairException" time="4.343"/>
  <system-out/>
  <testcase classname="fieldServiceFormsTest.PositiveRepairExceptionGUITest" name="gUITestDropDownRepairException" time="4.837"/>
  <system-out/>
  <testcase classname="fieldServiceFormsTest.PositiveRepairExceptionGUITest" name="gUITestDropDownRepairException" time="4.589"/>
  <system-out/>
  <testcase classname="fieldServiceFormsTest.PositiveRepairExceptionGUITest" name="gUITestDropDownRepairException" time="4.539"/>
  <system-out/>
  <testcase classname="fieldServiceFormsTest.PositiveRepairExceptionGUITest" name="gUITestDropDownRepairException" time="4.424"/>
  <system-out/>
  <testcase classname="fieldServiceFormsTest.PositiveRepairExceptionGUITest" name="gUITestDropDownRepairException" time="4.421"/>
  <system-out/>
  <testcase classname="fieldServiceFormsTest.PositiveRepairExceptionGUITest" name="gUITestDropDownRepairException" time="4.899"/>
  <system-out/>
  <testcase classname="fieldServiceFormsTest.PositiveRepairExceptionGUITest" name="gUITestDropDownRepairException" time="4.222"/>
  <system-out/>
  <testcase classname="fieldServiceFormsTest.PositiveRepairExceptionGUITest" name="gUITestDropDownRepairException" time="5.519"/>
  <system-out/>
  <testcase classname="fieldServiceFormsTest.PositiveRepairExceptionGUITest" name="gUITestDropDownRepairException" time="4.360"/>
  <system-out/>
  <testcase classname="fieldServiceFormsTest.PositiveRepairExceptionGUITest" name="gUITestDropDownRepairException" time="5.124"/>
  <system-out/>
  <testcase classname="fieldServiceFormsTest.PositiveRepairExceptionGUITest" name="gUITestDropDownRepairException" time="4.227"/>
  <system-out/>
  <testcase classname="fieldServiceFormsTest.PositiveRepairExceptionGUITest" name="gUITestDropDownRepairException" time="4.259"/>
  <system-out/>
  <testcase classname="fieldServiceFormsTest.PositiveRepairExceptionGUITest" name="gUITestDropDownRepairException" time="4.949"/>
  <system-out/>
  <testcase classname="fieldServiceFormsTest.PositiveRepairExceptionGUITest" name="gUITestDropDownRepairException" time="4.369"/>
  <system-out/>
  <testcase classname="fieldServiceFormsTest.PositiveRepairExceptionGUITest" name="gUITestDropDownRepairException" time="4.453"/>
  <system-out/>
  <testcase classname="fieldServiceFormsTest.PositiveRepairExceptionGUITest" name="gUITestDropDownRepairException" time="4.952"/>
  <system-out/>
  <testcase classname="fieldServiceFormsTest.PositiveRepairExceptionGUITest" name="gUITestDropDownRepairException" time="5.053"/>
  <system-out/>
  <testcase classname="fieldServiceFormsTest.PositiveRepairExceptionGUITest" name="gUITestDropDownRepairException" time="4.666"/>
  <system-out/>
  <testcase classname="fieldServiceFormsTest.PositiveRepairExceptionGUITest" name="gUITestDropDownRepairException" time="4.441"/>
  <system-out/>
  <testcase classname="fieldServiceFormsTest.PositiveRepairExceptionGUITest" name="gUITestDropDownRepairException" time="6.228"/>
  <system-out/>
  <testcase classname="fieldServiceFormsTest.PositiveRepairExceptionGUITest" name="gUITestDropDownRepairException" time="4.858"/>
  <system-out/>
  <testcase classname="fieldServiceFormsTest.PositiveRepairExceptionGUITest" name="gUITestDropDownRepairException" time="5.656"/>
  <system-out/>
  <testcase classname="fieldServiceFormsTest.PositiveRepairExceptionGUITest" name="gUITestDropDownRepairException" time="4.335"/>
  <system-out/>
  <testcase classname="fieldServiceFormsTest.PositiveRepairExceptionGUITest" name="gUITestDropDownRepairException" time="6.377"/>
  <system-out/>
  <testcase classname="fieldServiceFormsTest.PositiveRepairExceptionGUITest" name="gUITestDropDownRepairException" time="4.558"/>
  <system-out/>
  <testcase classname="fieldServiceFormsTest.PositiveRepairExceptionGUITest" name="gUITestDropDownRepairException" time="5.651"/>
  <system-out/>
  <testcase classname="fieldServiceFormsTest.PositiveRepairExceptionGUITest" name="gUITestDropDownRepairException" time="4.400"/>
  <system-out/>
  <testcase classname="fieldServiceFormsTest.PositiveRepairExceptionGUITest" name="gUITestDropDownRepairException" time="4.532"/>
  <system-out/>
  <testcase classname="fieldServiceFormsTest.PositiveRepairExceptionGUITest" name="gUITestDropDownRepairException" time="4.849"/>
  <system-out/>
  <testcase classname="fieldServiceFormsTest.PositiveRepairExceptionGUITest" name="gUITestDropDownRepairException" time="4.524"/>
  <system-out/>
  <testcase classname="fieldServiceFormsTest.PositiveRepairExceptionGUITest" name="gUITestDropDownRepairException" time="4.406"/>
  <system-out/>
  <testcase classname="fieldServiceFormsTest.PositiveRepairExceptionGUITest" name="gUITestDropDownRepairException" time="5.907"/>
  <system-out/>
  <testcase classname="fieldServiceFormsTest.PositiveRepairExceptionGUITest" name="gUITestDropDownRepairException" time="4.725"/>
  <system-out/>
  <testcase classname="fieldServiceFormsTest.PositiveRepairExceptionGUITest" name="gUITestDropDownRepairException" time="5.485"/>
  <system-out/>
  <testcase classname="fieldServiceFormsTest.PositiveRepairExceptionGUITest" name="gUITestDropDownRepairException" time="4.372"/>
  <system-out/>
  <testcase classname="fieldServiceFormsTest.PositiveRepairExceptionGUITest" name="gUITestDropDownRepairException" time="5.746"/>
  <system-out/>
  <testcase classname="fieldServiceFormsTest.PositiveRepairExceptionGUITest" name="gUITestDropDownRepairException" time="4.438"/>
  <system-out/>
  <testcase classname="fieldServiceFormsTest.PositiveRepairExceptionGUITest" name="gUITestDropDownRepairException" time="4.808"/>
  <system-out/>
  <testcase classname="fieldServiceFormsTest.PositiveRepairExceptionGUITest" name="gUITestDropDownRepairException" time="4.128"/>
  <system-out/>
  <testcase classname="fieldServiceFormsTest.PositiveRepairExceptionGUITest" name="gUITestDropDownRepairException" time="4.384"/>
  <system-out/>
  <testcase classname="fieldServiceFormsTest.PositiveRepairExceptionGUITest" name="gUITestDropDownRepairException" time="4.296"/>
  <system-out/>
  <testcase classname="fieldServiceFormsTest.PositiveRepairExceptionGUITest" name="gUITestDropDownRepairException" time="4.595"/>
  <system-out/>
  <testcase classname="fieldServiceFormsTest.PositiveRepairExceptionGUITest" name="gUITestDropDownRepairException" time="4.442"/>
  <system-out/>
  <testcase classname="fieldServiceFormsTest.PositiveRepairExceptionGUITest" name="gUITestDropDownRepairException" time="4.429"/>
  <system-out/>
  <testcase classname="fieldServiceFormsTest.PositiveRepairExceptionGUITest" name="gUITestDropDownRepairException" time="4.260"/>
  <system-out/>
  <testcase classname="fieldServiceFormsTest.PositiveRepairExceptionGUITest" name="gUITestDropDownRepairException" time="5.051"/>
  <system-out/>
  <testcase classname="fieldServiceFormsTest.PositiveRepairExceptionGUITest" name="gUITestDropDownRepairException" time="4.370"/>
  <system-out/>
  <testcase classname="fieldServiceFormsTest.PositiveRepairExceptionGUITest" name="gUITestDropDownRepairException" time="4.168"/>
  <system-out/>
  <testcase classname="fieldServiceFormsTest.PositiveRepairExceptionGUITest" name="gUITestDropDownRepairException" time="4.760"/>
  <system-out/>
  <testcase classname="fieldServiceFormsTest.PositiveRepairExceptionGUITest" name="gUITestDropDownRepairException" time="4.327"/>
  <system-out/>
  <testcase classname="fieldServiceFormsTest.PositiveRepairExceptionGUITest" name="gUITestDropDownRepairException" time="4.403"/>
  <system-out/>
  <testcase classname="fieldServiceFormsTest.PositiveRepairExceptionGUITest" name="gUITestDropDownRepairException" time="4.955"/>
  <system-out/>
  <testcase classname="fieldServiceFormsTest.PositiveRepairExceptionGUITest" name="gUITestDropDownRepairException" time="5.144"/>
  <system-out/>
  <testcase classname="fieldServiceFormsTest.PositiveRepairExceptionGUITest" name="gUITestDropDownRepairException" time="5.023"/>
  <system-out/>
  <testcase classname="fieldServiceFormsTest.PositiveRepairExceptionGUITest" name="gUITestDropDownRepairException" time="4.723"/>
  <system-out/>
  <testcase classname="fieldServiceFormsTest.PositiveRepairExceptionGUITest" name="gUITestDropDownRepairException" time="4.358"/>
  <system-out/>
  <testcase classname="fieldServiceFormsTest.PositiveRepairExceptionGUITest" name="gUITestDropDownRepairException" time="4.342"/>
  <system-out/>
  <testcase classname="fieldServiceFormsTest.PositiveRepairExceptionGUITest" name="gUITestDropDownRepairException" time="4.554"/>
  <system-out/>
  <testcase classname="fieldServiceFormsTest.PositiveRepairExceptionGUITest" name="gUITestDropDownRepairException" time="4.457"/>
  <system-out/>
  <testcase classname="fieldServiceFormsTest.PositiveRepairExceptionGUITest" name="gUITestDropDownRepairException" time="4.611"/>
  <system-out/>
  <testcase classname="fieldServiceFormsTest.PositiveRepairExceptionGUITest" name="gUITestDropDownRepairException" time="4.341"/>
  <system-out/>
  <testcase classname="fieldServiceFormsTest.PositiveRepairExceptionGUITest" name="gUITestDropDownRepairException" time="4.942"/>
  <system-out/>
  <testcase classname="fieldServiceFormsTest.PositiveRepairExceptionGUITest" name="gUITestDropDownRepairException" time="4.420"/>
  <system-out/>
  <testcase classname="fieldServiceFormsTest.PositiveRepairExceptionGUITest" name="gUITestDropDownRepairException" time="4.228"/>
  <system-out/>
  <testcase classname="fieldServiceFormsTest.PositiveRepairExceptionGUITest" name="gUITestDropDownRepairException" time="4.640"/>
  <system-out/>
  <testcase classname="fieldServiceFormsTest.PositiveRepairExceptionGUITest" name="gUITestDropDownRepairException" time="4.923"/>
  <system-out/>
  <testcase classname="fieldServiceFormsTest.PositiveRepairExceptionGUITest" name="gUITestDropDownRepairException" time="5.002"/>
  <system-out/>
  <testcase classname="fieldServiceFormsTest.PositiveRepairExceptionGUITest" name="gUITestDropDownRepairException" time="5.001"/>
  <system-out/>
  <testcase classname="fieldServiceFormsTest.PositiveRepairExceptionGUITest" name="gUITestDropDownRepairException" time="5.612"/>
  <system-out/>
  <testcase classname="fieldServiceFormsTest.PositiveRepairExceptionGUITest" name="gUITestDropDownRepairException" time="4.723"/>
  <system-out/>
  <testcase classname="fieldServiceFormsTest.PositiveRepairExceptionGUITest" name="gUITestDropDownRepairException" time="4.421"/>
  <system-out/>
  <testcase classname="fieldServiceFormsTest.PositiveRepairExceptionGUITest" name="gUITestDropDownRepairException" time="4.508"/>
  <system-out/>
  <testcase classname="fieldServiceFormsTest.PositiveRepairExceptionGUITest" name="gUITestDropDownRepairException" time="4.492"/>
  <system-out/>
  <testcase classname="fieldServiceFormsTest.PositiveRepairExceptionGUITest" name="gUITestDropDownRepairException" time="4.494"/>
  <system-out/>
  <testcase classname="fieldServiceFormsTest.PositiveRepairExceptionGUITest" name="gUITestDropDownRepairException" time="4.947"/>
  <system-out/>
  <testcase classname="fieldServiceFormsTest.PositiveRepairExceptionGUITest" name="gUITestDropDownRepairException" time="4.430"/>
  <system-out/>
  <testcase classname="fieldServiceFormsTest.PositiveRepairExceptionGUITest" name="gUITestDropDownRepairException" time="4.195"/>
  <system-out/>
  <testcase classname="fieldServiceFormsTest.PositiveRepairExceptionGUITest" name="gUITestDropDownRepairException" time="5.066"/>
  <system-out/>
  <testcase classname="fieldServiceFormsTest.PositiveRepairExceptionGUITest" name="gUITestDropDownRepairException" time="5.384"/>
  <system-out/>
  <testcase classname="fieldServiceFormsTest.PositiveRepairExceptionGUITest" name="gUITestDropDownRepairException" time="4.424"/>
  <system-out/>
  <testcase classname="fieldServiceFormsTest.PositiveRepairExceptionGUITest" name="gUITestDropDownRepairException" time="5.025"/>
  <system-out/>
  <testcase classname="fieldServiceFormsTest.PositiveRepairExceptionGUITest" name="gUITestDropDownRepairException" time="4.252"/>
  <system-out/>
  <testcase classname="fieldServiceFormsTest.PositiveRepairExceptionGUITest" name="gUITestDropDownRepairException" time="4.858"/>
  <system-out/>
  <testcase classname="fieldServiceFormsTest.PositiveRepairExceptionGUITest" name="gUITestDropDownRepairException" time="4.429"/>
  <system-out/>
  <testcase classname="fieldServiceFormsTest.PositiveRepairExceptionGUITest" name="gUITestDropDownRepairException" time="4.403"/>
  <system-out/>
  <testcase classname="fieldServiceFormsTest.PositiveRepairExceptionGUITest" name="gUITestDropDownRepairException" time="4.425"/>
  <system-out/>
  <testcase classname="fieldServiceFormsTest.PositiveRepairExceptionGUITest" name="gUITestDropDownRepairException" time="4.247"/>
  <system-out/>
  <testcase classname="fieldServiceFormsTest.PositiveRepairExceptionGUITest" name="gUITestDropDownRepairException" time="4.228"/>
  <system-out/>
  <testcase classname="fieldServiceFormsTest.PositiveRepairExceptionGUITest" name="gUITestDropDownRepairException" time="4.365"/>
  <system-out/>
  <testcase classname="fieldServiceFormsTest.PositiveRepairExceptionGUITest" name="gUITestDropDownRepairException" time="4.611"/>
  <system-out/>
  <testcase classname="fieldServiceFormsTest.PositiveRepairExceptionGUITest" name="gUITestDropDownRepairException" time="4.547"/>
  <system-out/>
  <testcase classname="fieldServiceFormsTest.PositiveRepairExceptionGUITest" name="gUITestDropDownRepairException" time="4.558"/>
  <system-out/>
  <testcase classname="fieldServiceFormsTest.PositiveRepairExceptionGUITest" name="gUITestDropDownRepairException" time="4.218"/>
  <system-out/>
  <testcase classname="fieldServiceFormsTest.PositiveRepairExceptionGUITest" name="gUITestDropDownRepairException" time="4.213"/>
  <system-out/>
  <testcase classname="fieldServiceFormsTest.PositiveRepairExceptionGUITest" name="gUITestDropDownRepairException" time="4.384"/>
  <system-out/>
  <testcase classname="fieldServiceFormsTest.PositiveRepairExceptionGUITest" name="gUITestDropDownRepairException" time="4.417"/>
  <system-out/>
  <testcase classname="fieldServiceFormsTest.PositiveRepairExceptionGUITest" name="gUITestDropDownRepairException" time="4.999"/>
  <system-out/>
  <testcase classname="fieldServiceFormsTest.PositiveRepairExceptionGUITest" name="gUITestDropDownRepairException" time="5.152"/>
  <system-out/>
  <testcase classname="fieldServiceFormsTest.PositiveRepairExceptionGUITest" name="gUITestDropDownRepairException" time="4.878"/>
  <system-out/>
  <testcase classname="fieldServiceFormsTest.PositiveRepairExceptionGUITest" name="gUITestDropDownRepairException" time="4.807"/>
  <system-out/>
  <testcase classname="fieldServiceFormsTest.PositiveRepairExceptionGUITest" name="gUITestDropDownRepairException" time="4.606"/>
  <system-out/>
  <testcase classname="fieldServiceFormsTest.PositiveRepairExceptionGUITest" name="gUITestDropDownRepairException" time="4.862"/>
  <system-out/>
  <testcase classname="fieldServiceFormsTest.PositiveRepairExceptionGUITest" name="gUITestDropDownRepairException" time="4.987"/>
  <system-out/>
  <testcase classname="fieldServiceFormsTest.PositiveRepairExceptionGUITest" name="gUITestDropDownRepairException" time="5.340"/>
  <system-out/>
  <testcase classname="fieldServiceFormsTest.PositiveRepairExceptionGUITest" name="gUITestDropDownRepairException" time="4.924"/>
  <system-out/>
  <testcase classname="fieldServiceFormsTest.PositiveRepairExceptionGUITest" name="gUITestDropDownRepairException" time="4.965"/>
  <system-out/>
  <testcase classname="fieldServiceFormsTest.PositiveRepairExceptionGUITest" name="gUITestDropDownRepairException" time="6.203"/>
  <system-out/>
  <testcase classname="fieldServiceFormsTest.PositiveRepairExceptionGUITest" name="gUITestDropDownRepairException" time="4.482"/>
  <system-out/>
  <testcase classname="fieldServiceFormsTest.PositiveRepairExceptionGUITest" name="gUITestDropDownRepairException" time="4.925"/>
  <system-out/>
  <testcase classname="fieldServiceFormsTest.PositiveRepairExceptionGUITest" name="gUITestDropDownRepairException" time="5.307"/>
  <system-out/>
  <testcase classname="fieldServiceFormsTest.PositiveRepairExceptionGUITest" name="gUITestDropDownRepairException" time="4.505"/>
  <system-out/>
  <testcase classname="fieldServiceFormsTest.PositiveRepairExceptionGUITest" name="gUITestDropDownRepairException" time="4.527"/>
  <system-out/>
  <testcase classname="fieldServiceFormsTest.PositiveRepairExceptionGUITest" name="gUITestDropDownRepairException" time="5.024"/>
  <system-out/>
  <testcase classname="fieldServiceFormsTest.PositiveRepairExceptionGUITest" name="gUITestDropDownRepairException" time="4.747"/>
  <system-out/>
  <testcase classname="fieldServiceFormsTest.PositiveRepairExceptionGUITest" name="gUITestDropDownRepairException" time="4.290"/>
  <system-out/>
  <testcase classname="fieldServiceFormsTest.PositiveRepairExceptionGUITest" name="gUITestDropDownRepairException" time="5.296"/>
  <system-out/>
  <testcase classname="fieldServiceFormsTest.PositiveRepairExceptionGUITest" name="gUITestDropDownRepairException" time="4.419"/>
  <system-out/>
  <testcase classname="fieldServiceFormsTest.PositiveRepairExceptionGUITest" name="gUITestDropDownRepairException" time="4.336"/>
  <system-out/>
  <testcase classname="fieldServiceFormsTest.PositiveRepairExceptionGUITest" name="gUITestDropDownRepairException" time="4.691"/>
  <system-out/>
  <testcase classname="fieldServiceFormsTest.PositiveRepairExceptionGUITest" name="gUITestDropDownRepairException" time="4.798"/>
  <system-out/>
  <testcase classname="fieldServiceFormsTest.PositiveRepairExceptionGUITest" name="gUITestDropDownRepairException" time="4.556"/>
  <system-out/>
  <testcase classname="fieldServiceFormsTest.PositiveRepairExceptionGUITest" name="gUITestDropDownRepairException" time="5.009"/>
  <system-out/>
  <testcase classname="fieldServiceFormsTest.PositiveRepairExceptionGUITest" name="gUITestDropDownRepairException" time="4.829"/>
  <system-out/>
  <testcase classname="fieldServiceFormsTest.PositiveRepairExceptionGUITest" name="gUITestDropDownRepairException" time="4.474"/>
  <system-out/>
  <testcase classname="fieldServiceFormsTest.PositiveRepairExceptionGUITest" name="gUITestDropDownRepairException" time="4.426"/>
  <system-out/>
  <testcase classname="fieldServiceFormsTest.PositiveRepairExceptionGUITest" name="gUITestDropDownRepairException" time="4.503"/>
  <system-out/>
  <testcase classname="fieldServiceFormsTest.PositiveRepairExceptionGUITest" name="gUITestDropDownRepairException" time="4.527"/>
  <system-out/>
  <testcase classname="fieldServiceFormsTest.PositiveRepairExceptionGUITest" name="gUITestDropDownRepairException" time="4.552"/>
  <system-out/>
  <testcase classname="fieldServiceFormsTest.PositiveRepairExceptionGUITest" name="gUITestDropDownRepairException" time="4.376"/>
  <system-out/>
  <testcase classname="fieldServiceFormsTest.PositiveRepairExceptionGUITest" name="gUITestDropDownRepairException" time="5.369"/>
  <system-out/>
  <testcase classname="fieldServiceFormsTest.PositiveRepairExceptionGUITest" name="gUITestDropDownRepairException" time="4.988"/>
  <system-out/>
  <testcase classname="fieldServiceFormsTest.PositiveRepairExceptionGUITest" name="gUITestDropDownRepairException" time="5.779"/>
  <system-out/>
  <testcase classname="fieldServiceFormsTest.PositiveRepairExceptionGUITest" name="gUITestDropDownRepairException" time="4.324"/>
  <system-out/>
  <testcase classname="fieldServiceFormsTest.PositiveRepairExceptionGUITest" name="gUITestDropDownRepairException" time="4.394"/>
  <system-out/>
  <testcase classname="fieldServiceFormsTest.PositiveRepairExceptionGUITest" name="gUITestDropDownRepairException" time="4.597"/>
  <system-out/>
  <testcase classname="fieldServiceFormsTest.PositiveRepairExceptionGUITest" name="gUITestDropDownRepairException" time="5.466"/>
  <system-out/>
  <testcase classname="fieldServiceFormsTest.PositiveRepairExceptionGUITest" name="gUITestDropDownRepairException" time="4.194"/>
  <system-out/>
  <testcase classname="fieldServiceFormsTest.PositiveRepairExceptionGUITest" name="gUITestDropDownRepairException" time="4.840"/>
  <system-out/>
  <testcase classname="fieldServiceFormsTest.PositiveRepairExceptionGUITest" name="gUITestDropDownRepairException" time="4.354"/>
  <system-out/>
  <testcase classname="fieldServiceFormsTest.PositiveRepairExceptionGUITest" name="gUITestDropDownRepairException" time="4.261"/>
  <system-out/>
  <testcase classname="fieldServiceFormsTest.PositiveRepairExceptionGUITest" name="gUITestDropDownRepairException" time="5.335"/>
  <system-out/>
  <testcase classname="fieldServiceFormsTest.PositiveRepairExceptionGUITest" name="gUITestDropDownRepairException" time="5.164"/>
  <system-out/>
  <testcase classname="fieldServiceFormsTest.PositiveRepairExceptionGUITest" name="gUITestDropDownRepairException" time="4.649"/>
  <system-out/>
  <testcase classname="fieldServiceFormsTest.PositiveRepairExceptionGUITest" name="gUITestDropDownRepairException" time="4.305"/>
  <system-out/>
  <testcase classname="fieldServiceFormsTest.PositiveRepairExceptionGUITest" name="gUITestDropDownRepairException" time="4.306"/>
  <system-out/>
  <testcase classname="fieldServiceFormsTest.PositiveRepairExceptionGUITest" name="gUITestDropDownRepairException" time="4.741"/>
  <system-out/>
  <testcase classname="fieldServiceFormsTest.PositiveRepairExceptionGUITest" name="gUITestDropDownRepairException" time="4.857"/>
  <system-out/>
  <testcase classname="fieldServiceFormsTest.PositiveRepairExceptionGUITest" name="gUITestDropDownRepairException" time="4.383"/>
  <system-out/>
  <testcase classname="fieldServiceFormsTest.PositiveRepairExceptionGUITest" name="gUITestDropDownRepairException" time="4.859"/>
  <system-out/>
  <testcase classname="fieldServiceFormsTest.PositiveRepairExceptionGUITest" name="gUITestDropDownRepairException" time="5.280"/>
  <system-out/>
  <testcase classname="fieldServiceFormsTest.PositiveRepairExceptionGUITest" name="gUITestDropDownRepairException" time="4.809"/>
  <system-out/>
  <testcase classname="fieldServiceFormsTest.PositiveRepairExceptionGUITest" name="gUITestDropDownRepairException" time="4.864"/>
  <system-out/>
  <testcase classname="fieldServiceFormsTest.PositiveRepairExceptionGUITest" name="gUITestDropDownRepairException" time="4.600"/>
  <system-out/>
  <testcase classname="fieldServiceFormsTest.PositiveRepairExceptionGUITest" name="gUITestDropDownRepairException" time="4.237"/>
  <system-out/>
  <testcase classname="fieldServiceFormsTest.PositiveRepairExceptionGUITest" name="gUITestDropDownRepairException" time="4.378"/>
  <system-out/>
  <testcase classname="fieldServiceFormsTest.PositiveRepairExceptionGUITest" name="gUITestDropDownRepairException" time="4.670"/>
  <system-out/>
  <testcase classname="fieldServiceFormsTest.PositiveRepairExceptionGUITest" name="gUITestDropDownRepairException" time="4.930"/>
  <system-out/>
  <testcase classname="fieldServiceFormsTest.PositiveRepairExceptionGUITest" name="gUITestDropDownRepairException" time="4.464"/>
  <system-out/>
  <testcase classname="fieldServiceFormsTest.PositiveRepairExceptionGUITest" name="gUITestDropDownRepairException" time="4.483"/>
  <system-out/>
  <testcase classname="fieldServiceFormsTest.PositiveRepairExceptionGUITest" name="gUITestDropDownRepairException" time="5.288"/>
  <system-out/>
  <testcase classname="fieldServiceFormsTest.PositiveRepairExceptionGUITest" name="gUITestDropDownRepairException" time="4.813"/>
  <system-out/>
  <testcase classname="fieldServiceFormsTest.PositiveRepairExceptionGUITest" name="gUITestDropDownRepairException" time="4.543"/>
  <system-out/>
  <testcase classname="fieldServiceFormsTest.PositiveRepairExceptionGUITest" name="gUITestDropDownRepairException" time="5.053"/>
  <system-out/>
  <testcase classname="fieldServiceFormsTest.PositiveRepairExceptionGUITest" name="gUITestDropDownRepairException" time="53.194">
    <error message="no such element: Unable to locate element: {&quot;method&quot;:&quot;css selector&quot;,&quot;selector&quot;:&quot;#repairException&quot;}
  (Session info: chrome=109.0.5414.75)
For documentation on this error, please visit: https://selenium.dev/exceptions/#no_such_element
Build info: version: &#039;4.3.0&#039;, revision: &#039;a4995e2c09*&#039;
System info: host: &#039;DESKTOP-M729FOC&#039;, ip: &#039;192.168.29.91&#039;, os.name: &#039;Windows 10&#039;, os.arch: &#039;amd64&#039;, os.version: &#039;10.0&#039;, java.version: &#039;11.0.13&#039;
Driver info: org.openqa.selenium.chrome.ChromeDriver
Command: [597a0c430c70878c24edba044d404178, findElement {using=id, value=repairException}]
Capabilities {acceptInsecureCerts: false, browserName: chrome, browserVersion: 109.0.5414.75, chrome: {chromedriverVersion: 109.0.5414.74 (e7c5703604da..., userDataDir: C:\Users\DELL\AppData\Local...}, goog:chromeOptions: {debuggerAddress: localhost:52569}, networkConnectionEnabled: false, pageLoadStrategy: normal, platformName: WINDOWS, proxy: Proxy(), se:cdp: ws://localhost:52569/devtoo..., se:cdpVersion: 109.0.5414.75, setWindowRect: true, strictFileInteractability: false, timeouts: {implicit: 0, pageLoad: 300000, script: 30000}, unhandledPromptBehavior: dismiss and notify, webauthn:extension:credBlob: true, webauthn:extension:largeBlob: true, webauthn:virtualAuthenticators: true}
Session ID: 597a0c430c70878c24edba044d404178" type="org.openqa.selenium.NoSuchElementException">
      <![CDATA[org.openqa.selenium.NoSuchElementException: no such element: Unable to locate element: {"method":"css selector","selector":"#repairException"}
  (Session info: chrome=109.0.5414.75)
For documentation on this error, please visit: https://selenium.dev/exceptions/#no_such_element
Build info: version: '4.3.0', revision: 'a4995e2c09*'
System info: host: 'DESKTOP-M729FOC', ip: '192.168.29.91', os.name: 'Windows 10', os.arch: 'amd64', os.version: '10.0', java.version: '11.0.13'
Driver info: org.openqa.selenium.chrome.ChromeDriver
Command: [597a0c430c70878c24edba044d404178, findElement {using=id, value=repairException}]
Capabilities {acceptInsecureCerts: false, browserName: chrome, browserVersion: 109.0.5414.75, chrome: {chromedriverVersion: 109.0.5414.74 (e7c5703604da..., userDataDir: C:\Users\DELL\AppData\Local...}, goog:chromeOptions: {debuggerAddress: localhost:52569}, networkConnectionEnabled: false, pageLoadStrategy: normal, platformName: WINDOWS, proxy: Proxy(), se:cdp: ws://localhost:52569/devtoo..., se:cdpVersion: 109.0.5414.75, setWindowRect: true, strictFileInteractability: false, timeouts: {implicit: 0, pageLoad: 300000, script: 30000}, unhandledPromptBehavior: dismiss and notify, webauthn:extension:credBlob: true, webauthn:extension:largeBlob: true, webauthn:virtualAuthenticators: true}
Session ID: 597a0c430c70878c24edba044d404178
at jdk.internal.reflect.GeneratedConstructorAccessor15.newInstance(Unknown Source)
at java.base/jdk.internal.reflect.DelegatingConstructorAccessorImpl.newInstance(DelegatingConstructorAccessorImpl.java:45)
at java.base/java.lang.reflect.Constructor.newInstance(Constructor.java:490)
at org.openqa.selenium.remote.codec.w3c.W3CHttpResponseCodec.createException(W3CHttpResponseCodec.java:200)
at org.openqa.selenium.remote.codec.w3c.W3CHttpResponseCodec.decode(W3CHttpResponseCodec.java:133)
at org.openqa.selenium.remote.codec.w3c.W3CHttpResponseCodec.decode(W3CHttpResponseCodec.java:53)
at org.openqa.selenium.remote.HttpCommandExecutor.execute(HttpCommandExecutor.java:184)
at org.openqa.selenium.remote.service.DriverCommandExecutor.invokeExecute(DriverCommandExecutor.java:167)
at org.openqa.selenium.remote.service.DriverCommandExecutor.execute(DriverCommandExecutor.java:142)
at org.openqa.selenium.remote.RemoteWebDriver.execute(RemoteWebDriver.java:569)
at org.openqa.selenium.remote.ElementLocation$ElementFinder$2.findElement(ElementLocation.java:162)
at org.openqa.selenium.remote.ElementLocation.findElement(ElementLocation.java:60)
at org.openqa.selenium.remote.RemoteWebDriver.findElement(RemoteWebDriver.java:387)
at org.openqa.selenium.remote.RemoteWebDriver.findElement(RemoteWebDriver.java:379)
at pageobjects.RepairLocatorsGUI.repairException(RepairLocatorsGUI.java:81)
at fieldServiceFormsTest.PositiveRepairExceptionGUITest.gUITestDropDownRepairException(PositiveRepairExceptionGUITest.java:95)
at jdk.internal.reflect.GeneratedMethodAccessor4.invoke(Unknown Source)
at java.base/jdk.internal.reflect.DelegatingMethodAccessorImpl.invoke(DelegatingMethodAccessorImpl.java:43)
at java.base/java.lang.reflect.Method.invoke(Method.java:566)
at org.testng.internal.MethodInvocationHelper.invokeMethod(MethodInvocationHelper.java:133)
at org.testng.internal.TestInvoker.invokeMethod(TestInvoker.java:598)
at org.testng.internal.TestInvoker.invokeTestMethod(TestInvoker.java:173)
at org.testng.internal.MethodRunner.runInSequence(MethodRunner.java:46)
at org.testng.internal.TestInvoker$MethodInvocationAgent.invoke(TestInvoker.java:824)
at org.testng.internal.TestInvoker.invokeTestMethods(TestInvoker.java:146)
at org.testng.internal.TestMethodWorker.invokeTestMethods(TestMethodWorker.java:146)
at org.testng.internal.TestMethodWorker.run(TestMethodWorker.java:128)
at java.base/java.util.ArrayList.forEach(ArrayList.java:1541)
at org.testng.TestRunner.privateRun(TestRunner.java:794)
at org.testng.TestRunner.run(TestRunner.java:596)
at org.testng.SuiteRunner.runTest(SuiteRunner.java:377)
at org.testng.SuiteRunner.runSequentially(SuiteRunner.java:371)
at org.testng.SuiteRunner.privateRun(SuiteRunner.java:332)
at org.testng.SuiteRunner.run(SuiteRunner.java:276)
at org.testng.SuiteRunnerWorker.runSuite(SuiteRunnerWorker.java:53)
at org.testng.SuiteRunnerWorker.run(SuiteRunnerWorker.java:96)
at org.testng.TestNG.runSuitesSequentially(TestNG.java:1212)
at org.testng.TestNG.runSuitesLocally(TestNG.java:1134)
at org.testng.TestNG.runSuites(TestNG.java:1063)
at org.testng.TestNG.run(TestNG.java:1031)
at org.testng.remote.AbstractRemoteTestNG.run(AbstractRemoteTestNG.java:115)
at org.testng.remote.RemoteTestNG.initAndRun(RemoteTestNG.java:251)
at org.testng.remote.RemoteTestNG.main(RemoteTestNG.java:77)
]]>
    </error>
  </testcase> <!-- gUITestDropDownRepairException -->
  <system-out/>
  <testcase classname="fieldServiceFormsTest.PositiveRepairExceptionGUITest" name="gUITestDropDownRepairException" time="6.049"/>
  <system-out/>
  <testcase classname="fieldServiceFormsTest.PositiveRepairExceptionGUITest" name="gUITestDropDownRepairException" time="4.475"/>
  <system-out/>
  <testcase classname="fieldServiceFormsTest.PositiveRepairExceptionGUITest" name="gUITestDropDownRepairException" time="4.251"/>
  <system-out/>
  <testcase classname="fieldServiceFormsTest.PositiveRepairExceptionGUITest" name="gUITestDropDownRepairException" time="4.305"/>
  <system-out/>
  <testcase classname="fieldServiceFormsTest.PositiveRepairExceptionGUITest" name="gUITestDropDownRepairException" time="4.544"/>
  <system-out/>
  <testcase classname="fieldServiceFormsTest.PositiveRepairExceptionGUITest" name="gUITestDropDownRepairException" time="4.457"/>
  <system-out/>
  <testcase classname="fieldServiceFormsTest.PositiveRepairExceptionGUITest" name="gUITestDropDownRepairException" time="4.940"/>
  <system-out/>
  <testcase classname="fieldServiceFormsTest.PositiveRepairExceptionGUITest" name="gUITestDropDownRepairException" time="4.890"/>
  <system-out/>
  <testcase classname="fieldServiceFormsTest.PositiveRepairExceptionGUITest" name="gUITestDropDownRepairException" time="4.608"/>
  <system-out/>
  <testcase classname="fieldServiceFormsTest.PositiveRepairExceptionGUITest" name="gUITestDropDownRepairException" time="4.901"/>
  <system-out/>
  <testcase classname="fieldServiceFormsTest.PositiveRepairExceptionGUITest" name="gUITestDropDownRepairException" time="4.737"/>
  <system-out/>
  <testcase classname="fieldServiceFormsTest.PositiveRepairExceptionGUITest" name="gUITestDropDownRepairException" time="4.286"/>
  <system-out/>
  <testcase classname="fieldServiceFormsTest.PositiveRepairExceptionGUITest" name="gUITestDropDownRepairException" time="4.366"/>
  <system-out/>
  <testcase classname="fieldServiceFormsTest.PositiveRepairExceptionGUITest" name="gUITestDropDownRepairException" time="4.442"/>
  <system-out/>
  <testcase classname="fieldServiceFormsTest.PositiveRepairExceptionGUITest" name="gUITestDropDownRepairException" time="5.123"/>
  <system-out/>
  <testcase classname="fieldServiceFormsTest.PositiveRepairExceptionGUITest" name="gUITestDropDownRepairException" time="5.621"/>
  <system-out/>
  <testcase classname="fieldServiceFormsTest.PositiveRepairExceptionGUITest" name="gUITestDropDownRepairException" time="4.291"/>
  <system-out/>
  <testcase classname="fieldServiceFormsTest.PositiveRepairExceptionGUITest" name="gUITestDropDownRepairException" time="4.457"/>
  <system-out/>
  <testcase classname="fieldServiceFormsTest.PositiveRepairExceptionGUITest" name="gUITestDropDownRepairException" time="4.221"/>
  <system-out/>
  <testcase classname="fieldServiceFormsTest.PositiveRepairExceptionGUITest" name="gUITestDropDownRepairException" time="5.240"/>
  <system-out/>
  <testcase classname="fieldServiceFormsTest.PositiveRepairExceptionGUITest" name="gUITestDropDownRepairException" time="4.517"/>
  <system-out/>
  <testcase classname="fieldServiceFormsTest.PositiveRepairExceptionGUITest" name="gUITestDropDownRepairException" time="4.881"/>
  <system-out/>
  <testcase classname="fieldServiceFormsTest.PositiveRepairExceptionGUITest" name="gUITestDropDownRepairException" time="4.871"/>
  <system-out/>
  <testcase classname="fieldServiceFormsTest.PositiveRepairExceptionGUITest" name="gUITestDropDownRepairException" time="4.777"/>
  <system-out/>
  <testcase classname="fieldServiceFormsTest.PositiveRepairExceptionGUITest" name="gUITestDropDownRepairException" time="6.714"/>
  <system-out/>
  <testcase classname="fieldServiceFormsTest.PositiveRepairExceptionGUITest" name="gUITestDropDownRepairException" time="4.935"/>
  <system-out/>
  <testcase classname="fieldServiceFormsTest.PositiveRepairExceptionGUITest" name="gUITestDropDownRepairException" time="5.062"/>
  <system-out/>
  <testcase classname="fieldServiceFormsTest.PositiveRepairExceptionGUITest" name="gUITestDropDownRepairException" time="4.374"/>
  <system-out/>
  <testcase classname="fieldServiceFormsTest.PositiveRepairExceptionGUITest" name="gUITestDropDownRepairException" time="4.268"/>
  <system-out/>
  <testcase classname="fieldServiceFormsTest.PositiveRepairExceptionGUITest" name="gUITestDropDownRepairException" time="4.297"/>
  <system-out/>
  <testcase classname="fieldServiceFormsTest.PositiveRepairExceptionGUITest" name="gUITestDropDownRepairException" time="4.718"/>
  <system-out/>
  <testcase classname="fieldServiceFormsTest.PositiveRepairExceptionGUITest" name="gUITestDropDownRepairException" time="4.361"/>
  <system-out/>
  <testcase classname="fieldServiceFormsTest.PositiveRepairExceptionGUITest" name="gUITestDropDownRepairException" time="4.457"/>
  <system-out/>
  <testcase classname="fieldServiceFormsTest.PositiveRepairExceptionGUITest" name="gUITestDropDownRepairException" time="4.862"/>
  <system-out/>
  <testcase classname="fieldServiceFormsTest.PositiveRepairExceptionGUITest" name="gUITestDropDownRepairException" time="53.198">
    <error message="no such element: Unable to locate element: {&quot;method&quot;:&quot;css selector&quot;,&quot;selector&quot;:&quot;#repairException&quot;}
  (Session info: chrome=109.0.5414.75)
For documentation on this error, please visit: https://selenium.dev/exceptions/#no_such_element
Build info: version: &#039;4.3.0&#039;, revision: &#039;a4995e2c09*&#039;
System info: host: &#039;DESKTOP-M729FOC&#039;, ip: &#039;192.168.29.91&#039;, os.name: &#039;Windows 10&#039;, os.arch: &#039;amd64&#039;, os.version: &#039;10.0&#039;, java.version: &#039;11.0.13&#039;
Driver info: org.openqa.selenium.chrome.ChromeDriver
Command: [597a0c430c70878c24edba044d404178, findElement {using=id, value=repairException}]
Capabilities {acceptInsecureCerts: false, browserName: chrome, browserVersion: 109.0.5414.75, chrome: {chromedriverVersion: 109.0.5414.74 (e7c5703604da..., userDataDir: C:\Users\DELL\AppData\Local...}, goog:chromeOptions: {debuggerAddress: localhost:52569}, networkConnectionEnabled: false, pageLoadStrategy: normal, platformName: WINDOWS, proxy: Proxy(), se:cdp: ws://localhost:52569/devtoo..., se:cdpVersion: 109.0.5414.75, setWindowRect: true, strictFileInteractability: false, timeouts: {implicit: 0, pageLoad: 300000, script: 30000}, unhandledPromptBehavior: dismiss and notify, webauthn:extension:credBlob: true, webauthn:extension:largeBlob: true, webauthn:virtualAuthenticators: true}
Session ID: 597a0c430c70878c24edba044d404178" type="org.openqa.selenium.NoSuchElementException">
      <![CDATA[org.openqa.selenium.NoSuchElementException: no such element: Unable to locate element: {"method":"css selector","selector":"#repairException"}
  (Session info: chrome=109.0.5414.75)
For documentation on this error, please visit: https://selenium.dev/exceptions/#no_such_element
Build info: version: '4.3.0', revision: 'a4995e2c09*'
System info: host: 'DESKTOP-M729FOC', ip: '192.168.29.91', os.name: 'Windows 10', os.arch: 'amd64', os.version: '10.0', java.version: '11.0.13'
Driver info: org.openqa.selenium.chrome.ChromeDriver
Command: [597a0c430c70878c24edba044d404178, findElement {using=id, value=repairException}]
Capabilities {acceptInsecureCerts: false, browserName: chrome, browserVersion: 109.0.5414.75, chrome: {chromedriverVersion: 109.0.5414.74 (e7c5703604da..., userDataDir: C:\Users\DELL\AppData\Local...}, goog:chromeOptions: {debuggerAddress: localhost:52569}, networkConnectionEnabled: false, pageLoadStrategy: normal, platformName: WINDOWS, proxy: Proxy(), se:cdp: ws://localhost:52569/devtoo..., se:cdpVersion: 109.0.5414.75, setWindowRect: true, strictFileInteractability: false, timeouts: {implicit: 0, pageLoad: 300000, script: 30000}, unhandledPromptBehavior: dismiss and notify, webauthn:extension:credBlob: true, webauthn:extension:largeBlob: true, webauthn:virtualAuthenticators: true}
Session ID: 597a0c430c70878c24edba044d404178
at jdk.internal.reflect.GeneratedConstructorAccessor15.newInstance(Unknown Source)
at java.base/jdk.internal.reflect.DelegatingConstructorAccessorImpl.newInstance(DelegatingConstructorAccessorImpl.java:45)
at java.base/java.lang.reflect.Constructor.newInstance(Constructor.java:490)
at org.openqa.selenium.remote.codec.w3c.W3CHttpResponseCodec.createException(W3CHttpResponseCodec.java:200)
at org.openqa.selenium.remote.codec.w3c.W3CHttpResponseCodec.decode(W3CHttpResponseCodec.java:133)
at org.openqa.selenium.remote.codec.w3c.W3CHttpResponseCodec.decode(W3CHttpResponseCodec.java:53)
at org.openqa.selenium.remote.HttpCommandExecutor.execute(HttpCommandExecutor.java:184)
at org.openqa.selenium.remote.service.DriverCommandExecutor.invokeExecute(DriverCommandExecutor.java:167)
at org.openqa.selenium.remote.service.DriverCommandExecutor.execute(DriverCommandExecutor.java:142)
at org.openqa.selenium.remote.RemoteWebDriver.execute(RemoteWebDriver.java:569)
at org.openqa.selenium.remote.ElementLocation$ElementFinder$2.findElement(ElementLocation.java:162)
at org.openqa.selenium.remote.ElementLocation.findElement(ElementLocation.java:60)
at org.openqa.selenium.remote.RemoteWebDriver.findElement(RemoteWebDriver.java:387)
at org.openqa.selenium.remote.RemoteWebDriver.findElement(RemoteWebDriver.java:379)
at pageobjects.RepairLocatorsGUI.repairException(RepairLocatorsGUI.java:81)
at fieldServiceFormsTest.PositiveRepairExceptionGUITest.gUITestDropDownRepairException(PositiveRepairExceptionGUITest.java:95)
at jdk.internal.reflect.GeneratedMethodAccessor4.invoke(Unknown Source)
at java.base/jdk.internal.reflect.DelegatingMethodAccessorImpl.invoke(DelegatingMethodAccessorImpl.java:43)
at java.base/java.lang.reflect.Method.invoke(Method.java:566)
at org.testng.internal.MethodInvocationHelper.invokeMethod(MethodInvocationHelper.java:133)
at org.testng.internal.TestInvoker.invokeMethod(TestInvoker.java:598)
at org.testng.internal.TestInvoker.invokeTestMethod(TestInvoker.java:173)
at org.testng.internal.MethodRunner.runInSequence(MethodRunner.java:46)
at org.testng.internal.TestInvoker$MethodInvocationAgent.invoke(TestInvoker.java:824)
at org.testng.internal.TestInvoker.invokeTestMethods(TestInvoker.java:146)
at org.testng.internal.TestMethodWorker.invokeTestMethods(TestMethodWorker.java:146)
at org.testng.internal.TestMethodWorker.run(TestMethodWorker.java:128)
at java.base/java.util.ArrayList.forEach(ArrayList.java:1541)
at org.testng.TestRunner.privateRun(TestRunner.java:794)
at org.testng.TestRunner.run(TestRunner.java:596)
at org.testng.SuiteRunner.runTest(SuiteRunner.java:377)
at org.testng.SuiteRunner.runSequentially(SuiteRunner.java:371)
at org.testng.SuiteRunner.privateRun(SuiteRunner.java:332)
at org.testng.SuiteRunner.run(SuiteRunner.java:276)
at org.testng.SuiteRunnerWorker.runSuite(SuiteRunnerWorker.java:53)
at org.testng.SuiteRunnerWorker.run(SuiteRunnerWorker.java:96)
at org.testng.TestNG.runSuitesSequentially(TestNG.java:1212)
at org.testng.TestNG.runSuitesLocally(TestNG.java:1134)
at org.testng.TestNG.runSuites(TestNG.java:1063)
at org.testng.TestNG.run(TestNG.java:1031)
at org.testng.remote.AbstractRemoteTestNG.run(AbstractRemoteTestNG.java:115)
at org.testng.remote.RemoteTestNG.initAndRun(RemoteTestNG.java:251)
at org.testng.remote.RemoteTestNG.main(RemoteTestNG.java:77)
]]>
    </error>
  </testcase> <!-- gUITestDropDownRepairException -->
  <system-out/>
  <testcase classname="fieldServiceFormsTest.PositiveRepairExceptionGUITest" name="gUITestDropDownRepairException" time="4.472"/>
  <system-out/>
  <testcase classname="fieldServiceFormsTest.PositiveRepairExceptionGUITest" name="gUITestDropDownRepairException" time="4.618"/>
  <system-out/>
  <testcase classname="fieldServiceFormsTest.PositiveRepairExceptionGUITest" name="gUITestDropDownRepairException" time="4.190"/>
  <system-out/>
  <testcase classname="fieldServiceFormsTest.PositiveRepairExceptionGUITest" name="gUITestDropDownRepairException" time="5.013"/>
  <system-out/>
  <testcase classname="fieldServiceFormsTest.PositiveRepairExceptionGUITest" name="gUITestDropDownRepairException" time="4.314"/>
  <system-out/>
  <testcase classname="fieldServiceFormsTest.PositiveRepairExceptionGUITest" name="gUITestDropDownRepairException" time="4.308"/>
  <system-out/>
  <testcase classname="fieldServiceFormsTest.PositiveRepairExceptionGUITest" name="gUITestDropDownRepairException" time="4.262"/>
  <system-out/>
  <testcase classname="fieldServiceFormsTest.PositiveRepairExceptionGUITest" name="gUITestDropDownRepairException" time="4.411"/>
  <system-out/>
  <testcase classname="fieldServiceFormsTest.PositiveRepairExceptionGUITest" name="gUITestDropDownRepairException" time="4.293"/>
  <system-out/>
  <testcase classname="fieldServiceFormsTest.PositiveRepairExceptionGUITest" name="gUITestDropDownRepairException" time="5.225"/>
  <system-out/>
  <testcase classname="fieldServiceFormsTest.PositiveRepairExceptionGUITest" name="gUITestDropDownRepairException" time="5.443"/>
  <system-out/>
  <testcase classname="fieldServiceFormsTest.PositiveRepairExceptionGUITest" name="gUITestDropDownRepairException" time="4.642"/>
  <system-out/>
  <testcase classname="fieldServiceFormsTest.PositiveRepairExceptionGUITest" name="gUITestDropDownRepairException" time="4.302"/>
  <system-out/>
  <testcase classname="fieldServiceFormsTest.PositiveRepairExceptionGUITest" name="gUITestDropDownRepairException" time="5.023"/>
  <system-out/>
  <testcase classname="fieldServiceFormsTest.PositiveRepairExceptionGUITest" name="gUITestDropDownRepairException" time="6.623"/>
  <system-out/>
  <testcase classname="fieldServiceFormsTest.PositiveRepairExceptionGUITest" name="gUITestDropDownRepairException" time="4.374"/>
  <system-out/>
  <testcase classname="fieldServiceFormsTest.PositiveRepairExceptionGUITest" name="gUITestDropDownRepairException" time="4.830"/>
  <system-out/>
  <testcase classname="fieldServiceFormsTest.PositiveRepairExceptionGUITest" name="gUITestDropDownRepairException" time="4.677"/>
  <system-out/>
  <testcase classname="fieldServiceFormsTest.PositiveRepairExceptionGUITest" name="gUITestDropDownRepairException" time="4.259"/>
  <system-out/>
  <testcase classname="fieldServiceFormsTest.PositiveRepairExceptionGUITest" name="gUITestDropDownRepairException" time="4.275"/>
  <system-out/>
  <testcase classname="fieldServiceFormsTest.PositiveRepairExceptionGUITest" name="gUITestDropDownRepairException" time="4.395"/>
  <system-out/>
  <testcase classname="fieldServiceFormsTest.PositiveRepairExceptionGUITest" name="gUITestDropDownRepairException" time="5.018"/>
  <system-out/>
  <testcase classname="fieldServiceFormsTest.PositiveRepairExceptionGUITest" name="gUITestDropDownRepairException" time="4.387"/>
  <system-out/>
  <testcase classname="fieldServiceFormsTest.PositiveRepairExceptionGUITest" name="gUITestDropDownRepairException" time="5.000"/>
  <system-out/>
  <testcase classname="fieldServiceFormsTest.PositiveRepairExceptionGUITest" name="gUITestDropDownRepairException" time="5.026"/>
  <system-out/>
  <testcase classname="fieldServiceFormsTest.PositiveRepairExceptionGUITest" name="gUITestDropDownRepairException" time="4.304"/>
  <system-out/>
  <testcase classname="fieldServiceFormsTest.PositiveRepairExceptionGUITest" name="gUITestDropDownRepairException" time="5.304"/>
  <system-out/>
  <testcase classname="fieldServiceFormsTest.PositiveRepairExceptionGUITest" name="gUITestDropDownRepairException" time="4.263"/>
  <system-out/>
  <testcase classname="fieldServiceFormsTest.PositiveRepairExceptionGUITest" name="gUITestDropDownRepairException" time="4.664"/>
  <system-out/>
  <testcase classname="fieldServiceFormsTest.PositiveRepairExceptionGUITest" name="gUITestDropDownRepairException" time="4.993"/>
  <system-out/>
  <testcase classname="fieldServiceFormsTest.PositiveRepairExceptionGUITest" name="gUITestDropDownRepairException" time="4.748"/>
  <system-out/>
  <testcase classname="fieldServiceFormsTest.PositiveRepairExceptionGUITest" name="gUITestDropDownRepairException" time="4.268"/>
  <system-out/>
  <testcase classname="fieldServiceFormsTest.PositiveRepairExceptionGUITest" name="gUITestDropDownRepairException" time="4.377"/>
  <system-out/>
  <testcase classname="fieldServiceFormsTest.PositiveRepairExceptionGUITest" name="gUITestDropDownRepairException" time="4.671"/>
  <system-out/>
  <testcase classname="fieldServiceFormsTest.PositiveRepairExceptionGUITest" name="gUITestDropDownRepairException" time="4.997"/>
  <system-out/>
  <testcase classname="fieldServiceFormsTest.PositiveRepairExceptionGUITest" name="gUITestDropDownRepairException" time="4.485"/>
  <system-out/>
  <testcase classname="fieldServiceFormsTest.PositiveRepairExceptionGUITest" name="gUITestDropDownRepairException" time="4.215"/>
  <system-out/>
  <testcase classname="fieldServiceFormsTest.PositiveRepairExceptionGUITest" name="gUITestDropDownRepairException" time="4.361"/>
  <system-out/>
  <testcase classname="fieldServiceFormsTest.PositiveRepairExceptionGUITest" name="gUITestDropDownRepairException" time="4.480"/>
  <system-out/>
  <testcase classname="fieldServiceFormsTest.PositiveRepairExceptionGUITest" name="gUITestDropDownRepairException" time="6.008"/>
  <system-out/>
  <testcase classname="fieldServiceFormsTest.PositiveRepairExceptionGUITest" name="gUITestDropDownRepairException" time="4.512"/>
  <system-out/>
  <testcase classname="fieldServiceFormsTest.PositiveRepairExceptionGUITest" name="gUITestDropDownRepairException" time="4.785"/>
  <system-out/>
  <testcase classname="fieldServiceFormsTest.PositiveRepairExceptionGUITest" name="gUITestDropDownRepairException" time="5.094"/>
  <system-out/>
  <testcase classname="fieldServiceFormsTest.PositiveRepairExceptionGUITest" name="gUITestDropDownRepairException" time="4.826"/>
  <system-out/>
  <testcase classname="fieldServiceFormsTest.PositiveRepairExceptionGUITest" name="gUITestDropDownRepairException" time="4.426"/>
  <system-out/>
  <testcase classname="fieldServiceFormsTest.PositiveRepairExceptionGUITest" name="gUITestDropDownRepairException" time="4.672"/>
  <system-out/>
  <testcase classname="fieldServiceFormsTest.PositiveRepairExceptionGUITest" name="gUITestDropDownRepairException" time="4.176"/>
  <system-out/>
  <testcase classname="fieldServiceFormsTest.PositiveRepairExceptionGUITest" name="gUITestDropDownRepairException" time="4.727"/>
  <system-out/>
  <testcase classname="fieldServiceFormsTest.PositiveRepairExceptionGUITest" name="gUITestDropDownRepairException" time="4.925"/>
  <system-out/>
  <testcase classname="fieldServiceFormsTest.PositiveRepairExceptionGUITest" name="gUITestDropDownRepairException" time="4.474"/>
  <system-out/>
  <testcase classname="fieldServiceFormsTest.PositiveRepairExceptionGUITest" name="gUITestDropDownRepairException" time="5.153"/>
  <system-out/>
  <testcase classname="fieldServiceFormsTest.PositiveRepairExceptionGUITest" name="gUITestDropDownRepairException" time="4.336"/>
  <system-out/>
  <testcase classname="fieldServiceFormsTest.PositiveRepairExceptionGUITest" name="gUITestDropDownRepairException" time="4.428"/>
  <system-out/>
  <testcase classname="fieldServiceFormsTest.PositiveRepairExceptionGUITest" name="gUITestDropDownRepairException" time="5.137"/>
  <system-out/>
  <testcase classname="fieldServiceFormsTest.PositiveRepairExceptionGUITest" name="gUITestDropDownRepairException" time="5.172"/>
  <system-out/>
  <testcase classname="fieldServiceFormsTest.PositiveRepairExceptionGUITest" name="gUITestDropDownRepairException" time="4.964"/>
  <system-out/>
  <testcase classname="fieldServiceFormsTest.PositiveRepairExceptionGUITest" name="gUITestDropDownRepairException" time="4.264"/>
  <system-out/>
  <testcase classname="fieldServiceFormsTest.PositiveRepairExceptionGUITest" name="gUITestDropDownRepairException" time="4.421"/>
  <system-out/>
  <testcase classname="fieldServiceFormsTest.PositiveRepairExceptionGUITest" name="gUITestDropDownRepairException" time="4.829"/>
  <system-out/>
  <testcase classname="fieldServiceFormsTest.PositiveRepairExceptionGUITest" name="gUITestDropDownRepairException" time="5.603"/>
  <system-out/>
  <testcase classname="fieldServiceFormsTest.PositiveRepairExceptionGUITest" name="gUITestDropDownRepairException" time="4.464"/>
  <system-out/>
  <testcase classname="fieldServiceFormsTest.PositiveRepairExceptionGUITest" name="gUITestDropDownRepairException" time="4.526"/>
  <system-out/>
  <testcase classname="fieldServiceFormsTest.PositiveRepairExceptionGUITest" name="gUITestDropDownRepairException" time="4.578"/>
  <system-out/>
  <testcase classname="fieldServiceFormsTest.PositiveRepairExceptionGUITest" name="gUITestDropDownRepairException" time="4.512"/>
  <system-out/>
  <testcase classname="fieldServiceFormsTest.PositiveRepairExceptionGUITest" name="gUITestDropDownRepairException" time="5.373"/>
  <system-out/>
  <testcase classname="fieldServiceFormsTest.PositiveRepairExceptionGUITest" name="gUITestDropDownRepairException" time="4.411"/>
  <system-out/>
  <testcase classname="fieldServiceFormsTest.PositiveRepairExceptionGUITest" name="gUITestDropDownRepairException" time="5.325"/>
  <system-out/>
  <testcase classname="fieldServiceFormsTest.PositiveRepairExceptionGUITest" name="gUITestDropDownRepairException" time="4.266"/>
  <system-out/>
  <testcase classname="fieldServiceFormsTest.PositiveRepairExceptionGUITest" name="gUITestDropDownRepairException" time="4.804"/>
  <system-out/>
  <testcase classname="fieldServiceFormsTest.PositiveRepairExceptionGUITest" name="gUITestDropDownRepairException" time="4.516"/>
  <system-out/>
  <testcase classname="fieldServiceFormsTest.PositiveRepairExceptionGUITest" name="gUITestDropDownRepairException" time="4.366"/>
  <system-out/>
  <testcase classname="fieldServiceFormsTest.PositiveRepairExceptionGUITest" name="gUITestDropDownRepairException" time="5.009"/>
  <system-out/>
  <testcase classname="fieldServiceFormsTest.PositiveRepairExceptionGUITest" name="gUITestDropDownRepairException" time="5.048"/>
  <system-out/>
  <testcase classname="fieldServiceFormsTest.PositiveRepairExceptionGUITest" name="gUITestDropDownRepairException" time="6.190"/>
  <system-out/>
  <testcase classname="fieldServiceFormsTest.PositiveRepairExceptionGUITest" name="gUITestDropDownRepairException" time="4.411"/>
  <system-out/>
  <testcase classname="fieldServiceFormsTest.PositiveRepairExceptionGUITest" name="gUITestDropDownRepairException" time="53.114">
    <error message="no such element: Unable to locate element: {&quot;method&quot;:&quot;css selector&quot;,&quot;selector&quot;:&quot;#repairException&quot;}
  (Session info: chrome=109.0.5414.75)
For documentation on this error, please visit: https://selenium.dev/exceptions/#no_such_element
Build info: version: &#039;4.3.0&#039;, revision: &#039;a4995e2c09*&#039;
System info: host: &#039;DESKTOP-M729FOC&#039;, ip: &#039;192.168.29.91&#039;, os.name: &#039;Windows 10&#039;, os.arch: &#039;amd64&#039;, os.version: &#039;10.0&#039;, java.version: &#039;11.0.13&#039;
Driver info: org.openqa.selenium.chrome.ChromeDriver
Command: [597a0c430c70878c24edba044d404178, findElement {using=id, value=repairException}]
Capabilities {acceptInsecureCerts: false, browserName: chrome, browserVersion: 109.0.5414.75, chrome: {chromedriverVersion: 109.0.5414.74 (e7c5703604da..., userDataDir: C:\Users\DELL\AppData\Local...}, goog:chromeOptions: {debuggerAddress: localhost:52569}, networkConnectionEnabled: false, pageLoadStrategy: normal, platformName: WINDOWS, proxy: Proxy(), se:cdp: ws://localhost:52569/devtoo..., se:cdpVersion: 109.0.5414.75, setWindowRect: true, strictFileInteractability: false, timeouts: {implicit: 0, pageLoad: 300000, script: 30000}, unhandledPromptBehavior: dismiss and notify, webauthn:extension:credBlob: true, webauthn:extension:largeBlob: true, webauthn:virtualAuthenticators: true}
Session ID: 597a0c430c70878c24edba044d404178" type="org.openqa.selenium.NoSuchElementException">
      <![CDATA[org.openqa.selenium.NoSuchElementException: no such element: Unable to locate element: {"method":"css selector","selector":"#repairException"}
  (Session info: chrome=109.0.5414.75)
For documentation on this error, please visit: https://selenium.dev/exceptions/#no_such_element
Build info: version: '4.3.0', revision: 'a4995e2c09*'
System info: host: 'DESKTOP-M729FOC', ip: '192.168.29.91', os.name: 'Windows 10', os.arch: 'amd64', os.version: '10.0', java.version: '11.0.13'
Driver info: org.openqa.selenium.chrome.ChromeDriver
Command: [597a0c430c70878c24edba044d404178, findElement {using=id, value=repairException}]
Capabilities {acceptInsecureCerts: false, browserName: chrome, browserVersion: 109.0.5414.75, chrome: {chromedriverVersion: 109.0.5414.74 (e7c5703604da..., userDataDir: C:\Users\DELL\AppData\Local...}, goog:chromeOptions: {debuggerAddress: localhost:52569}, networkConnectionEnabled: false, pageLoadStrategy: normal, platformName: WINDOWS, proxy: Proxy(), se:cdp: ws://localhost:52569/devtoo..., se:cdpVersion: 109.0.5414.75, setWindowRect: true, strictFileInteractability: false, timeouts: {implicit: 0, pageLoad: 300000, script: 30000}, unhandledPromptBehavior: dismiss and notify, webauthn:extension:credBlob: true, webauthn:extension:largeBlob: true, webauthn:virtualAuthenticators: true}
Session ID: 597a0c430c70878c24edba044d404178
at jdk.internal.reflect.GeneratedConstructorAccessor15.newInstance(Unknown Source)
at java.base/jdk.internal.reflect.DelegatingConstructorAccessorImpl.newInstance(DelegatingConstructorAccessorImpl.java:45)
at java.base/java.lang.reflect.Constructor.newInstance(Constructor.java:490)
at org.openqa.selenium.remote.codec.w3c.W3CHttpResponseCodec.createException(W3CHttpResponseCodec.java:200)
at org.openqa.selenium.remote.codec.w3c.W3CHttpResponseCodec.decode(W3CHttpResponseCodec.java:133)
at org.openqa.selenium.remote.codec.w3c.W3CHttpResponseCodec.decode(W3CHttpResponseCodec.java:53)
at org.openqa.selenium.remote.HttpCommandExecutor.execute(HttpCommandExecutor.java:184)
at org.openqa.selenium.remote.service.DriverCommandExecutor.invokeExecute(DriverCommandExecutor.java:167)
at org.openqa.selenium.remote.service.DriverCommandExecutor.execute(DriverCommandExecutor.java:142)
at org.openqa.selenium.remote.RemoteWebDriver.execute(RemoteWebDriver.java:569)
at org.openqa.selenium.remote.ElementLocation$ElementFinder$2.findElement(ElementLocation.java:162)
at org.openqa.selenium.remote.ElementLocation.findElement(ElementLocation.java:60)
at org.openqa.selenium.remote.RemoteWebDriver.findElement(RemoteWebDriver.java:387)
at org.openqa.selenium.remote.RemoteWebDriver.findElement(RemoteWebDriver.java:379)
at pageobjects.RepairLocatorsGUI.repairException(RepairLocatorsGUI.java:81)
at fieldServiceFormsTest.PositiveRepairExceptionGUITest.gUITestDropDownRepairException(PositiveRepairExceptionGUITest.java:95)
at jdk.internal.reflect.GeneratedMethodAccessor4.invoke(Unknown Source)
at java.base/jdk.internal.reflect.DelegatingMethodAccessorImpl.invoke(DelegatingMethodAccessorImpl.java:43)
at java.base/java.lang.reflect.Method.invoke(Method.java:566)
at org.testng.internal.MethodInvocationHelper.invokeMethod(MethodInvocationHelper.java:133)
at org.testng.internal.TestInvoker.invokeMethod(TestInvoker.java:598)
at org.testng.internal.TestInvoker.invokeTestMethod(TestInvoker.java:173)
at org.testng.internal.MethodRunner.runInSequence(MethodRunner.java:46)
at org.testng.internal.TestInvoker$MethodInvocationAgent.invoke(TestInvoker.java:824)
at org.testng.internal.TestInvoker.invokeTestMethods(TestInvoker.java:146)
at org.testng.internal.TestMethodWorker.invokeTestMethods(TestMethodWorker.java:146)
at org.testng.internal.TestMethodWorker.run(TestMethodWorker.java:128)
at java.base/java.util.ArrayList.forEach(ArrayList.java:1541)
at org.testng.TestRunner.privateRun(TestRunner.java:794)
at org.testng.TestRunner.run(TestRunner.java:596)
at org.testng.SuiteRunner.runTest(SuiteRunner.java:377)
at org.testng.SuiteRunner.runSequentially(SuiteRunner.java:371)
at org.testng.SuiteRunner.privateRun(SuiteRunner.java:332)
at org.testng.SuiteRunner.run(SuiteRunner.java:276)
at org.testng.SuiteRunnerWorker.runSuite(SuiteRunnerWorker.java:53)
at org.testng.SuiteRunnerWorker.run(SuiteRunnerWorker.java:96)
at org.testng.TestNG.runSuitesSequentially(TestNG.java:1212)
at org.testng.TestNG.runSuitesLocally(TestNG.java:1134)
at org.testng.TestNG.runSuites(TestNG.java:1063)
at org.testng.TestNG.run(TestNG.java:1031)
at org.testng.remote.AbstractRemoteTestNG.run(AbstractRemoteTestNG.java:115)
at org.testng.remote.RemoteTestNG.initAndRun(RemoteTestNG.java:251)
at org.testng.remote.RemoteTestNG.main(RemoteTestNG.java:77)
]]>
    </error>
  </testcase> <!-- gUITestDropDownRepairException -->
  <system-out/>
  <testcase classname="fieldServiceFormsTest.PositiveRepairExceptionGUITest" name="gUITestDropDownRepairException" time="4.389"/>
  <system-out/>
  <testcase classname="fieldServiceFormsTest.PositiveRepairExceptionGUITest" name="gUITestDropDownRepairException" time="4.200"/>
  <system-out/>
  <testcase classname="fieldServiceFormsTest.PositiveRepairExceptionGUITest" name="gUITestDropDownRepairException" time="4.904"/>
  <system-out/>
  <testcase classname="fieldServiceFormsTest.PositiveRepairExceptionGUITest" name="gUITestDropDownRepairException" time="4.945"/>
  <system-out/>
  <testcase classname="fieldServiceFormsTest.PositiveRepairExceptionGUITest" name="gUITestDropDownRepairException" time="4.473"/>
  <system-out/>
  <testcase classname="fieldServiceFormsTest.PositiveRepairExceptionGUITest" name="gUITestDropDownRepairException" time="4.942"/>
  <system-out/>
  <testcase classname="fieldServiceFormsTest.PositiveRepairExceptionGUITest" name="gUITestDropDownRepairException" time="4.975"/>
  <system-out/>
  <testcase classname="fieldServiceFormsTest.PositiveRepairExceptionGUITest" name="gUITestDropDownRepairException" time="4.743"/>
  <system-out/>
  <testcase classname="fieldServiceFormsTest.PositiveRepairExceptionGUITest" name="gUITestDropDownRepairException" time="4.800"/>
  <system-out/>
  <testcase classname="fieldServiceFormsTest.PositiveRepairExceptionGUITest" name="gUITestDropDownRepairException" time="4.232"/>
  <system-out/>
  <testcase classname="fieldServiceFormsTest.PositiveRepairExceptionGUITest" name="gUITestDropDownRepairException" time="4.952"/>
  <system-out/>
  <testcase classname="fieldServiceFormsTest.PositiveRepairExceptionGUITest" name="gUITestDropDownRepairException" time="4.276"/>
  <system-out/>
  <testcase classname="fieldServiceFormsTest.PositiveRepairExceptionGUITest" name="gUITestDropDownRepairException" time="4.395"/>
  <system-out/>
  <testcase classname="fieldServiceFormsTest.PositiveRepairExceptionGUITest" name="gUITestDropDownRepairException" time="5.171"/>
  <system-out/>
  <testcase classname="fieldServiceFormsTest.PositiveRepairExceptionGUITest" name="gUITestDropDownRepairException" time="4.725"/>
  <system-out/>
  <testcase classname="fieldServiceFormsTest.PositiveRepairExceptionGUITest" name="gUITestDropDownRepairException" time="4.719"/>
  <system-out/>
  <testcase classname="fieldServiceFormsTest.PositiveRepairExceptionGUITest" name="gUITestDropDownRepairException" time="4.243"/>
  <system-out/>
  <testcase classname="fieldServiceFormsTest.PositiveRepairExceptionGUITest" name="gUITestDropDownRepairException" time="4.437"/>
  <system-out/>
  <testcase classname="fieldServiceFormsTest.PositiveRepairExceptionGUITest" name="gUITestDropDownRepairException" time="53.191">
    <error message="no such element: Unable to locate element: {&quot;method&quot;:&quot;css selector&quot;,&quot;selector&quot;:&quot;#repairException&quot;}
  (Session info: chrome=109.0.5414.75)
For documentation on this error, please visit: https://selenium.dev/exceptions/#no_such_element
Build info: version: &#039;4.3.0&#039;, revision: &#039;a4995e2c09*&#039;
System info: host: &#039;DESKTOP-M729FOC&#039;, ip: &#039;192.168.29.91&#039;, os.name: &#039;Windows 10&#039;, os.arch: &#039;amd64&#039;, os.version: &#039;10.0&#039;, java.version: &#039;11.0.13&#039;
Driver info: org.openqa.selenium.chrome.ChromeDriver
Command: [597a0c430c70878c24edba044d404178, findElement {using=id, value=repairException}]
Capabilities {acceptInsecureCerts: false, browserName: chrome, browserVersion: 109.0.5414.75, chrome: {chromedriverVersion: 109.0.5414.74 (e7c5703604da..., userDataDir: C:\Users\DELL\AppData\Local...}, goog:chromeOptions: {debuggerAddress: localhost:52569}, networkConnectionEnabled: false, pageLoadStrategy: normal, platformName: WINDOWS, proxy: Proxy(), se:cdp: ws://localhost:52569/devtoo..., se:cdpVersion: 109.0.5414.75, setWindowRect: true, strictFileInteractability: false, timeouts: {implicit: 0, pageLoad: 300000, script: 30000}, unhandledPromptBehavior: dismiss and notify, webauthn:extension:credBlob: true, webauthn:extension:largeBlob: true, webauthn:virtualAuthenticators: true}
Session ID: 597a0c430c70878c24edba044d404178" type="org.openqa.selenium.NoSuchElementException">
      <![CDATA[org.openqa.selenium.NoSuchElementException: no such element: Unable to locate element: {"method":"css selector","selector":"#repairException"}
  (Session info: chrome=109.0.5414.75)
For documentation on this error, please visit: https://selenium.dev/exceptions/#no_such_element
Build info: version: '4.3.0', revision: 'a4995e2c09*'
System info: host: 'DESKTOP-M729FOC', ip: '192.168.29.91', os.name: 'Windows 10', os.arch: 'amd64', os.version: '10.0', java.version: '11.0.13'
Driver info: org.openqa.selenium.chrome.ChromeDriver
Command: [597a0c430c70878c24edba044d404178, findElement {using=id, value=repairException}]
Capabilities {acceptInsecureCerts: false, browserName: chrome, browserVersion: 109.0.5414.75, chrome: {chromedriverVersion: 109.0.5414.74 (e7c5703604da..., userDataDir: C:\Users\DELL\AppData\Local...}, goog:chromeOptions: {debuggerAddress: localhost:52569}, networkConnectionEnabled: false, pageLoadStrategy: normal, platformName: WINDOWS, proxy: Proxy(), se:cdp: ws://localhost:52569/devtoo..., se:cdpVersion: 109.0.5414.75, setWindowRect: true, strictFileInteractability: false, timeouts: {implicit: 0, pageLoad: 300000, script: 30000}, unhandledPromptBehavior: dismiss and notify, webauthn:extension:credBlob: true, webauthn:extension:largeBlob: true, webauthn:virtualAuthenticators: true}
Session ID: 597a0c430c70878c24edba044d404178
at java.base/jdk.internal.reflect.NativeConstructorAccessorImpl.newInstance0(Native Method)
at java.base/jdk.internal.reflect.NativeConstructorAccessorImpl.newInstance(NativeConstructorAccessorImpl.java:62)
at java.base/jdk.internal.reflect.DelegatingConstructorAccessorImpl.newInstance(DelegatingConstructorAccessorImpl.java:45)
at java.base/java.lang.reflect.Constructor.newInstance(Constructor.java:490)
at org.openqa.selenium.remote.codec.w3c.W3CHttpResponseCodec.createException(W3CHttpResponseCodec.java:200)
at org.openqa.selenium.remote.codec.w3c.W3CHttpResponseCodec.decode(W3CHttpResponseCodec.java:133)
at org.openqa.selenium.remote.codec.w3c.W3CHttpResponseCodec.decode(W3CHttpResponseCodec.java:53)
at org.openqa.selenium.remote.HttpCommandExecutor.execute(HttpCommandExecutor.java:184)
at org.openqa.selenium.remote.service.DriverCommandExecutor.invokeExecute(DriverCommandExecutor.java:167)
at org.openqa.selenium.remote.service.DriverCommandExecutor.execute(DriverCommandExecutor.java:142)
at org.openqa.selenium.remote.RemoteWebDriver.execute(RemoteWebDriver.java:569)
at org.openqa.selenium.remote.ElementLocation$ElementFinder$2.findElement(ElementLocation.java:162)
at org.openqa.selenium.remote.ElementLocation.findElement(ElementLocation.java:60)
at org.openqa.selenium.remote.RemoteWebDriver.findElement(RemoteWebDriver.java:387)
at org.openqa.selenium.remote.RemoteWebDriver.findElement(RemoteWebDriver.java:379)
at pageobjects.RepairLocatorsGUI.repairException(RepairLocatorsGUI.java:81)
at fieldServiceFormsTest.PositiveRepairExceptionGUITest.gUITestDropDownRepairException(PositiveRepairExceptionGUITest.java:95)
at jdk.internal.reflect.GeneratedMethodAccessor4.invoke(Unknown Source)
at java.base/jdk.internal.reflect.DelegatingMethodAccessorImpl.invoke(DelegatingMethodAccessorImpl.java:43)
at java.base/java.lang.reflect.Method.invoke(Method.java:566)
at org.testng.internal.MethodInvocationHelper.invokeMethod(MethodInvocationHelper.java:133)
at org.testng.internal.TestInvoker.invokeMethod(TestInvoker.java:598)
at org.testng.internal.TestInvoker.invokeTestMethod(TestInvoker.java:173)
at org.testng.internal.MethodRunner.runInSequence(MethodRunner.java:46)
at org.testng.internal.TestInvoker$MethodInvocationAgent.invoke(TestInvoker.java:824)
at org.testng.internal.TestInvoker.invokeTestMethods(TestInvoker.java:146)
at org.testng.internal.TestMethodWorker.invokeTestMethods(TestMethodWorker.java:146)
at org.testng.internal.TestMethodWorker.run(TestMethodWorker.java:128)
at java.base/java.util.ArrayList.forEach(ArrayList.java:1541)
at org.testng.TestRunner.privateRun(TestRunner.java:794)
at org.testng.TestRunner.run(TestRunner.java:596)
at org.testng.SuiteRunner.runTest(SuiteRunner.java:377)
at org.testng.SuiteRunner.runSequentially(SuiteRunner.java:371)
at org.testng.SuiteRunner.privateRun(SuiteRunner.java:332)
at org.testng.SuiteRunner.run(SuiteRunner.java:276)
at org.testng.SuiteRunnerWorker.runSuite(SuiteRunnerWorker.java:53)
at org.testng.SuiteRunnerWorker.run(SuiteRunnerWorker.java:96)
at org.testng.TestNG.runSuitesSequentially(TestNG.java:1212)
at org.testng.TestNG.runSuitesLocally(TestNG.java:1134)
at org.testng.TestNG.runSuites(TestNG.java:1063)
at org.testng.TestNG.run(TestNG.java:1031)
at org.testng.remote.AbstractRemoteTestNG.run(AbstractRemoteTestNG.java:115)
at org.testng.remote.RemoteTestNG.initAndRun(RemoteTestNG.java:251)
at org.testng.remote.RemoteTestNG.main(RemoteTestNG.java:77)
]]>
    </error>
  </testcase> <!-- gUITestDropDownRepairException -->
  <system-out/>
  <testcase classname="fieldServiceFormsTest.PositiveRepairExceptionGUITest" name="gUITestDropDownRepairException" time="4.440"/>
  <system-out/>
  <testcase classname="fieldServiceFormsTest.PositiveRepairExceptionGUITest" name="gUITestDropDownRepairException" time="5.237"/>
  <system-out/>
  <testcase classname="fieldServiceFormsTest.PositiveRepairExceptionGUITest" name="gUITestDropDownRepairException" time="4.490"/>
  <system-out/>
  <testcase classname="fieldServiceFormsTest.PositiveRepairExceptionGUITest" name="gUITestDropDownRepairException" time="4.372"/>
  <system-out/>
  <testcase classname="fieldServiceFormsTest.PositiveRepairExceptionGUITest" name="gUITestDropDownRepairException" time="5.090"/>
  <system-out/>
  <testcase classname="fieldServiceFormsTest.PositiveRepairExceptionGUITest" name="gUITestDropDownRepairException" time="4.217"/>
  <system-out/>
  <testcase classname="fieldServiceFormsTest.PositiveRepairExceptionGUITest" name="gUITestDropDownRepairException" time="4.930"/>
  <system-out/>
  <testcase classname="fieldServiceFormsTest.PositiveRepairExceptionGUITest" name="gUITestDropDownRepairException" time="4.467"/>
  <system-out/>
  <testcase classname="fieldServiceFormsTest.PositiveRepairExceptionGUITest" name="gUITestDropDownRepairException" time="4.827"/>
  <system-out/>
  <testcase classname="fieldServiceFormsTest.PositiveRepairExceptionGUITest" name="gUITestDropDownRepairException" time="53.190">
    <error message="no such element: Unable to locate element: {&quot;method&quot;:&quot;css selector&quot;,&quot;selector&quot;:&quot;#repairException&quot;}
  (Session info: chrome=109.0.5414.75)
For documentation on this error, please visit: https://selenium.dev/exceptions/#no_such_element
Build info: version: &#039;4.3.0&#039;, revision: &#039;a4995e2c09*&#039;
System info: host: &#039;DESKTOP-M729FOC&#039;, ip: &#039;192.168.29.91&#039;, os.name: &#039;Windows 10&#039;, os.arch: &#039;amd64&#039;, os.version: &#039;10.0&#039;, java.version: &#039;11.0.13&#039;
Driver info: org.openqa.selenium.chrome.ChromeDriver
Command: [597a0c430c70878c24edba044d404178, findElement {using=id, value=repairException}]
Capabilities {acceptInsecureCerts: false, browserName: chrome, browserVersion: 109.0.5414.75, chrome: {chromedriverVersion: 109.0.5414.74 (e7c5703604da..., userDataDir: C:\Users\DELL\AppData\Local...}, goog:chromeOptions: {debuggerAddress: localhost:52569}, networkConnectionEnabled: false, pageLoadStrategy: normal, platformName: WINDOWS, proxy: Proxy(), se:cdp: ws://localhost:52569/devtoo..., se:cdpVersion: 109.0.5414.75, setWindowRect: true, strictFileInteractability: false, timeouts: {implicit: 0, pageLoad: 300000, script: 30000}, unhandledPromptBehavior: dismiss and notify, webauthn:extension:credBlob: true, webauthn:extension:largeBlob: true, webauthn:virtualAuthenticators: true}
Session ID: 597a0c430c70878c24edba044d404178" type="org.openqa.selenium.NoSuchElementException">
      <![CDATA[org.openqa.selenium.NoSuchElementException: no such element: Unable to locate element: {"method":"css selector","selector":"#repairException"}
  (Session info: chrome=109.0.5414.75)
For documentation on this error, please visit: https://selenium.dev/exceptions/#no_such_element
Build info: version: '4.3.0', revision: 'a4995e2c09*'
System info: host: 'DESKTOP-M729FOC', ip: '192.168.29.91', os.name: 'Windows 10', os.arch: 'amd64', os.version: '10.0', java.version: '11.0.13'
Driver info: org.openqa.selenium.chrome.ChromeDriver
Command: [597a0c430c70878c24edba044d404178, findElement {using=id, value=repairException}]
Capabilities {acceptInsecureCerts: false, browserName: chrome, browserVersion: 109.0.5414.75, chrome: {chromedriverVersion: 109.0.5414.74 (e7c5703604da..., userDataDir: C:\Users\DELL\AppData\Local...}, goog:chromeOptions: {debuggerAddress: localhost:52569}, networkConnectionEnabled: false, pageLoadStrategy: normal, platformName: WINDOWS, proxy: Proxy(), se:cdp: ws://localhost:52569/devtoo..., se:cdpVersion: 109.0.5414.75, setWindowRect: true, strictFileInteractability: false, timeouts: {implicit: 0, pageLoad: 300000, script: 30000}, unhandledPromptBehavior: dismiss and notify, webauthn:extension:credBlob: true, webauthn:extension:largeBlob: true, webauthn:virtualAuthenticators: true}
Session ID: 597a0c430c70878c24edba044d404178
at jdk.internal.reflect.GeneratedConstructorAccessor15.newInstance(Unknown Source)
at java.base/jdk.internal.reflect.DelegatingConstructorAccessorImpl.newInstance(DelegatingConstructorAccessorImpl.java:45)
at java.base/java.lang.reflect.Constructor.newInstance(Constructor.java:490)
at org.openqa.selenium.remote.codec.w3c.W3CHttpResponseCodec.createException(W3CHttpResponseCodec.java:200)
at org.openqa.selenium.remote.codec.w3c.W3CHttpResponseCodec.decode(W3CHttpResponseCodec.java:133)
at org.openqa.selenium.remote.codec.w3c.W3CHttpResponseCodec.decode(W3CHttpResponseCodec.java:53)
at org.openqa.selenium.remote.HttpCommandExecutor.execute(HttpCommandExecutor.java:184)
at org.openqa.selenium.remote.service.DriverCommandExecutor.invokeExecute(DriverCommandExecutor.java:167)
at org.openqa.selenium.remote.service.DriverCommandExecutor.execute(DriverCommandExecutor.java:142)
at org.openqa.selenium.remote.RemoteWebDriver.execute(RemoteWebDriver.java:569)
at org.openqa.selenium.remote.ElementLocation$ElementFinder$2.findElement(ElementLocation.java:162)
at org.openqa.selenium.remote.ElementLocation.findElement(ElementLocation.java:60)
at org.openqa.selenium.remote.RemoteWebDriver.findElement(RemoteWebDriver.java:387)
at org.openqa.selenium.remote.RemoteWebDriver.findElement(RemoteWebDriver.java:379)
at pageobjects.RepairLocatorsGUI.repairException(RepairLocatorsGUI.java:81)
at fieldServiceFormsTest.PositiveRepairExceptionGUITest.gUITestDropDownRepairException(PositiveRepairExceptionGUITest.java:95)
at jdk.internal.reflect.GeneratedMethodAccessor4.invoke(Unknown Source)
at java.base/jdk.internal.reflect.DelegatingMethodAccessorImpl.invoke(DelegatingMethodAccessorImpl.java:43)
at java.base/java.lang.reflect.Method.invoke(Method.java:566)
at org.testng.internal.MethodInvocationHelper.invokeMethod(MethodInvocationHelper.java:133)
at org.testng.internal.TestInvoker.invokeMethod(TestInvoker.java:598)
at org.testng.internal.TestInvoker.invokeTestMethod(TestInvoker.java:173)
at org.testng.internal.MethodRunner.runInSequence(MethodRunner.java:46)
at org.testng.internal.TestInvoker$MethodInvocationAgent.invoke(TestInvoker.java:824)
at org.testng.internal.TestInvoker.invokeTestMethods(TestInvoker.java:146)
at org.testng.internal.TestMethodWorker.invokeTestMethods(TestMethodWorker.java:146)
at org.testng.internal.TestMethodWorker.run(TestMethodWorker.java:128)
at java.base/java.util.ArrayList.forEach(ArrayList.java:1541)
at org.testng.TestRunner.privateRun(TestRunner.java:794)
at org.testng.TestRunner.run(TestRunner.java:596)
at org.testng.SuiteRunner.runTest(SuiteRunner.java:377)
at org.testng.SuiteRunner.runSequentially(SuiteRunner.java:371)
at org.testng.SuiteRunner.privateRun(SuiteRunner.java:332)
at org.testng.SuiteRunner.run(SuiteRunner.java:276)
at org.testng.SuiteRunnerWorker.runSuite(SuiteRunnerWorker.java:53)
at org.testng.SuiteRunnerWorker.run(SuiteRunnerWorker.java:96)
at org.testng.TestNG.runSuitesSequentially(TestNG.java:1212)
at org.testng.TestNG.runSuitesLocally(TestNG.java:1134)
at org.testng.TestNG.runSuites(TestNG.java:1063)
at org.testng.TestNG.run(TestNG.java:1031)
at org.testng.remote.AbstractRemoteTestNG.run(AbstractRemoteTestNG.java:115)
at org.testng.remote.RemoteTestNG.initAndRun(RemoteTestNG.java:251)
at org.testng.remote.RemoteTestNG.main(RemoteTestNG.java:77)
]]>
    </error>
  </testcase> <!-- gUITestDropDownRepairException -->
  <system-out/>
  <testcase classname="fieldServiceFormsTest.PositiveRepairExceptionGUITest" name="gUITestDropDownRepairException" time="4.358"/>
  <system-out/>
  <testcase classname="fieldServiceFormsTest.PositiveRepairExceptionGUITest" name="gUITestDropDownRepairException" time="4.484"/>
  <system-out/>
  <testcase classname="fieldServiceFormsTest.PositiveRepairExceptionGUITest" name="gUITestDropDownRepairException" time="4.395"/>
  <system-out/>
  <testcase classname="fieldServiceFormsTest.PositiveRepairExceptionGUITest" name="gUITestDropDownRepairException" time="4.368"/>
  <system-out/>
  <testcase classname="fieldServiceFormsTest.PositiveRepairExceptionGUITest" name="gUITestDropDownRepairException" time="4.298"/>
  <system-out/>
  <testcase classname="fieldServiceFormsTest.PositiveRepairExceptionGUITest" name="gUITestDropDownRepairException" time="4.344"/>
  <system-out/>
  <testcase classname="fieldServiceFormsTest.PositiveRepairExceptionGUITest" name="gUITestDropDownRepairException" time="4.260"/>
  <system-out/>
  <testcase classname="fieldServiceFormsTest.PositiveRepairExceptionGUITest" name="gUITestDropDownRepairException" time="4.466"/>
  <system-out/>
  <testcase classname="fieldServiceFormsTest.PositiveRepairExceptionGUITest" name="gUITestDropDownRepairException" time="4.433"/>
  <system-out/>
  <testcase classname="fieldServiceFormsTest.PositiveRepairExceptionGUITest" name="gUITestDropDownRepairException" time="4.494"/>
  <system-out/>
  <testcase classname="fieldServiceFormsTest.PositiveRepairExceptionGUITest" name="gUITestDropDownRepairException" time="4.193"/>
  <system-out/>
  <testcase classname="fieldServiceFormsTest.PositiveRepairExceptionGUITest" name="gUITestDropDownRepairException" time="4.291"/>
  <system-out/>
  <testcase classname="fieldServiceFormsTest.PositiveRepairExceptionGUITest" name="gUITestDropDownRepairException" time="4.194"/>
  <system-out/>
  <testcase classname="fieldServiceFormsTest.PositiveRepairExceptionGUITest" name="gUITestDropDownRepairException" time="4.502"/>
  <system-out/>
  <testcase classname="fieldServiceFormsTest.PositiveRepairExceptionGUITest" name="gUITestDropDownRepairException" time="4.964"/>
  <system-out/>
  <testcase classname="fieldServiceFormsTest.PositiveRepairExceptionGUITest" name="gUITestDropDownRepairException" time="4.401"/>
  <system-out/>
  <testcase classname="fieldServiceFormsTest.PositiveRepairExceptionGUITest" name="gUITestDropDownRepairException" time="4.913"/>
  <system-out/>
  <testcase classname="fieldServiceFormsTest.PositiveRepairExceptionGUITest" name="gUITestDropDownRepairException" time="4.765"/>
  <system-out/>
  <testcase classname="fieldServiceFormsTest.PositiveRepairExceptionGUITest" name="gUITestDropDownRepairException" time="4.306"/>
  <system-out/>
  <testcase classname="fieldServiceFormsTest.PositiveRepairExceptionGUITest" name="gUITestDropDownRepairException" time="4.576"/>
  <system-out/>
  <testcase classname="fieldServiceFormsTest.PositiveRepairExceptionGUITest" name="gUITestDropDownRepairException" time="4.684"/>
  <system-out/>
  <testcase classname="fieldServiceFormsTest.PositiveRepairExceptionGUITest" name="gUITestDropDownRepairException" time="4.589"/>
  <system-out/>
  <testcase classname="fieldServiceFormsTest.PositiveRepairExceptionGUITest" name="gUITestDropDownRepairException" time="5.717"/>
  <system-out/>
  <testcase classname="fieldServiceFormsTest.PositiveRepairExceptionGUITest" name="gUITestDropDownRepairException" time="4.302"/>
  <system-out/>
  <testcase classname="fieldServiceFormsTest.PositiveRepairExceptionGUITest" name="gUITestDropDownRepairException" time="4.424"/>
  <system-out/>
  <testcase classname="fieldServiceFormsTest.PositiveRepairExceptionGUITest" name="gUITestDropDownRepairException" time="4.916"/>
  <system-out/>
  <testcase classname="fieldServiceFormsTest.PositiveRepairExceptionGUITest" name="gUITestDropDownRepairException" time="4.372"/>
  <system-out/>
  <testcase classname="fieldServiceFormsTest.PositiveRepairExceptionGUITest" name="gUITestDropDownRepairException" time="4.466"/>
  <system-out/>
  <testcase classname="fieldServiceFormsTest.PositiveRepairExceptionGUITest" name="gUITestDropDownRepairException" time="4.983"/>
  <system-out/>
  <testcase classname="fieldServiceFormsTest.PositiveRepairExceptionGUITest" name="gUITestDropDownRepairException" time="4.328"/>
  <system-out/>
  <testcase classname="fieldServiceFormsTest.PositiveRepairExceptionGUITest" name="gUITestDropDownRepairException" time="4.924"/>
  <system-out/>
  <testcase classname="fieldServiceFormsTest.PositiveRepairExceptionGUITest" name="gUITestDropDownRepairException" time="4.490"/>
  <system-out/>
  <testcase classname="fieldServiceFormsTest.PositiveRepairExceptionGUITest" name="gUITestDropDownRepairException" time="4.550"/>
  <system-out/>
  <testcase classname="fieldServiceFormsTest.PositiveRepairExceptionGUITest" name="gUITestDropDownRepairException" time="4.645"/>
  <system-out/>
  <testcase classname="fieldServiceFormsTest.PositiveRepairExceptionGUITest" name="gUITestDropDownRepairException" time="4.399"/>
  <system-out/>
  <testcase classname="fieldServiceFormsTest.PositiveRepairExceptionGUITest" name="gUITestDropDownRepairException" time="4.310"/>
  <system-out/>
  <testcase classname="fieldServiceFormsTest.PositiveRepairExceptionGUITest" name="gUITestDropDownRepairException" time="5.159"/>
  <system-out/>
  <testcase classname="fieldServiceFormsTest.PositiveRepairExceptionGUITest" name="gUITestDropDownRepairException" time="4.528"/>
  <system-out/>
  <testcase classname="fieldServiceFormsTest.PositiveRepairExceptionGUITest" name="gUITestDropDownRepairException" time="4.932"/>
  <system-out/>
  <testcase classname="fieldServiceFormsTest.PositiveRepairExceptionGUITest" name="gUITestDropDownRepairException" time="4.415"/>
  <system-out/>
  <testcase classname="fieldServiceFormsTest.PositiveRepairExceptionGUITest" name="gUITestDropDownRepairException" time="6.239"/>
  <system-out/>
  <testcase classname="fieldServiceFormsTest.PositiveRepairExceptionGUITest" name="gUITestDropDownRepairException" time="5.134"/>
  <system-out/>
  <testcase classname="fieldServiceFormsTest.PositiveRepairExceptionGUITest" name="gUITestDropDownRepairException" time="4.380"/>
  <system-out/>
  <testcase classname="fieldServiceFormsTest.PositiveRepairExceptionGUITest" name="gUITestDropDownRepairException" time="5.343"/>
  <system-out/>
  <testcase classname="fieldServiceFormsTest.PositiveRepairExceptionGUITest" name="gUITestDropDownRepairException" time="4.786"/>
  <system-out/>
  <testcase classname="fieldServiceFormsTest.PositiveRepairExceptionGUITest" name="gUITestDropDownRepairException" time="4.283"/>
  <system-out/>
  <testcase classname="fieldServiceFormsTest.PositiveRepairExceptionGUITest" name="gUITestDropDownRepairException" time="5.007"/>
  <system-out/>
  <testcase classname="fieldServiceFormsTest.PositiveRepairExceptionGUITest" name="gUITestDropDownRepairException" time="4.331"/>
  <system-out/>
  <testcase classname="fieldServiceFormsTest.PositiveRepairExceptionGUITest" name="gUITestDropDownRepairException" time="4.659"/>
  <system-out/>
  <testcase classname="fieldServiceFormsTest.PositiveRepairExceptionGUITest" name="gUITestDropDownRepairException" time="4.903"/>
  <system-out/>
  <testcase classname="fieldServiceFormsTest.PositiveRepairExceptionGUITest" name="gUITestDropDownRepairException" time="4.399"/>
  <system-out/>
  <testcase classname="fieldServiceFormsTest.PositiveRepairExceptionGUITest" name="gUITestDropDownRepairException" time="4.439"/>
  <system-out/>
  <testcase classname="fieldServiceFormsTest.PositiveRepairExceptionGUITest" name="gUITestDropDownRepairException" time="4.279"/>
  <system-out/>
  <testcase classname="fieldServiceFormsTest.PositiveRepairExceptionGUITest" name="gUITestDropDownRepairException" time="4.868"/>
  <system-out/>
  <testcase classname="fieldServiceFormsTest.PositiveRepairExceptionGUITest" name="gUITestDropDownRepairException" time="4.412"/>
  <system-out/>
  <testcase classname="fieldServiceFormsTest.PositiveRepairExceptionGUITest" name="gUITestDropDownRepairException" time="4.352"/>
  <system-out/>
  <testcase classname="fieldServiceFormsTest.PositiveRepairExceptionGUITest" name="gUITestDropDownRepairException" time="4.921"/>
  <system-out/>
  <testcase classname="fieldServiceFormsTest.PositiveRepairExceptionGUITest" name="gUITestDropDownRepairException" time="5.216"/>
  <system-out/>
  <testcase classname="fieldServiceFormsTest.PositiveRepairExceptionGUITest" name="gUITestDropDownRepairException" time="5.028"/>
  <system-out/>
  <testcase classname="fieldServiceFormsTest.PositiveRepairExceptionGUITest" name="gUITestDropDownRepairException" time="4.401"/>
  <system-out/>
  <testcase classname="fieldServiceFormsTest.PositiveRepairExceptionGUITest" name="gUITestDropDownRepairException" time="4.336"/>
  <system-out/>
  <testcase classname="fieldServiceFormsTest.PositiveRepairExceptionGUITest" name="gUITestDropDownRepairException" time="5.137"/>
  <system-out/>
  <testcase classname="fieldServiceFormsTest.PositiveRepairExceptionGUITest" name="gUITestDropDownRepairException" time="4.979"/>
  <system-out/>
  <testcase classname="fieldServiceFormsTest.PositiveRepairExceptionGUITest" name="gUITestDropDownRepairException" time="4.329"/>
  <system-out/>
  <testcase classname="fieldServiceFormsTest.PositiveRepairExceptionGUITest" name="gUITestDropDownRepairException" time="4.964"/>
  <system-out/>
  <testcase classname="fieldServiceFormsTest.PositiveRepairExceptionGUITest" name="gUITestDropDownRepairException" time="5.364"/>
  <system-out/>
  <testcase classname="fieldServiceFormsTest.PositiveRepairExceptionGUITest" name="gUITestDropDownRepairException" time="4.565"/>
  <system-out/>
  <testcase classname="fieldServiceFormsTest.PositiveRepairExceptionGUITest" name="gUITestDropDownRepairException" time="4.855"/>
  <system-out/>
  <testcase classname="fieldServiceFormsTest.PositiveRepairExceptionGUITest" name="gUITestDropDownRepairException" time="4.984"/>
  <system-out/>
  <testcase classname="fieldServiceFormsTest.PositiveRepairExceptionGUITest" name="gUITestDropDownRepairException" time="5.071"/>
  <system-out/>
  <testcase classname="fieldServiceFormsTest.PositiveRepairExceptionGUITest" name="gUITestDropDownRepairException" time="4.372"/>
  <system-out/>
  <testcase classname="fieldServiceFormsTest.PositiveRepairExceptionGUITest" name="gUITestDropDownRepairException" time="4.359"/>
  <system-out/>
  <testcase classname="fieldServiceFormsTest.PositiveRepairExceptionGUITest" name="gUITestDropDownRepairException" time="5.337"/>
  <system-out/>
  <testcase classname="fieldServiceFormsTest.PositiveRepairExceptionGUITest" name="gUITestDropDownRepairException" time="5.062"/>
  <system-out/>
  <testcase classname="fieldServiceFormsTest.PositiveRepairExceptionGUITest" name="gUITestDropDownRepairException" time="5.280"/>
  <system-out/>
  <testcase classname="fieldServiceFormsTest.PositiveRepairExceptionGUITest" name="gUITestDropDownRepairException" time="53.163">
    <error message="no such element: Unable to locate element: {&quot;method&quot;:&quot;css selector&quot;,&quot;selector&quot;:&quot;#repairException&quot;}
  (Session info: chrome=109.0.5414.75)
For documentation on this error, please visit: https://selenium.dev/exceptions/#no_such_element
Build info: version: &#039;4.3.0&#039;, revision: &#039;a4995e2c09*&#039;
System info: host: &#039;DESKTOP-M729FOC&#039;, ip: &#039;192.168.29.91&#039;, os.name: &#039;Windows 10&#039;, os.arch: &#039;amd64&#039;, os.version: &#039;10.0&#039;, java.version: &#039;11.0.13&#039;
Driver info: org.openqa.selenium.chrome.ChromeDriver
Command: [597a0c430c70878c24edba044d404178, findElement {using=id, value=repairException}]
Capabilities {acceptInsecureCerts: false, browserName: chrome, browserVersion: 109.0.5414.75, chrome: {chromedriverVersion: 109.0.5414.74 (e7c5703604da..., userDataDir: C:\Users\DELL\AppData\Local...}, goog:chromeOptions: {debuggerAddress: localhost:52569}, networkConnectionEnabled: false, pageLoadStrategy: normal, platformName: WINDOWS, proxy: Proxy(), se:cdp: ws://localhost:52569/devtoo..., se:cdpVersion: 109.0.5414.75, setWindowRect: true, strictFileInteractability: false, timeouts: {implicit: 0, pageLoad: 300000, script: 30000}, unhandledPromptBehavior: dismiss and notify, webauthn:extension:credBlob: true, webauthn:extension:largeBlob: true, webauthn:virtualAuthenticators: true}
Session ID: 597a0c430c70878c24edba044d404178" type="org.openqa.selenium.NoSuchElementException">
      <![CDATA[org.openqa.selenium.NoSuchElementException: no such element: Unable to locate element: {"method":"css selector","selector":"#repairException"}
  (Session info: chrome=109.0.5414.75)
For documentation on this error, please visit: https://selenium.dev/exceptions/#no_such_element
Build info: version: '4.3.0', revision: 'a4995e2c09*'
System info: host: 'DESKTOP-M729FOC', ip: '192.168.29.91', os.name: 'Windows 10', os.arch: 'amd64', os.version: '10.0', java.version: '11.0.13'
Driver info: org.openqa.selenium.chrome.ChromeDriver
Command: [597a0c430c70878c24edba044d404178, findElement {using=id, value=repairException}]
Capabilities {acceptInsecureCerts: false, browserName: chrome, browserVersion: 109.0.5414.75, chrome: {chromedriverVersion: 109.0.5414.74 (e7c5703604da..., userDataDir: C:\Users\DELL\AppData\Local...}, goog:chromeOptions: {debuggerAddress: localhost:52569}, networkConnectionEnabled: false, pageLoadStrategy: normal, platformName: WINDOWS, proxy: Proxy(), se:cdp: ws://localhost:52569/devtoo..., se:cdpVersion: 109.0.5414.75, setWindowRect: true, strictFileInteractability: false, timeouts: {implicit: 0, pageLoad: 300000, script: 30000}, unhandledPromptBehavior: dismiss and notify, webauthn:extension:credBlob: true, webauthn:extension:largeBlob: true, webauthn:virtualAuthenticators: true}
Session ID: 597a0c430c70878c24edba044d404178
at jdk.internal.reflect.GeneratedConstructorAccessor15.newInstance(Unknown Source)
at java.base/jdk.internal.reflect.DelegatingConstructorAccessorImpl.newInstance(DelegatingConstructorAccessorImpl.java:45)
at java.base/java.lang.reflect.Constructor.newInstance(Constructor.java:490)
at org.openqa.selenium.remote.codec.w3c.W3CHttpResponseCodec.createException(W3CHttpResponseCodec.java:200)
at org.openqa.selenium.remote.codec.w3c.W3CHttpResponseCodec.decode(W3CHttpResponseCodec.java:133)
at org.openqa.selenium.remote.codec.w3c.W3CHttpResponseCodec.decode(W3CHttpResponseCodec.java:53)
at org.openqa.selenium.remote.HttpCommandExecutor.execute(HttpCommandExecutor.java:184)
at org.openqa.selenium.remote.service.DriverCommandExecutor.invokeExecute(DriverCommandExecutor.java:167)
at org.openqa.selenium.remote.service.DriverCommandExecutor.execute(DriverCommandExecutor.java:142)
at org.openqa.selenium.remote.RemoteWebDriver.execute(RemoteWebDriver.java:569)
at org.openqa.selenium.remote.ElementLocation$ElementFinder$2.findElement(ElementLocation.java:162)
at org.openqa.selenium.remote.ElementLocation.findElement(ElementLocation.java:60)
at org.openqa.selenium.remote.RemoteWebDriver.findElement(RemoteWebDriver.java:387)
at org.openqa.selenium.remote.RemoteWebDriver.findElement(RemoteWebDriver.java:379)
at pageobjects.RepairLocatorsGUI.repairException(RepairLocatorsGUI.java:81)
at fieldServiceFormsTest.PositiveRepairExceptionGUITest.gUITestDropDownRepairException(PositiveRepairExceptionGUITest.java:95)
at jdk.internal.reflect.GeneratedMethodAccessor4.invoke(Unknown Source)
at java.base/jdk.internal.reflect.DelegatingMethodAccessorImpl.invoke(DelegatingMethodAccessorImpl.java:43)
at java.base/java.lang.reflect.Method.invoke(Method.java:566)
at org.testng.internal.MethodInvocationHelper.invokeMethod(MethodInvocationHelper.java:133)
at org.testng.internal.TestInvoker.invokeMethod(TestInvoker.java:598)
at org.testng.internal.TestInvoker.invokeTestMethod(TestInvoker.java:173)
at org.testng.internal.MethodRunner.runInSequence(MethodRunner.java:46)
at org.testng.internal.TestInvoker$MethodInvocationAgent.invoke(TestInvoker.java:824)
at org.testng.internal.TestInvoker.invokeTestMethods(TestInvoker.java:146)
at org.testng.internal.TestMethodWorker.invokeTestMethods(TestMethodWorker.java:146)
at org.testng.internal.TestMethodWorker.run(TestMethodWorker.java:128)
at java.base/java.util.ArrayList.forEach(ArrayList.java:1541)
at org.testng.TestRunner.privateRun(TestRunner.java:794)
at org.testng.TestRunner.run(TestRunner.java:596)
at org.testng.SuiteRunner.runTest(SuiteRunner.java:377)
at org.testng.SuiteRunner.runSequentially(SuiteRunner.java:371)
at org.testng.SuiteRunner.privateRun(SuiteRunner.java:332)
at org.testng.SuiteRunner.run(SuiteRunner.java:276)
at org.testng.SuiteRunnerWorker.runSuite(SuiteRunnerWorker.java:53)
at org.testng.SuiteRunnerWorker.run(SuiteRunnerWorker.java:96)
at org.testng.TestNG.runSuitesSequentially(TestNG.java:1212)
at org.testng.TestNG.runSuitesLocally(TestNG.java:1134)
at org.testng.TestNG.runSuites(TestNG.java:1063)
at org.testng.TestNG.run(TestNG.java:1031)
at org.testng.remote.AbstractRemoteTestNG.run(AbstractRemoteTestNG.java:115)
at org.testng.remote.RemoteTestNG.initAndRun(RemoteTestNG.java:251)
at org.testng.remote.RemoteTestNG.main(RemoteTestNG.java:77)
]]>
    </error>
  </testcase> <!-- gUITestDropDownRepairException -->
  <system-out/>
  <testcase classname="fieldServiceFormsTest.PositiveRepairExceptionGUITest" name="gUITestDropDownRepairException" time="4.355"/>
  <system-out/>
  <testcase classname="fieldServiceFormsTest.PositiveRepairExceptionGUITest" name="gUITestDropDownRepairException" time="4.482"/>
  <system-out/>
  <testcase classname="fieldServiceFormsTest.PositiveRepairExceptionGUITest" name="gUITestDropDownRepairException" time="4.627"/>
  <system-out/>
  <testcase classname="fieldServiceFormsTest.PositiveRepairExceptionGUITest" name="gUITestDropDownRepairException" time="4.342"/>
  <system-out/>
  <testcase classname="fieldServiceFormsTest.PositiveRepairExceptionGUITest" name="gUITestDropDownRepairException" time="4.345"/>
  <system-out/>
  <testcase classname="fieldServiceFormsTest.PositiveRepairExceptionGUITest" name="gUITestDropDownRepairException" time="4.288"/>
  <system-out/>
  <testcase classname="fieldServiceFormsTest.PositiveRepairExceptionGUITest" name="gUITestDropDownRepairException" time="4.934"/>
  <system-out/>
  <testcase classname="fieldServiceFormsTest.PositiveRepairExceptionGUITest" name="gUITestDropDownRepairException" time="4.614"/>
  <system-out/>
  <testcase classname="fieldServiceFormsTest.PositiveRepairExceptionGUITest" name="gUITestDropDownRepairException" time="4.278"/>
  <system-out/>
  <testcase classname="fieldServiceFormsTest.PositiveRepairExceptionGUITest" name="gUITestDropDownRepairException" time="4.300"/>
  <system-out/>
  <testcase classname="fieldServiceFormsTest.PositiveRepairExceptionGUITest" name="gUITestDropDownRepairException" time="4.969"/>
  <system-out/>
  <testcase classname="fieldServiceFormsTest.PositiveRepairExceptionGUITest" name="gUITestDropDownRepairException" time="5.103"/>
  <system-out/>
  <testcase classname="fieldServiceFormsTest.PositiveRepairExceptionGUITest" name="gUITestDropDownRepairException" time="5.296"/>
  <system-out/>
  <testcase classname="fieldServiceFormsTest.PositiveRepairExceptionGUITest" name="gUITestDropDownRepairException" time="4.515"/>
  <system-out/>
  <testcase classname="fieldServiceFormsTest.PositiveRepairExceptionGUITest" name="gUITestDropDownRepairException" time="5.459"/>
  <system-out/>
  <testcase classname="fieldServiceFormsTest.PositiveRepairExceptionGUITest" name="gUITestDropDownRepairException" time="4.860"/>
  <system-out/>
  <testcase classname="fieldServiceFormsTest.PositiveRepairExceptionGUITest" name="gUITestDropDownRepairException" time="4.883"/>
  <system-out/>
  <testcase classname="fieldServiceFormsTest.PositiveRepairExceptionGUITest" name="gUITestDropDownRepairException" time="4.483"/>
  <system-out/>
  <testcase classname="fieldServiceFormsTest.PositiveRepairExceptionGUITest" name="gUITestDropDownRepairException" time="5.125"/>
  <system-out/>
  <testcase classname="fieldServiceFormsTest.PositiveRepairExceptionGUITest" name="gUITestDropDownRepairException" time="4.941"/>
  <system-out/>
  <testcase classname="fieldServiceFormsTest.PositiveRepairExceptionGUITest" name="gUITestDropDownRepairException" time="5.264"/>
  <system-out/>
  <testcase classname="fieldServiceFormsTest.PositiveRepairExceptionGUITest" name="gUITestDropDownRepairException" time="5.011"/>
  <system-out/>
  <testcase classname="fieldServiceFormsTest.PositiveRepairExceptionGUITest" name="gUITestDropDownRepairException" time="4.517"/>
  <system-out/>
  <testcase classname="fieldServiceFormsTest.PositiveRepairExceptionGUITest" name="gUITestDropDownRepairException" time="4.388"/>
  <system-out/>
  <testcase classname="fieldServiceFormsTest.PositiveRepairExceptionGUITest" name="gUITestDropDownRepairException" time="4.441"/>
  <system-out/>
  <testcase classname="fieldServiceFormsTest.PositiveRepairExceptionGUITest" name="gUITestDropDownRepairException" time="4.369"/>
  <system-out/>
  <testcase classname="fieldServiceFormsTest.PositiveRepairExceptionGUITest" name="gUITestDropDownRepairException" time="4.266"/>
  <system-out/>
  <testcase classname="fieldServiceFormsTest.PositiveRepairExceptionGUITest" name="gUITestDropDownRepairException" time="4.594"/>
  <system-out/>
  <testcase classname="fieldServiceFormsTest.PositiveRepairExceptionGUITest" name="gUITestDropDownRepairException" time="5.370"/>
  <system-out/>
  <testcase classname="fieldServiceFormsTest.PositiveRepairExceptionGUITest" name="gUITestDropDownRepairException" time="4.926"/>
  <system-out/>
  <testcase classname="fieldServiceFormsTest.PositiveRepairExceptionGUITest" name="gUITestDropDownRepairException" time="5.070"/>
  <system-out/>
  <testcase classname="fieldServiceFormsTest.PositiveRepairExceptionGUITest" name="gUITestDropDownRepairException" time="4.903"/>
  <system-out/>
  <testcase classname="fieldServiceFormsTest.PositiveRepairExceptionGUITest" name="gUITestDropDownRepairException" time="4.851"/>
  <system-out/>
  <testcase classname="fieldServiceFormsTest.PositiveRepairExceptionGUITest" name="gUITestDropDownRepairException" time="4.542"/>
  <system-out/>
  <testcase classname="fieldServiceFormsTest.PositiveRepairExceptionGUITest" name="gUITestDropDownRepairException" time="4.932"/>
  <system-out/>
  <testcase classname="fieldServiceFormsTest.PositiveRepairExceptionGUITest" name="gUITestDropDownRepairException" time="6.403"/>
  <system-out/>
  <testcase classname="fieldServiceFormsTest.PositiveRepairExceptionGUITest" name="gUITestDropDownRepairException" time="4.958"/>
  <system-out/>
  <testcase classname="fieldServiceFormsTest.PositiveRepairExceptionGUITest" name="gUITestDropDownRepairException" time="4.322"/>
  <system-out/>
  <testcase classname="fieldServiceFormsTest.PositiveRepairExceptionGUITest" name="gUITestDropDownRepairException" time="4.417"/>
  <system-out/>
  <testcase classname="fieldServiceFormsTest.PositiveRepairExceptionGUITest" name="gUITestDropDownRepairException" time="4.315"/>
  <system-out/>
  <testcase classname="fieldServiceFormsTest.PositiveRepairExceptionGUITest" name="gUITestDropDownRepairException" time="4.501"/>
  <system-out/>
  <testcase classname="fieldServiceFormsTest.PositiveRepairExceptionGUITest" name="gUITestDropDownRepairException" time="4.476"/>
  <system-out/>
  <testcase classname="fieldServiceFormsTest.PositiveRepairExceptionGUITest" name="gUITestDropDownRepairException" time="4.909"/>
  <system-out/>
  <testcase classname="fieldServiceFormsTest.PositiveRepairExceptionGUITest" name="gUITestDropDownRepairException" time="4.181"/>
  <system-out/>
  <testcase classname="fieldServiceFormsTest.PositiveRepairExceptionGUITest" name="gUITestDropDownRepairException" time="5.071"/>
  <system-out/>
  <testcase classname="fieldServiceFormsTest.PositiveRepairExceptionGUITest" name="gUITestDropDownRepairException" time="5.185"/>
  <system-out/>
  <testcase classname="fieldServiceFormsTest.PositiveRepairExceptionGUITest" name="gUITestDropDownRepairException" time="4.897"/>
  <system-out/>
  <testcase classname="fieldServiceFormsTest.PositiveRepairExceptionGUITest" name="gUITestDropDownRepairException" time="5.226"/>
  <system-out/>
  <testcase classname="fieldServiceFormsTest.PositiveRepairExceptionGUITest" name="gUITestDropDownRepairException" time="5.065"/>
  <system-out/>
  <testcase classname="fieldServiceFormsTest.PositiveRepairExceptionGUITest" name="gUITestDropDownRepairException" time="4.608"/>
  <system-out/>
  <testcase classname="fieldServiceFormsTest.PositiveRepairExceptionGUITest" name="gUITestDropDownRepairException" time="5.048"/>
  <system-out/>
  <testcase classname="fieldServiceFormsTest.PositiveRepairExceptionGUITest" name="gUITestDropDownRepairException" time="4.813"/>
  <system-out/>
  <testcase classname="fieldServiceFormsTest.PositiveRepairExceptionGUITest" name="gUITestDropDownRepairException" time="4.950"/>
  <system-out/>
  <testcase classname="fieldServiceFormsTest.PositiveRepairExceptionGUITest" name="gUITestDropDownRepairException" time="4.475"/>
  <system-out/>
  <testcase classname="fieldServiceFormsTest.PositiveRepairExceptionGUITest" name="gUITestDropDownRepairException" time="4.445"/>
  <system-out/>
  <testcase classname="fieldServiceFormsTest.PositiveRepairExceptionGUITest" name="gUITestDropDownRepairException" time="4.657"/>
  <system-out/>
  <testcase classname="fieldServiceFormsTest.PositiveRepairExceptionGUITest" name="gUITestDropDownRepairException" time="4.854"/>
  <system-out/>
  <testcase classname="fieldServiceFormsTest.PositiveRepairExceptionGUITest" name="gUITestDropDownRepairException" time="4.317"/>
  <system-out/>
  <testcase classname="fieldServiceFormsTest.PositiveRepairExceptionGUITest" name="gUITestDropDownRepairException" time="5.746"/>
  <system-out/>
  <testcase classname="fieldServiceFormsTest.PositiveRepairExceptionGUITest" name="gUITestDropDownRepairException" time="4.498"/>
  <system-out/>
  <testcase classname="fieldServiceFormsTest.PositiveRepairExceptionGUITest" name="gUITestDropDownRepairException" time="4.170"/>
  <system-out/>
  <testcase classname="fieldServiceFormsTest.PositiveRepairExceptionGUITest" name="gUITestDropDownRepairException" time="4.418"/>
  <system-out/>
  <testcase classname="fieldServiceFormsTest.PositiveRepairExceptionGUITest" name="gUITestDropDownRepairException" time="4.752"/>
  <system-out/>
  <testcase classname="fieldServiceFormsTest.PositiveRepairExceptionGUITest" name="gUITestDropDownRepairException" time="4.279"/>
  <system-out/>
  <testcase classname="fieldServiceFormsTest.PositiveRepairExceptionGUITest" name="gUITestDropDownRepairException" time="4.417"/>
  <system-out/>
  <testcase classname="fieldServiceFormsTest.PositiveRepairExceptionGUITest" name="gUITestDropDownRepairException" time="5.197"/>
  <system-out/>
  <testcase classname="fieldServiceFormsTest.PositiveRepairExceptionGUITest" name="gUITestDropDownRepairException" time="4.461"/>
  <system-out/>
  <testcase classname="fieldServiceFormsTest.PositiveRepairExceptionGUITest" name="gUITestDropDownRepairException" time="4.236"/>
  <system-out/>
  <testcase classname="fieldServiceFormsTest.PositiveRepairExceptionGUITest" name="gUITestDropDownRepairException" time="4.372"/>
  <system-out/>
  <testcase classname="fieldServiceFormsTest.PositiveRepairExceptionGUITest" name="gUITestDropDownRepairException" time="4.292"/>
  <system-out/>
  <testcase classname="fieldServiceFormsTest.PositiveRepairExceptionGUITest" name="gUITestDropDownRepairException" time="4.838"/>
  <system-out/>
  <testcase classname="fieldServiceFormsTest.PositiveRepairExceptionGUITest" name="gUITestDropDownRepairException" time="4.248"/>
  <system-out/>
  <testcase classname="fieldServiceFormsTest.PositiveRepairExceptionGUITest" name="gUITestDropDownRepairException" time="5.117"/>
  <system-out/>
  <testcase classname="fieldServiceFormsTest.PositiveRepairExceptionGUITest" name="gUITestDropDownRepairException" time="4.234"/>
  <system-out/>
  <testcase classname="fieldServiceFormsTest.PositiveRepairExceptionGUITest" name="gUITestDropDownRepairException" time="4.848"/>
  <system-out/>
  <testcase classname="fieldServiceFormsTest.PositiveRepairExceptionGUITest" name="gUITestDropDownRepairException" time="5.311"/>
  <system-out/>
  <testcase classname="fieldServiceFormsTest.PositiveRepairExceptionGUITest" name="gUITestDropDownRepairException" time="4.476"/>
  <system-out/>
  <testcase classname="fieldServiceFormsTest.PositiveRepairExceptionGUITest" name="gUITestDropDownRepairException" time="53.239">
    <error message="no such element: Unable to locate element: {&quot;method&quot;:&quot;css selector&quot;,&quot;selector&quot;:&quot;#repairException&quot;}
  (Session info: chrome=109.0.5414.75)
For documentation on this error, please visit: https://selenium.dev/exceptions/#no_such_element
Build info: version: &#039;4.3.0&#039;, revision: &#039;a4995e2c09*&#039;
System info: host: &#039;DESKTOP-M729FOC&#039;, ip: &#039;192.168.29.91&#039;, os.name: &#039;Windows 10&#039;, os.arch: &#039;amd64&#039;, os.version: &#039;10.0&#039;, java.version: &#039;11.0.13&#039;
Driver info: org.openqa.selenium.chrome.ChromeDriver
Command: [597a0c430c70878c24edba044d404178, findElement {using=id, value=repairException}]
Capabilities {acceptInsecureCerts: false, browserName: chrome, browserVersion: 109.0.5414.75, chrome: {chromedriverVersion: 109.0.5414.74 (e7c5703604da..., userDataDir: C:\Users\DELL\AppData\Local...}, goog:chromeOptions: {debuggerAddress: localhost:52569}, networkConnectionEnabled: false, pageLoadStrategy: normal, platformName: WINDOWS, proxy: Proxy(), se:cdp: ws://localhost:52569/devtoo..., se:cdpVersion: 109.0.5414.75, setWindowRect: true, strictFileInteractability: false, timeouts: {implicit: 0, pageLoad: 300000, script: 30000}, unhandledPromptBehavior: dismiss and notify, webauthn:extension:credBlob: true, webauthn:extension:largeBlob: true, webauthn:virtualAuthenticators: true}
Session ID: 597a0c430c70878c24edba044d404178" type="org.openqa.selenium.NoSuchElementException">
      <![CDATA[org.openqa.selenium.NoSuchElementException: no such element: Unable to locate element: {"method":"css selector","selector":"#repairException"}
  (Session info: chrome=109.0.5414.75)
For documentation on this error, please visit: https://selenium.dev/exceptions/#no_such_element
Build info: version: '4.3.0', revision: 'a4995e2c09*'
System info: host: 'DESKTOP-M729FOC', ip: '192.168.29.91', os.name: 'Windows 10', os.arch: 'amd64', os.version: '10.0', java.version: '11.0.13'
Driver info: org.openqa.selenium.chrome.ChromeDriver
Command: [597a0c430c70878c24edba044d404178, findElement {using=id, value=repairException}]
Capabilities {acceptInsecureCerts: false, browserName: chrome, browserVersion: 109.0.5414.75, chrome: {chromedriverVersion: 109.0.5414.74 (e7c5703604da..., userDataDir: C:\Users\DELL\AppData\Local...}, goog:chromeOptions: {debuggerAddress: localhost:52569}, networkConnectionEnabled: false, pageLoadStrategy: normal, platformName: WINDOWS, proxy: Proxy(), se:cdp: ws://localhost:52569/devtoo..., se:cdpVersion: 109.0.5414.75, setWindowRect: true, strictFileInteractability: false, timeouts: {implicit: 0, pageLoad: 300000, script: 30000}, unhandledPromptBehavior: dismiss and notify, webauthn:extension:credBlob: true, webauthn:extension:largeBlob: true, webauthn:virtualAuthenticators: true}
Session ID: 597a0c430c70878c24edba044d404178
at jdk.internal.reflect.GeneratedConstructorAccessor15.newInstance(Unknown Source)
at java.base/jdk.internal.reflect.DelegatingConstructorAccessorImpl.newInstance(DelegatingConstructorAccessorImpl.java:45)
at java.base/java.lang.reflect.Constructor.newInstance(Constructor.java:490)
at org.openqa.selenium.remote.codec.w3c.W3CHttpResponseCodec.createException(W3CHttpResponseCodec.java:200)
at org.openqa.selenium.remote.codec.w3c.W3CHttpResponseCodec.decode(W3CHttpResponseCodec.java:133)
at org.openqa.selenium.remote.codec.w3c.W3CHttpResponseCodec.decode(W3CHttpResponseCodec.java:53)
at org.openqa.selenium.remote.HttpCommandExecutor.execute(HttpCommandExecutor.java:184)
at org.openqa.selenium.remote.service.DriverCommandExecutor.invokeExecute(DriverCommandExecutor.java:167)
at org.openqa.selenium.remote.service.DriverCommandExecutor.execute(DriverCommandExecutor.java:142)
at org.openqa.selenium.remote.RemoteWebDriver.execute(RemoteWebDriver.java:569)
at org.openqa.selenium.remote.ElementLocation$ElementFinder$2.findElement(ElementLocation.java:162)
at org.openqa.selenium.remote.ElementLocation.findElement(ElementLocation.java:60)
at org.openqa.selenium.remote.RemoteWebDriver.findElement(RemoteWebDriver.java:387)
at org.openqa.selenium.remote.RemoteWebDriver.findElement(RemoteWebDriver.java:379)
at pageobjects.RepairLocatorsGUI.repairException(RepairLocatorsGUI.java:81)
at fieldServiceFormsTest.PositiveRepairExceptionGUITest.gUITestDropDownRepairException(PositiveRepairExceptionGUITest.java:95)
at jdk.internal.reflect.GeneratedMethodAccessor4.invoke(Unknown Source)
at java.base/jdk.internal.reflect.DelegatingMethodAccessorImpl.invoke(DelegatingMethodAccessorImpl.java:43)
at java.base/java.lang.reflect.Method.invoke(Method.java:566)
at org.testng.internal.MethodInvocationHelper.invokeMethod(MethodInvocationHelper.java:133)
at org.testng.internal.TestInvoker.invokeMethod(TestInvoker.java:598)
at org.testng.internal.TestInvoker.invokeTestMethod(TestInvoker.java:173)
at org.testng.internal.MethodRunner.runInSequence(MethodRunner.java:46)
at org.testng.internal.TestInvoker$MethodInvocationAgent.invoke(TestInvoker.java:824)
at org.testng.internal.TestInvoker.invokeTestMethods(TestInvoker.java:146)
at org.testng.internal.TestMethodWorker.invokeTestMethods(TestMethodWorker.java:146)
at org.testng.internal.TestMethodWorker.run(TestMethodWorker.java:128)
at java.base/java.util.ArrayList.forEach(ArrayList.java:1541)
at org.testng.TestRunner.privateRun(TestRunner.java:794)
at org.testng.TestRunner.run(TestRunner.java:596)
at org.testng.SuiteRunner.runTest(SuiteRunner.java:377)
at org.testng.SuiteRunner.runSequentially(SuiteRunner.java:371)
at org.testng.SuiteRunner.privateRun(SuiteRunner.java:332)
at org.testng.SuiteRunner.run(SuiteRunner.java:276)
at org.testng.SuiteRunnerWorker.runSuite(SuiteRunnerWorker.java:53)
at org.testng.SuiteRunnerWorker.run(SuiteRunnerWorker.java:96)
at org.testng.TestNG.runSuitesSequentially(TestNG.java:1212)
at org.testng.TestNG.runSuitesLocally(TestNG.java:1134)
at org.testng.TestNG.runSuites(TestNG.java:1063)
at org.testng.TestNG.run(TestNG.java:1031)
at org.testng.remote.AbstractRemoteTestNG.run(AbstractRemoteTestNG.java:115)
at org.testng.remote.RemoteTestNG.initAndRun(RemoteTestNG.java:251)
at org.testng.remote.RemoteTestNG.main(RemoteTestNG.java:77)
]]>
    </error>
  </testcase> <!-- gUITestDropDownRepairException -->
  <system-out/>
  <testcase classname="fieldServiceFormsTest.PositiveRepairExceptionGUITest" name="gUITestDropDownRepairException" time="4.256"/>
  <system-out/>
  <testcase classname="fieldServiceFormsTest.PositiveRepairExceptionGUITest" name="gUITestDropDownRepairException" time="4.409"/>
  <system-out/>
  <testcase classname="fieldServiceFormsTest.PositiveRepairExceptionGUITest" name="gUITestDropDownRepairException" time="4.630"/>
  <system-out/>
  <testcase classname="fieldServiceFormsTest.PositiveRepairExceptionGUITest" name="gUITestDropDownRepairException" time="4.485"/>
  <system-out/>
  <testcase classname="fieldServiceFormsTest.PositiveRepairExceptionGUITest" name="gUITestDropDownRepairException" time="5.087"/>
  <system-out/>
  <testcase classname="fieldServiceFormsTest.PositiveRepairExceptionGUITest" name="gUITestDropDownRepairException" time="4.852"/>
  <system-out/>
  <testcase classname="fieldServiceFormsTest.PositiveRepairExceptionGUITest" name="gUITestDropDownRepairException" time="5.268"/>
  <system-out/>
  <testcase classname="fieldServiceFormsTest.PositiveRepairExceptionGUITest" name="gUITestDropDownRepairException" time="4.507"/>
  <system-out/>
  <testcase classname="fieldServiceFormsTest.PositiveRepairExceptionGUITest" name="gUITestDropDownRepairException" time="4.440"/>
  <system-out/>
  <testcase classname="fieldServiceFormsTest.PositiveRepairExceptionGUITest" name="gUITestDropDownRepairException" time="4.241"/>
  <system-out/>
  <testcase classname="fieldServiceFormsTest.PositiveRepairExceptionGUITest" name="gUITestDropDownRepairException" time="5.530"/>
  <system-out/>
  <testcase classname="fieldServiceFormsTest.PositiveRepairExceptionGUITest" name="gUITestDropDownRepairException" time="5.325"/>
  <system-out/>
  <testcase classname="fieldServiceFormsTest.PositiveRepairExceptionGUITest" name="gUITestDropDownRepairException" time="4.645"/>
  <system-out/>
  <testcase classname="fieldServiceFormsTest.PositiveRepairExceptionGUITest" name="gUITestDropDownRepairException" time="53.202">
    <error message="no such element: Unable to locate element: {&quot;method&quot;:&quot;css selector&quot;,&quot;selector&quot;:&quot;#repairException&quot;}
  (Session info: chrome=109.0.5414.75)
For documentation on this error, please visit: https://selenium.dev/exceptions/#no_such_element
Build info: version: &#039;4.3.0&#039;, revision: &#039;a4995e2c09*&#039;
System info: host: &#039;DESKTOP-M729FOC&#039;, ip: &#039;192.168.29.91&#039;, os.name: &#039;Windows 10&#039;, os.arch: &#039;amd64&#039;, os.version: &#039;10.0&#039;, java.version: &#039;11.0.13&#039;
Driver info: org.openqa.selenium.chrome.ChromeDriver
Command: [597a0c430c70878c24edba044d404178, findElement {using=id, value=repairException}]
Capabilities {acceptInsecureCerts: false, browserName: chrome, browserVersion: 109.0.5414.75, chrome: {chromedriverVersion: 109.0.5414.74 (e7c5703604da..., userDataDir: C:\Users\DELL\AppData\Local...}, goog:chromeOptions: {debuggerAddress: localhost:52569}, networkConnectionEnabled: false, pageLoadStrategy: normal, platformName: WINDOWS, proxy: Proxy(), se:cdp: ws://localhost:52569/devtoo..., se:cdpVersion: 109.0.5414.75, setWindowRect: true, strictFileInteractability: false, timeouts: {implicit: 0, pageLoad: 300000, script: 30000}, unhandledPromptBehavior: dismiss and notify, webauthn:extension:credBlob: true, webauthn:extension:largeBlob: true, webauthn:virtualAuthenticators: true}
Session ID: 597a0c430c70878c24edba044d404178" type="org.openqa.selenium.NoSuchElementException">
      <![CDATA[org.openqa.selenium.NoSuchElementException: no such element: Unable to locate element: {"method":"css selector","selector":"#repairException"}
  (Session info: chrome=109.0.5414.75)
For documentation on this error, please visit: https://selenium.dev/exceptions/#no_such_element
Build info: version: '4.3.0', revision: 'a4995e2c09*'
System info: host: 'DESKTOP-M729FOC', ip: '192.168.29.91', os.name: 'Windows 10', os.arch: 'amd64', os.version: '10.0', java.version: '11.0.13'
Driver info: org.openqa.selenium.chrome.ChromeDriver
Command: [597a0c430c70878c24edba044d404178, findElement {using=id, value=repairException}]
Capabilities {acceptInsecureCerts: false, browserName: chrome, browserVersion: 109.0.5414.75, chrome: {chromedriverVersion: 109.0.5414.74 (e7c5703604da..., userDataDir: C:\Users\DELL\AppData\Local...}, goog:chromeOptions: {debuggerAddress: localhost:52569}, networkConnectionEnabled: false, pageLoadStrategy: normal, platformName: WINDOWS, proxy: Proxy(), se:cdp: ws://localhost:52569/devtoo..., se:cdpVersion: 109.0.5414.75, setWindowRect: true, strictFileInteractability: false, timeouts: {implicit: 0, pageLoad: 300000, script: 30000}, unhandledPromptBehavior: dismiss and notify, webauthn:extension:credBlob: true, webauthn:extension:largeBlob: true, webauthn:virtualAuthenticators: true}
Session ID: 597a0c430c70878c24edba044d404178
at jdk.internal.reflect.GeneratedConstructorAccessor15.newInstance(Unknown Source)
at java.base/jdk.internal.reflect.DelegatingConstructorAccessorImpl.newInstance(DelegatingConstructorAccessorImpl.java:45)
at java.base/java.lang.reflect.Constructor.newInstance(Constructor.java:490)
at org.openqa.selenium.remote.codec.w3c.W3CHttpResponseCodec.createException(W3CHttpResponseCodec.java:200)
at org.openqa.selenium.remote.codec.w3c.W3CHttpResponseCodec.decode(W3CHttpResponseCodec.java:133)
at org.openqa.selenium.remote.codec.w3c.W3CHttpResponseCodec.decode(W3CHttpResponseCodec.java:53)
at org.openqa.selenium.remote.HttpCommandExecutor.execute(HttpCommandExecutor.java:184)
at org.openqa.selenium.remote.service.DriverCommandExecutor.invokeExecute(DriverCommandExecutor.java:167)
at org.openqa.selenium.remote.service.DriverCommandExecutor.execute(DriverCommandExecutor.java:142)
at org.openqa.selenium.remote.RemoteWebDriver.execute(RemoteWebDriver.java:569)
at org.openqa.selenium.remote.ElementLocation$ElementFinder$2.findElement(ElementLocation.java:162)
at org.openqa.selenium.remote.ElementLocation.findElement(ElementLocation.java:60)
at org.openqa.selenium.remote.RemoteWebDriver.findElement(RemoteWebDriver.java:387)
at org.openqa.selenium.remote.RemoteWebDriver.findElement(RemoteWebDriver.java:379)
at pageobjects.RepairLocatorsGUI.repairException(RepairLocatorsGUI.java:81)
at fieldServiceFormsTest.PositiveRepairExceptionGUITest.gUITestDropDownRepairException(PositiveRepairExceptionGUITest.java:95)
at jdk.internal.reflect.GeneratedMethodAccessor4.invoke(Unknown Source)
at java.base/jdk.internal.reflect.DelegatingMethodAccessorImpl.invoke(DelegatingMethodAccessorImpl.java:43)
at java.base/java.lang.reflect.Method.invoke(Method.java:566)
at org.testng.internal.MethodInvocationHelper.invokeMethod(MethodInvocationHelper.java:133)
at org.testng.internal.TestInvoker.invokeMethod(TestInvoker.java:598)
at org.testng.internal.TestInvoker.invokeTestMethod(TestInvoker.java:173)
at org.testng.internal.MethodRunner.runInSequence(MethodRunner.java:46)
at org.testng.internal.TestInvoker$MethodInvocationAgent.invoke(TestInvoker.java:824)
at org.testng.internal.TestInvoker.invokeTestMethods(TestInvoker.java:146)
at org.testng.internal.TestMethodWorker.invokeTestMethods(TestMethodWorker.java:146)
at org.testng.internal.TestMethodWorker.run(TestMethodWorker.java:128)
at java.base/java.util.ArrayList.forEach(ArrayList.java:1541)
at org.testng.TestRunner.privateRun(TestRunner.java:794)
at org.testng.TestRunner.run(TestRunner.java:596)
at org.testng.SuiteRunner.runTest(SuiteRunner.java:377)
at org.testng.SuiteRunner.runSequentially(SuiteRunner.java:371)
at org.testng.SuiteRunner.privateRun(SuiteRunner.java:332)
at org.testng.SuiteRunner.run(SuiteRunner.java:276)
at org.testng.SuiteRunnerWorker.runSuite(SuiteRunnerWorker.java:53)
at org.testng.SuiteRunnerWorker.run(SuiteRunnerWorker.java:96)
at org.testng.TestNG.runSuitesSequentially(TestNG.java:1212)
at org.testng.TestNG.runSuitesLocally(TestNG.java:1134)
at org.testng.TestNG.runSuites(TestNG.java:1063)
at org.testng.TestNG.run(TestNG.java:1031)
at org.testng.remote.AbstractRemoteTestNG.run(AbstractRemoteTestNG.java:115)
at org.testng.remote.RemoteTestNG.initAndRun(RemoteTestNG.java:251)
at org.testng.remote.RemoteTestNG.main(RemoteTestNG.java:77)
]]>
    </error>
  </testcase> <!-- gUITestDropDownRepairException -->
  <system-out/>
  <testcase classname="fieldServiceFormsTest.PositiveRepairExceptionGUITest" name="gUITestDropDownRepairException" time="4.509"/>
  <system-out/>
  <testcase classname="fieldServiceFormsTest.PositiveRepairExceptionGUITest" name="gUITestDropDownRepairException" time="4.638"/>
  <system-out/>
  <testcase classname="fieldServiceFormsTest.PositiveRepairExceptionGUITest" name="gUITestDropDownRepairException" time="4.447"/>
  <system-out/>
  <testcase classname="fieldServiceFormsTest.PositiveRepairExceptionGUITest" name="gUITestDropDownRepairException" time="4.500"/>
  <system-out/>
  <testcase classname="fieldServiceFormsTest.PositiveRepairExceptionGUITest" name="gUITestDropDownRepairException" time="4.447"/>
  <system-out/>
  <testcase classname="fieldServiceFormsTest.PositiveRepairExceptionGUITest" name="gUITestDropDownRepairException" time="4.413"/>
  <system-out/>
  <testcase classname="fieldServiceFormsTest.PositiveRepairExceptionGUITest" name="gUITestDropDownRepairException" time="4.640"/>
  <system-out/>
  <testcase classname="fieldServiceFormsTest.PositiveRepairExceptionGUITest" name="gUITestDropDownRepairException" time="4.372"/>
  <system-out/>
  <testcase classname="fieldServiceFormsTest.PositiveRepairExceptionGUITest" name="gUITestDropDownRepairException" time="4.770"/>
  <system-out/>
  <testcase classname="fieldServiceFormsTest.PositiveRepairExceptionGUITest" name="gUITestDropDownRepairException" time="4.348"/>
  <system-out/>
  <testcase classname="fieldServiceFormsTest.PositiveRepairExceptionGUITest" name="gUITestDropDownRepairException" time="4.516"/>
  <system-out/>
  <testcase classname="fieldServiceFormsTest.PositiveRepairExceptionGUITest" name="gUITestDropDownRepairException" time="4.703"/>
  <system-out/>
  <testcase classname="fieldServiceFormsTest.PositiveRepairExceptionGUITest" name="gUITestDropDownRepairException" time="4.773"/>
  <system-out/>
  <testcase classname="fieldServiceFormsTest.PositiveRepairExceptionGUITest" name="gUITestDropDownRepairException" time="4.786"/>
  <system-out/>
  <testcase classname="fieldServiceFormsTest.PositiveRepairExceptionGUITest" name="gUITestDropDownRepairException" time="4.566"/>
  <system-out/>
  <testcase classname="fieldServiceFormsTest.PositiveRepairExceptionGUITest" name="gUITestDropDownRepairException" time="4.483"/>
  <system-out/>
  <testcase classname="fieldServiceFormsTest.PositiveRepairExceptionGUITest" name="gUITestDropDownRepairException" time="4.382"/>
  <system-out/>
  <testcase classname="fieldServiceFormsTest.PositiveRepairExceptionGUITest" name="gUITestDropDownRepairException" time="4.777"/>
  <system-out/>
  <testcase classname="fieldServiceFormsTest.PositiveRepairExceptionGUITest" name="gUITestDropDownRepairException" time="6.720"/>
  <system-out/>
  <testcase classname="fieldServiceFormsTest.PositiveRepairExceptionGUITest" name="gUITestDropDownRepairException" time="4.840"/>
  <system-out/>
  <testcase classname="fieldServiceFormsTest.PositiveRepairExceptionGUITest" name="gUITestDropDownRepairException" time="6.142"/>
  <system-out/>
  <testcase classname="fieldServiceFormsTest.PositiveRepairExceptionGUITest" name="gUITestDropDownRepairException" time="4.265"/>
  <system-out/>
  <testcase classname="fieldServiceFormsTest.PositiveRepairExceptionGUITest" name="gUITestDropDownRepairException" time="4.980"/>
  <system-out/>
  <testcase classname="fieldServiceFormsTest.PositiveRepairExceptionGUITest" name="gUITestDropDownRepairException" time="4.302"/>
  <system-out/>
  <testcase classname="fieldServiceFormsTest.PositiveRepairExceptionGUITest" name="gUITestDropDownRepairException" time="4.374"/>
  <system-out/>
  <testcase classname="fieldServiceFormsTest.PositiveRepairExceptionGUITest" name="gUITestDropDownRepairException" time="4.584"/>
  <system-out/>
  <testcase classname="fieldServiceFormsTest.PositiveRepairExceptionGUITest" name="gUITestDropDownRepairException" time="4.566"/>
  <system-out/>
  <testcase classname="fieldServiceFormsTest.PositiveRepairExceptionGUITest" name="gUITestDropDownRepairException" time="4.336"/>
  <system-out/>
  <testcase classname="fieldServiceFormsTest.PositiveRepairExceptionGUITest" name="gUITestDropDownRepairException" time="4.166"/>
  <system-out/>
  <testcase classname="fieldServiceFormsTest.PositiveRepairExceptionGUITest" name="gUITestDropDownRepairException" time="4.946"/>
  <system-out/>
  <testcase classname="fieldServiceFormsTest.PositiveRepairExceptionGUITest" name="gUITestDropDownRepairException" time="4.473"/>
  <system-out/>
  <testcase classname="fieldServiceFormsTest.PositiveRepairExceptionGUITest" name="gUITestDropDownRepairException" time="5.016"/>
  <system-out/>
  <testcase classname="fieldServiceFormsTest.PositiveRepairExceptionGUITest" name="gUITestDropDownRepairException" time="4.414"/>
  <system-out/>
  <testcase classname="fieldServiceFormsTest.PositiveRepairExceptionGUITest" name="gUITestDropDownRepairException" time="5.457"/>
  <system-out/>
  <testcase classname="fieldServiceFormsTest.PositiveRepairExceptionGUITest" name="gUITestDropDownRepairException" time="4.790"/>
  <system-out/>
  <testcase classname="fieldServiceFormsTest.PositiveRepairExceptionGUITest" name="gUITestDropDownRepairException" time="4.372"/>
  <system-out/>
  <testcase classname="fieldServiceFormsTest.PositiveRepairExceptionGUITest" name="gUITestDropDownRepairException" time="4.335"/>
  <system-out/>
  <testcase classname="fieldServiceFormsTest.PositiveRepairExceptionGUITest" name="gUITestDropDownRepairException" time="5.090"/>
  <system-out/>
  <testcase classname="fieldServiceFormsTest.PositiveRepairExceptionGUITest" name="gUITestDropDownRepairException" time="4.336"/>
  <system-out/>
  <testcase classname="fieldServiceFormsTest.PositiveRepairExceptionGUITest" name="gUITestDropDownRepairException" time="5.403"/>
  <system-out/>
  <testcase classname="fieldServiceFormsTest.PositiveRepairExceptionGUITest" name="gUITestDropDownRepairException" time="148.580"/>
  <system-out/>
  <testcase classname="fieldServiceFormsTest.PositiveRepairExceptionGUITest" name="gUITestDropDownRepairException" time="4.941"/>
  <system-out/>
  <testcase classname="fieldServiceFormsTest.PositiveRepairExceptionGUITest" name="gUITestDropDownRepairException" time="5.774"/>
  <system-out/>
  <testcase classname="fieldServiceFormsTest.PositiveRepairExceptionGUITest" name="gUITestDropDownRepairException" time="4.371"/>
  <system-out/>
  <testcase classname="fieldServiceFormsTest.PositiveRepairExceptionGUITest" name="gUITestDropDownRepairException" time="5.044"/>
  <system-out/>
  <testcase classname="fieldServiceFormsTest.PositiveRepairExceptionGUITest" name="gUITestDropDownRepairException" time="4.406"/>
  <system-out/>
  <testcase classname="fieldServiceFormsTest.PositiveRepairExceptionGUITest" name="gUITestDropDownRepairException" time="5.054"/>
  <system-out/>
  <testcase classname="fieldServiceFormsTest.PositiveRepairExceptionGUITest" name="gUITestDropDownRepairException" time="5.016"/>
  <system-out/>
  <testcase classname="fieldServiceFormsTest.PositiveRepairExceptionGUITest" name="gUITestDropDownRepairException" time="4.348"/>
  <system-out/>
  <testcase classname="fieldServiceFormsTest.PositiveRepairExceptionGUITest" name="gUITestDropDownRepairException" time="4.423"/>
  <system-out/>
  <testcase classname="fieldServiceFormsTest.PositiveRepairExceptionGUITest" name="gUITestDropDownRepairException" time="4.827"/>
  <system-out/>
  <testcase classname="fieldServiceFormsTest.PositiveRepairExceptionGUITest" name="gUITestDropDownRepairException" time="5.083"/>
  <system-out/>
  <testcase classname="fieldServiceFormsTest.PositiveRepairExceptionGUITest" name="gUITestDropDownRepairException" time="4.614"/>
  <system-out/>
  <testcase classname="fieldServiceFormsTest.PositiveRepairExceptionGUITest" name="gUITestDropDownRepairException" time="5.327"/>
  <system-out/>
  <testcase classname="fieldServiceFormsTest.PositiveRepairExceptionGUITest" name="gUITestDropDownRepairException" time="6.252"/>
  <system-out/>
  <testcase classname="fieldServiceFormsTest.PositiveRepairExceptionGUITest" name="gUITestDropDownRepairException" time="4.836"/>
  <system-out/>
  <testcase classname="fieldServiceFormsTest.PositiveRepairExceptionGUITest" name="gUITestDropDownRepairException" time="53.346">
    <error message="no such element: Unable to locate element: {&quot;method&quot;:&quot;css selector&quot;,&quot;selector&quot;:&quot;#repairException&quot;}
  (Session info: chrome=109.0.5414.75)
For documentation on this error, please visit: https://selenium.dev/exceptions/#no_such_element
Build info: version: &#039;4.3.0&#039;, revision: &#039;a4995e2c09*&#039;
System info: host: &#039;DESKTOP-M729FOC&#039;, ip: &#039;192.168.29.91&#039;, os.name: &#039;Windows 10&#039;, os.arch: &#039;amd64&#039;, os.version: &#039;10.0&#039;, java.version: &#039;11.0.13&#039;
Driver info: org.openqa.selenium.chrome.ChromeDriver
Command: [597a0c430c70878c24edba044d404178, findElement {using=id, value=repairException}]
Capabilities {acceptInsecureCerts: false, browserName: chrome, browserVersion: 109.0.5414.75, chrome: {chromedriverVersion: 109.0.5414.74 (e7c5703604da..., userDataDir: C:\Users\DELL\AppData\Local...}, goog:chromeOptions: {debuggerAddress: localhost:52569}, networkConnectionEnabled: false, pageLoadStrategy: normal, platformName: WINDOWS, proxy: Proxy(), se:cdp: ws://localhost:52569/devtoo..., se:cdpVersion: 109.0.5414.75, setWindowRect: true, strictFileInteractability: false, timeouts: {implicit: 0, pageLoad: 300000, script: 30000}, unhandledPromptBehavior: dismiss and notify, webauthn:extension:credBlob: true, webauthn:extension:largeBlob: true, webauthn:virtualAuthenticators: true}
Session ID: 597a0c430c70878c24edba044d404178" type="org.openqa.selenium.NoSuchElementException">
      <![CDATA[org.openqa.selenium.NoSuchElementException: no such element: Unable to locate element: {"method":"css selector","selector":"#repairException"}
  (Session info: chrome=109.0.5414.75)
For documentation on this error, please visit: https://selenium.dev/exceptions/#no_such_element
Build info: version: '4.3.0', revision: 'a4995e2c09*'
System info: host: 'DESKTOP-M729FOC', ip: '192.168.29.91', os.name: 'Windows 10', os.arch: 'amd64', os.version: '10.0', java.version: '11.0.13'
Driver info: org.openqa.selenium.chrome.ChromeDriver
Command: [597a0c430c70878c24edba044d404178, findElement {using=id, value=repairException}]
Capabilities {acceptInsecureCerts: false, browserName: chrome, browserVersion: 109.0.5414.75, chrome: {chromedriverVersion: 109.0.5414.74 (e7c5703604da..., userDataDir: C:\Users\DELL\AppData\Local...}, goog:chromeOptions: {debuggerAddress: localhost:52569}, networkConnectionEnabled: false, pageLoadStrategy: normal, platformName: WINDOWS, proxy: Proxy(), se:cdp: ws://localhost:52569/devtoo..., se:cdpVersion: 109.0.5414.75, setWindowRect: true, strictFileInteractability: false, timeouts: {implicit: 0, pageLoad: 300000, script: 30000}, unhandledPromptBehavior: dismiss and notify, webauthn:extension:credBlob: true, webauthn:extension:largeBlob: true, webauthn:virtualAuthenticators: true}
Session ID: 597a0c430c70878c24edba044d404178
at java.base/jdk.internal.reflect.NativeConstructorAccessorImpl.newInstance0(Native Method)
at java.base/jdk.internal.reflect.NativeConstructorAccessorImpl.newInstance(NativeConstructorAccessorImpl.java:62)
at java.base/jdk.internal.reflect.DelegatingConstructorAccessorImpl.newInstance(DelegatingConstructorAccessorImpl.java:45)
at java.base/java.lang.reflect.Constructor.newInstance(Constructor.java:490)
at org.openqa.selenium.remote.codec.w3c.W3CHttpResponseCodec.createException(W3CHttpResponseCodec.java:200)
at org.openqa.selenium.remote.codec.w3c.W3CHttpResponseCodec.decode(W3CHttpResponseCodec.java:133)
at org.openqa.selenium.remote.codec.w3c.W3CHttpResponseCodec.decode(W3CHttpResponseCodec.java:53)
at org.openqa.selenium.remote.HttpCommandExecutor.execute(HttpCommandExecutor.java:184)
at org.openqa.selenium.remote.service.DriverCommandExecutor.invokeExecute(DriverCommandExecutor.java:167)
at org.openqa.selenium.remote.service.DriverCommandExecutor.execute(DriverCommandExecutor.java:142)
at org.openqa.selenium.remote.RemoteWebDriver.execute(RemoteWebDriver.java:569)
at org.openqa.selenium.remote.ElementLocation$ElementFinder$2.findElement(ElementLocation.java:162)
at org.openqa.selenium.remote.ElementLocation.findElement(ElementLocation.java:60)
at org.openqa.selenium.remote.RemoteWebDriver.findElement(RemoteWebDriver.java:387)
at org.openqa.selenium.remote.RemoteWebDriver.findElement(RemoteWebDriver.java:379)
at pageobjects.RepairLocatorsGUI.repairException(RepairLocatorsGUI.java:81)
at fieldServiceFormsTest.PositiveRepairExceptionGUITest.gUITestDropDownRepairException(PositiveRepairExceptionGUITest.java:95)
at jdk.internal.reflect.GeneratedMethodAccessor4.invoke(Unknown Source)
at java.base/jdk.internal.reflect.DelegatingMethodAccessorImpl.invoke(DelegatingMethodAccessorImpl.java:43)
at java.base/java.lang.reflect.Method.invoke(Method.java:566)
at org.testng.internal.MethodInvocationHelper.invokeMethod(MethodInvocationHelper.java:133)
at org.testng.internal.TestInvoker.invokeMethod(TestInvoker.java:598)
at org.testng.internal.TestInvoker.invokeTestMethod(TestInvoker.java:173)
at org.testng.internal.MethodRunner.runInSequence(MethodRunner.java:46)
at org.testng.internal.TestInvoker$MethodInvocationAgent.invoke(TestInvoker.java:824)
at org.testng.internal.TestInvoker.invokeTestMethods(TestInvoker.java:146)
at org.testng.internal.TestMethodWorker.invokeTestMethods(TestMethodWorker.java:146)
at org.testng.internal.TestMethodWorker.run(TestMethodWorker.java:128)
at java.base/java.util.ArrayList.forEach(ArrayList.java:1541)
at org.testng.TestRunner.privateRun(TestRunner.java:794)
at org.testng.TestRunner.run(TestRunner.java:596)
at org.testng.SuiteRunner.runTest(SuiteRunner.java:377)
at org.testng.SuiteRunner.runSequentially(SuiteRunner.java:371)
at org.testng.SuiteRunner.privateRun(SuiteRunner.java:332)
at org.testng.SuiteRunner.run(SuiteRunner.java:276)
at org.testng.SuiteRunnerWorker.runSuite(SuiteRunnerWorker.java:53)
at org.testng.SuiteRunnerWorker.run(SuiteRunnerWorker.java:96)
at org.testng.TestNG.runSuitesSequentially(TestNG.java:1212)
at org.testng.TestNG.runSuitesLocally(TestNG.java:1134)
at org.testng.TestNG.runSuites(TestNG.java:1063)
at org.testng.TestNG.run(TestNG.java:1031)
at org.testng.remote.AbstractRemoteTestNG.run(AbstractRemoteTestNG.java:115)
at org.testng.remote.RemoteTestNG.initAndRun(RemoteTestNG.java:251)
at org.testng.remote.RemoteTestNG.main(RemoteTestNG.java:77)
]]>
    </error>
  </testcase> <!-- gUITestDropDownRepairException -->
  <system-out/>
  <testcase classname="fieldServiceFormsTest.PositiveRepairExceptionGUITest" name="gUITestDropDownRepairException" time="6.167"/>
  <system-out/>
  <testcase classname="fieldServiceFormsTest.PositiveRepairExceptionGUITest" name="gUITestDropDownRepairException" time="4.437"/>
  <system-out/>
  <testcase classname="fieldServiceFormsTest.PositiveRepairExceptionGUITest" name="gUITestDropDownRepairException" time="5.428"/>
  <system-out/>
  <testcase classname="fieldServiceFormsTest.PositiveRepairExceptionGUITest" name="gUITestDropDownRepairException" time="5.087"/>
  <system-out/>
  <testcase classname="fieldServiceFormsTest.PositiveRepairExceptionGUITest" name="gUITestDropDownRepairException" time="4.588"/>
  <system-out/>
  <testcase classname="fieldServiceFormsTest.PositiveRepairExceptionGUITest" name="gUITestDropDownRepairException" time="5.771"/>
  <system-out/>
  <testcase classname="fieldServiceFormsTest.PositiveRepairExceptionGUITest" name="gUITestDropDownRepairException" time="4.271"/>
  <system-out/>
  <testcase classname="fieldServiceFormsTest.PositiveRepairExceptionGUITest" name="gUITestDropDownRepairException" time="4.369"/>
  <system-out/>
  <testcase classname="fieldServiceFormsTest.PositiveRepairExceptionGUITest" name="gUITestDropDownRepairException" time="4.630"/>
  <system-out/>
  <testcase classname="fieldServiceFormsTest.PositiveRepairExceptionGUITest" name="gUITestDropDownRepairException" time="4.256"/>
  <system-out/>
  <testcase classname="fieldServiceFormsTest.PositiveRepairExceptionGUITest" name="gUITestDropDownRepairException" time="5.020"/>
  <system-out/>
  <testcase classname="fieldServiceFormsTest.PositiveRepairExceptionGUITest" name="gUITestDropDownRepairException" time="4.324"/>
  <system-out/>
  <testcase classname="fieldServiceFormsTest.PositiveRepairExceptionGUITest" name="gUITestDropDownRepairException" time="4.580"/>
  <system-out/>
  <testcase classname="fieldServiceFormsTest.PositiveRepairExceptionGUITest" name="gUITestDropDownRepairException" time="5.461"/>
  <system-out/>
  <testcase classname="fieldServiceFormsTest.PositiveRepairExceptionGUITest" name="gUITestDropDownRepairException" time="4.391"/>
  <system-out/>
  <testcase classname="fieldServiceFormsTest.PositiveRepairExceptionGUITest" name="gUITestDropDownRepairException" time="4.274"/>
  <system-out/>
  <testcase classname="fieldServiceFormsTest.PositiveRepairExceptionGUITest" name="gUITestDropDownRepairException" time="4.857"/>
  <system-out/>
  <testcase classname="fieldServiceFormsTest.PositiveRepairExceptionGUITest" name="gUITestDropDownRepairException" time="4.982"/>
  <system-out/>
  <testcase classname="fieldServiceFormsTest.PositiveRepairExceptionGUITest" name="gUITestDropDownRepairException" time="4.307"/>
  <system-out/>
  <testcase classname="fieldServiceFormsTest.PositiveRepairExceptionGUITest" name="gUITestDropDownRepairException" time="53.273">
    <error message="no such element: Unable to locate element: {&quot;method&quot;:&quot;css selector&quot;,&quot;selector&quot;:&quot;#repairException&quot;}
  (Session info: chrome=109.0.5414.75)
For documentation on this error, please visit: https://selenium.dev/exceptions/#no_such_element
Build info: version: &#039;4.3.0&#039;, revision: &#039;a4995e2c09*&#039;
System info: host: &#039;DESKTOP-M729FOC&#039;, ip: &#039;192.168.29.91&#039;, os.name: &#039;Windows 10&#039;, os.arch: &#039;amd64&#039;, os.version: &#039;10.0&#039;, java.version: &#039;11.0.13&#039;
Driver info: org.openqa.selenium.chrome.ChromeDriver
Command: [597a0c430c70878c24edba044d404178, findElement {using=id, value=repairException}]
Capabilities {acceptInsecureCerts: false, browserName: chrome, browserVersion: 109.0.5414.75, chrome: {chromedriverVersion: 109.0.5414.74 (e7c5703604da..., userDataDir: C:\Users\DELL\AppData\Local...}, goog:chromeOptions: {debuggerAddress: localhost:52569}, networkConnectionEnabled: false, pageLoadStrategy: normal, platformName: WINDOWS, proxy: Proxy(), se:cdp: ws://localhost:52569/devtoo..., se:cdpVersion: 109.0.5414.75, setWindowRect: true, strictFileInteractability: false, timeouts: {implicit: 0, pageLoad: 300000, script: 30000}, unhandledPromptBehavior: dismiss and notify, webauthn:extension:credBlob: true, webauthn:extension:largeBlob: true, webauthn:virtualAuthenticators: true}
Session ID: 597a0c430c70878c24edba044d404178" type="org.openqa.selenium.NoSuchElementException">
      <![CDATA[org.openqa.selenium.NoSuchElementException: no such element: Unable to locate element: {"method":"css selector","selector":"#repairException"}
  (Session info: chrome=109.0.5414.75)
For documentation on this error, please visit: https://selenium.dev/exceptions/#no_such_element
Build info: version: '4.3.0', revision: 'a4995e2c09*'
System info: host: 'DESKTOP-M729FOC', ip: '192.168.29.91', os.name: 'Windows 10', os.arch: 'amd64', os.version: '10.0', java.version: '11.0.13'
Driver info: org.openqa.selenium.chrome.ChromeDriver
Command: [597a0c430c70878c24edba044d404178, findElement {using=id, value=repairException}]
Capabilities {acceptInsecureCerts: false, browserName: chrome, browserVersion: 109.0.5414.75, chrome: {chromedriverVersion: 109.0.5414.74 (e7c5703604da..., userDataDir: C:\Users\DELL\AppData\Local...}, goog:chromeOptions: {debuggerAddress: localhost:52569}, networkConnectionEnabled: false, pageLoadStrategy: normal, platformName: WINDOWS, proxy: Proxy(), se:cdp: ws://localhost:52569/devtoo..., se:cdpVersion: 109.0.5414.75, setWindowRect: true, strictFileInteractability: false, timeouts: {implicit: 0, pageLoad: 300000, script: 30000}, unhandledPromptBehavior: dismiss and notify, webauthn:extension:credBlob: true, webauthn:extension:largeBlob: true, webauthn:virtualAuthenticators: true}
Session ID: 597a0c430c70878c24edba044d404178
at java.base/jdk.internal.reflect.NativeConstructorAccessorImpl.newInstance0(Native Method)
at java.base/jdk.internal.reflect.NativeConstructorAccessorImpl.newInstance(NativeConstructorAccessorImpl.java:62)
at java.base/jdk.internal.reflect.DelegatingConstructorAccessorImpl.newInstance(DelegatingConstructorAccessorImpl.java:45)
at java.base/java.lang.reflect.Constructor.newInstance(Constructor.java:490)
at org.openqa.selenium.remote.codec.w3c.W3CHttpResponseCodec.createException(W3CHttpResponseCodec.java:200)
at org.openqa.selenium.remote.codec.w3c.W3CHttpResponseCodec.decode(W3CHttpResponseCodec.java:133)
at org.openqa.selenium.remote.codec.w3c.W3CHttpResponseCodec.decode(W3CHttpResponseCodec.java:53)
at org.openqa.selenium.remote.HttpCommandExecutor.execute(HttpCommandExecutor.java:184)
at org.openqa.selenium.remote.service.DriverCommandExecutor.invokeExecute(DriverCommandExecutor.java:167)
at org.openqa.selenium.remote.service.DriverCommandExecutor.execute(DriverCommandExecutor.java:142)
at org.openqa.selenium.remote.RemoteWebDriver.execute(RemoteWebDriver.java:569)
at org.openqa.selenium.remote.ElementLocation$ElementFinder$2.findElement(ElementLocation.java:162)
at org.openqa.selenium.remote.ElementLocation.findElement(ElementLocation.java:60)
at org.openqa.selenium.remote.RemoteWebDriver.findElement(RemoteWebDriver.java:387)
at org.openqa.selenium.remote.RemoteWebDriver.findElement(RemoteWebDriver.java:379)
at pageobjects.RepairLocatorsGUI.repairException(RepairLocatorsGUI.java:81)
at fieldServiceFormsTest.PositiveRepairExceptionGUITest.gUITestDropDownRepairException(PositiveRepairExceptionGUITest.java:95)
at jdk.internal.reflect.GeneratedMethodAccessor4.invoke(Unknown Source)
at java.base/jdk.internal.reflect.DelegatingMethodAccessorImpl.invoke(DelegatingMethodAccessorImpl.java:43)
at java.base/java.lang.reflect.Method.invoke(Method.java:566)
at org.testng.internal.MethodInvocationHelper.invokeMethod(MethodInvocationHelper.java:133)
at org.testng.internal.TestInvoker.invokeMethod(TestInvoker.java:598)
at org.testng.internal.TestInvoker.invokeTestMethod(TestInvoker.java:173)
at org.testng.internal.MethodRunner.runInSequence(MethodRunner.java:46)
at org.testng.internal.TestInvoker$MethodInvocationAgent.invoke(TestInvoker.java:824)
at org.testng.internal.TestInvoker.invokeTestMethods(TestInvoker.java:146)
at org.testng.internal.TestMethodWorker.invokeTestMethods(TestMethodWorker.java:146)
at org.testng.internal.TestMethodWorker.run(TestMethodWorker.java:128)
at java.base/java.util.ArrayList.forEach(ArrayList.java:1541)
at org.testng.TestRunner.privateRun(TestRunner.java:794)
at org.testng.TestRunner.run(TestRunner.java:596)
at org.testng.SuiteRunner.runTest(SuiteRunner.java:377)
at org.testng.SuiteRunner.runSequentially(SuiteRunner.java:371)
at org.testng.SuiteRunner.privateRun(SuiteRunner.java:332)
at org.testng.SuiteRunner.run(SuiteRunner.java:276)
at org.testng.SuiteRunnerWorker.runSuite(SuiteRunnerWorker.java:53)
at org.testng.SuiteRunnerWorker.run(SuiteRunnerWorker.java:96)
at org.testng.TestNG.runSuitesSequentially(TestNG.java:1212)
at org.testng.TestNG.runSuitesLocally(TestNG.java:1134)
at org.testng.TestNG.runSuites(TestNG.java:1063)
at org.testng.TestNG.run(TestNG.java:1031)
at org.testng.remote.AbstractRemoteTestNG.run(AbstractRemoteTestNG.java:115)
at org.testng.remote.RemoteTestNG.initAndRun(RemoteTestNG.java:251)
at org.testng.remote.RemoteTestNG.main(RemoteTestNG.java:77)
]]>
    </error>
  </testcase> <!-- gUITestDropDownRepairException -->
  <system-out/>
  <testcase classname="fieldServiceFormsTest.PositiveRepairExceptionGUITest" name="gUITestDropDownRepairException" time="4.504"/>
  <system-out/>
  <testcase classname="fieldServiceFormsTest.PositiveRepairExceptionGUITest" name="gUITestDropDownRepairException" time="4.752"/>
  <system-out/>
  <testcase classname="fieldServiceFormsTest.PositiveRepairExceptionGUITest" name="gUITestDropDownRepairException" time="4.367"/>
  <system-out/>
  <testcase classname="fieldServiceFormsTest.PositiveRepairExceptionGUITest" name="gUITestDropDownRepairException" time="4.350"/>
  <system-out/>
  <testcase classname="fieldServiceFormsTest.PositiveRepairExceptionGUITest" name="gUITestDropDownRepairException" time="4.723"/>
  <system-out/>
  <testcase classname="fieldServiceFormsTest.PositiveRepairExceptionGUITest" name="gUITestDropDownRepairException" time="4.242"/>
  <system-out/>
  <testcase classname="fieldServiceFormsTest.PositiveRepairExceptionGUITest" name="gUITestDropDownRepairException" time="4.601"/>
  <system-out/>
  <testcase classname="fieldServiceFormsTest.PositiveRepairExceptionGUITest" name="gUITestDropDownRepairException" time="4.574"/>
  <system-out/>
  <testcase classname="fieldServiceFormsTest.PositiveRepairExceptionGUITest" name="gUITestDropDownRepairException" time="4.244"/>
  <system-out/>
  <testcase classname="fieldServiceFormsTest.PositiveRepairExceptionGUITest" name="gUITestDropDownRepairException" time="6.192"/>
  <system-out/>
  <testcase classname="fieldServiceFormsTest.PositiveRepairExceptionGUITest" name="gUITestDropDownRepairException" time="4.944"/>
  <system-out/>
  <testcase classname="fieldServiceFormsTest.PositiveRepairExceptionGUITest" name="gUITestDropDownRepairException" time="5.128"/>
  <system-out/>
  <testcase classname="fieldServiceFormsTest.PositiveRepairExceptionGUITest" name="gUITestDropDownRepairException" time="6.229"/>
  <system-out/>
  <testcase classname="fieldServiceFormsTest.PositiveRepairExceptionGUITest" name="gUITestDropDownRepairException" time="5.048"/>
  <system-out/>
  <testcase classname="fieldServiceFormsTest.PositiveRepairExceptionGUITest" name="gUITestDropDownRepairException" time="5.103"/>
  <system-out/>
  <testcase classname="fieldServiceFormsTest.PositiveRepairExceptionGUITest" name="gUITestDropDownRepairException" time="6.103"/>
  <system-out/>
  <testcase classname="fieldServiceFormsTest.PositiveRepairExceptionGUITest" name="gUITestDropDownRepairException" time="4.457"/>
  <system-out/>
  <testcase classname="fieldServiceFormsTest.PositiveRepairExceptionGUITest" name="gUITestDropDownRepairException" time="4.244"/>
  <system-out/>
  <testcase classname="fieldServiceFormsTest.PositiveRepairExceptionGUITest" name="gUITestDropDownRepairException" time="4.677"/>
  <system-out/>
  <testcase classname="fieldServiceFormsTest.PositiveRepairExceptionGUITest" name="gUITestDropDownRepairException" time="4.407"/>
  <system-out/>
  <testcase classname="fieldServiceFormsTest.PositiveRepairExceptionGUITest" name="gUITestDropDownRepairException" time="4.500"/>
  <system-out/>
  <testcase classname="fieldServiceFormsTest.PositiveRepairExceptionGUITest" name="gUITestDropDownRepairException" time="4.771"/>
  <system-out/>
  <testcase classname="fieldServiceFormsTest.PositiveRepairExceptionGUITest" name="gUITestDropDownRepairException" time="4.400"/>
  <system-out/>
  <testcase classname="fieldServiceFormsTest.PositiveRepairExceptionGUITest" name="gUITestDropDownRepairException" time="4.898"/>
  <system-out/>
  <testcase classname="fieldServiceFormsTest.PositiveRepairExceptionGUITest" name="gUITestDropDownRepairException" time="4.808"/>
  <system-out/>
  <testcase classname="fieldServiceFormsTest.PositiveRepairExceptionGUITest" name="gUITestDropDownRepairException" time="4.449"/>
  <system-out/>
  <testcase classname="fieldServiceFormsTest.PositiveRepairExceptionGUITest" name="gUITestDropDownRepairException" time="4.685"/>
  <system-out/>
  <testcase classname="fieldServiceFormsTest.PositiveRepairExceptionGUITest" name="gUITestDropDownRepairException" time="4.268"/>
  <system-out/>
  <testcase classname="fieldServiceFormsTest.PositiveRepairExceptionGUITest" name="gUITestDropDownRepairException" time="4.915"/>
  <system-out/>
  <testcase classname="fieldServiceFormsTest.PositiveRepairExceptionGUITest" name="gUITestDropDownRepairException" time="4.950"/>
  <system-out/>
  <testcase classname="fieldServiceFormsTest.PositiveRepairExceptionGUITest" name="gUITestDropDownRepairException" time="4.314"/>
  <system-out/>
  <testcase classname="fieldServiceFormsTest.PositiveRepairExceptionGUITest" name="gUITestDropDownRepairException" time="4.225"/>
  <system-out/>
  <testcase classname="fieldServiceFormsTest.PositiveRepairExceptionGUITest" name="gUITestDropDownRepairException" time="4.968"/>
  <system-out/>
  <testcase classname="fieldServiceFormsTest.PositiveRepairExceptionGUITest" name="gUITestDropDownRepairException" time="4.975"/>
  <system-out/>
  <testcase classname="fieldServiceFormsTest.PositiveRepairExceptionGUITest" name="gUITestDropDownRepairException" time="4.429"/>
  <system-out/>
  <testcase classname="fieldServiceFormsTest.PositiveRepairExceptionGUITest" name="gUITestDropDownRepairException" time="4.438"/>
  <system-out/>
  <testcase classname="fieldServiceFormsTest.PositiveRepairExceptionGUITest" name="gUITestDropDownRepairException" time="4.956"/>
  <system-out/>
  <testcase classname="fieldServiceFormsTest.PositiveRepairExceptionGUITest" name="gUITestDropDownRepairException" time="5.471"/>
  <system-out/>
  <testcase classname="fieldServiceFormsTest.PositiveRepairExceptionGUITest" name="gUITestDropDownRepairException" time="4.807"/>
  <system-out/>
  <testcase classname="fieldServiceFormsTest.PositiveRepairExceptionGUITest" name="gUITestDropDownRepairException" time="4.875"/>
  <system-out/>
  <testcase classname="fieldServiceFormsTest.PositiveRepairExceptionGUITest" name="gUITestDropDownRepairException" time="5.809"/>
  <system-out/>
  <testcase classname="fieldServiceFormsTest.PositiveRepairExceptionGUITest" name="gUITestDropDownRepairException" time="5.097"/>
  <system-out/>
  <testcase classname="fieldServiceFormsTest.PositiveRepairExceptionGUITest" name="gUITestDropDownRepairException" time="4.999"/>
  <system-out/>
  <testcase classname="fieldServiceFormsTest.PositiveRepairExceptionGUITest" name="gUITestDropDownRepairException" time="4.697"/>
  <system-out/>
  <testcase classname="fieldServiceFormsTest.PositiveRepairExceptionGUITest" name="gUITestDropDownRepairException" time="4.361"/>
  <system-out/>
  <testcase classname="fieldServiceFormsTest.PositiveRepairExceptionGUITest" name="gUITestDropDownRepairException" time="4.523"/>
  <system-out/>
  <testcase classname="fieldServiceFormsTest.PositiveRepairExceptionGUITest" name="gUITestDropDownRepairException" time="6.073"/>
  <system-out/>
  <testcase classname="fieldServiceFormsTest.PositiveRepairExceptionGUITest" name="gUITestDropDownRepairException" time="4.664"/>
  <system-out/>
  <testcase classname="fieldServiceFormsTest.PositiveRepairExceptionGUITest" name="gUITestDropDownRepairException" time="4.220"/>
  <system-out/>
  <testcase classname="fieldServiceFormsTest.PositiveRepairExceptionGUITest" name="gUITestDropDownRepairException" time="4.892"/>
  <system-out/>
  <testcase classname="fieldServiceFormsTest.PositiveRepairExceptionGUITest" name="gUITestDropDownRepairException" time="4.420"/>
  <system-out/>
  <testcase classname="fieldServiceFormsTest.PositiveRepairExceptionGUITest" name="gUITestDropDownRepairException" time="4.416"/>
  <system-out/>
  <testcase classname="fieldServiceFormsTest.PositiveRepairExceptionGUITest" name="gUITestDropDownRepairException" time="4.412"/>
  <system-out/>
  <testcase classname="fieldServiceFormsTest.PositiveRepairExceptionGUITest" name="gUITestDropDownRepairException" time="4.235"/>
  <system-out/>
  <testcase classname="fieldServiceFormsTest.PositiveRepairExceptionGUITest" name="gUITestDropDownRepairException" time="4.813"/>
  <system-out/>
  <testcase classname="fieldServiceFormsTest.PositiveRepairExceptionGUITest" name="gUITestDropDownRepairException" time="5.000"/>
  <system-out/>
  <testcase classname="fieldServiceFormsTest.PositiveRepairExceptionGUITest" name="gUITestDropDownRepairException" time="4.957"/>
  <system-out/>
  <testcase classname="fieldServiceFormsTest.PositiveRepairExceptionGUITest" name="gUITestDropDownRepairException" time="4.282"/>
  <system-out/>
  <testcase classname="fieldServiceFormsTest.PositiveRepairExceptionGUITest" name="gUITestDropDownRepairException" time="5.599"/>
  <system-out/>
  <testcase classname="fieldServiceFormsTest.PositiveRepairExceptionGUITest" name="gUITestDropDownRepairException" time="4.484"/>
  <system-out/>
  <testcase classname="fieldServiceFormsTest.PositiveRepairExceptionGUITest" name="gUITestDropDownRepairException" time="4.381"/>
  <system-out/>
  <testcase classname="fieldServiceFormsTest.PositiveRepairExceptionGUITest" name="gUITestDropDownRepairException" time="4.416"/>
  <system-out/>
  <testcase classname="fieldServiceFormsTest.PositiveRepairExceptionGUITest" name="gUITestDropDownRepairException" time="4.350"/>
  <system-out/>
  <testcase classname="fieldServiceFormsTest.PositiveRepairExceptionGUITest" name="gUITestDropDownRepairException" time="4.901"/>
  <system-out/>
  <testcase classname="fieldServiceFormsTest.PositiveRepairExceptionGUITest" name="gUITestDropDownRepairException" time="4.537"/>
  <system-out/>
  <testcase classname="fieldServiceFormsTest.PositiveRepairExceptionGUITest" name="gUITestDropDownRepairException" time="4.202"/>
  <system-out/>
  <testcase classname="fieldServiceFormsTest.PositiveRepairExceptionGUITest" name="gUITestDropDownRepairException" time="4.472"/>
  <system-out/>
  <testcase classname="fieldServiceFormsTest.PositiveRepairExceptionGUITest" name="gUITestDropDownRepairException" time="4.998"/>
  <system-out/>
  <testcase classname="fieldServiceFormsTest.PositiveRepairExceptionGUITest" name="gUITestDropDownRepairException" time="4.819"/>
  <system-out/>
  <testcase classname="fieldServiceFormsTest.PositiveRepairExceptionGUITest" name="gUITestDropDownRepairException" time="4.259"/>
  <system-out/>
  <testcase classname="fieldServiceFormsTest.PositiveRepairExceptionGUITest" name="gUITestDropDownRepairException" time="4.504"/>
  <system-out/>
  <testcase classname="fieldServiceFormsTest.PositiveRepairExceptionGUITest" name="gUITestDropDownRepairException" time="4.886"/>
  <system-out/>
  <testcase classname="fieldServiceFormsTest.PositiveRepairExceptionGUITest" name="gUITestDropDownRepairException" time="5.873"/>
  <system-out/>
  <testcase classname="fieldServiceFormsTest.PositiveRepairExceptionGUITest" name="gUITestDropDownRepairException" time="4.605"/>
  <system-out/>
  <testcase classname="fieldServiceFormsTest.PositiveRepairExceptionGUITest" name="gUITestDropDownRepairException" time="4.982"/>
  <system-out/>
  <testcase classname="fieldServiceFormsTest.PositiveRepairExceptionGUITest" name="gUITestDropDownRepairException" time="5.307"/>
  <system-out/>
  <testcase classname="fieldServiceFormsTest.PositiveRepairExceptionGUITest" name="gUITestDropDownRepairException" time="4.490"/>
  <system-out/>
  <testcase classname="fieldServiceFormsTest.PositiveRepairExceptionGUITest" name="gUITestDropDownRepairException" time="4.485"/>
  <system-out/>
  <testcase classname="fieldServiceFormsTest.PositiveRepairExceptionGUITest" name="gUITestDropDownRepairException" time="4.980"/>
  <system-out/>
  <testcase classname="fieldServiceFormsTest.PositiveRepairExceptionGUITest" name="gUITestDropDownRepairException" time="4.404"/>
  <system-out/>
  <testcase classname="fieldServiceFormsTest.PositiveRepairExceptionGUITest" name="gUITestDropDownRepairException" time="4.850"/>
  <system-out/>
  <testcase classname="fieldServiceFormsTest.PositiveRepairExceptionGUITest" name="gUITestDropDownRepairException" time="4.339"/>
  <system-out/>
  <testcase classname="fieldServiceFormsTest.PositiveRepairExceptionGUITest" name="gUITestDropDownRepairException" time="4.561"/>
  <system-out/>
  <testcase classname="fieldServiceFormsTest.PositiveRepairExceptionGUITest" name="gUITestDropDownRepairException" time="4.862"/>
  <system-out/>
  <testcase classname="fieldServiceFormsTest.PositiveRepairExceptionGUITest" name="gUITestDropDownRepairException" time="4.527"/>
  <system-out/>
  <testcase classname="fieldServiceFormsTest.PositiveRepairExceptionGUITest" name="gUITestDropDownRepairException" time="4.856"/>
  <system-out/>
  <testcase classname="fieldServiceFormsTest.PositiveRepairExceptionGUITest" name="gUITestDropDownRepairException" time="5.289"/>
  <system-out/>
  <testcase classname="fieldServiceFormsTest.PositiveRepairExceptionGUITest" name="gUITestDropDownRepairException" time="4.604"/>
  <system-out/>
  <testcase classname="fieldServiceFormsTest.PositiveRepairExceptionGUITest" name="gUITestDropDownRepairException" time="4.624"/>
  <system-out/>
  <testcase classname="fieldServiceFormsTest.PositiveRepairExceptionGUITest" name="gUITestDropDownRepairException" time="5.001"/>
  <system-out/>
  <testcase classname="fieldServiceFormsTest.PositiveRepairExceptionGUITest" name="gUITestDropDownRepairException" time="4.375"/>
  <system-out/>
  <testcase classname="fieldServiceFormsTest.PositiveRepairExceptionGUITest" name="gUITestDropDownRepairException" time="4.908"/>
  <system-out/>
  <testcase classname="fieldServiceFormsTest.PositiveRepairExceptionGUITest" name="gUITestDropDownRepairException" time="4.501"/>
  <system-out/>
  <testcase classname="fieldServiceFormsTest.PositiveRepairExceptionGUITest" name="gUITestDropDownRepairException" time="4.280"/>
  <system-out/>
  <testcase classname="fieldServiceFormsTest.PositiveRepairExceptionGUITest" name="gUITestDropDownRepairException" time="5.118"/>
  <system-out/>
  <testcase classname="fieldServiceFormsTest.PositiveRepairExceptionGUITest" name="gUITestDropDownRepairException" time="5.071"/>
  <system-out/>
  <testcase classname="fieldServiceFormsTest.PositiveRepairExceptionGUITest" name="gUITestDropDownRepairException" time="4.476"/>
  <system-out/>
  <testcase classname="fieldServiceFormsTest.PositiveRepairExceptionGUITest" name="gUITestDropDownRepairException" time="4.383"/>
  <system-out/>
  <testcase classname="fieldServiceFormsTest.PositiveRepairExceptionGUITest" name="gUITestDropDownRepairException" time="4.823"/>
  <system-out/>
  <testcase classname="fieldServiceFormsTest.PositiveRepairExceptionGUITest" name="gUITestDropDownRepairException" time="4.656"/>
  <system-out/>
  <testcase classname="fieldServiceFormsTest.PositiveRepairExceptionGUITest" name="gUITestDropDownRepairException" time="5.437"/>
  <system-out/>
  <testcase classname="fieldServiceFormsTest.PositiveRepairExceptionGUITest" name="gUITestDropDownRepairException" time="4.417"/>
  <system-out/>
  <testcase classname="fieldServiceFormsTest.PositiveRepairExceptionGUITest" name="gUITestDropDownRepairException" time="5.068"/>
  <system-out/>
  <testcase classname="fieldServiceFormsTest.PositiveRepairExceptionGUITest" name="gUITestDropDownRepairException" time="4.601"/>
  <system-out/>
  <testcase classname="fieldServiceFormsTest.PositiveRepairExceptionGUITest" name="gUITestDropDownRepairException" time="4.417"/>
  <system-out/>
  <testcase classname="fieldServiceFormsTest.PositiveRepairExceptionGUITest" name="gUITestDropDownRepairException" time="5.410"/>
  <system-out/>
  <testcase classname="fieldServiceFormsTest.PositiveRepairExceptionGUITest" name="gUITestDropDownRepairException" time="4.375"/>
  <system-out/>
  <testcase classname="fieldServiceFormsTest.PositiveRepairExceptionGUITest" name="gUITestDropDownRepairException" time="5.280"/>
  <system-out/>
  <testcase classname="fieldServiceFormsTest.PositiveRepairExceptionGUITest" name="gUITestDropDownRepairException" time="4.812"/>
  <system-out/>
  <testcase classname="fieldServiceFormsTest.PositiveRepairExceptionGUITest" name="gUITestDropDownRepairException" time="4.217"/>
  <system-out/>
  <testcase classname="fieldServiceFormsTest.PositiveRepairExceptionGUITest" name="gUITestDropDownRepairException" time="4.263"/>
  <system-out/>
  <testcase classname="fieldServiceFormsTest.PositiveRepairExceptionGUITest" name="gUITestDropDownRepairException" time="4.236"/>
  <system-out/>
  <testcase classname="fieldServiceFormsTest.PositiveRepairExceptionGUITest" name="gUITestDropDownRepairException" time="4.292"/>
  <system-out/>
  <testcase classname="fieldServiceFormsTest.PositiveRepairExceptionGUITest" name="gUITestDropDownRepairException" time="4.894"/>
  <system-out/>
  <testcase classname="fieldServiceFormsTest.PositiveRepairExceptionGUITest" name="gUITestDropDownRepairException" time="4.638"/>
  <system-out/>
  <testcase classname="fieldServiceFormsTest.PositiveRepairExceptionGUITest" name="gUITestDropDownRepairException" time="4.944"/>
  <system-out/>
  <testcase classname="fieldServiceFormsTest.PositiveRepairExceptionGUITest" name="gUITestDropDownRepairException" time="5.366"/>
  <system-out/>
  <testcase classname="fieldServiceFormsTest.PositiveRepairExceptionGUITest" name="gUITestDropDownRepairException" time="4.455"/>
  <system-out/>
  <testcase classname="fieldServiceFormsTest.PositiveRepairExceptionGUITest" name="gUITestDropDownRepairException" time="4.446"/>
  <system-out/>
  <testcase classname="fieldServiceFormsTest.PositiveRepairExceptionGUITest" name="gUITestDropDownRepairException" time="5.073"/>
  <system-out/>
  <testcase classname="fieldServiceFormsTest.PositiveRepairExceptionGUITest" name="gUITestDropDownRepairException" time="4.292"/>
  <system-out/>
  <testcase classname="fieldServiceFormsTest.PositiveRepairExceptionGUITest" name="gUITestDropDownRepairException" time="4.512"/>
  <system-out/>
  <testcase classname="fieldServiceFormsTest.PositiveRepairExceptionGUITest" name="gUITestDropDownRepairException" time="4.260"/>
  <system-out/>
  <testcase classname="fieldServiceFormsTest.PositiveRepairExceptionGUITest" name="gUITestDropDownRepairException" time="5.081"/>
  <system-out/>
  <testcase classname="fieldServiceFormsTest.PositiveRepairExceptionGUITest" name="gUITestDropDownRepairException" time="4.257"/>
  <system-out/>
  <testcase classname="fieldServiceFormsTest.PositiveRepairExceptionGUITest" name="gUITestDropDownRepairException" time="4.876"/>
  <system-out/>
  <testcase classname="fieldServiceFormsTest.PositiveRepairExceptionGUITest" name="gUITestDropDownRepairException" time="4.787"/>
  <system-out/>
  <testcase classname="fieldServiceFormsTest.PositiveRepairExceptionGUITest" name="gUITestDropDownRepairException" time="5.178"/>
  <system-out/>
  <testcase classname="fieldServiceFormsTest.PositiveRepairExceptionGUITest" name="gUITestDropDownRepairException" time="4.412"/>
  <system-out/>
  <testcase classname="fieldServiceFormsTest.PositiveRepairExceptionGUITest" name="gUITestDropDownRepairException" time="5.288"/>
  <system-out/>
  <testcase classname="fieldServiceFormsTest.PositiveRepairExceptionGUITest" name="gUITestDropDownRepairException" time="4.482"/>
  <system-out/>
  <testcase classname="fieldServiceFormsTest.PositiveRepairExceptionGUITest" name="gUITestDropDownRepairException" time="4.909"/>
  <system-out/>
  <testcase classname="fieldServiceFormsTest.PositiveRepairExceptionGUITest" name="gUITestDropDownRepairException" time="5.114"/>
  <system-out/>
  <testcase classname="fieldServiceFormsTest.PositiveRepairExceptionGUITest" name="gUITestDropDownRepairException" time="53.207">
    <error message="no such element: Unable to locate element: {&quot;method&quot;:&quot;css selector&quot;,&quot;selector&quot;:&quot;#repairException&quot;}
  (Session info: chrome=109.0.5414.75)
For documentation on this error, please visit: https://selenium.dev/exceptions/#no_such_element
Build info: version: &#039;4.3.0&#039;, revision: &#039;a4995e2c09*&#039;
System info: host: &#039;DESKTOP-M729FOC&#039;, ip: &#039;192.168.29.91&#039;, os.name: &#039;Windows 10&#039;, os.arch: &#039;amd64&#039;, os.version: &#039;10.0&#039;, java.version: &#039;11.0.13&#039;
Driver info: org.openqa.selenium.chrome.ChromeDriver
Command: [597a0c430c70878c24edba044d404178, findElement {using=id, value=repairException}]
Capabilities {acceptInsecureCerts: false, browserName: chrome, browserVersion: 109.0.5414.75, chrome: {chromedriverVersion: 109.0.5414.74 (e7c5703604da..., userDataDir: C:\Users\DELL\AppData\Local...}, goog:chromeOptions: {debuggerAddress: localhost:52569}, networkConnectionEnabled: false, pageLoadStrategy: normal, platformName: WINDOWS, proxy: Proxy(), se:cdp: ws://localhost:52569/devtoo..., se:cdpVersion: 109.0.5414.75, setWindowRect: true, strictFileInteractability: false, timeouts: {implicit: 0, pageLoad: 300000, script: 30000}, unhandledPromptBehavior: dismiss and notify, webauthn:extension:credBlob: true, webauthn:extension:largeBlob: true, webauthn:virtualAuthenticators: true}
Session ID: 597a0c430c70878c24edba044d404178" type="org.openqa.selenium.NoSuchElementException">
      <![CDATA[org.openqa.selenium.NoSuchElementException: no such element: Unable to locate element: {"method":"css selector","selector":"#repairException"}
  (Session info: chrome=109.0.5414.75)
For documentation on this error, please visit: https://selenium.dev/exceptions/#no_such_element
Build info: version: '4.3.0', revision: 'a4995e2c09*'
System info: host: 'DESKTOP-M729FOC', ip: '192.168.29.91', os.name: 'Windows 10', os.arch: 'amd64', os.version: '10.0', java.version: '11.0.13'
Driver info: org.openqa.selenium.chrome.ChromeDriver
Command: [597a0c430c70878c24edba044d404178, findElement {using=id, value=repairException}]
Capabilities {acceptInsecureCerts: false, browserName: chrome, browserVersion: 109.0.5414.75, chrome: {chromedriverVersion: 109.0.5414.74 (e7c5703604da..., userDataDir: C:\Users\DELL\AppData\Local...}, goog:chromeOptions: {debuggerAddress: localhost:52569}, networkConnectionEnabled: false, pageLoadStrategy: normal, platformName: WINDOWS, proxy: Proxy(), se:cdp: ws://localhost:52569/devtoo..., se:cdpVersion: 109.0.5414.75, setWindowRect: true, strictFileInteractability: false, timeouts: {implicit: 0, pageLoad: 300000, script: 30000}, unhandledPromptBehavior: dismiss and notify, webauthn:extension:credBlob: true, webauthn:extension:largeBlob: true, webauthn:virtualAuthenticators: true}
Session ID: 597a0c430c70878c24edba044d404178
at jdk.internal.reflect.GeneratedConstructorAccessor15.newInstance(Unknown Source)
at java.base/jdk.internal.reflect.DelegatingConstructorAccessorImpl.newInstance(DelegatingConstructorAccessorImpl.java:45)
at java.base/java.lang.reflect.Constructor.newInstance(Constructor.java:490)
at org.openqa.selenium.remote.codec.w3c.W3CHttpResponseCodec.createException(W3CHttpResponseCodec.java:200)
at org.openqa.selenium.remote.codec.w3c.W3CHttpResponseCodec.decode(W3CHttpResponseCodec.java:133)
at org.openqa.selenium.remote.codec.w3c.W3CHttpResponseCodec.decode(W3CHttpResponseCodec.java:53)
at org.openqa.selenium.remote.HttpCommandExecutor.execute(HttpCommandExecutor.java:184)
at org.openqa.selenium.remote.service.DriverCommandExecutor.invokeExecute(DriverCommandExecutor.java:167)
at org.openqa.selenium.remote.service.DriverCommandExecutor.execute(DriverCommandExecutor.java:142)
at org.openqa.selenium.remote.RemoteWebDriver.execute(RemoteWebDriver.java:569)
at org.openqa.selenium.remote.ElementLocation$ElementFinder$2.findElement(ElementLocation.java:162)
at org.openqa.selenium.remote.ElementLocation.findElement(ElementLocation.java:60)
at org.openqa.selenium.remote.RemoteWebDriver.findElement(RemoteWebDriver.java:387)
at org.openqa.selenium.remote.RemoteWebDriver.findElement(RemoteWebDriver.java:379)
at pageobjects.RepairLocatorsGUI.repairException(RepairLocatorsGUI.java:81)
at fieldServiceFormsTest.PositiveRepairExceptionGUITest.gUITestDropDownRepairException(PositiveRepairExceptionGUITest.java:95)
at jdk.internal.reflect.GeneratedMethodAccessor4.invoke(Unknown Source)
at java.base/jdk.internal.reflect.DelegatingMethodAccessorImpl.invoke(DelegatingMethodAccessorImpl.java:43)
at java.base/java.lang.reflect.Method.invoke(Method.java:566)
at org.testng.internal.MethodInvocationHelper.invokeMethod(MethodInvocationHelper.java:133)
at org.testng.internal.TestInvoker.invokeMethod(TestInvoker.java:598)
at org.testng.internal.TestInvoker.invokeTestMethod(TestInvoker.java:173)
at org.testng.internal.MethodRunner.runInSequence(MethodRunner.java:46)
at org.testng.internal.TestInvoker$MethodInvocationAgent.invoke(TestInvoker.java:824)
at org.testng.internal.TestInvoker.invokeTestMethods(TestInvoker.java:146)
at org.testng.internal.TestMethodWorker.invokeTestMethods(TestMethodWorker.java:146)
at org.testng.internal.TestMethodWorker.run(TestMethodWorker.java:128)
at java.base/java.util.ArrayList.forEach(ArrayList.java:1541)
at org.testng.TestRunner.privateRun(TestRunner.java:794)
at org.testng.TestRunner.run(TestRunner.java:596)
at org.testng.SuiteRunner.runTest(SuiteRunner.java:377)
at org.testng.SuiteRunner.runSequentially(SuiteRunner.java:371)
at org.testng.SuiteRunner.privateRun(SuiteRunner.java:332)
at org.testng.SuiteRunner.run(SuiteRunner.java:276)
at org.testng.SuiteRunnerWorker.runSuite(SuiteRunnerWorker.java:53)
at org.testng.SuiteRunnerWorker.run(SuiteRunnerWorker.java:96)
at org.testng.TestNG.runSuitesSequentially(TestNG.java:1212)
at org.testng.TestNG.runSuitesLocally(TestNG.java:1134)
at org.testng.TestNG.runSuites(TestNG.java:1063)
at org.testng.TestNG.run(TestNG.java:1031)
at org.testng.remote.AbstractRemoteTestNG.run(AbstractRemoteTestNG.java:115)
at org.testng.remote.RemoteTestNG.initAndRun(RemoteTestNG.java:251)
at org.testng.remote.RemoteTestNG.main(RemoteTestNG.java:77)
]]>
    </error>
  </testcase> <!-- gUITestDropDownRepairException -->
  <system-out/>
  <testcase classname="fieldServiceFormsTest.PositiveRepairExceptionGUITest" name="gUITestDropDownRepairException" time="4.619"/>
  <system-out/>
  <testcase classname="fieldServiceFormsTest.PositiveRepairExceptionGUITest" name="gUITestDropDownRepairException" time="4.929"/>
  <system-out/>
  <testcase classname="fieldServiceFormsTest.PositiveRepairExceptionGUITest" name="gUITestDropDownRepairException" time="4.559"/>
  <system-out/>
  <testcase classname="fieldServiceFormsTest.PositiveRepairExceptionGUITest" name="gUITestDropDownRepairException" time="4.339"/>
  <system-out/>
  <testcase classname="fieldServiceFormsTest.PositiveRepairExceptionGUITest" name="gUITestDropDownRepairException" time="4.289"/>
  <system-out/>
  <testcase classname="fieldServiceFormsTest.PositiveRepairExceptionGUITest" name="gUITestDropDownRepairException" time="4.579"/>
  <system-out/>
  <testcase classname="fieldServiceFormsTest.PositiveRepairExceptionGUITest" name="gUITestDropDownRepairException" time="4.523"/>
  <system-out/>
  <testcase classname="fieldServiceFormsTest.PositiveRepairExceptionGUITest" name="gUITestDropDownRepairException" time="4.404"/>
  <system-out/>
  <testcase classname="fieldServiceFormsTest.PositiveRepairExceptionGUITest" name="gUITestDropDownRepairException" time="4.374"/>
  <system-out/>
  <testcase classname="fieldServiceFormsTest.PositiveRepairExceptionGUITest" name="gUITestDropDownRepairException" time="4.920"/>
  <system-out/>
  <testcase classname="fieldServiceFormsTest.PositiveRepairExceptionGUITest" name="gUITestDropDownRepairException" time="4.416"/>
  <system-out/>
  <testcase classname="fieldServiceFormsTest.PositiveRepairExceptionGUITest" name="gUITestDropDownRepairException" time="4.479"/>
  <system-out/>
  <testcase classname="fieldServiceFormsTest.PositiveRepairExceptionGUITest" name="gUITestDropDownRepairException" time="5.371"/>
  <system-out/>
  <testcase classname="fieldServiceFormsTest.PositiveRepairExceptionGUITest" name="gUITestDropDownRepairException" time="4.493"/>
  <system-out/>
  <testcase classname="fieldServiceFormsTest.PositiveRepairExceptionGUITest" name="gUITestDropDownRepairException" time="4.191"/>
  <system-out/>
  <testcase classname="fieldServiceFormsTest.PositiveRepairExceptionGUITest" name="gUITestDropDownRepairException" time="4.878"/>
  <system-out/>
  <testcase classname="fieldServiceFormsTest.PositiveRepairExceptionGUITest" name="gUITestDropDownRepairException" time="5.245"/>
  <system-out/>
  <testcase classname="fieldServiceFormsTest.PositiveRepairExceptionGUITest" name="gUITestDropDownRepairException" time="4.318"/>
  <system-out/>
  <testcase classname="fieldServiceFormsTest.PositiveRepairExceptionGUITest" name="gUITestDropDownRepairException" time="4.816"/>
  <system-out/>
  <testcase classname="fieldServiceFormsTest.PositiveRepairExceptionGUITest" name="gUITestDropDownRepairException" time="4.279"/>
  <system-out/>
  <testcase classname="fieldServiceFormsTest.PositiveRepairExceptionGUITest" name="gUITestDropDownRepairException" time="4.915"/>
  <system-out/>
  <testcase classname="fieldServiceFormsTest.PositiveRepairExceptionGUITest" name="gUITestDropDownRepairException" time="4.359"/>
  <system-out/>
  <testcase classname="fieldServiceFormsTest.PositiveRepairExceptionGUITest" name="gUITestDropDownRepairException" time="4.924"/>
  <system-out/>
  <testcase classname="fieldServiceFormsTest.PositiveRepairExceptionGUITest" name="gUITestDropDownRepairException" time="4.473"/>
  <system-out/>
  <testcase classname="fieldServiceFormsTest.PositiveRepairExceptionGUITest" name="gUITestDropDownRepairException" time="5.607"/>
  <system-out/>
  <testcase classname="fieldServiceFormsTest.PositiveRepairExceptionGUITest" name="gUITestDropDownRepairException" time="4.528"/>
  <system-out/>
  <testcase classname="fieldServiceFormsTest.PositiveRepairExceptionGUITest" name="gUITestDropDownRepairException" time="4.428"/>
  <system-out/>
  <testcase classname="fieldServiceFormsTest.PositiveRepairExceptionGUITest" name="gUITestDropDownRepairException" time="4.861"/>
  <system-out/>
  <testcase classname="fieldServiceFormsTest.PositiveRepairExceptionGUITest" name="gUITestDropDownRepairException" time="4.235"/>
  <system-out/>
  <testcase classname="fieldServiceFormsTest.PositiveRepairExceptionGUITest" name="gUITestDropDownRepairException" time="5.471"/>
  <system-out/>
  <testcase classname="fieldServiceFormsTest.PositiveRepairExceptionGUITest" name="gUITestDropDownRepairException" time="4.329"/>
  <system-out/>
  <testcase classname="fieldServiceFormsTest.PositiveRepairExceptionGUITest" name="gUITestDropDownRepairException" time="4.360"/>
  <system-out/>
  <testcase classname="fieldServiceFormsTest.PositiveRepairExceptionGUITest" name="gUITestDropDownRepairException" time="4.282"/>
  <system-out/>
  <testcase classname="fieldServiceFormsTest.PositiveRepairExceptionGUITest" name="gUITestDropDownRepairException" time="4.611"/>
  <system-out/>
  <testcase classname="fieldServiceFormsTest.PositiveRepairExceptionGUITest" name="gUITestDropDownRepairException" time="6.054"/>
  <system-out/>
  <testcase classname="fieldServiceFormsTest.PositiveRepairExceptionGUITest" name="gUITestDropDownRepairException" time="4.467"/>
  <system-out/>
  <testcase classname="fieldServiceFormsTest.PositiveRepairExceptionGUITest" name="gUITestDropDownRepairException" time="4.436"/>
  <system-out/>
  <testcase classname="fieldServiceFormsTest.PositiveRepairExceptionGUITest" name="gUITestDropDownRepairException" time="5.025"/>
  <system-out/>
  <testcase classname="fieldServiceFormsTest.PositiveRepairExceptionGUITest" name="gUITestDropDownRepairException" time="4.821"/>
  <system-out/>
  <testcase classname="fieldServiceFormsTest.PositiveRepairExceptionGUITest" name="gUITestDropDownRepairException" time="4.552"/>
  <system-out/>
  <testcase classname="fieldServiceFormsTest.PositiveRepairExceptionGUITest" name="gUITestDropDownRepairException" time="4.361"/>
  <system-out/>
  <testcase classname="fieldServiceFormsTest.PositiveRepairExceptionGUITest" name="gUITestDropDownRepairException" time="4.406"/>
  <system-out/>
  <testcase classname="fieldServiceFormsTest.PositiveRepairExceptionGUITest" name="gUITestDropDownRepairException" time="5.053"/>
  <system-out/>
  <testcase classname="fieldServiceFormsTest.PositiveRepairExceptionGUITest" name="gUITestDropDownRepairException" time="4.427"/>
  <system-out/>
  <testcase classname="fieldServiceFormsTest.PositiveRepairExceptionGUITest" name="gUITestDropDownRepairException" time="4.419"/>
  <system-out/>
  <testcase classname="fieldServiceFormsTest.PositiveRepairExceptionGUITest" name="gUITestDropDownRepairException" time="5.821"/>
  <system-out/>
  <testcase classname="fieldServiceFormsTest.PositiveRepairExceptionGUITest" name="gUITestDropDownRepairException" time="5.247"/>
  <system-out/>
  <testcase classname="fieldServiceFormsTest.PositiveRepairExceptionGUITest" name="gUITestDropDownRepairException" time="4.410"/>
  <system-out/>
  <testcase classname="fieldServiceFormsTest.PositiveRepairExceptionGUITest" name="gUITestDropDownRepairException" time="4.387"/>
  <system-out/>
  <testcase classname="fieldServiceFormsTest.PositiveRepairExceptionGUITest" name="gUITestDropDownRepairException" time="4.355"/>
  <system-out/>
  <testcase classname="fieldServiceFormsTest.PositiveRepairExceptionGUITest" name="gUITestDropDownRepairException" time="5.143"/>
  <system-out/>
  <testcase classname="fieldServiceFormsTest.PositiveRepairExceptionGUITest" name="gUITestDropDownRepairException" time="4.315"/>
  <system-out/>
  <testcase classname="fieldServiceFormsTest.PositiveRepairExceptionGUITest" name="gUITestDropDownRepairException" time="5.455"/>
  <system-out/>
  <testcase classname="fieldServiceFormsTest.PositiveRepairExceptionGUITest" name="gUITestDropDownRepairException" time="4.946"/>
  <system-out/>
  <testcase classname="fieldServiceFormsTest.PositiveRepairExceptionGUITest" name="gUITestDropDownRepairException" time="4.423"/>
  <system-out/>
  <testcase classname="fieldServiceFormsTest.PositiveRepairExceptionGUITest" name="gUITestDropDownRepairException" time="4.530"/>
  <system-out/>
  <testcase classname="fieldServiceFormsTest.PositiveRepairExceptionGUITest" name="gUITestDropDownRepairException" time="4.482"/>
  <system-out/>
  <testcase classname="fieldServiceFormsTest.PositiveRepairExceptionGUITest" name="gUITestDropDownRepairException" time="4.460"/>
  <system-out/>
  <testcase classname="fieldServiceFormsTest.PositiveRepairExceptionGUITest" name="gUITestDropDownRepairException" time="5.641"/>
  <system-out/>
  <testcase classname="fieldServiceFormsTest.PositiveRepairExceptionGUITest" name="gUITestDropDownRepairException" time="4.672"/>
  <system-out/>
  <testcase classname="fieldServiceFormsTest.PositiveRepairExceptionGUITest" name="gUITestDropDownRepairException" time="4.417"/>
  <system-out/>
  <testcase classname="fieldServiceFormsTest.PositiveRepairExceptionGUITest" name="gUITestDropDownRepairException" time="4.831"/>
  <system-out/>
  <testcase classname="fieldServiceFormsTest.PositiveRepairExceptionGUITest" name="gUITestDropDownRepairException" time="4.908"/>
  <system-out/>
  <testcase classname="fieldServiceFormsTest.PositiveRepairExceptionGUITest" name="gUITestDropDownRepairException" time="5.059"/>
  <system-out/>
  <testcase classname="fieldServiceFormsTest.PositiveRepairExceptionGUITest" name="gUITestDropDownRepairException" time="4.528"/>
  <system-out/>
  <testcase classname="fieldServiceFormsTest.PositiveRepairExceptionGUITest" name="gUITestDropDownRepairException" time="5.270"/>
  <system-out/>
  <testcase classname="fieldServiceFormsTest.PositiveRepairExceptionGUITest" name="gUITestDropDownRepairException" time="5.931"/>
  <system-out/>
  <testcase classname="fieldServiceFormsTest.PositiveRepairExceptionGUITest" name="gUITestDropDownRepairException" time="4.305"/>
  <system-out/>
  <testcase classname="fieldServiceFormsTest.PositiveRepairExceptionGUITest" name="gUITestDropDownRepairException" time="4.400"/>
  <system-out/>
  <testcase classname="fieldServiceFormsTest.PositiveRepairExceptionGUITest" name="gUITestDropDownRepairException" time="4.349"/>
  <system-out/>
  <testcase classname="fieldServiceFormsTest.PositiveRepairExceptionGUITest" name="gUITestDropDownRepairException" time="5.111"/>
  <system-out/>
  <testcase classname="fieldServiceFormsTest.PositiveRepairExceptionGUITest" name="gUITestDropDownRepairException" time="4.262"/>
  <system-out/>
  <testcase classname="fieldServiceFormsTest.PositiveRepairExceptionGUITest" name="gUITestDropDownRepairException" time="5.040"/>
  <system-out/>
  <testcase classname="fieldServiceFormsTest.PositiveRepairExceptionGUITest" name="gUITestDropDownRepairException" time="4.840"/>
  <system-out/>
  <testcase classname="fieldServiceFormsTest.PositiveRepairExceptionGUITest" name="gUITestDropDownRepairException" time="4.892"/>
  <system-out/>
  <testcase classname="fieldServiceFormsTest.PositiveRepairExceptionGUITest" name="gUITestDropDownRepairException" time="4.424"/>
  <system-out/>
  <testcase classname="fieldServiceFormsTest.PositiveRepairExceptionGUITest" name="gUITestDropDownRepairException" time="4.501"/>
  <system-out/>
  <testcase classname="fieldServiceFormsTest.PositiveRepairExceptionGUITest" name="gUITestDropDownRepairException" time="4.321"/>
  <system-out/>
  <testcase classname="fieldServiceFormsTest.PositiveRepairExceptionGUITest" name="gUITestDropDownRepairException" time="5.140"/>
  <system-out/>
  <testcase classname="fieldServiceFormsTest.PositiveRepairExceptionGUITest" name="gUITestDropDownRepairException" time="4.413"/>
  <system-out/>
  <testcase classname="fieldServiceFormsTest.PositiveRepairExceptionGUITest" name="gUITestDropDownRepairException" time="4.903"/>
  <system-out/>
  <testcase classname="fieldServiceFormsTest.PositiveRepairExceptionGUITest" name="gUITestDropDownRepairException" time="4.868"/>
  <system-out/>
  <testcase classname="fieldServiceFormsTest.PositiveRepairExceptionGUITest" name="gUITestDropDownRepairException" time="5.332"/>
  <system-out/>
  <testcase classname="fieldServiceFormsTest.PositiveRepairExceptionGUITest" name="gUITestDropDownRepairException" time="4.432"/>
  <system-out/>
  <testcase classname="fieldServiceFormsTest.PositiveRepairExceptionGUITest" name="gUITestDropDownRepairException" time="4.395"/>
  <system-out/>
  <testcase classname="fieldServiceFormsTest.PositiveRepairExceptionGUITest" name="gUITestDropDownRepairException" time="4.584"/>
  <system-out/>
  <testcase classname="fieldServiceFormsTest.PositiveRepairExceptionGUITest" name="gUITestDropDownRepairException" time="4.187"/>
  <system-out/>
  <testcase classname="fieldServiceFormsTest.PositiveRepairExceptionGUITest" name="gUITestDropDownRepairException" time="4.884"/>
  <system-out/>
  <testcase classname="fieldServiceFormsTest.PositiveRepairExceptionGUITest" name="gUITestDropDownRepairException" time="4.497"/>
  <system-out/>
  <testcase classname="fieldServiceFormsTest.PositiveRepairExceptionGUITest" name="gUITestDropDownRepairException" time="4.738"/>
  <system-out/>
  <testcase classname="fieldServiceFormsTest.PositiveRepairExceptionGUITest" name="gUITestDropDownRepairException" time="5.988"/>
  <system-out/>
  <testcase classname="fieldServiceFormsTest.PositiveRepairExceptionGUITest" name="gUITestDropDownRepairException" time="4.995"/>
  <system-out/>
  <testcase classname="fieldServiceFormsTest.PositiveRepairExceptionGUITest" name="gUITestDropDownRepairException" time="5.494"/>
  <system-out/>
  <testcase classname="fieldServiceFormsTest.PositiveRepairExceptionGUITest" name="gUITestDropDownRepairException" time="4.491"/>
  <system-out/>
  <testcase classname="fieldServiceFormsTest.PositiveRepairExceptionGUITest" name="gUITestDropDownRepairException" time="4.491"/>
  <system-out/>
  <testcase classname="fieldServiceFormsTest.PositiveRepairExceptionGUITest" name="gUITestDropDownRepairException" time="4.295"/>
  <system-out/>
  <testcase classname="fieldServiceFormsTest.PositiveRepairExceptionGUITest" name="gUITestDropDownRepairException" time="4.334"/>
  <system-out/>
  <testcase classname="fieldServiceFormsTest.PositiveRepairExceptionGUITest" name="gUITestDropDownRepairException" time="4.313"/>
  <system-out/>
  <testcase classname="fieldServiceFormsTest.PositiveRepairExceptionGUITest" name="gUITestDropDownRepairException" time="4.921"/>
  <system-out/>
  <testcase classname="fieldServiceFormsTest.PositiveRepairExceptionGUITest" name="gUITestDropDownRepairException" time="5.285"/>
  <system-out/>
  <testcase classname="fieldServiceFormsTest.PositiveRepairExceptionGUITest" name="gUITestDropDownRepairException" time="4.153"/>
  <system-out/>
  <testcase classname="fieldServiceFormsTest.PositiveRepairExceptionGUITest" name="gUITestDropDownRepairException" time="4.669"/>
  <system-out/>
  <testcase classname="fieldServiceFormsTest.PositiveRepairExceptionGUITest" name="gUITestDropDownRepairException" time="4.836"/>
  <system-out/>
  <testcase classname="fieldServiceFormsTest.PositiveRepairExceptionGUITest" name="gUITestDropDownRepairException" time="4.351"/>
  <system-out/>
  <testcase classname="fieldServiceFormsTest.PositiveRepairExceptionGUITest" name="gUITestDropDownRepairException" time="4.460"/>
  <system-out/>
  <testcase classname="fieldServiceFormsTest.PositiveRepairExceptionGUITest" name="gUITestDropDownRepairException" time="4.489"/>
  <system-out/>
  <testcase classname="fieldServiceFormsTest.PositiveRepairExceptionGUITest" name="gUITestDropDownRepairException" time="5.236"/>
  <system-out/>
  <testcase classname="fieldServiceFormsTest.PositiveRepairExceptionGUITest" name="gUITestDropDownRepairException" time="4.314"/>
  <system-out/>
  <testcase classname="fieldServiceFormsTest.PositiveRepairExceptionGUITest" name="gUITestDropDownRepairException" time="4.876"/>
  <system-out/>
  <testcase classname="fieldServiceFormsTest.PositiveRepairExceptionGUITest" name="gUITestDropDownRepairException" time="5.505"/>
  <system-out/>
  <testcase classname="fieldServiceFormsTest.PositiveRepairExceptionGUITest" name="gUITestDropDownRepairException" time="4.389"/>
  <system-out/>
  <testcase classname="fieldServiceFormsTest.PositiveRepairExceptionGUITest" name="gUITestDropDownRepairException" time="4.539"/>
  <system-out/>
  <testcase classname="fieldServiceFormsTest.PositiveRepairExceptionGUITest" name="gUITestDropDownRepairException" time="4.360"/>
  <system-out/>
  <testcase classname="fieldServiceFormsTest.PositiveRepairExceptionGUITest" name="gUITestDropDownRepairException" time="4.355"/>
  <system-out/>
  <testcase classname="fieldServiceFormsTest.PositiveRepairExceptionGUITest" name="gUITestDropDownRepairException" time="4.762"/>
  <system-out/>
  <testcase classname="fieldServiceFormsTest.PositiveRepairExceptionGUITest" name="gUITestDropDownRepairException" time="4.246"/>
  <system-out/>
  <testcase classname="fieldServiceFormsTest.PositiveRepairExceptionGUITest" name="gUITestDropDownRepairException" time="4.327"/>
  <system-out/>
  <testcase classname="fieldServiceFormsTest.PositiveRepairExceptionGUITest" name="gUITestDropDownRepairException" time="4.747"/>
  <system-out/>
  <testcase classname="fieldServiceFormsTest.PositiveRepairExceptionGUITest" name="gUITestDropDownRepairException" time="5.308"/>
  <system-out/>
  <testcase classname="fieldServiceFormsTest.PositiveRepairExceptionGUITest" name="gUITestDropDownRepairException" time="4.371"/>
  <system-out/>
  <testcase classname="fieldServiceFormsTest.PositiveRepairExceptionGUITest" name="gUITestDropDownRepairException" time="5.077"/>
  <system-out/>
  <testcase classname="fieldServiceFormsTest.PositiveRepairExceptionGUITest" name="gUITestDropDownRepairException" time="5.794"/>
  <system-out/>
  <testcase classname="fieldServiceFormsTest.PositiveRepairExceptionGUITest" name="gUITestDropDownRepairException" time="4.882"/>
  <system-out/>
  <testcase classname="fieldServiceFormsTest.PositiveRepairExceptionGUITest" name="gUITestDropDownRepairException" time="4.404"/>
  <system-out/>
  <testcase classname="fieldServiceFormsTest.PositiveRepairExceptionGUITest" name="gUITestDropDownRepairException" time="4.362"/>
  <system-out/>
  <testcase classname="fieldServiceFormsTest.PositiveRepairExceptionGUITest" name="gUITestDropDownRepairException" time="4.367"/>
  <system-out/>
  <testcase classname="fieldServiceFormsTest.PositiveRepairExceptionGUITest" name="gUITestDropDownRepairException" time="4.197"/>
  <system-out/>
  <testcase classname="fieldServiceFormsTest.PositiveRepairExceptionGUITest" name="gUITestDropDownRepairException" time="4.252"/>
  <system-out/>
  <testcase classname="fieldServiceFormsTest.PositiveRepairExceptionGUITest" name="gUITestDropDownRepairException" time="4.358"/>
  <system-out/>
  <testcase classname="fieldServiceFormsTest.PositiveRepairExceptionGUITest" name="gUITestDropDownRepairException" time="4.536"/>
  <system-out/>
  <testcase classname="fieldServiceFormsTest.PositiveRepairExceptionGUITest" name="gUITestDropDownRepairException" time="4.962"/>
  <system-out/>
  <testcase classname="fieldServiceFormsTest.PositiveRepairExceptionGUITest" name="gUITestDropDownRepairException" time="53.173">
    <error message="no such element: Unable to locate element: {&quot;method&quot;:&quot;css selector&quot;,&quot;selector&quot;:&quot;#repairException&quot;}
  (Session info: chrome=109.0.5414.75)
For documentation on this error, please visit: https://selenium.dev/exceptions/#no_such_element
Build info: version: &#039;4.3.0&#039;, revision: &#039;a4995e2c09*&#039;
System info: host: &#039;DESKTOP-M729FOC&#039;, ip: &#039;192.168.29.91&#039;, os.name: &#039;Windows 10&#039;, os.arch: &#039;amd64&#039;, os.version: &#039;10.0&#039;, java.version: &#039;11.0.13&#039;
Driver info: org.openqa.selenium.chrome.ChromeDriver
Command: [597a0c430c70878c24edba044d404178, findElement {using=id, value=repairException}]
Capabilities {acceptInsecureCerts: false, browserName: chrome, browserVersion: 109.0.5414.75, chrome: {chromedriverVersion: 109.0.5414.74 (e7c5703604da..., userDataDir: C:\Users\DELL\AppData\Local...}, goog:chromeOptions: {debuggerAddress: localhost:52569}, networkConnectionEnabled: false, pageLoadStrategy: normal, platformName: WINDOWS, proxy: Proxy(), se:cdp: ws://localhost:52569/devtoo..., se:cdpVersion: 109.0.5414.75, setWindowRect: true, strictFileInteractability: false, timeouts: {implicit: 0, pageLoad: 300000, script: 30000}, unhandledPromptBehavior: dismiss and notify, webauthn:extension:credBlob: true, webauthn:extension:largeBlob: true, webauthn:virtualAuthenticators: true}
Session ID: 597a0c430c70878c24edba044d404178" type="org.openqa.selenium.NoSuchElementException">
      <![CDATA[org.openqa.selenium.NoSuchElementException: no such element: Unable to locate element: {"method":"css selector","selector":"#repairException"}
  (Session info: chrome=109.0.5414.75)
For documentation on this error, please visit: https://selenium.dev/exceptions/#no_such_element
Build info: version: '4.3.0', revision: 'a4995e2c09*'
System info: host: 'DESKTOP-M729FOC', ip: '192.168.29.91', os.name: 'Windows 10', os.arch: 'amd64', os.version: '10.0', java.version: '11.0.13'
Driver info: org.openqa.selenium.chrome.ChromeDriver
Command: [597a0c430c70878c24edba044d404178, findElement {using=id, value=repairException}]
Capabilities {acceptInsecureCerts: false, browserName: chrome, browserVersion: 109.0.5414.75, chrome: {chromedriverVersion: 109.0.5414.74 (e7c5703604da..., userDataDir: C:\Users\DELL\AppData\Local...}, goog:chromeOptions: {debuggerAddress: localhost:52569}, networkConnectionEnabled: false, pageLoadStrategy: normal, platformName: WINDOWS, proxy: Proxy(), se:cdp: ws://localhost:52569/devtoo..., se:cdpVersion: 109.0.5414.75, setWindowRect: true, strictFileInteractability: false, timeouts: {implicit: 0, pageLoad: 300000, script: 30000}, unhandledPromptBehavior: dismiss and notify, webauthn:extension:credBlob: true, webauthn:extension:largeBlob: true, webauthn:virtualAuthenticators: true}
Session ID: 597a0c430c70878c24edba044d404178
at jdk.internal.reflect.GeneratedConstructorAccessor15.newInstance(Unknown Source)
at java.base/jdk.internal.reflect.DelegatingConstructorAccessorImpl.newInstance(DelegatingConstructorAccessorImpl.java:45)
at java.base/java.lang.reflect.Constructor.newInstance(Constructor.java:490)
at org.openqa.selenium.remote.codec.w3c.W3CHttpResponseCodec.createException(W3CHttpResponseCodec.java:200)
at org.openqa.selenium.remote.codec.w3c.W3CHttpResponseCodec.decode(W3CHttpResponseCodec.java:133)
at org.openqa.selenium.remote.codec.w3c.W3CHttpResponseCodec.decode(W3CHttpResponseCodec.java:53)
at org.openqa.selenium.remote.HttpCommandExecutor.execute(HttpCommandExecutor.java:184)
at org.openqa.selenium.remote.service.DriverCommandExecutor.invokeExecute(DriverCommandExecutor.java:167)
at org.openqa.selenium.remote.service.DriverCommandExecutor.execute(DriverCommandExecutor.java:142)
at org.openqa.selenium.remote.RemoteWebDriver.execute(RemoteWebDriver.java:569)
at org.openqa.selenium.remote.ElementLocation$ElementFinder$2.findElement(ElementLocation.java:162)
at org.openqa.selenium.remote.ElementLocation.findElement(ElementLocation.java:60)
at org.openqa.selenium.remote.RemoteWebDriver.findElement(RemoteWebDriver.java:387)
at org.openqa.selenium.remote.RemoteWebDriver.findElement(RemoteWebDriver.java:379)
at pageobjects.RepairLocatorsGUI.repairException(RepairLocatorsGUI.java:81)
at fieldServiceFormsTest.PositiveRepairExceptionGUITest.gUITestDropDownRepairException(PositiveRepairExceptionGUITest.java:95)
at jdk.internal.reflect.GeneratedMethodAccessor4.invoke(Unknown Source)
at java.base/jdk.internal.reflect.DelegatingMethodAccessorImpl.invoke(DelegatingMethodAccessorImpl.java:43)
at java.base/java.lang.reflect.Method.invoke(Method.java:566)
at org.testng.internal.MethodInvocationHelper.invokeMethod(MethodInvocationHelper.java:133)
at org.testng.internal.TestInvoker.invokeMethod(TestInvoker.java:598)
at org.testng.internal.TestInvoker.invokeTestMethod(TestInvoker.java:173)
at org.testng.internal.MethodRunner.runInSequence(MethodRunner.java:46)
at org.testng.internal.TestInvoker$MethodInvocationAgent.invoke(TestInvoker.java:824)
at org.testng.internal.TestInvoker.invokeTestMethods(TestInvoker.java:146)
at org.testng.internal.TestMethodWorker.invokeTestMethods(TestMethodWorker.java:146)
at org.testng.internal.TestMethodWorker.run(TestMethodWorker.java:128)
at java.base/java.util.ArrayList.forEach(ArrayList.java:1541)
at org.testng.TestRunner.privateRun(TestRunner.java:794)
at org.testng.TestRunner.run(TestRunner.java:596)
at org.testng.SuiteRunner.runTest(SuiteRunner.java:377)
at org.testng.SuiteRunner.runSequentially(SuiteRunner.java:371)
at org.testng.SuiteRunner.privateRun(SuiteRunner.java:332)
at org.testng.SuiteRunner.run(SuiteRunner.java:276)
at org.testng.SuiteRunnerWorker.runSuite(SuiteRunnerWorker.java:53)
at org.testng.SuiteRunnerWorker.run(SuiteRunnerWorker.java:96)
at org.testng.TestNG.runSuitesSequentially(TestNG.java:1212)
at org.testng.TestNG.runSuitesLocally(TestNG.java:1134)
at org.testng.TestNG.runSuites(TestNG.java:1063)
at org.testng.TestNG.run(TestNG.java:1031)
at org.testng.remote.AbstractRemoteTestNG.run(AbstractRemoteTestNG.java:115)
at org.testng.remote.RemoteTestNG.initAndRun(RemoteTestNG.java:251)
at org.testng.remote.RemoteTestNG.main(RemoteTestNG.java:77)
]]>
    </error>
  </testcase> <!-- gUITestDropDownRepairException -->
  <system-out/>
  <testcase classname="fieldServiceFormsTest.PositiveRepairExceptionGUITest" name="gUITestDropDownRepairException" time="4.301"/>
  <system-out/>
  <testcase classname="fieldServiceFormsTest.PositiveRepairExceptionGUITest" name="gUITestDropDownRepairException" time="4.798"/>
  <system-out/>
  <testcase classname="fieldServiceFormsTest.PositiveRepairExceptionGUITest" name="gUITestDropDownRepairException" time="4.388"/>
  <system-out/>
  <testcase classname="fieldServiceFormsTest.PositiveRepairExceptionGUITest" name="gUITestDropDownRepairException" time="4.622"/>
  <system-out/>
  <testcase classname="fieldServiceFormsTest.PositiveRepairExceptionGUITest" name="gUITestDropDownRepairException" time="5.398"/>
  <system-out/>
  <testcase classname="fieldServiceFormsTest.PositiveRepairExceptionGUITest" name="gUITestDropDownRepairException" time="4.989"/>
  <system-out/>
  <testcase classname="fieldServiceFormsTest.PositiveRepairExceptionGUITest" name="gUITestDropDownRepairException" time="4.557"/>
  <system-out/>
  <testcase classname="fieldServiceFormsTest.PositiveRepairExceptionGUITest" name="gUITestDropDownRepairException" time="4.394"/>
  <system-out/>
  <testcase classname="fieldServiceFormsTest.PositiveRepairExceptionGUITest" name="gUITestDropDownRepairException" time="5.635"/>
  <system-out/>
  <testcase classname="fieldServiceFormsTest.PositiveRepairExceptionGUITest" name="gUITestDropDownRepairException" time="53.154">
    <error message="no such element: Unable to locate element: {&quot;method&quot;:&quot;css selector&quot;,&quot;selector&quot;:&quot;#repairException&quot;}
  (Session info: chrome=109.0.5414.75)
For documentation on this error, please visit: https://selenium.dev/exceptions/#no_such_element
Build info: version: &#039;4.3.0&#039;, revision: &#039;a4995e2c09*&#039;
System info: host: &#039;DESKTOP-M729FOC&#039;, ip: &#039;192.168.29.91&#039;, os.name: &#039;Windows 10&#039;, os.arch: &#039;amd64&#039;, os.version: &#039;10.0&#039;, java.version: &#039;11.0.13&#039;
Driver info: org.openqa.selenium.chrome.ChromeDriver
Command: [597a0c430c70878c24edba044d404178, findElement {using=id, value=repairException}]
Capabilities {acceptInsecureCerts: false, browserName: chrome, browserVersion: 109.0.5414.75, chrome: {chromedriverVersion: 109.0.5414.74 (e7c5703604da..., userDataDir: C:\Users\DELL\AppData\Local...}, goog:chromeOptions: {debuggerAddress: localhost:52569}, networkConnectionEnabled: false, pageLoadStrategy: normal, platformName: WINDOWS, proxy: Proxy(), se:cdp: ws://localhost:52569/devtoo..., se:cdpVersion: 109.0.5414.75, setWindowRect: true, strictFileInteractability: false, timeouts: {implicit: 0, pageLoad: 300000, script: 30000}, unhandledPromptBehavior: dismiss and notify, webauthn:extension:credBlob: true, webauthn:extension:largeBlob: true, webauthn:virtualAuthenticators: true}
Session ID: 597a0c430c70878c24edba044d404178" type="org.openqa.selenium.NoSuchElementException">
      <![CDATA[org.openqa.selenium.NoSuchElementException: no such element: Unable to locate element: {"method":"css selector","selector":"#repairException"}
  (Session info: chrome=109.0.5414.75)
For documentation on this error, please visit: https://selenium.dev/exceptions/#no_such_element
Build info: version: '4.3.0', revision: 'a4995e2c09*'
System info: host: 'DESKTOP-M729FOC', ip: '192.168.29.91', os.name: 'Windows 10', os.arch: 'amd64', os.version: '10.0', java.version: '11.0.13'
Driver info: org.openqa.selenium.chrome.ChromeDriver
Command: [597a0c430c70878c24edba044d404178, findElement {using=id, value=repairException}]
Capabilities {acceptInsecureCerts: false, browserName: chrome, browserVersion: 109.0.5414.75, chrome: {chromedriverVersion: 109.0.5414.74 (e7c5703604da..., userDataDir: C:\Users\DELL\AppData\Local...}, goog:chromeOptions: {debuggerAddress: localhost:52569}, networkConnectionEnabled: false, pageLoadStrategy: normal, platformName: WINDOWS, proxy: Proxy(), se:cdp: ws://localhost:52569/devtoo..., se:cdpVersion: 109.0.5414.75, setWindowRect: true, strictFileInteractability: false, timeouts: {implicit: 0, pageLoad: 300000, script: 30000}, unhandledPromptBehavior: dismiss and notify, webauthn:extension:credBlob: true, webauthn:extension:largeBlob: true, webauthn:virtualAuthenticators: true}
Session ID: 597a0c430c70878c24edba044d404178
at jdk.internal.reflect.GeneratedConstructorAccessor15.newInstance(Unknown Source)
at java.base/jdk.internal.reflect.DelegatingConstructorAccessorImpl.newInstance(DelegatingConstructorAccessorImpl.java:45)
at java.base/java.lang.reflect.Constructor.newInstance(Constructor.java:490)
at org.openqa.selenium.remote.codec.w3c.W3CHttpResponseCodec.createException(W3CHttpResponseCodec.java:200)
at org.openqa.selenium.remote.codec.w3c.W3CHttpResponseCodec.decode(W3CHttpResponseCodec.java:133)
at org.openqa.selenium.remote.codec.w3c.W3CHttpResponseCodec.decode(W3CHttpResponseCodec.java:53)
at org.openqa.selenium.remote.HttpCommandExecutor.execute(HttpCommandExecutor.java:184)
at org.openqa.selenium.remote.service.DriverCommandExecutor.invokeExecute(DriverCommandExecutor.java:167)
at org.openqa.selenium.remote.service.DriverCommandExecutor.execute(DriverCommandExecutor.java:142)
at org.openqa.selenium.remote.RemoteWebDriver.execute(RemoteWebDriver.java:569)
at org.openqa.selenium.remote.ElementLocation$ElementFinder$2.findElement(ElementLocation.java:162)
at org.openqa.selenium.remote.ElementLocation.findElement(ElementLocation.java:60)
at org.openqa.selenium.remote.RemoteWebDriver.findElement(RemoteWebDriver.java:387)
at org.openqa.selenium.remote.RemoteWebDriver.findElement(RemoteWebDriver.java:379)
at pageobjects.RepairLocatorsGUI.repairException(RepairLocatorsGUI.java:81)
at fieldServiceFormsTest.PositiveRepairExceptionGUITest.gUITestDropDownRepairException(PositiveRepairExceptionGUITest.java:95)
at jdk.internal.reflect.GeneratedMethodAccessor4.invoke(Unknown Source)
at java.base/jdk.internal.reflect.DelegatingMethodAccessorImpl.invoke(DelegatingMethodAccessorImpl.java:43)
at java.base/java.lang.reflect.Method.invoke(Method.java:566)
at org.testng.internal.MethodInvocationHelper.invokeMethod(MethodInvocationHelper.java:133)
at org.testng.internal.TestInvoker.invokeMethod(TestInvoker.java:598)
at org.testng.internal.TestInvoker.invokeTestMethod(TestInvoker.java:173)
at org.testng.internal.MethodRunner.runInSequence(MethodRunner.java:46)
at org.testng.internal.TestInvoker$MethodInvocationAgent.invoke(TestInvoker.java:824)
at org.testng.internal.TestInvoker.invokeTestMethods(TestInvoker.java:146)
at org.testng.internal.TestMethodWorker.invokeTestMethods(TestMethodWorker.java:146)
at org.testng.internal.TestMethodWorker.run(TestMethodWorker.java:128)
at java.base/java.util.ArrayList.forEach(ArrayList.java:1541)
at org.testng.TestRunner.privateRun(TestRunner.java:794)
at org.testng.TestRunner.run(TestRunner.java:596)
at org.testng.SuiteRunner.runTest(SuiteRunner.java:377)
at org.testng.SuiteRunner.runSequentially(SuiteRunner.java:371)
at org.testng.SuiteRunner.privateRun(SuiteRunner.java:332)
at org.testng.SuiteRunner.run(SuiteRunner.java:276)
at org.testng.SuiteRunnerWorker.runSuite(SuiteRunnerWorker.java:53)
at org.testng.SuiteRunnerWorker.run(SuiteRunnerWorker.java:96)
at org.testng.TestNG.runSuitesSequentially(TestNG.java:1212)
at org.testng.TestNG.runSuitesLocally(TestNG.java:1134)
at org.testng.TestNG.runSuites(TestNG.java:1063)
at org.testng.TestNG.run(TestNG.java:1031)
at org.testng.remote.AbstractRemoteTestNG.run(AbstractRemoteTestNG.java:115)
at org.testng.remote.RemoteTestNG.initAndRun(RemoteTestNG.java:251)
at org.testng.remote.RemoteTestNG.main(RemoteTestNG.java:77)
]]>
    </error>
  </testcase> <!-- gUITestDropDownRepairException -->
  <system-out/>
  <testcase classname="fieldServiceFormsTest.PositiveRepairExceptionGUITest" name="gUITestDropDownRepairException" time="5.912"/>
  <system-out/>
  <testcase classname="fieldServiceFormsTest.PositiveRepairExceptionGUITest" name="gUITestDropDownRepairException" time="5.053"/>
  <system-out/>
  <testcase classname="fieldServiceFormsTest.PositiveRepairExceptionGUITest" name="gUITestDropDownRepairException" time="5.690"/>
  <system-out/>
  <testcase classname="fieldServiceFormsTest.PositiveRepairExceptionGUITest" name="gUITestDropDownRepairException" time="4.318"/>
  <system-out/>
  <testcase classname="fieldServiceFormsTest.PositiveRepairExceptionGUITest" name="gUITestDropDownRepairException" time="4.792"/>
  <system-out/>
  <testcase classname="fieldServiceFormsTest.PositiveRepairExceptionGUITest" name="gUITestDropDownRepairException" time="4.725"/>
  <system-out/>
  <testcase classname="fieldServiceFormsTest.PositiveRepairExceptionGUITest" name="gUITestDropDownRepairException" time="4.360"/>
  <system-out/>
  <testcase classname="fieldServiceFormsTest.PositiveRepairExceptionGUITest" name="gUITestDropDownRepairException" time="4.521"/>
  <system-out/>
  <testcase classname="fieldServiceFormsTest.PositiveRepairExceptionGUITest" name="gUITestDropDownRepairException" time="7.688"/>
  <system-out/>
  <testcase classname="fieldServiceFormsTest.PositiveRepairExceptionGUITest" name="gUITestDropDownRepairException" time="4.377"/>
  <system-out/>
  <testcase classname="fieldServiceFormsTest.PositiveRepairExceptionGUITest" name="gUITestDropDownRepairException" time="4.232"/>
  <system-out/>
  <testcase classname="fieldServiceFormsTest.PositiveRepairExceptionGUITest" name="gUITestDropDownRepairException" time="4.402"/>
  <system-out/>
  <testcase classname="fieldServiceFormsTest.PositiveRepairExceptionGUITest" name="gUITestDropDownRepairException" time="4.343"/>
  <system-out/>
  <testcase classname="fieldServiceFormsTest.PositiveRepairExceptionGUITest" name="gUITestDropDownRepairException" time="4.813"/>
  <system-out/>
  <testcase classname="fieldServiceFormsTest.PositiveRepairExceptionGUITest" name="gUITestDropDownRepairException" time="6.308"/>
  <system-out/>
  <testcase classname="fieldServiceFormsTest.PositiveRepairExceptionGUITest" name="gUITestDropDownRepairException" time="4.318"/>
  <system-out/>
  <testcase classname="fieldServiceFormsTest.PositiveRepairExceptionGUITest" name="gUITestDropDownRepairException" time="4.817"/>
  <system-out/>
  <testcase classname="fieldServiceFormsTest.PositiveRepairExceptionGUITest" name="gUITestDropDownRepairException" time="4.925"/>
  <system-out/>
  <testcase classname="fieldServiceFormsTest.PositiveRepairExceptionGUITest" name="gUITestDropDownRepairException" time="4.676"/>
  <system-out/>
  <testcase classname="fieldServiceFormsTest.PositiveRepairExceptionGUITest" name="gUITestDropDownRepairException" time="5.343"/>
  <system-out/>
  <testcase classname="fieldServiceFormsTest.PositiveRepairExceptionGUITest" name="gUITestDropDownRepairException" time="4.654"/>
  <system-out/>
  <testcase classname="fieldServiceFormsTest.PositiveRepairExceptionGUITest" name="gUITestDropDownRepairException" time="4.464"/>
  <system-out/>
  <testcase classname="fieldServiceFormsTest.PositiveRepairExceptionGUITest" name="gUITestDropDownRepairException" time="5.006"/>
  <system-out/>
  <testcase classname="fieldServiceFormsTest.PositiveRepairExceptionGUITest" name="gUITestDropDownRepairException" time="4.991"/>
  <system-out/>
  <testcase classname="fieldServiceFormsTest.PositiveRepairExceptionGUITest" name="gUITestDropDownRepairException" time="4.877"/>
  <system-out/>
  <testcase classname="fieldServiceFormsTest.PositiveRepairExceptionGUITest" name="gUITestDropDownRepairException" time="5.181"/>
  <system-out/>
  <testcase classname="fieldServiceFormsTest.PositiveRepairExceptionGUITest" name="gUITestDropDownRepairException" time="4.959"/>
  <system-out/>
  <testcase classname="fieldServiceFormsTest.PositiveRepairExceptionGUITest" name="gUITestDropDownRepairException" time="4.876"/>
  <system-out/>
  <testcase classname="fieldServiceFormsTest.PositiveRepairExceptionGUITest" name="gUITestDropDownRepairException" time="4.970"/>
  <system-out/>
  <testcase classname="fieldServiceFormsTest.PositiveRepairExceptionGUITest" name="gUITestDropDownRepairException" time="4.928"/>
  <system-out/>
  <testcase classname="fieldServiceFormsTest.PositiveRepairExceptionGUITest" name="gUITestDropDownRepairException" time="5.003"/>
  <system-out/>
  <testcase classname="fieldServiceFormsTest.PositiveRepairExceptionGUITest" name="gUITestDropDownRepairException" time="4.437"/>
  <system-out/>
  <testcase classname="fieldServiceFormsTest.PositiveRepairExceptionGUITest" name="gUITestDropDownRepairException" time="4.707"/>
  <system-out/>
  <testcase classname="fieldServiceFormsTest.PositiveRepairExceptionGUITest" name="gUITestDropDownRepairException" time="53.138">
    <error message="no such element: Unable to locate element: {&quot;method&quot;:&quot;css selector&quot;,&quot;selector&quot;:&quot;#repairException&quot;}
  (Session info: chrome=109.0.5414.75)
For documentation on this error, please visit: https://selenium.dev/exceptions/#no_such_element
Build info: version: &#039;4.3.0&#039;, revision: &#039;a4995e2c09*&#039;
System info: host: &#039;DESKTOP-M729FOC&#039;, ip: &#039;192.168.29.91&#039;, os.name: &#039;Windows 10&#039;, os.arch: &#039;amd64&#039;, os.version: &#039;10.0&#039;, java.version: &#039;11.0.13&#039;
Driver info: org.openqa.selenium.chrome.ChromeDriver
Command: [597a0c430c70878c24edba044d404178, findElement {using=id, value=repairException}]
Capabilities {acceptInsecureCerts: false, browserName: chrome, browserVersion: 109.0.5414.75, chrome: {chromedriverVersion: 109.0.5414.74 (e7c5703604da..., userDataDir: C:\Users\DELL\AppData\Local...}, goog:chromeOptions: {debuggerAddress: localhost:52569}, networkConnectionEnabled: false, pageLoadStrategy: normal, platformName: WINDOWS, proxy: Proxy(), se:cdp: ws://localhost:52569/devtoo..., se:cdpVersion: 109.0.5414.75, setWindowRect: true, strictFileInteractability: false, timeouts: {implicit: 0, pageLoad: 300000, script: 30000}, unhandledPromptBehavior: dismiss and notify, webauthn:extension:credBlob: true, webauthn:extension:largeBlob: true, webauthn:virtualAuthenticators: true}
Session ID: 597a0c430c70878c24edba044d404178" type="org.openqa.selenium.NoSuchElementException">
      <![CDATA[org.openqa.selenium.NoSuchElementException: no such element: Unable to locate element: {"method":"css selector","selector":"#repairException"}
  (Session info: chrome=109.0.5414.75)
For documentation on this error, please visit: https://selenium.dev/exceptions/#no_such_element
Build info: version: '4.3.0', revision: 'a4995e2c09*'
System info: host: 'DESKTOP-M729FOC', ip: '192.168.29.91', os.name: 'Windows 10', os.arch: 'amd64', os.version: '10.0', java.version: '11.0.13'
Driver info: org.openqa.selenium.chrome.ChromeDriver
Command: [597a0c430c70878c24edba044d404178, findElement {using=id, value=repairException}]
Capabilities {acceptInsecureCerts: false, browserName: chrome, browserVersion: 109.0.5414.75, chrome: {chromedriverVersion: 109.0.5414.74 (e7c5703604da..., userDataDir: C:\Users\DELL\AppData\Local...}, goog:chromeOptions: {debuggerAddress: localhost:52569}, networkConnectionEnabled: false, pageLoadStrategy: normal, platformName: WINDOWS, proxy: Proxy(), se:cdp: ws://localhost:52569/devtoo..., se:cdpVersion: 109.0.5414.75, setWindowRect: true, strictFileInteractability: false, timeouts: {implicit: 0, pageLoad: 300000, script: 30000}, unhandledPromptBehavior: dismiss and notify, webauthn:extension:credBlob: true, webauthn:extension:largeBlob: true, webauthn:virtualAuthenticators: true}
Session ID: 597a0c430c70878c24edba044d404178
at jdk.internal.reflect.GeneratedConstructorAccessor15.newInstance(Unknown Source)
at java.base/jdk.internal.reflect.DelegatingConstructorAccessorImpl.newInstance(DelegatingConstructorAccessorImpl.java:45)
at java.base/java.lang.reflect.Constructor.newInstance(Constructor.java:490)
at org.openqa.selenium.remote.codec.w3c.W3CHttpResponseCodec.createException(W3CHttpResponseCodec.java:200)
at org.openqa.selenium.remote.codec.w3c.W3CHttpResponseCodec.decode(W3CHttpResponseCodec.java:133)
at org.openqa.selenium.remote.codec.w3c.W3CHttpResponseCodec.decode(W3CHttpResponseCodec.java:53)
at org.openqa.selenium.remote.HttpCommandExecutor.execute(HttpCommandExecutor.java:184)
at org.openqa.selenium.remote.service.DriverCommandExecutor.invokeExecute(DriverCommandExecutor.java:167)
at org.openqa.selenium.remote.service.DriverCommandExecutor.execute(DriverCommandExecutor.java:142)
at org.openqa.selenium.remote.RemoteWebDriver.execute(RemoteWebDriver.java:569)
at org.openqa.selenium.remote.ElementLocation$ElementFinder$2.findElement(ElementLocation.java:162)
at org.openqa.selenium.remote.ElementLocation.findElement(ElementLocation.java:60)
at org.openqa.selenium.remote.RemoteWebDriver.findElement(RemoteWebDriver.java:387)
at org.openqa.selenium.remote.RemoteWebDriver.findElement(RemoteWebDriver.java:379)
at pageobjects.RepairLocatorsGUI.repairException(RepairLocatorsGUI.java:81)
at fieldServiceFormsTest.PositiveRepairExceptionGUITest.gUITestDropDownRepairException(PositiveRepairExceptionGUITest.java:95)
at jdk.internal.reflect.GeneratedMethodAccessor4.invoke(Unknown Source)
at java.base/jdk.internal.reflect.DelegatingMethodAccessorImpl.invoke(DelegatingMethodAccessorImpl.java:43)
at java.base/java.lang.reflect.Method.invoke(Method.java:566)
at org.testng.internal.MethodInvocationHelper.invokeMethod(MethodInvocationHelper.java:133)
at org.testng.internal.TestInvoker.invokeMethod(TestInvoker.java:598)
at org.testng.internal.TestInvoker.invokeTestMethod(TestInvoker.java:173)
at org.testng.internal.MethodRunner.runInSequence(MethodRunner.java:46)
at org.testng.internal.TestInvoker$MethodInvocationAgent.invoke(TestInvoker.java:824)
at org.testng.internal.TestInvoker.invokeTestMethods(TestInvoker.java:146)
at org.testng.internal.TestMethodWorker.invokeTestMethods(TestMethodWorker.java:146)
at org.testng.internal.TestMethodWorker.run(TestMethodWorker.java:128)
at java.base/java.util.ArrayList.forEach(ArrayList.java:1541)
at org.testng.TestRunner.privateRun(TestRunner.java:794)
at org.testng.TestRunner.run(TestRunner.java:596)
at org.testng.SuiteRunner.runTest(SuiteRunner.java:377)
at org.testng.SuiteRunner.runSequentially(SuiteRunner.java:371)
at org.testng.SuiteRunner.privateRun(SuiteRunner.java:332)
at org.testng.SuiteRunner.run(SuiteRunner.java:276)
at org.testng.SuiteRunnerWorker.runSuite(SuiteRunnerWorker.java:53)
at org.testng.SuiteRunnerWorker.run(SuiteRunnerWorker.java:96)
at org.testng.TestNG.runSuitesSequentially(TestNG.java:1212)
at org.testng.TestNG.runSuitesLocally(TestNG.java:1134)
at org.testng.TestNG.runSuites(TestNG.java:1063)
at org.testng.TestNG.run(TestNG.java:1031)
at org.testng.remote.AbstractRemoteTestNG.run(AbstractRemoteTestNG.java:115)
at org.testng.remote.RemoteTestNG.initAndRun(RemoteTestNG.java:251)
at org.testng.remote.RemoteTestNG.main(RemoteTestNG.java:77)
]]>
    </error>
  </testcase> <!-- gUITestDropDownRepairException -->
  <system-out/>
  <testcase classname="fieldServiceFormsTest.PositiveRepairExceptionGUITest" name="gUITestDropDownRepairException" time="4.360"/>
  <system-out/>
  <testcase classname="fieldServiceFormsTest.PositiveRepairExceptionGUITest" name="gUITestDropDownRepairException" time="4.801"/>
  <system-out/>
  <testcase classname="fieldServiceFormsTest.PositiveRepairExceptionGUITest" name="gUITestDropDownRepairException" time="4.226"/>
  <system-out/>
  <testcase classname="fieldServiceFormsTest.PositiveRepairExceptionGUITest" name="gUITestDropDownRepairException" time="4.261"/>
  <system-out/>
  <testcase classname="fieldServiceFormsTest.PositiveRepairExceptionGUITest" name="gUITestDropDownRepairException" time="5.678"/>
  <system-out/>
  <testcase classname="fieldServiceFormsTest.PositiveRepairExceptionGUITest" name="gUITestDropDownRepairException" time="5.069"/>
  <system-out/>
  <testcase classname="fieldServiceFormsTest.PositiveRepairExceptionGUITest" name="gUITestDropDownRepairException" time="4.276"/>
  <system-out/>
  <testcase classname="fieldServiceFormsTest.PositiveRepairExceptionGUITest" name="gUITestDropDownRepairException" time="5.172"/>
  <system-out/>
  <testcase classname="fieldServiceFormsTest.PositiveRepairExceptionGUITest" name="gUITestDropDownRepairException" time="4.555"/>
  <system-out/>
  <testcase classname="fieldServiceFormsTest.PositiveRepairExceptionGUITest" name="gUITestDropDownRepairException" time="4.361"/>
  <system-out/>
  <testcase classname="fieldServiceFormsTest.PositiveRepairExceptionGUITest" name="gUITestDropDownRepairException" time="4.397"/>
  <system-out/>
  <testcase classname="fieldServiceFormsTest.PositiveRepairExceptionGUITest" name="gUITestDropDownRepairException" time="4.398"/>
  <system-out/>
  <testcase classname="fieldServiceFormsTest.PositiveRepairExceptionGUITest" name="gUITestDropDownRepairException" time="4.421"/>
  <system-out/>
  <testcase classname="fieldServiceFormsTest.PositiveRepairExceptionGUITest" name="gUITestDropDownRepairException" time="4.379"/>
  <system-out/>
  <testcase classname="fieldServiceFormsTest.PositiveRepairExceptionGUITest" name="gUITestDropDownRepairException" time="4.284"/>
  <system-out/>
  <testcase classname="fieldServiceFormsTest.PositiveRepairExceptionGUITest" name="gUITestDropDownRepairException" time="4.399"/>
  <system-out/>
  <testcase classname="fieldServiceFormsTest.PositiveRepairExceptionGUITest" name="gUITestDropDownRepairException" time="5.002"/>
  <system-out/>
  <testcase classname="fieldServiceFormsTest.PositiveRepairExceptionGUITest" name="gUITestDropDownRepairException" time="5.204"/>
  <system-out/>
  <testcase classname="fieldServiceFormsTest.PositiveRepairExceptionGUITest" name="gUITestDropDownRepairException" time="4.536"/>
  <system-out/>
  <testcase classname="fieldServiceFormsTest.PositiveRepairExceptionGUITest" name="gUITestDropDownRepairException" time="4.818"/>
  <system-out/>
  <testcase classname="fieldServiceFormsTest.PositiveRepairExceptionGUITest" name="gUITestDropDownRepairException" time="4.798"/>
  <system-out/>
  <testcase classname="fieldServiceFormsTest.PositiveRepairExceptionGUITest" name="gUITestDropDownRepairException" time="4.269"/>
  <system-out/>
  <testcase classname="fieldServiceFormsTest.PositiveRepairExceptionGUITest" name="gUITestDropDownRepairException" time="4.622"/>
  <system-out/>
  <testcase classname="fieldServiceFormsTest.PositiveRepairExceptionGUITest" name="gUITestDropDownRepairException" time="4.619"/>
  <system-out/>
  <testcase classname="fieldServiceFormsTest.PositiveRepairExceptionGUITest" name="gUITestDropDownRepairException" time="4.577"/>
  <system-out/>
  <testcase classname="fieldServiceFormsTest.PositiveRepairExceptionGUITest" name="gUITestDropDownRepairException" time="5.132"/>
  <system-out/>
  <testcase classname="fieldServiceFormsTest.PositiveRepairExceptionGUITest" name="gUITestDropDownRepairException" time="4.515"/>
  <system-out/>
  <testcase classname="fieldServiceFormsTest.PositiveRepairExceptionGUITest" name="gUITestDropDownRepairException" time="4.905"/>
  <system-out/>
  <testcase classname="fieldServiceFormsTest.PositiveRepairExceptionGUITest" name="gUITestDropDownRepairException" time="4.299"/>
  <system-out/>
  <testcase classname="fieldServiceFormsTest.PositiveRepairExceptionGUITest" name="gUITestDropDownRepairException" time="6.534"/>
  <system-out/>
  <testcase classname="fieldServiceFormsTest.PositiveRepairExceptionGUITest" name="gUITestDropDownRepairException" time="4.982"/>
  <system-out/>
  <testcase classname="fieldServiceFormsTest.PositiveRepairExceptionGUITest" name="gUITestDropDownRepairException" time="4.798"/>
  <system-out/>
  <testcase classname="fieldServiceFormsTest.PositiveRepairExceptionGUITest" name="gUITestDropDownRepairException" time="4.405"/>
  <system-out/>
  <testcase classname="fieldServiceFormsTest.PositiveRepairExceptionGUITest" name="gUITestDropDownRepairException" time="4.445"/>
  <system-out/>
  <testcase classname="fieldServiceFormsTest.PositiveRepairExceptionGUITest" name="gUITestDropDownRepairException" time="4.381"/>
  <system-out/>
  <testcase classname="fieldServiceFormsTest.PositiveRepairExceptionGUITest" name="gUITestDropDownRepairException" time="4.436"/>
  <system-out/>
  <testcase classname="fieldServiceFormsTest.PositiveRepairExceptionGUITest" name="gUITestDropDownRepairException" time="4.799"/>
  <system-out/>
  <testcase classname="fieldServiceFormsTest.PositiveRepairExceptionGUITest" name="gUITestDropDownRepairException" time="5.165"/>
  <system-out/>
  <testcase classname="fieldServiceFormsTest.PositiveRepairExceptionGUITest" name="gUITestDropDownRepairException" time="4.365"/>
  <system-out/>
  <testcase classname="fieldServiceFormsTest.PositiveRepairExceptionGUITest" name="gUITestDropDownRepairException" time="4.499"/>
  <system-out/>
  <testcase classname="fieldServiceFormsTest.PositiveRepairExceptionGUITest" name="gUITestDropDownRepairException" time="4.745"/>
  <system-out/>
  <testcase classname="fieldServiceFormsTest.PositiveRepairExceptionGUITest" name="gUITestDropDownRepairException" time="4.339"/>
  <system-out/>
  <testcase classname="fieldServiceFormsTest.PositiveRepairExceptionGUITest" name="gUITestDropDownRepairException" time="4.423"/>
  <system-out/>
  <testcase classname="fieldServiceFormsTest.PositiveRepairExceptionGUITest" name="gUITestDropDownRepairException" time="4.322"/>
  <system-out/>
  <testcase classname="fieldServiceFormsTest.PositiveRepairExceptionGUITest" name="gUITestDropDownRepairException" time="4.997"/>
  <system-out/>
  <testcase classname="fieldServiceFormsTest.PositiveRepairExceptionGUITest" name="gUITestDropDownRepairException" time="4.420"/>
  <system-out/>
  <testcase classname="fieldServiceFormsTest.PositiveRepairExceptionGUITest" name="gUITestDropDownRepairException" time="4.784"/>
  <system-out/>
  <testcase classname="fieldServiceFormsTest.PositiveRepairExceptionGUITest" name="gUITestDropDownRepairException" time="4.262"/>
  <system-out/>
  <testcase classname="fieldServiceFormsTest.PositiveRepairExceptionGUITest" name="gUITestDropDownRepairException" time="4.291"/>
  <system-out/>
  <testcase classname="fieldServiceFormsTest.PositiveRepairExceptionGUITest" name="gUITestDropDownRepairException" time="4.862"/>
  <system-out/>
  <testcase classname="fieldServiceFormsTest.PositiveRepairExceptionGUITest" name="gUITestDropDownRepairException" time="4.302"/>
  <system-out/>
  <testcase classname="fieldServiceFormsTest.PositiveRepairExceptionGUITest" name="gUITestDropDownRepairException" time="4.968"/>
  <system-out/>
  <testcase classname="fieldServiceFormsTest.PositiveRepairExceptionGUITest" name="gUITestDropDownRepairException" time="5.096"/>
  <system-out/>
  <testcase classname="fieldServiceFormsTest.PositiveRepairExceptionGUITest" name="gUITestDropDownRepairException" time="5.793"/>
  <system-out/>
  <testcase classname="fieldServiceFormsTest.PositiveRepairExceptionGUITest" name="gUITestDropDownRepairException" time="5.189"/>
  <system-out/>
  <testcase classname="fieldServiceFormsTest.PositiveRepairExceptionGUITest" name="gUITestDropDownRepairException" time="4.458"/>
  <system-out/>
  <testcase classname="fieldServiceFormsTest.PositiveRepairExceptionGUITest" name="gUITestDropDownRepairException" time="4.402"/>
  <system-out/>
  <testcase classname="fieldServiceFormsTest.PositiveRepairExceptionGUITest" name="gUITestDropDownRepairException" time="4.942"/>
  <system-out/>
  <testcase classname="fieldServiceFormsTest.PositiveRepairExceptionGUITest" name="gUITestDropDownRepairException" time="4.469"/>
  <system-out/>
  <testcase classname="fieldServiceFormsTest.PositiveRepairExceptionGUITest" name="gUITestDropDownRepairException" time="4.471"/>
  <system-out/>
  <testcase classname="fieldServiceFormsTest.PositiveRepairExceptionGUITest" name="gUITestDropDownRepairException" time="4.918"/>
  <system-out/>
  <testcase classname="fieldServiceFormsTest.PositiveRepairExceptionGUITest" name="gUITestDropDownRepairException" time="4.485"/>
  <system-out/>
  <testcase classname="fieldServiceFormsTest.PositiveRepairExceptionGUITest" name="gUITestDropDownRepairException" time="4.564"/>
  <system-out/>
  <testcase classname="fieldServiceFormsTest.PositiveRepairExceptionGUITest" name="gUITestDropDownRepairException" time="5.057"/>
  <system-out/>
  <testcase classname="fieldServiceFormsTest.PositiveRepairExceptionGUITest" name="gUITestDropDownRepairException" time="4.462"/>
  <system-out/>
  <testcase classname="fieldServiceFormsTest.PositiveRepairExceptionGUITest" name="gUITestDropDownRepairException" time="5.661"/>
  <system-out/>
  <testcase classname="fieldServiceFormsTest.PositiveRepairExceptionGUITest" name="gUITestDropDownRepairException" time="4.193"/>
  <system-out/>
  <testcase classname="fieldServiceFormsTest.PositiveRepairExceptionGUITest" name="gUITestDropDownRepairException" time="4.268"/>
  <system-out/>
  <testcase classname="fieldServiceFormsTest.PositiveRepairExceptionGUITest" name="gUITestDropDownRepairException" time="5.347"/>
  <system-out/>
  <testcase classname="fieldServiceFormsTest.PositiveRepairExceptionGUITest" name="gUITestDropDownRepairException" time="4.617"/>
  <system-out/>
  <testcase classname="fieldServiceFormsTest.PositiveRepairExceptionGUITest" name="gUITestDropDownRepairException" time="4.825"/>
  <system-out/>
  <testcase classname="fieldServiceFormsTest.PositiveRepairExceptionGUITest" name="gUITestDropDownRepairException" time="5.015"/>
  <system-out/>
  <testcase classname="fieldServiceFormsTest.PositiveRepairExceptionGUITest" name="gUITestDropDownRepairException" time="4.702"/>
  <system-out/>
  <testcase classname="fieldServiceFormsTest.PositiveRepairExceptionGUITest" name="gUITestDropDownRepairException" time="5.759"/>
  <system-out/>
  <testcase classname="fieldServiceFormsTest.PositiveRepairExceptionGUITest" name="gUITestDropDownRepairException" time="4.321"/>
  <system-out/>
  <testcase classname="fieldServiceFormsTest.PositiveRepairExceptionGUITest" name="gUITestDropDownRepairException" time="4.297"/>
  <system-out/>
  <testcase classname="fieldServiceFormsTest.PositiveRepairExceptionGUITest" name="gUITestDropDownRepairException" time="4.370"/>
  <system-out/>
  <testcase classname="fieldServiceFormsTest.PositiveRepairExceptionGUITest" name="gUITestDropDownRepairException" time="4.305"/>
  <system-out/>
  <testcase classname="fieldServiceFormsTest.PositiveRepairExceptionGUITest" name="gUITestDropDownRepairException" time="4.573"/>
  <system-out/>
  <testcase classname="fieldServiceFormsTest.PositiveRepairExceptionGUITest" name="gUITestDropDownRepairException" time="4.202"/>
  <system-out/>
  <testcase classname="fieldServiceFormsTest.PositiveRepairExceptionGUITest" name="gUITestDropDownRepairException" time="4.630"/>
  <system-out/>
  <testcase classname="fieldServiceFormsTest.PositiveRepairExceptionGUITest" name="gUITestDropDownRepairException" time="5.023"/>
  <system-out/>
  <testcase classname="fieldServiceFormsTest.PositiveRepairExceptionGUITest" name="gUITestDropDownRepairException" time="4.937"/>
  <system-out/>
  <testcase classname="fieldServiceFormsTest.PositiveRepairExceptionGUITest" name="gUITestDropDownRepairException" time="5.124"/>
  <system-out/>
  <testcase classname="fieldServiceFormsTest.PositiveRepairExceptionGUITest" name="gUITestDropDownRepairException" time="4.605"/>
  <system-out/>
  <testcase classname="fieldServiceFormsTest.PositiveRepairExceptionGUITest" name="gUITestDropDownRepairException" time="4.473"/>
  <system-out/>
  <testcase classname="fieldServiceFormsTest.PositiveRepairExceptionGUITest" name="gUITestDropDownRepairException" time="4.993"/>
  <system-out/>
  <testcase classname="fieldServiceFormsTest.PositiveRepairExceptionGUITest" name="gUITestDropDownRepairException" time="4.594"/>
  <system-out/>
  <testcase classname="fieldServiceFormsTest.PositiveRepairExceptionGUITest" name="gUITestDropDownRepairException" time="4.476"/>
  <system-out/>
  <testcase classname="fieldServiceFormsTest.PositiveRepairExceptionGUITest" name="gUITestDropDownRepairException" time="5.175"/>
  <system-out/>
  <testcase classname="fieldServiceFormsTest.PositiveRepairExceptionGUITest" name="gUITestDropDownRepairException" time="4.437"/>
  <system-out/>
  <testcase classname="fieldServiceFormsTest.PositiveRepairExceptionGUITest" name="gUITestDropDownRepairException" time="4.380"/>
  <system-out/>
  <testcase classname="fieldServiceFormsTest.PositiveRepairExceptionGUITest" name="gUITestDropDownRepairException" time="4.331"/>
  <system-out/>
  <testcase classname="fieldServiceFormsTest.PositiveRepairExceptionGUITest" name="gUITestDropDownRepairException" time="4.389"/>
  <system-out/>
  <testcase classname="fieldServiceFormsTest.PositiveRepairExceptionGUITest" name="gUITestDropDownRepairException" time="4.490"/>
  <system-out/>
  <testcase classname="fieldServiceFormsTest.PositiveRepairExceptionGUITest" name="gUITestDropDownRepairException" time="4.432"/>
  <system-out/>
  <testcase classname="fieldServiceFormsTest.PositiveRepairExceptionGUITest" name="gUITestDropDownRepairException" time="4.229"/>
  <system-out/>
  <testcase classname="fieldServiceFormsTest.PositiveRepairExceptionGUITest" name="gUITestDropDownRepairException" time="4.495"/>
  <system-out/>
  <testcase classname="fieldServiceFormsTest.PositiveRepairExceptionGUITest" name="gUITestDropDownRepairException" time="4.511"/>
  <system-out/>
  <testcase classname="fieldServiceFormsTest.PositiveRepairExceptionGUITest" name="gUITestDropDownRepairException" time="4.977"/>
  <system-out/>
  <testcase classname="fieldServiceFormsTest.PositiveRepairExceptionGUITest" name="gUITestDropDownRepairException" time="4.194"/>
  <system-out/>
  <testcase classname="fieldServiceFormsTest.PositiveRepairExceptionGUITest" name="gUITestDropDownRepairException" time="4.450"/>
  <system-out/>
  <testcase classname="fieldServiceFormsTest.PositiveRepairExceptionGUITest" name="gUITestDropDownRepairException" time="4.476"/>
  <system-out/>
  <testcase classname="fieldServiceFormsTest.PositiveRepairExceptionGUITest" name="gUITestDropDownRepairException" time="4.482"/>
  <system-out/>
  <testcase classname="fieldServiceFormsTest.PositiveRepairExceptionGUITest" name="gUITestDropDownRepairException" time="4.344"/>
  <system-out/>
  <testcase classname="fieldServiceFormsTest.PositiveRepairExceptionGUITest" name="gUITestDropDownRepairException" time="4.545"/>
  <system-out/>
  <testcase classname="fieldServiceFormsTest.PositiveRepairExceptionGUITest" name="gUITestDropDownRepairException" time="6.502"/>
  <system-out/>
  <testcase classname="fieldServiceFormsTest.PositiveRepairExceptionGUITest" name="gUITestDropDownRepairException" time="4.852"/>
  <system-out/>
  <testcase classname="fieldServiceFormsTest.PositiveRepairExceptionGUITest" name="gUITestDropDownRepairException" time="4.378"/>
  <system-out/>
  <testcase classname="fieldServiceFormsTest.PositiveRepairExceptionGUITest" name="gUITestDropDownRepairException" time="4.684"/>
  <system-out/>
  <testcase classname="fieldServiceFormsTest.PositiveRepairExceptionGUITest" name="gUITestDropDownRepairException" time="4.280"/>
  <system-out/>
  <testcase classname="fieldServiceFormsTest.PositiveRepairExceptionGUITest" name="gUITestDropDownRepairException" time="4.513"/>
  <system-out/>
  <testcase classname="fieldServiceFormsTest.PositiveRepairExceptionGUITest" name="gUITestDropDownRepairException" time="4.465"/>
  <system-out/>
  <testcase classname="fieldServiceFormsTest.PositiveRepairExceptionGUITest" name="gUITestDropDownRepairException" time="4.811"/>
  <system-out/>
  <testcase classname="fieldServiceFormsTest.PositiveRepairExceptionGUITest" name="gUITestDropDownRepairException" time="4.589"/>
  <system-out/>
  <testcase classname="fieldServiceFormsTest.PositiveRepairExceptionGUITest" name="gUITestDropDownRepairException" time="5.899"/>
  <system-out/>
  <testcase classname="fieldServiceFormsTest.PositiveRepairExceptionGUITest" name="gUITestDropDownRepairException" time="4.539"/>
  <system-out/>
  <testcase classname="fieldServiceFormsTest.PositiveRepairExceptionGUITest" name="gUITestDropDownRepairException" time="5.646"/>
  <system-out/>
  <testcase classname="fieldServiceFormsTest.PositiveRepairExceptionGUITest" name="gUITestDropDownRepairException" time="4.437"/>
  <system-out/>
  <testcase classname="fieldServiceFormsTest.PositiveRepairExceptionGUITest" name="gUITestDropDownRepairException" time="4.558"/>
  <system-out/>
  <testcase classname="fieldServiceFormsTest.PositiveRepairExceptionGUITest" name="gUITestDropDownRepairException" time="4.263"/>
  <system-out/>
  <testcase classname="fieldServiceFormsTest.PositiveRepairExceptionGUITest" name="gUITestDropDownRepairException" time="4.225"/>
  <system-out/>
  <testcase classname="fieldServiceFormsTest.PositiveRepairExceptionGUITest" name="gUITestDropDownRepairException" time="4.731"/>
  <system-out/>
  <testcase classname="fieldServiceFormsTest.PositiveRepairExceptionGUITest" name="gUITestDropDownRepairException" time="5.253"/>
  <system-out/>
  <testcase classname="fieldServiceFormsTest.PositiveRepairExceptionGUITest" name="gUITestDropDownRepairException" time="4.322"/>
  <system-out/>
  <testcase classname="fieldServiceFormsTest.PositiveRepairExceptionGUITest" name="gUITestDropDownRepairException" time="53.170">
    <error message="no such element: Unable to locate element: {&quot;method&quot;:&quot;css selector&quot;,&quot;selector&quot;:&quot;#repairException&quot;}
  (Session info: chrome=109.0.5414.75)
For documentation on this error, please visit: https://selenium.dev/exceptions/#no_such_element
Build info: version: &#039;4.3.0&#039;, revision: &#039;a4995e2c09*&#039;
System info: host: &#039;DESKTOP-M729FOC&#039;, ip: &#039;192.168.29.91&#039;, os.name: &#039;Windows 10&#039;, os.arch: &#039;amd64&#039;, os.version: &#039;10.0&#039;, java.version: &#039;11.0.13&#039;
Driver info: org.openqa.selenium.chrome.ChromeDriver
Command: [597a0c430c70878c24edba044d404178, findElement {using=id, value=repairException}]
Capabilities {acceptInsecureCerts: false, browserName: chrome, browserVersion: 109.0.5414.75, chrome: {chromedriverVersion: 109.0.5414.74 (e7c5703604da..., userDataDir: C:\Users\DELL\AppData\Local...}, goog:chromeOptions: {debuggerAddress: localhost:52569}, networkConnectionEnabled: false, pageLoadStrategy: normal, platformName: WINDOWS, proxy: Proxy(), se:cdp: ws://localhost:52569/devtoo..., se:cdpVersion: 109.0.5414.75, setWindowRect: true, strictFileInteractability: false, timeouts: {implicit: 0, pageLoad: 300000, script: 30000}, unhandledPromptBehavior: dismiss and notify, webauthn:extension:credBlob: true, webauthn:extension:largeBlob: true, webauthn:virtualAuthenticators: true}
Session ID: 597a0c430c70878c24edba044d404178" type="org.openqa.selenium.NoSuchElementException">
      <![CDATA[org.openqa.selenium.NoSuchElementException: no such element: Unable to locate element: {"method":"css selector","selector":"#repairException"}
  (Session info: chrome=109.0.5414.75)
For documentation on this error, please visit: https://selenium.dev/exceptions/#no_such_element
Build info: version: '4.3.0', revision: 'a4995e2c09*'
System info: host: 'DESKTOP-M729FOC', ip: '192.168.29.91', os.name: 'Windows 10', os.arch: 'amd64', os.version: '10.0', java.version: '11.0.13'
Driver info: org.openqa.selenium.chrome.ChromeDriver
Command: [597a0c430c70878c24edba044d404178, findElement {using=id, value=repairException}]
Capabilities {acceptInsecureCerts: false, browserName: chrome, browserVersion: 109.0.5414.75, chrome: {chromedriverVersion: 109.0.5414.74 (e7c5703604da..., userDataDir: C:\Users\DELL\AppData\Local...}, goog:chromeOptions: {debuggerAddress: localhost:52569}, networkConnectionEnabled: false, pageLoadStrategy: normal, platformName: WINDOWS, proxy: Proxy(), se:cdp: ws://localhost:52569/devtoo..., se:cdpVersion: 109.0.5414.75, setWindowRect: true, strictFileInteractability: false, timeouts: {implicit: 0, pageLoad: 300000, script: 30000}, unhandledPromptBehavior: dismiss and notify, webauthn:extension:credBlob: true, webauthn:extension:largeBlob: true, webauthn:virtualAuthenticators: true}
Session ID: 597a0c430c70878c24edba044d404178
at jdk.internal.reflect.GeneratedConstructorAccessor15.newInstance(Unknown Source)
at java.base/jdk.internal.reflect.DelegatingConstructorAccessorImpl.newInstance(DelegatingConstructorAccessorImpl.java:45)
at java.base/java.lang.reflect.Constructor.newInstance(Constructor.java:490)
at org.openqa.selenium.remote.codec.w3c.W3CHttpResponseCodec.createException(W3CHttpResponseCodec.java:200)
at org.openqa.selenium.remote.codec.w3c.W3CHttpResponseCodec.decode(W3CHttpResponseCodec.java:133)
at org.openqa.selenium.remote.codec.w3c.W3CHttpResponseCodec.decode(W3CHttpResponseCodec.java:53)
at org.openqa.selenium.remote.HttpCommandExecutor.execute(HttpCommandExecutor.java:184)
at org.openqa.selenium.remote.service.DriverCommandExecutor.invokeExecute(DriverCommandExecutor.java:167)
at org.openqa.selenium.remote.service.DriverCommandExecutor.execute(DriverCommandExecutor.java:142)
at org.openqa.selenium.remote.RemoteWebDriver.execute(RemoteWebDriver.java:569)
at org.openqa.selenium.remote.ElementLocation$ElementFinder$2.findElement(ElementLocation.java:162)
at org.openqa.selenium.remote.ElementLocation.findElement(ElementLocation.java:60)
at org.openqa.selenium.remote.RemoteWebDriver.findElement(RemoteWebDriver.java:387)
at org.openqa.selenium.remote.RemoteWebDriver.findElement(RemoteWebDriver.java:379)
at pageobjects.RepairLocatorsGUI.repairException(RepairLocatorsGUI.java:81)
at fieldServiceFormsTest.PositiveRepairExceptionGUITest.gUITestDropDownRepairException(PositiveRepairExceptionGUITest.java:95)
at jdk.internal.reflect.GeneratedMethodAccessor4.invoke(Unknown Source)
at java.base/jdk.internal.reflect.DelegatingMethodAccessorImpl.invoke(DelegatingMethodAccessorImpl.java:43)
at java.base/java.lang.reflect.Method.invoke(Method.java:566)
at org.testng.internal.MethodInvocationHelper.invokeMethod(MethodInvocationHelper.java:133)
at org.testng.internal.TestInvoker.invokeMethod(TestInvoker.java:598)
at org.testng.internal.TestInvoker.invokeTestMethod(TestInvoker.java:173)
at org.testng.internal.MethodRunner.runInSequence(MethodRunner.java:46)
at org.testng.internal.TestInvoker$MethodInvocationAgent.invoke(TestInvoker.java:824)
at org.testng.internal.TestInvoker.invokeTestMethods(TestInvoker.java:146)
at org.testng.internal.TestMethodWorker.invokeTestMethods(TestMethodWorker.java:146)
at org.testng.internal.TestMethodWorker.run(TestMethodWorker.java:128)
at java.base/java.util.ArrayList.forEach(ArrayList.java:1541)
at org.testng.TestRunner.privateRun(TestRunner.java:794)
at org.testng.TestRunner.run(TestRunner.java:596)
at org.testng.SuiteRunner.runTest(SuiteRunner.java:377)
at org.testng.SuiteRunner.runSequentially(SuiteRunner.java:371)
at org.testng.SuiteRunner.privateRun(SuiteRunner.java:332)
at org.testng.SuiteRunner.run(SuiteRunner.java:276)
at org.testng.SuiteRunnerWorker.runSuite(SuiteRunnerWorker.java:53)
at org.testng.SuiteRunnerWorker.run(SuiteRunnerWorker.java:96)
at org.testng.TestNG.runSuitesSequentially(TestNG.java:1212)
at org.testng.TestNG.runSuitesLocally(TestNG.java:1134)
at org.testng.TestNG.runSuites(TestNG.java:1063)
at org.testng.TestNG.run(TestNG.java:1031)
at org.testng.remote.AbstractRemoteTestNG.run(AbstractRemoteTestNG.java:115)
at org.testng.remote.RemoteTestNG.initAndRun(RemoteTestNG.java:251)
at org.testng.remote.RemoteTestNG.main(RemoteTestNG.java:77)
]]>
    </error>
  </testcase> <!-- gUITestDropDownRepairException -->
  <system-out/>
  <testcase classname="fieldServiceFormsTest.PositiveRepairExceptionGUITest" name="gUITestDropDownRepairException" time="4.522"/>
  <system-out/>
  <testcase classname="fieldServiceFormsTest.PositiveRepairExceptionGUITest" name="gUITestDropDownRepairException" time="4.478"/>
  <system-out/>
  <testcase classname="fieldServiceFormsTest.PositiveRepairExceptionGUITest" name="gUITestDropDownRepairException" time="4.536"/>
  <system-out/>
  <testcase classname="fieldServiceFormsTest.PositiveRepairExceptionGUITest" name="gUITestDropDownRepairException" time="4.561"/>
  <system-out/>
  <testcase classname="fieldServiceFormsTest.PositiveRepairExceptionGUITest" name="gUITestDropDownRepairException" time="6.072"/>
  <system-out/>
  <testcase classname="fieldServiceFormsTest.PositiveRepairExceptionGUITest" name="gUITestDropDownRepairException" time="5.001"/>
  <system-out/>
  <testcase classname="fieldServiceFormsTest.PositiveRepairExceptionGUITest" name="gUITestDropDownRepairException" time="4.453"/>
  <system-out/>
  <testcase classname="fieldServiceFormsTest.PositiveRepairExceptionGUITest" name="gUITestDropDownRepairException" time="4.395"/>
  <system-out/>
  <testcase classname="fieldServiceFormsTest.PositiveRepairExceptionGUITest" name="gUITestDropDownRepairException" time="4.553"/>
  <system-out/>
  <testcase classname="fieldServiceFormsTest.PositiveRepairExceptionGUITest" name="gUITestDropDownRepairException" time="4.202"/>
  <system-out/>
  <testcase classname="fieldServiceFormsTest.PositiveRepairExceptionGUITest" name="gUITestDropDownRepairException" time="5.164"/>
  <system-out/>
  <testcase classname="fieldServiceFormsTest.PositiveRepairExceptionGUITest" name="gUITestDropDownRepairException" time="5.143"/>
  <system-out/>
  <testcase classname="fieldServiceFormsTest.PositiveRepairExceptionGUITest" name="gUITestDropDownRepairException" time="6.346"/>
  <system-out/>
  <testcase classname="fieldServiceFormsTest.PositiveRepairExceptionGUITest" name="gUITestDropDownRepairException" time="4.569"/>
  <system-out/>
  <testcase classname="fieldServiceFormsTest.PositiveRepairExceptionGUITest" name="gUITestDropDownRepairException" time="4.779"/>
  <system-out/>
  <testcase classname="fieldServiceFormsTest.PositiveRepairExceptionGUITest" name="gUITestDropDownRepairException" time="4.847"/>
  <system-out/>
  <testcase classname="fieldServiceFormsTest.PositiveRepairExceptionGUITest" name="gUITestDropDownRepairException" time="4.460"/>
  <system-out/>
  <testcase classname="fieldServiceFormsTest.PositiveRepairExceptionGUITest" name="gUITestDropDownRepairException" time="4.704"/>
  <system-out/>
  <testcase classname="fieldServiceFormsTest.PositiveRepairExceptionGUITest" name="gUITestDropDownRepairException" time="4.304"/>
  <system-out/>
  <testcase classname="fieldServiceFormsTest.PositiveRepairExceptionGUITest" name="gUITestDropDownRepairException" time="5.397"/>
  <system-out/>
  <testcase classname="fieldServiceFormsTest.PositiveRepairExceptionGUITest" name="gUITestDropDownRepairException" time="4.387"/>
  <system-out/>
  <testcase classname="fieldServiceFormsTest.PositiveRepairExceptionGUITest" name="gUITestDropDownRepairException" time="4.502"/>
  <system-out/>
  <testcase classname="fieldServiceFormsTest.PositiveRepairExceptionGUITest" name="gUITestDropDownRepairException" time="4.443"/>
  <system-out/>
  <testcase classname="fieldServiceFormsTest.PositiveRepairExceptionGUITest" name="gUITestDropDownRepairException" time="4.954"/>
  <system-out/>
  <testcase classname="fieldServiceFormsTest.PositiveRepairExceptionGUITest" name="gUITestDropDownRepairException" time="4.335"/>
  <system-out/>
  <testcase classname="fieldServiceFormsTest.PositiveRepairExceptionGUITest" name="gUITestDropDownRepairException" time="4.369"/>
  <system-out/>
  <testcase classname="fieldServiceFormsTest.PositiveRepairExceptionGUITest" name="gUITestDropDownRepairException" time="4.409"/>
  <system-out/>
  <testcase classname="fieldServiceFormsTest.PositiveRepairExceptionGUITest" name="gUITestDropDownRepairException" time="4.920"/>
  <system-out/>
  <testcase classname="fieldServiceFormsTest.PositiveRepairExceptionGUITest" name="gUITestDropDownRepairException" time="4.424"/>
  <system-out/>
  <testcase classname="fieldServiceFormsTest.PositiveRepairExceptionGUITest" name="gUITestDropDownRepairException" time="4.644"/>
  <system-out/>
  <testcase classname="fieldServiceFormsTest.PositiveRepairExceptionGUITest" name="gUITestDropDownRepairException" time="4.290"/>
  <system-out/>
  <testcase classname="fieldServiceFormsTest.PositiveRepairExceptionGUITest" name="gUITestDropDownRepairException" time="5.298"/>
  <system-out/>
  <testcase classname="fieldServiceFormsTest.PositiveRepairExceptionGUITest" name="gUITestDropDownRepairException" time="4.933"/>
  <system-out/>
  <testcase classname="fieldServiceFormsTest.PositiveRepairExceptionGUITest" name="gUITestDropDownRepairException" time="6.331"/>
  <system-out/>
  <testcase classname="fieldServiceFormsTest.PositiveRepairExceptionGUITest" name="gUITestDropDownRepairException" time="5.117"/>
  <system-out/>
  <testcase classname="fieldServiceFormsTest.PositiveRepairExceptionGUITest" name="gUITestDropDownRepairException" time="4.968"/>
  <system-out/>
  <testcase classname="fieldServiceFormsTest.PositiveRepairExceptionGUITest" name="gUITestDropDownRepairException" time="4.535"/>
  <system-out/>
  <testcase classname="fieldServiceFormsTest.PositiveRepairExceptionGUITest" name="gUITestDropDownRepairException" time="4.817"/>
  <system-out/>
  <testcase classname="fieldServiceFormsTest.PositiveRepairExceptionGUITest" name="gUITestDropDownRepairException" time="4.705"/>
  <system-out/>
  <testcase classname="fieldServiceFormsTest.PositiveRepairExceptionGUITest" name="gUITestDropDownRepairException" time="4.295"/>
  <system-out/>
  <testcase classname="fieldServiceFormsTest.PositiveRepairExceptionGUITest" name="gUITestDropDownRepairException" time="4.414"/>
  <system-out/>
  <testcase classname="fieldServiceFormsTest.PositiveRepairExceptionGUITest" name="gUITestDropDownRepairException" time="4.411"/>
  <system-out/>
  <testcase classname="fieldServiceFormsTest.PositiveRepairExceptionGUITest" name="gUITestDropDownRepairException" time="4.996"/>
  <system-out/>
  <testcase classname="fieldServiceFormsTest.PositiveRepairExceptionGUITest" name="gUITestDropDownRepairException" time="4.291"/>
  <system-out/>
  <testcase classname="fieldServiceFormsTest.PositiveRepairExceptionGUITest" name="gUITestDropDownRepairException" time="4.795"/>
  <system-out/>
  <testcase classname="fieldServiceFormsTest.PositiveRepairExceptionGUITest" name="gUITestDropDownRepairException" time="4.883"/>
  <system-out/>
  <testcase classname="fieldServiceFormsTest.PositiveRepairExceptionGUITest" name="gUITestDropDownRepairException" time="5.519"/>
  <system-out/>
  <testcase classname="fieldServiceFormsTest.PositiveRepairExceptionGUITest" name="gUITestDropDownRepairException" time="4.773"/>
  <system-out/>
  <testcase classname="fieldServiceFormsTest.PositiveRepairExceptionGUITest" name="gUITestDropDownRepairException" time="4.185"/>
  <system-out/>
  <testcase classname="fieldServiceFormsTest.PositiveRepairExceptionGUITest" name="gUITestDropDownRepairException" time="4.722"/>
  <system-out/>
  <testcase classname="fieldServiceFormsTest.PositiveRepairExceptionGUITest" name="gUITestDropDownRepairException" time="4.600"/>
  <system-out/>
  <testcase classname="fieldServiceFormsTest.PositiveRepairExceptionGUITest" name="gUITestDropDownRepairException" time="4.165"/>
  <system-out/>
  <testcase classname="fieldServiceFormsTest.PositiveRepairExceptionGUITest" name="gUITestDropDownRepairException" time="4.252"/>
  <system-out/>
  <testcase classname="fieldServiceFormsTest.PositiveRepairExceptionGUITest" name="gUITestDropDownRepairException" time="4.575"/>
  <system-out/>
  <testcase classname="fieldServiceFormsTest.PositiveRepairExceptionGUITest" name="gUITestDropDownRepairException" time="5.721"/>
  <system-out/>
  <testcase classname="fieldServiceFormsTest.PositiveRepairExceptionGUITest" name="gUITestDropDownRepairException" time="4.369"/>
  <system-out/>
  <testcase classname="fieldServiceFormsTest.PositiveRepairExceptionGUITest" name="gUITestDropDownRepairException" time="4.583"/>
  <system-out/>
  <testcase classname="fieldServiceFormsTest.PositiveRepairExceptionGUITest" name="gUITestDropDownRepairException" time="4.647"/>
  <system-out/>
  <testcase classname="fieldServiceFormsTest.PositiveRepairExceptionGUITest" name="gUITestDropDownRepairException" time="4.387"/>
  <system-out/>
  <testcase classname="fieldServiceFormsTest.PositiveRepairExceptionGUITest" name="gUITestDropDownRepairException" time="4.478"/>
  <system-out/>
  <testcase classname="fieldServiceFormsTest.PositiveRepairExceptionGUITest" name="gUITestDropDownRepairException" time="4.490"/>
  <system-out/>
  <testcase classname="fieldServiceFormsTest.PositiveRepairExceptionGUITest" name="gUITestDropDownRepairException" time="5.051"/>
  <system-out/>
  <testcase classname="fieldServiceFormsTest.PositiveRepairExceptionGUITest" name="gUITestDropDownRepairException" time="5.444"/>
  <system-out/>
  <testcase classname="fieldServiceFormsTest.PositiveRepairExceptionGUITest" name="gUITestDropDownRepairException" time="4.479"/>
  <system-out/>
  <testcase classname="fieldServiceFormsTest.PositiveRepairExceptionGUITest" name="gUITestDropDownRepairException" time="4.742"/>
  <system-out/>
  <testcase classname="fieldServiceFormsTest.PositiveRepairExceptionGUITest" name="gUITestDropDownRepairException" time="4.681"/>
  <system-out/>
  <testcase classname="fieldServiceFormsTest.PositiveRepairExceptionGUITest" name="gUITestDropDownRepairException" time="4.227"/>
  <system-out/>
  <testcase classname="fieldServiceFormsTest.PositiveRepairExceptionGUITest" name="gUITestDropDownRepairException" time="4.506"/>
  <system-out/>
  <testcase classname="fieldServiceFormsTest.PositiveRepairExceptionGUITest" name="gUITestDropDownRepairException" time="4.443"/>
  <system-out/>
  <testcase classname="fieldServiceFormsTest.PositiveRepairExceptionGUITest" name="gUITestDropDownRepairException" time="4.330"/>
  <system-out/>
  <testcase classname="fieldServiceFormsTest.PositiveRepairExceptionGUITest" name="gUITestDropDownRepairException" time="4.305"/>
  <system-out/>
  <testcase classname="fieldServiceFormsTest.PositiveRepairExceptionGUITest" name="gUITestDropDownRepairException" time="4.664"/>
  <system-out/>
  <testcase classname="fieldServiceFormsTest.PositiveRepairExceptionGUITest" name="gUITestDropDownRepairException" time="4.504"/>
  <system-out/>
  <testcase classname="fieldServiceFormsTest.PositiveRepairExceptionGUITest" name="gUITestDropDownRepairException" time="4.506"/>
  <system-out/>
  <testcase classname="fieldServiceFormsTest.PositiveRepairExceptionGUITest" name="gUITestDropDownRepairException" time="4.527"/>
  <system-out/>
  <testcase classname="fieldServiceFormsTest.PositiveRepairExceptionGUITest" name="gUITestDropDownRepairException" time="4.904"/>
  <system-out/>
  <testcase classname="fieldServiceFormsTest.PositiveRepairExceptionGUITest" name="gUITestDropDownRepairException" time="4.779"/>
  <system-out/>
  <testcase classname="fieldServiceFormsTest.PositiveRepairExceptionGUITest" name="gUITestDropDownRepairException" time="4.411"/>
  <system-out/>
  <testcase classname="fieldServiceFormsTest.PositiveRepairExceptionGUITest" name="gUITestDropDownRepairException" time="5.184"/>
  <system-out/>
  <testcase classname="fieldServiceFormsTest.PositiveRepairExceptionGUITest" name="gUITestDropDownRepairException" time="4.973"/>
  <system-out/>
  <testcase classname="fieldServiceFormsTest.PositiveRepairExceptionGUITest" name="gUITestDropDownRepairException" time="4.409"/>
  <system-out/>
  <testcase classname="fieldServiceFormsTest.PositiveRepairExceptionGUITest" name="gUITestDropDownRepairException" time="4.360"/>
  <system-out/>
  <testcase classname="fieldServiceFormsTest.PositiveRepairExceptionGUITest" name="gUITestDropDownRepairException" time="6.527"/>
  <system-out/>
  <testcase classname="fieldServiceFormsTest.PositiveRepairExceptionGUITest" name="gUITestDropDownRepairException" time="4.394"/>
  <system-out/>
  <testcase classname="fieldServiceFormsTest.PositiveRepairExceptionGUITest" name="gUITestDropDownRepairException" time="5.056"/>
  <system-out/>
  <testcase classname="fieldServiceFormsTest.PositiveRepairExceptionGUITest" name="gUITestDropDownRepairException" time="4.819"/>
  <system-out/>
  <testcase classname="fieldServiceFormsTest.PositiveRepairExceptionGUITest" name="gUITestDropDownRepairException" time="53.253">
    <error message="no such element: Unable to locate element: {&quot;method&quot;:&quot;css selector&quot;,&quot;selector&quot;:&quot;#repairException&quot;}
  (Session info: chrome=109.0.5414.75)
For documentation on this error, please visit: https://selenium.dev/exceptions/#no_such_element
Build info: version: &#039;4.3.0&#039;, revision: &#039;a4995e2c09*&#039;
System info: host: &#039;DESKTOP-M729FOC&#039;, ip: &#039;192.168.29.91&#039;, os.name: &#039;Windows 10&#039;, os.arch: &#039;amd64&#039;, os.version: &#039;10.0&#039;, java.version: &#039;11.0.13&#039;
Driver info: org.openqa.selenium.chrome.ChromeDriver
Command: [597a0c430c70878c24edba044d404178, findElement {using=id, value=repairException}]
Capabilities {acceptInsecureCerts: false, browserName: chrome, browserVersion: 109.0.5414.75, chrome: {chromedriverVersion: 109.0.5414.74 (e7c5703604da..., userDataDir: C:\Users\DELL\AppData\Local...}, goog:chromeOptions: {debuggerAddress: localhost:52569}, networkConnectionEnabled: false, pageLoadStrategy: normal, platformName: WINDOWS, proxy: Proxy(), se:cdp: ws://localhost:52569/devtoo..., se:cdpVersion: 109.0.5414.75, setWindowRect: true, strictFileInteractability: false, timeouts: {implicit: 0, pageLoad: 300000, script: 30000}, unhandledPromptBehavior: dismiss and notify, webauthn:extension:credBlob: true, webauthn:extension:largeBlob: true, webauthn:virtualAuthenticators: true}
Session ID: 597a0c430c70878c24edba044d404178" type="org.openqa.selenium.NoSuchElementException">
      <![CDATA[org.openqa.selenium.NoSuchElementException: no such element: Unable to locate element: {"method":"css selector","selector":"#repairException"}
  (Session info: chrome=109.0.5414.75)
For documentation on this error, please visit: https://selenium.dev/exceptions/#no_such_element
Build info: version: '4.3.0', revision: 'a4995e2c09*'
System info: host: 'DESKTOP-M729FOC', ip: '192.168.29.91', os.name: 'Windows 10', os.arch: 'amd64', os.version: '10.0', java.version: '11.0.13'
Driver info: org.openqa.selenium.chrome.ChromeDriver
Command: [597a0c430c70878c24edba044d404178, findElement {using=id, value=repairException}]
Capabilities {acceptInsecureCerts: false, browserName: chrome, browserVersion: 109.0.5414.75, chrome: {chromedriverVersion: 109.0.5414.74 (e7c5703604da..., userDataDir: C:\Users\DELL\AppData\Local...}, goog:chromeOptions: {debuggerAddress: localhost:52569}, networkConnectionEnabled: false, pageLoadStrategy: normal, platformName: WINDOWS, proxy: Proxy(), se:cdp: ws://localhost:52569/devtoo..., se:cdpVersion: 109.0.5414.75, setWindowRect: true, strictFileInteractability: false, timeouts: {implicit: 0, pageLoad: 300000, script: 30000}, unhandledPromptBehavior: dismiss and notify, webauthn:extension:credBlob: true, webauthn:extension:largeBlob: true, webauthn:virtualAuthenticators: true}
Session ID: 597a0c430c70878c24edba044d404178
at java.base/jdk.internal.reflect.NativeConstructorAccessorImpl.newInstance0(Native Method)
at java.base/jdk.internal.reflect.NativeConstructorAccessorImpl.newInstance(NativeConstructorAccessorImpl.java:62)
at java.base/jdk.internal.reflect.DelegatingConstructorAccessorImpl.newInstance(DelegatingConstructorAccessorImpl.java:45)
at java.base/java.lang.reflect.Constructor.newInstance(Constructor.java:490)
at org.openqa.selenium.remote.codec.w3c.W3CHttpResponseCodec.createException(W3CHttpResponseCodec.java:200)
at org.openqa.selenium.remote.codec.w3c.W3CHttpResponseCodec.decode(W3CHttpResponseCodec.java:133)
at org.openqa.selenium.remote.codec.w3c.W3CHttpResponseCodec.decode(W3CHttpResponseCodec.java:53)
at org.openqa.selenium.remote.HttpCommandExecutor.execute(HttpCommandExecutor.java:184)
at org.openqa.selenium.remote.service.DriverCommandExecutor.invokeExecute(DriverCommandExecutor.java:167)
at org.openqa.selenium.remote.service.DriverCommandExecutor.execute(DriverCommandExecutor.java:142)
at org.openqa.selenium.remote.RemoteWebDriver.execute(RemoteWebDriver.java:569)
at org.openqa.selenium.remote.ElementLocation$ElementFinder$2.findElement(ElementLocation.java:162)
at org.openqa.selenium.remote.ElementLocation.findElement(ElementLocation.java:60)
at org.openqa.selenium.remote.RemoteWebDriver.findElement(RemoteWebDriver.java:387)
at org.openqa.selenium.remote.RemoteWebDriver.findElement(RemoteWebDriver.java:379)
at pageobjects.RepairLocatorsGUI.repairException(RepairLocatorsGUI.java:81)
at fieldServiceFormsTest.PositiveRepairExceptionGUITest.gUITestDropDownRepairException(PositiveRepairExceptionGUITest.java:95)
at jdk.internal.reflect.GeneratedMethodAccessor4.invoke(Unknown Source)
at java.base/jdk.internal.reflect.DelegatingMethodAccessorImpl.invoke(DelegatingMethodAccessorImpl.java:43)
at java.base/java.lang.reflect.Method.invoke(Method.java:566)
at org.testng.internal.MethodInvocationHelper.invokeMethod(MethodInvocationHelper.java:133)
at org.testng.internal.TestInvoker.invokeMethod(TestInvoker.java:598)
at org.testng.internal.TestInvoker.invokeTestMethod(TestInvoker.java:173)
at org.testng.internal.MethodRunner.runInSequence(MethodRunner.java:46)
at org.testng.internal.TestInvoker$MethodInvocationAgent.invoke(TestInvoker.java:824)
at org.testng.internal.TestInvoker.invokeTestMethods(TestInvoker.java:146)
at org.testng.internal.TestMethodWorker.invokeTestMethods(TestMethodWorker.java:146)
at org.testng.internal.TestMethodWorker.run(TestMethodWorker.java:128)
at java.base/java.util.ArrayList.forEach(ArrayList.java:1541)
at org.testng.TestRunner.privateRun(TestRunner.java:794)
at org.testng.TestRunner.run(TestRunner.java:596)
at org.testng.SuiteRunner.runTest(SuiteRunner.java:377)
at org.testng.SuiteRunner.runSequentially(SuiteRunner.java:371)
at org.testng.SuiteRunner.privateRun(SuiteRunner.java:332)
at org.testng.SuiteRunner.run(SuiteRunner.java:276)
at org.testng.SuiteRunnerWorker.runSuite(SuiteRunnerWorker.java:53)
at org.testng.SuiteRunnerWorker.run(SuiteRunnerWorker.java:96)
at org.testng.TestNG.runSuitesSequentially(TestNG.java:1212)
at org.testng.TestNG.runSuitesLocally(TestNG.java:1134)
at org.testng.TestNG.runSuites(TestNG.java:1063)
at org.testng.TestNG.run(TestNG.java:1031)
at org.testng.remote.AbstractRemoteTestNG.run(AbstractRemoteTestNG.java:115)
at org.testng.remote.RemoteTestNG.initAndRun(RemoteTestNG.java:251)
at org.testng.remote.RemoteTestNG.main(RemoteTestNG.java:77)
]]>
    </error>
  </testcase> <!-- gUITestDropDownRepairException -->
  <system-out/>
  <testcase classname="fieldServiceFormsTest.PositiveRepairExceptionGUITest" name="gUITestDropDownRepairException" time="4.439"/>
  <system-out/>
  <testcase classname="fieldServiceFormsTest.PositiveRepairExceptionGUITest" name="gUITestDropDownRepairException" time="4.239"/>
  <system-out/>
  <testcase classname="fieldServiceFormsTest.PositiveRepairExceptionGUITest" name="gUITestDropDownRepairException" time="4.906"/>
  <system-out/>
  <testcase classname="fieldServiceFormsTest.PositiveRepairExceptionGUITest" name="gUITestDropDownRepairException" time="4.457"/>
  <system-out/>
  <testcase classname="fieldServiceFormsTest.PositiveRepairExceptionGUITest" name="gUITestDropDownRepairException" time="4.908"/>
  <system-out/>
  <testcase classname="fieldServiceFormsTest.PositiveRepairExceptionGUITest" name="gUITestDropDownRepairException" time="5.215"/>
  <system-out/>
  <testcase classname="fieldServiceFormsTest.PositiveRepairExceptionGUITest" name="gUITestDropDownRepairException" time="5.111"/>
  <system-out/>
  <testcase classname="fieldServiceFormsTest.PositiveRepairExceptionGUITest" name="gUITestDropDownRepairException" time="4.864"/>
  <system-out/>
  <testcase classname="fieldServiceFormsTest.PositiveRepairExceptionGUITest" name="gUITestDropDownRepairException" time="5.013"/>
  <system-out/>
  <testcase classname="fieldServiceFormsTest.PositiveRepairExceptionGUITest" name="gUITestDropDownRepairException" time="4.656"/>
  <system-out/>
  <testcase classname="fieldServiceFormsTest.PositiveRepairExceptionGUITest" name="gUITestDropDownRepairException" time="4.415"/>
  <system-out/>
  <testcase classname="fieldServiceFormsTest.PositiveRepairExceptionGUITest" name="gUITestDropDownRepairException" time="4.437"/>
  <system-out/>
  <testcase classname="fieldServiceFormsTest.PositiveRepairExceptionGUITest" name="gUITestDropDownRepairException" time="4.846"/>
  <system-out/>
  <testcase classname="fieldServiceFormsTest.PositiveRepairExceptionGUITest" name="gUITestDropDownRepairException" time="4.503"/>
  <system-out/>
  <testcase classname="fieldServiceFormsTest.PositiveRepairExceptionGUITest" name="gUITestDropDownRepairException" time="4.920"/>
  <system-out/>
  <testcase classname="fieldServiceFormsTest.PositiveRepairExceptionGUITest" name="gUITestDropDownRepairException" time="4.468"/>
  <system-out/>
  <testcase classname="fieldServiceFormsTest.PositiveRepairExceptionGUITest" name="gUITestDropDownRepairException" time="4.445"/>
  <system-out/>
  <testcase classname="fieldServiceFormsTest.PositiveRepairExceptionGUITest" name="gUITestDropDownRepairException" time="4.412"/>
  <system-out/>
  <testcase classname="fieldServiceFormsTest.PositiveRepairExceptionGUITest" name="gUITestDropDownRepairException" time="5.007"/>
  <system-out/>
  <testcase classname="fieldServiceFormsTest.PositiveRepairExceptionGUITest" name="gUITestDropDownRepairException" time="4.865"/>
  <system-out/>
  <testcase classname="fieldServiceFormsTest.PositiveRepairExceptionGUITest" name="gUITestDropDownRepairException" time="4.761"/>
  <system-out/>
  <testcase classname="fieldServiceFormsTest.PositiveRepairExceptionGUITest" name="gUITestDropDownRepairException" time="5.238"/>
  <system-out/>
  <testcase classname="fieldServiceFormsTest.PositiveRepairExceptionGUITest" name="gUITestDropDownRepairException" time="4.438"/>
  <system-out/>
  <testcase classname="fieldServiceFormsTest.PositiveRepairExceptionGUITest" name="gUITestDropDownRepairException" time="4.204"/>
  <system-out/>
  <testcase classname="fieldServiceFormsTest.PositiveRepairExceptionGUITest" name="gUITestDropDownRepairException" time="4.856"/>
  <system-out/>
  <testcase classname="fieldServiceFormsTest.PositiveRepairExceptionGUITest" name="gUITestDropDownRepairException" time="5.002"/>
  <system-out/>
  <testcase classname="fieldServiceFormsTest.PositiveRepairExceptionGUITest" name="gUITestDropDownRepairException" time="4.773"/>
  <system-out/>
  <testcase classname="fieldServiceFormsTest.PositiveRepairExceptionGUITest" name="gUITestDropDownRepairException" time="4.800"/>
  <system-out/>
  <testcase classname="fieldServiceFormsTest.PositiveRepairExceptionGUITest" name="gUITestDropDownRepairException" time="5.358"/>
  <system-out/>
  <testcase classname="fieldServiceFormsTest.PositiveRepairExceptionGUITest" name="gUITestDropDownRepairException" time="4.990"/>
  <system-out/>
  <testcase classname="fieldServiceFormsTest.PositiveRepairExceptionGUITest" name="gUITestDropDownRepairException" time="5.045"/>
  <system-out/>
  <testcase classname="fieldServiceFormsTest.PositiveRepairExceptionGUITest" name="gUITestDropDownRepairException" time="4.251"/>
  <system-out/>
  <testcase classname="fieldServiceFormsTest.PositiveRepairExceptionGUITest" name="gUITestDropDownRepairException" time="5.248"/>
  <system-out/>
  <testcase classname="fieldServiceFormsTest.PositiveRepairExceptionGUITest" name="gUITestDropDownRepairException" time="4.925"/>
  <system-out/>
  <testcase classname="fieldServiceFormsTest.PositiveRepairExceptionGUITest" name="gUITestDropDownRepairException" time="5.031"/>
  <system-out/>
  <testcase classname="fieldServiceFormsTest.PositiveRepairExceptionGUITest" name="gUITestDropDownRepairException" time="4.410"/>
  <system-out/>
  <testcase classname="fieldServiceFormsTest.PositiveRepairExceptionGUITest" name="gUITestDropDownRepairException" time="4.506"/>
  <system-out/>
  <testcase classname="fieldServiceFormsTest.PositiveRepairExceptionGUITest" name="gUITestDropDownRepairException" time="5.177"/>
  <system-out/>
  <testcase classname="fieldServiceFormsTest.PositiveRepairExceptionGUITest" name="gUITestDropDownRepairException" time="4.364"/>
  <system-out/>
  <testcase classname="fieldServiceFormsTest.PositiveRepairExceptionGUITest" name="gUITestDropDownRepairException" time="4.205"/>
  <system-out/>
  <testcase classname="fieldServiceFormsTest.PositiveRepairExceptionGUITest" name="gUITestDropDownRepairException" time="4.747"/>
  <system-out/>
  <testcase classname="fieldServiceFormsTest.PositiveRepairExceptionGUITest" name="gUITestDropDownRepairException" time="4.479"/>
  <system-out/>
  <testcase classname="fieldServiceFormsTest.PositiveRepairExceptionGUITest" name="gUITestDropDownRepairException" time="5.245"/>
  <system-out/>
  <testcase classname="fieldServiceFormsTest.PositiveRepairExceptionGUITest" name="gUITestDropDownRepairException" time="5.160"/>
  <system-out/>
  <testcase classname="fieldServiceFormsTest.PositiveRepairExceptionGUITest" name="gUITestDropDownRepairException" time="4.407"/>
  <system-out/>
  <testcase classname="fieldServiceFormsTest.PositiveRepairExceptionGUITest" name="gUITestDropDownRepairException" time="4.675"/>
  <system-out/>
  <testcase classname="fieldServiceFormsTest.PositiveRepairExceptionGUITest" name="gUITestDropDownRepairException" time="4.979"/>
  <system-out/>
  <testcase classname="fieldServiceFormsTest.PositiveRepairExceptionGUITest" name="gUITestDropDownRepairException" time="5.839"/>
  <system-out/>
  <testcase classname="fieldServiceFormsTest.PositiveRepairExceptionGUITest" name="gUITestDropDownRepairException" time="4.538"/>
  <system-out/>
  <testcase classname="fieldServiceFormsTest.PositiveRepairExceptionGUITest" name="gUITestDropDownRepairException" time="4.451"/>
  <system-out/>
  <testcase classname="fieldServiceFormsTest.PositiveRepairExceptionGUITest" name="gUITestDropDownRepairException" time="5.373"/>
  <system-out/>
  <testcase classname="fieldServiceFormsTest.PositiveRepairExceptionGUITest" name="gUITestDropDownRepairException" time="4.389"/>
  <system-out/>
  <testcase classname="fieldServiceFormsTest.PositiveRepairExceptionGUITest" name="gUITestDropDownRepairException" time="4.366"/>
  <system-out/>
  <testcase classname="fieldServiceFormsTest.PositiveRepairExceptionGUITest" name="gUITestDropDownRepairException" time="5.068"/>
  <system-out/>
  <testcase classname="fieldServiceFormsTest.PositiveRepairExceptionGUITest" name="gUITestDropDownRepairException" time="4.950"/>
  <system-out/>
  <testcase classname="fieldServiceFormsTest.PositiveRepairExceptionGUITest" name="gUITestDropDownRepairException" time="4.618"/>
  <system-out/>
  <testcase classname="fieldServiceFormsTest.PositiveRepairExceptionGUITest" name="gUITestDropDownRepairException" time="4.514"/>
  <system-out/>
  <testcase classname="fieldServiceFormsTest.PositiveRepairExceptionGUITest" name="gUITestDropDownRepairException" time="4.796"/>
  <system-out/>
  <testcase classname="fieldServiceFormsTest.PositiveRepairExceptionGUITest" name="gUITestDropDownRepairException" time="4.306"/>
  <system-out/>
  <testcase classname="fieldServiceFormsTest.PositiveRepairExceptionGUITest" name="gUITestDropDownRepairException" time="5.410"/>
  <system-out/>
  <testcase classname="fieldServiceFormsTest.PositiveRepairExceptionGUITest" name="gUITestDropDownRepairException" time="4.461"/>
  <system-out/>
  <testcase classname="fieldServiceFormsTest.PositiveRepairExceptionGUITest" name="gUITestDropDownRepairException" time="4.585"/>
  <system-out/>
  <testcase classname="fieldServiceFormsTest.PositiveRepairExceptionGUITest" name="gUITestDropDownRepairException" time="4.623"/>
  <system-out/>
  <testcase classname="fieldServiceFormsTest.PositiveRepairExceptionGUITest" name="gUITestDropDownRepairException" time="4.320"/>
  <system-out/>
  <testcase classname="fieldServiceFormsTest.PositiveRepairExceptionGUITest" name="gUITestDropDownRepairException" time="4.810"/>
  <system-out/>
  <testcase classname="fieldServiceFormsTest.PositiveRepairExceptionGUITest" name="gUITestDropDownRepairException" time="4.835"/>
  <system-out/>
  <testcase classname="fieldServiceFormsTest.PositiveRepairExceptionGUITest" name="gUITestDropDownRepairException" time="4.944"/>
  <system-out/>
  <testcase classname="fieldServiceFormsTest.PositiveRepairExceptionGUITest" name="gUITestDropDownRepairException" time="4.274"/>
  <system-out/>
  <testcase classname="fieldServiceFormsTest.PositiveRepairExceptionGUITest" name="gUITestDropDownRepairException" time="4.532"/>
  <system-out/>
  <testcase classname="fieldServiceFormsTest.PositiveRepairExceptionGUITest" name="gUITestDropDownRepairException" time="5.018"/>
  <system-out/>
  <testcase classname="fieldServiceFormsTest.PositiveRepairExceptionGUITest" name="gUITestDropDownRepairException" time="6.121"/>
  <system-out/>
  <testcase classname="fieldServiceFormsTest.PositiveRepairExceptionGUITest" name="gUITestDropDownRepairException" time="4.280"/>
  <system-out/>
  <testcase classname="fieldServiceFormsTest.PositiveRepairExceptionGUITest" name="gUITestDropDownRepairException" time="4.732"/>
  <system-out/>
  <testcase classname="fieldServiceFormsTest.PositiveRepairExceptionGUITest" name="gUITestDropDownRepairException" time="4.303"/>
  <system-out/>
  <testcase classname="fieldServiceFormsTest.PositiveRepairExceptionGUITest" name="gUITestDropDownRepairException" time="4.391"/>
  <system-out/>
  <testcase classname="fieldServiceFormsTest.PositiveRepairExceptionGUITest" name="gUITestDropDownRepairException" time="4.316"/>
  <system-out/>
  <testcase classname="fieldServiceFormsTest.PositiveRepairExceptionGUITest" name="gUITestDropDownRepairException" time="4.487"/>
  <system-out/>
  <testcase classname="fieldServiceFormsTest.PositiveRepairExceptionGUITest" name="gUITestDropDownRepairException" time="4.219"/>
  <system-out/>
  <testcase classname="fieldServiceFormsTest.PositiveRepairExceptionGUITest" name="gUITestDropDownRepairException" time="4.643"/>
  <system-out/>
  <testcase classname="fieldServiceFormsTest.PositiveRepairExceptionGUITest" name="gUITestDropDownRepairException" time="5.004"/>
  <system-out/>
  <testcase classname="fieldServiceFormsTest.PositiveRepairExceptionGUITest" name="gUITestDropDownRepairException" time="4.870"/>
  <system-out/>
  <testcase classname="fieldServiceFormsTest.PositiveRepairExceptionGUITest" name="gUITestDropDownRepairException" time="4.220"/>
  <system-out/>
  <testcase classname="fieldServiceFormsTest.PositiveRepairExceptionGUITest" name="gUITestDropDownRepairException" time="4.414"/>
  <system-out/>
  <testcase classname="fieldServiceFormsTest.PositiveRepairExceptionGUITest" name="gUITestDropDownRepairException" time="4.323"/>
  <system-out/>
  <testcase classname="fieldServiceFormsTest.PositiveRepairExceptionGUITest" name="gUITestDropDownRepairException" time="4.180"/>
  <system-out/>
  <testcase classname="fieldServiceFormsTest.PositiveRepairExceptionGUITest" name="gUITestDropDownRepairException" time="4.698"/>
  <system-out/>
  <testcase classname="fieldServiceFormsTest.PositiveRepairExceptionGUITest" name="gUITestDropDownRepairException" time="4.869"/>
  <system-out/>
  <testcase classname="fieldServiceFormsTest.PositiveRepairExceptionGUITest" name="gUITestDropDownRepairException" time="5.154"/>
  <system-out/>
  <testcase classname="fieldServiceFormsTest.PositiveRepairExceptionGUITest" name="gUITestDropDownRepairException" time="4.444"/>
  <system-out/>
  <testcase classname="fieldServiceFormsTest.PositiveRepairExceptionGUITest" name="gUITestDropDownRepairException" time="4.831"/>
  <system-out/>
  <testcase classname="fieldServiceFormsTest.PositiveRepairExceptionGUITest" name="gUITestDropDownRepairException" time="4.906"/>
  <system-out/>
  <testcase classname="fieldServiceFormsTest.PositiveRepairExceptionGUITest" name="gUITestDropDownRepairException" time="4.194"/>
  <system-out/>
  <testcase classname="fieldServiceFormsTest.PositiveRepairExceptionGUITest" name="gUITestDropDownRepairException" time="4.230"/>
  <system-out/>
  <testcase classname="fieldServiceFormsTest.PositiveRepairExceptionGUITest" name="gUITestDropDownRepairException" time="4.826"/>
  <system-out/>
  <testcase classname="fieldServiceFormsTest.PositiveRepairExceptionGUITest" name="gUITestDropDownRepairException" time="4.944"/>
  <system-out/>
  <testcase classname="fieldServiceFormsTest.PositiveRepairExceptionGUITest" name="gUITestDropDownRepairException" time="4.290"/>
  <system-out/>
  <testcase classname="fieldServiceFormsTest.PositiveRepairExceptionGUITest" name="gUITestDropDownRepairException" time="5.176"/>
  <system-out/>
  <testcase classname="fieldServiceFormsTest.PositiveRepairExceptionGUITest" name="gUITestDropDownRepairException" time="5.244"/>
  <system-out/>
  <testcase classname="fieldServiceFormsTest.PositiveRepairExceptionGUITest" name="gUITestDropDownRepairException" time="5.599"/>
  <system-out/>
  <testcase classname="fieldServiceFormsTest.PositiveRepairExceptionGUITest" name="gUITestDropDownRepairException" time="4.687"/>
  <system-out/>
  <testcase classname="fieldServiceFormsTest.PositiveRepairExceptionGUITest" name="gUITestDropDownRepairException" time="4.996"/>
  <system-out/>
  <testcase classname="fieldServiceFormsTest.PositiveRepairExceptionGUITest" name="gUITestDropDownRepairException" time="4.717"/>
  <system-out/>
  <testcase classname="fieldServiceFormsTest.PositiveRepairExceptionGUITest" name="gUITestDropDownRepairException" time="4.627"/>
  <system-out/>
  <testcase classname="fieldServiceFormsTest.PositiveRepairExceptionGUITest" name="gUITestDropDownRepairException" time="4.943"/>
  <system-out/>
  <testcase classname="fieldServiceFormsTest.PositiveRepairExceptionGUITest" name="gUITestDropDownRepairException" time="4.425"/>
  <system-out/>
  <testcase classname="fieldServiceFormsTest.PositiveRepairExceptionGUITest" name="gUITestDropDownRepairException" time="4.389"/>
  <system-out/>
  <testcase classname="fieldServiceFormsTest.PositiveRepairExceptionGUITest" name="gUITestDropDownRepairException" time="4.585"/>
  <system-out/>
  <testcase classname="fieldServiceFormsTest.PositiveRepairExceptionGUITest" name="gUITestDropDownRepairException" time="4.516"/>
  <system-out/>
  <testcase classname="fieldServiceFormsTest.PositiveRepairExceptionGUITest" name="gUITestDropDownRepairException" time="4.848"/>
  <system-out/>
  <testcase classname="fieldServiceFormsTest.PositiveRepairExceptionGUITest" name="gUITestDropDownRepairException" time="4.314"/>
  <system-out/>
  <testcase classname="fieldServiceFormsTest.PositiveRepairExceptionGUITest" name="gUITestDropDownRepairException" time="4.937"/>
  <system-out/>
  <testcase classname="fieldServiceFormsTest.PositiveRepairExceptionGUITest" name="gUITestDropDownRepairException" time="5.198"/>
  <system-out/>
  <testcase classname="fieldServiceFormsTest.PositiveRepairExceptionGUITest" name="gUITestDropDownRepairException" time="4.433"/>
  <system-out/>
  <testcase classname="fieldServiceFormsTest.PositiveRepairExceptionGUITest" name="gUITestDropDownRepairException" time="5.653"/>
  <system-out/>
  <testcase classname="fieldServiceFormsTest.PositiveRepairExceptionGUITest" name="gUITestDropDownRepairException" time="5.003"/>
  <system-out/>
  <testcase classname="fieldServiceFormsTest.PositiveRepairExceptionGUITest" name="gUITestDropDownRepairException" time="4.508"/>
  <system-out/>
  <testcase classname="fieldServiceFormsTest.PositiveRepairExceptionGUITest" name="gUITestDropDownRepairException" time="4.977"/>
  <system-out/>
  <testcase classname="fieldServiceFormsTest.PositiveRepairExceptionGUITest" name="gUITestDropDownRepairException" time="4.305"/>
  <system-out/>
  <testcase classname="fieldServiceFormsTest.PositiveRepairExceptionGUITest" name="gUITestDropDownRepairException" time="4.369"/>
  <system-out/>
  <testcase classname="fieldServiceFormsTest.PositiveRepairExceptionGUITest" name="gUITestDropDownRepairException" time="5.335"/>
  <system-out/>
  <testcase classname="fieldServiceFormsTest.PositiveRepairExceptionGUITest" name="gUITestDropDownRepairException" time="53.189">
    <error message="no such element: Unable to locate element: {&quot;method&quot;:&quot;css selector&quot;,&quot;selector&quot;:&quot;#repairException&quot;}
  (Session info: chrome=109.0.5414.75)
For documentation on this error, please visit: https://selenium.dev/exceptions/#no_such_element
Build info: version: &#039;4.3.0&#039;, revision: &#039;a4995e2c09*&#039;
System info: host: &#039;DESKTOP-M729FOC&#039;, ip: &#039;192.168.29.91&#039;, os.name: &#039;Windows 10&#039;, os.arch: &#039;amd64&#039;, os.version: &#039;10.0&#039;, java.version: &#039;11.0.13&#039;
Driver info: org.openqa.selenium.chrome.ChromeDriver
Command: [597a0c430c70878c24edba044d404178, findElement {using=id, value=repairException}]
Capabilities {acceptInsecureCerts: false, browserName: chrome, browserVersion: 109.0.5414.75, chrome: {chromedriverVersion: 109.0.5414.74 (e7c5703604da..., userDataDir: C:\Users\DELL\AppData\Local...}, goog:chromeOptions: {debuggerAddress: localhost:52569}, networkConnectionEnabled: false, pageLoadStrategy: normal, platformName: WINDOWS, proxy: Proxy(), se:cdp: ws://localhost:52569/devtoo..., se:cdpVersion: 109.0.5414.75, setWindowRect: true, strictFileInteractability: false, timeouts: {implicit: 0, pageLoad: 300000, script: 30000}, unhandledPromptBehavior: dismiss and notify, webauthn:extension:credBlob: true, webauthn:extension:largeBlob: true, webauthn:virtualAuthenticators: true}
Session ID: 597a0c430c70878c24edba044d404178" type="org.openqa.selenium.NoSuchElementException">
      <![CDATA[org.openqa.selenium.NoSuchElementException: no such element: Unable to locate element: {"method":"css selector","selector":"#repairException"}
  (Session info: chrome=109.0.5414.75)
For documentation on this error, please visit: https://selenium.dev/exceptions/#no_such_element
Build info: version: '4.3.0', revision: 'a4995e2c09*'
System info: host: 'DESKTOP-M729FOC', ip: '192.168.29.91', os.name: 'Windows 10', os.arch: 'amd64', os.version: '10.0', java.version: '11.0.13'
Driver info: org.openqa.selenium.chrome.ChromeDriver
Command: [597a0c430c70878c24edba044d404178, findElement {using=id, value=repairException}]
Capabilities {acceptInsecureCerts: false, browserName: chrome, browserVersion: 109.0.5414.75, chrome: {chromedriverVersion: 109.0.5414.74 (e7c5703604da..., userDataDir: C:\Users\DELL\AppData\Local...}, goog:chromeOptions: {debuggerAddress: localhost:52569}, networkConnectionEnabled: false, pageLoadStrategy: normal, platformName: WINDOWS, proxy: Proxy(), se:cdp: ws://localhost:52569/devtoo..., se:cdpVersion: 109.0.5414.75, setWindowRect: true, strictFileInteractability: false, timeouts: {implicit: 0, pageLoad: 300000, script: 30000}, unhandledPromptBehavior: dismiss and notify, webauthn:extension:credBlob: true, webauthn:extension:largeBlob: true, webauthn:virtualAuthenticators: true}
Session ID: 597a0c430c70878c24edba044d404178
at jdk.internal.reflect.GeneratedConstructorAccessor15.newInstance(Unknown Source)
at java.base/jdk.internal.reflect.DelegatingConstructorAccessorImpl.newInstance(DelegatingConstructorAccessorImpl.java:45)
at java.base/java.lang.reflect.Constructor.newInstance(Constructor.java:490)
at org.openqa.selenium.remote.codec.w3c.W3CHttpResponseCodec.createException(W3CHttpResponseCodec.java:200)
at org.openqa.selenium.remote.codec.w3c.W3CHttpResponseCodec.decode(W3CHttpResponseCodec.java:133)
at org.openqa.selenium.remote.codec.w3c.W3CHttpResponseCodec.decode(W3CHttpResponseCodec.java:53)
at org.openqa.selenium.remote.HttpCommandExecutor.execute(HttpCommandExecutor.java:184)
at org.openqa.selenium.remote.service.DriverCommandExecutor.invokeExecute(DriverCommandExecutor.java:167)
at org.openqa.selenium.remote.service.DriverCommandExecutor.execute(DriverCommandExecutor.java:142)
at org.openqa.selenium.remote.RemoteWebDriver.execute(RemoteWebDriver.java:569)
at org.openqa.selenium.remote.ElementLocation$ElementFinder$2.findElement(ElementLocation.java:162)
at org.openqa.selenium.remote.ElementLocation.findElement(ElementLocation.java:60)
at org.openqa.selenium.remote.RemoteWebDriver.findElement(RemoteWebDriver.java:387)
at org.openqa.selenium.remote.RemoteWebDriver.findElement(RemoteWebDriver.java:379)
at pageobjects.RepairLocatorsGUI.repairException(RepairLocatorsGUI.java:81)
at fieldServiceFormsTest.PositiveRepairExceptionGUITest.gUITestDropDownRepairException(PositiveRepairExceptionGUITest.java:95)
at jdk.internal.reflect.GeneratedMethodAccessor4.invoke(Unknown Source)
at java.base/jdk.internal.reflect.DelegatingMethodAccessorImpl.invoke(DelegatingMethodAccessorImpl.java:43)
at java.base/java.lang.reflect.Method.invoke(Method.java:566)
at org.testng.internal.MethodInvocationHelper.invokeMethod(MethodInvocationHelper.java:133)
at org.testng.internal.TestInvoker.invokeMethod(TestInvoker.java:598)
at org.testng.internal.TestInvoker.invokeTestMethod(TestInvoker.java:173)
at org.testng.internal.MethodRunner.runInSequence(MethodRunner.java:46)
at org.testng.internal.TestInvoker$MethodInvocationAgent.invoke(TestInvoker.java:824)
at org.testng.internal.TestInvoker.invokeTestMethods(TestInvoker.java:146)
at org.testng.internal.TestMethodWorker.invokeTestMethods(TestMethodWorker.java:146)
at org.testng.internal.TestMethodWorker.run(TestMethodWorker.java:128)
at java.base/java.util.ArrayList.forEach(ArrayList.java:1541)
at org.testng.TestRunner.privateRun(TestRunner.java:794)
at org.testng.TestRunner.run(TestRunner.java:596)
at org.testng.SuiteRunner.runTest(SuiteRunner.java:377)
at org.testng.SuiteRunner.runSequentially(SuiteRunner.java:371)
at org.testng.SuiteRunner.privateRun(SuiteRunner.java:332)
at org.testng.SuiteRunner.run(SuiteRunner.java:276)
at org.testng.SuiteRunnerWorker.runSuite(SuiteRunnerWorker.java:53)
at org.testng.SuiteRunnerWorker.run(SuiteRunnerWorker.java:96)
at org.testng.TestNG.runSuitesSequentially(TestNG.java:1212)
at org.testng.TestNG.runSuitesLocally(TestNG.java:1134)
at org.testng.TestNG.runSuites(TestNG.java:1063)
at org.testng.TestNG.run(TestNG.java:1031)
at org.testng.remote.AbstractRemoteTestNG.run(AbstractRemoteTestNG.java:115)
at org.testng.remote.RemoteTestNG.initAndRun(RemoteTestNG.java:251)
at org.testng.remote.RemoteTestNG.main(RemoteTestNG.java:77)
]]>
    </error>
  </testcase> <!-- gUITestDropDownRepairException -->
  <system-out/>
  <testcase classname="fieldServiceFormsTest.PositiveRepairExceptionGUITest" name="gUITestDropDownRepairException" time="4.681"/>
  <system-out/>
  <testcase classname="fieldServiceFormsTest.PositiveRepairExceptionGUITest" name="gUITestDropDownRepairException" time="4.603"/>
  <system-out/>
  <testcase classname="fieldServiceFormsTest.PositiveRepairExceptionGUITest" name="gUITestDropDownRepairException" time="4.807"/>
  <system-out/>
  <testcase classname="fieldServiceFormsTest.PositiveRepairExceptionGUITest" name="gUITestDropDownRepairException" time="4.841"/>
  <system-out/>
  <testcase classname="fieldServiceFormsTest.PositiveRepairExceptionGUITest" name="gUITestDropDownRepairException" time="4.307"/>
  <system-out/>
  <testcase classname="fieldServiceFormsTest.PositiveRepairExceptionGUITest" name="gUITestDropDownRepairException" time="5.853"/>
  <system-out/>
  <testcase classname="fieldServiceFormsTest.PositiveRepairExceptionGUITest" name="gUITestDropDownRepairException" time="4.901"/>
  <system-out/>
  <testcase classname="fieldServiceFormsTest.PositiveRepairExceptionGUITest" name="gUITestDropDownRepairException" time="5.202"/>
  <system-out/>
  <testcase classname="fieldServiceFormsTest.PositiveRepairExceptionGUITest" name="gUITestDropDownRepairException" time="4.194"/>
  <system-out/>
  <testcase classname="fieldServiceFormsTest.PositiveRepairExceptionGUITest" name="gUITestDropDownRepairException" time="4.289"/>
  <system-out/>
  <testcase classname="fieldServiceFormsTest.PositiveRepairExceptionGUITest" name="gUITestDropDownRepairException" time="5.183"/>
  <system-out/>
  <testcase classname="fieldServiceFormsTest.PositiveRepairExceptionGUITest" name="gUITestDropDownRepairException" time="4.403"/>
  <system-out/>
  <testcase classname="fieldServiceFormsTest.PositiveRepairExceptionGUITest" name="gUITestDropDownRepairException" time="4.359"/>
  <system-out/>
  <testcase classname="fieldServiceFormsTest.PositiveRepairExceptionGUITest" name="gUITestDropDownRepairException" time="4.494"/>
  <system-out/>
  <testcase classname="fieldServiceFormsTest.PositiveRepairExceptionGUITest" name="gUITestDropDownRepairException" time="9.332"/>
  <system-out/>
  <testcase classname="fieldServiceFormsTest.PositiveRepairExceptionGUITest" name="gUITestDropDownRepairException" time="4.964"/>
  <system-out/>
  <testcase classname="fieldServiceFormsTest.PositiveRepairExceptionGUITest" name="gUITestDropDownRepairException" time="4.451"/>
  <system-out/>
  <testcase classname="fieldServiceFormsTest.PositiveRepairExceptionGUITest" name="gUITestDropDownRepairException" time="4.633"/>
  <system-out/>
  <testcase classname="fieldServiceFormsTest.PositiveRepairExceptionGUITest" name="gUITestDropDownRepairException" time="4.239"/>
  <system-out/>
  <testcase classname="fieldServiceFormsTest.PositiveRepairExceptionGUITest" name="gUITestDropDownRepairException" time="4.569"/>
  <system-out/>
  <testcase classname="fieldServiceFormsTest.PositiveRepairExceptionGUITest" name="gUITestDropDownRepairException" time="4.938"/>
  <system-out/>
  <testcase classname="fieldServiceFormsTest.PositiveRepairExceptionGUITest" name="gUITestDropDownRepairException" time="4.978"/>
  <system-out/>
  <testcase classname="fieldServiceFormsTest.PositiveRepairExceptionGUITest" name="gUITestDropDownRepairException" time="5.183"/>
  <system-out/>
  <testcase classname="fieldServiceFormsTest.PositiveRepairExceptionGUITest" name="gUITestDropDownRepairException" time="5.064"/>
  <system-out/>
  <testcase classname="fieldServiceFormsTest.PositiveRepairExceptionGUITest" name="gUITestDropDownRepairException" time="5.516"/>
  <system-out/>
  <testcase classname="fieldServiceFormsTest.PositiveRepairExceptionGUITest" name="gUITestDropDownRepairException" time="4.483"/>
  <system-out/>
  <testcase classname="fieldServiceFormsTest.PositiveRepairExceptionGUITest" name="gUITestDropDownRepairException" time="4.883"/>
  <system-out/>
  <testcase classname="fieldServiceFormsTest.PositiveRepairExceptionGUITest" name="gUITestDropDownRepairException" time="4.191"/>
  <system-out/>
  <testcase classname="fieldServiceFormsTest.PositiveRepairExceptionGUITest" name="gUITestDropDownRepairException" time="6.504"/>
  <system-out/>
  <testcase classname="fieldServiceFormsTest.PositiveRepairExceptionGUITest" name="gUITestDropDownRepairException" time="4.413"/>
  <system-out/>
  <testcase classname="fieldServiceFormsTest.PositiveRepairExceptionGUITest" name="gUITestDropDownRepairException" time="4.512"/>
  <system-out/>
  <testcase classname="fieldServiceFormsTest.PositiveRepairExceptionGUITest" name="gUITestDropDownRepairException" time="4.434"/>
  <system-out/>
  <testcase classname="fieldServiceFormsTest.PositiveRepairExceptionGUITest" name="gUITestDropDownRepairException" time="5.466"/>
  <system-out/>
  <testcase classname="fieldServiceFormsTest.PositiveRepairExceptionGUITest" name="gUITestDropDownRepairException" time="4.568"/>
  <system-out/>
  <testcase classname="fieldServiceFormsTest.PositiveRepairExceptionGUITest" name="gUITestDropDownRepairException" time="4.318"/>
  <system-out/>
  <testcase classname="fieldServiceFormsTest.PositiveRepairExceptionGUITest" name="gUITestDropDownRepairException" time="4.289"/>
  <system-out/>
  <testcase classname="fieldServiceFormsTest.PositiveRepairExceptionGUITest" name="gUITestDropDownRepairException" time="4.694"/>
  <system-out/>
  <testcase classname="fieldServiceFormsTest.PositiveRepairExceptionGUITest" name="gUITestDropDownRepairException" time="4.770"/>
  <system-out/>
  <testcase classname="fieldServiceFormsTest.PositiveRepairExceptionGUITest" name="gUITestDropDownRepairException" time="4.546"/>
  <system-out/>
  <testcase classname="fieldServiceFormsTest.PositiveRepairExceptionGUITest" name="gUITestDropDownRepairException" time="4.476"/>
  <system-out/>
  <testcase classname="fieldServiceFormsTest.PositiveRepairExceptionGUITest" name="gUITestDropDownRepairException" time="4.336"/>
  <system-out/>
  <testcase classname="fieldServiceFormsTest.PositiveRepairExceptionGUITest" name="gUITestDropDownRepairException" time="4.306"/>
  <system-out/>
  <testcase classname="fieldServiceFormsTest.PositiveRepairExceptionGUITest" name="gUITestDropDownRepairException" time="5.249"/>
  <system-out/>
  <testcase classname="fieldServiceFormsTest.PositiveRepairExceptionGUITest" name="gUITestDropDownRepairException" time="4.408"/>
  <system-out/>
  <testcase classname="fieldServiceFormsTest.PositiveRepairExceptionGUITest" name="gUITestDropDownRepairException" time="4.338"/>
  <system-out/>
  <testcase classname="fieldServiceFormsTest.PositiveRepairExceptionGUITest" name="gUITestDropDownRepairException" time="4.449"/>
  <system-out/>
  <testcase classname="fieldServiceFormsTest.PositiveRepairExceptionGUITest" name="gUITestDropDownRepairException" time="5.109"/>
  <system-out/>
  <testcase classname="fieldServiceFormsTest.PositiveRepairExceptionGUITest" name="gUITestDropDownRepairException" time="4.408"/>
  <system-out/>
  <testcase classname="fieldServiceFormsTest.PositiveRepairExceptionGUITest" name="gUITestDropDownRepairException" time="5.560"/>
  <system-out/>
  <testcase classname="fieldServiceFormsTest.PositiveRepairExceptionGUITest" name="gUITestDropDownRepairException" time="4.473"/>
  <system-out/>
  <testcase classname="fieldServiceFormsTest.PositiveRepairExceptionGUITest" name="gUITestDropDownRepairException" time="4.374"/>
  <system-out/>
  <testcase classname="fieldServiceFormsTest.PositiveRepairExceptionGUITest" name="gUITestDropDownRepairException" time="4.794"/>
  <system-out/>
  <testcase classname="fieldServiceFormsTest.PositiveRepairExceptionGUITest" name="gUITestDropDownRepairException" time="4.942"/>
  <system-out/>
  <testcase classname="fieldServiceFormsTest.PositiveRepairExceptionGUITest" name="gUITestDropDownRepairException" time="4.675"/>
  <system-out/>
  <testcase classname="fieldServiceFormsTest.PositiveRepairExceptionGUITest" name="gUITestDropDownRepairException" time="4.681"/>
  <system-out/>
  <testcase classname="fieldServiceFormsTest.PositiveRepairExceptionGUITest" name="gUITestDropDownRepairException" time="4.972"/>
  <system-out/>
  <testcase classname="fieldServiceFormsTest.PositiveRepairExceptionGUITest" name="gUITestDropDownRepairException" time="5.177"/>
  <system-out/>
  <testcase classname="fieldServiceFormsTest.PositiveRepairExceptionGUITest" name="gUITestDropDownRepairException" time="5.173"/>
  <system-out/>
  <testcase classname="fieldServiceFormsTest.PositiveRepairExceptionGUITest" name="gUITestDropDownRepairException" time="4.236"/>
  <system-out/>
  <testcase classname="fieldServiceFormsTest.PositiveRepairExceptionGUITest" name="gUITestDropDownRepairException" time="4.887"/>
  <system-out/>
  <testcase classname="fieldServiceFormsTest.PositiveRepairExceptionGUITest" name="gUITestDropDownRepairException" time="4.366"/>
  <system-out/>
  <testcase classname="fieldServiceFormsTest.PositiveRepairExceptionGUITest" name="gUITestDropDownRepairException" time="4.664"/>
  <system-out/>
  <testcase classname="fieldServiceFormsTest.PositiveRepairExceptionGUITest" name="gUITestDropDownRepairException" time="5.393"/>
  <system-out/>
  <testcase classname="fieldServiceFormsTest.PositiveRepairExceptionGUITest" name="gUITestDropDownRepairException" time="4.832"/>
  <system-out/>
  <testcase classname="fieldServiceFormsTest.PositiveRepairExceptionGUITest" name="gUITestDropDownRepairException" time="4.258"/>
  <system-out/>
  <testcase classname="fieldServiceFormsTest.PositiveRepairExceptionGUITest" name="gUITestDropDownRepairException" time="5.891"/>
  <system-out/>
  <testcase classname="fieldServiceFormsTest.PositiveRepairExceptionGUITest" name="gUITestDropDownRepairException" time="4.844"/>
  <system-out/>
  <testcase classname="fieldServiceFormsTest.PositiveRepairExceptionGUITest" name="gUITestDropDownRepairException" time="4.642"/>
  <system-out/>
  <testcase classname="fieldServiceFormsTest.PositiveRepairExceptionGUITest" name="gUITestDropDownRepairException" time="4.215"/>
  <system-out/>
  <testcase classname="fieldServiceFormsTest.PositiveRepairExceptionGUITest" name="gUITestDropDownRepairException" time="4.731"/>
  <system-out/>
  <testcase classname="fieldServiceFormsTest.PositiveRepairExceptionGUITest" name="gUITestDropDownRepairException" time="4.440"/>
  <system-out/>
  <testcase classname="fieldServiceFormsTest.PositiveRepairExceptionGUITest" name="gUITestDropDownRepairException" time="4.224"/>
  <system-out/>
  <testcase classname="fieldServiceFormsTest.PositiveRepairExceptionGUITest" name="gUITestDropDownRepairException" time="4.295"/>
  <system-out/>
  <testcase classname="fieldServiceFormsTest.PositiveRepairExceptionGUITest" name="gUITestDropDownRepairException" time="5.207"/>
  <system-out/>
  <testcase classname="fieldServiceFormsTest.PositiveRepairExceptionGUITest" name="gUITestDropDownRepairException" time="5.097"/>
  <system-out/>
  <testcase classname="fieldServiceFormsTest.PositiveRepairExceptionGUITest" name="gUITestDropDownRepairException" time="4.621"/>
  <system-out/>
  <testcase classname="fieldServiceFormsTest.PositiveRepairExceptionGUITest" name="gUITestDropDownRepairException" time="4.474"/>
  <system-out/>
  <testcase classname="fieldServiceFormsTest.PositiveRepairExceptionGUITest" name="gUITestDropDownRepairException" time="4.335"/>
  <system-out/>
  <testcase classname="fieldServiceFormsTest.PositiveRepairExceptionGUITest" name="gUITestDropDownRepairException" time="4.901"/>
  <system-out/>
  <testcase classname="fieldServiceFormsTest.PositiveRepairExceptionGUITest" name="gUITestDropDownRepairException" time="4.422"/>
  <system-out/>
  <testcase classname="fieldServiceFormsTest.PositiveRepairExceptionGUITest" name="gUITestDropDownRepairException" time="5.063"/>
  <system-out/>
  <testcase classname="fieldServiceFormsTest.PositiveRepairExceptionGUITest" name="gUITestDropDownRepairException" time="4.921"/>
  <system-out/>
  <testcase classname="fieldServiceFormsTest.PositiveRepairExceptionGUITest" name="gUITestDropDownRepairException" time="4.952"/>
  <system-out/>
  <testcase classname="fieldServiceFormsTest.PositiveRepairExceptionGUITest" name="gUITestDropDownRepairException" time="4.339"/>
  <system-out/>
  <testcase classname="fieldServiceFormsTest.PositiveRepairExceptionGUITest" name="gUITestDropDownRepairException" time="4.762"/>
  <system-out/>
  <testcase classname="fieldServiceFormsTest.PositiveRepairExceptionGUITest" name="gUITestDropDownRepairException" time="4.359"/>
  <system-out/>
  <testcase classname="fieldServiceFormsTest.PositiveRepairExceptionGUITest" name="gUITestDropDownRepairException" time="4.586"/>
  <system-out/>
  <testcase classname="fieldServiceFormsTest.PositiveRepairExceptionGUITest" name="gUITestDropDownRepairException" time="4.412"/>
  <system-out/>
  <testcase classname="fieldServiceFormsTest.PositiveRepairExceptionGUITest" name="gUITestDropDownRepairException" time="4.586"/>
  <system-out/>
  <testcase classname="fieldServiceFormsTest.PositiveRepairExceptionGUITest" name="gUITestDropDownRepairException" time="4.915"/>
  <system-out/>
  <testcase classname="fieldServiceFormsTest.PositiveRepairExceptionGUITest" name="gUITestDropDownRepairException" time="4.897"/>
  <system-out/>
  <testcase classname="fieldServiceFormsTest.PositiveRepairExceptionGUITest" name="gUITestDropDownRepairException" time="4.229"/>
  <system-out/>
  <testcase classname="fieldServiceFormsTest.PositiveRepairExceptionGUITest" name="gUITestDropDownRepairException" time="4.415"/>
  <system-out/>
  <testcase classname="fieldServiceFormsTest.PositiveRepairExceptionGUITest" name="gUITestDropDownRepairException" time="4.384"/>
  <system-out/>
  <testcase classname="fieldServiceFormsTest.PositiveRepairExceptionGUITest" name="gUITestDropDownRepairException" time="5.071"/>
  <system-out/>
  <testcase classname="fieldServiceFormsTest.PositiveRepairExceptionGUITest" name="gUITestDropDownRepairException" time="4.308"/>
  <system-out/>
  <testcase classname="fieldServiceFormsTest.PositiveRepairExceptionGUITest" name="gUITestDropDownRepairException" time="4.350"/>
  <system-out/>
  <testcase classname="fieldServiceFormsTest.PositiveRepairExceptionGUITest" name="gUITestDropDownRepairException" time="4.386"/>
  <system-out/>
  <testcase classname="fieldServiceFormsTest.PositiveRepairExceptionGUITest" name="gUITestDropDownRepairException" time="4.996"/>
  <system-out/>
  <testcase classname="fieldServiceFormsTest.PositiveRepairExceptionGUITest" name="gUITestDropDownRepairException" time="4.656"/>
  <system-out/>
  <testcase classname="fieldServiceFormsTest.PositiveRepairExceptionGUITest" name="gUITestDropDownRepairException" time="5.542"/>
  <system-out/>
  <testcase classname="fieldServiceFormsTest.PositiveRepairExceptionGUITest" name="gUITestDropDownRepairException" time="4.415"/>
  <system-out/>
  <testcase classname="fieldServiceFormsTest.PositiveRepairExceptionGUITest" name="gUITestDropDownRepairException" time="4.445"/>
  <system-out/>
  <testcase classname="fieldServiceFormsTest.PositiveRepairExceptionGUITest" name="gUITestDropDownRepairException" time="4.589"/>
  <system-out/>
  <testcase classname="fieldServiceFormsTest.PositiveRepairExceptionGUITest" name="gUITestDropDownRepairException" time="4.738"/>
  <system-out/>
  <testcase classname="fieldServiceFormsTest.PositiveRepairExceptionGUITest" name="gUITestDropDownRepairException" time="4.482"/>
  <system-out/>
  <testcase classname="fieldServiceFormsTest.PositiveRepairExceptionGUITest" name="gUITestDropDownRepairException" time="4.521"/>
  <system-out/>
  <testcase classname="fieldServiceFormsTest.PositiveRepairExceptionGUITest" name="gUITestDropDownRepairException" time="5.122"/>
  <system-out/>
  <testcase classname="fieldServiceFormsTest.PositiveRepairExceptionGUITest" name="gUITestDropDownRepairException" time="4.385"/>
  <system-out/>
  <testcase classname="fieldServiceFormsTest.PositiveRepairExceptionGUITest" name="gUITestDropDownRepairException" time="5.022"/>
  <system-out/>
  <testcase classname="fieldServiceFormsTest.PositiveRepairExceptionGUITest" name="gUITestDropDownRepairException" time="5.234"/>
  <system-out/>
  <testcase classname="fieldServiceFormsTest.PositiveRepairExceptionGUITest" name="gUITestDropDownRepairException" time="4.495"/>
  <system-out/>
  <testcase classname="fieldServiceFormsTest.PositiveRepairExceptionGUITest" name="gUITestDropDownRepairException" time="4.614"/>
  <system-out/>
  <testcase classname="fieldServiceFormsTest.PositiveRepairExceptionGUITest" name="gUITestDropDownRepairException" time="5.041"/>
  <system-out/>
  <testcase classname="fieldServiceFormsTest.PositiveRepairExceptionGUITest" name="gUITestDropDownRepairException" time="4.465"/>
  <system-out/>
  <testcase classname="fieldServiceFormsTest.PositiveRepairExceptionGUITest" name="gUITestDropDownRepairException" time="4.817"/>
  <system-out/>
  <testcase classname="fieldServiceFormsTest.PositiveRepairExceptionGUITest" name="gUITestDropDownRepairException" time="4.855"/>
  <system-out/>
  <testcase classname="fieldServiceFormsTest.PositiveRepairExceptionGUITest" name="gUITestDropDownRepairException" time="5.209"/>
  <system-out/>
  <testcase classname="fieldServiceFormsTest.PositiveRepairExceptionGUITest" name="gUITestDropDownRepairException" time="4.389"/>
  <system-out/>
  <testcase classname="fieldServiceFormsTest.PositiveRepairExceptionGUITest" name="gUITestDropDownRepairException" time="4.524"/>
  <system-out/>
  <testcase classname="fieldServiceFormsTest.PositiveRepairExceptionGUITest" name="gUITestDropDownRepairException" time="5.842"/>
  <system-out/>
  <testcase classname="fieldServiceFormsTest.PositiveRepairExceptionGUITest" name="gUITestDropDownRepairException" time="4.396"/>
  <system-out/>
  <testcase classname="fieldServiceFormsTest.PositiveRepairExceptionGUITest" name="gUITestDropDownRepairException" time="4.424"/>
  <system-out/>
  <testcase classname="fieldServiceFormsTest.PositiveRepairExceptionGUITest" name="gUITestDropDownRepairException" time="4.812"/>
  <system-out/>
  <testcase classname="fieldServiceFormsTest.PositiveRepairExceptionGUITest" name="gUITestDropDownRepairException" time="4.343"/>
  <system-out/>
  <testcase classname="fieldServiceFormsTest.PositiveRepairExceptionGUITest" name="gUITestDropDownRepairException" time="5.034"/>
  <system-out/>
  <testcase classname="fieldServiceFormsTest.PositiveRepairExceptionGUITest" name="gUITestDropDownRepairException" time="4.459"/>
  <system-out/>
  <testcase classname="fieldServiceFormsTest.PositiveRepairExceptionGUITest" name="gUITestDropDownRepairException" time="4.550"/>
  <system-out/>
  <testcase classname="fieldServiceFormsTest.PositiveRepairExceptionGUITest" name="gUITestDropDownRepairException" time="5.438"/>
  <system-out/>
  <testcase classname="fieldServiceFormsTest.PositiveRepairExceptionGUITest" name="gUITestDropDownRepairException" time="4.362"/>
  <system-out/>
  <testcase classname="fieldServiceFormsTest.PositiveRepairExceptionGUITest" name="gUITestDropDownRepairException" time="4.844"/>
  <system-out/>
  <testcase classname="fieldServiceFormsTest.PositiveRepairExceptionGUITest" name="gUITestDropDownRepairException" time="4.453"/>
  <system-out/>
  <testcase classname="fieldServiceFormsTest.PositiveRepairExceptionGUITest" name="gUITestDropDownRepairException" time="4.452"/>
  <system-out/>
  <testcase classname="fieldServiceFormsTest.PositiveRepairExceptionGUITest" name="gUITestDropDownRepairException" time="4.909"/>
  <system-out/>
  <testcase classname="fieldServiceFormsTest.PositiveRepairExceptionGUITest" name="gUITestDropDownRepairException" time="53.136">
    <error message="no such element: Unable to locate element: {&quot;method&quot;:&quot;css selector&quot;,&quot;selector&quot;:&quot;#repairException&quot;}
  (Session info: chrome=109.0.5414.75)
For documentation on this error, please visit: https://selenium.dev/exceptions/#no_such_element
Build info: version: &#039;4.3.0&#039;, revision: &#039;a4995e2c09*&#039;
System info: host: &#039;DESKTOP-M729FOC&#039;, ip: &#039;192.168.29.91&#039;, os.name: &#039;Windows 10&#039;, os.arch: &#039;amd64&#039;, os.version: &#039;10.0&#039;, java.version: &#039;11.0.13&#039;
Driver info: org.openqa.selenium.chrome.ChromeDriver
Command: [597a0c430c70878c24edba044d404178, findElement {using=id, value=repairException}]
Capabilities {acceptInsecureCerts: false, browserName: chrome, browserVersion: 109.0.5414.75, chrome: {chromedriverVersion: 109.0.5414.74 (e7c5703604da..., userDataDir: C:\Users\DELL\AppData\Local...}, goog:chromeOptions: {debuggerAddress: localhost:52569}, networkConnectionEnabled: false, pageLoadStrategy: normal, platformName: WINDOWS, proxy: Proxy(), se:cdp: ws://localhost:52569/devtoo..., se:cdpVersion: 109.0.5414.75, setWindowRect: true, strictFileInteractability: false, timeouts: {implicit: 0, pageLoad: 300000, script: 30000}, unhandledPromptBehavior: dismiss and notify, webauthn:extension:credBlob: true, webauthn:extension:largeBlob: true, webauthn:virtualAuthenticators: true}
Session ID: 597a0c430c70878c24edba044d404178" type="org.openqa.selenium.NoSuchElementException">
      <![CDATA[org.openqa.selenium.NoSuchElementException: no such element: Unable to locate element: {"method":"css selector","selector":"#repairException"}
  (Session info: chrome=109.0.5414.75)
For documentation on this error, please visit: https://selenium.dev/exceptions/#no_such_element
Build info: version: '4.3.0', revision: 'a4995e2c09*'
System info: host: 'DESKTOP-M729FOC', ip: '192.168.29.91', os.name: 'Windows 10', os.arch: 'amd64', os.version: '10.0', java.version: '11.0.13'
Driver info: org.openqa.selenium.chrome.ChromeDriver
Command: [597a0c430c70878c24edba044d404178, findElement {using=id, value=repairException}]
Capabilities {acceptInsecureCerts: false, browserName: chrome, browserVersion: 109.0.5414.75, chrome: {chromedriverVersion: 109.0.5414.74 (e7c5703604da..., userDataDir: C:\Users\DELL\AppData\Local...}, goog:chromeOptions: {debuggerAddress: localhost:52569}, networkConnectionEnabled: false, pageLoadStrategy: normal, platformName: WINDOWS, proxy: Proxy(), se:cdp: ws://localhost:52569/devtoo..., se:cdpVersion: 109.0.5414.75, setWindowRect: true, strictFileInteractability: false, timeouts: {implicit: 0, pageLoad: 300000, script: 30000}, unhandledPromptBehavior: dismiss and notify, webauthn:extension:credBlob: true, webauthn:extension:largeBlob: true, webauthn:virtualAuthenticators: true}
Session ID: 597a0c430c70878c24edba044d404178
at jdk.internal.reflect.GeneratedConstructorAccessor15.newInstance(Unknown Source)
at java.base/jdk.internal.reflect.DelegatingConstructorAccessorImpl.newInstance(DelegatingConstructorAccessorImpl.java:45)
at java.base/java.lang.reflect.Constructor.newInstance(Constructor.java:490)
at org.openqa.selenium.remote.codec.w3c.W3CHttpResponseCodec.createException(W3CHttpResponseCodec.java:200)
at org.openqa.selenium.remote.codec.w3c.W3CHttpResponseCodec.decode(W3CHttpResponseCodec.java:133)
at org.openqa.selenium.remote.codec.w3c.W3CHttpResponseCodec.decode(W3CHttpResponseCodec.java:53)
at org.openqa.selenium.remote.HttpCommandExecutor.execute(HttpCommandExecutor.java:184)
at org.openqa.selenium.remote.service.DriverCommandExecutor.invokeExecute(DriverCommandExecutor.java:167)
at org.openqa.selenium.remote.service.DriverCommandExecutor.execute(DriverCommandExecutor.java:142)
at org.openqa.selenium.remote.RemoteWebDriver.execute(RemoteWebDriver.java:569)
at org.openqa.selenium.remote.ElementLocation$ElementFinder$2.findElement(ElementLocation.java:162)
at org.openqa.selenium.remote.ElementLocation.findElement(ElementLocation.java:60)
at org.openqa.selenium.remote.RemoteWebDriver.findElement(RemoteWebDriver.java:387)
at org.openqa.selenium.remote.RemoteWebDriver.findElement(RemoteWebDriver.java:379)
at pageobjects.RepairLocatorsGUI.repairException(RepairLocatorsGUI.java:81)
at fieldServiceFormsTest.PositiveRepairExceptionGUITest.gUITestDropDownRepairException(PositiveRepairExceptionGUITest.java:95)
at jdk.internal.reflect.GeneratedMethodAccessor4.invoke(Unknown Source)
at java.base/jdk.internal.reflect.DelegatingMethodAccessorImpl.invoke(DelegatingMethodAccessorImpl.java:43)
at java.base/java.lang.reflect.Method.invoke(Method.java:566)
at org.testng.internal.MethodInvocationHelper.invokeMethod(MethodInvocationHelper.java:133)
at org.testng.internal.TestInvoker.invokeMethod(TestInvoker.java:598)
at org.testng.internal.TestInvoker.invokeTestMethod(TestInvoker.java:173)
at org.testng.internal.MethodRunner.runInSequence(MethodRunner.java:46)
at org.testng.internal.TestInvoker$MethodInvocationAgent.invoke(TestInvoker.java:824)
at org.testng.internal.TestInvoker.invokeTestMethods(TestInvoker.java:146)
at org.testng.internal.TestMethodWorker.invokeTestMethods(TestMethodWorker.java:146)
at org.testng.internal.TestMethodWorker.run(TestMethodWorker.java:128)
at java.base/java.util.ArrayList.forEach(ArrayList.java:1541)
at org.testng.TestRunner.privateRun(TestRunner.java:794)
at org.testng.TestRunner.run(TestRunner.java:596)
at org.testng.SuiteRunner.runTest(SuiteRunner.java:377)
at org.testng.SuiteRunner.runSequentially(SuiteRunner.java:371)
at org.testng.SuiteRunner.privateRun(SuiteRunner.java:332)
at org.testng.SuiteRunner.run(SuiteRunner.java:276)
at org.testng.SuiteRunnerWorker.runSuite(SuiteRunnerWorker.java:53)
at org.testng.SuiteRunnerWorker.run(SuiteRunnerWorker.java:96)
at org.testng.TestNG.runSuitesSequentially(TestNG.java:1212)
at org.testng.TestNG.runSuitesLocally(TestNG.java:1134)
at org.testng.TestNG.runSuites(TestNG.java:1063)
at org.testng.TestNG.run(TestNG.java:1031)
at org.testng.remote.AbstractRemoteTestNG.run(AbstractRemoteTestNG.java:115)
at org.testng.remote.RemoteTestNG.initAndRun(RemoteTestNG.java:251)
at org.testng.remote.RemoteTestNG.main(RemoteTestNG.java:77)
]]>
    </error>
  </testcase> <!-- gUITestDropDownRepairException -->
  <system-out/>
  <testcase classname="fieldServiceFormsTest.PositiveRepairExceptionGUITest" name="gUITestDropDownRepairException" time="4.533"/>
  <system-out/>
  <testcase classname="fieldServiceFormsTest.PositiveRepairExceptionGUITest" name="gUITestDropDownRepairException" time="5.002"/>
  <system-out/>
  <testcase classname="fieldServiceFormsTest.PositiveRepairExceptionGUITest" name="gUITestDropDownRepairException" time="4.998"/>
  <system-out/>
  <testcase classname="fieldServiceFormsTest.PositiveRepairExceptionGUITest" name="gUITestDropDownRepairException" time="4.492"/>
  <system-out/>
  <testcase classname="fieldServiceFormsTest.PositiveRepairExceptionGUITest" name="gUITestDropDownRepairException" time="4.518"/>
  <system-out/>
  <testcase classname="fieldServiceFormsTest.PositiveRepairExceptionGUITest" name="gUITestDropDownRepairException" time="4.595"/>
  <system-out/>
  <testcase classname="fieldServiceFormsTest.PositiveRepairExceptionGUITest" name="gUITestDropDownRepairException" time="4.693"/>
  <system-out/>
  <testcase classname="fieldServiceFormsTest.PositiveRepairExceptionGUITest" name="gUITestDropDownRepairException" time="4.277"/>
  <system-out/>
  <testcase classname="fieldServiceFormsTest.PositiveRepairExceptionGUITest" name="gUITestDropDownRepairException" time="4.174"/>
  <system-out/>
  <testcase classname="fieldServiceFormsTest.PositiveRepairExceptionGUITest" name="gUITestDropDownRepairException" time="4.437"/>
  <system-out/>
  <testcase classname="fieldServiceFormsTest.PositiveRepairExceptionGUITest" name="gUITestDropDownRepairException" time="5.571"/>
  <system-out/>
  <testcase classname="fieldServiceFormsTest.PositiveRepairExceptionGUITest" name="gUITestDropDownRepairException" time="4.457"/>
  <system-out/>
  <testcase classname="fieldServiceFormsTest.PositiveRepairExceptionGUITest" name="gUITestDropDownRepairException" time="4.976"/>
  <system-out/>
  <testcase classname="fieldServiceFormsTest.PositiveRepairExceptionGUITest" name="gUITestDropDownRepairException" time="4.209"/>
  <system-out/>
  <testcase classname="fieldServiceFormsTest.PositiveRepairExceptionGUITest" name="gUITestDropDownRepairException" time="5.654"/>
  <system-out/>
  <testcase classname="fieldServiceFormsTest.PositiveRepairExceptionGUITest" name="gUITestDropDownRepairException" time="4.845"/>
  <system-out/>
  <testcase classname="fieldServiceFormsTest.PositiveRepairExceptionGUITest" name="gUITestDropDownRepairException" time="4.737"/>
  <system-out/>
  <testcase classname="fieldServiceFormsTest.PositiveRepairExceptionGUITest" name="gUITestDropDownRepairException" time="4.865"/>
  <system-out/>
  <testcase classname="fieldServiceFormsTest.PositiveRepairExceptionGUITest" name="gUITestDropDownRepairException" time="4.295"/>
  <system-out/>
  <testcase classname="fieldServiceFormsTest.PositiveRepairExceptionGUITest" name="gUITestDropDownRepairException" time="4.502"/>
  <system-out/>
  <testcase classname="fieldServiceFormsTest.PositiveRepairExceptionGUITest" name="gUITestDropDownRepairException" time="4.560"/>
  <system-out/>
  <testcase classname="fieldServiceFormsTest.PositiveRepairExceptionGUITest" name="gUITestDropDownRepairException" time="4.620"/>
  <system-out/>
  <testcase classname="fieldServiceFormsTest.PositiveRepairExceptionGUITest" name="gUITestDropDownRepairException" time="4.612"/>
  <system-out/>
  <testcase classname="fieldServiceFormsTest.PositiveRepairExceptionGUITest" name="gUITestDropDownRepairException" time="4.931"/>
  <system-out/>
  <testcase classname="fieldServiceFormsTest.PositiveRepairExceptionGUITest" name="gUITestDropDownRepairException" time="4.795"/>
  <system-out/>
  <testcase classname="fieldServiceFormsTest.PositiveRepairExceptionGUITest" name="gUITestDropDownRepairException" time="4.259"/>
  <system-out/>
  <testcase classname="fieldServiceFormsTest.PositiveRepairExceptionGUITest" name="gUITestDropDownRepairException" time="4.420"/>
  <system-out/>
  <testcase classname="fieldServiceFormsTest.PositiveRepairExceptionGUITest" name="gUITestDropDownRepairException" time="6.345"/>
  <system-out/>
  <testcase classname="fieldServiceFormsTest.PositiveRepairExceptionGUITest" name="gUITestDropDownRepairException" time="5.658"/>
  <system-out/>
  <testcase classname="fieldServiceFormsTest.PositiveRepairExceptionGUITest" name="gUITestDropDownRepairException" time="5.454"/>
  <system-out/>
  <testcase classname="fieldServiceFormsTest.PositiveRepairExceptionGUITest" name="gUITestDropDownRepairException" time="4.579"/>
  <system-out/>
  <testcase classname="fieldServiceFormsTest.PositiveRepairExceptionGUITest" name="gUITestDropDownRepairException" time="4.342"/>
  <system-out/>
  <testcase classname="fieldServiceFormsTest.PositiveRepairExceptionGUITest" name="gUITestDropDownRepairException" time="4.320"/>
  <system-out/>
  <testcase classname="fieldServiceFormsTest.PositiveRepairExceptionGUITest" name="gUITestDropDownRepairException" time="4.777"/>
  <system-out/>
  <testcase classname="fieldServiceFormsTest.PositiveRepairExceptionGUITest" name="gUITestDropDownRepairException" time="4.327"/>
  <system-out/>
  <testcase classname="fieldServiceFormsTest.PositiveRepairExceptionGUITest" name="gUITestDropDownRepairException" time="4.413"/>
  <system-out/>
  <testcase classname="fieldServiceFormsTest.PositiveRepairExceptionGUITest" name="gUITestDropDownRepairException" time="5.293"/>
  <system-out/>
  <testcase classname="fieldServiceFormsTest.PositiveRepairExceptionGUITest" name="gUITestDropDownRepairException" time="4.836"/>
  <system-out/>
  <testcase classname="fieldServiceFormsTest.PositiveRepairExceptionGUITest" name="gUITestDropDownRepairException" time="4.367"/>
  <system-out/>
  <testcase classname="fieldServiceFormsTest.PositiveRepairExceptionGUITest" name="gUITestDropDownRepairException" time="4.424"/>
  <system-out/>
  <testcase classname="fieldServiceFormsTest.PositiveRepairExceptionGUITest" name="gUITestDropDownRepairException" time="4.401"/>
  <system-out/>
  <testcase classname="fieldServiceFormsTest.PositiveRepairExceptionGUITest" name="gUITestDropDownRepairException" time="4.313"/>
  <system-out/>
  <testcase classname="fieldServiceFormsTest.PositiveRepairExceptionGUITest" name="gUITestDropDownRepairException" time="4.967"/>
  <system-out/>
  <testcase classname="fieldServiceFormsTest.PositiveRepairExceptionGUITest" name="gUITestDropDownRepairException" time="4.423"/>
  <system-out/>
  <testcase classname="fieldServiceFormsTest.PositiveRepairExceptionGUITest" name="gUITestDropDownRepairException" time="4.396"/>
  <system-out/>
  <testcase classname="fieldServiceFormsTest.PositiveRepairExceptionGUITest" name="gUITestDropDownRepairException" time="4.322"/>
  <system-out/>
  <testcase classname="fieldServiceFormsTest.PositiveRepairExceptionGUITest" name="gUITestDropDownRepairException" time="4.208"/>
  <system-out/>
  <testcase classname="fieldServiceFormsTest.PositiveRepairExceptionGUITest" name="gUITestDropDownRepairException" time="5.464"/>
  <system-out/>
  <testcase classname="fieldServiceFormsTest.PositiveRepairExceptionGUITest" name="gUITestDropDownRepairException" time="4.239"/>
  <system-out/>
  <testcase classname="fieldServiceFormsTest.PositiveRepairExceptionGUITest" name="gUITestDropDownRepairException" time="5.251"/>
  <system-out/>
  <testcase classname="fieldServiceFormsTest.PositiveRepairExceptionGUITest" name="gUITestDropDownRepairException" time="4.432"/>
  <system-out/>
  <testcase classname="fieldServiceFormsTest.PositiveRepairExceptionGUITest" name="gUITestDropDownRepairException" time="4.587"/>
  <system-out/>
  <testcase classname="fieldServiceFormsTest.PositiveRepairExceptionGUITest" name="gUITestDropDownRepairException" time="4.320"/>
  <system-out/>
  <testcase classname="fieldServiceFormsTest.PositiveRepairExceptionGUITest" name="gUITestDropDownRepairException" time="4.532"/>
  <system-out/>
  <testcase classname="fieldServiceFormsTest.PositiveRepairExceptionGUITest" name="gUITestDropDownRepairException" time="5.586"/>
  <system-out/>
  <testcase classname="fieldServiceFormsTest.PositiveRepairExceptionGUITest" name="gUITestDropDownRepairException" time="5.684"/>
  <system-out/>
  <testcase classname="fieldServiceFormsTest.PositiveRepairExceptionGUITest" name="gUITestDropDownRepairException" time="4.520"/>
  <system-out/>
  <testcase classname="fieldServiceFormsTest.PositiveRepairExceptionGUITest" name="gUITestDropDownRepairException" time="5.540"/>
  <system-out/>
  <testcase classname="fieldServiceFormsTest.PositiveRepairExceptionGUITest" name="gUITestDropDownRepairException" time="4.546"/>
  <system-out/>
  <testcase classname="fieldServiceFormsTest.PositiveRepairExceptionGUITest" name="gUITestDropDownRepairException" time="5.616"/>
  <system-out/>
  <testcase classname="fieldServiceFormsTest.PositiveRepairExceptionGUITest" name="gUITestDropDownRepairException" time="4.474"/>
  <system-out/>
  <testcase classname="fieldServiceFormsTest.PositiveRepairExceptionGUITest" name="gUITestDropDownRepairException" time="5.198"/>
  <system-out/>
  <testcase classname="fieldServiceFormsTest.PositiveRepairExceptionGUITest" name="gUITestDropDownRepairException" time="4.409"/>
  <system-out/>
  <testcase classname="fieldServiceFormsTest.PositiveRepairExceptionGUITest" name="gUITestDropDownRepairException" time="4.543"/>
  <system-out/>
  <testcase classname="fieldServiceFormsTest.PositiveRepairExceptionGUITest" name="gUITestDropDownRepairException" time="4.434"/>
  <system-out/>
  <testcase classname="fieldServiceFormsTest.PositiveRepairExceptionGUITest" name="gUITestDropDownRepairException" time="5.181"/>
  <system-out/>
  <testcase classname="fieldServiceFormsTest.PositiveRepairExceptionGUITest" name="gUITestDropDownRepairException" time="5.989"/>
  <system-out/>
  <testcase classname="fieldServiceFormsTest.PositiveRepairExceptionGUITest" name="gUITestDropDownRepairException" time="4.405"/>
  <system-out/>
  <testcase classname="fieldServiceFormsTest.PositiveRepairExceptionGUITest" name="gUITestDropDownRepairException" time="4.401"/>
  <system-out/>
  <testcase classname="fieldServiceFormsTest.PositiveRepairExceptionGUITest" name="gUITestDropDownRepairException" time="4.931"/>
  <system-out/>
  <testcase classname="fieldServiceFormsTest.PositiveRepairExceptionGUITest" name="gUITestDropDownRepairException" time="4.903"/>
  <system-out/>
  <testcase classname="fieldServiceFormsTest.PositiveRepairExceptionGUITest" name="gUITestDropDownRepairException" time="4.872"/>
  <system-out/>
  <testcase classname="fieldServiceFormsTest.PositiveRepairExceptionGUITest" name="gUITestDropDownRepairException" time="4.457"/>
  <system-out/>
  <testcase classname="fieldServiceFormsTest.PositiveRepairExceptionGUITest" name="gUITestDropDownRepairException" time="5.022"/>
  <system-out/>
  <testcase classname="fieldServiceFormsTest.PositiveRepairExceptionGUITest" name="gUITestDropDownRepairException" time="4.778"/>
  <system-out/>
  <testcase classname="fieldServiceFormsTest.PositiveRepairExceptionGUITest" name="gUITestDropDownRepairException" time="4.889"/>
  <system-out/>
  <testcase classname="fieldServiceFormsTest.PositiveRepairExceptionGUITest" name="gUITestDropDownRepairException" time="53.264">
    <error message="no such element: Unable to locate element: {&quot;method&quot;:&quot;css selector&quot;,&quot;selector&quot;:&quot;#repairException&quot;}
  (Session info: chrome=109.0.5414.75)
For documentation on this error, please visit: https://selenium.dev/exceptions/#no_such_element
Build info: version: &#039;4.3.0&#039;, revision: &#039;a4995e2c09*&#039;
System info: host: &#039;DESKTOP-M729FOC&#039;, ip: &#039;192.168.29.91&#039;, os.name: &#039;Windows 10&#039;, os.arch: &#039;amd64&#039;, os.version: &#039;10.0&#039;, java.version: &#039;11.0.13&#039;
Driver info: org.openqa.selenium.chrome.ChromeDriver
Command: [597a0c430c70878c24edba044d404178, findElement {using=id, value=repairException}]
Capabilities {acceptInsecureCerts: false, browserName: chrome, browserVersion: 109.0.5414.75, chrome: {chromedriverVersion: 109.0.5414.74 (e7c5703604da..., userDataDir: C:\Users\DELL\AppData\Local...}, goog:chromeOptions: {debuggerAddress: localhost:52569}, networkConnectionEnabled: false, pageLoadStrategy: normal, platformName: WINDOWS, proxy: Proxy(), se:cdp: ws://localhost:52569/devtoo..., se:cdpVersion: 109.0.5414.75, setWindowRect: true, strictFileInteractability: false, timeouts: {implicit: 0, pageLoad: 300000, script: 30000}, unhandledPromptBehavior: dismiss and notify, webauthn:extension:credBlob: true, webauthn:extension:largeBlob: true, webauthn:virtualAuthenticators: true}
Session ID: 597a0c430c70878c24edba044d404178" type="org.openqa.selenium.NoSuchElementException">
      <![CDATA[org.openqa.selenium.NoSuchElementException: no such element: Unable to locate element: {"method":"css selector","selector":"#repairException"}
  (Session info: chrome=109.0.5414.75)
For documentation on this error, please visit: https://selenium.dev/exceptions/#no_such_element
Build info: version: '4.3.0', revision: 'a4995e2c09*'
System info: host: 'DESKTOP-M729FOC', ip: '192.168.29.91', os.name: 'Windows 10', os.arch: 'amd64', os.version: '10.0', java.version: '11.0.13'
Driver info: org.openqa.selenium.chrome.ChromeDriver
Command: [597a0c430c70878c24edba044d404178, findElement {using=id, value=repairException}]
Capabilities {acceptInsecureCerts: false, browserName: chrome, browserVersion: 109.0.5414.75, chrome: {chromedriverVersion: 109.0.5414.74 (e7c5703604da..., userDataDir: C:\Users\DELL\AppData\Local...}, goog:chromeOptions: {debuggerAddress: localhost:52569}, networkConnectionEnabled: false, pageLoadStrategy: normal, platformName: WINDOWS, proxy: Proxy(), se:cdp: ws://localhost:52569/devtoo..., se:cdpVersion: 109.0.5414.75, setWindowRect: true, strictFileInteractability: false, timeouts: {implicit: 0, pageLoad: 300000, script: 30000}, unhandledPromptBehavior: dismiss and notify, webauthn:extension:credBlob: true, webauthn:extension:largeBlob: true, webauthn:virtualAuthenticators: true}
Session ID: 597a0c430c70878c24edba044d404178
at jdk.internal.reflect.GeneratedConstructorAccessor15.newInstance(Unknown Source)
at java.base/jdk.internal.reflect.DelegatingConstructorAccessorImpl.newInstance(DelegatingConstructorAccessorImpl.java:45)
at java.base/java.lang.reflect.Constructor.newInstance(Constructor.java:490)
at org.openqa.selenium.remote.codec.w3c.W3CHttpResponseCodec.createException(W3CHttpResponseCodec.java:200)
at org.openqa.selenium.remote.codec.w3c.W3CHttpResponseCodec.decode(W3CHttpResponseCodec.java:133)
at org.openqa.selenium.remote.codec.w3c.W3CHttpResponseCodec.decode(W3CHttpResponseCodec.java:53)
at org.openqa.selenium.remote.HttpCommandExecutor.execute(HttpCommandExecutor.java:184)
at org.openqa.selenium.remote.service.DriverCommandExecutor.invokeExecute(DriverCommandExecutor.java:167)
at org.openqa.selenium.remote.service.DriverCommandExecutor.execute(DriverCommandExecutor.java:142)
at org.openqa.selenium.remote.RemoteWebDriver.execute(RemoteWebDriver.java:569)
at org.openqa.selenium.remote.ElementLocation$ElementFinder$2.findElement(ElementLocation.java:162)
at org.openqa.selenium.remote.ElementLocation.findElement(ElementLocation.java:60)
at org.openqa.selenium.remote.RemoteWebDriver.findElement(RemoteWebDriver.java:387)
at org.openqa.selenium.remote.RemoteWebDriver.findElement(RemoteWebDriver.java:379)
at pageobjects.RepairLocatorsGUI.repairException(RepairLocatorsGUI.java:81)
at fieldServiceFormsTest.PositiveRepairExceptionGUITest.gUITestDropDownRepairException(PositiveRepairExceptionGUITest.java:95)
at jdk.internal.reflect.GeneratedMethodAccessor4.invoke(Unknown Source)
at java.base/jdk.internal.reflect.DelegatingMethodAccessorImpl.invoke(DelegatingMethodAccessorImpl.java:43)
at java.base/java.lang.reflect.Method.invoke(Method.java:566)
at org.testng.internal.MethodInvocationHelper.invokeMethod(MethodInvocationHelper.java:133)
at org.testng.internal.TestInvoker.invokeMethod(TestInvoker.java:598)
at org.testng.internal.TestInvoker.invokeTestMethod(TestInvoker.java:173)
at org.testng.internal.MethodRunner.runInSequence(MethodRunner.java:46)
at org.testng.internal.TestInvoker$MethodInvocationAgent.invoke(TestInvoker.java:824)
at org.testng.internal.TestInvoker.invokeTestMethods(TestInvoker.java:146)
at org.testng.internal.TestMethodWorker.invokeTestMethods(TestMethodWorker.java:146)
at org.testng.internal.TestMethodWorker.run(TestMethodWorker.java:128)
at java.base/java.util.ArrayList.forEach(ArrayList.java:1541)
at org.testng.TestRunner.privateRun(TestRunner.java:794)
at org.testng.TestRunner.run(TestRunner.java:596)
at org.testng.SuiteRunner.runTest(SuiteRunner.java:377)
at org.testng.SuiteRunner.runSequentially(SuiteRunner.java:371)
at org.testng.SuiteRunner.privateRun(SuiteRunner.java:332)
at org.testng.SuiteRunner.run(SuiteRunner.java:276)
at org.testng.SuiteRunnerWorker.runSuite(SuiteRunnerWorker.java:53)
at org.testng.SuiteRunnerWorker.run(SuiteRunnerWorker.java:96)
at org.testng.TestNG.runSuitesSequentially(TestNG.java:1212)
at org.testng.TestNG.runSuitesLocally(TestNG.java:1134)
at org.testng.TestNG.runSuites(TestNG.java:1063)
at org.testng.TestNG.run(TestNG.java:1031)
at org.testng.remote.AbstractRemoteTestNG.run(AbstractRemoteTestNG.java:115)
at org.testng.remote.RemoteTestNG.initAndRun(RemoteTestNG.java:251)
at org.testng.remote.RemoteTestNG.main(RemoteTestNG.java:77)
]]>
    </error>
  </testcase> <!-- gUITestDropDownRepairException -->
  <system-out/>
  <testcase classname="fieldServiceFormsTest.PositiveRepairExceptionGUITest" name="gUITestDropDownRepairException" time="5.170"/>
  <system-out/>
  <testcase classname="fieldServiceFormsTest.PositiveRepairExceptionGUITest" name="gUITestDropDownRepairException" time="4.897"/>
  <system-out/>
  <testcase classname="fieldServiceFormsTest.PositiveRepairExceptionGUITest" name="gUITestDropDownRepairException" time="4.415"/>
  <system-out/>
  <testcase classname="fieldServiceFormsTest.PositiveRepairExceptionGUITest" name="gUITestDropDownRepairException" time="4.307"/>
  <system-out/>
  <testcase classname="fieldServiceFormsTest.PositiveRepairExceptionGUITest" name="gUITestDropDownRepairException" time="4.556"/>
  <system-out/>
  <testcase classname="fieldServiceFormsTest.PositiveRepairExceptionGUITest" name="gUITestDropDownRepairException" time="4.898"/>
  <system-out/>
  <testcase classname="fieldServiceFormsTest.PositiveRepairExceptionGUITest" name="gUITestDropDownRepairException" time="4.283"/>
  <system-out/>
  <testcase classname="fieldServiceFormsTest.PositiveRepairExceptionGUITest" name="gUITestDropDownRepairException" time="4.786"/>
  <system-out/>
  <testcase classname="fieldServiceFormsTest.PositiveRepairExceptionGUITest" name="gUITestDropDownRepairException" time="5.654"/>
  <system-out/>
  <testcase classname="fieldServiceFormsTest.PositiveRepairExceptionGUITest" name="gUITestDropDownRepairException" time="4.388"/>
  <system-out/>
  <testcase classname="fieldServiceFormsTest.PositiveRepairExceptionGUITest" name="gUITestDropDownRepairException" time="4.174"/>
  <system-out/>
  <testcase classname="fieldServiceFormsTest.PositiveRepairExceptionGUITest" name="gUITestDropDownRepairException" time="5.466"/>
  <system-out/>
  <testcase classname="fieldServiceFormsTest.PositiveRepairExceptionGUITest" name="gUITestDropDownRepairException" time="5.047"/>
  <system-out/>
  <testcase classname="fieldServiceFormsTest.PositiveRepairExceptionGUITest" name="gUITestDropDownRepairException" time="5.022"/>
  <system-out/>
  <testcase classname="fieldServiceFormsTest.PositiveRepairExceptionGUITest" name="gUITestDropDownRepairException" time="5.086"/>
  <system-out/>
  <testcase classname="fieldServiceFormsTest.PositiveRepairExceptionGUITest" name="gUITestDropDownRepairException" time="4.944"/>
  <system-out/>
  <testcase classname="fieldServiceFormsTest.PositiveRepairExceptionGUITest" name="gUITestDropDownRepairException" time="4.317"/>
  <system-out/>
  <testcase classname="fieldServiceFormsTest.PositiveRepairExceptionGUITest" name="gUITestDropDownRepairException" time="5.239"/>
  <system-out/>
  <testcase classname="fieldServiceFormsTest.PositiveRepairExceptionGUITest" name="gUITestDropDownRepairException" time="4.617"/>
  <system-out/>
  <testcase classname="fieldServiceFormsTest.PositiveRepairExceptionGUITest" name="gUITestDropDownRepairException" time="4.888"/>
  <system-out/>
  <testcase classname="fieldServiceFormsTest.PositiveRepairExceptionGUITest" name="gUITestDropDownRepairException" time="4.346"/>
  <system-out/>
  <testcase classname="fieldServiceFormsTest.PositiveRepairExceptionGUITest" name="gUITestDropDownRepairException" time="5.121"/>
  <system-out/>
  <testcase classname="fieldServiceFormsTest.PositiveRepairExceptionGUITest" name="gUITestDropDownRepairException" time="5.041"/>
  <system-out/>
  <testcase classname="fieldServiceFormsTest.PositiveRepairExceptionGUITest" name="gUITestDropDownRepairException" time="4.871"/>
  <system-out/>
  <testcase classname="fieldServiceFormsTest.PositiveRepairExceptionGUITest" name="gUITestDropDownRepairException" time="4.212"/>
  <system-out/>
  <testcase classname="fieldServiceFormsTest.PositiveRepairExceptionGUITest" name="gUITestDropDownRepairException" time="5.303"/>
  <system-out/>
  <testcase classname="fieldServiceFormsTest.PositiveRepairExceptionGUITest" name="gUITestDropDownRepairException" time="4.447"/>
  <system-out/>
  <testcase classname="fieldServiceFormsTest.PositiveRepairExceptionGUITest" name="gUITestDropDownRepairException" time="4.285"/>
  <system-out/>
  <testcase classname="fieldServiceFormsTest.PositiveRepairExceptionGUITest" name="gUITestDropDownRepairException" time="4.330"/>
  <system-out/>
  <testcase classname="fieldServiceFormsTest.PositiveRepairExceptionGUITest" name="gUITestDropDownRepairException" time="4.817"/>
  <system-out/>
  <testcase classname="fieldServiceFormsTest.PositiveRepairExceptionGUITest" name="gUITestDropDownRepairException" time="4.896"/>
  <system-out/>
  <testcase classname="fieldServiceFormsTest.PositiveRepairExceptionGUITest" name="gUITestDropDownRepairException" time="5.103"/>
  <system-out/>
  <testcase classname="fieldServiceFormsTest.PositiveRepairExceptionGUITest" name="gUITestDropDownRepairException" time="4.619"/>
  <system-out/>
  <testcase classname="fieldServiceFormsTest.PositiveRepairExceptionGUITest" name="gUITestDropDownRepairException" time="4.493"/>
  <system-out/>
  <testcase classname="fieldServiceFormsTest.PositiveRepairExceptionGUITest" name="gUITestDropDownRepairException" time="4.287"/>
  <system-out/>
  <testcase classname="fieldServiceFormsTest.PositiveRepairExceptionGUITest" name="gUITestDropDownRepairException" time="5.189"/>
  <system-out/>
  <testcase classname="fieldServiceFormsTest.PositiveRepairExceptionGUITest" name="gUITestDropDownRepairException" time="4.404"/>
  <system-out/>
  <testcase classname="fieldServiceFormsTest.PositiveRepairExceptionGUITest" name="gUITestDropDownRepairException" time="4.513"/>
  <system-out/>
  <testcase classname="fieldServiceFormsTest.PositiveRepairExceptionGUITest" name="gUITestDropDownRepairException" time="4.397"/>
  <system-out/>
  <testcase classname="fieldServiceFormsTest.PositiveRepairExceptionGUITest" name="gUITestDropDownRepairException" time="4.673"/>
  <system-out/>
  <testcase classname="fieldServiceFormsTest.PositiveRepairExceptionGUITest" name="gUITestDropDownRepairException" time="4.703"/>
  <system-out/>
  <testcase classname="fieldServiceFormsTest.PositiveRepairExceptionGUITest" name="gUITestDropDownRepairException" time="4.286"/>
  <system-out/>
  <testcase classname="fieldServiceFormsTest.PositiveRepairExceptionGUITest" name="gUITestDropDownRepairException" time="4.423"/>
  <system-out/>
  <testcase classname="fieldServiceFormsTest.PositiveRepairExceptionGUITest" name="gUITestDropDownRepairException" time="4.383"/>
  <system-out/>
  <testcase classname="fieldServiceFormsTest.PositiveRepairExceptionGUITest" name="gUITestDropDownRepairException" time="4.336"/>
  <system-out/>
  <testcase classname="fieldServiceFormsTest.PositiveRepairExceptionGUITest" name="gUITestDropDownRepairException" time="4.301"/>
  <system-out/>
  <testcase classname="fieldServiceFormsTest.PositiveRepairExceptionGUITest" name="gUITestDropDownRepairException" time="5.248"/>
  <system-out/>
  <testcase classname="fieldServiceFormsTest.PositiveRepairExceptionGUITest" name="gUITestDropDownRepairException" time="4.389"/>
  <system-out/>
  <testcase classname="fieldServiceFormsTest.PositiveRepairExceptionGUITest" name="gUITestDropDownRepairException" time="4.773"/>
  <system-out/>
  <testcase classname="fieldServiceFormsTest.PositiveRepairExceptionGUITest" name="gUITestDropDownRepairException" time="4.953"/>
  <system-out/>
  <testcase classname="fieldServiceFormsTest.PositiveRepairExceptionGUITest" name="gUITestDropDownRepairException" time="4.781"/>
  <system-out/>
  <testcase classname="fieldServiceFormsTest.PositiveRepairExceptionGUITest" name="gUITestDropDownRepairException" time="4.306"/>
  <system-out/>
  <testcase classname="fieldServiceFormsTest.PositiveRepairExceptionGUITest" name="gUITestDropDownRepairException" time="4.499"/>
  <system-out/>
  <testcase classname="fieldServiceFormsTest.PositiveRepairExceptionGUITest" name="gUITestDropDownRepairException" time="4.490"/>
  <system-out/>
  <testcase classname="fieldServiceFormsTest.PositiveRepairExceptionGUITest" name="gUITestDropDownRepairException" time="5.041"/>
  <system-out/>
  <testcase classname="fieldServiceFormsTest.PositiveRepairExceptionGUITest" name="gUITestDropDownRepairException" time="4.330"/>
  <system-out/>
  <testcase classname="fieldServiceFormsTest.PositiveRepairExceptionGUITest" name="gUITestDropDownRepairException" time="4.948"/>
  <system-out/>
  <testcase classname="fieldServiceFormsTest.PositiveRepairExceptionGUITest" name="gUITestDropDownRepairException" time="4.493"/>
  <system-out/>
  <testcase classname="fieldServiceFormsTest.PositiveRepairExceptionGUITest" name="gUITestDropDownRepairException" time="4.567"/>
  <system-out/>
  <testcase classname="fieldServiceFormsTest.PositiveRepairExceptionGUITest" name="gUITestDropDownRepairException" time="4.879"/>
  <system-out/>
  <testcase classname="fieldServiceFormsTest.PositiveRepairExceptionGUITest" name="gUITestDropDownRepairException" time="4.227"/>
  <system-out/>
  <testcase classname="fieldServiceFormsTest.PositiveRepairExceptionGUITest" name="gUITestDropDownRepairException" time="4.378"/>
  <system-out/>
  <testcase classname="fieldServiceFormsTest.PositiveRepairExceptionGUITest" name="gUITestDropDownRepairException" time="4.792"/>
  <system-out/>
  <testcase classname="fieldServiceFormsTest.PositiveRepairExceptionGUITest" name="gUITestDropDownRepairException" time="4.646"/>
  <system-out/>
  <testcase classname="fieldServiceFormsTest.PositiveRepairExceptionGUITest" name="gUITestDropDownRepairException" time="4.580"/>
  <system-out/>
  <testcase classname="fieldServiceFormsTest.PositiveRepairExceptionGUITest" name="gUITestDropDownRepairException" time="4.343"/>
  <system-out/>
  <testcase classname="fieldServiceFormsTest.PositiveRepairExceptionGUITest" name="gUITestDropDownRepairException" time="4.292"/>
  <system-out/>
  <testcase classname="fieldServiceFormsTest.PositiveRepairExceptionGUITest" name="gUITestDropDownRepairException" time="4.462"/>
  <system-out/>
  <testcase classname="fieldServiceFormsTest.PositiveRepairExceptionGUITest" name="gUITestDropDownRepairException" time="4.216"/>
  <system-out/>
  <testcase classname="fieldServiceFormsTest.PositiveRepairExceptionGUITest" name="gUITestDropDownRepairException" time="6.218"/>
  <system-out/>
  <testcase classname="fieldServiceFormsTest.PositiveRepairExceptionGUITest" name="gUITestDropDownRepairException" time="4.940"/>
  <system-out/>
  <testcase classname="fieldServiceFormsTest.PositiveRepairExceptionGUITest" name="gUITestDropDownRepairException" time="4.362"/>
  <system-out/>
  <testcase classname="fieldServiceFormsTest.PositiveRepairExceptionGUITest" name="gUITestDropDownRepairException" time="4.497"/>
  <system-out/>
  <testcase classname="fieldServiceFormsTest.PositiveRepairExceptionGUITest" name="gUITestDropDownRepairException" time="4.713"/>
  <system-out/>
  <testcase classname="fieldServiceFormsTest.PositiveRepairExceptionGUITest" name="gUITestDropDownRepairException" time="5.304"/>
  <system-out/>
  <testcase classname="fieldServiceFormsTest.PositiveRepairExceptionGUITest" name="gUITestDropDownRepairException" time="4.387"/>
  <system-out/>
  <testcase classname="fieldServiceFormsTest.PositiveRepairExceptionGUITest" name="gUITestDropDownRepairException" time="4.492"/>
  <system-out/>
  <testcase classname="fieldServiceFormsTest.PositiveRepairExceptionGUITest" name="gUITestDropDownRepairException" time="4.457"/>
  <system-out/>
  <testcase classname="fieldServiceFormsTest.PositiveRepairExceptionGUITest" name="gUITestDropDownRepairException" time="4.981"/>
  <system-out/>
  <testcase classname="fieldServiceFormsTest.PositiveRepairExceptionGUITest" name="gUITestDropDownRepairException" time="5.086"/>
  <system-out/>
  <testcase classname="fieldServiceFormsTest.PositiveRepairExceptionGUITest" name="gUITestDropDownRepairException" time="4.443"/>
  <system-out/>
  <testcase classname="fieldServiceFormsTest.PositiveRepairExceptionGUITest" name="gUITestDropDownRepairException" time="5.108"/>
  <system-out/>
  <testcase classname="fieldServiceFormsTest.PositiveRepairExceptionGUITest" name="gUITestDropDownRepairException" time="4.216"/>
  <system-out/>
  <testcase classname="fieldServiceFormsTest.PositiveRepairExceptionGUITest" name="gUITestDropDownRepairException" time="4.439"/>
  <system-out/>
  <testcase classname="fieldServiceFormsTest.PositiveRepairExceptionGUITest" name="gUITestDropDownRepairException" time="4.428"/>
  <system-out/>
  <testcase classname="fieldServiceFormsTest.PositiveRepairExceptionGUITest" name="gUITestDropDownRepairException" time="4.551"/>
  <system-out/>
  <testcase classname="fieldServiceFormsTest.PositiveRepairExceptionGUITest" name="gUITestDropDownRepairException" time="5.806"/>
  <system-out/>
  <testcase classname="fieldServiceFormsTest.PositiveRepairExceptionGUITest" name="gUITestDropDownRepairException" time="4.624"/>
  <system-out/>
  <testcase classname="fieldServiceFormsTest.PositiveRepairExceptionGUITest" name="gUITestDropDownRepairException" time="4.447"/>
  <system-out/>
  <testcase classname="fieldServiceFormsTest.PositiveRepairExceptionGUITest" name="gUITestDropDownRepairException" time="4.482"/>
  <system-out/>
  <testcase classname="fieldServiceFormsTest.PositiveRepairExceptionGUITest" name="gUITestDropDownRepairException" time="4.550"/>
  <system-out/>
  <testcase classname="fieldServiceFormsTest.PositiveRepairExceptionGUITest" name="gUITestDropDownRepairException" time="4.319"/>
  <system-out/>
  <testcase classname="fieldServiceFormsTest.PositiveRepairExceptionGUITest" name="gUITestDropDownRepairException" time="4.606"/>
  <system-out/>
  <testcase classname="fieldServiceFormsTest.PositiveRepairExceptionGUITest" name="gUITestDropDownRepairException" time="4.856"/>
  <system-out/>
  <testcase classname="fieldServiceFormsTest.PositiveRepairExceptionGUITest" name="gUITestDropDownRepairException" time="6.570"/>
  <system-out/>
  <testcase classname="fieldServiceFormsTest.PositiveRepairExceptionGUITest" name="gUITestDropDownRepairException" time="4.224"/>
  <system-out/>
  <testcase classname="fieldServiceFormsTest.PositiveRepairExceptionGUITest" name="gUITestDropDownRepairException" time="4.896"/>
  <system-out/>
  <testcase classname="fieldServiceFormsTest.PositiveRepairExceptionGUITest" name="gUITestDropDownRepairException" time="4.508"/>
  <system-out/>
  <testcase classname="fieldServiceFormsTest.PositiveRepairExceptionGUITest" name="gUITestDropDownRepairException" time="4.886"/>
  <system-out/>
  <testcase classname="fieldServiceFormsTest.PositiveRepairExceptionGUITest" name="gUITestDropDownRepairException" time="5.645"/>
  <system-out/>
  <testcase classname="fieldServiceFormsTest.PositiveRepairExceptionGUITest" name="gUITestDropDownRepairException" time="5.263"/>
  <system-out/>
  <testcase classname="fieldServiceFormsTest.PositiveRepairExceptionGUITest" name="gUITestDropDownRepairException" time="4.367"/>
  <system-out/>
  <testcase classname="fieldServiceFormsTest.PositiveRepairExceptionGUITest" name="gUITestDropDownRepairException" time="4.370"/>
  <system-out/>
  <testcase classname="fieldServiceFormsTest.PositiveRepairExceptionGUITest" name="gUITestDropDownRepairException" time="4.380"/>
  <system-out/>
  <testcase classname="fieldServiceFormsTest.PositiveRepairExceptionGUITest" name="gUITestDropDownRepairException" time="4.938"/>
  <system-out/>
  <testcase classname="fieldServiceFormsTest.PositiveRepairExceptionGUITest" name="gUITestDropDownRepairException" time="4.841"/>
  <system-out/>
  <testcase classname="fieldServiceFormsTest.PositiveRepairExceptionGUITest" name="gUITestDropDownRepairException" time="4.414"/>
  <system-out/>
  <testcase classname="fieldServiceFormsTest.PositiveRepairExceptionGUITest" name="gUITestDropDownRepairException" time="4.442"/>
  <system-out/>
  <testcase classname="fieldServiceFormsTest.PositiveRepairExceptionGUITest" name="gUITestDropDownRepairException" time="5.018"/>
  <system-out/>
  <testcase classname="fieldServiceFormsTest.PositiveRepairExceptionGUITest" name="gUITestDropDownRepairException" time="4.592"/>
  <system-out/>
  <testcase classname="fieldServiceFormsTest.PositiveRepairExceptionGUITest" name="gUITestDropDownRepairException" time="4.294"/>
  <system-out/>
  <testcase classname="fieldServiceFormsTest.PositiveRepairExceptionGUITest" name="gUITestDropDownRepairException" time="5.094"/>
  <system-out/>
  <testcase classname="fieldServiceFormsTest.PositiveRepairExceptionGUITest" name="gUITestDropDownRepairException" time="4.247"/>
  <system-out/>
  <testcase classname="fieldServiceFormsTest.PositiveRepairExceptionGUITest" name="gUITestDropDownRepairException" time="4.513"/>
  <system-out/>
  <testcase classname="fieldServiceFormsTest.PositiveRepairExceptionGUITest" name="gUITestDropDownRepairException" time="4.808"/>
  <system-out/>
  <testcase classname="fieldServiceFormsTest.PositiveRepairExceptionGUITest" name="gUITestDropDownRepairException" time="4.995"/>
  <system-out/>
  <testcase classname="fieldServiceFormsTest.PositiveRepairExceptionGUITest" name="gUITestDropDownRepairException" time="4.259"/>
  <system-out/>
  <testcase classname="fieldServiceFormsTest.PositiveRepairExceptionGUITest" name="gUITestDropDownRepairException" time="5.536"/>
  <system-out/>
  <testcase classname="fieldServiceFormsTest.PositiveRepairExceptionGUITest" name="gUITestDropDownRepairException" time="4.351"/>
  <system-out/>
  <testcase classname="fieldServiceFormsTest.PositiveRepairExceptionGUITest" name="gUITestDropDownRepairException" time="4.931"/>
  <system-out/>
  <testcase classname="fieldServiceFormsTest.PositiveRepairExceptionGUITest" name="gUITestDropDownRepairException" time="4.521"/>
  <system-out/>
  <testcase classname="fieldServiceFormsTest.PositiveRepairExceptionGUITest" name="gUITestDropDownRepairException" time="4.908"/>
  <system-out/>
  <testcase classname="fieldServiceFormsTest.PositiveRepairExceptionGUITest" name="gUITestDropDownRepairException" time="4.184"/>
  <system-out/>
  <testcase classname="fieldServiceFormsTest.PositiveRepairExceptionGUITest" name="gUITestDropDownRepairException" time="5.156"/>
  <system-out/>
  <testcase classname="fieldServiceFormsTest.PositiveRepairExceptionGUITest" name="gUITestDropDownRepairException" time="4.375"/>
  <system-out/>
  <testcase classname="fieldServiceFormsTest.PositiveRepairExceptionGUITest" name="gUITestDropDownRepairException" time="5.010"/>
  <system-out/>
  <testcase classname="fieldServiceFormsTest.PositiveRepairExceptionGUITest" name="gUITestDropDownRepairException" time="4.384"/>
  <system-out/>
  <testcase classname="fieldServiceFormsTest.PositiveRepairExceptionGUITest" name="gUITestDropDownRepairException" time="4.404"/>
  <system-out/>
  <testcase classname="fieldServiceFormsTest.PositiveRepairExceptionGUITest" name="gUITestDropDownRepairException" time="4.214"/>
  <system-out/>
  <testcase classname="fieldServiceFormsTest.PositiveRepairExceptionGUITest" name="gUITestDropDownRepairException" time="4.204"/>
  <system-out/>
  <testcase classname="fieldServiceFormsTest.PositiveRepairExceptionGUITest" name="gUITestDropDownRepairException" time="4.407"/>
  <system-out/>
  <testcase classname="fieldServiceFormsTest.PositiveRepairExceptionGUITest" name="gUITestDropDownRepairException" time="4.202"/>
  <system-out/>
  <testcase classname="fieldServiceFormsTest.PositiveRepairExceptionGUITest" name="gUITestDropDownRepairException" time="4.384"/>
  <system-out/>
  <testcase classname="fieldServiceFormsTest.PositiveRepairExceptionGUITest" name="gUITestDropDownRepairException" time="4.442"/>
  <system-out/>
  <testcase classname="fieldServiceFormsTest.PositiveRepairExceptionGUITest" name="gUITestDropDownRepairException" time="4.953"/>
  <system-out/>
  <testcase classname="fieldServiceFormsTest.PositiveRepairExceptionGUITest" name="gUITestDropDownRepairException" time="4.469"/>
  <system-out/>
  <testcase classname="fieldServiceFormsTest.PositiveRepairExceptionGUITest" name="gUITestDropDownRepairException" time="4.389"/>
  <system-out/>
  <testcase classname="fieldServiceFormsTest.PositiveRepairExceptionGUITest" name="gUITestDropDownRepairException" time="5.325"/>
  <system-out/>
  <testcase classname="fieldServiceFormsTest.PositiveRepairExceptionGUITest" name="gUITestDropDownRepairException" time="4.940"/>
  <system-out/>
  <testcase classname="fieldServiceFormsTest.PositiveRepairExceptionGUITest" name="gUITestDropDownRepairException" time="5.504"/>
  <system-out/>
  <testcase classname="fieldServiceFormsTest.PositiveRepairExceptionGUITest" name="gUITestDropDownRepairException" time="5.132"/>
  <system-out/>
  <testcase classname="fieldServiceFormsTest.PositiveRepairExceptionGUITest" name="gUITestDropDownRepairException" time="4.821"/>
  <system-out/>
  <testcase classname="fieldServiceFormsTest.PositiveRepairExceptionGUITest" name="gUITestDropDownRepairException" time="4.246"/>
  <system-out/>
  <testcase classname="fieldServiceFormsTest.PositiveRepairExceptionGUITest" name="gUITestDropDownRepairException" time="5.473"/>
  <system-out/>
  <testcase classname="fieldServiceFormsTest.PositiveRepairExceptionGUITest" name="gUITestDropDownRepairException" time="4.482"/>
  <system-out/>
  <testcase classname="fieldServiceFormsTest.PositiveRepairExceptionGUITest" name="gUITestDropDownRepairException" time="5.256"/>
  <system-out/>
  <testcase classname="fieldServiceFormsTest.PositiveRepairExceptionGUITest" name="gUITestDropDownRepairException" time="4.855"/>
  <system-out/>
  <testcase classname="fieldServiceFormsTest.PositiveRepairExceptionGUITest" name="gUITestDropDownRepairException" time="4.745"/>
  <system-out/>
  <testcase classname="fieldServiceFormsTest.PositiveRepairExceptionGUITest" name="gUITestDropDownRepairException" time="4.921"/>
  <system-out/>
  <testcase classname="fieldServiceFormsTest.PositiveRepairExceptionGUITest" name="gUITestDropDownRepairException" time="4.519"/>
  <system-out/>
  <testcase classname="fieldServiceFormsTest.PositiveRepairExceptionGUITest" name="gUITestDropDownRepairException" time="4.469"/>
  <system-out/>
  <testcase classname="fieldServiceFormsTest.PositiveRepairExceptionGUITest" name="gUITestDropDownRepairException" time="4.277"/>
  <system-out/>
  <testcase classname="fieldServiceFormsTest.PositiveRepairExceptionGUITest" name="gUITestDropDownRepairException" time="4.389"/>
  <system-out/>
  <testcase classname="fieldServiceFormsTest.PositiveRepairExceptionGUITest" name="gUITestDropDownRepairException" time="4.475"/>
  <system-out/>
  <testcase classname="fieldServiceFormsTest.PositiveRepairExceptionGUITest" name="gUITestDropDownRepairException" time="5.010"/>
  <system-out/>
  <testcase classname="fieldServiceFormsTest.PositiveRepairExceptionGUITest" name="gUITestDropDownRepairException" time="4.354"/>
  <system-out/>
  <testcase classname="fieldServiceFormsTest.PositiveRepairExceptionGUITest" name="gUITestDropDownRepairException" time="4.223"/>
  <system-out/>
  <testcase classname="fieldServiceFormsTest.PositiveRepairExceptionGUITest" name="gUITestDropDownRepairException" time="4.408"/>
  <system-out/>
  <testcase classname="fieldServiceFormsTest.PositiveRepairExceptionGUITest" name="gUITestDropDownRepairException" time="4.827"/>
  <system-out/>
  <testcase classname="fieldServiceFormsTest.PositiveRepairExceptionGUITest" name="gUITestDropDownRepairException" time="4.596"/>
  <system-out/>
  <testcase classname="fieldServiceFormsTest.PositiveRepairExceptionGUITest" name="gUITestDropDownRepairException" time="4.892"/>
  <system-out/>
  <testcase classname="fieldServiceFormsTest.PositiveRepairExceptionGUITest" name="gUITestDropDownRepairException" time="4.375"/>
  <system-out/>
  <testcase classname="fieldServiceFormsTest.PositiveRepairExceptionGUITest" name="gUITestDropDownRepairException" time="4.333"/>
  <system-out/>
  <testcase classname="fieldServiceFormsTest.PositiveRepairExceptionGUITest" name="gUITestDropDownRepairException" time="4.875"/>
  <system-out/>
  <testcase classname="fieldServiceFormsTest.PositiveRepairExceptionGUITest" name="gUITestDropDownRepairException" time="5.366"/>
  <system-out/>
  <testcase classname="fieldServiceFormsTest.PositiveRepairExceptionGUITest" name="gUITestDropDownRepairException" time="4.298"/>
  <system-out/>
  <testcase classname="fieldServiceFormsTest.PositiveRepairExceptionGUITest" name="gUITestDropDownRepairException" time="4.450"/>
  <system-out/>
  <testcase classname="fieldServiceFormsTest.PositiveRepairExceptionGUITest" name="gUITestDropDownRepairException" time="4.451"/>
  <system-out/>
  <testcase classname="fieldServiceFormsTest.PositiveRepairExceptionGUITest" name="gUITestDropDownRepairException" time="4.524"/>
  <system-out/>
  <testcase classname="fieldServiceFormsTest.PositiveRepairExceptionGUITest" name="gUITestDropDownRepairException" time="4.438"/>
  <system-out/>
  <testcase classname="fieldServiceFormsTest.PositiveRepairExceptionGUITest" name="gUITestDropDownRepairException" time="4.667"/>
  <system-out/>
  <testcase classname="fieldServiceFormsTest.PositiveRepairExceptionGUITest" name="gUITestDropDownRepairException" time="4.395"/>
  <system-out/>
  <testcase classname="fieldServiceFormsTest.PositiveRepairExceptionGUITest" name="gUITestDropDownRepairException" time="4.358"/>
  <system-out/>
  <testcase classname="fieldServiceFormsTest.PositiveRepairExceptionGUITest" name="gUITestDropDownRepairException" time="4.814"/>
  <system-out/>
  <testcase classname="fieldServiceFormsTest.PositiveRepairExceptionGUITest" name="gUITestDropDownRepairException" time="4.921"/>
  <system-out/>
  <testcase classname="fieldServiceFormsTest.PositiveRepairExceptionGUITest" name="gUITestDropDownRepairException" time="4.698"/>
  <system-out/>
  <testcase classname="fieldServiceFormsTest.PositiveRepairExceptionGUITest" name="gUITestDropDownRepairException" time="5.005"/>
  <system-out/>
  <testcase classname="fieldServiceFormsTest.PositiveRepairExceptionGUITest" name="gUITestDropDownRepairException" time="5.400"/>
  <system-out/>
  <testcase classname="fieldServiceFormsTest.PositiveRepairExceptionGUITest" name="gUITestDropDownRepairException" time="5.760"/>
  <system-out/>
  <testcase classname="fieldServiceFormsTest.PositiveRepairExceptionGUITest" name="gUITestDropDownRepairException" time="5.093"/>
  <system-out/>
  <testcase classname="fieldServiceFormsTest.PositiveRepairExceptionGUITest" name="gUITestDropDownRepairException" time="4.463"/>
  <system-out/>
  <testcase classname="fieldServiceFormsTest.PositiveRepairExceptionGUITest" name="gUITestDropDownRepairException" time="4.247"/>
  <system-out/>
  <testcase classname="fieldServiceFormsTest.PositiveRepairExceptionGUITest" name="gUITestDropDownRepairException" time="4.428"/>
  <system-out/>
  <testcase classname="fieldServiceFormsTest.PositiveRepairExceptionGUITest" name="gUITestDropDownRepairException" time="4.366"/>
  <system-out/>
  <testcase classname="fieldServiceFormsTest.PositiveRepairExceptionGUITest" name="gUITestDropDownRepairException" time="6.565"/>
  <system-out/>
  <testcase classname="fieldServiceFormsTest.PositiveRepairExceptionGUITest" name="gUITestDropDownRepairException" time="5.109"/>
  <system-out/>
  <testcase classname="fieldServiceFormsTest.PositiveRepairExceptionGUITest" name="gUITestDropDownRepairException" time="4.590"/>
  <system-out/>
  <testcase classname="fieldServiceFormsTest.PositiveRepairExceptionGUITest" name="gUITestDropDownRepairException" time="4.311"/>
  <system-out/>
  <testcase classname="fieldServiceFormsTest.PositiveRepairExceptionGUITest" name="gUITestDropDownRepairException" time="5.013"/>
  <system-out/>
  <testcase classname="fieldServiceFormsTest.PositiveRepairExceptionGUITest" name="gUITestDropDownRepairException" time="4.397"/>
  <system-out/>
  <testcase classname="fieldServiceFormsTest.PositiveRepairExceptionGUITest" name="gUITestDropDownRepairException" time="4.577"/>
  <system-out/>
  <testcase classname="fieldServiceFormsTest.PositiveRepairExceptionGUITest" name="gUITestDropDownRepairException" time="5.654"/>
  <system-out/>
  <testcase classname="fieldServiceFormsTest.PositiveRepairExceptionGUITest" name="gUITestDropDownRepairException" time="5.242"/>
  <system-out/>
  <testcase classname="fieldServiceFormsTest.PositiveRepairExceptionGUITest" name="gUITestDropDownRepairException" time="4.262"/>
  <system-out/>
  <testcase classname="fieldServiceFormsTest.PositiveRepairExceptionGUITest" name="gUITestDropDownRepairException" time="4.922"/>
  <system-out/>
  <testcase classname="fieldServiceFormsTest.PositiveRepairExceptionGUITest" name="gUITestDropDownRepairException" time="5.226"/>
  <system-out/>
  <testcase classname="fieldServiceFormsTest.PositiveRepairExceptionGUITest" name="gUITestDropDownRepairException" time="4.538"/>
  <system-out/>
  <testcase classname="fieldServiceFormsTest.PositiveRepairExceptionGUITest" name="gUITestDropDownRepairException" time="4.259"/>
  <system-out/>
  <testcase classname="fieldServiceFormsTest.PositiveRepairExceptionGUITest" name="gUITestDropDownRepairException" time="5.030"/>
  <system-out/>
  <testcase classname="fieldServiceFormsTest.PositiveRepairExceptionGUITest" name="gUITestDropDownRepairException" time="4.600"/>
  <system-out/>
  <testcase classname="fieldServiceFormsTest.PositiveRepairExceptionGUITest" name="gUITestDropDownRepairException" time="4.405"/>
  <system-out/>
  <testcase classname="fieldServiceFormsTest.PositiveRepairExceptionGUITest" name="gUITestDropDownRepairException" time="5.650"/>
  <system-out/>
  <testcase classname="fieldServiceFormsTest.PositiveRepairExceptionGUITest" name="gUITestDropDownRepairException" time="5.188"/>
  <system-out/>
  <testcase classname="fieldServiceFormsTest.PositiveRepairExceptionGUITest" name="gUITestDropDownRepairException" time="4.933"/>
  <system-out/>
  <testcase classname="fieldServiceFormsTest.PositiveRepairExceptionGUITest" name="gUITestDropDownRepairException" time="4.302"/>
  <system-out/>
  <testcase classname="fieldServiceFormsTest.PositiveRepairExceptionGUITest" name="gUITestDropDownRepairException" time="5.228"/>
  <system-out/>
  <testcase classname="fieldServiceFormsTest.PositiveRepairExceptionGUITest" name="gUITestDropDownRepairException" time="4.505"/>
  <system-out/>
  <testcase classname="fieldServiceFormsTest.PositiveRepairExceptionGUITest" name="gUITestDropDownRepairException" time="5.686"/>
  <system-out/>
  <testcase classname="fieldServiceFormsTest.PositiveRepairExceptionGUITest" name="gUITestDropDownRepairException" time="4.449"/>
  <system-out/>
  <testcase classname="fieldServiceFormsTest.PositiveRepairExceptionGUITest" name="gUITestDropDownRepairException" time="4.800"/>
  <system-out/>
  <testcase classname="fieldServiceFormsTest.PositiveRepairExceptionGUITest" name="gUITestDropDownRepairException" time="4.939"/>
  <system-out/>
  <testcase classname="fieldServiceFormsTest.PositiveRepairExceptionGUITest" name="gUITestDropDownRepairException" time="4.735"/>
  <system-out/>
  <testcase classname="fieldServiceFormsTest.PositiveRepairExceptionGUITest" name="gUITestDropDownRepairException" time="4.736"/>
  <system-out/>
  <testcase classname="fieldServiceFormsTest.PositiveRepairExceptionGUITest" name="gUITestDropDownRepairException" time="4.441"/>
  <system-out/>
  <testcase classname="fieldServiceFormsTest.PositiveRepairExceptionGUITest" name="gUITestDropDownRepairException" time="5.155"/>
  <system-out/>
  <testcase classname="fieldServiceFormsTest.PositiveRepairExceptionGUITest" name="gUITestDropDownRepairException" time="4.863"/>
  <system-out/>
  <testcase classname="fieldServiceFormsTest.PositiveRepairExceptionGUITest" name="gUITestDropDownRepairException" time="4.569"/>
  <system-out/>
  <testcase classname="fieldServiceFormsTest.PositiveRepairExceptionGUITest" name="gUITestDropDownRepairException" time="4.365"/>
  <system-out/>
  <testcase classname="fieldServiceFormsTest.PositiveRepairExceptionGUITest" name="gUITestDropDownRepairException" time="5.282"/>
  <system-out/>
  <testcase classname="fieldServiceFormsTest.PositiveRepairExceptionGUITest" name="gUITestDropDownRepairException" time="4.500"/>
  <system-out/>
  <testcase classname="fieldServiceFormsTest.PositiveRepairExceptionGUITest" name="gUITestDropDownRepairException" time="5.204"/>
  <system-out/>
  <testcase classname="fieldServiceFormsTest.PositiveRepairExceptionGUITest" name="gUITestDropDownRepairException" time="4.510"/>
  <system-out/>
  <testcase classname="fieldServiceFormsTest.PositiveRepairExceptionGUITest" name="gUITestDropDownRepairException" time="4.648"/>
  <system-out/>
  <testcase classname="fieldServiceFormsTest.PositiveRepairExceptionGUITest" name="gUITestDropDownRepairException" time="4.380"/>
  <system-out/>
  <testcase classname="fieldServiceFormsTest.PositiveRepairExceptionGUITest" name="gUITestDropDownRepairException" time="4.269"/>
  <system-out/>
  <testcase classname="fieldServiceFormsTest.PositiveRepairExceptionGUITest" name="gUITestDropDownRepairException" time="4.684"/>
  <system-out/>
  <testcase classname="fieldServiceFormsTest.PositiveRepairExceptionGUITest" name="gUITestDropDownRepairException" time="4.510"/>
  <system-out/>
  <testcase classname="fieldServiceFormsTest.PositiveRepairExceptionGUITest" name="gUITestDropDownRepairException" time="4.394"/>
  <system-out/>
  <testcase classname="fieldServiceFormsTest.PositiveRepairExceptionGUITest" name="gUITestDropDownRepairException" time="6.023"/>
  <system-out/>
  <testcase classname="fieldServiceFormsTest.PositiveRepairExceptionGUITest" name="gUITestDropDownRepairException" time="4.962"/>
  <system-out/>
  <testcase classname="fieldServiceFormsTest.PositiveRepairExceptionGUITest" name="gUITestDropDownRepairException" time="5.272"/>
  <system-out/>
  <testcase classname="fieldServiceFormsTest.PositiveRepairExceptionGUITest" name="gUITestDropDownRepairException" time="5.524"/>
  <system-out/>
  <testcase classname="fieldServiceFormsTest.PositiveRepairExceptionGUITest" name="gUITestDropDownRepairException" time="4.365"/>
  <system-out/>
  <testcase classname="fieldServiceFormsTest.PositiveRepairExceptionGUITest" name="gUITestDropDownRepairException" time="5.197"/>
  <system-out/>
  <testcase classname="fieldServiceFormsTest.PositiveRepairExceptionGUITest" name="gUITestDropDownRepairException" time="4.249"/>
  <system-out/>
  <testcase classname="fieldServiceFormsTest.PositiveRepairExceptionGUITest" name="gUITestDropDownRepairException" time="4.577"/>
  <system-out/>
  <testcase classname="fieldServiceFormsTest.PositiveRepairExceptionGUITest" name="gUITestDropDownRepairException" time="4.570"/>
  <system-out/>
  <testcase classname="fieldServiceFormsTest.PositiveRepairExceptionGUITest" name="gUITestDropDownRepairException" time="4.384"/>
  <system-out/>
  <testcase classname="fieldServiceFormsTest.PositiveRepairExceptionGUITest" name="gUITestDropDownRepairException" time="4.229"/>
  <system-out/>
  <testcase classname="fieldServiceFormsTest.PositiveRepairExceptionGUITest" name="gUITestDropDownRepairException" time="4.498"/>
  <system-out/>
  <testcase classname="fieldServiceFormsTest.PositiveRepairExceptionGUITest" name="gUITestDropDownRepairException" time="4.203"/>
  <system-out/>
  <testcase classname="fieldServiceFormsTest.PositiveRepairExceptionGUITest" name="gUITestDropDownRepairException" time="4.876"/>
  <system-out/>
  <testcase classname="fieldServiceFormsTest.PositiveRepairExceptionGUITest" name="gUITestDropDownRepairException" time="4.273"/>
  <system-out/>
  <testcase classname="fieldServiceFormsTest.PositiveRepairExceptionGUITest" name="gUITestDropDownRepairException" time="4.908"/>
  <system-out/>
  <testcase classname="fieldServiceFormsTest.PositiveRepairExceptionGUITest" name="gUITestDropDownRepairException" time="4.605"/>
  <system-out/>
  <testcase classname="fieldServiceFormsTest.PositiveRepairExceptionGUITest" name="gUITestDropDownRepairException" time="4.459"/>
  <system-out/>
  <testcase classname="fieldServiceFormsTest.PositiveRepairExceptionGUITest" name="gUITestDropDownRepairException" time="4.437"/>
  <system-out/>
  <testcase classname="fieldServiceFormsTest.PositiveRepairExceptionGUITest" name="gUITestDropDownRepairException" time="4.510"/>
  <system-out/>
  <testcase classname="fieldServiceFormsTest.PositiveRepairExceptionGUITest" name="gUITestDropDownRepairException" time="4.453"/>
  <system-out/>
  <testcase classname="fieldServiceFormsTest.PositiveRepairExceptionGUITest" name="gUITestDropDownRepairException" time="4.883"/>
  <system-out/>
  <testcase classname="fieldServiceFormsTest.PositiveRepairExceptionGUITest" name="gUITestDropDownRepairException" time="4.373"/>
  <system-out/>
  <testcase classname="fieldServiceFormsTest.PositiveRepairExceptionGUITest" name="gUITestDropDownRepairException" time="5.328"/>
  <system-out/>
  <testcase classname="fieldServiceFormsTest.PositiveRepairExceptionGUITest" name="gUITestDropDownRepairException" time="4.404"/>
  <system-out/>
  <testcase classname="fieldServiceFormsTest.PositiveRepairExceptionGUITest" name="gUITestDropDownRepairException" time="4.933"/>
  <system-out/>
  <testcase classname="fieldServiceFormsTest.PositiveRepairExceptionGUITest" name="gUITestDropDownRepairException" time="4.584"/>
  <system-out/>
  <testcase classname="fieldServiceFormsTest.PositiveRepairExceptionGUITest" name="gUITestDropDownRepairException" time="4.374"/>
  <system-out/>
  <testcase classname="fieldServiceFormsTest.PositiveRepairExceptionGUITest" name="gUITestDropDownRepairException" time="4.551"/>
  <system-out/>
  <testcase classname="fieldServiceFormsTest.PositiveRepairExceptionGUITest" name="gUITestDropDownRepairException" time="4.229"/>
  <system-out/>
  <testcase classname="fieldServiceFormsTest.PositiveRepairExceptionGUITest" name="gUITestDropDownRepairException" time="4.302"/>
  <system-out/>
  <testcase classname="fieldServiceFormsTest.PositiveRepairExceptionGUITest" name="gUITestDropDownRepairException" time="4.330"/>
  <system-out/>
  <testcase classname="fieldServiceFormsTest.PositiveRepairExceptionGUITest" name="gUITestDropDownRepairException" time="5.025"/>
  <system-out/>
  <testcase classname="fieldServiceFormsTest.PositiveRepairExceptionGUITest" name="gUITestDropDownRepairException" time="4.395"/>
  <system-out/>
  <testcase classname="fieldServiceFormsTest.PositiveRepairExceptionGUITest" name="gUITestDropDownRepairException" time="4.283"/>
  <system-out/>
  <testcase classname="fieldServiceFormsTest.PositiveRepairExceptionGUITest" name="gUITestDropDownRepairException" time="4.405"/>
  <system-out/>
  <testcase classname="fieldServiceFormsTest.PositiveRepairExceptionGUITest" name="gUITestDropDownRepairException" time="4.862"/>
  <system-out/>
  <testcase classname="fieldServiceFormsTest.PositiveRepairExceptionGUITest" name="gUITestDropDownRepairException" time="4.410"/>
  <system-out/>
  <testcase classname="fieldServiceFormsTest.PositiveRepairExceptionGUITest" name="gUITestDropDownRepairException" time="4.870"/>
  <system-out/>
  <testcase classname="fieldServiceFormsTest.PositiveRepairExceptionGUITest" name="gUITestDropDownRepairException" time="5.061"/>
  <system-out/>
  <testcase classname="fieldServiceFormsTest.PositiveRepairExceptionGUITest" name="gUITestDropDownRepairException" time="4.470"/>
  <system-out/>
  <testcase classname="fieldServiceFormsTest.PositiveRepairExceptionGUITest" name="gUITestDropDownRepairException" time="4.439"/>
  <system-out/>
  <testcase classname="fieldServiceFormsTest.PositiveRepairExceptionGUITest" name="gUITestDropDownRepairException" time="4.229"/>
  <system-out/>
  <testcase classname="fieldServiceFormsTest.PositiveRepairExceptionGUITest" name="gUITestDropDownRepairException" time="5.104"/>
  <system-out/>
  <testcase classname="fieldServiceFormsTest.PositiveRepairExceptionGUITest" name="gUITestDropDownRepairException" time="5.595"/>
  <system-out/>
  <testcase classname="fieldServiceFormsTest.PositiveRepairExceptionGUITest" name="gUITestDropDownRepairException" time="4.717"/>
  <system-out/>
  <testcase classname="fieldServiceFormsTest.PositiveRepairExceptionGUITest" name="gUITestDropDownRepairException" time="4.290"/>
  <system-out/>
  <testcase classname="fieldServiceFormsTest.PositiveRepairExceptionGUITest" name="gUITestDropDownRepairException" time="4.676"/>
  <system-out/>
  <testcase classname="fieldServiceFormsTest.PositiveRepairExceptionGUITest" name="gUITestDropDownRepairException" time="4.886"/>
  <system-out/>
  <testcase classname="fieldServiceFormsTest.PositiveRepairExceptionGUITest" name="gUITestDropDownRepairException" time="4.604"/>
  <system-out/>
  <testcase classname="fieldServiceFormsTest.PositiveRepairExceptionGUITest" name="gUITestDropDownRepairException" time="4.913"/>
  <system-out/>
  <testcase classname="fieldServiceFormsTest.PositiveRepairExceptionGUITest" name="gUITestDropDownRepairException" time="4.198"/>
  <system-out/>
  <testcase classname="fieldServiceFormsTest.PositiveRepairExceptionGUITest" name="gUITestDropDownRepairException" time="4.650"/>
  <system-out/>
  <testcase classname="fieldServiceFormsTest.PositiveRepairExceptionGUITest" name="gUITestDropDownRepairException" time="4.531"/>
  <system-out/>
  <testcase classname="fieldServiceFormsTest.PositiveRepairExceptionGUITest" name="gUITestDropDownRepairException" time="4.273"/>
  <system-out/>
  <testcase classname="fieldServiceFormsTest.PositiveRepairExceptionGUITest" name="gUITestDropDownRepairException" time="4.373"/>
  <system-out/>
  <testcase classname="fieldServiceFormsTest.PositiveRepairExceptionGUITest" name="gUITestDropDownRepairException" time="4.972"/>
  <system-out/>
  <testcase classname="fieldServiceFormsTest.PositiveRepairExceptionGUITest" name="gUITestDropDownRepairException" time="4.846"/>
  <system-out/>
  <testcase classname="fieldServiceFormsTest.PositiveRepairExceptionGUITest" name="gUITestDropDownRepairException" time="5.491"/>
  <system-out/>
  <testcase classname="fieldServiceFormsTest.PositiveRepairExceptionGUITest" name="gUITestDropDownRepairException" time="4.318"/>
  <system-out/>
  <testcase classname="fieldServiceFormsTest.PositiveRepairExceptionGUITest" name="gUITestDropDownRepairException" time="5.009"/>
  <system-out/>
  <testcase classname="fieldServiceFormsTest.PositiveRepairExceptionGUITest" name="gUITestDropDownRepairException" time="4.728"/>
  <system-out/>
  <testcase classname="fieldServiceFormsTest.PositiveRepairExceptionGUITest" name="gUITestDropDownRepairException" time="4.313"/>
  <system-out/>
  <testcase classname="fieldServiceFormsTest.PositiveRepairExceptionGUITest" name="gUITestDropDownRepairException" time="4.526"/>
  <system-out/>
  <testcase classname="fieldServiceFormsTest.PositiveRepairExceptionGUITest" name="gUITestDropDownRepairException" time="5.086"/>
  <system-out/>
  <testcase classname="fieldServiceFormsTest.PositiveRepairExceptionGUITest" name="gUITestDropDownRepairException" time="4.328"/>
  <system-out/>
  <testcase classname="fieldServiceFormsTest.PositiveRepairExceptionGUITest" name="gUITestDropDownRepairException" time="4.230"/>
  <system-out/>
  <testcase classname="fieldServiceFormsTest.PositiveRepairExceptionGUITest" name="gUITestDropDownRepairException" time="4.431"/>
  <system-out/>
  <testcase classname="fieldServiceFormsTest.PositiveRepairExceptionGUITest" name="gUITestDropDownRepairException" time="4.585"/>
  <system-out/>
  <testcase classname="fieldServiceFormsTest.PositiveRepairExceptionGUITest" name="gUITestDropDownRepairException" time="4.345"/>
  <system-out/>
  <testcase classname="fieldServiceFormsTest.PositiveRepairExceptionGUITest" name="gUITestDropDownRepairException" time="4.406"/>
  <system-out/>
  <testcase classname="fieldServiceFormsTest.PositiveRepairExceptionGUITest" name="gUITestDropDownRepairException" time="4.932"/>
  <system-out/>
  <testcase classname="fieldServiceFormsTest.PositiveRepairExceptionGUITest" name="gUITestDropDownRepairException" time="6.111"/>
  <system-out/>
  <testcase classname="fieldServiceFormsTest.PositiveRepairExceptionGUITest" name="gUITestDropDownRepairException" time="4.369"/>
  <system-out/>
  <testcase classname="fieldServiceFormsTest.PositiveRepairExceptionGUITest" name="gUITestDropDownRepairException" time="5.161"/>
  <system-out/>
  <testcase classname="fieldServiceFormsTest.PositiveRepairExceptionGUITest" name="gUITestDropDownRepairException" time="4.936"/>
  <system-out/>
  <testcase classname="fieldServiceFormsTest.PositiveRepairExceptionGUITest" name="gUITestDropDownRepairException" time="4.830"/>
  <system-out/>
  <testcase classname="fieldServiceFormsTest.PositiveRepairExceptionGUITest" name="gUITestDropDownRepairException" time="4.435"/>
  <system-out/>
  <testcase classname="fieldServiceFormsTest.PositiveRepairExceptionGUITest" name="gUITestDropDownRepairException" time="4.839"/>
  <system-out/>
  <testcase classname="fieldServiceFormsTest.PositiveRepairExceptionGUITest" name="gUITestDropDownRepairException" time="4.411"/>
  <system-out/>
  <testcase classname="fieldServiceFormsTest.PositiveRepairExceptionGUITest" name="gUITestDropDownRepairException" time="4.608"/>
  <system-out/>
  <testcase classname="fieldServiceFormsTest.PositiveRepairExceptionGUITest" name="gUITestDropDownRepairException" time="5.401"/>
  <system-out/>
  <testcase classname="fieldServiceFormsTest.PositiveRepairExceptionGUITest" name="gUITestDropDownRepairException" time="4.422"/>
  <system-out/>
  <testcase classname="fieldServiceFormsTest.PositiveRepairExceptionGUITest" name="gUITestDropDownRepairException" time="4.810"/>
  <system-out/>
  <testcase classname="fieldServiceFormsTest.PositiveRepairExceptionGUITest" name="gUITestDropDownRepairException" time="4.305"/>
  <system-out/>
  <testcase classname="fieldServiceFormsTest.PositiveRepairExceptionGUITest" name="gUITestDropDownRepairException" time="4.284"/>
  <system-out/>
  <testcase classname="fieldServiceFormsTest.PositiveRepairExceptionGUITest" name="gUITestDropDownRepairException" time="53.224">
    <error message="no such element: Unable to locate element: {&quot;method&quot;:&quot;css selector&quot;,&quot;selector&quot;:&quot;#repairException&quot;}
  (Session info: chrome=109.0.5414.75)
For documentation on this error, please visit: https://selenium.dev/exceptions/#no_such_element
Build info: version: &#039;4.3.0&#039;, revision: &#039;a4995e2c09*&#039;
System info: host: &#039;DESKTOP-M729FOC&#039;, ip: &#039;192.168.29.91&#039;, os.name: &#039;Windows 10&#039;, os.arch: &#039;amd64&#039;, os.version: &#039;10.0&#039;, java.version: &#039;11.0.13&#039;
Driver info: org.openqa.selenium.chrome.ChromeDriver
Command: [597a0c430c70878c24edba044d404178, findElement {using=id, value=repairException}]
Capabilities {acceptInsecureCerts: false, browserName: chrome, browserVersion: 109.0.5414.75, chrome: {chromedriverVersion: 109.0.5414.74 (e7c5703604da..., userDataDir: C:\Users\DELL\AppData\Local...}, goog:chromeOptions: {debuggerAddress: localhost:52569}, networkConnectionEnabled: false, pageLoadStrategy: normal, platformName: WINDOWS, proxy: Proxy(), se:cdp: ws://localhost:52569/devtoo..., se:cdpVersion: 109.0.5414.75, setWindowRect: true, strictFileInteractability: false, timeouts: {implicit: 0, pageLoad: 300000, script: 30000}, unhandledPromptBehavior: dismiss and notify, webauthn:extension:credBlob: true, webauthn:extension:largeBlob: true, webauthn:virtualAuthenticators: true}
Session ID: 597a0c430c70878c24edba044d404178" type="org.openqa.selenium.NoSuchElementException">
      <![CDATA[org.openqa.selenium.NoSuchElementException: no such element: Unable to locate element: {"method":"css selector","selector":"#repairException"}
  (Session info: chrome=109.0.5414.75)
For documentation on this error, please visit: https://selenium.dev/exceptions/#no_such_element
Build info: version: '4.3.0', revision: 'a4995e2c09*'
System info: host: 'DESKTOP-M729FOC', ip: '192.168.29.91', os.name: 'Windows 10', os.arch: 'amd64', os.version: '10.0', java.version: '11.0.13'
Driver info: org.openqa.selenium.chrome.ChromeDriver
Command: [597a0c430c70878c24edba044d404178, findElement {using=id, value=repairException}]
Capabilities {acceptInsecureCerts: false, browserName: chrome, browserVersion: 109.0.5414.75, chrome: {chromedriverVersion: 109.0.5414.74 (e7c5703604da..., userDataDir: C:\Users\DELL\AppData\Local...}, goog:chromeOptions: {debuggerAddress: localhost:52569}, networkConnectionEnabled: false, pageLoadStrategy: normal, platformName: WINDOWS, proxy: Proxy(), se:cdp: ws://localhost:52569/devtoo..., se:cdpVersion: 109.0.5414.75, setWindowRect: true, strictFileInteractability: false, timeouts: {implicit: 0, pageLoad: 300000, script: 30000}, unhandledPromptBehavior: dismiss and notify, webauthn:extension:credBlob: true, webauthn:extension:largeBlob: true, webauthn:virtualAuthenticators: true}
Session ID: 597a0c430c70878c24edba044d404178
at jdk.internal.reflect.GeneratedConstructorAccessor15.newInstance(Unknown Source)
at java.base/jdk.internal.reflect.DelegatingConstructorAccessorImpl.newInstance(DelegatingConstructorAccessorImpl.java:45)
at java.base/java.lang.reflect.Constructor.newInstance(Constructor.java:490)
at org.openqa.selenium.remote.codec.w3c.W3CHttpResponseCodec.createException(W3CHttpResponseCodec.java:200)
at org.openqa.selenium.remote.codec.w3c.W3CHttpResponseCodec.decode(W3CHttpResponseCodec.java:133)
at org.openqa.selenium.remote.codec.w3c.W3CHttpResponseCodec.decode(W3CHttpResponseCodec.java:53)
at org.openqa.selenium.remote.HttpCommandExecutor.execute(HttpCommandExecutor.java:184)
at org.openqa.selenium.remote.service.DriverCommandExecutor.invokeExecute(DriverCommandExecutor.java:167)
at org.openqa.selenium.remote.service.DriverCommandExecutor.execute(DriverCommandExecutor.java:142)
at org.openqa.selenium.remote.RemoteWebDriver.execute(RemoteWebDriver.java:569)
at org.openqa.selenium.remote.ElementLocation$ElementFinder$2.findElement(ElementLocation.java:162)
at org.openqa.selenium.remote.ElementLocation.findElement(ElementLocation.java:60)
at org.openqa.selenium.remote.RemoteWebDriver.findElement(RemoteWebDriver.java:387)
at org.openqa.selenium.remote.RemoteWebDriver.findElement(RemoteWebDriver.java:379)
at pageobjects.RepairLocatorsGUI.repairException(RepairLocatorsGUI.java:81)
at fieldServiceFormsTest.PositiveRepairExceptionGUITest.gUITestDropDownRepairException(PositiveRepairExceptionGUITest.java:95)
at jdk.internal.reflect.GeneratedMethodAccessor4.invoke(Unknown Source)
at java.base/jdk.internal.reflect.DelegatingMethodAccessorImpl.invoke(DelegatingMethodAccessorImpl.java:43)
at java.base/java.lang.reflect.Method.invoke(Method.java:566)
at org.testng.internal.MethodInvocationHelper.invokeMethod(MethodInvocationHelper.java:133)
at org.testng.internal.TestInvoker.invokeMethod(TestInvoker.java:598)
at org.testng.internal.TestInvoker.invokeTestMethod(TestInvoker.java:173)
at org.testng.internal.MethodRunner.runInSequence(MethodRunner.java:46)
at org.testng.internal.TestInvoker$MethodInvocationAgent.invoke(TestInvoker.java:824)
at org.testng.internal.TestInvoker.invokeTestMethods(TestInvoker.java:146)
at org.testng.internal.TestMethodWorker.invokeTestMethods(TestMethodWorker.java:146)
at org.testng.internal.TestMethodWorker.run(TestMethodWorker.java:128)
at java.base/java.util.ArrayList.forEach(ArrayList.java:1541)
at org.testng.TestRunner.privateRun(TestRunner.java:794)
at org.testng.TestRunner.run(TestRunner.java:596)
at org.testng.SuiteRunner.runTest(SuiteRunner.java:377)
at org.testng.SuiteRunner.runSequentially(SuiteRunner.java:371)
at org.testng.SuiteRunner.privateRun(SuiteRunner.java:332)
at org.testng.SuiteRunner.run(SuiteRunner.java:276)
at org.testng.SuiteRunnerWorker.runSuite(SuiteRunnerWorker.java:53)
at org.testng.SuiteRunnerWorker.run(SuiteRunnerWorker.java:96)
at org.testng.TestNG.runSuitesSequentially(TestNG.java:1212)
at org.testng.TestNG.runSuitesLocally(TestNG.java:1134)
at org.testng.TestNG.runSuites(TestNG.java:1063)
at org.testng.TestNG.run(TestNG.java:1031)
at org.testng.remote.AbstractRemoteTestNG.run(AbstractRemoteTestNG.java:115)
at org.testng.remote.RemoteTestNG.initAndRun(RemoteTestNG.java:251)
at org.testng.remote.RemoteTestNG.main(RemoteTestNG.java:77)
]]>
    </error>
  </testcase> <!-- gUITestDropDownRepairException -->
  <system-out/>
  <testcase classname="fieldServiceFormsTest.PositiveRepairExceptionGUITest" name="gUITestDropDownRepairException" time="5.166"/>
  <system-out/>
  <testcase classname="fieldServiceFormsTest.PositiveRepairExceptionGUITest" name="gUITestDropDownRepairException" time="5.366"/>
  <system-out/>
  <testcase classname="fieldServiceFormsTest.PositiveRepairExceptionGUITest" name="gUITestDropDownRepairException" time="4.422"/>
  <system-out/>
  <testcase classname="fieldServiceFormsTest.PositiveRepairExceptionGUITest" name="gUITestDropDownRepairException" time="4.531"/>
  <system-out/>
  <testcase classname="fieldServiceFormsTest.PositiveRepairExceptionGUITest" name="gUITestDropDownRepairException" time="4.495"/>
  <system-out/>
  <testcase classname="fieldServiceFormsTest.PositiveRepairExceptionGUITest" name="gUITestDropDownRepairException" time="5.217"/>
  <system-out/>
  <testcase classname="fieldServiceFormsTest.PositiveRepairExceptionGUITest" name="gUITestDropDownRepairException" time="4.703"/>
  <system-out/>
  <testcase classname="fieldServiceFormsTest.PositiveRepairExceptionGUITest" name="gUITestDropDownRepairException" time="6.165"/>
  <system-out/>
  <testcase classname="fieldServiceFormsTest.PositiveRepairExceptionGUITest" name="gUITestDropDownRepairException" time="4.401"/>
  <system-out/>
  <testcase classname="fieldServiceFormsTest.PositiveRepairExceptionGUITest" name="gUITestDropDownRepairException" time="4.495"/>
  <system-out/>
  <testcase classname="fieldServiceFormsTest.PositiveRepairExceptionGUITest" name="gUITestDropDownRepairException" time="4.465"/>
  <system-out/>
  <testcase classname="fieldServiceFormsTest.PositiveRepairExceptionGUITest" name="gUITestDropDownRepairException" time="4.399"/>
  <system-out/>
  <testcase classname="fieldServiceFormsTest.PositiveRepairExceptionGUITest" name="gUITestDropDownRepairException" time="4.727"/>
  <system-out/>
  <testcase classname="fieldServiceFormsTest.PositiveRepairExceptionGUITest" name="gUITestDropDownRepairException" time="4.870"/>
  <system-out/>
  <testcase classname="fieldServiceFormsTest.PositiveRepairExceptionGUITest" name="gUITestDropDownRepairException" time="5.135"/>
  <system-out/>
  <testcase classname="fieldServiceFormsTest.PositiveRepairExceptionGUITest" name="gUITestDropDownRepairException" time="5.090"/>
  <system-out/>
  <testcase classname="fieldServiceFormsTest.PositiveRepairExceptionGUITest" name="gUITestDropDownRepairException" time="4.414"/>
  <system-out/>
  <testcase classname="fieldServiceFormsTest.PositiveRepairExceptionGUITest" name="gUITestDropDownRepairException" time="5.024"/>
  <system-out/>
  <testcase classname="fieldServiceFormsTest.PositiveRepairExceptionGUITest" name="gUITestDropDownRepairException" time="4.874"/>
  <system-out/>
  <testcase classname="fieldServiceFormsTest.PositiveRepairExceptionGUITest" name="gUITestDropDownRepairException" time="4.352"/>
  <system-out/>
  <testcase classname="fieldServiceFormsTest.PositiveRepairExceptionGUITest" name="gUITestDropDownRepairException" time="4.345"/>
  <system-out/>
  <testcase classname="fieldServiceFormsTest.PositiveRepairExceptionGUITest" name="gUITestDropDownRepairException" time="4.384"/>
  <system-out/>
  <testcase classname="fieldServiceFormsTest.PositiveRepairExceptionGUITest" name="gUITestDropDownRepairException" time="5.223"/>
  <system-out/>
  <testcase classname="fieldServiceFormsTest.PositiveRepairExceptionGUITest" name="gUITestDropDownRepairException" time="4.560"/>
  <system-out/>
  <testcase classname="fieldServiceFormsTest.PositiveRepairExceptionGUITest" name="gUITestDropDownRepairException" time="4.429"/>
  <system-out/>
  <testcase classname="fieldServiceFormsTest.PositiveRepairExceptionGUITest" name="gUITestDropDownRepairException" time="4.387"/>
  <system-out/>
  <testcase classname="fieldServiceFormsTest.PositiveRepairExceptionGUITest" name="gUITestDropDownRepairException" time="53.171">
    <error message="no such element: Unable to locate element: {&quot;method&quot;:&quot;css selector&quot;,&quot;selector&quot;:&quot;#repairException&quot;}
  (Session info: chrome=109.0.5414.75)
For documentation on this error, please visit: https://selenium.dev/exceptions/#no_such_element
Build info: version: &#039;4.3.0&#039;, revision: &#039;a4995e2c09*&#039;
System info: host: &#039;DESKTOP-M729FOC&#039;, ip: &#039;192.168.29.91&#039;, os.name: &#039;Windows 10&#039;, os.arch: &#039;amd64&#039;, os.version: &#039;10.0&#039;, java.version: &#039;11.0.13&#039;
Driver info: org.openqa.selenium.chrome.ChromeDriver
Command: [597a0c430c70878c24edba044d404178, findElement {using=id, value=repairException}]
Capabilities {acceptInsecureCerts: false, browserName: chrome, browserVersion: 109.0.5414.75, chrome: {chromedriverVersion: 109.0.5414.74 (e7c5703604da..., userDataDir: C:\Users\DELL\AppData\Local...}, goog:chromeOptions: {debuggerAddress: localhost:52569}, networkConnectionEnabled: false, pageLoadStrategy: normal, platformName: WINDOWS, proxy: Proxy(), se:cdp: ws://localhost:52569/devtoo..., se:cdpVersion: 109.0.5414.75, setWindowRect: true, strictFileInteractability: false, timeouts: {implicit: 0, pageLoad: 300000, script: 30000}, unhandledPromptBehavior: dismiss and notify, webauthn:extension:credBlob: true, webauthn:extension:largeBlob: true, webauthn:virtualAuthenticators: true}
Session ID: 597a0c430c70878c24edba044d404178" type="org.openqa.selenium.NoSuchElementException">
      <![CDATA[org.openqa.selenium.NoSuchElementException: no such element: Unable to locate element: {"method":"css selector","selector":"#repairException"}
  (Session info: chrome=109.0.5414.75)
For documentation on this error, please visit: https://selenium.dev/exceptions/#no_such_element
Build info: version: '4.3.0', revision: 'a4995e2c09*'
System info: host: 'DESKTOP-M729FOC', ip: '192.168.29.91', os.name: 'Windows 10', os.arch: 'amd64', os.version: '10.0', java.version: '11.0.13'
Driver info: org.openqa.selenium.chrome.ChromeDriver
Command: [597a0c430c70878c24edba044d404178, findElement {using=id, value=repairException}]
Capabilities {acceptInsecureCerts: false, browserName: chrome, browserVersion: 109.0.5414.75, chrome: {chromedriverVersion: 109.0.5414.74 (e7c5703604da..., userDataDir: C:\Users\DELL\AppData\Local...}, goog:chromeOptions: {debuggerAddress: localhost:52569}, networkConnectionEnabled: false, pageLoadStrategy: normal, platformName: WINDOWS, proxy: Proxy(), se:cdp: ws://localhost:52569/devtoo..., se:cdpVersion: 109.0.5414.75, setWindowRect: true, strictFileInteractability: false, timeouts: {implicit: 0, pageLoad: 300000, script: 30000}, unhandledPromptBehavior: dismiss and notify, webauthn:extension:credBlob: true, webauthn:extension:largeBlob: true, webauthn:virtualAuthenticators: true}
Session ID: 597a0c430c70878c24edba044d404178
at jdk.internal.reflect.GeneratedConstructorAccessor15.newInstance(Unknown Source)
at java.base/jdk.internal.reflect.DelegatingConstructorAccessorImpl.newInstance(DelegatingConstructorAccessorImpl.java:45)
at java.base/java.lang.reflect.Constructor.newInstance(Constructor.java:490)
at org.openqa.selenium.remote.codec.w3c.W3CHttpResponseCodec.createException(W3CHttpResponseCodec.java:200)
at org.openqa.selenium.remote.codec.w3c.W3CHttpResponseCodec.decode(W3CHttpResponseCodec.java:133)
at org.openqa.selenium.remote.codec.w3c.W3CHttpResponseCodec.decode(W3CHttpResponseCodec.java:53)
at org.openqa.selenium.remote.HttpCommandExecutor.execute(HttpCommandExecutor.java:184)
at org.openqa.selenium.remote.service.DriverCommandExecutor.invokeExecute(DriverCommandExecutor.java:167)
at org.openqa.selenium.remote.service.DriverCommandExecutor.execute(DriverCommandExecutor.java:142)
at org.openqa.selenium.remote.RemoteWebDriver.execute(RemoteWebDriver.java:569)
at org.openqa.selenium.remote.ElementLocation$ElementFinder$2.findElement(ElementLocation.java:162)
at org.openqa.selenium.remote.ElementLocation.findElement(ElementLocation.java:60)
at org.openqa.selenium.remote.RemoteWebDriver.findElement(RemoteWebDriver.java:387)
at org.openqa.selenium.remote.RemoteWebDriver.findElement(RemoteWebDriver.java:379)
at pageobjects.RepairLocatorsGUI.repairException(RepairLocatorsGUI.java:81)
at fieldServiceFormsTest.PositiveRepairExceptionGUITest.gUITestDropDownRepairException(PositiveRepairExceptionGUITest.java:95)
at jdk.internal.reflect.GeneratedMethodAccessor4.invoke(Unknown Source)
at java.base/jdk.internal.reflect.DelegatingMethodAccessorImpl.invoke(DelegatingMethodAccessorImpl.java:43)
at java.base/java.lang.reflect.Method.invoke(Method.java:566)
at org.testng.internal.MethodInvocationHelper.invokeMethod(MethodInvocationHelper.java:133)
at org.testng.internal.TestInvoker.invokeMethod(TestInvoker.java:598)
at org.testng.internal.TestInvoker.invokeTestMethod(TestInvoker.java:173)
at org.testng.internal.MethodRunner.runInSequence(MethodRunner.java:46)
at org.testng.internal.TestInvoker$MethodInvocationAgent.invoke(TestInvoker.java:824)
at org.testng.internal.TestInvoker.invokeTestMethods(TestInvoker.java:146)
at org.testng.internal.TestMethodWorker.invokeTestMethods(TestMethodWorker.java:146)
at org.testng.internal.TestMethodWorker.run(TestMethodWorker.java:128)
at java.base/java.util.ArrayList.forEach(ArrayList.java:1541)
at org.testng.TestRunner.privateRun(TestRunner.java:794)
at org.testng.TestRunner.run(TestRunner.java:596)
at org.testng.SuiteRunner.runTest(SuiteRunner.java:377)
at org.testng.SuiteRunner.runSequentially(SuiteRunner.java:371)
at org.testng.SuiteRunner.privateRun(SuiteRunner.java:332)
at org.testng.SuiteRunner.run(SuiteRunner.java:276)
at org.testng.SuiteRunnerWorker.runSuite(SuiteRunnerWorker.java:53)
at org.testng.SuiteRunnerWorker.run(SuiteRunnerWorker.java:96)
at org.testng.TestNG.runSuitesSequentially(TestNG.java:1212)
at org.testng.TestNG.runSuitesLocally(TestNG.java:1134)
at org.testng.TestNG.runSuites(TestNG.java:1063)
at org.testng.TestNG.run(TestNG.java:1031)
at org.testng.remote.AbstractRemoteTestNG.run(AbstractRemoteTestNG.java:115)
at org.testng.remote.RemoteTestNG.initAndRun(RemoteTestNG.java:251)
at org.testng.remote.RemoteTestNG.main(RemoteTestNG.java:77)
]]>
    </error>
  </testcase> <!-- gUITestDropDownRepairException -->
  <system-out/>
  <testcase classname="fieldServiceFormsTest.PositiveRepairExceptionGUITest" name="gUITestDropDownRepairException" time="4.713"/>
  <system-out/>
  <testcase classname="fieldServiceFormsTest.PositiveRepairExceptionGUITest" name="gUITestDropDownRepairException" time="4.887"/>
  <system-out/>
  <testcase classname="fieldServiceFormsTest.PositiveRepairExceptionGUITest" name="gUITestDropDownRepairException" time="4.941"/>
  <system-out/>
  <testcase classname="fieldServiceFormsTest.PositiveRepairExceptionGUITest" name="gUITestDropDownRepairException" time="4.464"/>
  <system-out/>
  <testcase classname="fieldServiceFormsTest.PositiveRepairExceptionGUITest" name="gUITestDropDownRepairException" time="4.285"/>
  <system-out/>
  <testcase classname="fieldServiceFormsTest.PositiveRepairExceptionGUITest" name="gUITestDropDownRepairException" time="4.550"/>
  <system-out/>
  <testcase classname="fieldServiceFormsTest.PositiveRepairExceptionGUITest" name="gUITestDropDownRepairException" time="5.565"/>
  <system-out/>
  <testcase classname="fieldServiceFormsTest.PositiveRepairExceptionGUITest" name="gUITestDropDownRepairException" time="5.270"/>
  <system-out/>
  <testcase classname="fieldServiceFormsTest.PositiveRepairExceptionGUITest" name="gUITestDropDownRepairException" time="4.441"/>
  <system-out/>
  <testcase classname="fieldServiceFormsTest.PositiveRepairExceptionGUITest" name="gUITestDropDownRepairException" time="4.477"/>
  <system-out/>
  <testcase classname="fieldServiceFormsTest.PositiveRepairExceptionGUITest" name="gUITestDropDownRepairException" time="4.309"/>
  <system-out/>
  <testcase classname="fieldServiceFormsTest.PositiveRepairExceptionGUITest" name="gUITestDropDownRepairException" time="4.479"/>
  <system-out/>
  <testcase classname="fieldServiceFormsTest.PositiveRepairExceptionGUITest" name="gUITestDropDownRepairException" time="4.338"/>
  <system-out/>
  <testcase classname="fieldServiceFormsTest.PositiveRepairExceptionGUITest" name="gUITestDropDownRepairException" time="4.887"/>
  <system-out/>
  <testcase classname="fieldServiceFormsTest.PositiveRepairExceptionGUITest" name="gUITestDropDownRepairException" time="4.979"/>
  <system-out/>
  <testcase classname="fieldServiceFormsTest.PositiveRepairExceptionGUITest" name="gUITestDropDownRepairException" time="4.284"/>
  <system-out/>
  <testcase classname="fieldServiceFormsTest.PositiveRepairExceptionGUITest" name="gUITestDropDownRepairException" time="5.584"/>
  <system-out/>
  <testcase classname="fieldServiceFormsTest.PositiveRepairExceptionGUITest" name="gUITestDropDownRepairException" time="4.311"/>
  <system-out/>
  <testcase classname="fieldServiceFormsTest.PositiveRepairExceptionGUITest" name="gUITestDropDownRepairException" time="4.414"/>
  <system-out/>
  <testcase classname="fieldServiceFormsTest.PositiveRepairExceptionGUITest" name="gUITestDropDownRepairException" time="5.034"/>
  <system-out/>
  <testcase classname="fieldServiceFormsTest.PositiveRepairExceptionGUITest" name="gUITestDropDownRepairException" time="4.394"/>
  <system-out/>
  <testcase classname="fieldServiceFormsTest.PositiveRepairExceptionGUITest" name="gUITestDropDownRepairException" time="4.805"/>
  <system-out/>
  <testcase classname="fieldServiceFormsTest.PositiveRepairExceptionGUITest" name="gUITestDropDownRepairException" time="4.581"/>
  <system-out/>
  <testcase classname="fieldServiceFormsTest.PositiveRepairExceptionGUITest" name="gUITestDropDownRepairException" time="4.957"/>
  <system-out/>
  <testcase classname="fieldServiceFormsTest.PositiveRepairExceptionGUITest" name="gUITestDropDownRepairException" time="4.453"/>
  <system-out/>
  <testcase classname="fieldServiceFormsTest.PositiveRepairExceptionGUITest" name="gUITestDropDownRepairException" time="5.245"/>
  <system-out/>
  <testcase classname="fieldServiceFormsTest.PositiveRepairExceptionGUITest" name="gUITestDropDownRepairException" time="5.119"/>
  <system-out/>
  <testcase classname="fieldServiceFormsTest.PositiveRepairExceptionGUITest" name="gUITestDropDownRepairException" time="5.125"/>
  <system-out/>
  <testcase classname="fieldServiceFormsTest.PositiveRepairExceptionGUITest" name="gUITestDropDownRepairException" time="4.336"/>
  <system-out/>
  <testcase classname="fieldServiceFormsTest.PositiveRepairExceptionGUITest" name="gUITestDropDownRepairException" time="4.439"/>
  <system-out/>
  <testcase classname="fieldServiceFormsTest.PositiveRepairExceptionGUITest" name="gUITestDropDownRepairException" time="6.076"/>
  <system-out/>
  <testcase classname="fieldServiceFormsTest.PositiveRepairExceptionGUITest" name="gUITestDropDownRepairException" time="4.193"/>
  <system-out/>
  <testcase classname="fieldServiceFormsTest.PositiveRepairExceptionGUITest" name="gUITestDropDownRepairException" time="4.383"/>
  <system-out/>
  <testcase classname="fieldServiceFormsTest.PositiveRepairExceptionGUITest" name="gUITestDropDownRepairException" time="4.923"/>
  <system-out/>
  <testcase classname="fieldServiceFormsTest.PositiveRepairExceptionGUITest" name="gUITestDropDownRepairException" time="4.521"/>
  <system-out/>
  <testcase classname="fieldServiceFormsTest.PositiveRepairExceptionGUITest" name="gUITestDropDownRepairException" time="4.975"/>
  <system-out/>
  <testcase classname="fieldServiceFormsTest.PositiveRepairExceptionGUITest" name="gUITestDropDownRepairException" time="4.604"/>
  <system-out/>
  <testcase classname="fieldServiceFormsTest.PositiveRepairExceptionGUITest" name="gUITestDropDownRepairException" time="4.843"/>
  <system-out/>
  <testcase classname="fieldServiceFormsTest.PositiveRepairExceptionGUITest" name="gUITestDropDownRepairException" time="4.795"/>
  <system-out/>
  <testcase classname="fieldServiceFormsTest.PositiveRepairExceptionGUITest" name="gUITestDropDownRepairException" time="4.402"/>
  <system-out/>
  <testcase classname="fieldServiceFormsTest.PositiveRepairExceptionGUITest" name="gUITestDropDownRepairException" time="4.222"/>
  <system-out/>
  <testcase classname="fieldServiceFormsTest.PositiveRepairExceptionGUITest" name="gUITestDropDownRepairException" time="4.475"/>
  <system-out/>
  <testcase classname="fieldServiceFormsTest.PositiveRepairExceptionGUITest" name="gUITestDropDownRepairException" time="4.427"/>
  <system-out/>
  <testcase classname="fieldServiceFormsTest.PositiveRepairExceptionGUITest" name="gUITestDropDownRepairException" time="4.929"/>
  <system-out/>
  <testcase classname="fieldServiceFormsTest.PositiveRepairExceptionGUITest" name="gUITestDropDownRepairException" time="4.534"/>
  <system-out/>
  <testcase classname="fieldServiceFormsTest.PositiveRepairExceptionGUITest" name="gUITestDropDownRepairException" time="4.299"/>
  <system-out/>
  <testcase classname="fieldServiceFormsTest.PositiveRepairExceptionGUITest" name="gUITestDropDownRepairException" time="5.182"/>
  <system-out/>
  <testcase classname="fieldServiceFormsTest.PositiveRepairExceptionGUITest" name="gUITestDropDownRepairException" time="4.455"/>
  <system-out/>
  <testcase classname="fieldServiceFormsTest.PositiveRepairExceptionGUITest" name="gUITestDropDownRepairException" time="4.452"/>
  <system-out/>
  <testcase classname="fieldServiceFormsTest.PositiveRepairExceptionGUITest" name="gUITestDropDownRepairException" time="4.505"/>
  <system-out/>
  <testcase classname="fieldServiceFormsTest.PositiveRepairExceptionGUITest" name="gUITestDropDownRepairException" time="4.728"/>
  <system-out/>
  <testcase classname="fieldServiceFormsTest.PositiveRepairExceptionGUITest" name="gUITestDropDownRepairException" time="4.291"/>
  <system-out/>
  <testcase classname="fieldServiceFormsTest.PositiveRepairExceptionGUITest" name="gUITestDropDownRepairException" time="4.239"/>
  <system-out/>
  <testcase classname="fieldServiceFormsTest.PositiveRepairExceptionGUITest" name="gUITestDropDownRepairException" time="4.396"/>
  <system-out/>
  <testcase classname="fieldServiceFormsTest.PositiveRepairExceptionGUITest" name="gUITestDropDownRepairException" time="4.431"/>
  <system-out/>
  <testcase classname="fieldServiceFormsTest.PositiveRepairExceptionGUITest" name="gUITestDropDownRepairException" time="4.444"/>
  <system-out/>
  <testcase classname="fieldServiceFormsTest.PositiveRepairExceptionGUITest" name="gUITestDropDownRepairException" time="4.564"/>
  <system-out/>
  <testcase classname="fieldServiceFormsTest.PositiveRepairExceptionGUITest" name="gUITestDropDownRepairException" time="4.259"/>
  <system-out/>
  <testcase classname="fieldServiceFormsTest.PositiveRepairExceptionGUITest" name="gUITestDropDownRepairException" time="4.550"/>
  <system-out/>
  <testcase classname="fieldServiceFormsTest.PositiveRepairExceptionGUITest" name="gUITestDropDownRepairException" time="4.191"/>
  <system-out/>
  <testcase classname="fieldServiceFormsTest.PositiveRepairExceptionGUITest" name="gUITestDropDownRepairException" time="4.371"/>
  <system-out/>
  <testcase classname="fieldServiceFormsTest.PositiveRepairExceptionGUITest" name="gUITestDropDownRepairException" time="4.295"/>
  <system-out/>
  <testcase classname="fieldServiceFormsTest.PositiveRepairExceptionGUITest" name="gUITestDropDownRepairException" time="5.208"/>
  <system-out/>
  <testcase classname="fieldServiceFormsTest.PositiveRepairExceptionGUITest" name="gUITestDropDownRepairException" time="5.086"/>
  <system-out/>
  <testcase classname="fieldServiceFormsTest.PositiveRepairExceptionGUITest" name="gUITestDropDownRepairException" time="4.535"/>
  <system-out/>
  <testcase classname="fieldServiceFormsTest.PositiveRepairExceptionGUITest" name="gUITestDropDownRepairException" time="4.356"/>
  <system-out/>
  <testcase classname="fieldServiceFormsTest.PositiveRepairExceptionGUITest" name="gUITestDropDownRepairException" time="4.519"/>
  <system-out/>
  <testcase classname="fieldServiceFormsTest.PositiveRepairExceptionGUITest" name="gUITestDropDownRepairException" time="5.752"/>
  <system-out/>
  <testcase classname="fieldServiceFormsTest.PositiveRepairExceptionGUITest" name="gUITestDropDownRepairException" time="4.391"/>
  <system-out/>
  <testcase classname="fieldServiceFormsTest.PositiveRepairExceptionGUITest" name="gUITestDropDownRepairException" time="4.634"/>
  <system-out/>
  <testcase classname="fieldServiceFormsTest.PositiveRepairExceptionGUITest" name="gUITestDropDownRepairException" time="5.451"/>
  <system-out/>
  <testcase classname="fieldServiceFormsTest.PositiveRepairExceptionGUITest" name="gUITestDropDownRepairException" time="4.415"/>
  <system-out/>
  <testcase classname="fieldServiceFormsTest.PositiveRepairExceptionGUITest" name="gUITestDropDownRepairException" time="4.378"/>
  <system-out/>
  <testcase classname="fieldServiceFormsTest.PositiveRepairExceptionGUITest" name="gUITestDropDownRepairException" time="4.927"/>
  <system-out/>
  <testcase classname="fieldServiceFormsTest.PositiveRepairExceptionGUITest" name="gUITestDropDownRepairException" time="4.888"/>
  <system-out/>
  <testcase classname="fieldServiceFormsTest.PositiveRepairExceptionGUITest" name="gUITestDropDownRepairException" time="4.418"/>
  <system-out/>
  <testcase classname="fieldServiceFormsTest.PositiveRepairExceptionGUITest" name="gUITestDropDownRepairException" time="4.419"/>
  <system-out/>
  <testcase classname="fieldServiceFormsTest.PositiveRepairExceptionGUITest" name="gUITestDropDownRepairException" time="4.279"/>
  <system-out/>
  <testcase classname="fieldServiceFormsTest.PositiveRepairExceptionGUITest" name="gUITestDropDownRepairException" time="4.221"/>
  <system-out/>
  <testcase classname="fieldServiceFormsTest.PositiveRepairExceptionGUITest" name="gUITestDropDownRepairException" time="4.308"/>
  <system-out/>
  <testcase classname="fieldServiceFormsTest.PositiveRepairExceptionGUITest" name="gUITestDropDownRepairException" time="4.437"/>
  <system-out/>
  <testcase classname="fieldServiceFormsTest.PositiveRepairExceptionGUITest" name="gUITestDropDownRepairException" time="4.254"/>
  <system-out/>
  <testcase classname="fieldServiceFormsTest.PositiveRepairExceptionGUITest" name="gUITestDropDownRepairException" time="5.512"/>
  <system-out/>
  <testcase classname="fieldServiceFormsTest.PositiveRepairExceptionGUITest" name="gUITestDropDownRepairException" time="4.647"/>
  <system-out/>
  <testcase classname="fieldServiceFormsTest.PositiveRepairExceptionGUITest" name="gUITestDropDownRepairException" time="4.493"/>
  <system-out/>
  <testcase classname="fieldServiceFormsTest.PositiveRepairExceptionGUITest" name="gUITestDropDownRepairException" time="4.322"/>
  <system-out/>
  <testcase classname="fieldServiceFormsTest.PositiveRepairExceptionGUITest" name="gUITestDropDownRepairException" time="4.155"/>
  <system-out/>
  <testcase classname="fieldServiceFormsTest.PositiveRepairExceptionGUITest" name="gUITestDropDownRepairException" time="4.414"/>
  <system-out/>
  <testcase classname="fieldServiceFormsTest.PositiveRepairExceptionGUITest" name="gUITestDropDownRepairException" time="4.866"/>
  <system-out/>
  <testcase classname="fieldServiceFormsTest.PositiveRepairExceptionGUITest" name="gUITestDropDownRepairException" time="53.197">
    <error message="no such element: Unable to locate element: {&quot;method&quot;:&quot;css selector&quot;,&quot;selector&quot;:&quot;#repairException&quot;}
  (Session info: chrome=109.0.5414.75)
For documentation on this error, please visit: https://selenium.dev/exceptions/#no_such_element
Build info: version: &#039;4.3.0&#039;, revision: &#039;a4995e2c09*&#039;
System info: host: &#039;DESKTOP-M729FOC&#039;, ip: &#039;192.168.29.91&#039;, os.name: &#039;Windows 10&#039;, os.arch: &#039;amd64&#039;, os.version: &#039;10.0&#039;, java.version: &#039;11.0.13&#039;
Driver info: org.openqa.selenium.chrome.ChromeDriver
Command: [597a0c430c70878c24edba044d404178, findElement {using=id, value=repairException}]
Capabilities {acceptInsecureCerts: false, browserName: chrome, browserVersion: 109.0.5414.75, chrome: {chromedriverVersion: 109.0.5414.74 (e7c5703604da..., userDataDir: C:\Users\DELL\AppData\Local...}, goog:chromeOptions: {debuggerAddress: localhost:52569}, networkConnectionEnabled: false, pageLoadStrategy: normal, platformName: WINDOWS, proxy: Proxy(), se:cdp: ws://localhost:52569/devtoo..., se:cdpVersion: 109.0.5414.75, setWindowRect: true, strictFileInteractability: false, timeouts: {implicit: 0, pageLoad: 300000, script: 30000}, unhandledPromptBehavior: dismiss and notify, webauthn:extension:credBlob: true, webauthn:extension:largeBlob: true, webauthn:virtualAuthenticators: true}
Session ID: 597a0c430c70878c24edba044d404178" type="org.openqa.selenium.NoSuchElementException">
      <![CDATA[org.openqa.selenium.NoSuchElementException: no such element: Unable to locate element: {"method":"css selector","selector":"#repairException"}
  (Session info: chrome=109.0.5414.75)
For documentation on this error, please visit: https://selenium.dev/exceptions/#no_such_element
Build info: version: '4.3.0', revision: 'a4995e2c09*'
System info: host: 'DESKTOP-M729FOC', ip: '192.168.29.91', os.name: 'Windows 10', os.arch: 'amd64', os.version: '10.0', java.version: '11.0.13'
Driver info: org.openqa.selenium.chrome.ChromeDriver
Command: [597a0c430c70878c24edba044d404178, findElement {using=id, value=repairException}]
Capabilities {acceptInsecureCerts: false, browserName: chrome, browserVersion: 109.0.5414.75, chrome: {chromedriverVersion: 109.0.5414.74 (e7c5703604da..., userDataDir: C:\Users\DELL\AppData\Local...}, goog:chromeOptions: {debuggerAddress: localhost:52569}, networkConnectionEnabled: false, pageLoadStrategy: normal, platformName: WINDOWS, proxy: Proxy(), se:cdp: ws://localhost:52569/devtoo..., se:cdpVersion: 109.0.5414.75, setWindowRect: true, strictFileInteractability: false, timeouts: {implicit: 0, pageLoad: 300000, script: 30000}, unhandledPromptBehavior: dismiss and notify, webauthn:extension:credBlob: true, webauthn:extension:largeBlob: true, webauthn:virtualAuthenticators: true}
Session ID: 597a0c430c70878c24edba044d404178
at jdk.internal.reflect.GeneratedConstructorAccessor15.newInstance(Unknown Source)
at java.base/jdk.internal.reflect.DelegatingConstructorAccessorImpl.newInstance(DelegatingConstructorAccessorImpl.java:45)
at java.base/java.lang.reflect.Constructor.newInstance(Constructor.java:490)
at org.openqa.selenium.remote.codec.w3c.W3CHttpResponseCodec.createException(W3CHttpResponseCodec.java:200)
at org.openqa.selenium.remote.codec.w3c.W3CHttpResponseCodec.decode(W3CHttpResponseCodec.java:133)
at org.openqa.selenium.remote.codec.w3c.W3CHttpResponseCodec.decode(W3CHttpResponseCodec.java:53)
at org.openqa.selenium.remote.HttpCommandExecutor.execute(HttpCommandExecutor.java:184)
at org.openqa.selenium.remote.service.DriverCommandExecutor.invokeExecute(DriverCommandExecutor.java:167)
at org.openqa.selenium.remote.service.DriverCommandExecutor.execute(DriverCommandExecutor.java:142)
at org.openqa.selenium.remote.RemoteWebDriver.execute(RemoteWebDriver.java:569)
at org.openqa.selenium.remote.ElementLocation$ElementFinder$2.findElement(ElementLocation.java:162)
at org.openqa.selenium.remote.ElementLocation.findElement(ElementLocation.java:60)
at org.openqa.selenium.remote.RemoteWebDriver.findElement(RemoteWebDriver.java:387)
at org.openqa.selenium.remote.RemoteWebDriver.findElement(RemoteWebDriver.java:379)
at pageobjects.RepairLocatorsGUI.repairException(RepairLocatorsGUI.java:81)
at fieldServiceFormsTest.PositiveRepairExceptionGUITest.gUITestDropDownRepairException(PositiveRepairExceptionGUITest.java:95)
at jdk.internal.reflect.GeneratedMethodAccessor4.invoke(Unknown Source)
at java.base/jdk.internal.reflect.DelegatingMethodAccessorImpl.invoke(DelegatingMethodAccessorImpl.java:43)
at java.base/java.lang.reflect.Method.invoke(Method.java:566)
at org.testng.internal.MethodInvocationHelper.invokeMethod(MethodInvocationHelper.java:133)
at org.testng.internal.TestInvoker.invokeMethod(TestInvoker.java:598)
at org.testng.internal.TestInvoker.invokeTestMethod(TestInvoker.java:173)
at org.testng.internal.MethodRunner.runInSequence(MethodRunner.java:46)
at org.testng.internal.TestInvoker$MethodInvocationAgent.invoke(TestInvoker.java:824)
at org.testng.internal.TestInvoker.invokeTestMethods(TestInvoker.java:146)
at org.testng.internal.TestMethodWorker.invokeTestMethods(TestMethodWorker.java:146)
at org.testng.internal.TestMethodWorker.run(TestMethodWorker.java:128)
at java.base/java.util.ArrayList.forEach(ArrayList.java:1541)
at org.testng.TestRunner.privateRun(TestRunner.java:794)
at org.testng.TestRunner.run(TestRunner.java:596)
at org.testng.SuiteRunner.runTest(SuiteRunner.java:377)
at org.testng.SuiteRunner.runSequentially(SuiteRunner.java:371)
at org.testng.SuiteRunner.privateRun(SuiteRunner.java:332)
at org.testng.SuiteRunner.run(SuiteRunner.java:276)
at org.testng.SuiteRunnerWorker.runSuite(SuiteRunnerWorker.java:53)
at org.testng.SuiteRunnerWorker.run(SuiteRunnerWorker.java:96)
at org.testng.TestNG.runSuitesSequentially(TestNG.java:1212)
at org.testng.TestNG.runSuitesLocally(TestNG.java:1134)
at org.testng.TestNG.runSuites(TestNG.java:1063)
at org.testng.TestNG.run(TestNG.java:1031)
at org.testng.remote.AbstractRemoteTestNG.run(AbstractRemoteTestNG.java:115)
at org.testng.remote.RemoteTestNG.initAndRun(RemoteTestNG.java:251)
at org.testng.remote.RemoteTestNG.main(RemoteTestNG.java:77)
]]>
    </error>
  </testcase> <!-- gUITestDropDownRepairException -->
  <system-out/>
  <testcase classname="fieldServiceFormsTest.PositiveRepairExceptionGUITest" name="gUITestDropDownRepairException" time="4.353"/>
  <system-out/>
  <testcase classname="fieldServiceFormsTest.PositiveRepairExceptionGUITest" name="gUITestDropDownRepairException" time="5.641"/>
  <system-out/>
  <testcase classname="fieldServiceFormsTest.PositiveRepairExceptionGUITest" name="gUITestDropDownRepairException" time="4.899"/>
  <system-out/>
  <testcase classname="fieldServiceFormsTest.PositiveRepairExceptionGUITest" name="gUITestDropDownRepairException" time="4.811"/>
  <system-out/>
  <testcase classname="fieldServiceFormsTest.PositiveRepairExceptionGUITest" name="gUITestDropDownRepairException" time="4.839"/>
  <system-out/>
  <testcase classname="fieldServiceFormsTest.PositiveRepairExceptionGUITest" name="gUITestDropDownRepairException" time="4.452"/>
  <system-out/>
  <testcase classname="fieldServiceFormsTest.PositiveRepairExceptionGUITest" name="gUITestDropDownRepairException" time="4.610"/>
  <system-out/>
  <testcase classname="fieldServiceFormsTest.PositiveRepairExceptionGUITest" name="gUITestDropDownRepairException" time="5.005"/>
  <system-out/>
  <testcase classname="fieldServiceFormsTest.PositiveRepairExceptionGUITest" name="gUITestDropDownRepairException" time="4.647"/>
  <system-out/>
  <testcase classname="fieldServiceFormsTest.PositiveRepairExceptionGUITest" name="gUITestDropDownRepairException" time="4.603"/>
  <system-out/>
  <testcase classname="fieldServiceFormsTest.PositiveRepairExceptionGUITest" name="gUITestDropDownRepairException" time="4.565"/>
  <system-out/>
  <testcase classname="fieldServiceFormsTest.PositiveRepairExceptionGUITest" name="gUITestDropDownRepairException" time="53.237">
    <error message="no such element: Unable to locate element: {&quot;method&quot;:&quot;css selector&quot;,&quot;selector&quot;:&quot;#repairException&quot;}
  (Session info: chrome=109.0.5414.75)
For documentation on this error, please visit: https://selenium.dev/exceptions/#no_such_element
Build info: version: &#039;4.3.0&#039;, revision: &#039;a4995e2c09*&#039;
System info: host: &#039;DESKTOP-M729FOC&#039;, ip: &#039;192.168.29.91&#039;, os.name: &#039;Windows 10&#039;, os.arch: &#039;amd64&#039;, os.version: &#039;10.0&#039;, java.version: &#039;11.0.13&#039;
Driver info: org.openqa.selenium.chrome.ChromeDriver
Command: [597a0c430c70878c24edba044d404178, findElement {using=id, value=repairException}]
Capabilities {acceptInsecureCerts: false, browserName: chrome, browserVersion: 109.0.5414.75, chrome: {chromedriverVersion: 109.0.5414.74 (e7c5703604da..., userDataDir: C:\Users\DELL\AppData\Local...}, goog:chromeOptions: {debuggerAddress: localhost:52569}, networkConnectionEnabled: false, pageLoadStrategy: normal, platformName: WINDOWS, proxy: Proxy(), se:cdp: ws://localhost:52569/devtoo..., se:cdpVersion: 109.0.5414.75, setWindowRect: true, strictFileInteractability: false, timeouts: {implicit: 0, pageLoad: 300000, script: 30000}, unhandledPromptBehavior: dismiss and notify, webauthn:extension:credBlob: true, webauthn:extension:largeBlob: true, webauthn:virtualAuthenticators: true}
Session ID: 597a0c430c70878c24edba044d404178" type="org.openqa.selenium.NoSuchElementException">
      <![CDATA[org.openqa.selenium.NoSuchElementException: no such element: Unable to locate element: {"method":"css selector","selector":"#repairException"}
  (Session info: chrome=109.0.5414.75)
For documentation on this error, please visit: https://selenium.dev/exceptions/#no_such_element
Build info: version: '4.3.0', revision: 'a4995e2c09*'
System info: host: 'DESKTOP-M729FOC', ip: '192.168.29.91', os.name: 'Windows 10', os.arch: 'amd64', os.version: '10.0', java.version: '11.0.13'
Driver info: org.openqa.selenium.chrome.ChromeDriver
Command: [597a0c430c70878c24edba044d404178, findElement {using=id, value=repairException}]
Capabilities {acceptInsecureCerts: false, browserName: chrome, browserVersion: 109.0.5414.75, chrome: {chromedriverVersion: 109.0.5414.74 (e7c5703604da..., userDataDir: C:\Users\DELL\AppData\Local...}, goog:chromeOptions: {debuggerAddress: localhost:52569}, networkConnectionEnabled: false, pageLoadStrategy: normal, platformName: WINDOWS, proxy: Proxy(), se:cdp: ws://localhost:52569/devtoo..., se:cdpVersion: 109.0.5414.75, setWindowRect: true, strictFileInteractability: false, timeouts: {implicit: 0, pageLoad: 300000, script: 30000}, unhandledPromptBehavior: dismiss and notify, webauthn:extension:credBlob: true, webauthn:extension:largeBlob: true, webauthn:virtualAuthenticators: true}
Session ID: 597a0c430c70878c24edba044d404178
at jdk.internal.reflect.GeneratedConstructorAccessor15.newInstance(Unknown Source)
at java.base/jdk.internal.reflect.DelegatingConstructorAccessorImpl.newInstance(DelegatingConstructorAccessorImpl.java:45)
at java.base/java.lang.reflect.Constructor.newInstance(Constructor.java:490)
at org.openqa.selenium.remote.codec.w3c.W3CHttpResponseCodec.createException(W3CHttpResponseCodec.java:200)
at org.openqa.selenium.remote.codec.w3c.W3CHttpResponseCodec.decode(W3CHttpResponseCodec.java:133)
at org.openqa.selenium.remote.codec.w3c.W3CHttpResponseCodec.decode(W3CHttpResponseCodec.java:53)
at org.openqa.selenium.remote.HttpCommandExecutor.execute(HttpCommandExecutor.java:184)
at org.openqa.selenium.remote.service.DriverCommandExecutor.invokeExecute(DriverCommandExecutor.java:167)
at org.openqa.selenium.remote.service.DriverCommandExecutor.execute(DriverCommandExecutor.java:142)
at org.openqa.selenium.remote.RemoteWebDriver.execute(RemoteWebDriver.java:569)
at org.openqa.selenium.remote.ElementLocation$ElementFinder$2.findElement(ElementLocation.java:162)
at org.openqa.selenium.remote.ElementLocation.findElement(ElementLocation.java:60)
at org.openqa.selenium.remote.RemoteWebDriver.findElement(RemoteWebDriver.java:387)
at org.openqa.selenium.remote.RemoteWebDriver.findElement(RemoteWebDriver.java:379)
at pageobjects.RepairLocatorsGUI.repairException(RepairLocatorsGUI.java:81)
at fieldServiceFormsTest.PositiveRepairExceptionGUITest.gUITestDropDownRepairException(PositiveRepairExceptionGUITest.java:95)
at jdk.internal.reflect.GeneratedMethodAccessor4.invoke(Unknown Source)
at java.base/jdk.internal.reflect.DelegatingMethodAccessorImpl.invoke(DelegatingMethodAccessorImpl.java:43)
at java.base/java.lang.reflect.Method.invoke(Method.java:566)
at org.testng.internal.MethodInvocationHelper.invokeMethod(MethodInvocationHelper.java:133)
at org.testng.internal.TestInvoker.invokeMethod(TestInvoker.java:598)
at org.testng.internal.TestInvoker.invokeTestMethod(TestInvoker.java:173)
at org.testng.internal.MethodRunner.runInSequence(MethodRunner.java:46)
at org.testng.internal.TestInvoker$MethodInvocationAgent.invoke(TestInvoker.java:824)
at org.testng.internal.TestInvoker.invokeTestMethods(TestInvoker.java:146)
at org.testng.internal.TestMethodWorker.invokeTestMethods(TestMethodWorker.java:146)
at org.testng.internal.TestMethodWorker.run(TestMethodWorker.java:128)
at java.base/java.util.ArrayList.forEach(ArrayList.java:1541)
at org.testng.TestRunner.privateRun(TestRunner.java:794)
at org.testng.TestRunner.run(TestRunner.java:596)
at org.testng.SuiteRunner.runTest(SuiteRunner.java:377)
at org.testng.SuiteRunner.runSequentially(SuiteRunner.java:371)
at org.testng.SuiteRunner.privateRun(SuiteRunner.java:332)
at org.testng.SuiteRunner.run(SuiteRunner.java:276)
at org.testng.SuiteRunnerWorker.runSuite(SuiteRunnerWorker.java:53)
at org.testng.SuiteRunnerWorker.run(SuiteRunnerWorker.java:96)
at org.testng.TestNG.runSuitesSequentially(TestNG.java:1212)
at org.testng.TestNG.runSuitesLocally(TestNG.java:1134)
at org.testng.TestNG.runSuites(TestNG.java:1063)
at org.testng.TestNG.run(TestNG.java:1031)
at org.testng.remote.AbstractRemoteTestNG.run(AbstractRemoteTestNG.java:115)
at org.testng.remote.RemoteTestNG.initAndRun(RemoteTestNG.java:251)
at org.testng.remote.RemoteTestNG.main(RemoteTestNG.java:77)
]]>
    </error>
  </testcase> <!-- gUITestDropDownRepairException -->
  <system-out/>
  <testcase classname="fieldServiceFormsTest.PositiveRepairExceptionGUITest" name="gUITestDropDownRepairException" time="4.233"/>
  <system-out/>
  <testcase classname="fieldServiceFormsTest.PositiveRepairExceptionGUITest" name="gUITestDropDownRepairException" time="4.721"/>
  <system-out/>
  <testcase classname="fieldServiceFormsTest.PositiveRepairExceptionGUITest" name="gUITestDropDownRepairException" time="4.273"/>
  <system-out/>
  <testcase classname="fieldServiceFormsTest.PositiveRepairExceptionGUITest" name="gUITestDropDownRepairException" time="4.409"/>
  <system-out/>
  <testcase classname="fieldServiceFormsTest.PositiveRepairExceptionGUITest" name="gUITestDropDownRepairException" time="4.481"/>
  <system-out/>
  <testcase classname="fieldServiceFormsTest.PositiveRepairExceptionGUITest" name="gUITestDropDownRepairException" time="4.484"/>
  <system-out/>
  <testcase classname="fieldServiceFormsTest.PositiveRepairExceptionGUITest" name="gUITestDropDownRepairException" time="4.390"/>
  <system-out/>
  <testcase classname="fieldServiceFormsTest.PositiveRepairExceptionGUITest" name="gUITestDropDownRepairException" time="4.447"/>
  <system-out/>
  <testcase classname="fieldServiceFormsTest.PositiveRepairExceptionGUITest" name="gUITestDropDownRepairException" time="5.017"/>
  <system-out/>
  <testcase classname="fieldServiceFormsTest.PositiveRepairExceptionGUITest" name="gUITestDropDownRepairException" time="4.743"/>
  <system-out/>
  <testcase classname="fieldServiceFormsTest.PositiveRepairExceptionGUITest" name="gUITestDropDownRepairException" time="4.995"/>
  <system-out/>
  <testcase classname="fieldServiceFormsTest.PositiveRepairExceptionGUITest" name="gUITestDropDownRepairException" time="4.620"/>
  <system-out/>
  <testcase classname="fieldServiceFormsTest.PositiveRepairExceptionGUITest" name="gUITestDropDownRepairException" time="4.417"/>
  <system-out/>
  <testcase classname="fieldServiceFormsTest.PositiveRepairExceptionGUITest" name="gUITestDropDownRepairException" time="4.761"/>
  <system-out/>
  <testcase classname="fieldServiceFormsTest.PositiveRepairExceptionGUITest" name="gUITestDropDownRepairException" time="5.341"/>
  <system-out/>
  <testcase classname="fieldServiceFormsTest.PositiveRepairExceptionGUITest" name="gUITestDropDownRepairException" time="4.201"/>
  <system-out/>
  <testcase classname="fieldServiceFormsTest.PositiveRepairExceptionGUITest" name="gUITestDropDownRepairException" time="4.711"/>
  <system-out/>
  <testcase classname="fieldServiceFormsTest.PositiveRepairExceptionGUITest" name="gUITestDropDownRepairException" time="53.273">
    <error message="no such element: Unable to locate element: {&quot;method&quot;:&quot;css selector&quot;,&quot;selector&quot;:&quot;#repairException&quot;}
  (Session info: chrome=109.0.5414.75)
For documentation on this error, please visit: https://selenium.dev/exceptions/#no_such_element
Build info: version: &#039;4.3.0&#039;, revision: &#039;a4995e2c09*&#039;
System info: host: &#039;DESKTOP-M729FOC&#039;, ip: &#039;192.168.29.91&#039;, os.name: &#039;Windows 10&#039;, os.arch: &#039;amd64&#039;, os.version: &#039;10.0&#039;, java.version: &#039;11.0.13&#039;
Driver info: org.openqa.selenium.chrome.ChromeDriver
Command: [597a0c430c70878c24edba044d404178, findElement {using=id, value=repairException}]
Capabilities {acceptInsecureCerts: false, browserName: chrome, browserVersion: 109.0.5414.75, chrome: {chromedriverVersion: 109.0.5414.74 (e7c5703604da..., userDataDir: C:\Users\DELL\AppData\Local...}, goog:chromeOptions: {debuggerAddress: localhost:52569}, networkConnectionEnabled: false, pageLoadStrategy: normal, platformName: WINDOWS, proxy: Proxy(), se:cdp: ws://localhost:52569/devtoo..., se:cdpVersion: 109.0.5414.75, setWindowRect: true, strictFileInteractability: false, timeouts: {implicit: 0, pageLoad: 300000, script: 30000}, unhandledPromptBehavior: dismiss and notify, webauthn:extension:credBlob: true, webauthn:extension:largeBlob: true, webauthn:virtualAuthenticators: true}
Session ID: 597a0c430c70878c24edba044d404178" type="org.openqa.selenium.NoSuchElementException">
      <![CDATA[org.openqa.selenium.NoSuchElementException: no such element: Unable to locate element: {"method":"css selector","selector":"#repairException"}
  (Session info: chrome=109.0.5414.75)
For documentation on this error, please visit: https://selenium.dev/exceptions/#no_such_element
Build info: version: '4.3.0', revision: 'a4995e2c09*'
System info: host: 'DESKTOP-M729FOC', ip: '192.168.29.91', os.name: 'Windows 10', os.arch: 'amd64', os.version: '10.0', java.version: '11.0.13'
Driver info: org.openqa.selenium.chrome.ChromeDriver
Command: [597a0c430c70878c24edba044d404178, findElement {using=id, value=repairException}]
Capabilities {acceptInsecureCerts: false, browserName: chrome, browserVersion: 109.0.5414.75, chrome: {chromedriverVersion: 109.0.5414.74 (e7c5703604da..., userDataDir: C:\Users\DELL\AppData\Local...}, goog:chromeOptions: {debuggerAddress: localhost:52569}, networkConnectionEnabled: false, pageLoadStrategy: normal, platformName: WINDOWS, proxy: Proxy(), se:cdp: ws://localhost:52569/devtoo..., se:cdpVersion: 109.0.5414.75, setWindowRect: true, strictFileInteractability: false, timeouts: {implicit: 0, pageLoad: 300000, script: 30000}, unhandledPromptBehavior: dismiss and notify, webauthn:extension:credBlob: true, webauthn:extension:largeBlob: true, webauthn:virtualAuthenticators: true}
Session ID: 597a0c430c70878c24edba044d404178
at java.base/jdk.internal.reflect.NativeConstructorAccessorImpl.newInstance0(Native Method)
at java.base/jdk.internal.reflect.NativeConstructorAccessorImpl.newInstance(NativeConstructorAccessorImpl.java:62)
at java.base/jdk.internal.reflect.DelegatingConstructorAccessorImpl.newInstance(DelegatingConstructorAccessorImpl.java:45)
at java.base/java.lang.reflect.Constructor.newInstance(Constructor.java:490)
at org.openqa.selenium.remote.codec.w3c.W3CHttpResponseCodec.createException(W3CHttpResponseCodec.java:200)
at org.openqa.selenium.remote.codec.w3c.W3CHttpResponseCodec.decode(W3CHttpResponseCodec.java:133)
at org.openqa.selenium.remote.codec.w3c.W3CHttpResponseCodec.decode(W3CHttpResponseCodec.java:53)
at org.openqa.selenium.remote.HttpCommandExecutor.execute(HttpCommandExecutor.java:184)
at org.openqa.selenium.remote.service.DriverCommandExecutor.invokeExecute(DriverCommandExecutor.java:167)
at org.openqa.selenium.remote.service.DriverCommandExecutor.execute(DriverCommandExecutor.java:142)
at org.openqa.selenium.remote.RemoteWebDriver.execute(RemoteWebDriver.java:569)
at org.openqa.selenium.remote.ElementLocation$ElementFinder$2.findElement(ElementLocation.java:162)
at org.openqa.selenium.remote.ElementLocation.findElement(ElementLocation.java:60)
at org.openqa.selenium.remote.RemoteWebDriver.findElement(RemoteWebDriver.java:387)
at org.openqa.selenium.remote.RemoteWebDriver.findElement(RemoteWebDriver.java:379)
at pageobjects.RepairLocatorsGUI.repairException(RepairLocatorsGUI.java:81)
at fieldServiceFormsTest.PositiveRepairExceptionGUITest.gUITestDropDownRepairException(PositiveRepairExceptionGUITest.java:95)
at jdk.internal.reflect.GeneratedMethodAccessor4.invoke(Unknown Source)
at java.base/jdk.internal.reflect.DelegatingMethodAccessorImpl.invoke(DelegatingMethodAccessorImpl.java:43)
at java.base/java.lang.reflect.Method.invoke(Method.java:566)
at org.testng.internal.MethodInvocationHelper.invokeMethod(MethodInvocationHelper.java:133)
at org.testng.internal.TestInvoker.invokeMethod(TestInvoker.java:598)
at org.testng.internal.TestInvoker.invokeTestMethod(TestInvoker.java:173)
at org.testng.internal.MethodRunner.runInSequence(MethodRunner.java:46)
at org.testng.internal.TestInvoker$MethodInvocationAgent.invoke(TestInvoker.java:824)
at org.testng.internal.TestInvoker.invokeTestMethods(TestInvoker.java:146)
at org.testng.internal.TestMethodWorker.invokeTestMethods(TestMethodWorker.java:146)
at org.testng.internal.TestMethodWorker.run(TestMethodWorker.java:128)
at java.base/java.util.ArrayList.forEach(ArrayList.java:1541)
at org.testng.TestRunner.privateRun(TestRunner.java:794)
at org.testng.TestRunner.run(TestRunner.java:596)
at org.testng.SuiteRunner.runTest(SuiteRunner.java:377)
at org.testng.SuiteRunner.runSequentially(SuiteRunner.java:371)
at org.testng.SuiteRunner.privateRun(SuiteRunner.java:332)
at org.testng.SuiteRunner.run(SuiteRunner.java:276)
at org.testng.SuiteRunnerWorker.runSuite(SuiteRunnerWorker.java:53)
at org.testng.SuiteRunnerWorker.run(SuiteRunnerWorker.java:96)
at org.testng.TestNG.runSuitesSequentially(TestNG.java:1212)
at org.testng.TestNG.runSuitesLocally(TestNG.java:1134)
at org.testng.TestNG.runSuites(TestNG.java:1063)
at org.testng.TestNG.run(TestNG.java:1031)
at org.testng.remote.AbstractRemoteTestNG.run(AbstractRemoteTestNG.java:115)
at org.testng.remote.RemoteTestNG.initAndRun(RemoteTestNG.java:251)
at org.testng.remote.RemoteTestNG.main(RemoteTestNG.java:77)
]]>
    </error>
  </testcase> <!-- gUITestDropDownRepairException -->
  <system-out/>
  <testcase classname="fieldServiceFormsTest.PositiveRepairExceptionGUITest" name="gUITestDropDownRepairException" time="5.217"/>
  <system-out/>
  <testcase classname="fieldServiceFormsTest.PositiveRepairExceptionGUITest" name="gUITestDropDownRepairException" time="5.217"/>
  <system-out/>
  <testcase classname="fieldServiceFormsTest.PositiveRepairExceptionGUITest" name="gUITestDropDownRepairException" time="4.392"/>
  <system-out/>
  <testcase classname="fieldServiceFormsTest.PositiveRepairExceptionGUITest" name="gUITestDropDownRepairException" time="4.293"/>
  <system-out/>
  <testcase classname="fieldServiceFormsTest.PositiveRepairExceptionGUITest" name="gUITestDropDownRepairException" time="4.983"/>
  <system-out/>
  <testcase classname="fieldServiceFormsTest.PositiveRepairExceptionGUITest" name="gUITestDropDownRepairException" time="5.083"/>
  <system-out/>
  <testcase classname="fieldServiceFormsTest.PositiveRepairExceptionGUITest" name="gUITestDropDownRepairException" time="6.191"/>
  <system-out/>
  <testcase classname="fieldServiceFormsTest.PositiveRepairExceptionGUITest" name="gUITestDropDownRepairException" time="4.819"/>
  <system-out/>
  <testcase classname="fieldServiceFormsTest.PositiveRepairExceptionGUITest" name="gUITestDropDownRepairException" time="4.428"/>
  <system-out/>
  <testcase classname="fieldServiceFormsTest.PositiveRepairExceptionGUITest" name="gUITestDropDownRepairException" time="5.090"/>
  <system-out/>
  <testcase classname="fieldServiceFormsTest.PositiveRepairExceptionGUITest" name="gUITestDropDownRepairException" time="4.389"/>
  <system-out/>
  <testcase classname="fieldServiceFormsTest.PositiveRepairExceptionGUITest" name="gUITestDropDownRepairException" time="4.964"/>
  <system-out/>
  <testcase classname="fieldServiceFormsTest.PositiveRepairExceptionGUITest" name="gUITestDropDownRepairException" time="5.209"/>
  <system-out/>
  <testcase classname="fieldServiceFormsTest.PositiveRepairExceptionGUITest" name="gUITestDropDownRepairException" time="4.200"/>
  <system-out/>
  <testcase classname="fieldServiceFormsTest.PositiveRepairExceptionGUITest" name="gUITestDropDownRepairException" time="4.932"/>
  <system-out/>
  <testcase classname="fieldServiceFormsTest.PositiveRepairExceptionGUITest" name="gUITestDropDownRepairException" time="5.383"/>
  <system-out/>
  <testcase classname="fieldServiceFormsTest.PositiveRepairExceptionGUITest" name="gUITestDropDownRepairException" time="4.463"/>
  <system-out/>
  <testcase classname="fieldServiceFormsTest.PositiveRepairExceptionGUITest" name="gUITestDropDownRepairException" time="4.665"/>
  <system-out/>
  <testcase classname="fieldServiceFormsTest.PositiveRepairExceptionGUITest" name="gUITestDropDownRepairException" time="5.062"/>
  <system-out/>
  <testcase classname="fieldServiceFormsTest.PositiveRepairExceptionGUITest" name="gUITestDropDownRepairException" time="5.707"/>
  <system-out/>
  <testcase classname="fieldServiceFormsTest.PositiveRepairExceptionGUITest" name="gUITestDropDownRepairException" time="4.500"/>
  <system-out/>
  <testcase classname="fieldServiceFormsTest.PositiveRepairExceptionGUITest" name="gUITestDropDownRepairException" time="4.972"/>
  <system-out/>
  <testcase classname="fieldServiceFormsTest.PositiveRepairExceptionGUITest" name="gUITestDropDownRepairException" time="4.214"/>
  <system-out/>
  <testcase classname="fieldServiceFormsTest.PositiveRepairExceptionGUITest" name="gUITestDropDownRepairException" time="4.778"/>
  <system-out/>
  <testcase classname="fieldServiceFormsTest.PositiveRepairExceptionGUITest" name="gUITestDropDownRepairException" time="4.601"/>
  <system-out/>
  <testcase classname="fieldServiceFormsTest.PositiveRepairExceptionGUITest" name="gUITestDropDownRepairException" time="4.826"/>
  <system-out/>
  <testcase classname="fieldServiceFormsTest.PositiveRepairExceptionGUITest" name="gUITestDropDownRepairException" time="4.881"/>
  <system-out/>
  <testcase classname="fieldServiceFormsTest.PositiveRepairExceptionGUITest" name="gUITestDropDownRepairException" time="4.457"/>
  <system-out/>
  <testcase classname="fieldServiceFormsTest.PositiveRepairExceptionGUITest" name="gUITestDropDownRepairException" time="4.886"/>
  <system-out/>
  <testcase classname="fieldServiceFormsTest.PositiveRepairExceptionGUITest" name="gUITestDropDownRepairException" time="4.330"/>
  <system-out/>
  <testcase classname="fieldServiceFormsTest.PositiveRepairExceptionGUITest" name="gUITestDropDownRepairException" time="4.398"/>
  <system-out/>
  <testcase classname="fieldServiceFormsTest.PositiveRepairExceptionGUITest" name="gUITestDropDownRepairException" time="4.572"/>
  <system-out/>
  <testcase classname="fieldServiceFormsTest.PositiveRepairExceptionGUITest" name="gUITestDropDownRepairException" time="4.431"/>
  <system-out/>
  <testcase classname="fieldServiceFormsTest.PositiveRepairExceptionGUITest" name="gUITestDropDownRepairException" time="4.249"/>
  <system-out/>
  <testcase classname="fieldServiceFormsTest.PositiveRepairExceptionGUITest" name="gUITestDropDownRepairException" time="5.226"/>
  <system-out/>
  <testcase classname="fieldServiceFormsTest.PositiveRepairExceptionGUITest" name="gUITestDropDownRepairException" time="5.067"/>
  <system-out/>
  <testcase classname="fieldServiceFormsTest.PositiveRepairExceptionGUITest" name="gUITestDropDownRepairException" time="5.031"/>
  <system-out/>
  <testcase classname="fieldServiceFormsTest.PositiveRepairExceptionGUITest" name="gUITestDropDownRepairException" time="4.446"/>
  <system-out/>
  <testcase classname="fieldServiceFormsTest.PositiveRepairExceptionGUITest" name="gUITestDropDownRepairException" time="4.336"/>
  <system-out/>
  <testcase classname="fieldServiceFormsTest.PositiveRepairExceptionGUITest" name="gUITestDropDownRepairException" time="4.568"/>
  <system-out/>
  <testcase classname="fieldServiceFormsTest.PositiveRepairExceptionGUITest" name="gUITestDropDownRepairException" time="4.975"/>
  <system-out/>
  <testcase classname="fieldServiceFormsTest.PositiveRepairExceptionGUITest" name="gUITestDropDownRepairException" time="4.461"/>
  <system-out/>
  <testcase classname="fieldServiceFormsTest.PositiveRepairExceptionGUITest" name="gUITestDropDownRepairException" time="53.202">
    <error message="no such element: Unable to locate element: {&quot;method&quot;:&quot;css selector&quot;,&quot;selector&quot;:&quot;#repairException&quot;}
  (Session info: chrome=109.0.5414.75)
For documentation on this error, please visit: https://selenium.dev/exceptions/#no_such_element
Build info: version: &#039;4.3.0&#039;, revision: &#039;a4995e2c09*&#039;
System info: host: &#039;DESKTOP-M729FOC&#039;, ip: &#039;192.168.29.91&#039;, os.name: &#039;Windows 10&#039;, os.arch: &#039;amd64&#039;, os.version: &#039;10.0&#039;, java.version: &#039;11.0.13&#039;
Driver info: org.openqa.selenium.chrome.ChromeDriver
Command: [597a0c430c70878c24edba044d404178, findElement {using=id, value=repairException}]
Capabilities {acceptInsecureCerts: false, browserName: chrome, browserVersion: 109.0.5414.75, chrome: {chromedriverVersion: 109.0.5414.74 (e7c5703604da..., userDataDir: C:\Users\DELL\AppData\Local...}, goog:chromeOptions: {debuggerAddress: localhost:52569}, networkConnectionEnabled: false, pageLoadStrategy: normal, platformName: WINDOWS, proxy: Proxy(), se:cdp: ws://localhost:52569/devtoo..., se:cdpVersion: 109.0.5414.75, setWindowRect: true, strictFileInteractability: false, timeouts: {implicit: 0, pageLoad: 300000, script: 30000}, unhandledPromptBehavior: dismiss and notify, webauthn:extension:credBlob: true, webauthn:extension:largeBlob: true, webauthn:virtualAuthenticators: true}
Session ID: 597a0c430c70878c24edba044d404178" type="org.openqa.selenium.NoSuchElementException">
      <![CDATA[org.openqa.selenium.NoSuchElementException: no such element: Unable to locate element: {"method":"css selector","selector":"#repairException"}
  (Session info: chrome=109.0.5414.75)
For documentation on this error, please visit: https://selenium.dev/exceptions/#no_such_element
Build info: version: '4.3.0', revision: 'a4995e2c09*'
System info: host: 'DESKTOP-M729FOC', ip: '192.168.29.91', os.name: 'Windows 10', os.arch: 'amd64', os.version: '10.0', java.version: '11.0.13'
Driver info: org.openqa.selenium.chrome.ChromeDriver
Command: [597a0c430c70878c24edba044d404178, findElement {using=id, value=repairException}]
Capabilities {acceptInsecureCerts: false, browserName: chrome, browserVersion: 109.0.5414.75, chrome: {chromedriverVersion: 109.0.5414.74 (e7c5703604da..., userDataDir: C:\Users\DELL\AppData\Local...}, goog:chromeOptions: {debuggerAddress: localhost:52569}, networkConnectionEnabled: false, pageLoadStrategy: normal, platformName: WINDOWS, proxy: Proxy(), se:cdp: ws://localhost:52569/devtoo..., se:cdpVersion: 109.0.5414.75, setWindowRect: true, strictFileInteractability: false, timeouts: {implicit: 0, pageLoad: 300000, script: 30000}, unhandledPromptBehavior: dismiss and notify, webauthn:extension:credBlob: true, webauthn:extension:largeBlob: true, webauthn:virtualAuthenticators: true}
Session ID: 597a0c430c70878c24edba044d404178
at jdk.internal.reflect.GeneratedConstructorAccessor15.newInstance(Unknown Source)
at java.base/jdk.internal.reflect.DelegatingConstructorAccessorImpl.newInstance(DelegatingConstructorAccessorImpl.java:45)
at java.base/java.lang.reflect.Constructor.newInstance(Constructor.java:490)
at org.openqa.selenium.remote.codec.w3c.W3CHttpResponseCodec.createException(W3CHttpResponseCodec.java:200)
at org.openqa.selenium.remote.codec.w3c.W3CHttpResponseCodec.decode(W3CHttpResponseCodec.java:133)
at org.openqa.selenium.remote.codec.w3c.W3CHttpResponseCodec.decode(W3CHttpResponseCodec.java:53)
at org.openqa.selenium.remote.HttpCommandExecutor.execute(HttpCommandExecutor.java:184)
at org.openqa.selenium.remote.service.DriverCommandExecutor.invokeExecute(DriverCommandExecutor.java:167)
at org.openqa.selenium.remote.service.DriverCommandExecutor.execute(DriverCommandExecutor.java:142)
at org.openqa.selenium.remote.RemoteWebDriver.execute(RemoteWebDriver.java:569)
at org.openqa.selenium.remote.ElementLocation$ElementFinder$2.findElement(ElementLocation.java:162)
at org.openqa.selenium.remote.ElementLocation.findElement(ElementLocation.java:60)
at org.openqa.selenium.remote.RemoteWebDriver.findElement(RemoteWebDriver.java:387)
at org.openqa.selenium.remote.RemoteWebDriver.findElement(RemoteWebDriver.java:379)
at pageobjects.RepairLocatorsGUI.repairException(RepairLocatorsGUI.java:81)
at fieldServiceFormsTest.PositiveRepairExceptionGUITest.gUITestDropDownRepairException(PositiveRepairExceptionGUITest.java:95)
at jdk.internal.reflect.GeneratedMethodAccessor4.invoke(Unknown Source)
at java.base/jdk.internal.reflect.DelegatingMethodAccessorImpl.invoke(DelegatingMethodAccessorImpl.java:43)
at java.base/java.lang.reflect.Method.invoke(Method.java:566)
at org.testng.internal.MethodInvocationHelper.invokeMethod(MethodInvocationHelper.java:133)
at org.testng.internal.TestInvoker.invokeMethod(TestInvoker.java:598)
at org.testng.internal.TestInvoker.invokeTestMethod(TestInvoker.java:173)
at org.testng.internal.MethodRunner.runInSequence(MethodRunner.java:46)
at org.testng.internal.TestInvoker$MethodInvocationAgent.invoke(TestInvoker.java:824)
at org.testng.internal.TestInvoker.invokeTestMethods(TestInvoker.java:146)
at org.testng.internal.TestMethodWorker.invokeTestMethods(TestMethodWorker.java:146)
at org.testng.internal.TestMethodWorker.run(TestMethodWorker.java:128)
at java.base/java.util.ArrayList.forEach(ArrayList.java:1541)
at org.testng.TestRunner.privateRun(TestRunner.java:794)
at org.testng.TestRunner.run(TestRunner.java:596)
at org.testng.SuiteRunner.runTest(SuiteRunner.java:377)
at org.testng.SuiteRunner.runSequentially(SuiteRunner.java:371)
at org.testng.SuiteRunner.privateRun(SuiteRunner.java:332)
at org.testng.SuiteRunner.run(SuiteRunner.java:276)
at org.testng.SuiteRunnerWorker.runSuite(SuiteRunnerWorker.java:53)
at org.testng.SuiteRunnerWorker.run(SuiteRunnerWorker.java:96)
at org.testng.TestNG.runSuitesSequentially(TestNG.java:1212)
at org.testng.TestNG.runSuitesLocally(TestNG.java:1134)
at org.testng.TestNG.runSuites(TestNG.java:1063)
at org.testng.TestNG.run(TestNG.java:1031)
at org.testng.remote.AbstractRemoteTestNG.run(AbstractRemoteTestNG.java:115)
at org.testng.remote.RemoteTestNG.initAndRun(RemoteTestNG.java:251)
at org.testng.remote.RemoteTestNG.main(RemoteTestNG.java:77)
]]>
    </error>
  </testcase> <!-- gUITestDropDownRepairException -->
  <system-out/>
  <testcase classname="fieldServiceFormsTest.PositiveRepairExceptionGUITest" name="gUITestDropDownRepairException" time="4.258"/>
  <system-out/>
  <testcase classname="fieldServiceFormsTest.PositiveRepairExceptionGUITest" name="gUITestDropDownRepairException" time="4.191"/>
  <system-out/>
  <testcase classname="fieldServiceFormsTest.PositiveRepairExceptionGUITest" name="gUITestDropDownRepairException" time="4.667"/>
  <system-out/>
  <testcase classname="fieldServiceFormsTest.PositiveRepairExceptionGUITest" name="gUITestDropDownRepairException" time="4.258"/>
  <system-out/>
  <testcase classname="fieldServiceFormsTest.PositiveRepairExceptionGUITest" name="gUITestDropDownRepairException" time="4.844"/>
  <system-out/>
  <testcase classname="fieldServiceFormsTest.PositiveRepairExceptionGUITest" name="gUITestDropDownRepairException" time="4.416"/>
  <system-out/>
  <testcase classname="fieldServiceFormsTest.PositiveRepairExceptionGUITest" name="gUITestDropDownRepairException" time="4.410"/>
  <system-out/>
  <testcase classname="fieldServiceFormsTest.PositiveRepairExceptionGUITest" name="gUITestDropDownRepairException" time="4.379"/>
  <system-out/>
  <testcase classname="fieldServiceFormsTest.PositiveRepairExceptionGUITest" name="gUITestDropDownRepairException" time="4.990"/>
  <system-out/>
  <testcase classname="fieldServiceFormsTest.PositiveRepairExceptionGUITest" name="gUITestDropDownRepairException" time="4.504"/>
  <system-out/>
  <testcase classname="fieldServiceFormsTest.PositiveRepairExceptionGUITest" name="gUITestDropDownRepairException" time="4.418"/>
  <system-out/>
  <testcase classname="fieldServiceFormsTest.PositiveRepairExceptionGUITest" name="gUITestDropDownRepairException" time="5.811"/>
  <system-out/>
  <testcase classname="fieldServiceFormsTest.PositiveRepairExceptionGUITest" name="gUITestDropDownRepairException" time="4.148"/>
  <system-out/>
  <testcase classname="fieldServiceFormsTest.PositiveRepairExceptionGUITest" name="gUITestDropDownRepairException" time="5.006"/>
  <system-out/>
  <testcase classname="fieldServiceFormsTest.PositiveRepairExceptionGUITest" name="gUITestDropDownRepairException" time="5.043"/>
  <system-out/>
  <testcase classname="fieldServiceFormsTest.PositiveRepairExceptionGUITest" name="gUITestDropDownRepairException" time="5.011"/>
  <system-out/>
  <testcase classname="fieldServiceFormsTest.PositiveRepairExceptionGUITest" name="gUITestDropDownRepairException" time="5.196"/>
  <system-out/>
  <testcase classname="fieldServiceFormsTest.PositiveRepairExceptionGUITest" name="gUITestDropDownRepairException" time="4.321"/>
  <system-out/>
  <testcase classname="fieldServiceFormsTest.PositiveRepairExceptionGUITest" name="gUITestDropDownRepairException" time="4.862"/>
  <system-out/>
  <testcase classname="fieldServiceFormsTest.PositiveRepairExceptionGUITest" name="gUITestDropDownRepairException" time="4.524"/>
  <system-out/>
  <testcase classname="fieldServiceFormsTest.PositiveRepairExceptionGUITest" name="gUITestDropDownRepairException" time="4.242"/>
  <system-out/>
  <testcase classname="fieldServiceFormsTest.PositiveRepairExceptionGUITest" name="gUITestDropDownRepairException" time="4.454"/>
  <system-out/>
  <testcase classname="fieldServiceFormsTest.PositiveRepairExceptionGUITest" name="gUITestDropDownRepairException" time="4.525"/>
  <system-out/>
  <testcase classname="fieldServiceFormsTest.PositiveRepairExceptionGUITest" name="gUITestDropDownRepairException" time="4.402"/>
  <system-out/>
  <testcase classname="fieldServiceFormsTest.PositiveRepairExceptionGUITest" name="gUITestDropDownRepairException" time="4.266"/>
  <system-out/>
  <testcase classname="fieldServiceFormsTest.PositiveRepairExceptionGUITest" name="gUITestDropDownRepairException" time="5.247"/>
  <system-out/>
  <testcase classname="fieldServiceFormsTest.PositiveRepairExceptionGUITest" name="gUITestDropDownRepairException" time="5.182"/>
  <system-out/>
  <testcase classname="fieldServiceFormsTest.PositiveRepairExceptionGUITest" name="gUITestDropDownRepairException" time="4.611"/>
  <system-out/>
  <testcase classname="fieldServiceFormsTest.PositiveRepairExceptionGUITest" name="gUITestDropDownRepairException" time="4.419"/>
  <system-out/>
  <testcase classname="fieldServiceFormsTest.PositiveRepairExceptionGUITest" name="gUITestDropDownRepairException" time="5.096"/>
  <system-out/>
  <testcase classname="fieldServiceFormsTest.PositiveRepairExceptionGUITest" name="gUITestDropDownRepairException" time="5.097"/>
  <system-out/>
  <testcase classname="fieldServiceFormsTest.PositiveRepairExceptionGUITest" name="gUITestDropDownRepairException" time="4.799"/>
  <system-out/>
  <testcase classname="fieldServiceFormsTest.PositiveRepairExceptionGUITest" name="gUITestDropDownRepairException" time="4.843"/>
  <system-out/>
  <testcase classname="fieldServiceFormsTest.PositiveRepairExceptionGUITest" name="gUITestDropDownRepairException" time="4.237"/>
  <system-out/>
  <testcase classname="fieldServiceFormsTest.PositiveRepairExceptionGUITest" name="gUITestDropDownRepairException" time="4.442"/>
  <system-out/>
  <testcase classname="fieldServiceFormsTest.PositiveRepairExceptionGUITest" name="gUITestDropDownRepairException" time="4.871"/>
  <system-out/>
  <testcase classname="fieldServiceFormsTest.PositiveRepairExceptionGUITest" name="gUITestDropDownRepairException" time="4.306"/>
  <system-out/>
  <testcase classname="fieldServiceFormsTest.PositiveRepairExceptionGUITest" name="gUITestDropDownRepairException" time="4.390"/>
  <system-out/>
  <testcase classname="fieldServiceFormsTest.PositiveRepairExceptionGUITest" name="gUITestDropDownRepairException" time="4.381"/>
  <system-out/>
  <testcase classname="fieldServiceFormsTest.PositiveRepairExceptionGUITest" name="gUITestDropDownRepairException" time="4.301"/>
  <system-out/>
  <testcase classname="fieldServiceFormsTest.PositiveRepairExceptionGUITest" name="gUITestDropDownRepairException" time="4.423"/>
  <system-out/>
  <testcase classname="fieldServiceFormsTest.PositiveRepairExceptionGUITest" name="gUITestDropDownRepairException" time="5.564"/>
  <system-out/>
  <testcase classname="fieldServiceFormsTest.PositiveRepairExceptionGUITest" name="gUITestDropDownRepairException" time="4.635"/>
  <system-out/>
  <testcase classname="fieldServiceFormsTest.PositiveRepairExceptionGUITest" name="gUITestDropDownRepairException" time="4.528"/>
  <system-out/>
  <testcase classname="fieldServiceFormsTest.PositiveRepairExceptionGUITest" name="gUITestDropDownRepairException" time="4.526"/>
  <system-out/>
  <testcase classname="fieldServiceFormsTest.PositiveRepairExceptionGUITest" name="gUITestDropDownRepairException" time="4.933"/>
  <system-out/>
  <testcase classname="fieldServiceFormsTest.PositiveRepairExceptionGUITest" name="gUITestDropDownRepairException" time="5.232"/>
  <system-out/>
  <testcase classname="fieldServiceFormsTest.PositiveRepairExceptionGUITest" name="gUITestDropDownRepairException" time="4.927"/>
  <system-out/>
  <testcase classname="fieldServiceFormsTest.PositiveRepairExceptionGUITest" name="gUITestDropDownRepairException" time="4.825"/>
  <system-out/>
  <testcase classname="fieldServiceFormsTest.PositiveRepairExceptionGUITest" name="gUITestDropDownRepairException" time="5.073"/>
  <system-out/>
  <testcase classname="fieldServiceFormsTest.PositiveRepairExceptionGUITest" name="gUITestDropDownRepairException" time="6.300"/>
  <system-out/>
  <testcase classname="fieldServiceFormsTest.PositiveRepairExceptionGUITest" name="gUITestDropDownRepairException" time="5.001"/>
  <system-out/>
  <testcase classname="fieldServiceFormsTest.PositiveRepairExceptionGUITest" name="gUITestDropDownRepairException" time="4.857"/>
  <system-out/>
  <testcase classname="fieldServiceFormsTest.PositiveRepairExceptionGUITest" name="gUITestDropDownRepairException" time="4.945"/>
  <system-out/>
  <testcase classname="fieldServiceFormsTest.PositiveRepairExceptionGUITest" name="gUITestDropDownRepairException" time="4.920"/>
  <system-out/>
  <testcase classname="fieldServiceFormsTest.PositiveRepairExceptionGUITest" name="gUITestDropDownRepairException" time="53.182">
    <error message="no such element: Unable to locate element: {&quot;method&quot;:&quot;css selector&quot;,&quot;selector&quot;:&quot;#repairException&quot;}
  (Session info: chrome=109.0.5414.75)
For documentation on this error, please visit: https://selenium.dev/exceptions/#no_such_element
Build info: version: &#039;4.3.0&#039;, revision: &#039;a4995e2c09*&#039;
System info: host: &#039;DESKTOP-M729FOC&#039;, ip: &#039;192.168.29.91&#039;, os.name: &#039;Windows 10&#039;, os.arch: &#039;amd64&#039;, os.version: &#039;10.0&#039;, java.version: &#039;11.0.13&#039;
Driver info: org.openqa.selenium.chrome.ChromeDriver
Command: [597a0c430c70878c24edba044d404178, findElement {using=id, value=repairException}]
Capabilities {acceptInsecureCerts: false, browserName: chrome, browserVersion: 109.0.5414.75, chrome: {chromedriverVersion: 109.0.5414.74 (e7c5703604da..., userDataDir: C:\Users\DELL\AppData\Local...}, goog:chromeOptions: {debuggerAddress: localhost:52569}, networkConnectionEnabled: false, pageLoadStrategy: normal, platformName: WINDOWS, proxy: Proxy(), se:cdp: ws://localhost:52569/devtoo..., se:cdpVersion: 109.0.5414.75, setWindowRect: true, strictFileInteractability: false, timeouts: {implicit: 0, pageLoad: 300000, script: 30000}, unhandledPromptBehavior: dismiss and notify, webauthn:extension:credBlob: true, webauthn:extension:largeBlob: true, webauthn:virtualAuthenticators: true}
Session ID: 597a0c430c70878c24edba044d404178" type="org.openqa.selenium.NoSuchElementException">
      <![CDATA[org.openqa.selenium.NoSuchElementException: no such element: Unable to locate element: {"method":"css selector","selector":"#repairException"}
  (Session info: chrome=109.0.5414.75)
For documentation on this error, please visit: https://selenium.dev/exceptions/#no_such_element
Build info: version: '4.3.0', revision: 'a4995e2c09*'
System info: host: 'DESKTOP-M729FOC', ip: '192.168.29.91', os.name: 'Windows 10', os.arch: 'amd64', os.version: '10.0', java.version: '11.0.13'
Driver info: org.openqa.selenium.chrome.ChromeDriver
Command: [597a0c430c70878c24edba044d404178, findElement {using=id, value=repairException}]
Capabilities {acceptInsecureCerts: false, browserName: chrome, browserVersion: 109.0.5414.75, chrome: {chromedriverVersion: 109.0.5414.74 (e7c5703604da..., userDataDir: C:\Users\DELL\AppData\Local...}, goog:chromeOptions: {debuggerAddress: localhost:52569}, networkConnectionEnabled: false, pageLoadStrategy: normal, platformName: WINDOWS, proxy: Proxy(), se:cdp: ws://localhost:52569/devtoo..., se:cdpVersion: 109.0.5414.75, setWindowRect: true, strictFileInteractability: false, timeouts: {implicit: 0, pageLoad: 300000, script: 30000}, unhandledPromptBehavior: dismiss and notify, webauthn:extension:credBlob: true, webauthn:extension:largeBlob: true, webauthn:virtualAuthenticators: true}
Session ID: 597a0c430c70878c24edba044d404178
at jdk.internal.reflect.GeneratedConstructorAccessor15.newInstance(Unknown Source)
at java.base/jdk.internal.reflect.DelegatingConstructorAccessorImpl.newInstance(DelegatingConstructorAccessorImpl.java:45)
at java.base/java.lang.reflect.Constructor.newInstance(Constructor.java:490)
at org.openqa.selenium.remote.codec.w3c.W3CHttpResponseCodec.createException(W3CHttpResponseCodec.java:200)
at org.openqa.selenium.remote.codec.w3c.W3CHttpResponseCodec.decode(W3CHttpResponseCodec.java:133)
at org.openqa.selenium.remote.codec.w3c.W3CHttpResponseCodec.decode(W3CHttpResponseCodec.java:53)
at org.openqa.selenium.remote.HttpCommandExecutor.execute(HttpCommandExecutor.java:184)
at org.openqa.selenium.remote.service.DriverCommandExecutor.invokeExecute(DriverCommandExecutor.java:167)
at org.openqa.selenium.remote.service.DriverCommandExecutor.execute(DriverCommandExecutor.java:142)
at org.openqa.selenium.remote.RemoteWebDriver.execute(RemoteWebDriver.java:569)
at org.openqa.selenium.remote.ElementLocation$ElementFinder$2.findElement(ElementLocation.java:162)
at org.openqa.selenium.remote.ElementLocation.findElement(ElementLocation.java:60)
at org.openqa.selenium.remote.RemoteWebDriver.findElement(RemoteWebDriver.java:387)
at org.openqa.selenium.remote.RemoteWebDriver.findElement(RemoteWebDriver.java:379)
at pageobjects.RepairLocatorsGUI.repairException(RepairLocatorsGUI.java:81)
at fieldServiceFormsTest.PositiveRepairExceptionGUITest.gUITestDropDownRepairException(PositiveRepairExceptionGUITest.java:95)
at jdk.internal.reflect.GeneratedMethodAccessor4.invoke(Unknown Source)
at java.base/jdk.internal.reflect.DelegatingMethodAccessorImpl.invoke(DelegatingMethodAccessorImpl.java:43)
at java.base/java.lang.reflect.Method.invoke(Method.java:566)
at org.testng.internal.MethodInvocationHelper.invokeMethod(MethodInvocationHelper.java:133)
at org.testng.internal.TestInvoker.invokeMethod(TestInvoker.java:598)
at org.testng.internal.TestInvoker.invokeTestMethod(TestInvoker.java:173)
at org.testng.internal.MethodRunner.runInSequence(MethodRunner.java:46)
at org.testng.internal.TestInvoker$MethodInvocationAgent.invoke(TestInvoker.java:824)
at org.testng.internal.TestInvoker.invokeTestMethods(TestInvoker.java:146)
at org.testng.internal.TestMethodWorker.invokeTestMethods(TestMethodWorker.java:146)
at org.testng.internal.TestMethodWorker.run(TestMethodWorker.java:128)
at java.base/java.util.ArrayList.forEach(ArrayList.java:1541)
at org.testng.TestRunner.privateRun(TestRunner.java:794)
at org.testng.TestRunner.run(TestRunner.java:596)
at org.testng.SuiteRunner.runTest(SuiteRunner.java:377)
at org.testng.SuiteRunner.runSequentially(SuiteRunner.java:371)
at org.testng.SuiteRunner.privateRun(SuiteRunner.java:332)
at org.testng.SuiteRunner.run(SuiteRunner.java:276)
at org.testng.SuiteRunnerWorker.runSuite(SuiteRunnerWorker.java:53)
at org.testng.SuiteRunnerWorker.run(SuiteRunnerWorker.java:96)
at org.testng.TestNG.runSuitesSequentially(TestNG.java:1212)
at org.testng.TestNG.runSuitesLocally(TestNG.java:1134)
at org.testng.TestNG.runSuites(TestNG.java:1063)
at org.testng.TestNG.run(TestNG.java:1031)
at org.testng.remote.AbstractRemoteTestNG.run(AbstractRemoteTestNG.java:115)
at org.testng.remote.RemoteTestNG.initAndRun(RemoteTestNG.java:251)
at org.testng.remote.RemoteTestNG.main(RemoteTestNG.java:77)
]]>
    </error>
  </testcase> <!-- gUITestDropDownRepairException -->
  <system-out/>
  <testcase classname="fieldServiceFormsTest.PositiveRepairExceptionGUITest" name="gUITestDropDownRepairException" time="4.484"/>
  <system-out/>
  <testcase classname="fieldServiceFormsTest.PositiveRepairExceptionGUITest" name="gUITestDropDownRepairException" time="4.758"/>
  <system-out/>
  <testcase classname="fieldServiceFormsTest.PositiveRepairExceptionGUITest" name="gUITestDropDownRepairException" time="4.232"/>
  <system-out/>
  <testcase classname="fieldServiceFormsTest.PositiveRepairExceptionGUITest" name="gUITestDropDownRepairException" time="4.642"/>
  <system-out/>
  <testcase classname="fieldServiceFormsTest.PositiveRepairExceptionGUITest" name="gUITestDropDownRepairException" time="4.592"/>
  <system-out/>
  <testcase classname="fieldServiceFormsTest.PositiveRepairExceptionGUITest" name="gUITestDropDownRepairException" time="4.566"/>
  <system-out/>
  <testcase classname="fieldServiceFormsTest.PositiveRepairExceptionGUITest" name="gUITestDropDownRepairException" time="4.435"/>
  <system-out/>
  <testcase classname="fieldServiceFormsTest.PositiveRepairExceptionGUITest" name="gUITestDropDownRepairException" time="5.286"/>
  <system-out/>
  <testcase classname="fieldServiceFormsTest.PositiveRepairExceptionGUITest" name="gUITestDropDownRepairException" time="4.262"/>
  <system-out/>
  <testcase classname="fieldServiceFormsTest.PositiveRepairExceptionGUITest" name="gUITestDropDownRepairException" time="4.336"/>
  <system-out/>
  <testcase classname="fieldServiceFormsTest.PositiveRepairExceptionGUITest" name="gUITestDropDownRepairException" time="5.227"/>
  <system-out/>
  <testcase classname="fieldServiceFormsTest.PositiveRepairExceptionGUITest" name="gUITestDropDownRepairException" time="4.441"/>
  <system-out/>
  <testcase classname="fieldServiceFormsTest.PositiveRepairExceptionGUITest" name="gUITestDropDownRepairException" time="4.934"/>
  <system-out/>
  <testcase classname="fieldServiceFormsTest.PositiveRepairExceptionGUITest" name="gUITestDropDownRepairException" time="4.453"/>
  <system-out/>
  <testcase classname="fieldServiceFormsTest.PositiveRepairExceptionGUITest" name="gUITestDropDownRepairException" time="4.440"/>
  <system-out/>
  <testcase classname="fieldServiceFormsTest.PositiveRepairExceptionGUITest" name="gUITestDropDownRepairException" time="4.338"/>
  <system-out/>
  <testcase classname="fieldServiceFormsTest.PositiveRepairExceptionGUITest" name="gUITestDropDownRepairException" time="4.875"/>
  <system-out/>
  <testcase classname="fieldServiceFormsTest.PositiveRepairExceptionGUITest" name="gUITestDropDownRepairException" time="4.385"/>
  <system-out/>
  <testcase classname="fieldServiceFormsTest.PositiveRepairExceptionGUITest" name="gUITestDropDownRepairException" time="4.372"/>
  <system-out/>
  <testcase classname="fieldServiceFormsTest.PositiveRepairExceptionGUITest" name="gUITestDropDownRepairException" time="4.310"/>
  <system-out/>
  <testcase classname="fieldServiceFormsTest.PositiveRepairExceptionGUITest" name="gUITestDropDownRepairException" time="4.377"/>
  <system-out/>
  <testcase classname="fieldServiceFormsTest.PositiveRepairExceptionGUITest" name="gUITestDropDownRepairException" time="4.983"/>
  <system-out/>
  <testcase classname="fieldServiceFormsTest.PositiveRepairExceptionGUITest" name="gUITestDropDownRepairException" time="4.646"/>
  <system-out/>
  <testcase classname="fieldServiceFormsTest.PositiveRepairExceptionGUITest" name="gUITestDropDownRepairException" time="4.940"/>
  <system-out/>
  <testcase classname="fieldServiceFormsTest.PositiveRepairExceptionGUITest" name="gUITestDropDownRepairException" time="4.908"/>
  <system-out/>
  <testcase classname="fieldServiceFormsTest.PositiveRepairExceptionGUITest" name="gUITestDropDownRepairException" time="5.054"/>
  <system-out/>
  <testcase classname="fieldServiceFormsTest.PositiveRepairExceptionGUITest" name="gUITestDropDownRepairException" time="4.358"/>
  <system-out/>
  <testcase classname="fieldServiceFormsTest.PositiveRepairExceptionGUITest" name="gUITestDropDownRepairException" time="4.726"/>
  <system-out/>
  <testcase classname="fieldServiceFormsTest.PositiveRepairExceptionGUITest" name="gUITestDropDownRepairException" time="4.308"/>
  <system-out/>
  <testcase classname="fieldServiceFormsTest.PositiveRepairExceptionGUITest" name="gUITestDropDownRepairException" time="4.202"/>
  <system-out/>
  <testcase classname="fieldServiceFormsTest.PositiveRepairExceptionGUITest" name="gUITestDropDownRepairException" time="4.932"/>
  <system-out/>
  <testcase classname="fieldServiceFormsTest.PositiveRepairExceptionGUITest" name="gUITestDropDownRepairException" time="4.422"/>
  <system-out/>
  <testcase classname="fieldServiceFormsTest.PositiveRepairExceptionGUITest" name="gUITestDropDownRepairException" time="4.893"/>
  <system-out/>
  <testcase classname="fieldServiceFormsTest.PositiveRepairExceptionGUITest" name="gUITestDropDownRepairException" time="4.443"/>
  <system-out/>
  <testcase classname="fieldServiceFormsTest.PositiveRepairExceptionGUITest" name="gUITestDropDownRepairException" time="4.745"/>
  <system-out/>
  <testcase classname="fieldServiceFormsTest.PositiveRepairExceptionGUITest" name="gUITestDropDownRepairException" time="4.358"/>
  <system-out/>
  <testcase classname="fieldServiceFormsTest.PositiveRepairExceptionGUITest" name="gUITestDropDownRepairException" time="4.290"/>
  <system-out/>
  <testcase classname="fieldServiceFormsTest.PositiveRepairExceptionGUITest" name="gUITestDropDownRepairException" time="4.387"/>
  <system-out/>
  <testcase classname="fieldServiceFormsTest.PositiveRepairExceptionGUITest" name="gUITestDropDownRepairException" time="5.537"/>
  <system-out/>
  <testcase classname="fieldServiceFormsTest.PositiveRepairExceptionGUITest" name="gUITestDropDownRepairException" time="4.711"/>
  <system-out/>
  <testcase classname="fieldServiceFormsTest.PositiveRepairExceptionGUITest" name="gUITestDropDownRepairException" time="5.167"/>
  <system-out/>
  <testcase classname="fieldServiceFormsTest.PositiveRepairExceptionGUITest" name="gUITestDropDownRepairException" time="4.406"/>
  <system-out/>
  <testcase classname="fieldServiceFormsTest.PositiveRepairExceptionGUITest" name="gUITestDropDownRepairException" time="4.378"/>
  <system-out/>
  <testcase classname="fieldServiceFormsTest.PositiveRepairExceptionGUITest" name="gUITestDropDownRepairException" time="4.250"/>
  <system-out/>
  <testcase classname="fieldServiceFormsTest.PositiveRepairExceptionGUITest" name="gUITestDropDownRepairException" time="4.565"/>
  <system-out/>
  <testcase classname="fieldServiceFormsTest.PositiveRepairExceptionGUITest" name="gUITestDropDownRepairException" time="5.125"/>
  <system-out/>
  <testcase classname="fieldServiceFormsTest.PositiveRepairExceptionGUITest" name="gUITestDropDownRepairException" time="4.673"/>
  <system-out/>
  <testcase classname="fieldServiceFormsTest.PositiveRepairExceptionGUITest" name="gUITestDropDownRepairException" time="5.622"/>
  <system-out/>
  <testcase classname="fieldServiceFormsTest.PositiveRepairExceptionGUITest" name="gUITestDropDownRepairException" time="4.466"/>
  <system-out/>
  <testcase classname="fieldServiceFormsTest.PositiveRepairExceptionGUITest" name="gUITestDropDownRepairException" time="4.551"/>
  <system-out/>
  <testcase classname="fieldServiceFormsTest.PositiveRepairExceptionGUITest" name="gUITestDropDownRepairException" time="4.544"/>
  <system-out/>
  <testcase classname="fieldServiceFormsTest.PositiveRepairExceptionGUITest" name="gUITestDropDownRepairException" time="4.499"/>
  <system-out/>
  <testcase classname="fieldServiceFormsTest.PositiveRepairExceptionGUITest" name="gUITestDropDownRepairException" time="5.039"/>
  <system-out/>
  <testcase classname="fieldServiceFormsTest.PositiveRepairExceptionGUITest" name="gUITestDropDownRepairException" time="4.887"/>
  <system-out/>
  <testcase classname="fieldServiceFormsTest.PositiveRepairExceptionGUITest" name="gUITestDropDownRepairException" time="4.279"/>
  <system-out/>
  <testcase classname="fieldServiceFormsTest.PositiveRepairExceptionGUITest" name="gUITestDropDownRepairException" time="4.552"/>
  <system-out/>
  <testcase classname="fieldServiceFormsTest.PositiveRepairExceptionGUITest" name="gUITestDropDownRepairException" time="4.985"/>
  <system-out/>
  <testcase classname="fieldServiceFormsTest.PositiveRepairExceptionGUITest" name="gUITestDropDownRepairException" time="4.986"/>
  <system-out/>
  <testcase classname="fieldServiceFormsTest.PositiveRepairExceptionGUITest" name="gUITestDropDownRepairException" time="4.720"/>
  <system-out/>
  <testcase classname="fieldServiceFormsTest.PositiveRepairExceptionGUITest" name="gUITestDropDownRepairException" time="4.350"/>
  <system-out/>
  <testcase classname="fieldServiceFormsTest.PositiveRepairExceptionGUITest" name="gUITestDropDownRepairException" time="4.581"/>
  <system-out/>
  <testcase classname="fieldServiceFormsTest.PositiveRepairExceptionGUITest" name="gUITestDropDownRepairException" time="4.551"/>
  <system-out/>
  <testcase classname="fieldServiceFormsTest.PositiveRepairExceptionGUITest" name="gUITestDropDownRepairException" time="4.303"/>
  <system-out/>
  <testcase classname="fieldServiceFormsTest.PositiveRepairExceptionGUITest" name="gUITestDropDownRepairException" time="4.431"/>
  <system-out/>
  <testcase classname="fieldServiceFormsTest.PositiveRepairExceptionGUITest" name="gUITestDropDownRepairException" time="4.301"/>
  <system-out/>
  <testcase classname="fieldServiceFormsTest.PositiveRepairExceptionGUITest" name="gUITestDropDownRepairException" time="5.026"/>
  <system-out/>
  <testcase classname="fieldServiceFormsTest.PositiveRepairExceptionGUITest" name="gUITestDropDownRepairException" time="5.205"/>
  <system-out/>
  <testcase classname="fieldServiceFormsTest.PositiveRepairExceptionGUITest" name="gUITestDropDownRepairException" time="4.454"/>
  <system-out/>
  <testcase classname="fieldServiceFormsTest.PositiveRepairExceptionGUITest" name="gUITestDropDownRepairException" time="5.008"/>
  <system-out/>
  <testcase classname="fieldServiceFormsTest.PositiveRepairExceptionGUITest" name="gUITestDropDownRepairException" time="5.075"/>
  <system-out/>
  <testcase classname="fieldServiceFormsTest.PositiveRepairExceptionGUITest" name="gUITestDropDownRepairException" time="4.701"/>
  <system-out/>
  <testcase classname="fieldServiceFormsTest.PositiveRepairExceptionGUITest" name="gUITestDropDownRepairException" time="5.333"/>
  <system-out/>
  <testcase classname="fieldServiceFormsTest.PositiveRepairExceptionGUITest" name="gUITestDropDownRepairException" time="4.476"/>
  <system-out/>
  <testcase classname="fieldServiceFormsTest.PositiveRepairExceptionGUITest" name="gUITestDropDownRepairException" time="4.387"/>
  <system-out/>
  <testcase classname="fieldServiceFormsTest.PositiveRepairExceptionGUITest" name="gUITestDropDownRepairException" time="6.307"/>
  <system-out/>
  <testcase classname="fieldServiceFormsTest.PositiveRepairExceptionGUITest" name="gUITestDropDownRepairException" time="4.922"/>
  <system-out/>
  <testcase classname="fieldServiceFormsTest.PositiveRepairExceptionGUITest" name="gUITestDropDownRepairException" time="4.722"/>
  <system-out/>
  <testcase classname="fieldServiceFormsTest.PositiveRepairExceptionGUITest" name="gUITestDropDownRepairException" time="4.293"/>
  <system-out/>
  <testcase classname="fieldServiceFormsTest.PositiveRepairExceptionGUITest" name="gUITestDropDownRepairException" time="4.543"/>
  <system-out/>
  <testcase classname="fieldServiceFormsTest.PositiveRepairExceptionGUITest" name="gUITestDropDownRepairException" time="4.411"/>
  <system-out/>
  <testcase classname="fieldServiceFormsTest.PositiveRepairExceptionGUITest" name="gUITestDropDownRepairException" time="4.397"/>
  <system-out/>
  <testcase classname="fieldServiceFormsTest.PositiveRepairExceptionGUITest" name="gUITestDropDownRepairException" time="4.948"/>
  <system-out/>
  <testcase classname="fieldServiceFormsTest.PositiveRepairExceptionGUITest" name="gUITestDropDownRepairException" time="4.550"/>
  <system-out/>
  <testcase classname="fieldServiceFormsTest.PositiveRepairExceptionGUITest" name="gUITestDropDownRepairException" time="4.516"/>
  <system-out/>
  <testcase classname="fieldServiceFormsTest.PositiveRepairExceptionGUITest" name="gUITestDropDownRepairException" time="4.335"/>
  <system-out/>
  <testcase classname="fieldServiceFormsTest.PositiveRepairExceptionGUITest" name="gUITestDropDownRepairException" time="4.881"/>
  <system-out/>
  <testcase classname="fieldServiceFormsTest.PositiveRepairExceptionGUITest" name="gUITestDropDownRepairException" time="4.698"/>
  <system-out/>
  <testcase classname="fieldServiceFormsTest.PositiveRepairExceptionGUITest" name="gUITestDropDownRepairException" time="5.377"/>
  <system-out/>
  <testcase classname="fieldServiceFormsTest.PositiveRepairExceptionGUITest" name="gUITestDropDownRepairException" time="4.847"/>
  <system-out/>
  <testcase classname="fieldServiceFormsTest.PositiveRepairExceptionGUITest" name="gUITestDropDownRepairException" time="5.101"/>
  <system-out/>
  <testcase classname="fieldServiceFormsTest.PositiveRepairExceptionGUITest" name="gUITestDropDownRepairException" time="4.996"/>
  <system-out/>
  <testcase classname="fieldServiceFormsTest.PositiveRepairExceptionGUITest" name="gUITestDropDownRepairException" time="4.998"/>
  <system-out/>
  <testcase classname="fieldServiceFormsTest.PositiveRepairExceptionGUITest" name="gUITestDropDownRepairException" time="4.613"/>
  <system-out/>
  <testcase classname="fieldServiceFormsTest.PositiveRepairExceptionGUITest" name="gUITestDropDownRepairException" time="4.665"/>
  <system-out/>
  <testcase classname="fieldServiceFormsTest.PositiveRepairExceptionGUITest" name="gUITestDropDownRepairException" time="4.540"/>
  <system-out/>
  <testcase classname="fieldServiceFormsTest.PositiveRepairExceptionGUITest" name="gUITestDropDownRepairException" time="4.299"/>
  <system-out/>
  <testcase classname="fieldServiceFormsTest.PositiveRepairExceptionGUITest" name="gUITestDropDownRepairException" time="5.359"/>
  <system-out/>
  <testcase classname="fieldServiceFormsTest.PositiveRepairExceptionGUITest" name="gUITestDropDownRepairException" time="4.826"/>
  <system-out/>
  <testcase classname="fieldServiceFormsTest.PositiveRepairExceptionGUITest" name="gUITestDropDownRepairException" time="4.693"/>
  <system-out/>
  <testcase classname="fieldServiceFormsTest.PositiveRepairExceptionGUITest" name="gUITestDropDownRepairException" time="4.312"/>
  <system-out/>
  <testcase classname="fieldServiceFormsTest.PositiveRepairExceptionGUITest" name="gUITestDropDownRepairException" time="4.265"/>
  <system-out/>
  <testcase classname="fieldServiceFormsTest.PositiveRepairExceptionGUITest" name="gUITestDropDownRepairException" time="4.206"/>
  <system-out/>
  <testcase classname="fieldServiceFormsTest.PositiveRepairExceptionGUITest" name="gUITestDropDownRepairException" time="4.445"/>
  <system-out/>
  <testcase classname="fieldServiceFormsTest.PositiveRepairExceptionGUITest" name="gUITestDropDownRepairException" time="4.705"/>
  <system-out/>
  <testcase classname="fieldServiceFormsTest.PositiveRepairExceptionGUITest" name="gUITestDropDownRepairException" time="4.272"/>
  <system-out/>
  <testcase classname="fieldServiceFormsTest.PositiveRepairExceptionGUITest" name="gUITestDropDownRepairException" time="4.478"/>
  <system-out/>
  <testcase classname="fieldServiceFormsTest.PositiveRepairExceptionGUITest" name="gUITestDropDownRepairException" time="4.268"/>
  <system-out/>
  <testcase classname="fieldServiceFormsTest.PositiveRepairExceptionGUITest" name="gUITestDropDownRepairException" time="5.342"/>
  <system-out/>
  <testcase classname="fieldServiceFormsTest.PositiveRepairExceptionGUITest" name="gUITestDropDownRepairException" time="4.466"/>
  <system-out/>
  <testcase classname="fieldServiceFormsTest.PositiveRepairExceptionGUITest" name="gUITestDropDownRepairException" time="5.012"/>
  <system-out/>
  <testcase classname="fieldServiceFormsTest.PositiveRepairExceptionGUITest" name="gUITestDropDownRepairException" time="5.207"/>
  <system-out/>
  <testcase classname="fieldServiceFormsTest.PositiveRepairExceptionGUITest" name="gUITestDropDownRepairException" time="4.864"/>
  <system-out/>
  <testcase classname="fieldServiceFormsTest.PositiveRepairExceptionGUITest" name="gUITestDropDownRepairException" time="4.252"/>
  <system-out/>
  <testcase classname="fieldServiceFormsTest.PositiveRepairExceptionGUITest" name="gUITestDropDownRepairException" time="5.670"/>
  <system-out/>
  <testcase classname="fieldServiceFormsTest.PositiveRepairExceptionGUITest" name="gUITestDropDownRepairException" time="4.875"/>
  <system-out/>
  <testcase classname="fieldServiceFormsTest.PositiveRepairExceptionGUITest" name="gUITestDropDownRepairException" time="4.210"/>
  <system-out/>
  <testcase classname="fieldServiceFormsTest.PositiveRepairExceptionGUITest" name="gUITestDropDownRepairException" time="4.200"/>
  <system-out/>
  <testcase classname="fieldServiceFormsTest.PositiveRepairExceptionGUITest" name="gUITestDropDownRepairException" time="6.119"/>
  <system-out/>
  <testcase classname="fieldServiceFormsTest.PositiveRepairExceptionGUITest" name="gUITestDropDownRepairException" time="4.855"/>
  <system-out/>
  <testcase classname="fieldServiceFormsTest.PositiveRepairExceptionGUITest" name="gUITestDropDownRepairException" time="4.393"/>
  <system-out/>
  <testcase classname="fieldServiceFormsTest.PositiveRepairExceptionGUITest" name="gUITestDropDownRepairException" time="4.502"/>
  <system-out/>
  <testcase classname="fieldServiceFormsTest.PositiveRepairExceptionGUITest" name="gUITestDropDownRepairException" time="5.831"/>
  <system-out/>
  <testcase classname="fieldServiceFormsTest.PositiveRepairExceptionGUITest" name="gUITestDropDownRepairException" time="6.517"/>
  <system-out/>
  <testcase classname="fieldServiceFormsTest.PositiveRepairExceptionGUITest" name="gUITestDropDownRepairException" time="5.359"/>
  <system-out/>
  <testcase classname="fieldServiceFormsTest.PositiveRepairExceptionGUITest" name="gUITestDropDownRepairException" time="4.267"/>
  <system-out/>
  <testcase classname="fieldServiceFormsTest.PositiveRepairExceptionGUITest" name="gUITestDropDownRepairException" time="4.438"/>
  <system-out/>
  <testcase classname="fieldServiceFormsTest.PositiveRepairExceptionGUITest" name="gUITestDropDownRepairException" time="4.846"/>
  <system-out/>
  <testcase classname="fieldServiceFormsTest.PositiveRepairExceptionGUITest" name="gUITestDropDownRepairException" time="5.071"/>
  <system-out/>
  <testcase classname="fieldServiceFormsTest.PositiveRepairExceptionGUITest" name="gUITestDropDownRepairException" time="15.193">
    <error message="element not interactable: Element is not currently visible and may not be manipulated
  (Session info: chrome=109.0.5414.75)
Build info: version: &#039;4.3.0&#039;, revision: &#039;a4995e2c09*&#039;
System info: host: &#039;DESKTOP-M729FOC&#039;, ip: &#039;192.168.29.91&#039;, os.name: &#039;Windows 10&#039;, os.arch: &#039;amd64&#039;, os.version: &#039;10.0&#039;, java.version: &#039;11.0.13&#039;
Driver info: org.openqa.selenium.chrome.ChromeDriver
Command: [597a0c430c70878c24edba044d404178, clickElement {id=94189b33-0617-4128-a24f-f3d087bedcee}]
Capabilities {acceptInsecureCerts: false, browserName: chrome, browserVersion: 109.0.5414.75, chrome: {chromedriverVersion: 109.0.5414.74 (e7c5703604da..., userDataDir: C:\Users\DELL\AppData\Local...}, goog:chromeOptions: {debuggerAddress: localhost:52569}, networkConnectionEnabled: false, pageLoadStrategy: normal, platformName: WINDOWS, proxy: Proxy(), se:cdp: ws://localhost:52569/devtoo..., se:cdpVersion: 109.0.5414.75, setWindowRect: true, strictFileInteractability: false, timeouts: {implicit: 0, pageLoad: 300000, script: 30000}, unhandledPromptBehavior: dismiss and notify, webauthn:extension:credBlob: true, webauthn:extension:largeBlob: true, webauthn:virtualAuthenticators: true}
Element: [[[[ChromeDriver: chrome on WINDOWS (597a0c430c70878c24edba044d404178)] -&gt; id: repairException]] -&gt; xpath: .//option[normalize-space(.) = &quot;Other (Please fill out the comment below)&quot;]]
Session ID: 597a0c430c70878c24edba044d404178" type="org.openqa.selenium.ElementNotInteractableException">
      <![CDATA[org.openqa.selenium.ElementNotInteractableException: element not interactable: Element is not currently visible and may not be manipulated
  (Session info: chrome=109.0.5414.75)
Build info: version: '4.3.0', revision: 'a4995e2c09*'
System info: host: 'DESKTOP-M729FOC', ip: '192.168.29.91', os.name: 'Windows 10', os.arch: 'amd64', os.version: '10.0', java.version: '11.0.13'
Driver info: org.openqa.selenium.chrome.ChromeDriver
Command: [597a0c430c70878c24edba044d404178, clickElement {id=94189b33-0617-4128-a24f-f3d087bedcee}]
Capabilities {acceptInsecureCerts: false, browserName: chrome, browserVersion: 109.0.5414.75, chrome: {chromedriverVersion: 109.0.5414.74 (e7c5703604da..., userDataDir: C:\Users\DELL\AppData\Local...}, goog:chromeOptions: {debuggerAddress: localhost:52569}, networkConnectionEnabled: false, pageLoadStrategy: normal, platformName: WINDOWS, proxy: Proxy(), se:cdp: ws://localhost:52569/devtoo..., se:cdpVersion: 109.0.5414.75, setWindowRect: true, strictFileInteractability: false, timeouts: {implicit: 0, pageLoad: 300000, script: 30000}, unhandledPromptBehavior: dismiss and notify, webauthn:extension:credBlob: true, webauthn:extension:largeBlob: true, webauthn:virtualAuthenticators: true}
Element: [[[[ChromeDriver: chrome on WINDOWS (597a0c430c70878c24edba044d404178)] -> id: repairException]] -> xpath: .//option[normalize-space(.) = "Other (Please fill out the comment below)"]]
Session ID: 597a0c430c70878c24edba044d404178
at java.base/jdk.internal.reflect.NativeConstructorAccessorImpl.newInstance0(Native Method)
at java.base/jdk.internal.reflect.NativeConstructorAccessorImpl.newInstance(NativeConstructorAccessorImpl.java:62)
at java.base/jdk.internal.reflect.DelegatingConstructorAccessorImpl.newInstance(DelegatingConstructorAccessorImpl.java:45)
at java.base/java.lang.reflect.Constructor.newInstance(Constructor.java:490)
at org.openqa.selenium.remote.codec.w3c.W3CHttpResponseCodec.createException(W3CHttpResponseCodec.java:200)
at org.openqa.selenium.remote.codec.w3c.W3CHttpResponseCodec.decode(W3CHttpResponseCodec.java:133)
at org.openqa.selenium.remote.codec.w3c.W3CHttpResponseCodec.decode(W3CHttpResponseCodec.java:53)
at org.openqa.selenium.remote.HttpCommandExecutor.execute(HttpCommandExecutor.java:184)
at org.openqa.selenium.remote.service.DriverCommandExecutor.invokeExecute(DriverCommandExecutor.java:167)
at org.openqa.selenium.remote.service.DriverCommandExecutor.execute(DriverCommandExecutor.java:142)
at org.openqa.selenium.remote.RemoteWebDriver.execute(RemoteWebDriver.java:569)
at org.openqa.selenium.remote.RemoteWebElement.execute(RemoteWebElement.java:257)
at org.openqa.selenium.remote.RemoteWebElement.click(RemoteWebElement.java:78)
at org.openqa.selenium.support.ui.Select.setSelected(Select.java:315)
at org.openqa.selenium.support.ui.Select.selectByVisibleText(Select.java:117)
at fieldServiceFormsTest.PositiveRepairExceptionGUITest.gUITestDropDownRepairException(PositiveRepairExceptionGUITest.java:96)
at jdk.internal.reflect.GeneratedMethodAccessor4.invoke(Unknown Source)
at java.base/jdk.internal.reflect.DelegatingMethodAccessorImpl.invoke(DelegatingMethodAccessorImpl.java:43)
at java.base/java.lang.reflect.Method.invoke(Method.java:566)
at org.testng.internal.MethodInvocationHelper.invokeMethod(MethodInvocationHelper.java:133)
at org.testng.internal.TestInvoker.invokeMethod(TestInvoker.java:598)
at org.testng.internal.TestInvoker.invokeTestMethod(TestInvoker.java:173)
at org.testng.internal.MethodRunner.runInSequence(MethodRunner.java:46)
at org.testng.internal.TestInvoker$MethodInvocationAgent.invoke(TestInvoker.java:824)
at org.testng.internal.TestInvoker.invokeTestMethods(TestInvoker.java:146)
at org.testng.internal.TestMethodWorker.invokeTestMethods(TestMethodWorker.java:146)
at org.testng.internal.TestMethodWorker.run(TestMethodWorker.java:128)
at java.base/java.util.ArrayList.forEach(ArrayList.java:1541)
at org.testng.TestRunner.privateRun(TestRunner.java:794)
at org.testng.TestRunner.run(TestRunner.java:596)
at org.testng.SuiteRunner.runTest(SuiteRunner.java:377)
at org.testng.SuiteRunner.runSequentially(SuiteRunner.java:371)
at org.testng.SuiteRunner.privateRun(SuiteRunner.java:332)
at org.testng.SuiteRunner.run(SuiteRunner.java:276)
at org.testng.SuiteRunnerWorker.runSuite(SuiteRunnerWorker.java:53)
at org.testng.SuiteRunnerWorker.run(SuiteRunnerWorker.java:96)
at org.testng.TestNG.runSuitesSequentially(TestNG.java:1212)
at org.testng.TestNG.runSuitesLocally(TestNG.java:1134)
at org.testng.TestNG.runSuites(TestNG.java:1063)
at org.testng.TestNG.run(TestNG.java:1031)
at org.testng.remote.AbstractRemoteTestNG.run(AbstractRemoteTestNG.java:115)
at org.testng.remote.RemoteTestNG.initAndRun(RemoteTestNG.java:251)
at org.testng.remote.RemoteTestNG.main(RemoteTestNG.java:77)
]]>
    </error>
  </testcase> <!-- gUITestDropDownRepairException -->
  <system-out/>
  <testcase classname="fieldServiceFormsTest.PositiveRepairExceptionGUITest" name="gUITestDropDownRepairException" time="4.947"/>
  <system-out/>
  <testcase classname="fieldServiceFormsTest.PositiveRepairExceptionGUITest" name="gUITestDropDownRepairException" time="4.304"/>
  <system-out/>
  <testcase classname="fieldServiceFormsTest.PositiveRepairExceptionGUITest" name="gUITestDropDownRepairException" time="4.634"/>
  <system-out/>
  <testcase classname="fieldServiceFormsTest.PositiveRepairExceptionGUITest" name="gUITestDropDownRepairException" time="4.798"/>
  <system-out/>
  <testcase classname="fieldServiceFormsTest.PositiveRepairExceptionGUITest" name="gUITestDropDownRepairException" time="4.713"/>
  <system-out/>
  <testcase classname="fieldServiceFormsTest.PositiveRepairExceptionGUITest" name="gUITestDropDownRepairException" time="4.666"/>
  <system-out/>
  <testcase classname="fieldServiceFormsTest.PositiveRepairExceptionGUITest" name="gUITestDropDownRepairException" time="4.232"/>
  <system-out/>
  <testcase classname="fieldServiceFormsTest.PositiveRepairExceptionGUITest" name="gUITestDropDownRepairException" time="4.677"/>
  <system-out/>
  <testcase classname="fieldServiceFormsTest.PositiveRepairExceptionGUITest" name="gUITestDropDownRepairException" time="4.850"/>
  <system-out/>
  <testcase classname="fieldServiceFormsTest.PositiveRepairExceptionGUITest" name="gUITestDropDownRepairException" time="5.280"/>
  <system-out/>
  <testcase classname="fieldServiceFormsTest.PositiveRepairExceptionGUITest" name="gUITestDropDownRepairException" time="5.078"/>
  <system-out/>
  <testcase classname="fieldServiceFormsTest.PositiveRepairExceptionGUITest" name="gUITestDropDownRepairException" time="4.963"/>
  <system-out/>
  <testcase classname="fieldServiceFormsTest.PositiveRepairExceptionGUITest" name="gUITestDropDownRepairException" time="4.365"/>
  <system-out/>
  <testcase classname="fieldServiceFormsTest.PositiveRepairExceptionGUITest" name="gUITestDropDownRepairException" time="4.304"/>
  <system-out/>
  <testcase classname="fieldServiceFormsTest.PositiveRepairExceptionGUITest" name="gUITestDropDownRepairException" time="5.112"/>
  <system-out/>
  <testcase classname="fieldServiceFormsTest.PositiveRepairExceptionGUITest" name="gUITestDropDownRepairException" time="4.337"/>
  <system-out/>
  <testcase classname="fieldServiceFormsTest.PositiveRepairExceptionGUITest" name="gUITestDropDownRepairException" time="4.352"/>
  <system-out/>
  <testcase classname="fieldServiceFormsTest.PositiveRepairExceptionGUITest" name="gUITestDropDownRepairException" time="4.393"/>
  <system-out/>
  <testcase classname="fieldServiceFormsTest.PositiveRepairExceptionGUITest" name="gUITestDropDownRepairException" time="4.421"/>
  <system-out/>
  <testcase classname="fieldServiceFormsTest.PositiveRepairExceptionGUITest" name="gUITestDropDownRepairException" time="4.417"/>
  <system-out/>
  <testcase classname="fieldServiceFormsTest.PositiveRepairExceptionGUITest" name="gUITestDropDownRepairException" time="5.007"/>
  <system-out/>
  <testcase classname="fieldServiceFormsTest.PositiveRepairExceptionGUITest" name="gUITestDropDownRepairException" time="4.792"/>
  <system-out/>
  <testcase classname="fieldServiceFormsTest.PositiveRepairExceptionGUITest" name="gUITestDropDownRepairException" time="4.460"/>
  <system-out/>
  <testcase classname="fieldServiceFormsTest.PositiveRepairExceptionGUITest" name="gUITestDropDownRepairException" time="5.323"/>
  <system-out/>
  <testcase classname="fieldServiceFormsTest.PositiveRepairExceptionGUITest" name="gUITestDropDownRepairException" time="4.440"/>
  <system-out/>
  <testcase classname="fieldServiceFormsTest.PositiveRepairExceptionGUITest" name="gUITestDropDownRepairException" time="4.910"/>
  <system-out/>
  <testcase classname="fieldServiceFormsTest.PositiveRepairExceptionGUITest" name="gUITestDropDownRepairException" time="4.920"/>
  <system-out/>
  <testcase classname="fieldServiceFormsTest.PositiveRepairExceptionGUITest" name="gUITestDropDownRepairException" time="4.229"/>
  <system-out/>
  <testcase classname="fieldServiceFormsTest.PositiveRepairExceptionGUITest" name="gUITestDropDownRepairException" time="5.489"/>
  <system-out/>
  <testcase classname="fieldServiceFormsTest.PositiveRepairExceptionGUITest" name="gUITestDropDownRepairException" time="4.298"/>
  <system-out/>
  <testcase classname="fieldServiceFormsTest.PositiveRepairExceptionGUITest" name="gUITestDropDownRepairException" time="4.755"/>
  <system-out/>
  <testcase classname="fieldServiceFormsTest.PositiveRepairExceptionGUITest" name="gUITestDropDownRepairException" time="4.565"/>
  <system-out/>
  <testcase classname="fieldServiceFormsTest.PositiveRepairExceptionGUITest" name="gUITestDropDownRepairException" time="5.176"/>
  <system-out/>
  <testcase classname="fieldServiceFormsTest.PositiveRepairExceptionGUITest" name="gUITestDropDownRepairException" time="4.514"/>
  <system-out/>
  <testcase classname="fieldServiceFormsTest.PositiveRepairExceptionGUITest" name="gUITestDropDownRepairException" time="4.930"/>
  <system-out/>
  <testcase classname="fieldServiceFormsTest.PositiveRepairExceptionGUITest" name="gUITestDropDownRepairException" time="5.322"/>
  <system-out/>
  <testcase classname="fieldServiceFormsTest.PositiveRepairExceptionGUITest" name="gUITestDropDownRepairException" time="4.334"/>
  <system-out/>
  <testcase classname="fieldServiceFormsTest.PositiveRepairExceptionGUITest" name="gUITestDropDownRepairException" time="4.559"/>
  <system-out/>
  <testcase classname="fieldServiceFormsTest.PositiveRepairExceptionGUITest" name="gUITestDropDownRepairException" time="4.896"/>
  <system-out/>
  <testcase classname="fieldServiceFormsTest.PositiveRepairExceptionGUITest" name="gUITestDropDownRepairException" time="4.887"/>
  <system-out/>
  <testcase classname="fieldServiceFormsTest.PositiveRepairExceptionGUITest" name="gUITestDropDownRepairException" time="4.327"/>
  <system-out/>
  <testcase classname="fieldServiceFormsTest.PositiveRepairExceptionGUITest" name="gUITestDropDownRepairException" time="4.573"/>
  <system-out/>
  <testcase classname="fieldServiceFormsTest.PositiveRepairExceptionGUITest" name="gUITestDropDownRepairException" time="4.369"/>
  <system-out/>
  <testcase classname="fieldServiceFormsTest.PositiveRepairExceptionGUITest" name="gUITestDropDownRepairException" time="4.271"/>
  <system-out/>
  <testcase classname="fieldServiceFormsTest.PositiveRepairExceptionGUITest" name="gUITestDropDownRepairException" time="4.434"/>
  <system-out/>
  <testcase classname="fieldServiceFormsTest.PositiveRepairExceptionGUITest" name="gUITestDropDownRepairException" time="4.446"/>
  <system-out/>
  <testcase classname="fieldServiceFormsTest.PositiveRepairExceptionGUITest" name="gUITestDropDownRepairException" time="4.248"/>
  <system-out/>
  <testcase classname="fieldServiceFormsTest.PositiveRepairExceptionGUITest" name="gUITestDropDownRepairException" time="4.416"/>
  <system-out/>
  <testcase classname="fieldServiceFormsTest.PositiveRepairExceptionGUITest" name="gUITestDropDownRepairException" time="5.532"/>
  <system-out/>
  <testcase classname="fieldServiceFormsTest.PositiveRepairExceptionGUITest" name="gUITestDropDownRepairException" time="5.125"/>
  <system-out/>
  <testcase classname="fieldServiceFormsTest.PositiveRepairExceptionGUITest" name="gUITestDropDownRepairException" time="4.424"/>
  <system-out/>
  <testcase classname="fieldServiceFormsTest.PositiveRepairExceptionGUITest" name="gUITestDropDownRepairException" time="4.455"/>
  <system-out/>
  <testcase classname="fieldServiceFormsTest.PositiveRepairExceptionGUITest" name="gUITestDropDownRepairException" time="4.237"/>
  <system-out/>
  <testcase classname="fieldServiceFormsTest.PositiveRepairExceptionGUITest" name="gUITestDropDownRepairException" time="4.763"/>
  <system-out/>
  <testcase classname="fieldServiceFormsTest.PositiveRepairExceptionGUITest" name="gUITestDropDownRepairException" time="4.801"/>
  <system-out/>
  <testcase classname="fieldServiceFormsTest.PositiveRepairExceptionGUITest" name="gUITestDropDownRepairException" time="4.423"/>
  <system-out/>
  <testcase classname="fieldServiceFormsTest.PositiveRepairExceptionGUITest" name="gUITestDropDownRepairException" time="4.899"/>
  <system-out/>
  <testcase classname="fieldServiceFormsTest.PositiveRepairExceptionGUITest" name="gUITestDropDownRepairException" time="4.397"/>
  <system-out/>
  <testcase classname="fieldServiceFormsTest.PositiveRepairExceptionGUITest" name="gUITestDropDownRepairException" time="4.424"/>
  <system-out/>
  <testcase classname="fieldServiceFormsTest.PositiveRepairExceptionGUITest" name="gUITestDropDownRepairException" time="4.276"/>
  <system-out/>
  <testcase classname="fieldServiceFormsTest.PositiveRepairExceptionGUITest" name="gUITestDropDownRepairException" time="5.971"/>
  <system-out/>
  <testcase classname="fieldServiceFormsTest.PositiveRepairExceptionGUITest" name="gUITestDropDownRepairException" time="4.462"/>
  <system-out/>
  <testcase classname="fieldServiceFormsTest.PositiveRepairExceptionGUITest" name="gUITestDropDownRepairException" time="4.413"/>
  <system-out/>
  <testcase classname="fieldServiceFormsTest.PositiveRepairExceptionGUITest" name="gUITestDropDownRepairException" time="4.480"/>
  <system-out/>
  <testcase classname="fieldServiceFormsTest.PositiveRepairExceptionGUITest" name="gUITestDropDownRepairException" time="4.445"/>
  <system-out/>
  <testcase classname="fieldServiceFormsTest.PositiveRepairExceptionGUITest" name="gUITestDropDownRepairException" time="5.571"/>
  <system-out/>
  <testcase classname="fieldServiceFormsTest.PositiveRepairExceptionGUITest" name="gUITestDropDownRepairException" time="4.287"/>
  <system-out/>
  <testcase classname="fieldServiceFormsTest.PositiveRepairExceptionGUITest" name="gUITestDropDownRepairException" time="4.170"/>
  <system-out/>
  <testcase classname="fieldServiceFormsTest.PositiveRepairExceptionGUITest" name="gUITestDropDownRepairException" time="4.365"/>
  <system-out/>
  <testcase classname="fieldServiceFormsTest.PositiveRepairExceptionGUITest" name="gUITestDropDownRepairException" time="4.190"/>
  <system-out/>
  <testcase classname="fieldServiceFormsTest.PositiveRepairExceptionGUITest" name="gUITestDropDownRepairException" time="5.820"/>
  <system-out/>
  <testcase classname="fieldServiceFormsTest.PositiveRepairExceptionGUITest" name="gUITestDropDownRepairException" time="4.952"/>
  <system-out/>
  <testcase classname="fieldServiceFormsTest.PositiveRepairExceptionGUITest" name="gUITestDropDownRepairException" time="4.393"/>
  <system-out/>
  <testcase classname="fieldServiceFormsTest.PositiveRepairExceptionGUITest" name="gUITestDropDownRepairException" time="4.483"/>
  <system-out/>
  <testcase classname="fieldServiceFormsTest.PositiveRepairExceptionGUITest" name="gUITestDropDownRepairException" time="4.945"/>
  <system-out/>
  <testcase classname="fieldServiceFormsTest.PositiveRepairExceptionGUITest" name="gUITestDropDownRepairException" time="4.539"/>
  <system-out/>
  <testcase classname="fieldServiceFormsTest.PositiveRepairExceptionGUITest" name="gUITestDropDownRepairException" time="4.426"/>
  <system-out/>
  <testcase classname="fieldServiceFormsTest.PositiveRepairExceptionGUITest" name="gUITestDropDownRepairException" time="4.402"/>
  <system-out/>
  <testcase classname="fieldServiceFormsTest.PositiveRepairExceptionGUITest" name="gUITestDropDownRepairException" time="4.731"/>
  <system-out/>
  <testcase classname="fieldServiceFormsTest.PositiveRepairExceptionGUITest" name="gUITestDropDownRepairException" time="4.859"/>
  <system-out/>
  <testcase classname="fieldServiceFormsTest.PositiveRepairExceptionGUITest" name="gUITestDropDownRepairException" time="4.478"/>
  <system-out/>
  <testcase classname="fieldServiceFormsTest.PositiveRepairExceptionGUITest" name="gUITestDropDownRepairException" time="4.288"/>
  <system-out/>
  <testcase classname="fieldServiceFormsTest.PositiveRepairExceptionGUITest" name="gUITestDropDownRepairException" time="4.965"/>
  <system-out/>
  <testcase classname="fieldServiceFormsTest.PositiveRepairExceptionGUITest" name="gUITestDropDownRepairException" time="6.522"/>
  <system-out/>
  <testcase classname="fieldServiceFormsTest.PositiveRepairExceptionGUITest" name="gUITestDropDownRepairException" time="5.032"/>
  <system-out/>
  <testcase classname="fieldServiceFormsTest.PositiveRepairExceptionGUITest" name="gUITestDropDownRepairException" time="4.470"/>
  <system-out/>
  <testcase classname="fieldServiceFormsTest.PositiveRepairExceptionGUITest" name="gUITestDropDownRepairException" time="4.852"/>
  <system-out/>
  <testcase classname="fieldServiceFormsTest.PositiveRepairExceptionGUITest" name="gUITestDropDownRepairException" time="4.326"/>
  <system-out/>
  <testcase classname="fieldServiceFormsTest.PositiveRepairExceptionGUITest" name="gUITestDropDownRepairException" time="4.882"/>
  <system-out/>
  <testcase classname="fieldServiceFormsTest.PositiveRepairExceptionGUITest" name="gUITestDropDownRepairException" time="4.431"/>
  <system-out/>
  <testcase classname="fieldServiceFormsTest.PositiveRepairExceptionGUITest" name="gUITestDropDownRepairException" time="4.467"/>
  <system-out/>
  <testcase classname="fieldServiceFormsTest.PositiveRepairExceptionGUITest" name="gUITestDropDownRepairException" time="4.335"/>
  <system-out/>
  <testcase classname="fieldServiceFormsTest.PositiveRepairExceptionGUITest" name="gUITestDropDownRepairException" time="4.854"/>
  <system-out/>
  <testcase classname="fieldServiceFormsTest.PositiveRepairExceptionGUITest" name="gUITestDropDownRepairException" time="5.521"/>
  <system-out/>
  <testcase classname="fieldServiceFormsTest.PositiveRepairExceptionGUITest" name="gUITestDropDownRepairException" time="4.554"/>
  <system-out/>
  <testcase classname="fieldServiceFormsTest.PositiveRepairExceptionGUITest" name="gUITestDropDownRepairException" time="5.097"/>
  <system-out/>
  <testcase classname="fieldServiceFormsTest.PositiveRepairExceptionGUITest" name="gUITestDropDownRepairException" time="4.506"/>
  <system-out/>
  <testcase classname="fieldServiceFormsTest.PositiveRepairExceptionGUITest" name="gUITestDropDownRepairException" time="4.582"/>
  <system-out/>
  <testcase classname="fieldServiceFormsTest.PositiveRepairExceptionGUITest" name="gUITestDropDownRepairException" time="4.488"/>
  <system-out/>
  <testcase classname="fieldServiceFormsTest.PositiveRepairExceptionGUITest" name="gUITestDropDownRepairException" time="5.041"/>
  <system-out/>
  <testcase classname="fieldServiceFormsTest.PositiveRepairExceptionGUITest" name="gUITestDropDownRepairException" time="4.488"/>
  <system-out/>
  <testcase classname="fieldServiceFormsTest.PositiveRepairExceptionGUITest" name="gUITestDropDownRepairException" time="4.614"/>
  <system-out/>
  <testcase classname="fieldServiceFormsTest.PositiveRepairExceptionGUITest" name="gUITestDropDownRepairException" time="5.125"/>
  <system-out/>
  <testcase classname="fieldServiceFormsTest.PositiveRepairExceptionGUITest" name="gUITestDropDownRepairException" time="4.978"/>
  <system-out/>
  <testcase classname="fieldServiceFormsTest.PositiveRepairExceptionGUITest" name="gUITestDropDownRepairException" time="4.432"/>
  <system-out/>
  <testcase classname="fieldServiceFormsTest.PositiveRepairExceptionGUITest" name="gUITestDropDownRepairException" time="4.474"/>
  <system-out/>
  <testcase classname="fieldServiceFormsTest.PositiveRepairExceptionGUITest" name="gUITestDropDownRepairException" time="4.258"/>
  <system-out/>
  <testcase classname="fieldServiceFormsTest.PositiveRepairExceptionGUITest" name="gUITestDropDownRepairException" time="4.392"/>
  <system-out/>
  <testcase classname="fieldServiceFormsTest.PositiveRepairExceptionGUITest" name="gUITestDropDownRepairException" time="4.446"/>
  <system-out/>
  <testcase classname="fieldServiceFormsTest.PositiveRepairExceptionGUITest" name="gUITestDropDownRepairException" time="4.959"/>
  <system-out/>
  <testcase classname="fieldServiceFormsTest.PositiveRepairExceptionGUITest" name="gUITestDropDownRepairException" time="4.455"/>
  <system-out/>
  <testcase classname="fieldServiceFormsTest.PositiveRepairExceptionGUITest" name="gUITestDropDownRepairException" time="5.372"/>
  <system-out/>
  <testcase classname="fieldServiceFormsTest.PositiveRepairExceptionGUITest" name="gUITestDropDownRepairException" time="4.483"/>
  <system-out/>
  <testcase classname="fieldServiceFormsTest.PositiveRepairExceptionGUITest" name="gUITestDropDownRepairException" time="4.860"/>
  <system-out/>
  <testcase classname="fieldServiceFormsTest.PositiveRepairExceptionGUITest" name="gUITestDropDownRepairException" time="5.183"/>
  <system-out/>
  <testcase classname="fieldServiceFormsTest.PositiveRepairExceptionGUITest" name="gUITestDropDownRepairException" time="4.620"/>
  <system-out/>
  <testcase classname="fieldServiceFormsTest.PositiveRepairExceptionGUITest" name="gUITestDropDownRepairException" time="4.900"/>
  <system-out/>
  <testcase classname="fieldServiceFormsTest.PositiveRepairExceptionGUITest" name="gUITestDropDownRepairException" time="5.015"/>
  <system-out/>
  <testcase classname="fieldServiceFormsTest.PositiveRepairExceptionGUITest" name="gUITestDropDownRepairException" time="6.349"/>
  <system-out/>
  <testcase classname="fieldServiceFormsTest.PositiveRepairExceptionGUITest" name="gUITestDropDownRepairException" time="4.920"/>
  <system-out/>
  <testcase classname="fieldServiceFormsTest.PositiveRepairExceptionGUITest" name="gUITestDropDownRepairException" time="4.991"/>
  <system-out/>
  <testcase classname="fieldServiceFormsTest.PositiveRepairExceptionGUITest" name="gUITestDropDownRepairException" time="5.542"/>
  <system-out/>
  <testcase classname="fieldServiceFormsTest.PositiveRepairExceptionGUITest" name="gUITestDropDownRepairException" time="4.504"/>
  <system-out/>
  <testcase classname="fieldServiceFormsTest.PositiveRepairExceptionGUITest" name="gUITestDropDownRepairException" time="5.284"/>
  <system-out/>
  <testcase classname="fieldServiceFormsTest.PositiveRepairExceptionGUITest" name="gUITestDropDownRepairException" time="4.453"/>
  <system-out/>
  <testcase classname="fieldServiceFormsTest.PositiveRepairExceptionGUITest" name="gUITestDropDownRepairException" time="4.238"/>
  <system-out/>
  <testcase classname="fieldServiceFormsTest.PositiveRepairExceptionGUITest" name="gUITestDropDownRepairException" time="4.453"/>
  <system-out/>
  <testcase classname="fieldServiceFormsTest.PositiveRepairExceptionGUITest" name="gUITestDropDownRepairException" time="4.271"/>
  <system-out/>
  <testcase classname="fieldServiceFormsTest.PositiveRepairExceptionGUITest" name="gUITestDropDownRepairException" time="4.440"/>
  <system-out/>
  <testcase classname="fieldServiceFormsTest.PositiveRepairExceptionGUITest" name="gUITestDropDownRepairException" time="5.156"/>
  <system-out/>
  <testcase classname="fieldServiceFormsTest.PositiveRepairExceptionGUITest" name="gUITestDropDownRepairException" time="5.487"/>
  <system-out/>
  <testcase classname="fieldServiceFormsTest.PositiveRepairExceptionGUITest" name="gUITestDropDownRepairException" time="4.853"/>
  <system-out/>
  <testcase classname="fieldServiceFormsTest.PositiveRepairExceptionGUITest" name="gUITestDropDownRepairException" time="4.966"/>
  <system-out/>
  <testcase classname="fieldServiceFormsTest.PositiveRepairExceptionGUITest" name="gUITestDropDownRepairException" time="6.211"/>
  <system-out/>
  <testcase classname="fieldServiceFormsTest.PositiveRepairExceptionGUITest" name="gUITestDropDownRepairException" time="53.213">
    <error message="no such element: Unable to locate element: {&quot;method&quot;:&quot;css selector&quot;,&quot;selector&quot;:&quot;#repairException&quot;}
  (Session info: chrome=109.0.5414.75)
For documentation on this error, please visit: https://selenium.dev/exceptions/#no_such_element
Build info: version: &#039;4.3.0&#039;, revision: &#039;a4995e2c09*&#039;
System info: host: &#039;DESKTOP-M729FOC&#039;, ip: &#039;192.168.29.91&#039;, os.name: &#039;Windows 10&#039;, os.arch: &#039;amd64&#039;, os.version: &#039;10.0&#039;, java.version: &#039;11.0.13&#039;
Driver info: org.openqa.selenium.chrome.ChromeDriver
Command: [597a0c430c70878c24edba044d404178, findElement {using=id, value=repairException}]
Capabilities {acceptInsecureCerts: false, browserName: chrome, browserVersion: 109.0.5414.75, chrome: {chromedriverVersion: 109.0.5414.74 (e7c5703604da..., userDataDir: C:\Users\DELL\AppData\Local...}, goog:chromeOptions: {debuggerAddress: localhost:52569}, networkConnectionEnabled: false, pageLoadStrategy: normal, platformName: WINDOWS, proxy: Proxy(), se:cdp: ws://localhost:52569/devtoo..., se:cdpVersion: 109.0.5414.75, setWindowRect: true, strictFileInteractability: false, timeouts: {implicit: 0, pageLoad: 300000, script: 30000}, unhandledPromptBehavior: dismiss and notify, webauthn:extension:credBlob: true, webauthn:extension:largeBlob: true, webauthn:virtualAuthenticators: true}
Session ID: 597a0c430c70878c24edba044d404178" type="org.openqa.selenium.NoSuchElementException">
      <![CDATA[org.openqa.selenium.NoSuchElementException: no such element: Unable to locate element: {"method":"css selector","selector":"#repairException"}
  (Session info: chrome=109.0.5414.75)
For documentation on this error, please visit: https://selenium.dev/exceptions/#no_such_element
Build info: version: '4.3.0', revision: 'a4995e2c09*'
System info: host: 'DESKTOP-M729FOC', ip: '192.168.29.91', os.name: 'Windows 10', os.arch: 'amd64', os.version: '10.0', java.version: '11.0.13'
Driver info: org.openqa.selenium.chrome.ChromeDriver
Command: [597a0c430c70878c24edba044d404178, findElement {using=id, value=repairException}]
Capabilities {acceptInsecureCerts: false, browserName: chrome, browserVersion: 109.0.5414.75, chrome: {chromedriverVersion: 109.0.5414.74 (e7c5703604da..., userDataDir: C:\Users\DELL\AppData\Local...}, goog:chromeOptions: {debuggerAddress: localhost:52569}, networkConnectionEnabled: false, pageLoadStrategy: normal, platformName: WINDOWS, proxy: Proxy(), se:cdp: ws://localhost:52569/devtoo..., se:cdpVersion: 109.0.5414.75, setWindowRect: true, strictFileInteractability: false, timeouts: {implicit: 0, pageLoad: 300000, script: 30000}, unhandledPromptBehavior: dismiss and notify, webauthn:extension:credBlob: true, webauthn:extension:largeBlob: true, webauthn:virtualAuthenticators: true}
Session ID: 597a0c430c70878c24edba044d404178
at java.base/jdk.internal.reflect.NativeConstructorAccessorImpl.newInstance0(Native Method)
at java.base/jdk.internal.reflect.NativeConstructorAccessorImpl.newInstance(NativeConstructorAccessorImpl.java:62)
at java.base/jdk.internal.reflect.DelegatingConstructorAccessorImpl.newInstance(DelegatingConstructorAccessorImpl.java:45)
at java.base/java.lang.reflect.Constructor.newInstance(Constructor.java:490)
at org.openqa.selenium.remote.codec.w3c.W3CHttpResponseCodec.createException(W3CHttpResponseCodec.java:200)
at org.openqa.selenium.remote.codec.w3c.W3CHttpResponseCodec.decode(W3CHttpResponseCodec.java:133)
at org.openqa.selenium.remote.codec.w3c.W3CHttpResponseCodec.decode(W3CHttpResponseCodec.java:53)
at org.openqa.selenium.remote.HttpCommandExecutor.execute(HttpCommandExecutor.java:184)
at org.openqa.selenium.remote.service.DriverCommandExecutor.invokeExecute(DriverCommandExecutor.java:167)
at org.openqa.selenium.remote.service.DriverCommandExecutor.execute(DriverCommandExecutor.java:142)
at org.openqa.selenium.remote.RemoteWebDriver.execute(RemoteWebDriver.java:569)
at org.openqa.selenium.remote.ElementLocation$ElementFinder$2.findElement(ElementLocation.java:162)
at org.openqa.selenium.remote.ElementLocation.findElement(ElementLocation.java:60)
at org.openqa.selenium.remote.RemoteWebDriver.findElement(RemoteWebDriver.java:387)
at org.openqa.selenium.remote.RemoteWebDriver.findElement(RemoteWebDriver.java:379)
at pageobjects.RepairLocatorsGUI.repairException(RepairLocatorsGUI.java:81)
at fieldServiceFormsTest.PositiveRepairExceptionGUITest.gUITestDropDownRepairException(PositiveRepairExceptionGUITest.java:95)
at jdk.internal.reflect.GeneratedMethodAccessor4.invoke(Unknown Source)
at java.base/jdk.internal.reflect.DelegatingMethodAccessorImpl.invoke(DelegatingMethodAccessorImpl.java:43)
at java.base/java.lang.reflect.Method.invoke(Method.java:566)
at org.testng.internal.MethodInvocationHelper.invokeMethod(MethodInvocationHelper.java:133)
at org.testng.internal.TestInvoker.invokeMethod(TestInvoker.java:598)
at org.testng.internal.TestInvoker.invokeTestMethod(TestInvoker.java:173)
at org.testng.internal.MethodRunner.runInSequence(MethodRunner.java:46)
at org.testng.internal.TestInvoker$MethodInvocationAgent.invoke(TestInvoker.java:824)
at org.testng.internal.TestInvoker.invokeTestMethods(TestInvoker.java:146)
at org.testng.internal.TestMethodWorker.invokeTestMethods(TestMethodWorker.java:146)
at org.testng.internal.TestMethodWorker.run(TestMethodWorker.java:128)
at java.base/java.util.ArrayList.forEach(ArrayList.java:1541)
at org.testng.TestRunner.privateRun(TestRunner.java:794)
at org.testng.TestRunner.run(TestRunner.java:596)
at org.testng.SuiteRunner.runTest(SuiteRunner.java:377)
at org.testng.SuiteRunner.runSequentially(SuiteRunner.java:371)
at org.testng.SuiteRunner.privateRun(SuiteRunner.java:332)
at org.testng.SuiteRunner.run(SuiteRunner.java:276)
at org.testng.SuiteRunnerWorker.runSuite(SuiteRunnerWorker.java:53)
at org.testng.SuiteRunnerWorker.run(SuiteRunnerWorker.java:96)
at org.testng.TestNG.runSuitesSequentially(TestNG.java:1212)
at org.testng.TestNG.runSuitesLocally(TestNG.java:1134)
at org.testng.TestNG.runSuites(TestNG.java:1063)
at org.testng.TestNG.run(TestNG.java:1031)
at org.testng.remote.AbstractRemoteTestNG.run(AbstractRemoteTestNG.java:115)
at org.testng.remote.RemoteTestNG.initAndRun(RemoteTestNG.java:251)
at org.testng.remote.RemoteTestNG.main(RemoteTestNG.java:77)
]]>
    </error>
  </testcase> <!-- gUITestDropDownRepairException -->
  <system-out/>
  <testcase classname="fieldServiceFormsTest.PositiveRepairExceptionGUITest" name="gUITestDropDownRepairException" time="4.389"/>
  <system-out/>
  <testcase classname="fieldServiceFormsTest.PositiveRepairExceptionGUITest" name="gUITestDropDownRepairException" time="6.114"/>
  <system-out/>
  <testcase classname="fieldServiceFormsTest.PositiveRepairExceptionGUITest" name="gUITestDropDownRepairException" time="4.709"/>
  <system-out/>
  <testcase classname="fieldServiceFormsTest.PositiveRepairExceptionGUITest" name="gUITestDropDownRepairException" time="4.282"/>
  <system-out/>
  <testcase classname="fieldServiceFormsTest.PositiveRepairExceptionGUITest" name="gUITestDropDownRepairException" time="4.471"/>
  <system-out/>
  <testcase classname="fieldServiceFormsTest.PositiveRepairExceptionGUITest" name="gUITestDropDownRepairException" time="4.577"/>
  <system-out/>
  <testcase classname="fieldServiceFormsTest.PositiveRepairExceptionGUITest" name="gUITestDropDownRepairException" time="5.534"/>
  <system-out/>
  <testcase classname="fieldServiceFormsTest.PositiveRepairExceptionGUITest" name="gUITestDropDownRepairException" time="4.785"/>
  <system-out/>
  <testcase classname="fieldServiceFormsTest.PositiveRepairExceptionGUITest" name="gUITestDropDownRepairException" time="4.498"/>
  <system-out/>
  <testcase classname="fieldServiceFormsTest.PositiveRepairExceptionGUITest" name="gUITestDropDownRepairException" time="4.992"/>
  <system-out/>
  <testcase classname="fieldServiceFormsTest.PositiveRepairExceptionGUITest" name="gUITestDropDownRepairException" time="4.660"/>
  <system-out/>
  <testcase classname="fieldServiceFormsTest.PositiveRepairExceptionGUITest" name="gUITestDropDownRepairException" time="4.513"/>
  <system-out/>
  <testcase classname="fieldServiceFormsTest.PositiveRepairExceptionGUITest" name="gUITestDropDownRepairException" time="4.524"/>
  <system-out/>
  <testcase classname="fieldServiceFormsTest.PositiveRepairExceptionGUITest" name="gUITestDropDownRepairException" time="5.877"/>
  <system-out/>
  <testcase classname="fieldServiceFormsTest.PositiveRepairExceptionGUITest" name="gUITestDropDownRepairException" time="4.519"/>
  <system-out/>
  <testcase classname="fieldServiceFormsTest.PositiveRepairExceptionGUITest" name="gUITestDropDownRepairException" time="4.432"/>
  <system-out/>
  <testcase classname="fieldServiceFormsTest.PositiveRepairExceptionGUITest" name="gUITestDropDownRepairException" time="4.556"/>
  <system-out/>
  <testcase classname="fieldServiceFormsTest.PositiveRepairExceptionGUITest" name="gUITestDropDownRepairException" time="4.333"/>
  <system-out/>
  <testcase classname="fieldServiceFormsTest.PositiveRepairExceptionGUITest" name="gUITestDropDownRepairException" time="4.790"/>
  <system-out/>
  <testcase classname="fieldServiceFormsTest.PositiveRepairExceptionGUITest" name="gUITestDropDownRepairException" time="5.202"/>
  <system-out/>
  <testcase classname="fieldServiceFormsTest.PositiveRepairExceptionGUITest" name="gUITestDropDownRepairException" time="4.450"/>
  <system-out/>
  <testcase classname="fieldServiceFormsTest.PositiveRepairExceptionGUITest" name="gUITestDropDownRepairException" time="4.391"/>
  <system-out/>
  <testcase classname="fieldServiceFormsTest.PositiveRepairExceptionGUITest" name="gUITestDropDownRepairException" time="4.388"/>
  <system-out/>
  <testcase classname="fieldServiceFormsTest.PositiveRepairExceptionGUITest" name="gUITestDropDownRepairException" time="4.907"/>
  <system-out/>
  <testcase classname="fieldServiceFormsTest.PositiveRepairExceptionGUITest" name="gUITestDropDownRepairException" time="4.458"/>
  <system-out/>
  <testcase classname="fieldServiceFormsTest.PositiveRepairExceptionGUITest" name="gUITestDropDownRepairException" time="5.491"/>
  <system-out/>
  <testcase classname="fieldServiceFormsTest.PositiveRepairExceptionGUITest" name="gUITestDropDownRepairException" time="4.271"/>
  <system-out/>
  <testcase classname="fieldServiceFormsTest.PositiveRepairExceptionGUITest" name="gUITestDropDownRepairException" time="4.875"/>
  <system-out/>
  <testcase classname="fieldServiceFormsTest.PositiveRepairExceptionGUITest" name="gUITestDropDownRepairException" time="4.791"/>
  <system-out/>
  <testcase classname="fieldServiceFormsTest.PositiveRepairExceptionGUITest" name="gUITestDropDownRepairException" time="5.956"/>
  <system-out/>
  <testcase classname="fieldServiceFormsTest.PositiveRepairExceptionGUITest" name="gUITestDropDownRepairException" time="4.983"/>
  <system-out/>
  <testcase classname="fieldServiceFormsTest.PositiveRepairExceptionGUITest" name="gUITestDropDownRepairException" time="4.570"/>
  <system-out/>
  <testcase classname="fieldServiceFormsTest.PositiveRepairExceptionGUITest" name="gUITestDropDownRepairException" time="4.604"/>
  <system-out/>
  <testcase classname="fieldServiceFormsTest.PositiveRepairExceptionGUITest" name="gUITestDropDownRepairException" time="4.508"/>
  <system-out/>
  <testcase classname="fieldServiceFormsTest.PositiveRepairExceptionGUITest" name="gUITestDropDownRepairException" time="4.823"/>
  <system-out/>
  <testcase classname="fieldServiceFormsTest.PositiveRepairExceptionGUITest" name="gUITestDropDownRepairException" time="4.379"/>
  <system-out/>
  <testcase classname="fieldServiceFormsTest.PositiveRepairExceptionGUITest" name="gUITestDropDownRepairException" time="5.266"/>
  <system-out/>
  <testcase classname="fieldServiceFormsTest.PositiveRepairExceptionGUITest" name="gUITestDropDownRepairException" time="4.851"/>
  <system-out/>
  <testcase classname="fieldServiceFormsTest.PositiveRepairExceptionGUITest" name="gUITestDropDownRepairException" time="4.367"/>
  <system-out/>
  <testcase classname="fieldServiceFormsTest.PositiveRepairExceptionGUITest" name="gUITestDropDownRepairException" time="5.106"/>
  <system-out/>
  <testcase classname="fieldServiceFormsTest.PositiveRepairExceptionGUITest" name="gUITestDropDownRepairException" time="5.658"/>
  <system-out/>
  <testcase classname="fieldServiceFormsTest.PositiveRepairExceptionGUITest" name="gUITestDropDownRepairException" time="5.042"/>
  <system-out/>
  <testcase classname="fieldServiceFormsTest.PositiveRepairExceptionGUITest" name="gUITestDropDownRepairException" time="4.630"/>
  <system-out/>
  <testcase classname="fieldServiceFormsTest.PositiveRepairExceptionGUITest" name="gUITestDropDownRepairException" time="4.399"/>
  <system-out/>
  <testcase classname="fieldServiceFormsTest.PositiveRepairExceptionGUITest" name="gUITestDropDownRepairException" time="5.031"/>
  <system-out/>
  <testcase classname="fieldServiceFormsTest.PositiveRepairExceptionGUITest" name="gUITestDropDownRepairException" time="4.258"/>
  <system-out/>
  <testcase classname="fieldServiceFormsTest.PositiveRepairExceptionGUITest" name="gUITestDropDownRepairException" time="4.372"/>
  <system-out/>
  <testcase classname="fieldServiceFormsTest.PositiveRepairExceptionGUITest" name="gUITestDropDownRepairException" time="5.069"/>
  <system-out/>
  <testcase classname="fieldServiceFormsTest.PositiveRepairExceptionGUITest" name="gUITestDropDownRepairException" time="4.386"/>
  <system-out/>
  <testcase classname="fieldServiceFormsTest.PositiveRepairExceptionGUITest" name="gUITestDropDownRepairException" time="4.393"/>
  <system-out/>
  <testcase classname="fieldServiceFormsTest.PositiveRepairExceptionGUITest" name="gUITestDropDownRepairException" time="4.313"/>
  <system-out/>
  <testcase classname="fieldServiceFormsTest.PositiveRepairExceptionGUITest" name="gUITestDropDownRepairException" time="4.431"/>
  <system-out/>
  <testcase classname="fieldServiceFormsTest.PositiveRepairExceptionGUITest" name="gUITestDropDownRepairException" time="5.095"/>
  <system-out/>
  <testcase classname="fieldServiceFormsTest.PositiveRepairExceptionGUITest" name="gUITestDropDownRepairException" time="4.448"/>
  <system-out/>
  <testcase classname="fieldServiceFormsTest.PositiveRepairExceptionGUITest" name="gUITestDropDownRepairException" time="4.602"/>
  <system-out/>
  <testcase classname="fieldServiceFormsTest.PositiveRepairExceptionGUITest" name="gUITestDropDownRepairException" time="4.279"/>
  <system-out/>
  <testcase classname="fieldServiceFormsTest.PositiveRepairExceptionGUITest" name="gUITestDropDownRepairException" time="4.147"/>
  <system-out/>
  <testcase classname="fieldServiceFormsTest.PositiveRepairExceptionGUITest" name="gUITestDropDownRepairException" time="5.723"/>
  <system-out/>
  <testcase classname="fieldServiceFormsTest.PositiveRepairExceptionGUITest" name="gUITestDropDownRepairException" time="4.290"/>
  <system-out/>
  <testcase classname="fieldServiceFormsTest.PositiveRepairExceptionGUITest" name="gUITestDropDownRepairException" time="5.025"/>
  <system-out/>
  <testcase classname="fieldServiceFormsTest.PositiveRepairExceptionGUITest" name="gUITestDropDownRepairException" time="4.934"/>
  <system-out/>
  <testcase classname="fieldServiceFormsTest.PositiveRepairExceptionGUITest" name="gUITestDropDownRepairException" time="4.445"/>
  <system-out/>
  <testcase classname="fieldServiceFormsTest.PositiveRepairExceptionGUITest" name="gUITestDropDownRepairException" time="4.229"/>
  <system-out/>
  <testcase classname="fieldServiceFormsTest.PositiveRepairExceptionGUITest" name="gUITestDropDownRepairException" time="4.539"/>
  <system-out/>
  <testcase classname="fieldServiceFormsTest.PositiveRepairExceptionGUITest" name="gUITestDropDownRepairException" time="5.204"/>
  <system-out/>
  <testcase classname="fieldServiceFormsTest.PositiveRepairExceptionGUITest" name="gUITestDropDownRepairException" time="5.144"/>
  <system-out/>
  <testcase classname="fieldServiceFormsTest.PositiveRepairExceptionGUITest" name="gUITestDropDownRepairException" time="5.240"/>
  <system-out/>
  <testcase classname="fieldServiceFormsTest.PositiveRepairExceptionGUITest" name="gUITestDropDownRepairException" time="5.323"/>
  <system-out/>
  <testcase classname="fieldServiceFormsTest.PositiveRepairExceptionGUITest" name="gUITestDropDownRepairException" time="4.891"/>
  <system-out/>
  <testcase classname="fieldServiceFormsTest.PositiveRepairExceptionGUITest" name="gUITestDropDownRepairException" time="4.367"/>
  <system-out/>
  <testcase classname="fieldServiceFormsTest.PositiveRepairExceptionGUITest" name="gUITestDropDownRepairException" time="4.308"/>
  <system-out/>
  <testcase classname="fieldServiceFormsTest.PositiveRepairExceptionGUITest" name="gUITestDropDownRepairException" time="4.416"/>
  <system-out/>
  <testcase classname="fieldServiceFormsTest.PositiveRepairExceptionGUITest" name="gUITestDropDownRepairException" time="4.354"/>
  <system-out/>
  <testcase classname="fieldServiceFormsTest.PositiveRepairExceptionGUITest" name="gUITestDropDownRepairException" time="5.009"/>
  <system-out/>
  <testcase classname="fieldServiceFormsTest.PositiveRepairExceptionGUITest" name="gUITestDropDownRepairException" time="5.509"/>
  <system-out/>
  <testcase classname="fieldServiceFormsTest.PositiveRepairExceptionGUITest" name="gUITestDropDownRepairException" time="4.408"/>
  <system-out/>
  <testcase classname="fieldServiceFormsTest.PositiveRepairExceptionGUITest" name="gUITestDropDownRepairException" time="4.979"/>
  <system-out/>
  <testcase classname="fieldServiceFormsTest.PositiveRepairExceptionGUITest" name="gUITestDropDownRepairException" time="4.260"/>
  <system-out/>
  <testcase classname="fieldServiceFormsTest.PositiveRepairExceptionGUITest" name="gUITestDropDownRepairException" time="4.955"/>
  <system-out/>
  <testcase classname="fieldServiceFormsTest.PositiveRepairExceptionGUITest" name="gUITestDropDownRepairException" time="4.913"/>
  <system-out/>
  <testcase classname="fieldServiceFormsTest.PositiveRepairExceptionGUITest" name="gUITestDropDownRepairException" time="4.372"/>
  <system-out/>
  <testcase classname="fieldServiceFormsTest.PositiveRepairExceptionGUITest" name="gUITestDropDownRepairException" time="4.372"/>
  <system-out/>
  <testcase classname="fieldServiceFormsTest.PositiveRepairExceptionGUITest" name="gUITestDropDownRepairException" time="4.756"/>
  <system-out/>
  <testcase classname="fieldServiceFormsTest.PositiveRepairExceptionGUITest" name="gUITestDropDownRepairException" time="4.467"/>
  <system-out/>
  <testcase classname="fieldServiceFormsTest.PositiveRepairExceptionGUITest" name="gUITestDropDownRepairException" time="5.236"/>
  <system-out/>
  <testcase classname="fieldServiceFormsTest.PositiveRepairExceptionGUITest" name="gUITestDropDownRepairException" time="4.550"/>
  <system-out/>
  <testcase classname="fieldServiceFormsTest.PositiveRepairExceptionGUITest" name="gUITestDropDownRepairException" time="4.830"/>
  <system-out/>
  <testcase classname="fieldServiceFormsTest.PositiveRepairExceptionGUITest" name="gUITestDropDownRepairException" time="4.603"/>
  <system-out/>
  <testcase classname="fieldServiceFormsTest.PositiveRepairExceptionGUITest" name="gUITestDropDownRepairException" time="4.467"/>
  <system-out/>
  <testcase classname="fieldServiceFormsTest.PositiveRepairExceptionGUITest" name="gUITestDropDownRepairException" time="5.127"/>
  <system-out/>
  <testcase classname="fieldServiceFormsTest.PositiveRepairExceptionGUITest" name="gUITestDropDownRepairException" time="5.046"/>
  <system-out/>
  <testcase classname="fieldServiceFormsTest.PositiveRepairExceptionGUITest" name="gUITestDropDownRepairException" time="4.934"/>
  <system-out/>
  <testcase classname="fieldServiceFormsTest.PositiveRepairExceptionGUITest" name="gUITestDropDownRepairException" time="5.841"/>
  <system-out/>
  <testcase classname="fieldServiceFormsTest.PositiveRepairExceptionGUITest" name="gUITestDropDownRepairException" time="6.022"/>
  <system-out/>
  <testcase classname="fieldServiceFormsTest.PositiveRepairExceptionGUITest" name="gUITestDropDownRepairException" time="4.432"/>
  <system-out/>
  <testcase classname="fieldServiceFormsTest.PositiveRepairExceptionGUITest" name="gUITestDropDownRepairException" time="4.346"/>
  <system-out/>
  <testcase classname="fieldServiceFormsTest.PositiveRepairExceptionGUITest" name="gUITestDropDownRepairException" time="4.298"/>
  <system-out/>
  <testcase classname="fieldServiceFormsTest.PositiveRepairExceptionGUITest" name="gUITestDropDownRepairException" time="5.051"/>
  <system-out/>
  <testcase classname="fieldServiceFormsTest.PositiveRepairExceptionGUITest" name="gUITestDropDownRepairException" time="5.806"/>
  <system-out/>
  <testcase classname="fieldServiceFormsTest.PositiveRepairExceptionGUITest" name="gUITestDropDownRepairException" time="4.720"/>
  <system-out/>
  <testcase classname="fieldServiceFormsTest.PositiveRepairExceptionGUITest" name="gUITestDropDownRepairException" time="5.178"/>
  <system-out/>
  <testcase classname="fieldServiceFormsTest.PositiveRepairExceptionGUITest" name="gUITestDropDownRepairException" time="4.939"/>
  <system-out/>
  <testcase classname="fieldServiceFormsTest.PositiveRepairExceptionGUITest" name="gUITestDropDownRepairException" time="5.212"/>
  <system-out/>
  <testcase classname="fieldServiceFormsTest.PositiveRepairExceptionGUITest" name="gUITestDropDownRepairException" time="4.270"/>
  <system-out/>
  <testcase classname="fieldServiceFormsTest.PositiveRepairExceptionGUITest" name="gUITestDropDownRepairException" time="4.868"/>
  <system-out/>
  <testcase classname="fieldServiceFormsTest.PositiveRepairExceptionGUITest" name="gUITestDropDownRepairException" time="4.935"/>
  <system-out/>
  <testcase classname="fieldServiceFormsTest.PositiveRepairExceptionGUITest" name="gUITestDropDownRepairException" time="4.487"/>
  <system-out/>
  <testcase classname="fieldServiceFormsTest.PositiveRepairExceptionGUITest" name="gUITestDropDownRepairException" time="4.841"/>
  <system-out/>
  <testcase classname="fieldServiceFormsTest.PositiveRepairExceptionGUITest" name="gUITestDropDownRepairException" time="5.148"/>
  <system-out/>
  <testcase classname="fieldServiceFormsTest.PositiveRepairExceptionGUITest" name="gUITestDropDownRepairException" time="4.967"/>
  <system-out/>
  <testcase classname="fieldServiceFormsTest.PositiveRepairExceptionGUITest" name="gUITestDropDownRepairException" time="5.717"/>
  <system-out/>
  <testcase classname="fieldServiceFormsTest.PositiveRepairExceptionGUITest" name="gUITestDropDownRepairException" time="5.034"/>
  <system-out/>
  <testcase classname="fieldServiceFormsTest.PositiveRepairExceptionGUITest" name="gUITestDropDownRepairException" time="4.421"/>
  <system-out/>
  <testcase classname="fieldServiceFormsTest.PositiveRepairExceptionGUITest" name="gUITestDropDownRepairException" time="4.164"/>
  <system-out/>
  <testcase classname="fieldServiceFormsTest.PositiveRepairExceptionGUITest" name="gUITestDropDownRepairException" time="5.380"/>
  <system-out/>
  <testcase classname="fieldServiceFormsTest.PositiveRepairExceptionGUITest" name="gUITestDropDownRepairException" time="4.925"/>
  <system-out/>
  <testcase classname="fieldServiceFormsTest.PositiveRepairExceptionGUITest" name="gUITestDropDownRepairException" time="4.972"/>
  <system-out/>
  <testcase classname="fieldServiceFormsTest.PositiveRepairExceptionGUITest" name="gUITestDropDownRepairException" time="4.651"/>
  <system-out/>
  <testcase classname="fieldServiceFormsTest.PositiveRepairExceptionGUITest" name="gUITestDropDownRepairException" time="5.111"/>
  <system-out/>
  <testcase classname="fieldServiceFormsTest.PositiveRepairExceptionGUITest" name="gUITestDropDownRepairException" time="5.109"/>
  <system-out/>
  <testcase classname="fieldServiceFormsTest.PositiveRepairExceptionGUITest" name="gUITestDropDownRepairException" time="5.353"/>
  <system-out/>
  <testcase classname="fieldServiceFormsTest.PositiveRepairExceptionGUITest" name="gUITestDropDownRepairException" time="4.266"/>
  <system-out/>
  <testcase classname="fieldServiceFormsTest.PositiveRepairExceptionGUITest" name="gUITestDropDownRepairException" time="4.287"/>
  <system-out/>
  <testcase classname="fieldServiceFormsTest.PositiveRepairExceptionGUITest" name="gUITestDropDownRepairException" time="4.582"/>
  <system-out/>
  <testcase classname="fieldServiceFormsTest.PositiveRepairExceptionGUITest" name="gUITestDropDownRepairException" time="4.351"/>
  <system-out/>
  <testcase classname="fieldServiceFormsTest.PositiveRepairExceptionGUITest" name="gUITestDropDownRepairException" time="6.392"/>
  <system-out/>
  <testcase classname="fieldServiceFormsTest.PositiveRepairExceptionGUITest" name="gUITestDropDownRepairException" time="4.600"/>
  <system-out/>
  <testcase classname="fieldServiceFormsTest.PositiveRepairExceptionGUITest" name="gUITestDropDownRepairException" time="4.438"/>
  <system-out/>
  <testcase classname="fieldServiceFormsTest.PositiveRepairExceptionGUITest" name="gUITestDropDownRepairException" time="4.316"/>
  <system-out/>
  <testcase classname="fieldServiceFormsTest.PositiveRepairExceptionGUITest" name="gUITestDropDownRepairException" time="4.460"/>
  <system-out/>
  <testcase classname="fieldServiceFormsTest.PositiveRepairExceptionGUITest" name="gUITestDropDownRepairException" time="5.215"/>
  <system-out/>
  <testcase classname="fieldServiceFormsTest.PositiveRepairExceptionGUITest" name="gUITestDropDownRepairException" time="4.419"/>
  <system-out/>
  <testcase classname="fieldServiceFormsTest.PositiveRepairExceptionGUITest" name="gUITestDropDownRepairException" time="4.432"/>
  <system-out/>
  <testcase classname="fieldServiceFormsTest.PositiveRepairExceptionGUITest" name="gUITestDropDownRepairException" time="4.609"/>
  <system-out/>
  <testcase classname="fieldServiceFormsTest.PositiveRepairExceptionGUITest" name="gUITestDropDownRepairException" time="4.298"/>
  <system-out/>
  <testcase classname="fieldServiceFormsTest.PositiveRepairExceptionGUITest" name="gUITestDropDownRepairException" time="4.930"/>
  <system-out/>
  <testcase classname="fieldServiceFormsTest.PositiveRepairExceptionGUITest" name="gUITestDropDownRepairException" time="4.562"/>
  <system-out/>
  <testcase classname="fieldServiceFormsTest.PositiveRepairExceptionGUITest" name="gUITestDropDownRepairException" time="4.512"/>
  <system-out/>
  <testcase classname="fieldServiceFormsTest.PositiveRepairExceptionGUITest" name="gUITestDropDownRepairException" time="4.258"/>
  <system-out/>
  <testcase classname="fieldServiceFormsTest.PositiveRepairExceptionGUITest" name="gUITestDropDownRepairException" time="4.366"/>
  <system-out/>
  <testcase classname="fieldServiceFormsTest.PositiveRepairExceptionGUITest" name="gUITestDropDownRepairException" time="5.009"/>
  <system-out/>
  <testcase classname="fieldServiceFormsTest.PositiveRepairExceptionGUITest" name="gUITestDropDownRepairException" time="4.932"/>
  <system-out/>
  <testcase classname="fieldServiceFormsTest.PositiveRepairExceptionGUITest" name="gUITestDropDownRepairException" time="4.917"/>
  <system-out/>
  <testcase classname="fieldServiceFormsTest.PositiveRepairExceptionGUITest" name="gUITestDropDownRepairException" time="5.025"/>
  <system-out/>
  <testcase classname="fieldServiceFormsTest.PositiveRepairExceptionGUITest" name="gUITestDropDownRepairException" time="4.809"/>
  <system-out/>
  <testcase classname="fieldServiceFormsTest.PositiveRepairExceptionGUITest" name="gUITestDropDownRepairException" time="4.485"/>
  <system-out/>
  <testcase classname="fieldServiceFormsTest.PositiveRepairExceptionGUITest" name="gUITestDropDownRepairException" time="4.876"/>
  <system-out/>
  <testcase classname="fieldServiceFormsTest.PositiveRepairExceptionGUITest" name="gUITestDropDownRepairException" time="4.353"/>
  <system-out/>
  <testcase classname="fieldServiceFormsTest.PositiveRepairExceptionGUITest" name="gUITestDropDownRepairException" time="4.772"/>
  <system-out/>
  <testcase classname="fieldServiceFormsTest.PositiveRepairExceptionGUITest" name="gUITestDropDownRepairException" time="5.047"/>
  <system-out/>
  <testcase classname="fieldServiceFormsTest.PositiveRepairExceptionGUITest" name="gUITestDropDownRepairException" time="4.386"/>
  <system-out/>
  <testcase classname="fieldServiceFormsTest.PositiveRepairExceptionGUITest" name="gUITestDropDownRepairException" time="6.103"/>
  <system-out/>
  <testcase classname="fieldServiceFormsTest.PositiveRepairExceptionGUITest" name="gUITestDropDownRepairException" time="4.595"/>
  <system-out/>
  <testcase classname="fieldServiceFormsTest.PositiveRepairExceptionGUITest" name="gUITestDropDownRepairException" time="5.242"/>
  <system-out/>
  <testcase classname="fieldServiceFormsTest.PositiveRepairExceptionGUITest" name="gUITestDropDownRepairException" time="4.853"/>
  <system-out/>
  <testcase classname="fieldServiceFormsTest.PositiveRepairExceptionGUITest" name="gUITestDropDownRepairException" time="4.723"/>
  <system-out/>
  <testcase classname="fieldServiceFormsTest.PositiveRepairExceptionGUITest" name="gUITestDropDownRepairException" time="4.810"/>
  <system-out/>
  <testcase classname="fieldServiceFormsTest.PositiveRepairExceptionGUITest" name="gUITestDropDownRepairException" time="4.485"/>
  <system-out/>
  <testcase classname="fieldServiceFormsTest.PositiveRepairExceptionGUITest" name="gUITestDropDownRepairException" time="4.669"/>
  <system-out/>
  <testcase classname="fieldServiceFormsTest.PositiveRepairExceptionGUITest" name="gUITestDropDownRepairException" time="4.373"/>
  <system-out/>
  <testcase classname="fieldServiceFormsTest.PositiveRepairExceptionGUITest" name="gUITestDropDownRepairException" time="4.228"/>
  <system-out/>
  <testcase classname="fieldServiceFormsTest.PositiveRepairExceptionGUITest" name="gUITestDropDownRepairException" time="6.286"/>
  <system-out/>
  <testcase classname="fieldServiceFormsTest.PositiveRepairExceptionGUITest" name="gUITestDropDownRepairException" time="4.250"/>
  <system-out/>
  <testcase classname="fieldServiceFormsTest.PositiveRepairExceptionGUITest" name="gUITestDropDownRepairException" time="5.952"/>
  <system-out/>
  <testcase classname="fieldServiceFormsTest.PositiveRepairExceptionGUITest" name="gUITestDropDownRepairException" time="4.295"/>
  <system-out/>
  <testcase classname="fieldServiceFormsTest.PositiveRepairExceptionGUITest" name="gUITestDropDownRepairException" time="4.571"/>
  <system-out/>
  <testcase classname="fieldServiceFormsTest.PositiveRepairExceptionGUITest" name="gUITestDropDownRepairException" time="4.492"/>
  <system-out/>
  <testcase classname="fieldServiceFormsTest.PositiveRepairExceptionGUITest" name="gUITestDropDownRepairException" time="4.455"/>
  <system-out/>
  <testcase classname="fieldServiceFormsTest.PositiveRepairExceptionGUITest" name="gUITestDropDownRepairException" time="4.904"/>
  <system-out/>
  <testcase classname="fieldServiceFormsTest.PositiveRepairExceptionGUITest" name="gUITestDropDownRepairException" time="4.397"/>
  <system-out/>
  <testcase classname="fieldServiceFormsTest.PositiveRepairExceptionGUITest" name="gUITestDropDownRepairException" time="4.518"/>
  <system-out/>
  <testcase classname="fieldServiceFormsTest.PositiveRepairExceptionGUITest" name="gUITestDropDownRepairException" time="6.202"/>
  <system-out/>
  <testcase classname="fieldServiceFormsTest.PositiveRepairExceptionGUITest" name="gUITestDropDownRepairException" time="4.303"/>
  <system-out/>
  <testcase classname="fieldServiceFormsTest.PositiveRepairExceptionGUITest" name="gUITestDropDownRepairException" time="4.284"/>
  <system-out/>
  <testcase classname="fieldServiceFormsTest.PositiveRepairExceptionGUITest" name="gUITestDropDownRepairException" time="4.379"/>
  <system-out/>
  <testcase classname="fieldServiceFormsTest.PositiveRepairExceptionGUITest" name="gUITestDropDownRepairException" time="4.421"/>
  <system-out/>
  <testcase classname="fieldServiceFormsTest.PositiveRepairExceptionGUITest" name="gUITestDropDownRepairException" time="4.145"/>
  <system-out/>
  <testcase classname="fieldServiceFormsTest.PositiveRepairExceptionGUITest" name="gUITestDropDownRepairException" time="4.480"/>
  <system-out/>
  <testcase classname="fieldServiceFormsTest.PositiveRepairExceptionGUITest" name="gUITestDropDownRepairException" time="4.151"/>
  <system-out/>
  <testcase classname="fieldServiceFormsTest.PositiveRepairExceptionGUITest" name="gUITestDropDownRepairException" time="4.426"/>
  <system-out/>
  <testcase classname="fieldServiceFormsTest.PositiveRepairExceptionGUITest" name="gUITestDropDownRepairException" time="4.384"/>
  <system-out/>
  <testcase classname="fieldServiceFormsTest.PositiveRepairExceptionGUITest" name="gUITestDropDownRepairException" time="4.384"/>
  <system-out/>
  <testcase classname="fieldServiceFormsTest.PositiveRepairExceptionGUITest" name="gUITestDropDownRepairException" time="4.466"/>
  <system-out/>
  <testcase classname="fieldServiceFormsTest.PositiveRepairExceptionGUITest" name="gUITestDropDownRepairException" time="4.997"/>
  <system-out/>
  <testcase classname="fieldServiceFormsTest.PositiveRepairExceptionGUITest" name="gUITestDropDownRepairException" time="4.501"/>
  <system-out/>
  <testcase classname="fieldServiceFormsTest.PositiveRepairExceptionGUITest" name="gUITestDropDownRepairException" time="4.947"/>
  <system-out/>
  <testcase classname="fieldServiceFormsTest.PositiveRepairExceptionGUITest" name="gUITestDropDownRepairException" time="5.378"/>
  <system-out/>
  <testcase classname="fieldServiceFormsTest.PositiveRepairExceptionGUITest" name="gUITestDropDownRepairException" time="4.632"/>
  <system-out/>
  <testcase classname="fieldServiceFormsTest.PositiveRepairExceptionGUITest" name="gUITestDropDownRepairException" time="4.221"/>
  <system-out/>
  <testcase classname="fieldServiceFormsTest.PositiveRepairExceptionGUITest" name="gUITestDropDownRepairException" time="4.508"/>
  <system-out/>
  <testcase classname="fieldServiceFormsTest.PositiveRepairExceptionGUITest" name="gUITestDropDownRepairException" time="4.372"/>
  <system-out/>
  <testcase classname="fieldServiceFormsTest.PositiveRepairExceptionGUITest" name="gUITestDropDownRepairException" time="4.918"/>
  <system-out/>
  <testcase classname="fieldServiceFormsTest.PositiveRepairExceptionGUITest" name="gUITestDropDownRepairException" time="4.179"/>
  <system-out/>
  <testcase classname="fieldServiceFormsTest.PositiveRepairExceptionGUITest" name="gUITestDropDownRepairException" time="4.527"/>
  <system-out/>
  <testcase classname="fieldServiceFormsTest.PositiveRepairExceptionGUITest" name="gUITestDropDownRepairException" time="4.407"/>
  <system-out/>
  <testcase classname="fieldServiceFormsTest.PositiveRepairExceptionGUITest" name="gUITestDropDownRepairException" time="4.705"/>
  <system-out/>
  <testcase classname="fieldServiceFormsTest.PositiveRepairExceptionGUITest" name="gUITestDropDownRepairException" time="4.515"/>
  <system-out/>
  <testcase classname="fieldServiceFormsTest.PositiveRepairExceptionGUITest" name="gUITestDropDownRepairException" time="4.354"/>
  <system-out/>
  <testcase classname="fieldServiceFormsTest.PositiveRepairExceptionGUITest" name="gUITestDropDownRepairException" time="4.341"/>
  <system-out/>
  <testcase classname="fieldServiceFormsTest.PositiveRepairExceptionGUITest" name="gUITestDropDownRepairException" time="4.282"/>
  <system-out/>
  <testcase classname="fieldServiceFormsTest.PositiveRepairExceptionGUITest" name="gUITestDropDownRepairException" time="4.291"/>
  <system-out/>
  <testcase classname="fieldServiceFormsTest.PositiveRepairExceptionGUITest" name="gUITestDropDownRepairException" time="4.773"/>
  <system-out/>
  <testcase classname="fieldServiceFormsTest.PositiveRepairExceptionGUITest" name="gUITestDropDownRepairException" time="4.973"/>
  <system-out/>
  <testcase classname="fieldServiceFormsTest.PositiveRepairExceptionGUITest" name="gUITestDropDownRepairException" time="4.920"/>
  <system-out/>
  <testcase classname="fieldServiceFormsTest.PositiveRepairExceptionGUITest" name="gUITestDropDownRepairException" time="4.590"/>
  <system-out/>
  <testcase classname="fieldServiceFormsTest.PositiveRepairExceptionGUITest" name="gUITestDropDownRepairException" time="4.507"/>
  <system-out/>
  <testcase classname="fieldServiceFormsTest.PositiveRepairExceptionGUITest" name="gUITestDropDownRepairException" time="5.614"/>
  <system-out/>
  <testcase classname="fieldServiceFormsTest.PositiveRepairExceptionGUITest" name="gUITestDropDownRepairException" time="4.874"/>
  <system-out/>
  <testcase classname="fieldServiceFormsTest.PositiveRepairExceptionGUITest" name="gUITestDropDownRepairException" time="4.534"/>
  <system-out/>
  <testcase classname="fieldServiceFormsTest.PositiveRepairExceptionGUITest" name="gUITestDropDownRepairException" time="4.178"/>
  <system-out/>
  <testcase classname="fieldServiceFormsTest.PositiveRepairExceptionGUITest" name="gUITestDropDownRepairException" time="4.609"/>
  <system-out/>
  <testcase classname="fieldServiceFormsTest.PositiveRepairExceptionGUITest" name="gUITestDropDownRepairException" time="4.411"/>
  <system-out/>
  <testcase classname="fieldServiceFormsTest.PositiveRepairExceptionGUITest" name="gUITestDropDownRepairException" time="4.452"/>
  <system-out/>
  <testcase classname="fieldServiceFormsTest.PositiveRepairExceptionGUITest" name="gUITestDropDownRepairException" time="4.523"/>
  <system-out/>
  <testcase classname="fieldServiceFormsTest.PositiveRepairExceptionGUITest" name="gUITestDropDownRepairException" time="5.419"/>
  <system-out/>
  <testcase classname="fieldServiceFormsTest.PositiveRepairExceptionGUITest" name="gUITestDropDownRepairException" time="4.290"/>
  <system-out/>
  <testcase classname="fieldServiceFormsTest.PositiveRepairExceptionGUITest" name="gUITestDropDownRepairException" time="4.412"/>
  <system-out/>
  <testcase classname="fieldServiceFormsTest.PositiveRepairExceptionGUITest" name="gUITestDropDownRepairException" time="4.414"/>
  <system-out/>
  <testcase classname="fieldServiceFormsTest.PositiveRepairExceptionGUITest" name="gUITestDropDownRepairException" time="5.202"/>
  <system-out/>
  <testcase classname="fieldServiceFormsTest.PositiveRepairExceptionGUITest" name="gUITestDropDownRepairException" time="4.898"/>
  <system-out/>
  <testcase classname="fieldServiceFormsTest.PositiveRepairExceptionGUITest" name="gUITestDropDownRepairException" time="4.352"/>
  <system-out/>
  <testcase classname="fieldServiceFormsTest.PositiveRepairExceptionGUITest" name="gUITestDropDownRepairException" time="5.139"/>
  <system-out/>
  <testcase classname="fieldServiceFormsTest.PositiveRepairExceptionGUITest" name="gUITestDropDownRepairException" time="4.263"/>
  <system-out/>
  <testcase classname="fieldServiceFormsTest.PositiveRepairExceptionGUITest" name="gUITestDropDownRepairException" time="4.286"/>
  <system-out/>
  <testcase classname="fieldServiceFormsTest.PositiveRepairExceptionGUITest" name="gUITestDropDownRepairException" time="4.779"/>
  <system-out/>
  <testcase classname="fieldServiceFormsTest.PositiveRepairExceptionGUITest" name="gUITestDropDownRepairException" time="4.360"/>
  <system-out/>
  <testcase classname="fieldServiceFormsTest.PositiveRepairExceptionGUITest" name="gUITestDropDownRepairException" time="4.573"/>
  <system-out/>
  <testcase classname="fieldServiceFormsTest.PositiveRepairExceptionGUITest" name="gUITestDropDownRepairException" time="4.337"/>
  <system-out/>
  <testcase classname="fieldServiceFormsTest.PositiveRepairExceptionGUITest" name="gUITestDropDownRepairException" time="4.294"/>
  <system-out/>
  <testcase classname="fieldServiceFormsTest.PositiveRepairExceptionGUITest" name="gUITestDropDownRepairException" time="4.727"/>
  <system-out/>
  <testcase classname="fieldServiceFormsTest.PositiveRepairExceptionGUITest" name="gUITestDropDownRepairException" time="4.878"/>
  <system-out/>
  <testcase classname="fieldServiceFormsTest.PositiveRepairExceptionGUITest" name="gUITestDropDownRepairException" time="5.315"/>
  <system-out/>
  <testcase classname="fieldServiceFormsTest.PositiveRepairExceptionGUITest" name="gUITestDropDownRepairException" time="4.406"/>
  <system-out/>
  <testcase classname="fieldServiceFormsTest.PositiveRepairExceptionGUITest" name="gUITestDropDownRepairException" time="4.501"/>
  <system-out/>
  <testcase classname="fieldServiceFormsTest.PositiveRepairExceptionGUITest" name="gUITestDropDownRepairException" time="5.174"/>
  <system-out/>
  <testcase classname="fieldServiceFormsTest.PositiveRepairExceptionGUITest" name="gUITestDropDownRepairException" time="4.234"/>
  <system-out/>
  <testcase classname="fieldServiceFormsTest.PositiveRepairExceptionGUITest" name="gUITestDropDownRepairException" time="4.213"/>
  <system-out/>
  <testcase classname="fieldServiceFormsTest.PositiveRepairExceptionGUITest" name="gUITestDropDownRepairException" time="4.229"/>
  <system-out/>
  <testcase classname="fieldServiceFormsTest.PositiveRepairExceptionGUITest" name="gUITestDropDownRepairException" time="4.846"/>
  <system-out/>
  <testcase classname="fieldServiceFormsTest.PositiveRepairExceptionGUITest" name="gUITestDropDownRepairException" time="4.840"/>
  <system-out/>
  <testcase classname="fieldServiceFormsTest.PositiveRepairExceptionGUITest" name="gUITestDropDownRepairException" time="4.899"/>
  <system-out/>
  <testcase classname="fieldServiceFormsTest.PositiveRepairExceptionGUITest" name="gUITestDropDownRepairException" time="4.347"/>
  <system-out/>
  <testcase classname="fieldServiceFormsTest.PositiveRepairExceptionGUITest" name="gUITestDropDownRepairException" time="4.261"/>
  <system-out/>
  <testcase classname="fieldServiceFormsTest.PositiveRepairExceptionGUITest" name="gUITestDropDownRepairException" time="5.020"/>
  <system-out/>
  <testcase classname="fieldServiceFormsTest.PositiveRepairExceptionGUITest" name="gUITestDropDownRepairException" time="4.922"/>
  <system-out/>
  <testcase classname="fieldServiceFormsTest.PositiveRepairExceptionGUITest" name="gUITestDropDownRepairException" time="4.483"/>
  <system-out/>
  <testcase classname="fieldServiceFormsTest.PositiveRepairExceptionGUITest" name="gUITestDropDownRepairException" time="4.448"/>
  <system-out/>
  <testcase classname="fieldServiceFormsTest.PositiveRepairExceptionGUITest" name="gUITestDropDownRepairException" time="4.338"/>
  <system-out/>
  <testcase classname="fieldServiceFormsTest.PositiveRepairExceptionGUITest" name="gUITestDropDownRepairException" time="4.428"/>
  <system-out/>
  <testcase classname="fieldServiceFormsTest.PositiveRepairExceptionGUITest" name="gUITestDropDownRepairException" time="4.612"/>
  <system-out/>
  <testcase classname="fieldServiceFormsTest.PositiveRepairExceptionGUITest" name="gUITestDropDownRepairException" time="4.864"/>
  <system-out/>
  <testcase classname="fieldServiceFormsTest.PositiveRepairExceptionGUITest" name="gUITestDropDownRepairException" time="4.301"/>
  <system-out/>
  <testcase classname="fieldServiceFormsTest.PositiveRepairExceptionGUITest" name="gUITestDropDownRepairException" time="53.162">
    <error message="no such element: Unable to locate element: {&quot;method&quot;:&quot;css selector&quot;,&quot;selector&quot;:&quot;#repairException&quot;}
  (Session info: chrome=109.0.5414.75)
For documentation on this error, please visit: https://selenium.dev/exceptions/#no_such_element
Build info: version: &#039;4.3.0&#039;, revision: &#039;a4995e2c09*&#039;
System info: host: &#039;DESKTOP-M729FOC&#039;, ip: &#039;192.168.29.91&#039;, os.name: &#039;Windows 10&#039;, os.arch: &#039;amd64&#039;, os.version: &#039;10.0&#039;, java.version: &#039;11.0.13&#039;
Driver info: org.openqa.selenium.chrome.ChromeDriver
Command: [597a0c430c70878c24edba044d404178, findElement {using=id, value=repairException}]
Capabilities {acceptInsecureCerts: false, browserName: chrome, browserVersion: 109.0.5414.75, chrome: {chromedriverVersion: 109.0.5414.74 (e7c5703604da..., userDataDir: C:\Users\DELL\AppData\Local...}, goog:chromeOptions: {debuggerAddress: localhost:52569}, networkConnectionEnabled: false, pageLoadStrategy: normal, platformName: WINDOWS, proxy: Proxy(), se:cdp: ws://localhost:52569/devtoo..., se:cdpVersion: 109.0.5414.75, setWindowRect: true, strictFileInteractability: false, timeouts: {implicit: 0, pageLoad: 300000, script: 30000}, unhandledPromptBehavior: dismiss and notify, webauthn:extension:credBlob: true, webauthn:extension:largeBlob: true, webauthn:virtualAuthenticators: true}
Session ID: 597a0c430c70878c24edba044d404178" type="org.openqa.selenium.NoSuchElementException">
      <![CDATA[org.openqa.selenium.NoSuchElementException: no such element: Unable to locate element: {"method":"css selector","selector":"#repairException"}
  (Session info: chrome=109.0.5414.75)
For documentation on this error, please visit: https://selenium.dev/exceptions/#no_such_element
Build info: version: '4.3.0', revision: 'a4995e2c09*'
System info: host: 'DESKTOP-M729FOC', ip: '192.168.29.91', os.name: 'Windows 10', os.arch: 'amd64', os.version: '10.0', java.version: '11.0.13'
Driver info: org.openqa.selenium.chrome.ChromeDriver
Command: [597a0c430c70878c24edba044d404178, findElement {using=id, value=repairException}]
Capabilities {acceptInsecureCerts: false, browserName: chrome, browserVersion: 109.0.5414.75, chrome: {chromedriverVersion: 109.0.5414.74 (e7c5703604da..., userDataDir: C:\Users\DELL\AppData\Local...}, goog:chromeOptions: {debuggerAddress: localhost:52569}, networkConnectionEnabled: false, pageLoadStrategy: normal, platformName: WINDOWS, proxy: Proxy(), se:cdp: ws://localhost:52569/devtoo..., se:cdpVersion: 109.0.5414.75, setWindowRect: true, strictFileInteractability: false, timeouts: {implicit: 0, pageLoad: 300000, script: 30000}, unhandledPromptBehavior: dismiss and notify, webauthn:extension:credBlob: true, webauthn:extension:largeBlob: true, webauthn:virtualAuthenticators: true}
Session ID: 597a0c430c70878c24edba044d404178
at jdk.internal.reflect.GeneratedConstructorAccessor15.newInstance(Unknown Source)
at java.base/jdk.internal.reflect.DelegatingConstructorAccessorImpl.newInstance(DelegatingConstructorAccessorImpl.java:45)
at java.base/java.lang.reflect.Constructor.newInstance(Constructor.java:490)
at org.openqa.selenium.remote.codec.w3c.W3CHttpResponseCodec.createException(W3CHttpResponseCodec.java:200)
at org.openqa.selenium.remote.codec.w3c.W3CHttpResponseCodec.decode(W3CHttpResponseCodec.java:133)
at org.openqa.selenium.remote.codec.w3c.W3CHttpResponseCodec.decode(W3CHttpResponseCodec.java:53)
at org.openqa.selenium.remote.HttpCommandExecutor.execute(HttpCommandExecutor.java:184)
at org.openqa.selenium.remote.service.DriverCommandExecutor.invokeExecute(DriverCommandExecutor.java:167)
at org.openqa.selenium.remote.service.DriverCommandExecutor.execute(DriverCommandExecutor.java:142)
at org.openqa.selenium.remote.RemoteWebDriver.execute(RemoteWebDriver.java:569)
at org.openqa.selenium.remote.ElementLocation$ElementFinder$2.findElement(ElementLocation.java:162)
at org.openqa.selenium.remote.ElementLocation.findElement(ElementLocation.java:60)
at org.openqa.selenium.remote.RemoteWebDriver.findElement(RemoteWebDriver.java:387)
at org.openqa.selenium.remote.RemoteWebDriver.findElement(RemoteWebDriver.java:379)
at pageobjects.RepairLocatorsGUI.repairException(RepairLocatorsGUI.java:81)
at fieldServiceFormsTest.PositiveRepairExceptionGUITest.gUITestDropDownRepairException(PositiveRepairExceptionGUITest.java:95)
at jdk.internal.reflect.GeneratedMethodAccessor4.invoke(Unknown Source)
at java.base/jdk.internal.reflect.DelegatingMethodAccessorImpl.invoke(DelegatingMethodAccessorImpl.java:43)
at java.base/java.lang.reflect.Method.invoke(Method.java:566)
at org.testng.internal.MethodInvocationHelper.invokeMethod(MethodInvocationHelper.java:133)
at org.testng.internal.TestInvoker.invokeMethod(TestInvoker.java:598)
at org.testng.internal.TestInvoker.invokeTestMethod(TestInvoker.java:173)
at org.testng.internal.MethodRunner.runInSequence(MethodRunner.java:46)
at org.testng.internal.TestInvoker$MethodInvocationAgent.invoke(TestInvoker.java:824)
at org.testng.internal.TestInvoker.invokeTestMethods(TestInvoker.java:146)
at org.testng.internal.TestMethodWorker.invokeTestMethods(TestMethodWorker.java:146)
at org.testng.internal.TestMethodWorker.run(TestMethodWorker.java:128)
at java.base/java.util.ArrayList.forEach(ArrayList.java:1541)
at org.testng.TestRunner.privateRun(TestRunner.java:794)
at org.testng.TestRunner.run(TestRunner.java:596)
at org.testng.SuiteRunner.runTest(SuiteRunner.java:377)
at org.testng.SuiteRunner.runSequentially(SuiteRunner.java:371)
at org.testng.SuiteRunner.privateRun(SuiteRunner.java:332)
at org.testng.SuiteRunner.run(SuiteRunner.java:276)
at org.testng.SuiteRunnerWorker.runSuite(SuiteRunnerWorker.java:53)
at org.testng.SuiteRunnerWorker.run(SuiteRunnerWorker.java:96)
at org.testng.TestNG.runSuitesSequentially(TestNG.java:1212)
at org.testng.TestNG.runSuitesLocally(TestNG.java:1134)
at org.testng.TestNG.runSuites(TestNG.java:1063)
at org.testng.TestNG.run(TestNG.java:1031)
at org.testng.remote.AbstractRemoteTestNG.run(AbstractRemoteTestNG.java:115)
at org.testng.remote.RemoteTestNG.initAndRun(RemoteTestNG.java:251)
at org.testng.remote.RemoteTestNG.main(RemoteTestNG.java:77)
]]>
    </error>
  </testcase> <!-- gUITestDropDownRepairException -->
  <system-out/>
  <testcase classname="fieldServiceFormsTest.PositiveRepairExceptionGUITest" name="gUITestDropDownRepairException" time="4.242"/>
  <system-out/>
  <testcase classname="fieldServiceFormsTest.PositiveRepairExceptionGUITest" name="gUITestDropDownRepairException" time="4.915"/>
  <system-out/>
  <testcase classname="fieldServiceFormsTest.PositiveRepairExceptionGUITest" name="gUITestDropDownRepairException" time="4.490"/>
  <system-out/>
  <testcase classname="fieldServiceFormsTest.PositiveRepairExceptionGUITest" name="gUITestDropDownRepairException" time="5.180"/>
  <system-out/>
  <testcase classname="fieldServiceFormsTest.PositiveRepairExceptionGUITest" name="gUITestDropDownRepairException" time="4.121"/>
  <system-out/>
  <testcase classname="fieldServiceFormsTest.PositiveRepairExceptionGUITest" name="gUITestDropDownRepairException" time="4.236"/>
  <system-out/>
  <testcase classname="fieldServiceFormsTest.PositiveRepairExceptionGUITest" name="gUITestDropDownRepairException" time="4.568"/>
  <system-out/>
  <testcase classname="fieldServiceFormsTest.PositiveRepairExceptionGUITest" name="gUITestDropDownRepairException" time="4.843"/>
  <system-out/>
  <testcase classname="fieldServiceFormsTest.PositiveRepairExceptionGUITest" name="gUITestDropDownRepairException" time="5.207"/>
  <system-out/>
  <testcase classname="fieldServiceFormsTest.PositiveRepairExceptionGUITest" name="gUITestDropDownRepairException" time="5.312"/>
  <system-out/>
  <testcase classname="fieldServiceFormsTest.PositiveRepairExceptionGUITest" name="gUITestDropDownRepairException" time="4.310"/>
  <system-out/>
  <testcase classname="fieldServiceFormsTest.PositiveRepairExceptionGUITest" name="gUITestDropDownRepairException" time="5.008"/>
  <system-out/>
  <testcase classname="fieldServiceFormsTest.PositiveRepairExceptionGUITest" name="gUITestDropDownRepairException" time="4.262"/>
  <system-out/>
  <testcase classname="fieldServiceFormsTest.PositiveRepairExceptionGUITest" name="gUITestDropDownRepairException" time="5.645"/>
  <system-out/>
  <testcase classname="fieldServiceFormsTest.PositiveRepairExceptionGUITest" name="gUITestDropDownRepairException" time="5.804"/>
  <system-out/>
  <testcase classname="fieldServiceFormsTest.PositiveRepairExceptionGUITest" name="gUITestDropDownRepairException" time="4.378"/>
  <system-out/>
  <testcase classname="fieldServiceFormsTest.PositiveRepairExceptionGUITest" name="gUITestDropDownRepairException" time="4.194"/>
  <system-out/>
  <testcase classname="fieldServiceFormsTest.PositiveRepairExceptionGUITest" name="gUITestDropDownRepairException" time="4.868"/>
  <system-out/>
  <testcase classname="fieldServiceFormsTest.PositiveRepairExceptionGUITest" name="gUITestDropDownRepairException" time="4.307"/>
  <system-out/>
  <testcase classname="fieldServiceFormsTest.PositiveRepairExceptionGUITest" name="gUITestDropDownRepairException" time="4.915"/>
  <system-out/>
  <testcase classname="fieldServiceFormsTest.PositiveRepairExceptionGUITest" name="gUITestDropDownRepairException" time="4.921"/>
  <system-out/>
  <testcase classname="fieldServiceFormsTest.PositiveRepairExceptionGUITest" name="gUITestDropDownRepairException" time="4.233"/>
  <system-out/>
  <testcase classname="fieldServiceFormsTest.PositiveRepairExceptionGUITest" name="gUITestDropDownRepairException" time="4.423"/>
  <system-out/>
  <testcase classname="fieldServiceFormsTest.PositiveRepairExceptionGUITest" name="gUITestDropDownRepairException" time="4.277"/>
  <system-out/>
  <testcase classname="fieldServiceFormsTest.PositiveRepairExceptionGUITest" name="gUITestDropDownRepairException" time="4.942"/>
  <system-out/>
  <testcase classname="fieldServiceFormsTest.PositiveRepairExceptionGUITest" name="gUITestDropDownRepairException" time="5.510"/>
  <system-out/>
  <testcase classname="fieldServiceFormsTest.PositiveRepairExceptionGUITest" name="gUITestDropDownRepairException" time="4.974"/>
  <system-out/>
  <testcase classname="fieldServiceFormsTest.PositiveRepairExceptionGUITest" name="gUITestDropDownRepairException" time="4.617"/>
  <system-out/>
  <testcase classname="fieldServiceFormsTest.PositiveRepairExceptionGUITest" name="gUITestDropDownRepairException" time="4.543"/>
  <system-out/>
  <testcase classname="fieldServiceFormsTest.PositiveRepairExceptionGUITest" name="gUITestDropDownRepairException" time="5.460"/>
  <system-out/>
  <testcase classname="fieldServiceFormsTest.PositiveRepairExceptionGUITest" name="gUITestDropDownRepairException" time="5.418"/>
  <system-out/>
  <testcase classname="fieldServiceFormsTest.PositiveRepairExceptionGUITest" name="gUITestDropDownRepairException" time="4.342"/>
  <system-out/>
  <testcase classname="fieldServiceFormsTest.PositiveRepairExceptionGUITest" name="gUITestDropDownRepairException" time="4.509"/>
  <system-out/>
  <testcase classname="fieldServiceFormsTest.PositiveRepairExceptionGUITest" name="gUITestDropDownRepairException" time="4.333"/>
  <system-out/>
  <testcase classname="fieldServiceFormsTest.PositiveRepairExceptionGUITest" name="gUITestDropDownRepairException" time="4.425"/>
  <system-out/>
  <testcase classname="fieldServiceFormsTest.PositiveRepairExceptionGUITest" name="gUITestDropDownRepairException" time="5.162"/>
  <system-out/>
  <testcase classname="fieldServiceFormsTest.PositiveRepairExceptionGUITest" name="gUITestDropDownRepairException" time="5.833"/>
  <system-out/>
  <testcase classname="fieldServiceFormsTest.PositiveRepairExceptionGUITest" name="gUITestDropDownRepairException" time="5.853"/>
  <system-out/>
  <testcase classname="fieldServiceFormsTest.PositiveRepairExceptionGUITest" name="gUITestDropDownRepairException" time="4.445"/>
  <system-out/>
  <testcase classname="fieldServiceFormsTest.PositiveRepairExceptionGUITest" name="gUITestDropDownRepairException" time="5.393"/>
  <system-out/>
  <testcase classname="fieldServiceFormsTest.PositiveRepairExceptionGUITest" name="gUITestDropDownRepairException" time="4.495"/>
  <system-out/>
  <testcase classname="fieldServiceFormsTest.PositiveRepairExceptionGUITest" name="gUITestDropDownRepairException" time="4.909"/>
  <system-out/>
  <testcase classname="fieldServiceFormsTest.PositiveRepairExceptionGUITest" name="gUITestDropDownRepairException" time="4.901"/>
  <system-out/>
  <testcase classname="fieldServiceFormsTest.PositiveRepairExceptionGUITest" name="gUITestDropDownRepairException" time="5.097"/>
  <system-out/>
  <testcase classname="fieldServiceFormsTest.PositiveRepairExceptionGUITest" name="gUITestDropDownRepairException" time="4.456"/>
  <system-out/>
  <testcase classname="fieldServiceFormsTest.PositiveRepairExceptionGUITest" name="gUITestDropDownRepairException" time="4.212"/>
  <system-out/>
  <testcase classname="fieldServiceFormsTest.PositiveRepairExceptionGUITest" name="gUITestDropDownRepairException" time="4.471"/>
  <system-out/>
  <testcase classname="fieldServiceFormsTest.PositiveRepairExceptionGUITest" name="gUITestDropDownRepairException" time="4.230"/>
  <system-out/>
  <testcase classname="fieldServiceFormsTest.PositiveRepairExceptionGUITest" name="gUITestDropDownRepairException" time="4.153"/>
  <system-out/>
  <testcase classname="fieldServiceFormsTest.PositiveRepairExceptionGUITest" name="gUITestDropDownRepairException" time="4.304"/>
  <system-out/>
  <testcase classname="fieldServiceFormsTest.PositiveRepairExceptionGUITest" name="gUITestDropDownRepairException" time="4.650"/>
  <system-out/>
  <testcase classname="fieldServiceFormsTest.PositiveRepairExceptionGUITest" name="gUITestDropDownRepairException" time="5.756"/>
  <system-out/>
  <testcase classname="fieldServiceFormsTest.PositiveRepairExceptionGUITest" name="gUITestDropDownRepairException" time="4.825"/>
  <system-out/>
  <testcase classname="fieldServiceFormsTest.PositiveRepairExceptionGUITest" name="gUITestDropDownRepairException" time="4.298"/>
  <system-out/>
  <testcase classname="fieldServiceFormsTest.PositiveRepairExceptionGUITest" name="gUITestDropDownRepairException" time="5.429"/>
  <system-out/>
  <testcase classname="fieldServiceFormsTest.PositiveRepairExceptionGUITest" name="gUITestDropDownRepairException" time="4.469"/>
  <system-out/>
  <testcase classname="fieldServiceFormsTest.PositiveRepairExceptionGUITest" name="gUITestDropDownRepairException" time="4.284"/>
  <system-out/>
  <testcase classname="fieldServiceFormsTest.PositiveRepairExceptionGUITest" name="gUITestDropDownRepairException" time="4.303"/>
  <system-out/>
  <testcase classname="fieldServiceFormsTest.PositiveRepairExceptionGUITest" name="gUITestDropDownRepairException" time="4.404"/>
  <system-out/>
  <testcase classname="fieldServiceFormsTest.PositiveRepairExceptionGUITest" name="gUITestDropDownRepairException" time="4.443"/>
  <system-out/>
  <testcase classname="fieldServiceFormsTest.PositiveRepairExceptionGUITest" name="gUITestDropDownRepairException" time="4.695"/>
  <system-out/>
  <testcase classname="fieldServiceFormsTest.PositiveRepairExceptionGUITest" name="gUITestDropDownRepairException" time="4.264"/>
  <system-out/>
  <testcase classname="fieldServiceFormsTest.PositiveRepairExceptionGUITest" name="gUITestDropDownRepairException" time="4.528"/>
  <system-out/>
  <testcase classname="fieldServiceFormsTest.PositiveRepairExceptionGUITest" name="gUITestDropDownRepairException" time="4.205"/>
  <system-out/>
  <testcase classname="fieldServiceFormsTest.PositiveRepairExceptionGUITest" name="gUITestDropDownRepairException" time="5.119"/>
  <system-out/>
  <testcase classname="fieldServiceFormsTest.PositiveRepairExceptionGUITest" name="gUITestDropDownRepairException" time="4.929"/>
  <system-out/>
  <testcase classname="fieldServiceFormsTest.PositiveRepairExceptionGUITest" name="gUITestDropDownRepairException" time="4.331"/>
  <system-out/>
  <testcase classname="fieldServiceFormsTest.PositiveRepairExceptionGUITest" name="gUITestDropDownRepairException" time="4.680"/>
  <system-out/>
  <testcase classname="fieldServiceFormsTest.PositiveRepairExceptionGUITest" name="gUITestDropDownRepairException" time="5.428"/>
  <system-out/>
  <testcase classname="fieldServiceFormsTest.PositiveRepairExceptionGUITest" name="gUITestDropDownRepairException" time="5.446"/>
  <system-out/>
  <testcase classname="fieldServiceFormsTest.PositiveRepairExceptionGUITest" name="gUITestDropDownRepairException" time="5.327"/>
  <system-out/>
  <testcase classname="fieldServiceFormsTest.PositiveRepairExceptionGUITest" name="gUITestDropDownRepairException" time="4.831"/>
  <system-out/>
  <testcase classname="fieldServiceFormsTest.PositiveRepairExceptionGUITest" name="gUITestDropDownRepairException" time="4.561"/>
  <system-out/>
  <testcase classname="fieldServiceFormsTest.PositiveRepairExceptionGUITest" name="gUITestDropDownRepairException" time="4.907"/>
  <system-out/>
  <testcase classname="fieldServiceFormsTest.PositiveRepairExceptionGUITest" name="gUITestDropDownRepairException" time="5.246"/>
  <system-out/>
  <testcase classname="fieldServiceFormsTest.PositiveRepairExceptionGUITest" name="gUITestDropDownRepairException" time="5.449"/>
  <system-out/>
  <testcase classname="fieldServiceFormsTest.PositiveRepairExceptionGUITest" name="gUITestDropDownRepairException" time="4.366"/>
  <system-out/>
  <testcase classname="fieldServiceFormsTest.PositiveRepairExceptionGUITest" name="gUITestDropDownRepairException" time="5.689"/>
  <system-out/>
  <testcase classname="fieldServiceFormsTest.PositiveRepairExceptionGUITest" name="gUITestDropDownRepairException" time="4.345"/>
  <system-out/>
  <testcase classname="fieldServiceFormsTest.PositiveRepairExceptionGUITest" name="gUITestDropDownRepairException" time="4.255"/>
  <system-out/>
  <testcase classname="fieldServiceFormsTest.PositiveRepairExceptionGUITest" name="gUITestDropDownRepairException" time="4.764"/>
  <system-out/>
  <testcase classname="fieldServiceFormsTest.PositiveRepairExceptionGUITest" name="gUITestDropDownRepairException" time="4.406"/>
  <system-out/>
  <testcase classname="fieldServiceFormsTest.PositiveRepairExceptionGUITest" name="gUITestDropDownRepairException" time="5.244"/>
  <system-out/>
  <testcase classname="fieldServiceFormsTest.PositiveRepairExceptionGUITest" name="gUITestDropDownRepairException" time="4.596"/>
  <system-out/>
  <testcase classname="fieldServiceFormsTest.PositiveRepairExceptionGUITest" name="gUITestDropDownRepairException" time="5.625"/>
  <system-out/>
  <testcase classname="fieldServiceFormsTest.PositiveRepairExceptionGUITest" name="gUITestDropDownRepairException" time="4.938"/>
  <system-out/>
  <testcase classname="fieldServiceFormsTest.PositiveRepairExceptionGUITest" name="gUITestDropDownRepairException" time="5.833"/>
  <system-out/>
  <testcase classname="fieldServiceFormsTest.PositiveRepairExceptionGUITest" name="gUITestDropDownRepairException" time="4.419"/>
  <system-out/>
  <testcase classname="fieldServiceFormsTest.PositiveRepairExceptionGUITest" name="gUITestDropDownRepairException" time="4.291"/>
  <system-out/>
  <testcase classname="fieldServiceFormsTest.PositiveRepairExceptionGUITest" name="gUITestDropDownRepairException" time="4.349"/>
  <system-out/>
  <testcase classname="fieldServiceFormsTest.PositiveRepairExceptionGUITest" name="gUITestDropDownRepairException" time="4.535"/>
  <system-out/>
  <testcase classname="fieldServiceFormsTest.PositiveRepairExceptionGUITest" name="gUITestDropDownRepairException" time="5.266"/>
  <system-out/>
  <testcase classname="fieldServiceFormsTest.PositiveRepairExceptionGUITest" name="gUITestDropDownRepairException" time="4.997"/>
  <system-out/>
  <testcase classname="fieldServiceFormsTest.PositiveRepairExceptionGUITest" name="gUITestDropDownRepairException" time="4.330"/>
  <system-out/>
  <testcase classname="fieldServiceFormsTest.PositiveRepairExceptionGUITest" name="gUITestDropDownRepairException" time="4.397"/>
  <system-out/>
  <testcase classname="fieldServiceFormsTest.PositiveRepairExceptionGUITest" name="gUITestDropDownRepairException" time="4.303"/>
  <system-out/>
  <testcase classname="fieldServiceFormsTest.PositiveRepairExceptionGUITest" name="gUITestDropDownRepairException" time="4.802"/>
  <system-out/>
  <testcase classname="fieldServiceFormsTest.PositiveRepairExceptionGUITest" name="gUITestDropDownRepairException" time="4.937"/>
  <system-out/>
  <testcase classname="fieldServiceFormsTest.PositiveRepairExceptionGUITest" name="gUITestDropDownRepairException" time="4.468"/>
  <system-out/>
  <testcase classname="fieldServiceFormsTest.PositiveRepairExceptionGUITest" name="gUITestDropDownRepairException" time="4.430"/>
  <system-out/>
  <testcase classname="fieldServiceFormsTest.PositiveRepairExceptionGUITest" name="gUITestDropDownRepairException" time="4.621"/>
  <system-out/>
  <testcase classname="fieldServiceFormsTest.PositiveRepairExceptionGUITest" name="gUITestDropDownRepairException" time="4.584"/>
  <system-out/>
  <testcase classname="fieldServiceFormsTest.PositiveRepairExceptionGUITest" name="gUITestDropDownRepairException" time="4.477"/>
  <system-out/>
  <testcase classname="fieldServiceFormsTest.PositiveRepairExceptionGUITest" name="gUITestDropDownRepairException" time="4.398"/>
  <system-out/>
  <testcase classname="fieldServiceFormsTest.PositiveRepairExceptionGUITest" name="gUITestDropDownRepairException" time="4.358"/>
  <system-out/>
  <testcase classname="fieldServiceFormsTest.PositiveRepairExceptionGUITest" name="gUITestDropDownRepairException" time="4.510"/>
  <system-out/>
  <testcase classname="fieldServiceFormsTest.PositiveRepairExceptionGUITest" name="gUITestDropDownRepairException" time="5.071"/>
  <system-out/>
  <testcase classname="fieldServiceFormsTest.PositiveRepairExceptionGUITest" name="gUITestDropDownRepairException" time="4.392"/>
  <system-out/>
  <testcase classname="fieldServiceFormsTest.PositiveRepairExceptionGUITest" name="gUITestDropDownRepairException" time="4.377"/>
  <system-out/>
  <testcase classname="fieldServiceFormsTest.PositiveRepairExceptionGUITest" name="gUITestDropDownRepairException" time="53.194">
    <error message="no such element: Unable to locate element: {&quot;method&quot;:&quot;css selector&quot;,&quot;selector&quot;:&quot;#repairException&quot;}
  (Session info: chrome=109.0.5414.75)
For documentation on this error, please visit: https://selenium.dev/exceptions/#no_such_element
Build info: version: &#039;4.3.0&#039;, revision: &#039;a4995e2c09*&#039;
System info: host: &#039;DESKTOP-M729FOC&#039;, ip: &#039;192.168.29.91&#039;, os.name: &#039;Windows 10&#039;, os.arch: &#039;amd64&#039;, os.version: &#039;10.0&#039;, java.version: &#039;11.0.13&#039;
Driver info: org.openqa.selenium.chrome.ChromeDriver
Command: [597a0c430c70878c24edba044d404178, findElement {using=id, value=repairException}]
Capabilities {acceptInsecureCerts: false, browserName: chrome, browserVersion: 109.0.5414.75, chrome: {chromedriverVersion: 109.0.5414.74 (e7c5703604da..., userDataDir: C:\Users\DELL\AppData\Local...}, goog:chromeOptions: {debuggerAddress: localhost:52569}, networkConnectionEnabled: false, pageLoadStrategy: normal, platformName: WINDOWS, proxy: Proxy(), se:cdp: ws://localhost:52569/devtoo..., se:cdpVersion: 109.0.5414.75, setWindowRect: true, strictFileInteractability: false, timeouts: {implicit: 0, pageLoad: 300000, script: 30000}, unhandledPromptBehavior: dismiss and notify, webauthn:extension:credBlob: true, webauthn:extension:largeBlob: true, webauthn:virtualAuthenticators: true}
Session ID: 597a0c430c70878c24edba044d404178" type="org.openqa.selenium.NoSuchElementException">
      <![CDATA[org.openqa.selenium.NoSuchElementException: no such element: Unable to locate element: {"method":"css selector","selector":"#repairException"}
  (Session info: chrome=109.0.5414.75)
For documentation on this error, please visit: https://selenium.dev/exceptions/#no_such_element
Build info: version: '4.3.0', revision: 'a4995e2c09*'
System info: host: 'DESKTOP-M729FOC', ip: '192.168.29.91', os.name: 'Windows 10', os.arch: 'amd64', os.version: '10.0', java.version: '11.0.13'
Driver info: org.openqa.selenium.chrome.ChromeDriver
Command: [597a0c430c70878c24edba044d404178, findElement {using=id, value=repairException}]
Capabilities {acceptInsecureCerts: false, browserName: chrome, browserVersion: 109.0.5414.75, chrome: {chromedriverVersion: 109.0.5414.74 (e7c5703604da..., userDataDir: C:\Users\DELL\AppData\Local...}, goog:chromeOptions: {debuggerAddress: localhost:52569}, networkConnectionEnabled: false, pageLoadStrategy: normal, platformName: WINDOWS, proxy: Proxy(), se:cdp: ws://localhost:52569/devtoo..., se:cdpVersion: 109.0.5414.75, setWindowRect: true, strictFileInteractability: false, timeouts: {implicit: 0, pageLoad: 300000, script: 30000}, unhandledPromptBehavior: dismiss and notify, webauthn:extension:credBlob: true, webauthn:extension:largeBlob: true, webauthn:virtualAuthenticators: true}
Session ID: 597a0c430c70878c24edba044d404178
at jdk.internal.reflect.GeneratedConstructorAccessor15.newInstance(Unknown Source)
at java.base/jdk.internal.reflect.DelegatingConstructorAccessorImpl.newInstance(DelegatingConstructorAccessorImpl.java:45)
at java.base/java.lang.reflect.Constructor.newInstance(Constructor.java:490)
at org.openqa.selenium.remote.codec.w3c.W3CHttpResponseCodec.createException(W3CHttpResponseCodec.java:200)
at org.openqa.selenium.remote.codec.w3c.W3CHttpResponseCodec.decode(W3CHttpResponseCodec.java:133)
at org.openqa.selenium.remote.codec.w3c.W3CHttpResponseCodec.decode(W3CHttpResponseCodec.java:53)
at org.openqa.selenium.remote.HttpCommandExecutor.execute(HttpCommandExecutor.java:184)
at org.openqa.selenium.remote.service.DriverCommandExecutor.invokeExecute(DriverCommandExecutor.java:167)
at org.openqa.selenium.remote.service.DriverCommandExecutor.execute(DriverCommandExecutor.java:142)
at org.openqa.selenium.remote.RemoteWebDriver.execute(RemoteWebDriver.java:569)
at org.openqa.selenium.remote.ElementLocation$ElementFinder$2.findElement(ElementLocation.java:162)
at org.openqa.selenium.remote.ElementLocation.findElement(ElementLocation.java:60)
at org.openqa.selenium.remote.RemoteWebDriver.findElement(RemoteWebDriver.java:387)
at org.openqa.selenium.remote.RemoteWebDriver.findElement(RemoteWebDriver.java:379)
at pageobjects.RepairLocatorsGUI.repairException(RepairLocatorsGUI.java:81)
at fieldServiceFormsTest.PositiveRepairExceptionGUITest.gUITestDropDownRepairException(PositiveRepairExceptionGUITest.java:95)
at jdk.internal.reflect.GeneratedMethodAccessor4.invoke(Unknown Source)
at java.base/jdk.internal.reflect.DelegatingMethodAccessorImpl.invoke(DelegatingMethodAccessorImpl.java:43)
at java.base/java.lang.reflect.Method.invoke(Method.java:566)
at org.testng.internal.MethodInvocationHelper.invokeMethod(MethodInvocationHelper.java:133)
at org.testng.internal.TestInvoker.invokeMethod(TestInvoker.java:598)
at org.testng.internal.TestInvoker.invokeTestMethod(TestInvoker.java:173)
at org.testng.internal.MethodRunner.runInSequence(MethodRunner.java:46)
at org.testng.internal.TestInvoker$MethodInvocationAgent.invoke(TestInvoker.java:824)
at org.testng.internal.TestInvoker.invokeTestMethods(TestInvoker.java:146)
at org.testng.internal.TestMethodWorker.invokeTestMethods(TestMethodWorker.java:146)
at org.testng.internal.TestMethodWorker.run(TestMethodWorker.java:128)
at java.base/java.util.ArrayList.forEach(ArrayList.java:1541)
at org.testng.TestRunner.privateRun(TestRunner.java:794)
at org.testng.TestRunner.run(TestRunner.java:596)
at org.testng.SuiteRunner.runTest(SuiteRunner.java:377)
at org.testng.SuiteRunner.runSequentially(SuiteRunner.java:371)
at org.testng.SuiteRunner.privateRun(SuiteRunner.java:332)
at org.testng.SuiteRunner.run(SuiteRunner.java:276)
at org.testng.SuiteRunnerWorker.runSuite(SuiteRunnerWorker.java:53)
at org.testng.SuiteRunnerWorker.run(SuiteRunnerWorker.java:96)
at org.testng.TestNG.runSuitesSequentially(TestNG.java:1212)
at org.testng.TestNG.runSuitesLocally(TestNG.java:1134)
at org.testng.TestNG.runSuites(TestNG.java:1063)
at org.testng.TestNG.run(TestNG.java:1031)
at org.testng.remote.AbstractRemoteTestNG.run(AbstractRemoteTestNG.java:115)
at org.testng.remote.RemoteTestNG.initAndRun(RemoteTestNG.java:251)
at org.testng.remote.RemoteTestNG.main(RemoteTestNG.java:77)
]]>
    </error>
  </testcase> <!-- gUITestDropDownRepairException -->
  <system-out/>
  <testcase classname="fieldServiceFormsTest.PositiveRepairExceptionGUITest" name="gUITestDropDownRepairException" time="5.828"/>
  <system-out/>
  <testcase classname="fieldServiceFormsTest.PositiveRepairExceptionGUITest" name="gUITestDropDownRepairException" time="5.536"/>
  <system-out/>
  <testcase classname="fieldServiceFormsTest.PositiveRepairExceptionGUITest" name="gUITestDropDownRepairException" time="4.286"/>
  <system-out/>
  <testcase classname="fieldServiceFormsTest.PositiveRepairExceptionGUITest" name="gUITestDropDownRepairException" time="5.160"/>
  <system-out/>
  <testcase classname="fieldServiceFormsTest.PositiveRepairExceptionGUITest" name="gUITestDropDownRepairException" time="4.301"/>
  <system-out/>
  <testcase classname="fieldServiceFormsTest.PositiveRepairExceptionGUITest" name="gUITestDropDownRepairException" time="5.044"/>
  <system-out/>
  <testcase classname="fieldServiceFormsTest.PositiveRepairExceptionGUITest" name="gUITestDropDownRepairException" time="5.310"/>
  <system-out/>
  <testcase classname="fieldServiceFormsTest.PositiveRepairExceptionGUITest" name="gUITestDropDownRepairException" time="5.592"/>
  <system-out/>
  <testcase classname="fieldServiceFormsTest.PositiveRepairExceptionGUITest" name="gUITestDropDownRepairException" time="4.485"/>
  <system-out/>
  <testcase classname="fieldServiceFormsTest.PositiveRepairExceptionGUITest" name="gUITestDropDownRepairException" time="4.983"/>
  <system-out/>
  <testcase classname="fieldServiceFormsTest.PositiveRepairExceptionGUITest" name="gUITestDropDownRepairException" time="4.412"/>
  <system-out/>
  <testcase classname="fieldServiceFormsTest.PositiveRepairExceptionGUITest" name="gUITestDropDownRepairException" time="4.368"/>
  <system-out/>
  <testcase classname="fieldServiceFormsTest.PositiveRepairExceptionGUITest" name="gUITestDropDownRepairException" time="4.873"/>
  <system-out/>
  <testcase classname="fieldServiceFormsTest.PositiveRepairExceptionGUITest" name="gUITestDropDownRepairException" time="4.479"/>
  <system-out/>
  <testcase classname="fieldServiceFormsTest.PositiveRepairExceptionGUITest" name="gUITestDropDownRepairException" time="4.571"/>
  <system-out/>
  <testcase classname="fieldServiceFormsTest.PositiveRepairExceptionGUITest" name="gUITestDropDownRepairException" time="4.406"/>
  <system-out/>
  <testcase classname="fieldServiceFormsTest.PositiveRepairExceptionGUITest" name="gUITestDropDownRepairException" time="4.255"/>
  <system-out/>
  <testcase classname="fieldServiceFormsTest.PositiveRepairExceptionGUITest" name="gUITestDropDownRepairException" time="4.608"/>
  <system-out/>
  <testcase classname="fieldServiceFormsTest.PositiveRepairExceptionGUITest" name="gUITestDropDownRepairException" time="4.311"/>
  <system-out/>
  <testcase classname="fieldServiceFormsTest.PositiveRepairExceptionGUITest" name="gUITestDropDownRepairException" time="4.449"/>
  <system-out/>
  <testcase classname="fieldServiceFormsTest.PositiveRepairExceptionGUITest" name="gUITestDropDownRepairException" time="4.255"/>
  <system-out/>
  <testcase classname="fieldServiceFormsTest.PositiveRepairExceptionGUITest" name="gUITestDropDownRepairException" time="4.767"/>
  <system-out/>
  <testcase classname="fieldServiceFormsTest.PositiveRepairExceptionGUITest" name="gUITestDropDownRepairException" time="4.288"/>
  <system-out/>
  <testcase classname="fieldServiceFormsTest.PositiveRepairExceptionGUITest" name="gUITestDropDownRepairException" time="4.387"/>
  <system-out/>
  <testcase classname="fieldServiceFormsTest.PositiveRepairExceptionGUITest" name="gUITestDropDownRepairException" time="4.440"/>
  <system-out/>
  <testcase classname="fieldServiceFormsTest.PositiveRepairExceptionGUITest" name="gUITestDropDownRepairException" time="4.385"/>
  <system-out/>
  <testcase classname="fieldServiceFormsTest.PositiveRepairExceptionGUITest" name="gUITestDropDownRepairException" time="4.360"/>
  <system-out/>
  <testcase classname="fieldServiceFormsTest.PositiveRepairExceptionGUITest" name="gUITestDropDownRepairException" time="4.417"/>
  <system-out/>
  <testcase classname="fieldServiceFormsTest.PositiveRepairExceptionGUITest" name="gUITestDropDownRepairException" time="4.775"/>
  <system-out/>
  <testcase classname="fieldServiceFormsTest.PositiveRepairExceptionGUITest" name="gUITestDropDownRepairException" time="53.157">
    <error message="no such element: Unable to locate element: {&quot;method&quot;:&quot;css selector&quot;,&quot;selector&quot;:&quot;#repairException&quot;}
  (Session info: chrome=109.0.5414.75)
For documentation on this error, please visit: https://selenium.dev/exceptions/#no_such_element
Build info: version: &#039;4.3.0&#039;, revision: &#039;a4995e2c09*&#039;
System info: host: &#039;DESKTOP-M729FOC&#039;, ip: &#039;192.168.29.91&#039;, os.name: &#039;Windows 10&#039;, os.arch: &#039;amd64&#039;, os.version: &#039;10.0&#039;, java.version: &#039;11.0.13&#039;
Driver info: org.openqa.selenium.chrome.ChromeDriver
Command: [597a0c430c70878c24edba044d404178, findElement {using=id, value=repairException}]
Capabilities {acceptInsecureCerts: false, browserName: chrome, browserVersion: 109.0.5414.75, chrome: {chromedriverVersion: 109.0.5414.74 (e7c5703604da..., userDataDir: C:\Users\DELL\AppData\Local...}, goog:chromeOptions: {debuggerAddress: localhost:52569}, networkConnectionEnabled: false, pageLoadStrategy: normal, platformName: WINDOWS, proxy: Proxy(), se:cdp: ws://localhost:52569/devtoo..., se:cdpVersion: 109.0.5414.75, setWindowRect: true, strictFileInteractability: false, timeouts: {implicit: 0, pageLoad: 300000, script: 30000}, unhandledPromptBehavior: dismiss and notify, webauthn:extension:credBlob: true, webauthn:extension:largeBlob: true, webauthn:virtualAuthenticators: true}
Session ID: 597a0c430c70878c24edba044d404178" type="org.openqa.selenium.NoSuchElementException">
      <![CDATA[org.openqa.selenium.NoSuchElementException: no such element: Unable to locate element: {"method":"css selector","selector":"#repairException"}
  (Session info: chrome=109.0.5414.75)
For documentation on this error, please visit: https://selenium.dev/exceptions/#no_such_element
Build info: version: '4.3.0', revision: 'a4995e2c09*'
System info: host: 'DESKTOP-M729FOC', ip: '192.168.29.91', os.name: 'Windows 10', os.arch: 'amd64', os.version: '10.0', java.version: '11.0.13'
Driver info: org.openqa.selenium.chrome.ChromeDriver
Command: [597a0c430c70878c24edba044d404178, findElement {using=id, value=repairException}]
Capabilities {acceptInsecureCerts: false, browserName: chrome, browserVersion: 109.0.5414.75, chrome: {chromedriverVersion: 109.0.5414.74 (e7c5703604da..., userDataDir: C:\Users\DELL\AppData\Local...}, goog:chromeOptions: {debuggerAddress: localhost:52569}, networkConnectionEnabled: false, pageLoadStrategy: normal, platformName: WINDOWS, proxy: Proxy(), se:cdp: ws://localhost:52569/devtoo..., se:cdpVersion: 109.0.5414.75, setWindowRect: true, strictFileInteractability: false, timeouts: {implicit: 0, pageLoad: 300000, script: 30000}, unhandledPromptBehavior: dismiss and notify, webauthn:extension:credBlob: true, webauthn:extension:largeBlob: true, webauthn:virtualAuthenticators: true}
Session ID: 597a0c430c70878c24edba044d404178
at jdk.internal.reflect.GeneratedConstructorAccessor15.newInstance(Unknown Source)
at java.base/jdk.internal.reflect.DelegatingConstructorAccessorImpl.newInstance(DelegatingConstructorAccessorImpl.java:45)
at java.base/java.lang.reflect.Constructor.newInstance(Constructor.java:490)
at org.openqa.selenium.remote.codec.w3c.W3CHttpResponseCodec.createException(W3CHttpResponseCodec.java:200)
at org.openqa.selenium.remote.codec.w3c.W3CHttpResponseCodec.decode(W3CHttpResponseCodec.java:133)
at org.openqa.selenium.remote.codec.w3c.W3CHttpResponseCodec.decode(W3CHttpResponseCodec.java:53)
at org.openqa.selenium.remote.HttpCommandExecutor.execute(HttpCommandExecutor.java:184)
at org.openqa.selenium.remote.service.DriverCommandExecutor.invokeExecute(DriverCommandExecutor.java:167)
at org.openqa.selenium.remote.service.DriverCommandExecutor.execute(DriverCommandExecutor.java:142)
at org.openqa.selenium.remote.RemoteWebDriver.execute(RemoteWebDriver.java:569)
at org.openqa.selenium.remote.ElementLocation$ElementFinder$2.findElement(ElementLocation.java:162)
at org.openqa.selenium.remote.ElementLocation.findElement(ElementLocation.java:60)
at org.openqa.selenium.remote.RemoteWebDriver.findElement(RemoteWebDriver.java:387)
at org.openqa.selenium.remote.RemoteWebDriver.findElement(RemoteWebDriver.java:379)
at pageobjects.RepairLocatorsGUI.repairException(RepairLocatorsGUI.java:81)
at fieldServiceFormsTest.PositiveRepairExceptionGUITest.gUITestDropDownRepairException(PositiveRepairExceptionGUITest.java:95)
at jdk.internal.reflect.GeneratedMethodAccessor4.invoke(Unknown Source)
at java.base/jdk.internal.reflect.DelegatingMethodAccessorImpl.invoke(DelegatingMethodAccessorImpl.java:43)
at java.base/java.lang.reflect.Method.invoke(Method.java:566)
at org.testng.internal.MethodInvocationHelper.invokeMethod(MethodInvocationHelper.java:133)
at org.testng.internal.TestInvoker.invokeMethod(TestInvoker.java:598)
at org.testng.internal.TestInvoker.invokeTestMethod(TestInvoker.java:173)
at org.testng.internal.MethodRunner.runInSequence(MethodRunner.java:46)
at org.testng.internal.TestInvoker$MethodInvocationAgent.invoke(TestInvoker.java:824)
at org.testng.internal.TestInvoker.invokeTestMethods(TestInvoker.java:146)
at org.testng.internal.TestMethodWorker.invokeTestMethods(TestMethodWorker.java:146)
at org.testng.internal.TestMethodWorker.run(TestMethodWorker.java:128)
at java.base/java.util.ArrayList.forEach(ArrayList.java:1541)
at org.testng.TestRunner.privateRun(TestRunner.java:794)
at org.testng.TestRunner.run(TestRunner.java:596)
at org.testng.SuiteRunner.runTest(SuiteRunner.java:377)
at org.testng.SuiteRunner.runSequentially(SuiteRunner.java:371)
at org.testng.SuiteRunner.privateRun(SuiteRunner.java:332)
at org.testng.SuiteRunner.run(SuiteRunner.java:276)
at org.testng.SuiteRunnerWorker.runSuite(SuiteRunnerWorker.java:53)
at org.testng.SuiteRunnerWorker.run(SuiteRunnerWorker.java:96)
at org.testng.TestNG.runSuitesSequentially(TestNG.java:1212)
at org.testng.TestNG.runSuitesLocally(TestNG.java:1134)
at org.testng.TestNG.runSuites(TestNG.java:1063)
at org.testng.TestNG.run(TestNG.java:1031)
at org.testng.remote.AbstractRemoteTestNG.run(AbstractRemoteTestNG.java:115)
at org.testng.remote.RemoteTestNG.initAndRun(RemoteTestNG.java:251)
at org.testng.remote.RemoteTestNG.main(RemoteTestNG.java:77)
]]>
    </error>
  </testcase> <!-- gUITestDropDownRepairException -->
  <system-out/>
  <testcase classname="fieldServiceFormsTest.PositiveRepairExceptionGUITest" name="gUITestDropDownRepairException" time="4.458"/>
  <system-out/>
  <testcase classname="fieldServiceFormsTest.PositiveRepairExceptionGUITest" name="gUITestDropDownRepairException" time="4.982"/>
  <system-out/>
  <testcase classname="fieldServiceFormsTest.PositiveRepairExceptionGUITest" name="gUITestDropDownRepairException" time="5.121"/>
  <system-out/>
  <testcase classname="fieldServiceFormsTest.PositiveRepairExceptionGUITest" name="gUITestDropDownRepairException" time="4.254"/>
  <system-out/>
  <testcase classname="fieldServiceFormsTest.PositiveRepairExceptionGUITest" name="gUITestDropDownRepairException" time="4.394"/>
  <system-out/>
  <testcase classname="fieldServiceFormsTest.PositiveRepairExceptionGUITest" name="gUITestDropDownRepairException" time="4.899"/>
  <system-out/>
  <testcase classname="fieldServiceFormsTest.PositiveRepairExceptionGUITest" name="gUITestDropDownRepairException" time="4.302"/>
  <system-out/>
  <testcase classname="fieldServiceFormsTest.PositiveRepairExceptionGUITest" name="gUITestDropDownRepairException" time="4.726"/>
  <system-out/>
  <testcase classname="fieldServiceFormsTest.PositiveRepairExceptionGUITest" name="gUITestDropDownRepairException" time="4.375"/>
  <system-out/>
  <testcase classname="fieldServiceFormsTest.PositiveRepairExceptionGUITest" name="gUITestDropDownRepairException" time="4.521"/>
  <system-out/>
  <testcase classname="fieldServiceFormsTest.PositiveRepairExceptionGUITest" name="gUITestDropDownRepairException" time="4.392"/>
  <system-out/>
  <testcase classname="fieldServiceFormsTest.PositiveRepairExceptionGUITest" name="gUITestDropDownRepairException" time="4.410"/>
  <system-out/>
  <testcase classname="fieldServiceFormsTest.PositiveRepairExceptionGUITest" name="gUITestDropDownRepairException" time="5.993"/>
  <system-out/>
  <testcase classname="fieldServiceFormsTest.PositiveRepairExceptionGUITest" name="gUITestDropDownRepairException" time="4.999"/>
  <system-out/>
  <testcase classname="fieldServiceFormsTest.PositiveRepairExceptionGUITest" name="gUITestDropDownRepairException" time="4.681"/>
  <system-out/>
  <testcase classname="fieldServiceFormsTest.PositiveRepairExceptionGUITest" name="gUITestDropDownRepairException" time="4.429"/>
  <system-out/>
  <testcase classname="fieldServiceFormsTest.PositiveRepairExceptionGUITest" name="gUITestDropDownRepairException" time="4.483"/>
  <system-out/>
  <testcase classname="fieldServiceFormsTest.PositiveRepairExceptionGUITest" name="gUITestDropDownRepairException" time="4.497"/>
  <system-out/>
  <testcase classname="fieldServiceFormsTest.PositiveRepairExceptionGUITest" name="gUITestDropDownRepairException" time="5.181"/>
  <system-out/>
  <testcase classname="fieldServiceFormsTest.PositiveRepairExceptionGUITest" name="gUITestDropDownRepairException" time="5.019"/>
  <system-out/>
  <testcase classname="fieldServiceFormsTest.PositiveRepairExceptionGUITest" name="gUITestDropDownRepairException" time="4.964"/>
  <system-out/>
  <testcase classname="fieldServiceFormsTest.PositiveRepairExceptionGUITest" name="gUITestDropDownRepairException" time="4.828"/>
  <system-out/>
  <testcase classname="fieldServiceFormsTest.PositiveRepairExceptionGUITest" name="gUITestDropDownRepairException" time="4.219"/>
  <system-out/>
  <testcase classname="fieldServiceFormsTest.PositiveRepairExceptionGUITest" name="gUITestDropDownRepairException" time="4.403"/>
  <system-out/>
  <testcase classname="fieldServiceFormsTest.PositiveRepairExceptionGUITest" name="gUITestDropDownRepairException" time="5.067"/>
  <system-out/>
  <testcase classname="fieldServiceFormsTest.PositiveRepairExceptionGUITest" name="gUITestDropDownRepairException" time="4.945"/>
  <system-out/>
  <testcase classname="fieldServiceFormsTest.PositiveRepairExceptionGUITest" name="gUITestDropDownRepairException" time="5.124"/>
  <system-out/>
  <testcase classname="fieldServiceFormsTest.PositiveRepairExceptionGUITest" name="gUITestDropDownRepairException" time="5.043"/>
  <system-out/>
  <testcase classname="fieldServiceFormsTest.PositiveRepairExceptionGUITest" name="gUITestDropDownRepairException" time="7.018"/>
  <system-out/>
  <testcase classname="fieldServiceFormsTest.PositiveRepairExceptionGUITest" name="gUITestDropDownRepairException" time="4.328"/>
  <system-out/>
  <testcase classname="fieldServiceFormsTest.PositiveRepairExceptionGUITest" name="gUITestDropDownRepairException" time="4.886"/>
  <system-out/>
  <testcase classname="fieldServiceFormsTest.PositiveRepairExceptionGUITest" name="gUITestDropDownRepairException" time="4.682"/>
  <system-out/>
  <testcase classname="fieldServiceFormsTest.PositiveRepairExceptionGUITest" name="gUITestDropDownRepairException" time="4.811"/>
  <system-out/>
  <testcase classname="fieldServiceFormsTest.PositiveRepairExceptionGUITest" name="gUITestDropDownRepairException" time="4.515"/>
  <system-out/>
  <testcase classname="fieldServiceFormsTest.PositiveRepairExceptionGUITest" name="gUITestDropDownRepairException" time="5.016"/>
  <system-out/>
  <testcase classname="fieldServiceFormsTest.PositiveRepairExceptionGUITest" name="gUITestDropDownRepairException" time="4.910"/>
  <system-out/>
  <testcase classname="fieldServiceFormsTest.PositiveRepairExceptionGUITest" name="gUITestDropDownRepairException" time="4.423"/>
  <system-out/>
  <testcase classname="fieldServiceFormsTest.PositiveRepairExceptionGUITest" name="gUITestDropDownRepairException" time="4.421"/>
  <system-out/>
  <testcase classname="fieldServiceFormsTest.PositiveRepairExceptionGUITest" name="gUITestDropDownRepairException" time="4.369"/>
  <system-out/>
  <testcase classname="fieldServiceFormsTest.PositiveRepairExceptionGUITest" name="gUITestDropDownRepairException" time="4.983"/>
  <system-out/>
  <testcase classname="fieldServiceFormsTest.PositiveRepairExceptionGUITest" name="gUITestDropDownRepairException" time="4.191"/>
  <system-out/>
  <testcase classname="fieldServiceFormsTest.PositiveRepairExceptionGUITest" name="gUITestDropDownRepairException" time="4.848"/>
  <system-out/>
  <testcase classname="fieldServiceFormsTest.PositiveRepairExceptionGUITest" name="gUITestDropDownRepairException" time="5.317"/>
  <system-out/>
  <testcase classname="fieldServiceFormsTest.PositiveRepairExceptionGUITest" name="gUITestDropDownRepairException" time="4.431"/>
  <system-out/>
  <testcase classname="fieldServiceFormsTest.PositiveRepairExceptionGUITest" name="gUITestDropDownRepairException" time="5.401"/>
  <system-out/>
  <testcase classname="fieldServiceFormsTest.PositiveRepairExceptionGUITest" name="gUITestDropDownRepairException" time="4.684"/>
  <system-out/>
  <testcase classname="fieldServiceFormsTest.PositiveRepairExceptionGUITest" name="gUITestDropDownRepairException" time="4.868"/>
  <system-out/>
  <testcase classname="fieldServiceFormsTest.PositiveRepairExceptionGUITest" name="gUITestDropDownRepairException" time="4.443"/>
  <system-out/>
  <testcase classname="fieldServiceFormsTest.PositiveRepairExceptionGUITest" name="gUITestDropDownRepairException" time="4.765"/>
  <system-out/>
  <testcase classname="fieldServiceFormsTest.PositiveRepairExceptionGUITest" name="gUITestDropDownRepairException" time="5.122"/>
  <system-out/>
  <testcase classname="fieldServiceFormsTest.PositiveRepairExceptionGUITest" name="gUITestDropDownRepairException" time="4.399"/>
  <system-out/>
  <testcase classname="fieldServiceFormsTest.PositiveRepairExceptionGUITest" name="gUITestDropDownRepairException" time="4.255"/>
  <system-out/>
  <testcase classname="fieldServiceFormsTest.PositiveRepairExceptionGUITest" name="gUITestDropDownRepairException" time="4.435"/>
  <system-out/>
  <testcase classname="fieldServiceFormsTest.PositiveRepairExceptionGUITest" name="gUITestDropDownRepairException" time="4.341"/>
  <system-out/>
  <testcase classname="fieldServiceFormsTest.PositiveRepairExceptionGUITest" name="gUITestDropDownRepairException" time="5.170"/>
  <system-out/>
  <testcase classname="fieldServiceFormsTest.PositiveRepairExceptionGUITest" name="gUITestDropDownRepairException" time="4.388"/>
  <system-out/>
  <testcase classname="fieldServiceFormsTest.PositiveRepairExceptionGUITest" name="gUITestDropDownRepairException" time="5.429"/>
  <system-out/>
  <testcase classname="fieldServiceFormsTest.PositiveRepairExceptionGUITest" name="gUITestDropDownRepairException" time="5.458"/>
  <system-out/>
  <testcase classname="fieldServiceFormsTest.PositiveRepairExceptionGUITest" name="gUITestDropDownRepairException" time="4.716"/>
  <system-out/>
  <testcase classname="fieldServiceFormsTest.PositiveRepairExceptionGUITest" name="gUITestDropDownRepairException" time="4.468"/>
  <system-out/>
  <testcase classname="fieldServiceFormsTest.PositiveRepairExceptionGUITest" name="gUITestDropDownRepairException" time="5.183"/>
  <system-out/>
  <testcase classname="fieldServiceFormsTest.PositiveRepairExceptionGUITest" name="gUITestDropDownRepairException" time="6.493"/>
  <system-out/>
  <testcase classname="fieldServiceFormsTest.PositiveRepairExceptionGUITest" name="gUITestDropDownRepairException" time="4.445"/>
  <system-out/>
  <testcase classname="fieldServiceFormsTest.PositiveRepairExceptionGUITest" name="gUITestDropDownRepairException" time="4.318"/>
  <system-out/>
  <testcase classname="fieldServiceFormsTest.PositiveRepairExceptionGUITest" name="gUITestDropDownRepairException" time="4.707"/>
  <system-out/>
  <testcase classname="fieldServiceFormsTest.PositiveRepairExceptionGUITest" name="gUITestDropDownRepairException" time="4.855"/>
  <system-out/>
  <testcase classname="fieldServiceFormsTest.PositiveRepairExceptionGUITest" name="gUITestDropDownRepairException" time="4.380"/>
  <system-out/>
  <testcase classname="fieldServiceFormsTest.PositiveRepairExceptionGUITest" name="gUITestDropDownRepairException" time="4.395"/>
  <system-out/>
  <testcase classname="fieldServiceFormsTest.PositiveRepairExceptionGUITest" name="gUITestDropDownRepairException" time="5.137"/>
  <system-out/>
  <testcase classname="fieldServiceFormsTest.PositiveRepairExceptionGUITest" name="gUITestDropDownRepairException" time="5.028"/>
  <system-out/>
  <testcase classname="fieldServiceFormsTest.PositiveRepairExceptionGUITest" name="gUITestDropDownRepairException" time="4.958"/>
  <system-out/>
  <testcase classname="fieldServiceFormsTest.PositiveRepairExceptionGUITest" name="gUITestDropDownRepairException" time="4.433"/>
  <system-out/>
  <testcase classname="fieldServiceFormsTest.PositiveRepairExceptionGUITest" name="gUITestDropDownRepairException" time="4.136"/>
  <system-out/>
  <testcase classname="fieldServiceFormsTest.PositiveRepairExceptionGUITest" name="gUITestDropDownRepairException" time="4.452"/>
  <system-out/>
  <testcase classname="fieldServiceFormsTest.PositiveRepairExceptionGUITest" name="gUITestDropDownRepairException" time="4.808"/>
  <system-out/>
  <testcase classname="fieldServiceFormsTest.PositiveRepairExceptionGUITest" name="gUITestDropDownRepairException" time="4.369"/>
  <system-out/>
  <testcase classname="fieldServiceFormsTest.PositiveRepairExceptionGUITest" name="gUITestDropDownRepairException" time="4.399"/>
  <system-out/>
  <testcase classname="fieldServiceFormsTest.PositiveRepairExceptionGUITest" name="gUITestDropDownRepairException" time="4.969"/>
  <system-out/>
  <testcase classname="fieldServiceFormsTest.PositiveRepairExceptionGUITest" name="gUITestDropDownRepairException" time="5.257"/>
  <system-out/>
  <testcase classname="fieldServiceFormsTest.PositiveRepairExceptionGUITest" name="gUITestDropDownRepairException" time="4.293"/>
  <system-out/>
  <testcase classname="fieldServiceFormsTest.PositiveRepairExceptionGUITest" name="gUITestDropDownRepairException" time="4.642"/>
  <system-out/>
  <testcase classname="fieldServiceFormsTest.PositiveRepairExceptionGUITest" name="gUITestDropDownRepairException" time="4.356"/>
  <system-out/>
  <testcase classname="fieldServiceFormsTest.PositiveRepairExceptionGUITest" name="gUITestDropDownRepairException" time="4.440"/>
  <system-out/>
  <testcase classname="fieldServiceFormsTest.PositiveRepairExceptionGUITest" name="gUITestDropDownRepairException" time="4.864"/>
  <system-out/>
  <testcase classname="fieldServiceFormsTest.PositiveRepairExceptionGUITest" name="gUITestDropDownRepairException" time="4.253"/>
  <system-out/>
  <testcase classname="fieldServiceFormsTest.PositiveRepairExceptionGUITest" name="gUITestDropDownRepairException" time="5.692"/>
  <system-out/>
  <testcase classname="fieldServiceFormsTest.PositiveRepairExceptionGUITest" name="gUITestDropDownRepairException" time="4.525"/>
  <system-out/>
  <testcase classname="fieldServiceFormsTest.PositiveRepairExceptionGUITest" name="gUITestDropDownRepairException" time="4.696"/>
  <system-out/>
  <testcase classname="fieldServiceFormsTest.PositiveRepairExceptionGUITest" name="gUITestDropDownRepairException" time="4.526"/>
  <system-out/>
  <testcase classname="fieldServiceFormsTest.PositiveRepairExceptionGUITest" name="gUITestDropDownRepairException" time="5.363"/>
  <system-out/>
  <testcase classname="fieldServiceFormsTest.PositiveRepairExceptionGUITest" name="gUITestDropDownRepairException" time="4.398"/>
  <system-out/>
  <testcase classname="fieldServiceFormsTest.PositiveRepairExceptionGUITest" name="gUITestDropDownRepairException" time="4.294"/>
  <system-out/>
  <testcase classname="fieldServiceFormsTest.PositiveRepairExceptionGUITest" name="gUITestDropDownRepairException" time="5.068"/>
  <system-out/>
  <testcase classname="fieldServiceFormsTest.PositiveRepairExceptionGUITest" name="gUITestDropDownRepairException" time="5.019"/>
  <system-out/>
  <testcase classname="fieldServiceFormsTest.PositiveRepairExceptionGUITest" name="gUITestDropDownRepairException" time="4.436"/>
  <system-out/>
  <testcase classname="fieldServiceFormsTest.PositiveRepairExceptionGUITest" name="gUITestDropDownRepairException" time="5.251"/>
  <system-out/>
  <testcase classname="fieldServiceFormsTest.PositiveRepairExceptionGUITest" name="gUITestDropDownRepairException" time="4.635"/>
  <system-out/>
  <testcase classname="fieldServiceFormsTest.PositiveRepairExceptionGUITest" name="gUITestDropDownRepairException" time="5.053"/>
  <system-out/>
  <testcase classname="fieldServiceFormsTest.PositiveRepairExceptionGUITest" name="gUITestDropDownRepairException" time="4.863"/>
  <system-out/>
  <testcase classname="fieldServiceFormsTest.PositiveRepairExceptionGUITest" name="gUITestDropDownRepairException" time="4.381"/>
  <system-out/>
  <testcase classname="fieldServiceFormsTest.PositiveRepairExceptionGUITest" name="gUITestDropDownRepairException" time="4.136"/>
  <system-out/>
  <testcase classname="fieldServiceFormsTest.PositiveRepairExceptionGUITest" name="gUITestDropDownRepairException" time="4.593"/>
  <system-out/>
  <testcase classname="fieldServiceFormsTest.PositiveRepairExceptionGUITest" name="gUITestDropDownRepairException" time="5.223"/>
  <system-out/>
  <testcase classname="fieldServiceFormsTest.PositiveRepairExceptionGUITest" name="gUITestDropDownRepairException" time="4.373"/>
  <system-out/>
  <testcase classname="fieldServiceFormsTest.PositiveRepairExceptionGUITest" name="gUITestDropDownRepairException" time="5.804"/>
  <system-out/>
  <testcase classname="fieldServiceFormsTest.PositiveRepairExceptionGUITest" name="gUITestDropDownRepairException" time="4.886"/>
  <system-out/>
  <testcase classname="fieldServiceFormsTest.PositiveRepairExceptionGUITest" name="gUITestDropDownRepairException" time="4.141"/>
  <system-out/>
  <testcase classname="fieldServiceFormsTest.PositiveRepairExceptionGUITest" name="gUITestDropDownRepairException" time="4.382"/>
  <system-out/>
  <testcase classname="fieldServiceFormsTest.PositiveRepairExceptionGUITest" name="gUITestDropDownRepairException" time="4.451"/>
  <system-out/>
  <testcase classname="fieldServiceFormsTest.PositiveRepairExceptionGUITest" name="gUITestDropDownRepairException" time="5.145"/>
  <system-out/>
  <testcase classname="fieldServiceFormsTest.PositiveRepairExceptionGUITest" name="gUITestDropDownRepairException" time="4.182"/>
  <system-out/>
  <testcase classname="fieldServiceFormsTest.PositiveRepairExceptionGUITest" name="gUITestDropDownRepairException" time="5.059"/>
  <system-out/>
  <testcase classname="fieldServiceFormsTest.PositiveRepairExceptionGUITest" name="gUITestDropDownRepairException" time="5.539"/>
  <system-out/>
  <testcase classname="fieldServiceFormsTest.PositiveRepairExceptionGUITest" name="gUITestDropDownRepairException" time="6.786"/>
  <system-out/>
  <testcase classname="fieldServiceFormsTest.PositiveRepairExceptionGUITest" name="gUITestDropDownRepairException" time="4.994"/>
  <system-out/>
  <testcase classname="fieldServiceFormsTest.PositiveRepairExceptionGUITest" name="gUITestDropDownRepairException" time="4.354"/>
  <system-out/>
  <testcase classname="fieldServiceFormsTest.PositiveRepairExceptionGUITest" name="gUITestDropDownRepairException" time="4.274"/>
  <system-out/>
  <testcase classname="fieldServiceFormsTest.PositiveRepairExceptionGUITest" name="gUITestDropDownRepairException" time="5.460"/>
  <system-out/>
  <testcase classname="fieldServiceFormsTest.PositiveRepairExceptionGUITest" name="gUITestDropDownRepairException" time="4.408"/>
  <system-out/>
  <testcase classname="fieldServiceFormsTest.PositiveRepairExceptionGUITest" name="gUITestDropDownRepairException" time="4.886"/>
  <system-out/>
  <testcase classname="fieldServiceFormsTest.PositiveRepairExceptionGUITest" name="gUITestDropDownRepairException" time="4.439"/>
  <system-out/>
  <testcase classname="fieldServiceFormsTest.PositiveRepairExceptionGUITest" name="gUITestDropDownRepairException" time="4.809"/>
  <system-out/>
  <testcase classname="fieldServiceFormsTest.PositiveRepairExceptionGUITest" name="gUITestDropDownRepairException" time="4.943"/>
  <system-out/>
  <testcase classname="fieldServiceFormsTest.PositiveRepairExceptionGUITest" name="gUITestDropDownRepairException" time="4.269"/>
  <system-out/>
  <testcase classname="fieldServiceFormsTest.PositiveRepairExceptionGUITest" name="gUITestDropDownRepairException" time="5.038"/>
  <system-out/>
  <testcase classname="fieldServiceFormsTest.PositiveRepairExceptionGUITest" name="gUITestDropDownRepairException" time="4.232"/>
  <system-out/>
  <testcase classname="fieldServiceFormsTest.PositiveRepairExceptionGUITest" name="gUITestDropDownRepairException" time="4.486"/>
  <system-out/>
  <testcase classname="fieldServiceFormsTest.PositiveRepairExceptionGUITest" name="gUITestDropDownRepairException" time="4.840"/>
  <system-out/>
  <testcase classname="fieldServiceFormsTest.PositiveRepairExceptionGUITest" name="gUITestDropDownRepairException" time="4.462"/>
  <system-out/>
  <testcase classname="fieldServiceFormsTest.PositiveRepairExceptionGUITest" name="gUITestDropDownRepairException" time="5.071"/>
  <system-out/>
  <testcase classname="fieldServiceFormsTest.PositiveRepairExceptionGUITest" name="gUITestDropDownRepairException" time="4.910"/>
  <system-out/>
  <testcase classname="fieldServiceFormsTest.PositiveRepairExceptionGUITest" name="gUITestDropDownRepairException" time="5.119"/>
  <system-out/>
  <testcase classname="fieldServiceFormsTest.PositiveRepairExceptionGUITest" name="gUITestDropDownRepairException" time="4.392"/>
  <system-out/>
  <testcase classname="fieldServiceFormsTest.PositiveRepairExceptionGUITest" name="gUITestDropDownRepairException" time="4.184"/>
  <system-out/>
  <testcase classname="fieldServiceFormsTest.PositiveRepairExceptionGUITest" name="gUITestDropDownRepairException" time="6.383"/>
  <system-out/>
  <testcase classname="fieldServiceFormsTest.PositiveRepairExceptionGUITest" name="gUITestDropDownRepairException" time="4.304"/>
  <system-out/>
  <testcase classname="fieldServiceFormsTest.PositiveRepairExceptionGUITest" name="gUITestDropDownRepairException" time="4.855"/>
  <system-out/>
  <testcase classname="fieldServiceFormsTest.PositiveRepairExceptionGUITest" name="gUITestDropDownRepairException" time="4.408"/>
  <system-out/>
  <testcase classname="fieldServiceFormsTest.PositiveRepairExceptionGUITest" name="gUITestDropDownRepairException" time="4.535"/>
  <system-out/>
  <testcase classname="fieldServiceFormsTest.PositiveRepairExceptionGUITest" name="gUITestDropDownRepairException" time="4.462"/>
  <system-out/>
  <testcase classname="fieldServiceFormsTest.PositiveRepairExceptionGUITest" name="gUITestDropDownRepairException" time="5.132"/>
  <system-out/>
  <testcase classname="fieldServiceFormsTest.PositiveRepairExceptionGUITest" name="gUITestDropDownRepairException" time="4.542"/>
  <system-out/>
  <testcase classname="fieldServiceFormsTest.PositiveRepairExceptionGUITest" name="gUITestDropDownRepairException" time="5.979"/>
  <system-out/>
  <testcase classname="fieldServiceFormsTest.PositiveRepairExceptionGUITest" name="gUITestDropDownRepairException" time="4.421"/>
  <system-out/>
  <testcase classname="fieldServiceFormsTest.PositiveRepairExceptionGUITest" name="gUITestDropDownRepairException" time="4.593"/>
  <system-out/>
  <testcase classname="fieldServiceFormsTest.PositiveRepairExceptionGUITest" name="gUITestDropDownRepairException" time="4.230"/>
  <system-out/>
  <testcase classname="fieldServiceFormsTest.PositiveRepairExceptionGUITest" name="gUITestDropDownRepairException" time="5.066"/>
  <system-out/>
  <testcase classname="fieldServiceFormsTest.PositiveRepairExceptionGUITest" name="gUITestDropDownRepairException" time="4.799"/>
  <system-out/>
  <testcase classname="fieldServiceFormsTest.PositiveRepairExceptionGUITest" name="gUITestDropDownRepairException" time="4.616"/>
  <system-out/>
  <testcase classname="fieldServiceFormsTest.PositiveRepairExceptionGUITest" name="gUITestDropDownRepairException" time="4.380"/>
  <system-out/>
  <testcase classname="fieldServiceFormsTest.PositiveRepairExceptionGUITest" name="gUITestDropDownRepairException" time="4.496"/>
  <system-out/>
  <testcase classname="fieldServiceFormsTest.PositiveRepairExceptionGUITest" name="gUITestDropDownRepairException" time="4.204"/>
  <system-out/>
  <testcase classname="fieldServiceFormsTest.PositiveRepairExceptionGUITest" name="gUITestDropDownRepairException" time="4.415"/>
  <system-out/>
  <testcase classname="fieldServiceFormsTest.PositiveRepairExceptionGUITest" name="gUITestDropDownRepairException" time="4.406"/>
  <system-out/>
  <testcase classname="fieldServiceFormsTest.PositiveRepairExceptionGUITest" name="gUITestDropDownRepairException" time="5.191"/>
  <system-out/>
  <testcase classname="fieldServiceFormsTest.PositiveRepairExceptionGUITest" name="gUITestDropDownRepairException" time="4.389"/>
  <system-out/>
  <testcase classname="fieldServiceFormsTest.PositiveRepairExceptionGUITest" name="gUITestDropDownRepairException" time="4.592"/>
  <system-out/>
  <testcase classname="fieldServiceFormsTest.PositiveRepairExceptionGUITest" name="gUITestDropDownRepairException" time="4.999"/>
  <system-out/>
  <testcase classname="fieldServiceFormsTest.PositiveRepairExceptionGUITest" name="gUITestDropDownRepairException" time="5.647"/>
  <system-out/>
  <testcase classname="fieldServiceFormsTest.PositiveRepairExceptionGUITest" name="gUITestDropDownRepairException" time="4.436"/>
  <system-out/>
  <testcase classname="fieldServiceFormsTest.PositiveRepairExceptionGUITest" name="gUITestDropDownRepairException" time="5.859"/>
  <system-out/>
  <testcase classname="fieldServiceFormsTest.PositiveRepairExceptionGUITest" name="gUITestDropDownRepairException" time="4.493"/>
  <system-out/>
  <testcase classname="fieldServiceFormsTest.PositiveRepairExceptionGUITest" name="gUITestDropDownRepairException" time="4.416"/>
  <system-out/>
  <testcase classname="fieldServiceFormsTest.PositiveRepairExceptionGUITest" name="gUITestDropDownRepairException" time="4.375"/>
  <system-out/>
  <testcase classname="fieldServiceFormsTest.PositiveRepairExceptionGUITest" name="gUITestDropDownRepairException" time="4.974"/>
  <system-out/>
  <testcase classname="fieldServiceFormsTest.PositiveRepairExceptionGUITest" name="gUITestDropDownRepairException" time="4.339"/>
  <system-out/>
  <testcase classname="fieldServiceFormsTest.PositiveRepairExceptionGUITest" name="gUITestDropDownRepairException" time="4.295"/>
  <system-out/>
  <testcase classname="fieldServiceFormsTest.PositiveRepairExceptionGUITest" name="gUITestDropDownRepairException" time="5.121"/>
  <system-out/>
  <testcase classname="fieldServiceFormsTest.PositiveRepairExceptionGUITest" name="gUITestDropDownRepairException" time="4.388"/>
  <system-out/>
  <testcase classname="fieldServiceFormsTest.PositiveRepairExceptionGUITest" name="gUITestDropDownRepairException" time="5.328"/>
  <system-out/>
  <testcase classname="fieldServiceFormsTest.PositiveRepairExceptionGUITest" name="gUITestDropDownRepairException" time="4.250"/>
  <system-out/>
  <testcase classname="fieldServiceFormsTest.PositiveRepairExceptionGUITest" name="gUITestDropDownRepairException" time="4.464"/>
  <system-out/>
  <testcase classname="fieldServiceFormsTest.PositiveRepairExceptionGUITest" name="gUITestDropDownRepairException" time="4.705"/>
  <system-out/>
  <testcase classname="fieldServiceFormsTest.PositiveRepairExceptionGUITest" name="gUITestDropDownRepairException" time="4.269"/>
  <system-out/>
  <testcase classname="fieldServiceFormsTest.PositiveRepairExceptionGUITest" name="gUITestDropDownRepairException" time="4.547"/>
  <system-out/>
  <testcase classname="fieldServiceFormsTest.PositiveRepairExceptionGUITest" name="gUITestDropDownRepairException" time="4.977"/>
  <system-out/>
  <testcase classname="fieldServiceFormsTest.PositiveRepairExceptionGUITest" name="gUITestDropDownRepairException" time="4.879"/>
  <system-out/>
  <testcase classname="fieldServiceFormsTest.PositiveRepairExceptionGUITest" name="gUITestDropDownRepairException" time="4.846"/>
  <system-out/>
  <testcase classname="fieldServiceFormsTest.PositiveRepairExceptionGUITest" name="gUITestDropDownRepairException" time="4.389"/>
  <system-out/>
  <testcase classname="fieldServiceFormsTest.PositiveRepairExceptionGUITest" name="gUITestDropDownRepairException" time="4.233"/>
  <system-out/>
  <testcase classname="fieldServiceFormsTest.PositiveRepairExceptionGUITest" name="gUITestDropDownRepairException" time="4.806"/>
  <system-out/>
  <testcase classname="fieldServiceFormsTest.PositiveRepairExceptionGUITest" name="gUITestDropDownRepairException" time="4.198"/>
  <system-out/>
  <testcase classname="fieldServiceFormsTest.PositiveRepairExceptionGUITest" name="gUITestDropDownRepairException" time="5.364"/>
  <system-out/>
  <testcase classname="fieldServiceFormsTest.PositiveRepairExceptionGUITest" name="gUITestDropDownRepairException" time="4.531"/>
  <system-out/>
  <testcase classname="fieldServiceFormsTest.PositiveRepairExceptionGUITest" name="gUITestDropDownRepairException" time="4.384"/>
  <system-out/>
  <testcase classname="fieldServiceFormsTest.PositiveRepairExceptionGUITest" name="gUITestDropDownRepairException" time="4.899"/>
  <system-out/>
  <testcase classname="fieldServiceFormsTest.PositiveRepairExceptionGUITest" name="gUITestDropDownRepairException" time="4.957"/>
  <system-out/>
  <testcase classname="fieldServiceFormsTest.PositiveRepairExceptionGUITest" name="gUITestDropDownRepairException" time="4.923"/>
  <system-out/>
  <testcase classname="fieldServiceFormsTest.PositiveRepairExceptionGUITest" name="gUITestDropDownRepairException" time="4.776"/>
  <system-out/>
  <testcase classname="fieldServiceFormsTest.PositiveRepairExceptionGUITest" name="gUITestDropDownRepairException" time="4.453"/>
  <system-out/>
  <testcase classname="fieldServiceFormsTest.PositiveRepairExceptionGUITest" name="gUITestDropDownRepairException" time="4.472"/>
  <system-out/>
  <testcase classname="fieldServiceFormsTest.PositiveRepairExceptionGUITest" name="gUITestDropDownRepairException" time="4.951"/>
  <system-out/>
  <testcase classname="fieldServiceFormsTest.PositiveRepairExceptionGUITest" name="gUITestDropDownRepairException" time="4.382"/>
  <system-out/>
  <testcase classname="fieldServiceFormsTest.PositiveRepairExceptionGUITest" name="gUITestDropDownRepairException" time="5.455"/>
  <system-out/>
  <testcase classname="fieldServiceFormsTest.PositiveRepairExceptionGUITest" name="gUITestDropDownRepairException" time="4.282"/>
  <system-out/>
  <testcase classname="fieldServiceFormsTest.PositiveRepairExceptionGUITest" name="gUITestDropDownRepairException" time="4.204"/>
  <system-out/>
  <testcase classname="fieldServiceFormsTest.PositiveRepairExceptionGUITest" name="gUITestDropDownRepairException" time="4.283"/>
  <system-out/>
  <testcase classname="fieldServiceFormsTest.PositiveRepairExceptionGUITest" name="gUITestDropDownRepairException" time="4.896"/>
  <system-out/>
  <testcase classname="fieldServiceFormsTest.PositiveRepairExceptionGUITest" name="gUITestDropDownRepairException" time="4.427"/>
  <system-out/>
  <testcase classname="fieldServiceFormsTest.PositiveRepairExceptionGUITest" name="gUITestDropDownRepairException" time="4.396"/>
  <system-out/>
  <testcase classname="fieldServiceFormsTest.PositiveRepairExceptionGUITest" name="gUITestDropDownRepairException" time="4.390"/>
  <system-out/>
  <testcase classname="fieldServiceFormsTest.PositiveRepairExceptionGUITest" name="gUITestDropDownRepairException" time="4.361"/>
  <system-out/>
  <testcase classname="fieldServiceFormsTest.PositiveRepairExceptionGUITest" name="gUITestDropDownRepairException" time="4.539"/>
  <system-out/>
  <testcase classname="fieldServiceFormsTest.PositiveRepairExceptionGUITest" name="gUITestDropDownRepairException" time="4.313"/>
  <system-out/>
  <testcase classname="fieldServiceFormsTest.PositiveRepairExceptionGUITest" name="gUITestDropDownRepairException" time="4.304"/>
  <system-out/>
  <testcase classname="fieldServiceFormsTest.PositiveRepairExceptionGUITest" name="gUITestDropDownRepairException" time="5.003"/>
  <system-out/>
  <testcase classname="fieldServiceFormsTest.PositiveRepairExceptionGUITest" name="gUITestDropDownRepairException" time="4.366"/>
  <system-out/>
  <testcase classname="fieldServiceFormsTest.PositiveRepairExceptionGUITest" name="gUITestDropDownRepairException" time="4.704"/>
  <system-out/>
  <testcase classname="fieldServiceFormsTest.PositiveRepairExceptionGUITest" name="gUITestDropDownRepairException" time="4.233"/>
  <system-out/>
  <testcase classname="fieldServiceFormsTest.PositiveRepairExceptionGUITest" name="gUITestDropDownRepairException" time="4.823"/>
  <system-out/>
  <testcase classname="fieldServiceFormsTest.PositiveRepairExceptionGUITest" name="gUITestDropDownRepairException" time="4.928"/>
  <system-out/>
  <testcase classname="fieldServiceFormsTest.PositiveRepairExceptionGUITest" name="gUITestDropDownRepairException" time="6.096"/>
  <system-out/>
  <testcase classname="fieldServiceFormsTest.PositiveRepairExceptionGUITest" name="gUITestDropDownRepairException" time="4.375"/>
  <system-out/>
  <testcase classname="fieldServiceFormsTest.PositiveRepairExceptionGUITest" name="gUITestDropDownRepairException" time="4.325"/>
  <system-out/>
  <testcase classname="fieldServiceFormsTest.PositiveRepairExceptionGUITest" name="gUITestDropDownRepairException" time="5.148"/>
  <system-out/>
  <testcase classname="fieldServiceFormsTest.PositiveRepairExceptionGUITest" name="gUITestDropDownRepairException" time="4.553"/>
  <system-out/>
  <testcase classname="fieldServiceFormsTest.PositiveRepairExceptionGUITest" name="gUITestDropDownRepairException" time="4.278"/>
  <system-out/>
  <testcase classname="fieldServiceFormsTest.PositiveRepairExceptionGUITest" name="gUITestDropDownRepairException" time="4.311"/>
  <system-out/>
  <testcase classname="fieldServiceFormsTest.PositiveRepairExceptionGUITest" name="gUITestDropDownRepairException" time="4.240"/>
  <system-out/>
  <testcase classname="fieldServiceFormsTest.PositiveRepairExceptionGUITest" name="gUITestDropDownRepairException" time="4.907"/>
  <system-out/>
  <testcase classname="fieldServiceFormsTest.PositiveRepairExceptionGUITest" name="gUITestDropDownRepairException" time="4.247"/>
  <system-out/>
  <testcase classname="fieldServiceFormsTest.PositiveRepairExceptionGUITest" name="gUITestDropDownRepairException" time="4.872"/>
  <system-out/>
  <testcase classname="fieldServiceFormsTest.PositiveRepairExceptionGUITest" name="gUITestDropDownRepairException" time="4.477"/>
  <system-out/>
  <testcase classname="fieldServiceFormsTest.PositiveRepairExceptionGUITest" name="gUITestDropDownRepairException" time="4.663"/>
  <system-out/>
  <testcase classname="fieldServiceFormsTest.PositiveRepairExceptionGUITest" name="gUITestDropDownRepairException" time="4.666"/>
  <system-out/>
  <testcase classname="fieldServiceFormsTest.PositiveRepairExceptionGUITest" name="gUITestDropDownRepairException" time="4.356"/>
  <system-out/>
  <testcase classname="fieldServiceFormsTest.PositiveRepairExceptionGUITest" name="gUITestDropDownRepairException" time="5.404"/>
  <system-out/>
  <testcase classname="fieldServiceFormsTest.PositiveRepairExceptionGUITest" name="gUITestDropDownRepairException" time="4.222"/>
  <system-out/>
  <testcase classname="fieldServiceFormsTest.PositiveRepairExceptionGUITest" name="gUITestDropDownRepairException" time="4.356"/>
  <system-out/>
  <testcase classname="fieldServiceFormsTest.PositiveRepairExceptionGUITest" name="gUITestDropDownRepairException" time="4.919"/>
  <system-out/>
  <testcase classname="fieldServiceFormsTest.PositiveRepairExceptionGUITest" name="gUITestDropDownRepairException" time="4.430"/>
  <system-out/>
  <testcase classname="fieldServiceFormsTest.PositiveRepairExceptionGUITest" name="gUITestDropDownRepairException" time="5.349"/>
  <system-out/>
  <testcase classname="fieldServiceFormsTest.PositiveRepairExceptionGUITest" name="gUITestDropDownRepairException" time="4.443"/>
  <system-out/>
  <testcase classname="fieldServiceFormsTest.PositiveRepairExceptionGUITest" name="gUITestDropDownRepairException" time="4.437"/>
  <system-out/>
  <testcase classname="fieldServiceFormsTest.PositiveRepairExceptionGUITest" name="gUITestDropDownRepairException" time="5.025"/>
  <system-out/>
  <testcase classname="fieldServiceFormsTest.PositiveRepairExceptionGUITest" name="gUITestDropDownRepairException" time="4.593"/>
  <system-out/>
  <testcase classname="fieldServiceFormsTest.PositiveRepairExceptionGUITest" name="gUITestDropDownRepairException" time="4.669"/>
  <system-out/>
  <testcase classname="fieldServiceFormsTest.PositiveRepairExceptionGUITest" name="gUITestDropDownRepairException" time="6.336"/>
  <system-out/>
  <testcase classname="fieldServiceFormsTest.PositiveRepairExceptionGUITest" name="gUITestDropDownRepairException" time="4.590"/>
  <system-out/>
  <testcase classname="fieldServiceFormsTest.PositiveRepairExceptionGUITest" name="gUITestDropDownRepairException" time="4.445"/>
  <system-out/>
  <testcase classname="fieldServiceFormsTest.PositiveRepairExceptionGUITest" name="gUITestDropDownRepairException" time="4.386"/>
  <system-out/>
  <testcase classname="fieldServiceFormsTest.PositiveRepairExceptionGUITest" name="gUITestDropDownRepairException" time="4.286"/>
  <system-out/>
  <testcase classname="fieldServiceFormsTest.PositiveRepairExceptionGUITest" name="gUITestDropDownRepairException" time="4.198"/>
  <system-out/>
  <testcase classname="fieldServiceFormsTest.PositiveRepairExceptionGUITest" name="gUITestDropDownRepairException" time="5.734"/>
  <system-out/>
  <testcase classname="fieldServiceFormsTest.PositiveRepairExceptionGUITest" name="gUITestDropDownRepairException" time="4.479"/>
  <system-out/>
  <testcase classname="fieldServiceFormsTest.PositiveRepairExceptionGUITest" name="gUITestDropDownRepairException" time="4.929"/>
  <system-out/>
  <testcase classname="fieldServiceFormsTest.PositiveRepairExceptionGUITest" name="gUITestDropDownRepairException" time="4.274"/>
  <system-out/>
  <testcase classname="fieldServiceFormsTest.PositiveRepairExceptionGUITest" name="gUITestDropDownRepairException" time="4.888"/>
  <system-out/>
  <testcase classname="fieldServiceFormsTest.PositiveRepairExceptionGUITest" name="gUITestDropDownRepairException" time="4.291"/>
  <system-out/>
  <testcase classname="fieldServiceFormsTest.PositiveRepairExceptionGUITest" name="gUITestDropDownRepairException" time="5.433"/>
  <system-out/>
  <testcase classname="fieldServiceFormsTest.PositiveRepairExceptionGUITest" name="gUITestDropDownRepairException" time="4.612"/>
  <system-out/>
  <testcase classname="fieldServiceFormsTest.PositiveRepairExceptionGUITest" name="gUITestDropDownRepairException" time="4.342"/>
  <system-out/>
  <testcase classname="fieldServiceFormsTest.PositiveRepairExceptionGUITest" name="gUITestDropDownRepairException" time="4.339"/>
  <system-out/>
  <testcase classname="fieldServiceFormsTest.PositiveRepairExceptionGUITest" name="gUITestDropDownRepairException" time="4.903"/>
  <system-out/>
  <testcase classname="fieldServiceFormsTest.PositiveRepairExceptionGUITest" name="gUITestDropDownRepairException" time="4.805"/>
  <system-out/>
  <testcase classname="fieldServiceFormsTest.PositiveRepairExceptionGUITest" name="gUITestDropDownRepairException" time="4.422"/>
  <system-out/>
  <testcase classname="fieldServiceFormsTest.PositiveRepairExceptionGUITest" name="gUITestDropDownRepairException" time="4.356"/>
  <system-out/>
  <testcase classname="fieldServiceFormsTest.PositiveRepairExceptionGUITest" name="gUITestDropDownRepairException" time="4.279"/>
  <system-out/>
  <testcase classname="fieldServiceFormsTest.PositiveRepairExceptionGUITest" name="gUITestDropDownRepairException" time="5.081"/>
  <system-out/>
  <testcase classname="fieldServiceFormsTest.PositiveRepairExceptionGUITest" name="gUITestDropDownRepairException" time="4.486"/>
  <system-out/>
  <testcase classname="fieldServiceFormsTest.PositiveRepairExceptionGUITest" name="gUITestDropDownRepairException" time="5.135"/>
  <system-out/>
  <testcase classname="fieldServiceFormsTest.PositiveRepairExceptionGUITest" name="gUITestDropDownRepairException" time="4.449"/>
  <system-out/>
  <testcase classname="fieldServiceFormsTest.PositiveRepairExceptionGUITest" name="gUITestDropDownRepairException" time="5.063"/>
  <system-out/>
  <testcase classname="fieldServiceFormsTest.PositiveRepairExceptionGUITest" name="gUITestDropDownRepairException" time="4.502"/>
  <system-out/>
  <testcase classname="fieldServiceFormsTest.PositiveRepairExceptionGUITest" name="gUITestDropDownRepairException" time="4.455"/>
  <system-out/>
  <testcase classname="fieldServiceFormsTest.PositiveRepairExceptionGUITest" name="gUITestDropDownRepairException" time="4.423"/>
  <system-out/>
  <testcase classname="fieldServiceFormsTest.PositiveRepairExceptionGUITest" name="gUITestDropDownRepairException" time="4.403"/>
  <system-out/>
  <testcase classname="fieldServiceFormsTest.PositiveRepairExceptionGUITest" name="gUITestDropDownRepairException" time="4.373"/>
  <system-out/>
  <testcase classname="fieldServiceFormsTest.PositiveRepairExceptionGUITest" name="gUITestDropDownRepairException" time="5.095"/>
  <system-out/>
  <testcase classname="fieldServiceFormsTest.PositiveRepairExceptionGUITest" name="gUITestDropDownRepairException" time="4.685"/>
  <system-out/>
  <testcase classname="fieldServiceFormsTest.PositiveRepairExceptionGUITest" name="gUITestDropDownRepairException" time="4.433"/>
  <system-out/>
  <testcase classname="fieldServiceFormsTest.PositiveRepairExceptionGUITest" name="gUITestDropDownRepairException" time="4.431"/>
  <system-out/>
  <testcase classname="fieldServiceFormsTest.PositiveRepairExceptionGUITest" name="gUITestDropDownRepairException" time="4.632"/>
  <system-out/>
  <testcase classname="fieldServiceFormsTest.PositiveRepairExceptionGUITest" name="gUITestDropDownRepairException" time="4.248"/>
  <system-out/>
  <testcase classname="fieldServiceFormsTest.PositiveRepairExceptionGUITest" name="gUITestDropDownRepairException" time="5.771"/>
  <system-out/>
  <testcase classname="fieldServiceFormsTest.PositiveRepairExceptionGUITest" name="gUITestDropDownRepairException" time="4.274"/>
  <system-out/>
  <testcase classname="fieldServiceFormsTest.PositiveRepairExceptionGUITest" name="gUITestDropDownRepairException" time="5.036"/>
  <system-out/>
  <testcase classname="fieldServiceFormsTest.PositiveRepairExceptionGUITest" name="gUITestDropDownRepairException" time="4.396"/>
  <system-out/>
  <testcase classname="fieldServiceFormsTest.PositiveRepairExceptionGUITest" name="gUITestDropDownRepairException" time="4.409"/>
  <system-out/>
  <testcase classname="fieldServiceFormsTest.PositiveRepairExceptionGUITest" name="gUITestDropDownRepairException" time="4.986"/>
  <system-out/>
  <testcase classname="fieldServiceFormsTest.PositiveRepairExceptionGUITest" name="gUITestDropDownRepairException" time="4.493"/>
  <system-out/>
  <testcase classname="fieldServiceFormsTest.PositiveRepairExceptionGUITest" name="gUITestDropDownRepairException" time="4.221"/>
  <system-out/>
  <testcase classname="fieldServiceFormsTest.PositiveRepairExceptionGUITest" name="gUITestDropDownRepairException" time="4.420"/>
  <system-out/>
  <testcase classname="fieldServiceFormsTest.PositiveRepairExceptionGUITest" name="gUITestDropDownRepairException" time="4.901"/>
  <system-out/>
  <testcase classname="fieldServiceFormsTest.PositiveRepairExceptionGUITest" name="gUITestDropDownRepairException" time="4.352"/>
  <system-out/>
  <testcase classname="fieldServiceFormsTest.PositiveRepairExceptionGUITest" name="gUITestDropDownRepairException" time="4.363"/>
  <system-out/>
  <testcase classname="fieldServiceFormsTest.PositiveRepairExceptionGUITest" name="gUITestDropDownRepairException" time="4.893"/>
  <system-out/>
  <testcase classname="fieldServiceFormsTest.PositiveRepairExceptionGUITest" name="gUITestDropDownRepairException" time="4.303"/>
  <system-out/>
  <testcase classname="fieldServiceFormsTest.PositiveRepairExceptionGUITest" name="gUITestDropDownRepairException" time="5.307"/>
  <system-out/>
  <testcase classname="fieldServiceFormsTest.PositiveRepairExceptionGUITest" name="gUITestDropDownRepairException" time="4.437"/>
  <system-out/>
  <testcase classname="fieldServiceFormsTest.PositiveRepairExceptionGUITest" name="gUITestDropDownRepairException" time="4.449"/>
  <system-out/>
  <testcase classname="fieldServiceFormsTest.PositiveRepairExceptionGUITest" name="gUITestDropDownRepairException" time="6.360"/>
  <system-out/>
  <testcase classname="fieldServiceFormsTest.PositiveRepairExceptionGUITest" name="gUITestDropDownRepairException" time="4.337"/>
  <system-out/>
  <testcase classname="fieldServiceFormsTest.PositiveRepairExceptionGUITest" name="gUITestDropDownRepairException" time="4.251"/>
  <system-out/>
  <testcase classname="fieldServiceFormsTest.PositiveRepairExceptionGUITest" name="gUITestDropDownRepairException" time="4.444"/>
  <system-out/>
  <testcase classname="fieldServiceFormsTest.PositiveRepairExceptionGUITest" name="gUITestDropDownRepairException" time="4.823"/>
  <system-out/>
  <testcase classname="fieldServiceFormsTest.PositiveRepairExceptionGUITest" name="gUITestDropDownRepairException" time="4.980"/>
  <system-out/>
  <testcase classname="fieldServiceFormsTest.PositiveRepairExceptionGUITest" name="gUITestDropDownRepairException" time="4.223"/>
  <system-out/>
  <testcase classname="fieldServiceFormsTest.PositiveRepairExceptionGUITest" name="gUITestDropDownRepairException" time="4.903"/>
  <system-out/>
  <testcase classname="fieldServiceFormsTest.PositiveRepairExceptionGUITest" name="gUITestDropDownRepairException" time="5.577"/>
  <system-out/>
  <testcase classname="fieldServiceFormsTest.PositiveRepairExceptionGUITest" name="gUITestDropDownRepairException" time="4.471"/>
  <system-out/>
  <testcase classname="fieldServiceFormsTest.PositiveRepairExceptionGUITest" name="gUITestDropDownRepairException" time="4.451"/>
  <system-out/>
  <testcase classname="fieldServiceFormsTest.PositiveRepairExceptionGUITest" name="gUITestDropDownRepairException" time="4.449"/>
  <system-out/>
  <testcase classname="fieldServiceFormsTest.PositiveRepairExceptionGUITest" name="gUITestDropDownRepairException" time="5.011"/>
  <system-out/>
  <testcase classname="fieldServiceFormsTest.PositiveRepairExceptionGUITest" name="gUITestDropDownRepairException" time="4.528"/>
  <system-out/>
  <testcase classname="fieldServiceFormsTest.PositiveRepairExceptionGUITest" name="gUITestDropDownRepairException" time="5.336"/>
  <system-out/>
  <testcase classname="fieldServiceFormsTest.PositiveRepairExceptionGUITest" name="gUITestDropDownRepairException" time="4.325"/>
  <system-out/>
  <testcase classname="fieldServiceFormsTest.PositiveRepairExceptionGUITest" name="gUITestDropDownRepairException" time="5.344"/>
  <system-out/>
  <testcase classname="fieldServiceFormsTest.PositiveRepairExceptionGUITest" name="gUITestDropDownRepairException" time="4.856"/>
  <system-out/>
  <testcase classname="fieldServiceFormsTest.PositiveRepairExceptionGUITest" name="gUITestDropDownRepairException" time="4.796"/>
  <system-out/>
  <testcase classname="fieldServiceFormsTest.PositiveRepairExceptionGUITest" name="gUITestDropDownRepairException" time="4.274"/>
  <system-out/>
  <testcase classname="fieldServiceFormsTest.PositiveRepairExceptionGUITest" name="gUITestDropDownRepairException" time="4.448"/>
  <system-out/>
  <testcase classname="fieldServiceFormsTest.PositiveRepairExceptionGUITest" name="gUITestDropDownRepairException" time="4.884"/>
  <system-out/>
  <testcase classname="fieldServiceFormsTest.PositiveRepairExceptionGUITest" name="gUITestDropDownRepairException" time="4.578"/>
  <system-out/>
  <testcase classname="fieldServiceFormsTest.PositiveRepairExceptionGUITest" name="gUITestDropDownRepairException" time="4.870"/>
  <system-out/>
  <testcase classname="fieldServiceFormsTest.PositiveRepairExceptionGUITest" name="gUITestDropDownRepairException" time="4.303"/>
  <system-out/>
  <testcase classname="fieldServiceFormsTest.PositiveRepairExceptionGUITest" name="gUITestDropDownRepairException" time="4.487"/>
  <system-out/>
  <testcase classname="fieldServiceFormsTest.PositiveRepairExceptionGUITest" name="gUITestDropDownRepairException" time="4.215"/>
  <system-out/>
  <testcase classname="fieldServiceFormsTest.PositiveRepairExceptionGUITest" name="gUITestDropDownRepairException" time="4.579"/>
  <system-out/>
  <testcase classname="fieldServiceFormsTest.PositiveRepairExceptionGUITest" name="gUITestDropDownRepairException" time="4.692"/>
  <system-out/>
  <testcase classname="fieldServiceFormsTest.PositiveRepairExceptionGUITest" name="gUITestDropDownRepairException" time="4.458"/>
  <system-out/>
  <testcase classname="fieldServiceFormsTest.PositiveRepairExceptionGUITest" name="gUITestDropDownRepairException" time="4.258"/>
  <system-out/>
  <testcase classname="fieldServiceFormsTest.PositiveRepairExceptionGUITest" name="gUITestDropDownRepairException" time="4.262"/>
  <system-out/>
  <testcase classname="fieldServiceFormsTest.PositiveRepairExceptionGUITest" name="gUITestDropDownRepairException" time="4.212"/>
  <system-out/>
  <testcase classname="fieldServiceFormsTest.PositiveRepairExceptionGUITest" name="gUITestDropDownRepairException" time="4.401"/>
  <system-out/>
  <testcase classname="fieldServiceFormsTest.PositiveRepairExceptionGUITest" name="gUITestDropDownRepairException" time="4.224"/>
  <system-out/>
  <testcase classname="fieldServiceFormsTest.PositiveRepairExceptionGUITest" name="gUITestDropDownRepairException" time="4.614"/>
  <system-out/>
  <testcase classname="fieldServiceFormsTest.PositiveRepairExceptionGUITest" name="gUITestDropDownRepairException" time="5.195"/>
  <system-out/>
  <testcase classname="fieldServiceFormsTest.PositiveRepairExceptionGUITest" name="gUITestDropDownRepairException" time="4.475"/>
  <system-out/>
  <testcase classname="fieldServiceFormsTest.PositiveRepairExceptionGUITest" name="gUITestDropDownRepairException" time="4.459"/>
  <system-out/>
  <testcase classname="fieldServiceFormsTest.PositiveRepairExceptionGUITest" name="gUITestDropDownRepairException" time="4.533"/>
  <system-out/>
  <testcase classname="fieldServiceFormsTest.PositiveRepairExceptionGUITest" name="gUITestDropDownRepairException" time="4.267"/>
  <system-out/>
  <testcase classname="fieldServiceFormsTest.PositiveRepairExceptionGUITest" name="gUITestDropDownRepairException" time="5.625"/>
  <system-out/>
  <testcase classname="fieldServiceFormsTest.PositiveRepairExceptionGUITest" name="gUITestDropDownRepairException" time="5.117"/>
  <system-out/>
  <testcase classname="fieldServiceFormsTest.PositiveRepairExceptionGUITest" name="gUITestDropDownRepairException" time="5.413"/>
  <system-out/>
  <testcase classname="fieldServiceFormsTest.PositiveRepairExceptionGUITest" name="gUITestDropDownRepairException" time="4.883"/>
  <system-out/>
  <testcase classname="fieldServiceFormsTest.PositiveRepairExceptionGUITest" name="gUITestDropDownRepairException" time="5.271"/>
  <system-out/>
  <testcase classname="fieldServiceFormsTest.PositiveRepairExceptionGUITest" name="gUITestDropDownRepairException" time="4.875"/>
  <system-out/>
  <testcase classname="fieldServiceFormsTest.PositiveRepairExceptionGUITest" name="gUITestDropDownRepairException" time="4.461"/>
  <system-out/>
  <testcase classname="fieldServiceFormsTest.PositiveRepairExceptionGUITest" name="gUITestDropDownRepairException" time="4.857"/>
  <system-out/>
  <testcase classname="fieldServiceFormsTest.PositiveRepairExceptionGUITest" name="gUITestDropDownRepairException" time="4.370"/>
  <system-out/>
  <testcase classname="fieldServiceFormsTest.PositiveRepairExceptionGUITest" name="gUITestDropDownRepairException" time="4.396"/>
  <system-out/>
  <testcase classname="fieldServiceFormsTest.PositiveRepairExceptionGUITest" name="gUITestDropDownRepairException" time="4.242"/>
  <system-out/>
  <testcase classname="fieldServiceFormsTest.PositiveRepairExceptionGUITest" name="gUITestDropDownRepairException" time="4.476"/>
  <system-out/>
  <testcase classname="fieldServiceFormsTest.PositiveRepairExceptionGUITest" name="gUITestDropDownRepairException" time="5.686"/>
  <system-out/>
  <testcase classname="fieldServiceFormsTest.PositiveRepairExceptionGUITest" name="gUITestDropDownRepairException" time="5.063"/>
  <system-out/>
  <testcase classname="fieldServiceFormsTest.PositiveRepairExceptionGUITest" name="gUITestDropDownRepairException" time="4.493"/>
  <system-out/>
  <testcase classname="fieldServiceFormsTest.PositiveRepairExceptionGUITest" name="gUITestDropDownRepairException" time="5.654"/>
  <system-out/>
  <testcase classname="fieldServiceFormsTest.PositiveRepairExceptionGUITest" name="gUITestDropDownRepairException" time="6.423"/>
  <system-out/>
  <testcase classname="fieldServiceFormsTest.PositiveRepairExceptionGUITest" name="gUITestDropDownRepairException" time="4.253"/>
  <system-out/>
  <testcase classname="fieldServiceFormsTest.PositiveRepairExceptionGUITest" name="gUITestDropDownRepairException" time="4.407"/>
  <system-out/>
  <testcase classname="fieldServiceFormsTest.PositiveRepairExceptionGUITest" name="gUITestDropDownRepairException" time="4.526"/>
  <system-out/>
  <testcase classname="fieldServiceFormsTest.PositiveRepairExceptionGUITest" name="gUITestDropDownRepairException" time="5.053"/>
  <system-out/>
  <testcase classname="fieldServiceFormsTest.PositiveRepairExceptionGUITest" name="gUITestDropDownRepairException" time="4.613"/>
  <system-out/>
  <testcase classname="fieldServiceFormsTest.PositiveRepairExceptionGUITest" name="gUITestDropDownRepairException" time="4.185"/>
  <system-out/>
  <testcase classname="fieldServiceFormsTest.PositiveRepairExceptionGUITest" name="gUITestDropDownRepairException" time="4.740"/>
  <system-out/>
  <testcase classname="fieldServiceFormsTest.PositiveRepairExceptionGUITest" name="gUITestDropDownRepairException" time="4.945"/>
  <system-out/>
  <testcase classname="fieldServiceFormsTest.PositiveRepairExceptionGUITest" name="gUITestDropDownRepairException" time="5.388"/>
  <system-out/>
  <testcase classname="fieldServiceFormsTest.PositiveRepairExceptionGUITest" name="gUITestDropDownRepairException" time="5.040"/>
  <system-out/>
  <testcase classname="fieldServiceFormsTest.PositiveRepairExceptionGUITest" name="gUITestDropDownRepairException" time="4.172"/>
  <system-out/>
  <testcase classname="fieldServiceFormsTest.PositiveRepairExceptionGUITest" name="gUITestDropDownRepairException" time="5.374"/>
  <system-out/>
  <testcase classname="fieldServiceFormsTest.PositiveRepairExceptionGUITest" name="gUITestDropDownRepairException" time="4.216"/>
  <system-out/>
  <testcase classname="fieldServiceFormsTest.PositiveRepairExceptionGUITest" name="gUITestDropDownRepairException" time="4.914"/>
  <system-out/>
  <testcase classname="fieldServiceFormsTest.PositiveRepairExceptionGUITest" name="gUITestDropDownRepairException" time="4.210"/>
  <system-out/>
  <testcase classname="fieldServiceFormsTest.PositiveRepairExceptionGUITest" name="gUITestDropDownRepairException" time="4.245"/>
  <system-out/>
  <testcase classname="fieldServiceFormsTest.PositiveRepairExceptionGUITest" name="gUITestDropDownRepairException" time="4.335"/>
  <system-out/>
  <testcase classname="fieldServiceFormsTest.PositiveRepairExceptionGUITest" name="gUITestDropDownRepairException" time="4.403"/>
  <system-out/>
  <testcase classname="fieldServiceFormsTest.PositiveRepairExceptionGUITest" name="gUITestDropDownRepairException" time="4.918"/>
  <system-out/>
  <testcase classname="fieldServiceFormsTest.PositiveRepairExceptionGUITest" name="gUITestDropDownRepairException" time="5.060"/>
  <system-out/>
  <testcase classname="fieldServiceFormsTest.PositiveRepairExceptionGUITest" name="gUITestDropDownRepairException" time="4.897"/>
  <system-out/>
  <testcase classname="fieldServiceFormsTest.PositiveRepairExceptionGUITest" name="gUITestDropDownRepairException" time="4.485"/>
  <system-out/>
  <testcase classname="fieldServiceFormsTest.PositiveRepairExceptionGUITest" name="gUITestDropDownRepairException" time="4.406"/>
  <system-out/>
  <testcase classname="fieldServiceFormsTest.PositiveRepairExceptionGUITest" name="gUITestDropDownRepairException" time="4.688"/>
  <system-out/>
  <testcase classname="fieldServiceFormsTest.PositiveRepairExceptionGUITest" name="gUITestDropDownRepairException" time="4.654"/>
  <system-out/>
  <testcase classname="fieldServiceFormsTest.PositiveRepairExceptionGUITest" name="gUITestDropDownRepairException" time="4.618"/>
  <system-out/>
  <testcase classname="fieldServiceFormsTest.PositiveRepairExceptionGUITest" name="gUITestDropDownRepairException" time="4.554"/>
  <system-out/>
  <testcase classname="fieldServiceFormsTest.PositiveRepairExceptionGUITest" name="gUITestDropDownRepairException" time="4.442"/>
  <system-out/>
  <testcase classname="fieldServiceFormsTest.PositiveRepairExceptionGUITest" name="gUITestDropDownRepairException" time="5.372"/>
  <system-out/>
  <testcase classname="fieldServiceFormsTest.PositiveRepairExceptionGUITest" name="gUITestDropDownRepairException" time="4.363"/>
  <system-out/>
  <testcase classname="fieldServiceFormsTest.PositiveRepairExceptionGUITest" name="gUITestDropDownRepairException" time="4.270"/>
  <system-out/>
  <testcase classname="fieldServiceFormsTest.PositiveRepairExceptionGUITest" name="gUITestDropDownRepairException" time="4.273"/>
  <system-out/>
  <testcase classname="fieldServiceFormsTest.PositiveRepairExceptionGUITest" name="gUITestDropDownRepairException" time="4.562"/>
  <system-out/>
  <testcase classname="fieldServiceFormsTest.PositiveRepairExceptionGUITest" name="gUITestDropDownRepairException" time="5.561"/>
  <system-out/>
  <testcase classname="fieldServiceFormsTest.PositiveRepairExceptionGUITest" name="gUITestDropDownRepairException" time="6.713"/>
  <system-out/>
  <testcase classname="fieldServiceFormsTest.PositiveRepairExceptionGUITest" name="gUITestDropDownRepairException" time="6.118"/>
  <system-out/>
  <testcase classname="fieldServiceFormsTest.PositiveRepairExceptionGUITest" name="gUITestDropDownRepairException" time="4.725"/>
  <system-out/>
  <testcase classname="fieldServiceFormsTest.PositiveRepairExceptionGUITest" name="gUITestDropDownRepairException" time="4.279"/>
  <system-out/>
  <testcase classname="fieldServiceFormsTest.PositiveRepairExceptionGUITest" name="gUITestDropDownRepairException" time="4.871"/>
  <system-out/>
  <testcase classname="fieldServiceFormsTest.PositiveRepairExceptionGUITest" name="gUITestDropDownRepairException" time="4.323"/>
  <system-out/>
  <testcase classname="fieldServiceFormsTest.PositiveRepairExceptionGUITest" name="gUITestDropDownRepairException" time="4.425"/>
  <system-out/>
  <testcase classname="fieldServiceFormsTest.PositiveRepairExceptionGUITest" name="gUITestDropDownRepairException" time="5.032"/>
  <system-out/>
  <testcase classname="fieldServiceFormsTest.PositiveRepairExceptionGUITest" name="gUITestDropDownRepairException" time="4.578"/>
  <system-out/>
  <testcase classname="fieldServiceFormsTest.PositiveRepairExceptionGUITest" name="gUITestDropDownRepairException" time="4.556"/>
  <system-out/>
  <testcase classname="fieldServiceFormsTest.PositiveRepairExceptionGUITest" name="gUITestDropDownRepairException" time="4.963"/>
  <system-out/>
  <testcase classname="fieldServiceFormsTest.PositiveRepairExceptionGUITest" name="gUITestDropDownRepairException" time="4.246"/>
  <system-out/>
  <testcase classname="fieldServiceFormsTest.PositiveRepairExceptionGUITest" name="gUITestDropDownRepairException" time="4.374"/>
  <system-out/>
  <testcase classname="fieldServiceFormsTest.PositiveRepairExceptionGUITest" name="gUITestDropDownRepairException" time="4.245"/>
  <system-out/>
  <testcase classname="fieldServiceFormsTest.PositiveRepairExceptionGUITest" name="gUITestDropDownRepairException" time="5.083"/>
  <system-out/>
  <testcase classname="fieldServiceFormsTest.PositiveRepairExceptionGUITest" name="gUITestDropDownRepairException" time="4.315"/>
  <system-out/>
  <testcase classname="fieldServiceFormsTest.PositiveRepairExceptionGUITest" name="gUITestDropDownRepairException" time="5.080"/>
  <system-out/>
  <testcase classname="fieldServiceFormsTest.PositiveRepairExceptionGUITest" name="gUITestDropDownRepairException" time="4.364"/>
  <system-out/>
  <testcase classname="fieldServiceFormsTest.PositiveRepairExceptionGUITest" name="gUITestDropDownRepairException" time="4.365"/>
  <system-out/>
  <testcase classname="fieldServiceFormsTest.PositiveRepairExceptionGUITest" name="gUITestDropDownRepairException" time="5.369"/>
  <system-out/>
  <testcase classname="fieldServiceFormsTest.PositiveRepairExceptionGUITest" name="gUITestDropDownRepairException" time="5.654"/>
  <system-out/>
  <testcase classname="fieldServiceFormsTest.PositiveRepairExceptionGUITest" name="gUITestDropDownRepairException" time="4.917"/>
  <system-out/>
  <testcase classname="fieldServiceFormsTest.PositiveRepairExceptionGUITest" name="gUITestDropDownRepairException" time="4.377"/>
  <system-out/>
  <testcase classname="fieldServiceFormsTest.PositiveRepairExceptionGUITest" name="gUITestDropDownRepairException" time="4.646"/>
  <system-out/>
  <testcase classname="fieldServiceFormsTest.PositiveRepairExceptionGUITest" name="gUITestDropDownRepairException" time="4.486"/>
  <system-out/>
  <testcase classname="fieldServiceFormsTest.PositiveRepairExceptionGUITest" name="gUITestDropDownRepairException" time="5.909"/>
  <system-out/>
  <testcase classname="fieldServiceFormsTest.PositiveRepairExceptionGUITest" name="gUITestDropDownRepairException" time="4.836"/>
  <system-out/>
  <testcase classname="fieldServiceFormsTest.PositiveRepairExceptionGUITest" name="gUITestDropDownRepairException" time="5.684"/>
  <system-out/>
  <testcase classname="fieldServiceFormsTest.PositiveRepairExceptionGUITest" name="gUITestDropDownRepairException" time="4.294"/>
  <system-out/>
  <testcase classname="fieldServiceFormsTest.PositiveRepairExceptionGUITest" name="gUITestDropDownRepairException" time="4.402"/>
  <system-out/>
  <testcase classname="fieldServiceFormsTest.PositiveRepairExceptionGUITest" name="gUITestDropDownRepairException" time="4.333"/>
  <system-out/>
  <testcase classname="fieldServiceFormsTest.PositiveRepairExceptionGUITest" name="gUITestDropDownRepairException" time="4.217"/>
  <system-out/>
  <testcase classname="fieldServiceFormsTest.PositiveRepairExceptionGUITest" name="gUITestDropDownRepairException" time="5.215"/>
  <system-out/>
  <testcase classname="fieldServiceFormsTest.PositiveRepairExceptionGUITest" name="gUITestDropDownRepairException" time="4.182"/>
  <system-out/>
  <testcase classname="fieldServiceFormsTest.PositiveRepairExceptionGUITest" name="gUITestDropDownRepairException" time="4.802"/>
  <system-out/>
  <testcase classname="fieldServiceFormsTest.PositiveRepairExceptionGUITest" name="gUITestDropDownRepairException" time="5.079"/>
  <system-out/>
  <testcase classname="fieldServiceFormsTest.PositiveRepairExceptionGUITest" name="gUITestDropDownRepairException" time="5.044"/>
  <system-out/>
  <testcase classname="fieldServiceFormsTest.PositiveRepairExceptionGUITest" name="gUITestDropDownRepairException" time="4.342"/>
  <system-out/>
  <testcase classname="fieldServiceFormsTest.PositiveRepairExceptionGUITest" name="gUITestDropDownRepairException" time="4.411"/>
  <system-out/>
  <testcase classname="fieldServiceFormsTest.PositiveRepairExceptionGUITest" name="gUITestDropDownRepairException" time="4.905"/>
  <system-out/>
  <testcase classname="fieldServiceFormsTest.PositiveRepairExceptionGUITest" name="gUITestDropDownRepairException" time="4.269"/>
  <system-out/>
  <testcase classname="fieldServiceFormsTest.PositiveRepairExceptionGUITest" name="gUITestDropDownRepairException" time="4.879"/>
  <system-out/>
  <testcase classname="fieldServiceFormsTest.PositiveRepairExceptionGUITest" name="gUITestDropDownRepairException" time="4.508"/>
  <system-out/>
  <testcase classname="fieldServiceFormsTest.PositiveRepairExceptionGUITest" name="gUITestDropDownRepairException" time="4.462"/>
  <system-out/>
  <testcase classname="fieldServiceFormsTest.PositiveRepairExceptionGUITest" name="gUITestDropDownRepairException" time="5.375"/>
  <system-out/>
  <testcase classname="fieldServiceFormsTest.PositiveRepairExceptionGUITest" name="gUITestDropDownRepairException" time="4.954"/>
  <system-out/>
  <testcase classname="fieldServiceFormsTest.PositiveRepairExceptionGUITest" name="gUITestDropDownRepairException" time="4.293"/>
  <system-out/>
  <testcase classname="fieldServiceFormsTest.PositiveRepairExceptionGUITest" name="gUITestDropDownRepairException" time="5.233"/>
  <system-out/>
  <testcase classname="fieldServiceFormsTest.PositiveRepairExceptionGUITest" name="gUITestDropDownRepairException" time="5.014"/>
  <system-out/>
  <testcase classname="fieldServiceFormsTest.PositiveRepairExceptionGUITest" name="gUITestDropDownRepairException" time="4.393"/>
  <system-out/>
  <testcase classname="fieldServiceFormsTest.PositiveRepairExceptionGUITest" name="gUITestDropDownRepairException" time="4.808"/>
  <system-out/>
  <testcase classname="fieldServiceFormsTest.PositiveRepairExceptionGUITest" name="gUITestDropDownRepairException" time="4.962"/>
  <system-out/>
  <testcase classname="fieldServiceFormsTest.PositiveRepairExceptionGUITest" name="gUITestDropDownRepairException" time="5.247"/>
  <system-out/>
  <testcase classname="fieldServiceFormsTest.PositiveRepairExceptionGUITest" name="gUITestDropDownRepairException" time="4.675"/>
  <system-out/>
  <testcase classname="fieldServiceFormsTest.PositiveRepairExceptionGUITest" name="gUITestDropDownRepairException" time="5.228"/>
  <system-out/>
  <testcase classname="fieldServiceFormsTest.PositiveRepairExceptionGUITest" name="gUITestDropDownRepairException" time="4.224"/>
  <system-out/>
  <testcase classname="fieldServiceFormsTest.PositiveRepairExceptionGUITest" name="gUITestDropDownRepairException" time="4.388"/>
  <system-out/>
  <testcase classname="fieldServiceFormsTest.PositiveRepairExceptionGUITest" name="gUITestDropDownRepairException" time="4.430"/>
  <system-out/>
  <testcase classname="fieldServiceFormsTest.PositiveRepairExceptionGUITest" name="gUITestDropDownRepairException" time="5.540"/>
  <system-out/>
  <testcase classname="fieldServiceFormsTest.PositiveRepairExceptionGUITest" name="gUITestDropDownRepairException" time="4.776"/>
  <system-out/>
  <testcase classname="fieldServiceFormsTest.PositiveRepairExceptionGUITest" name="gUITestDropDownRepairException" time="4.489"/>
  <system-out/>
  <testcase classname="fieldServiceFormsTest.PositiveRepairExceptionGUITest" name="gUITestDropDownRepairException" time="4.280"/>
  <system-out/>
  <testcase classname="fieldServiceFormsTest.PositiveRepairExceptionGUITest" name="gUITestDropDownRepairException" time="4.516"/>
  <system-out/>
  <testcase classname="fieldServiceFormsTest.PositiveRepairExceptionGUITest" name="gUITestDropDownRepairException" time="4.279"/>
  <system-out/>
  <testcase classname="fieldServiceFormsTest.PositiveRepairExceptionGUITest" name="gUITestDropDownRepairException" time="4.513"/>
  <system-out/>
  <testcase classname="fieldServiceFormsTest.PositiveRepairExceptionGUITest" name="gUITestDropDownRepairException" time="4.747"/>
  <system-out/>
  <testcase classname="fieldServiceFormsTest.PositiveRepairExceptionGUITest" name="gUITestDropDownRepairException" time="5.049"/>
  <system-out/>
  <testcase classname="fieldServiceFormsTest.PositiveRepairExceptionGUITest" name="gUITestDropDownRepairException" time="4.884"/>
  <system-out/>
  <testcase classname="fieldServiceFormsTest.PositiveRepairExceptionGUITest" name="gUITestDropDownRepairException" time="4.210"/>
  <system-out/>
  <testcase classname="fieldServiceFormsTest.PositiveRepairExceptionGUITest" name="gUITestDropDownRepairException" time="4.269"/>
  <system-out/>
  <testcase classname="fieldServiceFormsTest.PositiveRepairExceptionGUITest" name="gUITestDropDownRepairException" time="4.220"/>
  <system-out/>
  <testcase classname="fieldServiceFormsTest.PositiveRepairExceptionGUITest" name="gUITestDropDownRepairException" time="4.129"/>
  <system-out/>
  <testcase classname="fieldServiceFormsTest.PositiveRepairExceptionGUITest" name="gUITestDropDownRepairException" time="4.349"/>
  <system-out/>
  <testcase classname="fieldServiceFormsTest.PositiveRepairExceptionGUITest" name="gUITestDropDownRepairException" time="4.673"/>
  <system-out/>
  <testcase classname="fieldServiceFormsTest.PositiveRepairExceptionGUITest" name="gUITestDropDownRepairException" time="4.411"/>
  <system-out/>
  <testcase classname="fieldServiceFormsTest.PositiveRepairExceptionGUITest" name="gUITestDropDownRepairException" time="4.378"/>
  <system-out/>
  <testcase classname="fieldServiceFormsTest.PositiveRepairExceptionGUITest" name="gUITestDropDownRepairException" time="4.297"/>
  <system-out/>
  <testcase classname="fieldServiceFormsTest.PositiveRepairExceptionGUITest" name="gUITestDropDownRepairException" time="4.989"/>
  <system-out/>
  <testcase classname="fieldServiceFormsTest.PositiveRepairExceptionGUITest" name="gUITestDropDownRepairException" time="4.445"/>
  <system-out/>
  <testcase classname="fieldServiceFormsTest.PositiveRepairExceptionGUITest" name="gUITestDropDownRepairException" time="5.284"/>
  <system-out/>
  <testcase classname="fieldServiceFormsTest.PositiveRepairExceptionGUITest" name="gUITestDropDownRepairException" time="4.486"/>
  <system-out/>
  <testcase classname="fieldServiceFormsTest.PositiveRepairExceptionGUITest" name="gUITestDropDownRepairException" time="4.429"/>
  <system-out/>
  <testcase classname="fieldServiceFormsTest.PositiveRepairExceptionGUITest" name="gUITestDropDownRepairException" time="5.128"/>
  <system-out/>
  <testcase classname="fieldServiceFormsTest.PositiveRepairExceptionGUITest" name="gUITestDropDownRepairException" time="5.038"/>
  <system-out/>
  <testcase classname="fieldServiceFormsTest.PositiveRepairExceptionGUITest" name="gUITestDropDownRepairException" time="6.104"/>
  <system-out/>
  <testcase classname="fieldServiceFormsTest.PositiveRepairExceptionGUITest" name="gUITestDropDownRepairException" time="4.165"/>
  <system-out/>
  <testcase classname="fieldServiceFormsTest.PositiveRepairExceptionGUITest" name="gUITestDropDownRepairException" time="4.265"/>
  <system-out/>
  <testcase classname="fieldServiceFormsTest.PositiveRepairExceptionGUITest" name="gUITestDropDownRepairException" time="4.176"/>
  <system-out/>
  <testcase classname="fieldServiceFormsTest.PositiveRepairExceptionGUITest" name="gUITestDropDownRepairException" time="4.847"/>
  <system-out/>
  <testcase classname="fieldServiceFormsTest.PositiveRepairExceptionGUITest" name="gUITestDropDownRepairException" time="4.397"/>
  <system-out/>
  <testcase classname="fieldServiceFormsTest.PositiveRepairExceptionGUITest" name="gUITestDropDownRepairException" time="4.363"/>
  <system-out/>
  <testcase classname="fieldServiceFormsTest.PositiveRepairExceptionGUITest" name="gUITestDropDownRepairException" time="5.657"/>
  <system-out/>
  <testcase classname="fieldServiceFormsTest.PositiveRepairExceptionGUITest" name="gUITestDropDownRepairException" time="4.506"/>
  <system-out/>
  <testcase classname="fieldServiceFormsTest.PositiveRepairExceptionGUITest" name="gUITestDropDownRepairException" time="4.996"/>
  <system-out/>
  <testcase classname="fieldServiceFormsTest.PositiveRepairExceptionGUITest" name="gUITestDropDownRepairException" time="4.234"/>
  <system-out/>
  <testcase classname="fieldServiceFormsTest.PositiveRepairExceptionGUITest" name="gUITestDropDownRepairException" time="4.298"/>
  <system-out/>
  <testcase classname="fieldServiceFormsTest.PositiveRepairExceptionGUITest" name="gUITestDropDownRepairException" time="4.784"/>
  <system-out/>
  <testcase classname="fieldServiceFormsTest.PositiveRepairExceptionGUITest" name="gUITestDropDownRepairException" time="4.566"/>
  <system-out/>
  <testcase classname="fieldServiceFormsTest.PositiveRepairExceptionGUITest" name="gUITestDropDownRepairException" time="5.425"/>
  <system-out/>
  <testcase classname="fieldServiceFormsTest.PositiveRepairExceptionGUITest" name="gUITestDropDownRepairException" time="4.656"/>
  <system-out/>
  <testcase classname="fieldServiceFormsTest.PositiveRepairExceptionGUITest" name="gUITestDropDownRepairException" time="4.975"/>
  <system-out/>
  <testcase classname="fieldServiceFormsTest.PositiveRepairExceptionGUITest" name="gUITestDropDownRepairException" time="4.689"/>
  <system-out/>
  <testcase classname="fieldServiceFormsTest.PositiveRepairExceptionGUITest" name="gUITestDropDownRepairException" time="4.830"/>
  <system-out/>
  <testcase classname="fieldServiceFormsTest.PositiveRepairExceptionGUITest" name="gUITestDropDownRepairException" time="4.910"/>
  <system-out/>
  <testcase classname="fieldServiceFormsTest.PositiveRepairExceptionGUITest" name="gUITestDropDownRepairException" time="4.844"/>
  <system-out/>
  <testcase classname="fieldServiceFormsTest.PositiveRepairExceptionGUITest" name="gUITestDropDownRepairException" time="4.691"/>
  <system-out/>
  <testcase classname="fieldServiceFormsTest.PositiveRepairExceptionGUITest" name="gUITestDropDownRepairException" time="5.501"/>
  <system-out/>
  <testcase classname="fieldServiceFormsTest.PositiveRepairExceptionGUITest" name="gUITestDropDownRepairException" time="4.399"/>
  <system-out/>
  <testcase classname="fieldServiceFormsTest.PositiveRepairExceptionGUITest" name="gUITestDropDownRepairException" time="4.984"/>
  <system-out/>
  <testcase classname="fieldServiceFormsTest.PositiveRepairExceptionGUITest" name="gUITestDropDownRepairException" time="4.763"/>
  <system-out/>
  <testcase classname="fieldServiceFormsTest.PositiveRepairExceptionGUITest" name="gUITestDropDownRepairException" time="4.893"/>
  <system-out/>
  <testcase classname="fieldServiceFormsTest.PositiveRepairExceptionGUITest" name="gUITestDropDownRepairException" time="4.308"/>
  <system-out/>
  <testcase classname="fieldServiceFormsTest.PositiveRepairExceptionGUITest" name="gUITestDropDownRepairException" time="4.405"/>
  <system-out/>
  <testcase classname="fieldServiceFormsTest.PositiveRepairExceptionGUITest" name="gUITestDropDownRepairException" time="4.339"/>
  <system-out/>
  <testcase classname="fieldServiceFormsTest.PositiveRepairExceptionGUITest" name="gUITestDropDownRepairException" time="5.049"/>
  <system-out/>
  <testcase classname="fieldServiceFormsTest.PositiveRepairExceptionGUITest" name="gUITestDropDownRepairException" time="4.531"/>
  <system-out/>
  <testcase classname="fieldServiceFormsTest.PositiveRepairExceptionGUITest" name="gUITestDropDownRepairException" time="4.912"/>
  <system-out/>
  <testcase classname="fieldServiceFormsTest.PositiveRepairExceptionGUITest" name="gUITestDropDownRepairException" time="4.481"/>
  <system-out/>
  <testcase classname="fieldServiceFormsTest.PositiveRepairExceptionGUITest" name="gUITestDropDownRepairException" time="5.367"/>
  <system-out/>
  <testcase classname="fieldServiceFormsTest.PositiveRepairExceptionGUITest" name="gUITestDropDownRepairException" time="4.375"/>
  <system-out/>
  <testcase classname="fieldServiceFormsTest.PositiveRepairExceptionGUITest" name="gUITestDropDownRepairException" time="4.222"/>
  <system-out/>
  <testcase classname="fieldServiceFormsTest.PositiveRepairExceptionGUITest" name="gUITestDropDownRepairException" time="5.073"/>
  <system-out/>
  <testcase classname="fieldServiceFormsTest.PositiveRepairExceptionGUITest" name="gUITestDropDownRepairException" time="4.883"/>
  <system-out/>
  <testcase classname="fieldServiceFormsTest.PositiveRepairExceptionGUITest" name="gUITestDropDownRepairException" time="4.182"/>
  <system-out/>
  <testcase classname="fieldServiceFormsTest.PositiveRepairExceptionGUITest" name="gUITestDropDownRepairException" time="4.981"/>
  <system-out/>
  <testcase classname="fieldServiceFormsTest.PositiveRepairExceptionGUITest" name="gUITestDropDownRepairException" time="5.044"/>
  <system-out/>
  <testcase classname="fieldServiceFormsTest.PositiveRepairExceptionGUITest" name="gUITestDropDownRepairException" time="5.254"/>
  <system-out/>
  <testcase classname="fieldServiceFormsTest.PositiveRepairExceptionGUITest" name="gUITestDropDownRepairException" time="5.396"/>
  <system-out/>
  <testcase classname="fieldServiceFormsTest.PositiveRepairExceptionGUITest" name="gUITestDropDownRepairException" time="5.467"/>
  <system-out/>
  <testcase classname="fieldServiceFormsTest.PositiveRepairExceptionGUITest" name="gUITestDropDownRepairException" time="4.866"/>
  <system-out/>
  <testcase classname="fieldServiceFormsTest.PositiveRepairExceptionGUITest" name="gUITestDropDownRepairException" time="5.413"/>
  <system-out/>
  <testcase classname="fieldServiceFormsTest.PositiveRepairExceptionGUITest" name="gUITestDropDownRepairException" time="5.005"/>
  <system-out/>
  <testcase classname="fieldServiceFormsTest.PositiveRepairExceptionGUITest" name="gUITestDropDownRepairException" time="4.924"/>
  <system-out/>
  <testcase classname="fieldServiceFormsTest.PositiveRepairExceptionGUITest" name="gUITestDropDownRepairException" time="4.308"/>
  <system-out/>
  <testcase classname="fieldServiceFormsTest.PositiveRepairExceptionGUITest" name="gUITestDropDownRepairException" time="4.234"/>
  <system-out/>
  <testcase classname="fieldServiceFormsTest.PositiveRepairExceptionGUITest" name="gUITestDropDownRepairException" time="4.421"/>
  <system-out/>
  <testcase classname="fieldServiceFormsTest.PositiveRepairExceptionGUITest" name="gUITestDropDownRepairException" time="4.447"/>
  <system-out/>
  <testcase classname="fieldServiceFormsTest.PositiveRepairExceptionGUITest" name="gUITestDropDownRepairException" time="4.447"/>
  <system-out/>
  <testcase classname="fieldServiceFormsTest.PositiveRepairExceptionGUITest" name="gUITestDropDownRepairException" time="6.164"/>
  <system-out/>
  <testcase classname="fieldServiceFormsTest.PositiveRepairExceptionGUITest" name="gUITestDropDownRepairException" time="4.895"/>
  <system-out/>
  <testcase classname="fieldServiceFormsTest.PositiveRepairExceptionGUITest" name="gUITestDropDownRepairException" time="4.872"/>
  <system-out/>
  <testcase classname="fieldServiceFormsTest.PositiveRepairExceptionGUITest" name="gUITestDropDownRepairException" time="5.763"/>
  <system-out/>
  <testcase classname="fieldServiceFormsTest.PositiveRepairExceptionGUITest" name="gUITestDropDownRepairException" time="5.049"/>
  <system-out/>
  <testcase classname="fieldServiceFormsTest.PositiveRepairExceptionGUITest" name="gUITestDropDownRepairException" time="4.244"/>
  <system-out/>
  <testcase classname="fieldServiceFormsTest.PositiveRepairExceptionGUITest" name="gUITestDropDownRepairException" time="4.617"/>
  <system-out/>
  <testcase classname="fieldServiceFormsTest.PositiveRepairExceptionGUITest" name="gUITestDropDownRepairException" time="4.528"/>
  <system-out/>
  <testcase classname="fieldServiceFormsTest.PositiveRepairExceptionGUITest" name="gUITestDropDownRepairException" time="4.818"/>
  <system-out/>
  <testcase classname="fieldServiceFormsTest.PositiveRepairExceptionGUITest" name="gUITestDropDownRepairException" time="4.963"/>
  <system-out/>
  <testcase classname="fieldServiceFormsTest.PositiveRepairExceptionGUITest" name="gUITestDropDownRepairException" time="4.658"/>
  <system-out/>
  <testcase classname="fieldServiceFormsTest.PositiveRepairExceptionGUITest" name="gUITestDropDownRepairException" time="4.202"/>
  <system-out/>
  <testcase classname="fieldServiceFormsTest.PositiveRepairExceptionGUITest" name="gUITestDropDownRepairException" time="4.443"/>
  <system-out/>
  <testcase classname="fieldServiceFormsTest.PositiveRepairExceptionGUITest" name="gUITestDropDownRepairException" time="4.949"/>
  <system-out/>
  <testcase classname="fieldServiceFormsTest.PositiveRepairExceptionGUITest" name="gUITestDropDownRepairException" time="5.927"/>
  <system-out/>
  <testcase classname="fieldServiceFormsTest.PositiveRepairExceptionGUITest" name="gUITestDropDownRepairException" time="4.489"/>
  <system-out/>
  <testcase classname="fieldServiceFormsTest.PositiveRepairExceptionGUITest" name="gUITestDropDownRepairException" time="4.291"/>
  <system-out/>
  <testcase classname="fieldServiceFormsTest.PositiveRepairExceptionGUITest" name="gUITestDropDownRepairException" time="4.198"/>
  <system-out/>
  <testcase classname="fieldServiceFormsTest.PositiveRepairExceptionGUITest" name="gUITestDropDownRepairException" time="4.975"/>
  <system-out/>
  <testcase classname="fieldServiceFormsTest.PositiveRepairExceptionGUITest" name="gUITestDropDownRepairException" time="4.740"/>
  <system-out/>
  <testcase classname="fieldServiceFormsTest.PositiveRepairExceptionGUITest" name="gUITestDropDownRepairException" time="5.110"/>
  <system-out/>
  <testcase classname="fieldServiceFormsTest.PositiveRepairExceptionGUITest" name="gUITestDropDownRepairException" time="4.366"/>
  <system-out/>
  <testcase classname="fieldServiceFormsTest.PositiveRepairExceptionGUITest" name="gUITestDropDownRepairException" time="4.441"/>
  <system-out/>
  <testcase classname="fieldServiceFormsTest.PositiveRepairExceptionGUITest" name="gUITestDropDownRepairException" time="4.435"/>
  <system-out/>
  <testcase classname="fieldServiceFormsTest.PositiveRepairExceptionGUITest" name="gUITestDropDownRepairException" time="4.539"/>
  <system-out/>
  <testcase classname="fieldServiceFormsTest.PositiveRepairExceptionGUITest" name="gUITestDropDownRepairException" time="4.199"/>
  <system-out/>
  <testcase classname="fieldServiceFormsTest.PositiveRepairExceptionGUITest" name="gUITestDropDownRepairException" time="5.144"/>
  <system-out/>
  <testcase classname="fieldServiceFormsTest.PositiveRepairExceptionGUITest" name="gUITestDropDownRepairException" time="4.629"/>
  <system-out/>
  <testcase classname="fieldServiceFormsTest.PositiveRepairExceptionGUITest" name="gUITestDropDownRepairException" time="4.299"/>
  <system-out/>
  <testcase classname="fieldServiceFormsTest.PositiveRepairExceptionGUITest" name="gUITestDropDownRepairException" time="4.900"/>
  <system-out/>
  <testcase classname="fieldServiceFormsTest.PositiveRepairExceptionGUITest" name="gUITestDropDownRepairException" time="4.344"/>
  <system-out/>
  <testcase classname="fieldServiceFormsTest.PositiveRepairExceptionGUITest" name="gUITestDropDownRepairException" time="4.947"/>
  <system-out/>
  <testcase classname="fieldServiceFormsTest.PositiveRepairExceptionGUITest" name="gUITestDropDownRepairException" time="4.422"/>
  <system-out/>
  <testcase classname="fieldServiceFormsTest.PositiveRepairExceptionGUITest" name="gUITestDropDownRepairException" time="4.438"/>
  <system-out/>
  <testcase classname="fieldServiceFormsTest.PositiveRepairExceptionGUITest" name="gUITestDropDownRepairException" time="4.808"/>
  <system-out/>
  <testcase classname="fieldServiceFormsTest.PositiveRepairExceptionGUITest" name="gUITestDropDownRepairException" time="4.851"/>
  <system-out/>
  <testcase classname="fieldServiceFormsTest.PositiveRepairExceptionGUITest" name="gUITestDropDownRepairException" time="4.389"/>
  <system-out/>
  <testcase classname="fieldServiceFormsTest.PositiveRepairExceptionGUITest" name="gUITestDropDownRepairException" time="4.309"/>
  <system-out/>
  <testcase classname="fieldServiceFormsTest.PositiveRepairExceptionGUITest" name="gUITestDropDownRepairException" time="4.502"/>
  <system-out/>
  <testcase classname="fieldServiceFormsTest.PositiveRepairExceptionGUITest" name="gUITestDropDownRepairException" time="4.767"/>
  <system-out/>
  <testcase classname="fieldServiceFormsTest.PositiveRepairExceptionGUITest" name="gUITestDropDownRepairException" time="5.403"/>
  <system-out/>
  <testcase classname="fieldServiceFormsTest.PositiveRepairExceptionGUITest" name="gUITestDropDownRepairException" time="5.109"/>
  <system-out/>
  <testcase classname="fieldServiceFormsTest.PositiveRepairExceptionGUITest" name="gUITestDropDownRepairException" time="5.136"/>
  <system-out/>
  <testcase classname="fieldServiceFormsTest.PositiveRepairExceptionGUITest" name="gUITestDropDownRepairException" time="4.194"/>
  <system-out/>
  <testcase classname="fieldServiceFormsTest.PositiveRepairExceptionGUITest" name="gUITestDropDownRepairException" time="5.038"/>
  <system-out/>
  <testcase classname="fieldServiceFormsTest.PositiveRepairExceptionGUITest" name="gUITestDropDownRepairException" time="5.932"/>
  <system-out/>
  <testcase classname="fieldServiceFormsTest.PositiveRepairExceptionGUITest" name="gUITestDropDownRepairException" time="4.402"/>
  <system-out/>
  <testcase classname="fieldServiceFormsTest.PositiveRepairExceptionGUITest" name="gUITestDropDownRepairException" time="4.391"/>
  <system-out/>
  <testcase classname="fieldServiceFormsTest.PositiveRepairExceptionGUITest" name="gUITestDropDownRepairException" time="4.297"/>
  <system-out/>
  <testcase classname="fieldServiceFormsTest.PositiveRepairExceptionGUITest" name="gUITestDropDownRepairException" time="4.538"/>
  <system-out/>
  <testcase classname="fieldServiceFormsTest.PositiveRepairExceptionGUITest" name="gUITestDropDownRepairException" time="4.170"/>
  <system-out/>
  <testcase classname="fieldServiceFormsTest.PositiveRepairExceptionGUITest" name="gUITestDropDownRepairException" time="4.413"/>
  <system-out/>
  <testcase classname="fieldServiceFormsTest.PositiveRepairExceptionGUITest" name="gUITestDropDownRepairException" time="4.241"/>
  <system-out/>
  <testcase classname="fieldServiceFormsTest.PositiveRepairExceptionGUITest" name="gUITestDropDownRepairException" time="4.262"/>
  <system-out/>
  <testcase classname="fieldServiceFormsTest.PositiveRepairExceptionGUITest" name="gUITestDropDownRepairException" time="4.341"/>
  <system-out/>
  <testcase classname="fieldServiceFormsTest.PositiveRepairExceptionGUITest" name="gUITestDropDownRepairException" time="4.287"/>
  <system-out/>
  <testcase classname="fieldServiceFormsTest.PositiveRepairExceptionGUITest" name="gUITestDropDownRepairException" time="4.241"/>
  <system-out/>
  <testcase classname="fieldServiceFormsTest.PositiveRepairExceptionGUITest" name="gUITestDropDownRepairException" time="4.306"/>
  <system-out/>
  <testcase classname="fieldServiceFormsTest.PositiveRepairExceptionGUITest" name="gUITestDropDownRepairException" time="4.997"/>
  <system-out/>
  <testcase classname="fieldServiceFormsTest.PositiveRepairExceptionGUITest" name="gUITestDropDownRepairException" time="4.268"/>
  <system-out/>
  <testcase classname="fieldServiceFormsTest.PositiveRepairExceptionGUITest" name="gUITestDropDownRepairException" time="4.365"/>
  <system-out/>
  <testcase classname="fieldServiceFormsTest.PositiveRepairExceptionGUITest" name="gUITestDropDownRepairException" time="4.292"/>
  <system-out/>
  <testcase classname="fieldServiceFormsTest.PositiveRepairExceptionGUITest" name="gUITestDropDownRepairException" time="5.283"/>
  <system-out/>
  <testcase classname="fieldServiceFormsTest.PositiveRepairExceptionGUITest" name="gUITestDropDownRepairException" time="4.506"/>
  <system-out/>
  <testcase classname="fieldServiceFormsTest.PositiveRepairExceptionGUITest" name="gUITestDropDownRepairException" time="4.275"/>
  <system-out/>
  <testcase classname="fieldServiceFormsTest.PositiveRepairExceptionGUITest" name="gUITestDropDownRepairException" time="5.711"/>
  <system-out/>
  <testcase classname="fieldServiceFormsTest.PositiveRepairExceptionGUITest" name="gUITestDropDownRepairException" time="4.957"/>
  <system-out/>
  <testcase classname="fieldServiceFormsTest.PositiveRepairExceptionGUITest" name="gUITestDropDownRepairException" time="4.319"/>
  <system-out/>
  <testcase classname="fieldServiceFormsTest.PositiveRepairExceptionGUITest" name="gUITestDropDownRepairException" time="4.845"/>
  <system-out/>
  <testcase classname="fieldServiceFormsTest.PositiveRepairExceptionGUITest" name="gUITestDropDownRepairException" time="4.520"/>
  <system-out/>
  <testcase classname="fieldServiceFormsTest.PositiveRepairExceptionGUITest" name="gUITestDropDownRepairException" time="5.864"/>
  <system-out/>
  <testcase classname="fieldServiceFormsTest.PositiveRepairExceptionGUITest" name="gUITestDropDownRepairException" time="4.497"/>
  <system-out/>
  <testcase classname="fieldServiceFormsTest.PositiveRepairExceptionGUITest" name="gUITestDropDownRepairException" time="4.478"/>
  <system-out/>
  <testcase classname="fieldServiceFormsTest.PositiveRepairExceptionGUITest" name="gUITestDropDownRepairException" time="5.051"/>
  <system-out/>
  <testcase classname="fieldServiceFormsTest.PositiveRepairExceptionGUITest" name="gUITestDropDownRepairException" time="4.379"/>
  <system-out/>
  <testcase classname="fieldServiceFormsTest.PositiveRepairExceptionGUITest" name="gUITestDropDownRepairException" time="53.239">
    <error message="no such element: Unable to locate element: {&quot;method&quot;:&quot;css selector&quot;,&quot;selector&quot;:&quot;#repairException&quot;}
  (Session info: chrome=109.0.5414.75)
For documentation on this error, please visit: https://selenium.dev/exceptions/#no_such_element
Build info: version: &#039;4.3.0&#039;, revision: &#039;a4995e2c09*&#039;
System info: host: &#039;DESKTOP-M729FOC&#039;, ip: &#039;192.168.29.91&#039;, os.name: &#039;Windows 10&#039;, os.arch: &#039;amd64&#039;, os.version: &#039;10.0&#039;, java.version: &#039;11.0.13&#039;
Driver info: org.openqa.selenium.chrome.ChromeDriver
Command: [597a0c430c70878c24edba044d404178, findElement {using=id, value=repairException}]
Capabilities {acceptInsecureCerts: false, browserName: chrome, browserVersion: 109.0.5414.75, chrome: {chromedriverVersion: 109.0.5414.74 (e7c5703604da..., userDataDir: C:\Users\DELL\AppData\Local...}, goog:chromeOptions: {debuggerAddress: localhost:52569}, networkConnectionEnabled: false, pageLoadStrategy: normal, platformName: WINDOWS, proxy: Proxy(), se:cdp: ws://localhost:52569/devtoo..., se:cdpVersion: 109.0.5414.75, setWindowRect: true, strictFileInteractability: false, timeouts: {implicit: 0, pageLoad: 300000, script: 30000}, unhandledPromptBehavior: dismiss and notify, webauthn:extension:credBlob: true, webauthn:extension:largeBlob: true, webauthn:virtualAuthenticators: true}
Session ID: 597a0c430c70878c24edba044d404178" type="org.openqa.selenium.NoSuchElementException">
      <![CDATA[org.openqa.selenium.NoSuchElementException: no such element: Unable to locate element: {"method":"css selector","selector":"#repairException"}
  (Session info: chrome=109.0.5414.75)
For documentation on this error, please visit: https://selenium.dev/exceptions/#no_such_element
Build info: version: '4.3.0', revision: 'a4995e2c09*'
System info: host: 'DESKTOP-M729FOC', ip: '192.168.29.91', os.name: 'Windows 10', os.arch: 'amd64', os.version: '10.0', java.version: '11.0.13'
Driver info: org.openqa.selenium.chrome.ChromeDriver
Command: [597a0c430c70878c24edba044d404178, findElement {using=id, value=repairException}]
Capabilities {acceptInsecureCerts: false, browserName: chrome, browserVersion: 109.0.5414.75, chrome: {chromedriverVersion: 109.0.5414.74 (e7c5703604da..., userDataDir: C:\Users\DELL\AppData\Local...}, goog:chromeOptions: {debuggerAddress: localhost:52569}, networkConnectionEnabled: false, pageLoadStrategy: normal, platformName: WINDOWS, proxy: Proxy(), se:cdp: ws://localhost:52569/devtoo..., se:cdpVersion: 109.0.5414.75, setWindowRect: true, strictFileInteractability: false, timeouts: {implicit: 0, pageLoad: 300000, script: 30000}, unhandledPromptBehavior: dismiss and notify, webauthn:extension:credBlob: true, webauthn:extension:largeBlob: true, webauthn:virtualAuthenticators: true}
Session ID: 597a0c430c70878c24edba044d404178
at java.base/jdk.internal.reflect.NativeConstructorAccessorImpl.newInstance0(Native Method)
at java.base/jdk.internal.reflect.NativeConstructorAccessorImpl.newInstance(NativeConstructorAccessorImpl.java:62)
at java.base/jdk.internal.reflect.DelegatingConstructorAccessorImpl.newInstance(DelegatingConstructorAccessorImpl.java:45)
at java.base/java.lang.reflect.Constructor.newInstance(Constructor.java:490)
at org.openqa.selenium.remote.codec.w3c.W3CHttpResponseCodec.createException(W3CHttpResponseCodec.java:200)
at org.openqa.selenium.remote.codec.w3c.W3CHttpResponseCodec.decode(W3CHttpResponseCodec.java:133)
at org.openqa.selenium.remote.codec.w3c.W3CHttpResponseCodec.decode(W3CHttpResponseCodec.java:53)
at org.openqa.selenium.remote.HttpCommandExecutor.execute(HttpCommandExecutor.java:184)
at org.openqa.selenium.remote.service.DriverCommandExecutor.invokeExecute(DriverCommandExecutor.java:167)
at org.openqa.selenium.remote.service.DriverCommandExecutor.execute(DriverCommandExecutor.java:142)
at org.openqa.selenium.remote.RemoteWebDriver.execute(RemoteWebDriver.java:569)
at org.openqa.selenium.remote.ElementLocation$ElementFinder$2.findElement(ElementLocation.java:162)
at org.openqa.selenium.remote.ElementLocation.findElement(ElementLocation.java:60)
at org.openqa.selenium.remote.RemoteWebDriver.findElement(RemoteWebDriver.java:387)
at org.openqa.selenium.remote.RemoteWebDriver.findElement(RemoteWebDriver.java:379)
at pageobjects.RepairLocatorsGUI.repairException(RepairLocatorsGUI.java:81)
at fieldServiceFormsTest.PositiveRepairExceptionGUITest.gUITestDropDownRepairException(PositiveRepairExceptionGUITest.java:95)
at jdk.internal.reflect.GeneratedMethodAccessor4.invoke(Unknown Source)
at java.base/jdk.internal.reflect.DelegatingMethodAccessorImpl.invoke(DelegatingMethodAccessorImpl.java:43)
at java.base/java.lang.reflect.Method.invoke(Method.java:566)
at org.testng.internal.MethodInvocationHelper.invokeMethod(MethodInvocationHelper.java:133)
at org.testng.internal.TestInvoker.invokeMethod(TestInvoker.java:598)
at org.testng.internal.TestInvoker.invokeTestMethod(TestInvoker.java:173)
at org.testng.internal.MethodRunner.runInSequence(MethodRunner.java:46)
at org.testng.internal.TestInvoker$MethodInvocationAgent.invoke(TestInvoker.java:824)
at org.testng.internal.TestInvoker.invokeTestMethods(TestInvoker.java:146)
at org.testng.internal.TestMethodWorker.invokeTestMethods(TestMethodWorker.java:146)
at org.testng.internal.TestMethodWorker.run(TestMethodWorker.java:128)
at java.base/java.util.ArrayList.forEach(ArrayList.java:1541)
at org.testng.TestRunner.privateRun(TestRunner.java:794)
at org.testng.TestRunner.run(TestRunner.java:596)
at org.testng.SuiteRunner.runTest(SuiteRunner.java:377)
at org.testng.SuiteRunner.runSequentially(SuiteRunner.java:371)
at org.testng.SuiteRunner.privateRun(SuiteRunner.java:332)
at org.testng.SuiteRunner.run(SuiteRunner.java:276)
at org.testng.SuiteRunnerWorker.runSuite(SuiteRunnerWorker.java:53)
at org.testng.SuiteRunnerWorker.run(SuiteRunnerWorker.java:96)
at org.testng.TestNG.runSuitesSequentially(TestNG.java:1212)
at org.testng.TestNG.runSuitesLocally(TestNG.java:1134)
at org.testng.TestNG.runSuites(TestNG.java:1063)
at org.testng.TestNG.run(TestNG.java:1031)
at org.testng.remote.AbstractRemoteTestNG.run(AbstractRemoteTestNG.java:115)
at org.testng.remote.RemoteTestNG.initAndRun(RemoteTestNG.java:251)
at org.testng.remote.RemoteTestNG.main(RemoteTestNG.java:77)
]]>
    </error>
  </testcase> <!-- gUITestDropDownRepairException -->
  <system-out/>
  <testcase classname="fieldServiceFormsTest.PositiveRepairExceptionGUITest" name="gUITestDropDownRepairException" time="4.893"/>
  <system-out/>
  <testcase classname="fieldServiceFormsTest.PositiveRepairExceptionGUITest" name="gUITestDropDownRepairException" time="4.358"/>
  <system-out/>
  <testcase classname="fieldServiceFormsTest.PositiveRepairExceptionGUITest" name="gUITestDropDownRepairException" time="5.639"/>
  <system-out/>
  <testcase classname="fieldServiceFormsTest.PositiveRepairExceptionGUITest" name="gUITestDropDownRepairException" time="5.186"/>
  <system-out/>
  <testcase classname="fieldServiceFormsTest.PositiveRepairExceptionGUITest" name="gUITestDropDownRepairException" time="4.524"/>
  <system-out/>
  <testcase classname="fieldServiceFormsTest.PositiveRepairExceptionGUITest" name="gUITestDropDownRepairException" time="4.916"/>
  <system-out/>
  <testcase classname="fieldServiceFormsTest.PositiveRepairExceptionGUITest" name="gUITestDropDownRepairException" time="4.400"/>
  <system-out/>
  <testcase classname="fieldServiceFormsTest.PositiveRepairExceptionGUITest" name="gUITestDropDownRepairException" time="4.795"/>
  <system-out/>
  <testcase classname="fieldServiceFormsTest.PositiveRepairExceptionGUITest" name="gUITestDropDownRepairException" time="4.526"/>
  <system-out/>
  <testcase classname="fieldServiceFormsTest.PositiveRepairExceptionGUITest" name="gUITestDropDownRepairException" time="4.352"/>
  <system-out/>
  <testcase classname="fieldServiceFormsTest.PositiveRepairExceptionGUITest" name="gUITestDropDownRepairException" time="4.206"/>
  <system-out/>
  <testcase classname="fieldServiceFormsTest.PositiveRepairExceptionGUITest" name="gUITestDropDownRepairException" time="4.622"/>
  <system-out/>
  <testcase classname="fieldServiceFormsTest.PositiveRepairExceptionGUITest" name="gUITestDropDownRepairException" time="4.303"/>
  <system-out/>
  <testcase classname="fieldServiceFormsTest.PositiveRepairExceptionGUITest" name="gUITestDropDownRepairException" time="4.856"/>
  <system-out/>
  <testcase classname="fieldServiceFormsTest.PositiveRepairExceptionGUITest" name="gUITestDropDownRepairException" time="5.081"/>
  <system-out/>
  <testcase classname="fieldServiceFormsTest.PositiveRepairExceptionGUITest" name="gUITestDropDownRepairException" time="4.231"/>
  <system-out/>
  <testcase classname="fieldServiceFormsTest.PositiveRepairExceptionGUITest" name="gUITestDropDownRepairException" time="4.553"/>
  <system-out/>
  <testcase classname="fieldServiceFormsTest.PositiveRepairExceptionGUITest" name="gUITestDropDownRepairException" time="4.455"/>
  <system-out/>
  <testcase classname="fieldServiceFormsTest.PositiveRepairExceptionGUITest" name="gUITestDropDownRepairException" time="4.406"/>
  <system-out/>
  <testcase classname="fieldServiceFormsTest.PositiveRepairExceptionGUITest" name="gUITestDropDownRepairException" time="4.549"/>
  <system-out/>
  <testcase classname="fieldServiceFormsTest.PositiveRepairExceptionGUITest" name="gUITestDropDownRepairException" time="5.527"/>
  <system-out/>
  <testcase classname="fieldServiceFormsTest.PositiveRepairExceptionGUITest" name="gUITestDropDownRepairException" time="5.181"/>
  <system-out/>
  <testcase classname="fieldServiceFormsTest.PositiveRepairExceptionGUITest" name="gUITestDropDownRepairException" time="5.546"/>
  <system-out/>
  <testcase classname="fieldServiceFormsTest.PositiveRepairExceptionGUITest" name="gUITestDropDownRepairException" time="4.301"/>
  <system-out/>
  <testcase classname="fieldServiceFormsTest.PositiveRepairExceptionGUITest" name="gUITestDropDownRepairException" time="4.982"/>
  <system-out/>
  <testcase classname="fieldServiceFormsTest.PositiveRepairExceptionGUITest" name="gUITestDropDownRepairException" time="4.463"/>
  <system-out/>
  <testcase classname="fieldServiceFormsTest.PositiveRepairExceptionGUITest" name="gUITestDropDownRepairException" time="4.763"/>
  <system-out/>
  <testcase classname="fieldServiceFormsTest.PositiveRepairExceptionGUITest" name="gUITestDropDownRepairException" time="4.303"/>
  <system-out/>
  <testcase classname="fieldServiceFormsTest.PositiveRepairExceptionGUITest" name="gUITestDropDownRepairException" time="4.643"/>
  <system-out/>
  <testcase classname="fieldServiceFormsTest.PositiveRepairExceptionGUITest" name="gUITestDropDownRepairException" time="5.116"/>
  <system-out/>
  <testcase classname="fieldServiceFormsTest.PositiveRepairExceptionGUITest" name="gUITestDropDownRepairException" time="4.281"/>
  <system-out/>
  <testcase classname="fieldServiceFormsTest.PositiveRepairExceptionGUITest" name="gUITestDropDownRepairException" time="4.392"/>
  <system-out/>
  <testcase classname="fieldServiceFormsTest.PositiveRepairExceptionGUITest" name="gUITestDropDownRepairException" time="5.235"/>
  <system-out/>
  <testcase classname="fieldServiceFormsTest.PositiveRepairExceptionGUITest" name="gUITestDropDownRepairException" time="4.377"/>
  <system-out/>
  <testcase classname="fieldServiceFormsTest.PositiveRepairExceptionGUITest" name="gUITestDropDownRepairException" time="4.961"/>
  <system-out/>
  <testcase classname="fieldServiceFormsTest.PositiveRepairExceptionGUITest" name="gUITestDropDownRepairException" time="4.399"/>
  <system-out/>
  <testcase classname="fieldServiceFormsTest.PositiveRepairExceptionGUITest" name="gUITestDropDownRepairException" time="5.272"/>
  <system-out/>
  <testcase classname="fieldServiceFormsTest.PositiveRepairExceptionGUITest" name="gUITestDropDownRepairException" time="5.353"/>
  <system-out/>
  <testcase classname="fieldServiceFormsTest.PositiveRepairExceptionGUITest" name="gUITestDropDownRepairException" time="6.554"/>
  <system-out/>
  <testcase classname="fieldServiceFormsTest.PositiveRepairExceptionGUITest" name="gUITestDropDownRepairException" time="4.487"/>
  <system-out/>
  <testcase classname="fieldServiceFormsTest.PositiveRepairExceptionGUITest" name="gUITestDropDownRepairException" time="5.087"/>
  <system-out/>
  <testcase classname="fieldServiceFormsTest.PositiveRepairExceptionGUITest" name="gUITestDropDownRepairException" time="4.922"/>
  <system-out/>
  <testcase classname="fieldServiceFormsTest.PositiveRepairExceptionGUITest" name="gUITestDropDownRepairException" time="4.535"/>
  <system-out/>
  <testcase classname="fieldServiceFormsTest.PositiveRepairExceptionGUITest" name="gUITestDropDownRepairException" time="4.428"/>
  <system-out/>
  <testcase classname="fieldServiceFormsTest.PositiveRepairExceptionGUITest" name="gUITestDropDownRepairException" time="4.518"/>
  <system-out/>
  <testcase classname="fieldServiceFormsTest.PositiveRepairExceptionGUITest" name="gUITestDropDownRepairException" time="4.959"/>
  <system-out/>
  <testcase classname="fieldServiceFormsTest.PositiveRepairExceptionGUITest" name="gUITestDropDownRepairException" time="4.516"/>
  <system-out/>
  <testcase classname="fieldServiceFormsTest.PositiveRepairExceptionGUITest" name="gUITestDropDownRepairException" time="4.815"/>
  <system-out/>
  <testcase classname="fieldServiceFormsTest.PositiveRepairExceptionGUITest" name="gUITestDropDownRepairException" time="4.435"/>
  <system-out/>
  <testcase classname="fieldServiceFormsTest.PositiveRepairExceptionGUITest" name="gUITestDropDownRepairException" time="5.357"/>
  <system-out/>
  <testcase classname="fieldServiceFormsTest.PositiveRepairExceptionGUITest" name="gUITestDropDownRepairException" time="4.970"/>
  <system-out/>
  <testcase classname="fieldServiceFormsTest.PositiveRepairExceptionGUITest" name="gUITestDropDownRepairException" time="4.588"/>
  <system-out/>
  <testcase classname="fieldServiceFormsTest.PositiveRepairExceptionGUITest" name="gUITestDropDownRepairException" time="5.257"/>
  <system-out/>
  <testcase classname="fieldServiceFormsTest.PositiveRepairExceptionGUITest" name="gUITestDropDownRepairException" time="5.791"/>
  <system-out/>
  <testcase classname="fieldServiceFormsTest.PositiveRepairExceptionGUITest" name="gUITestDropDownRepairException" time="4.282"/>
  <system-out/>
  <testcase classname="fieldServiceFormsTest.PositiveRepairExceptionGUITest" name="gUITestDropDownRepairException" time="4.756"/>
  <system-out/>
  <testcase classname="fieldServiceFormsTest.PositiveRepairExceptionGUITest" name="gUITestDropDownRepairException" time="4.380"/>
  <system-out/>
  <testcase classname="fieldServiceFormsTest.PositiveRepairExceptionGUITest" name="gUITestDropDownRepairException" time="4.578"/>
  <system-out/>
  <testcase classname="fieldServiceFormsTest.PositiveRepairExceptionGUITest" name="gUITestDropDownRepairException" time="4.437"/>
  <system-out/>
  <testcase classname="fieldServiceFormsTest.PositiveRepairExceptionGUITest" name="gUITestDropDownRepairException" time="4.861"/>
  <system-out/>
  <testcase classname="fieldServiceFormsTest.PositiveRepairExceptionGUITest" name="gUITestDropDownRepairException" time="4.933"/>
  <system-out/>
  <testcase classname="fieldServiceFormsTest.PositiveRepairExceptionGUITest" name="gUITestDropDownRepairException" time="4.260"/>
  <system-out/>
  <testcase classname="fieldServiceFormsTest.PositiveRepairExceptionGUITest" name="gUITestDropDownRepairException" time="5.328"/>
  <system-out/>
  <testcase classname="fieldServiceFormsTest.PositiveRepairExceptionGUITest" name="gUITestDropDownRepairException" time="4.380"/>
  <system-out/>
  <testcase classname="fieldServiceFormsTest.PositiveRepairExceptionGUITest" name="gUITestDropDownRepairException" time="6.882"/>
  <system-out/>
  <testcase classname="fieldServiceFormsTest.PositiveRepairExceptionGUITest" name="gUITestDropDownRepairException" time="5.564"/>
  <system-out/>
  <testcase classname="fieldServiceFormsTest.PositiveRepairExceptionGUITest" name="gUITestDropDownRepairException" time="4.787"/>
  <system-out/>
  <testcase classname="fieldServiceFormsTest.PositiveRepairExceptionGUITest" name="gUITestDropDownRepairException" time="4.915"/>
  <system-out/>
  <testcase classname="fieldServiceFormsTest.PositiveRepairExceptionGUITest" name="gUITestDropDownRepairException" time="4.887"/>
  <system-out/>
  <testcase classname="fieldServiceFormsTest.PositiveRepairExceptionGUITest" name="gUITestDropDownRepairException" time="4.320"/>
  <system-out/>
  <testcase classname="fieldServiceFormsTest.PositiveRepairExceptionGUITest" name="gUITestDropDownRepairException" time="4.826"/>
  <system-out/>
  <testcase classname="fieldServiceFormsTest.PositiveRepairExceptionGUITest" name="gUITestDropDownRepairException" time="4.685"/>
  <system-out/>
  <testcase classname="fieldServiceFormsTest.PositiveRepairExceptionGUITest" name="gUITestDropDownRepairException" time="5.129"/>
  <system-out/>
  <testcase classname="fieldServiceFormsTest.PositiveRepairExceptionGUITest" name="gUITestDropDownRepairException" time="4.990"/>
  <system-out/>
  <testcase classname="fieldServiceFormsTest.PositiveRepairExceptionGUITest" name="gUITestDropDownRepairException" time="4.417"/>
  <system-out/>
  <testcase classname="fieldServiceFormsTest.PositiveRepairExceptionGUITest" name="gUITestDropDownRepairException" time="53.172">
    <error message="no such element: Unable to locate element: {&quot;method&quot;:&quot;css selector&quot;,&quot;selector&quot;:&quot;#repairException&quot;}
  (Session info: chrome=109.0.5414.75)
For documentation on this error, please visit: https://selenium.dev/exceptions/#no_such_element
Build info: version: &#039;4.3.0&#039;, revision: &#039;a4995e2c09*&#039;
System info: host: &#039;DESKTOP-M729FOC&#039;, ip: &#039;192.168.29.91&#039;, os.name: &#039;Windows 10&#039;, os.arch: &#039;amd64&#039;, os.version: &#039;10.0&#039;, java.version: &#039;11.0.13&#039;
Driver info: org.openqa.selenium.chrome.ChromeDriver
Command: [597a0c430c70878c24edba044d404178, findElement {using=id, value=repairException}]
Capabilities {acceptInsecureCerts: false, browserName: chrome, browserVersion: 109.0.5414.75, chrome: {chromedriverVersion: 109.0.5414.74 (e7c5703604da..., userDataDir: C:\Users\DELL\AppData\Local...}, goog:chromeOptions: {debuggerAddress: localhost:52569}, networkConnectionEnabled: false, pageLoadStrategy: normal, platformName: WINDOWS, proxy: Proxy(), se:cdp: ws://localhost:52569/devtoo..., se:cdpVersion: 109.0.5414.75, setWindowRect: true, strictFileInteractability: false, timeouts: {implicit: 0, pageLoad: 300000, script: 30000}, unhandledPromptBehavior: dismiss and notify, webauthn:extension:credBlob: true, webauthn:extension:largeBlob: true, webauthn:virtualAuthenticators: true}
Session ID: 597a0c430c70878c24edba044d404178" type="org.openqa.selenium.NoSuchElementException">
      <![CDATA[org.openqa.selenium.NoSuchElementException: no such element: Unable to locate element: {"method":"css selector","selector":"#repairException"}
  (Session info: chrome=109.0.5414.75)
For documentation on this error, please visit: https://selenium.dev/exceptions/#no_such_element
Build info: version: '4.3.0', revision: 'a4995e2c09*'
System info: host: 'DESKTOP-M729FOC', ip: '192.168.29.91', os.name: 'Windows 10', os.arch: 'amd64', os.version: '10.0', java.version: '11.0.13'
Driver info: org.openqa.selenium.chrome.ChromeDriver
Command: [597a0c430c70878c24edba044d404178, findElement {using=id, value=repairException}]
Capabilities {acceptInsecureCerts: false, browserName: chrome, browserVersion: 109.0.5414.75, chrome: {chromedriverVersion: 109.0.5414.74 (e7c5703604da..., userDataDir: C:\Users\DELL\AppData\Local...}, goog:chromeOptions: {debuggerAddress: localhost:52569}, networkConnectionEnabled: false, pageLoadStrategy: normal, platformName: WINDOWS, proxy: Proxy(), se:cdp: ws://localhost:52569/devtoo..., se:cdpVersion: 109.0.5414.75, setWindowRect: true, strictFileInteractability: false, timeouts: {implicit: 0, pageLoad: 300000, script: 30000}, unhandledPromptBehavior: dismiss and notify, webauthn:extension:credBlob: true, webauthn:extension:largeBlob: true, webauthn:virtualAuthenticators: true}
Session ID: 597a0c430c70878c24edba044d404178
at jdk.internal.reflect.GeneratedConstructorAccessor15.newInstance(Unknown Source)
at java.base/jdk.internal.reflect.DelegatingConstructorAccessorImpl.newInstance(DelegatingConstructorAccessorImpl.java:45)
at java.base/java.lang.reflect.Constructor.newInstance(Constructor.java:490)
at org.openqa.selenium.remote.codec.w3c.W3CHttpResponseCodec.createException(W3CHttpResponseCodec.java:200)
at org.openqa.selenium.remote.codec.w3c.W3CHttpResponseCodec.decode(W3CHttpResponseCodec.java:133)
at org.openqa.selenium.remote.codec.w3c.W3CHttpResponseCodec.decode(W3CHttpResponseCodec.java:53)
at org.openqa.selenium.remote.HttpCommandExecutor.execute(HttpCommandExecutor.java:184)
at org.openqa.selenium.remote.service.DriverCommandExecutor.invokeExecute(DriverCommandExecutor.java:167)
at org.openqa.selenium.remote.service.DriverCommandExecutor.execute(DriverCommandExecutor.java:142)
at org.openqa.selenium.remote.RemoteWebDriver.execute(RemoteWebDriver.java:569)
at org.openqa.selenium.remote.ElementLocation$ElementFinder$2.findElement(ElementLocation.java:162)
at org.openqa.selenium.remote.ElementLocation.findElement(ElementLocation.java:60)
at org.openqa.selenium.remote.RemoteWebDriver.findElement(RemoteWebDriver.java:387)
at org.openqa.selenium.remote.RemoteWebDriver.findElement(RemoteWebDriver.java:379)
at pageobjects.RepairLocatorsGUI.repairException(RepairLocatorsGUI.java:81)
at fieldServiceFormsTest.PositiveRepairExceptionGUITest.gUITestDropDownRepairException(PositiveRepairExceptionGUITest.java:95)
at jdk.internal.reflect.GeneratedMethodAccessor4.invoke(Unknown Source)
at java.base/jdk.internal.reflect.DelegatingMethodAccessorImpl.invoke(DelegatingMethodAccessorImpl.java:43)
at java.base/java.lang.reflect.Method.invoke(Method.java:566)
at org.testng.internal.MethodInvocationHelper.invokeMethod(MethodInvocationHelper.java:133)
at org.testng.internal.TestInvoker.invokeMethod(TestInvoker.java:598)
at org.testng.internal.TestInvoker.invokeTestMethod(TestInvoker.java:173)
at org.testng.internal.MethodRunner.runInSequence(MethodRunner.java:46)
at org.testng.internal.TestInvoker$MethodInvocationAgent.invoke(TestInvoker.java:824)
at org.testng.internal.TestInvoker.invokeTestMethods(TestInvoker.java:146)
at org.testng.internal.TestMethodWorker.invokeTestMethods(TestMethodWorker.java:146)
at org.testng.internal.TestMethodWorker.run(TestMethodWorker.java:128)
at java.base/java.util.ArrayList.forEach(ArrayList.java:1541)
at org.testng.TestRunner.privateRun(TestRunner.java:794)
at org.testng.TestRunner.run(TestRunner.java:596)
at org.testng.SuiteRunner.runTest(SuiteRunner.java:377)
at org.testng.SuiteRunner.runSequentially(SuiteRunner.java:371)
at org.testng.SuiteRunner.privateRun(SuiteRunner.java:332)
at org.testng.SuiteRunner.run(SuiteRunner.java:276)
at org.testng.SuiteRunnerWorker.runSuite(SuiteRunnerWorker.java:53)
at org.testng.SuiteRunnerWorker.run(SuiteRunnerWorker.java:96)
at org.testng.TestNG.runSuitesSequentially(TestNG.java:1212)
at org.testng.TestNG.runSuitesLocally(TestNG.java:1134)
at org.testng.TestNG.runSuites(TestNG.java:1063)
at org.testng.TestNG.run(TestNG.java:1031)
at org.testng.remote.AbstractRemoteTestNG.run(AbstractRemoteTestNG.java:115)
at org.testng.remote.RemoteTestNG.initAndRun(RemoteTestNG.java:251)
at org.testng.remote.RemoteTestNG.main(RemoteTestNG.java:77)
]]>
    </error>
  </testcase> <!-- gUITestDropDownRepairException -->
  <system-out/>
  <testcase classname="fieldServiceFormsTest.PositiveRepairExceptionGUITest" name="gUITestDropDownRepairException" time="4.275"/>
  <system-out/>
  <testcase classname="fieldServiceFormsTest.PositiveRepairExceptionGUITest" name="gUITestDropDownRepairException" time="5.147"/>
  <system-out/>
  <testcase classname="fieldServiceFormsTest.PositiveRepairExceptionGUITest" name="gUITestDropDownRepairException" time="4.681"/>
  <system-out/>
  <testcase classname="fieldServiceFormsTest.PositiveRepairExceptionGUITest" name="gUITestDropDownRepairException" time="4.475"/>
  <system-out/>
  <testcase classname="fieldServiceFormsTest.PositiveRepairExceptionGUITest" name="gUITestDropDownRepairException" time="5.016"/>
  <system-out/>
  <testcase classname="fieldServiceFormsTest.PositiveRepairExceptionGUITest" name="gUITestDropDownRepairException" time="4.336"/>
  <system-out/>
  <testcase classname="fieldServiceFormsTest.PositiveRepairExceptionGUITest" name="gUITestDropDownRepairException" time="4.289"/>
  <system-out/>
  <testcase classname="fieldServiceFormsTest.PositiveRepairExceptionGUITest" name="gUITestDropDownRepairException" time="4.953"/>
  <system-out/>
  <testcase classname="fieldServiceFormsTest.PositiveRepairExceptionGUITest" name="gUITestDropDownRepairException" time="4.861"/>
  <system-out/>
  <testcase classname="fieldServiceFormsTest.PositiveRepairExceptionGUITest" name="gUITestDropDownRepairException" time="4.238"/>
  <system-out/>
  <testcase classname="fieldServiceFormsTest.PositiveRepairExceptionGUITest" name="gUITestDropDownRepairException" time="5.491"/>
  <system-out/>
  <testcase classname="fieldServiceFormsTest.PositiveRepairExceptionGUITest" name="gUITestDropDownRepairException" time="4.961"/>
  <system-out/>
  <testcase classname="fieldServiceFormsTest.PositiveRepairExceptionGUITest" name="gUITestDropDownRepairException" time="4.310"/>
  <system-out/>
  <testcase classname="fieldServiceFormsTest.PositiveRepairExceptionGUITest" name="gUITestDropDownRepairException" time="5.148"/>
  <system-out/>
  <testcase classname="fieldServiceFormsTest.PositiveRepairExceptionGUITest" name="gUITestDropDownRepairException" time="4.470"/>
  <system-out/>
  <testcase classname="fieldServiceFormsTest.PositiveRepairExceptionGUITest" name="gUITestDropDownRepairException" time="5.153"/>
  <system-out/>
  <testcase classname="fieldServiceFormsTest.PositiveRepairExceptionGUITest" name="gUITestDropDownRepairException" time="5.946"/>
  <system-out/>
  <testcase classname="fieldServiceFormsTest.PositiveRepairExceptionGUITest" name="gUITestDropDownRepairException" time="4.489"/>
  <system-out/>
  <testcase classname="fieldServiceFormsTest.PositiveRepairExceptionGUITest" name="gUITestDropDownRepairException" time="4.292"/>
  <system-out/>
  <testcase classname="fieldServiceFormsTest.PositiveRepairExceptionGUITest" name="gUITestDropDownRepairException" time="4.418"/>
  <system-out/>
  <testcase classname="fieldServiceFormsTest.PositiveRepairExceptionGUITest" name="gUITestDropDownRepairException" time="4.236"/>
  <system-out/>
  <testcase classname="fieldServiceFormsTest.PositiveRepairExceptionGUITest" name="gUITestDropDownRepairException" time="4.791"/>
  <system-out/>
  <testcase classname="fieldServiceFormsTest.PositiveRepairExceptionGUITest" name="gUITestDropDownRepairException" time="4.589"/>
  <system-out/>
  <testcase classname="fieldServiceFormsTest.PositiveRepairExceptionGUITest" name="gUITestDropDownRepairException" time="5.019"/>
  <system-out/>
  <testcase classname="fieldServiceFormsTest.PositiveRepairExceptionGUITest" name="gUITestDropDownRepairException" time="4.275"/>
  <system-out/>
  <testcase classname="fieldServiceFormsTest.PositiveRepairExceptionGUITest" name="gUITestDropDownRepairException" time="4.298"/>
  <system-out/>
  <testcase classname="fieldServiceFormsTest.PositiveRepairExceptionGUITest" name="gUITestDropDownRepairException" time="4.253"/>
  <system-out/>
  <testcase classname="fieldServiceFormsTest.PositiveRepairExceptionGUITest" name="gUITestDropDownRepairException" time="4.211"/>
  <system-out/>
  <testcase classname="fieldServiceFormsTest.PositiveRepairExceptionGUITest" name="gUITestDropDownRepairException" time="4.250"/>
  <system-out/>
  <testcase classname="fieldServiceFormsTest.PositiveRepairExceptionGUITest" name="gUITestDropDownRepairException" time="4.880"/>
  <system-out/>
  <testcase classname="fieldServiceFormsTest.PositiveRepairExceptionGUITest" name="gUITestDropDownRepairException" time="4.244"/>
  <system-out/>
  <testcase classname="fieldServiceFormsTest.PositiveRepairExceptionGUITest" name="gUITestDropDownRepairException" time="4.400"/>
  <system-out/>
  <testcase classname="fieldServiceFormsTest.PositiveRepairExceptionGUITest" name="gUITestDropDownRepairException" time="4.918"/>
  <system-out/>
  <testcase classname="fieldServiceFormsTest.PositiveRepairExceptionGUITest" name="gUITestDropDownRepairException" time="5.417"/>
  <system-out/>
  <testcase classname="fieldServiceFormsTest.PositiveRepairExceptionGUITest" name="gUITestDropDownRepairException" time="6.131"/>
  <system-out/>
  <testcase classname="fieldServiceFormsTest.PositiveRepairExceptionGUITest" name="gUITestDropDownRepairException" time="4.522"/>
  <system-out/>
  <testcase classname="fieldServiceFormsTest.PositiveRepairExceptionGUITest" name="gUITestDropDownRepairException" time="4.513"/>
  <system-out/>
  <testcase classname="fieldServiceFormsTest.PositiveRepairExceptionGUITest" name="gUITestDropDownRepairException" time="4.855"/>
  <system-out/>
  <testcase classname="fieldServiceFormsTest.PositiveRepairExceptionGUITest" name="gUITestDropDownRepairException" time="5.159"/>
  <system-out/>
  <testcase classname="fieldServiceFormsTest.PositiveRepairExceptionGUITest" name="gUITestDropDownRepairException" time="4.992"/>
  <system-out/>
  <testcase classname="fieldServiceFormsTest.PositiveRepairExceptionGUITest" name="gUITestDropDownRepairException" time="4.451"/>
  <system-out/>
  <testcase classname="fieldServiceFormsTest.PositiveRepairExceptionGUITest" name="gUITestDropDownRepairException" time="5.225"/>
  <system-out/>
  <testcase classname="fieldServiceFormsTest.PositiveRepairExceptionGUITest" name="gUITestDropDownRepairException" time="5.108"/>
  <system-out/>
  <testcase classname="fieldServiceFormsTest.PositiveRepairExceptionGUITest" name="gUITestDropDownRepairException" time="4.995"/>
  <system-out/>
  <testcase classname="fieldServiceFormsTest.PositiveRepairExceptionGUITest" name="gUITestDropDownRepairException" time="4.946"/>
  <system-out/>
  <testcase classname="fieldServiceFormsTest.PositiveRepairExceptionGUITest" name="gUITestDropDownRepairException" time="4.435"/>
  <system-out/>
  <testcase classname="fieldServiceFormsTest.PositiveRepairExceptionGUITest" name="gUITestDropDownRepairException" time="5.051"/>
  <system-out/>
  <testcase classname="fieldServiceFormsTest.PositiveRepairExceptionGUITest" name="gUITestDropDownRepairException" time="4.339"/>
  <system-out/>
  <testcase classname="fieldServiceFormsTest.PositiveRepairExceptionGUITest" name="gUITestDropDownRepairException" time="51.789">
    <error message="no such element: Unable to locate element: {&quot;method&quot;:&quot;css selector&quot;,&quot;selector&quot;:&quot;#repairException&quot;}
  (Session info: chrome=109.0.5414.75)
For documentation on this error, please visit: https://selenium.dev/exceptions/#no_such_element
Build info: version: &#039;4.3.0&#039;, revision: &#039;a4995e2c09*&#039;
System info: host: &#039;DESKTOP-M729FOC&#039;, ip: &#039;192.168.29.91&#039;, os.name: &#039;Windows 10&#039;, os.arch: &#039;amd64&#039;, os.version: &#039;10.0&#039;, java.version: &#039;11.0.13&#039;
Driver info: org.openqa.selenium.chrome.ChromeDriver
Command: [597a0c430c70878c24edba044d404178, findElement {using=id, value=repairException}]
Capabilities {acceptInsecureCerts: false, browserName: chrome, browserVersion: 109.0.5414.75, chrome: {chromedriverVersion: 109.0.5414.74 (e7c5703604da..., userDataDir: C:\Users\DELL\AppData\Local...}, goog:chromeOptions: {debuggerAddress: localhost:52569}, networkConnectionEnabled: false, pageLoadStrategy: normal, platformName: WINDOWS, proxy: Proxy(), se:cdp: ws://localhost:52569/devtoo..., se:cdpVersion: 109.0.5414.75, setWindowRect: true, strictFileInteractability: false, timeouts: {implicit: 0, pageLoad: 300000, script: 30000}, unhandledPromptBehavior: dismiss and notify, webauthn:extension:credBlob: true, webauthn:extension:largeBlob: true, webauthn:virtualAuthenticators: true}
Session ID: 597a0c430c70878c24edba044d404178" type="org.openqa.selenium.NoSuchElementException">
      <![CDATA[org.openqa.selenium.NoSuchElementException: no such element: Unable to locate element: {"method":"css selector","selector":"#repairException"}
  (Session info: chrome=109.0.5414.75)
For documentation on this error, please visit: https://selenium.dev/exceptions/#no_such_element
Build info: version: '4.3.0', revision: 'a4995e2c09*'
System info: host: 'DESKTOP-M729FOC', ip: '192.168.29.91', os.name: 'Windows 10', os.arch: 'amd64', os.version: '10.0', java.version: '11.0.13'
Driver info: org.openqa.selenium.chrome.ChromeDriver
Command: [597a0c430c70878c24edba044d404178, findElement {using=id, value=repairException}]
Capabilities {acceptInsecureCerts: false, browserName: chrome, browserVersion: 109.0.5414.75, chrome: {chromedriverVersion: 109.0.5414.74 (e7c5703604da..., userDataDir: C:\Users\DELL\AppData\Local...}, goog:chromeOptions: {debuggerAddress: localhost:52569}, networkConnectionEnabled: false, pageLoadStrategy: normal, platformName: WINDOWS, proxy: Proxy(), se:cdp: ws://localhost:52569/devtoo..., se:cdpVersion: 109.0.5414.75, setWindowRect: true, strictFileInteractability: false, timeouts: {implicit: 0, pageLoad: 300000, script: 30000}, unhandledPromptBehavior: dismiss and notify, webauthn:extension:credBlob: true, webauthn:extension:largeBlob: true, webauthn:virtualAuthenticators: true}
Session ID: 597a0c430c70878c24edba044d404178
at java.base/jdk.internal.reflect.NativeConstructorAccessorImpl.newInstance0(Native Method)
at java.base/jdk.internal.reflect.NativeConstructorAccessorImpl.newInstance(NativeConstructorAccessorImpl.java:62)
at java.base/jdk.internal.reflect.DelegatingConstructorAccessorImpl.newInstance(DelegatingConstructorAccessorImpl.java:45)
at java.base/java.lang.reflect.Constructor.newInstance(Constructor.java:490)
at org.openqa.selenium.remote.codec.w3c.W3CHttpResponseCodec.createException(W3CHttpResponseCodec.java:200)
at org.openqa.selenium.remote.codec.w3c.W3CHttpResponseCodec.decode(W3CHttpResponseCodec.java:133)
at org.openqa.selenium.remote.codec.w3c.W3CHttpResponseCodec.decode(W3CHttpResponseCodec.java:53)
at org.openqa.selenium.remote.HttpCommandExecutor.execute(HttpCommandExecutor.java:184)
at org.openqa.selenium.remote.service.DriverCommandExecutor.invokeExecute(DriverCommandExecutor.java:167)
at org.openqa.selenium.remote.service.DriverCommandExecutor.execute(DriverCommandExecutor.java:142)
at org.openqa.selenium.remote.RemoteWebDriver.execute(RemoteWebDriver.java:569)
at org.openqa.selenium.remote.ElementLocation$ElementFinder$2.findElement(ElementLocation.java:162)
at org.openqa.selenium.remote.ElementLocation.findElement(ElementLocation.java:60)
at org.openqa.selenium.remote.RemoteWebDriver.findElement(RemoteWebDriver.java:387)
at org.openqa.selenium.remote.RemoteWebDriver.findElement(RemoteWebDriver.java:379)
at pageobjects.RepairLocatorsGUI.repairException(RepairLocatorsGUI.java:81)
at fieldServiceFormsTest.PositiveRepairExceptionGUITest.gUITestDropDownRepairException(PositiveRepairExceptionGUITest.java:95)
at jdk.internal.reflect.GeneratedMethodAccessor4.invoke(Unknown Source)
at java.base/jdk.internal.reflect.DelegatingMethodAccessorImpl.invoke(DelegatingMethodAccessorImpl.java:43)
at java.base/java.lang.reflect.Method.invoke(Method.java:566)
at org.testng.internal.MethodInvocationHelper.invokeMethod(MethodInvocationHelper.java:133)
at org.testng.internal.TestInvoker.invokeMethod(TestInvoker.java:598)
at org.testng.internal.TestInvoker.invokeTestMethod(TestInvoker.java:173)
at org.testng.internal.MethodRunner.runInSequence(MethodRunner.java:46)
at org.testng.internal.TestInvoker$MethodInvocationAgent.invoke(TestInvoker.java:824)
at org.testng.internal.TestInvoker.invokeTestMethods(TestInvoker.java:146)
at org.testng.internal.TestMethodWorker.invokeTestMethods(TestMethodWorker.java:146)
at org.testng.internal.TestMethodWorker.run(TestMethodWorker.java:128)
at java.base/java.util.ArrayList.forEach(ArrayList.java:1541)
at org.testng.TestRunner.privateRun(TestRunner.java:794)
at org.testng.TestRunner.run(TestRunner.java:596)
at org.testng.SuiteRunner.runTest(SuiteRunner.java:377)
at org.testng.SuiteRunner.runSequentially(SuiteRunner.java:371)
at org.testng.SuiteRunner.privateRun(SuiteRunner.java:332)
at org.testng.SuiteRunner.run(SuiteRunner.java:276)
at org.testng.SuiteRunnerWorker.runSuite(SuiteRunnerWorker.java:53)
at org.testng.SuiteRunnerWorker.run(SuiteRunnerWorker.java:96)
at org.testng.TestNG.runSuitesSequentially(TestNG.java:1212)
at org.testng.TestNG.runSuitesLocally(TestNG.java:1134)
at org.testng.TestNG.runSuites(TestNG.java:1063)
at org.testng.TestNG.run(TestNG.java:1031)
at org.testng.remote.AbstractRemoteTestNG.run(AbstractRemoteTestNG.java:115)
at org.testng.remote.RemoteTestNG.initAndRun(RemoteTestNG.java:251)
at org.testng.remote.RemoteTestNG.main(RemoteTestNG.java:77)
]]>
    </error>
  </testcase> <!-- gUITestDropDownRepairException -->
  <system-out/>
  <testcase classname="fieldServiceFormsTest.PositiveRepairExceptionGUITest" name="gUITestDropDownRepairException" time="4.231"/>
  <system-out/>
  <testcase classname="fieldServiceFormsTest.PositiveRepairExceptionGUITest" name="gUITestDropDownRepairException" time="4.391"/>
  <system-out/>
  <testcase classname="fieldServiceFormsTest.PositiveRepairExceptionGUITest" name="gUITestDropDownRepairException" time="4.914"/>
  <system-out/>
  <testcase classname="fieldServiceFormsTest.PositiveRepairExceptionGUITest" name="gUITestDropDownRepairException" time="4.824"/>
  <system-out/>
  <testcase classname="fieldServiceFormsTest.PositiveRepairExceptionGUITest" name="gUITestDropDownRepairException" time="4.980"/>
  <system-out/>
  <testcase classname="fieldServiceFormsTest.PositiveRepairExceptionGUITest" name="gUITestDropDownRepairException" time="4.409"/>
  <system-out/>
  <testcase classname="fieldServiceFormsTest.PositiveRepairExceptionGUITest" name="gUITestDropDownRepairException" time="4.804"/>
  <system-out/>
  <testcase classname="fieldServiceFormsTest.PositiveRepairExceptionGUITest" name="gUITestDropDownRepairException" time="4.495"/>
  <system-out/>
  <testcase classname="fieldServiceFormsTest.PositiveRepairExceptionGUITest" name="gUITestDropDownRepairException" time="4.865"/>
  <system-out/>
  <testcase classname="fieldServiceFormsTest.PositiveRepairExceptionGUITest" name="gUITestDropDownRepairException" time="4.435"/>
  <system-out/>
  <testcase classname="fieldServiceFormsTest.PositiveRepairExceptionGUITest" name="gUITestDropDownRepairException" time="5.183"/>
  <system-out/>
  <testcase classname="fieldServiceFormsTest.PositiveRepairExceptionGUITest" name="gUITestDropDownRepairException" time="4.298"/>
  <system-out/>
  <testcase classname="fieldServiceFormsTest.PositiveRepairExceptionGUITest" name="gUITestDropDownRepairException" time="4.584"/>
  <system-out/>
  <testcase classname="fieldServiceFormsTest.PositiveRepairExceptionGUITest" name="gUITestDropDownRepairException" time="6.015"/>
  <system-out/>
  <testcase classname="fieldServiceFormsTest.PositiveRepairExceptionGUITest" name="gUITestDropDownRepairException" time="4.540"/>
  <system-out/>
  <testcase classname="fieldServiceFormsTest.PositiveRepairExceptionGUITest" name="gUITestDropDownRepairException" time="5.335"/>
  <system-out/>
  <testcase classname="fieldServiceFormsTest.PositiveRepairExceptionGUITest" name="gUITestDropDownRepairException" time="4.250"/>
  <system-out/>
  <testcase classname="fieldServiceFormsTest.PositiveRepairExceptionGUITest" name="gUITestDropDownRepairException" time="4.430"/>
  <system-out/>
  <testcase classname="fieldServiceFormsTest.PositiveRepairExceptionGUITest" name="gUITestDropDownRepairException" time="4.269"/>
  <system-out/>
  <testcase classname="fieldServiceFormsTest.PositiveRepairExceptionGUITest" name="gUITestDropDownRepairException" time="4.450"/>
  <system-out/>
  <testcase classname="fieldServiceFormsTest.PositiveRepairExceptionGUITest" name="gUITestDropDownRepairException" time="4.484"/>
  <system-out/>
  <testcase classname="fieldServiceFormsTest.PositiveRepairExceptionGUITest" name="gUITestDropDownRepairException" time="5.939"/>
  <system-out/>
  <testcase classname="fieldServiceFormsTest.PositiveRepairExceptionGUITest" name="gUITestDropDownRepairException" time="4.874"/>
  <system-out/>
  <testcase classname="fieldServiceFormsTest.PositiveRepairExceptionGUITest" name="gUITestDropDownRepairException" time="4.920"/>
  <system-out/>
  <testcase classname="fieldServiceFormsTest.PositiveRepairExceptionGUITest" name="gUITestDropDownRepairException" time="5.223"/>
  <system-out/>
  <testcase classname="fieldServiceFormsTest.PositiveRepairExceptionGUITest" name="gUITestDropDownRepairException" time="4.870"/>
  <system-out/>
  <testcase classname="fieldServiceFormsTest.PositiveRepairExceptionGUITest" name="gUITestDropDownRepairException" time="4.279"/>
  <system-out/>
  <testcase classname="fieldServiceFormsTest.PositiveRepairExceptionGUITest" name="gUITestDropDownRepairException" time="4.481"/>
  <system-out/>
  <testcase classname="fieldServiceFormsTest.PositiveRepairExceptionGUITest" name="gUITestDropDownRepairException" time="4.410"/>
  <system-out/>
  <testcase classname="fieldServiceFormsTest.PositiveRepairExceptionGUITest" name="gUITestDropDownRepairException" time="5.357"/>
  <system-out/>
  <testcase classname="fieldServiceFormsTest.PositiveRepairExceptionGUITest" name="gUITestDropDownRepairException" time="4.530"/>
  <system-out/>
  <testcase classname="fieldServiceFormsTest.PositiveRepairExceptionGUITest" name="gUITestDropDownRepairException" time="4.852"/>
  <system-out/>
  <testcase classname="fieldServiceFormsTest.PositiveRepairExceptionGUITest" name="gUITestDropDownRepairException" time="5.282"/>
  <system-out/>
  <testcase classname="fieldServiceFormsTest.PositiveRepairExceptionGUITest" name="gUITestDropDownRepairException" time="4.270"/>
  <system-out/>
  <testcase classname="fieldServiceFormsTest.PositiveRepairExceptionGUITest" name="gUITestDropDownRepairException" time="4.285"/>
  <system-out/>
  <testcase classname="fieldServiceFormsTest.PositiveRepairExceptionGUITest" name="gUITestDropDownRepairException" time="4.274"/>
  <system-out/>
  <testcase classname="fieldServiceFormsTest.PositiveRepairExceptionGUITest" name="gUITestDropDownRepairException" time="5.147"/>
  <system-out/>
  <testcase classname="fieldServiceFormsTest.PositiveRepairExceptionGUITest" name="gUITestDropDownRepairException" time="4.650"/>
  <system-out/>
  <testcase classname="fieldServiceFormsTest.PositiveRepairExceptionGUITest" name="gUITestDropDownRepairException" time="4.807"/>
  <system-out/>
  <testcase classname="fieldServiceFormsTest.PositiveRepairExceptionGUITest" name="gUITestDropDownRepairException" time="4.325"/>
  <system-out/>
  <testcase classname="fieldServiceFormsTest.PositiveRepairExceptionGUITest" name="gUITestDropDownRepairException" time="4.515"/>
  <system-out/>
  <testcase classname="fieldServiceFormsTest.PositiveRepairExceptionGUITest" name="gUITestDropDownRepairException" time="5.736"/>
  <system-out/>
  <testcase classname="fieldServiceFormsTest.PositiveRepairExceptionGUITest" name="gUITestDropDownRepairException" time="4.364"/>
  <system-out/>
  <testcase classname="fieldServiceFormsTest.PositiveRepairExceptionGUITest" name="gUITestDropDownRepairException" time="4.347"/>
  <system-out/>
  <testcase classname="fieldServiceFormsTest.PositiveRepairExceptionGUITest" name="gUITestDropDownRepairException" time="4.600"/>
  <system-out/>
  <testcase classname="fieldServiceFormsTest.PositiveRepairExceptionGUITest" name="gUITestDropDownRepairException" time="4.882"/>
  <system-out/>
  <testcase classname="fieldServiceFormsTest.PositiveRepairExceptionGUITest" name="gUITestDropDownRepairException" time="4.406"/>
  <system-out/>
  <testcase classname="fieldServiceFormsTest.PositiveRepairExceptionGUITest" name="gUITestDropDownRepairException" time="4.236"/>
  <system-out/>
  <testcase classname="fieldServiceFormsTest.PositiveRepairExceptionGUITest" name="gUITestDropDownRepairException" time="4.282"/>
  <system-out/>
  <testcase classname="fieldServiceFormsTest.PositiveRepairExceptionGUITest" name="gUITestDropDownRepairException" time="5.944"/>
  <system-out/>
  <testcase classname="fieldServiceFormsTest.PositiveRepairExceptionGUITest" name="gUITestDropDownRepairException" time="4.364"/>
  <system-out/>
  <testcase classname="fieldServiceFormsTest.PositiveRepairExceptionGUITest" name="gUITestDropDownRepairException" time="4.157"/>
  <system-out/>
  <testcase classname="fieldServiceFormsTest.PositiveRepairExceptionGUITest" name="gUITestDropDownRepairException" time="5.389"/>
  <system-out/>
  <testcase classname="fieldServiceFormsTest.PositiveRepairExceptionGUITest" name="gUITestDropDownRepairException" time="4.982"/>
  <system-out/>
  <testcase classname="fieldServiceFormsTest.PositiveRepairExceptionGUITest" name="gUITestDropDownRepairException" time="5.878"/>
  <system-out/>
  <testcase classname="fieldServiceFormsTest.PositiveRepairExceptionGUITest" name="gUITestDropDownRepairException" time="4.444"/>
  <system-out/>
  <testcase classname="fieldServiceFormsTest.PositiveRepairExceptionGUITest" name="gUITestDropDownRepairException" time="5.408"/>
  <system-out/>
  <testcase classname="fieldServiceFormsTest.PositiveRepairExceptionGUITest" name="gUITestDropDownRepairException" time="4.279"/>
  <system-out/>
  <testcase classname="fieldServiceFormsTest.PositiveRepairExceptionGUITest" name="gUITestDropDownRepairException" time="4.863"/>
  <system-out/>
  <testcase classname="fieldServiceFormsTest.PositiveRepairExceptionGUITest" name="gUITestDropDownRepairException" time="4.533"/>
  <system-out/>
  <testcase classname="fieldServiceFormsTest.PositiveRepairExceptionGUITest" name="gUITestDropDownRepairException" time="4.416"/>
  <system-out/>
  <testcase classname="fieldServiceFormsTest.PositiveRepairExceptionGUITest" name="gUITestDropDownRepairException" time="4.938"/>
  <system-out/>
  <testcase classname="fieldServiceFormsTest.PositiveRepairExceptionGUITest" name="gUITestDropDownRepairException" time="5.404"/>
  <system-out/>
  <testcase classname="fieldServiceFormsTest.PositiveRepairExceptionGUITest" name="gUITestDropDownRepairException" time="53.237">
    <error message="no such element: Unable to locate element: {&quot;method&quot;:&quot;css selector&quot;,&quot;selector&quot;:&quot;#repairException&quot;}
  (Session info: chrome=109.0.5414.75)
For documentation on this error, please visit: https://selenium.dev/exceptions/#no_such_element
Build info: version: &#039;4.3.0&#039;, revision: &#039;a4995e2c09*&#039;
System info: host: &#039;DESKTOP-M729FOC&#039;, ip: &#039;192.168.29.91&#039;, os.name: &#039;Windows 10&#039;, os.arch: &#039;amd64&#039;, os.version: &#039;10.0&#039;, java.version: &#039;11.0.13&#039;
Driver info: org.openqa.selenium.chrome.ChromeDriver
Command: [597a0c430c70878c24edba044d404178, findElement {using=id, value=repairException}]
Capabilities {acceptInsecureCerts: false, browserName: chrome, browserVersion: 109.0.5414.75, chrome: {chromedriverVersion: 109.0.5414.74 (e7c5703604da..., userDataDir: C:\Users\DELL\AppData\Local...}, goog:chromeOptions: {debuggerAddress: localhost:52569}, networkConnectionEnabled: false, pageLoadStrategy: normal, platformName: WINDOWS, proxy: Proxy(), se:cdp: ws://localhost:52569/devtoo..., se:cdpVersion: 109.0.5414.75, setWindowRect: true, strictFileInteractability: false, timeouts: {implicit: 0, pageLoad: 300000, script: 30000}, unhandledPromptBehavior: dismiss and notify, webauthn:extension:credBlob: true, webauthn:extension:largeBlob: true, webauthn:virtualAuthenticators: true}
Session ID: 597a0c430c70878c24edba044d404178" type="org.openqa.selenium.NoSuchElementException">
      <![CDATA[org.openqa.selenium.NoSuchElementException: no such element: Unable to locate element: {"method":"css selector","selector":"#repairException"}
  (Session info: chrome=109.0.5414.75)
For documentation on this error, please visit: https://selenium.dev/exceptions/#no_such_element
Build info: version: '4.3.0', revision: 'a4995e2c09*'
System info: host: 'DESKTOP-M729FOC', ip: '192.168.29.91', os.name: 'Windows 10', os.arch: 'amd64', os.version: '10.0', java.version: '11.0.13'
Driver info: org.openqa.selenium.chrome.ChromeDriver
Command: [597a0c430c70878c24edba044d404178, findElement {using=id, value=repairException}]
Capabilities {acceptInsecureCerts: false, browserName: chrome, browserVersion: 109.0.5414.75, chrome: {chromedriverVersion: 109.0.5414.74 (e7c5703604da..., userDataDir: C:\Users\DELL\AppData\Local...}, goog:chromeOptions: {debuggerAddress: localhost:52569}, networkConnectionEnabled: false, pageLoadStrategy: normal, platformName: WINDOWS, proxy: Proxy(), se:cdp: ws://localhost:52569/devtoo..., se:cdpVersion: 109.0.5414.75, setWindowRect: true, strictFileInteractability: false, timeouts: {implicit: 0, pageLoad: 300000, script: 30000}, unhandledPromptBehavior: dismiss and notify, webauthn:extension:credBlob: true, webauthn:extension:largeBlob: true, webauthn:virtualAuthenticators: true}
Session ID: 597a0c430c70878c24edba044d404178
at java.base/jdk.internal.reflect.NativeConstructorAccessorImpl.newInstance0(Native Method)
at java.base/jdk.internal.reflect.NativeConstructorAccessorImpl.newInstance(NativeConstructorAccessorImpl.java:62)
at java.base/jdk.internal.reflect.DelegatingConstructorAccessorImpl.newInstance(DelegatingConstructorAccessorImpl.java:45)
at java.base/java.lang.reflect.Constructor.newInstance(Constructor.java:490)
at org.openqa.selenium.remote.codec.w3c.W3CHttpResponseCodec.createException(W3CHttpResponseCodec.java:200)
at org.openqa.selenium.remote.codec.w3c.W3CHttpResponseCodec.decode(W3CHttpResponseCodec.java:133)
at org.openqa.selenium.remote.codec.w3c.W3CHttpResponseCodec.decode(W3CHttpResponseCodec.java:53)
at org.openqa.selenium.remote.HttpCommandExecutor.execute(HttpCommandExecutor.java:184)
at org.openqa.selenium.remote.service.DriverCommandExecutor.invokeExecute(DriverCommandExecutor.java:167)
at org.openqa.selenium.remote.service.DriverCommandExecutor.execute(DriverCommandExecutor.java:142)
at org.openqa.selenium.remote.RemoteWebDriver.execute(RemoteWebDriver.java:569)
at org.openqa.selenium.remote.ElementLocation$ElementFinder$2.findElement(ElementLocation.java:162)
at org.openqa.selenium.remote.ElementLocation.findElement(ElementLocation.java:60)
at org.openqa.selenium.remote.RemoteWebDriver.findElement(RemoteWebDriver.java:387)
at org.openqa.selenium.remote.RemoteWebDriver.findElement(RemoteWebDriver.java:379)
at pageobjects.RepairLocatorsGUI.repairException(RepairLocatorsGUI.java:81)
at fieldServiceFormsTest.PositiveRepairExceptionGUITest.gUITestDropDownRepairException(PositiveRepairExceptionGUITest.java:95)
at jdk.internal.reflect.GeneratedMethodAccessor4.invoke(Unknown Source)
at java.base/jdk.internal.reflect.DelegatingMethodAccessorImpl.invoke(DelegatingMethodAccessorImpl.java:43)
at java.base/java.lang.reflect.Method.invoke(Method.java:566)
at org.testng.internal.MethodInvocationHelper.invokeMethod(MethodInvocationHelper.java:133)
at org.testng.internal.TestInvoker.invokeMethod(TestInvoker.java:598)
at org.testng.internal.TestInvoker.invokeTestMethod(TestInvoker.java:173)
at org.testng.internal.MethodRunner.runInSequence(MethodRunner.java:46)
at org.testng.internal.TestInvoker$MethodInvocationAgent.invoke(TestInvoker.java:824)
at org.testng.internal.TestInvoker.invokeTestMethods(TestInvoker.java:146)
at org.testng.internal.TestMethodWorker.invokeTestMethods(TestMethodWorker.java:146)
at org.testng.internal.TestMethodWorker.run(TestMethodWorker.java:128)
at java.base/java.util.ArrayList.forEach(ArrayList.java:1541)
at org.testng.TestRunner.privateRun(TestRunner.java:794)
at org.testng.TestRunner.run(TestRunner.java:596)
at org.testng.SuiteRunner.runTest(SuiteRunner.java:377)
at org.testng.SuiteRunner.runSequentially(SuiteRunner.java:371)
at org.testng.SuiteRunner.privateRun(SuiteRunner.java:332)
at org.testng.SuiteRunner.run(SuiteRunner.java:276)
at org.testng.SuiteRunnerWorker.runSuite(SuiteRunnerWorker.java:53)
at org.testng.SuiteRunnerWorker.run(SuiteRunnerWorker.java:96)
at org.testng.TestNG.runSuitesSequentially(TestNG.java:1212)
at org.testng.TestNG.runSuitesLocally(TestNG.java:1134)
at org.testng.TestNG.runSuites(TestNG.java:1063)
at org.testng.TestNG.run(TestNG.java:1031)
at org.testng.remote.AbstractRemoteTestNG.run(AbstractRemoteTestNG.java:115)
at org.testng.remote.RemoteTestNG.initAndRun(RemoteTestNG.java:251)
at org.testng.remote.RemoteTestNG.main(RemoteTestNG.java:77)
]]>
    </error>
  </testcase> <!-- gUITestDropDownRepairException -->
  <system-out/>
  <testcase classname="fieldServiceFormsTest.PositiveRepairExceptionGUITest" name="gUITestDropDownRepairException" time="4.479"/>
  <system-out/>
  <testcase classname="fieldServiceFormsTest.PositiveRepairExceptionGUITest" name="gUITestDropDownRepairException" time="5.474"/>
  <system-out/>
  <testcase classname="fieldServiceFormsTest.PositiveRepairExceptionGUITest" name="gUITestDropDownRepairException" time="4.916"/>
  <system-out/>
  <testcase classname="fieldServiceFormsTest.PositiveRepairExceptionGUITest" name="gUITestDropDownRepairException" time="4.718"/>
  <system-out/>
  <testcase classname="fieldServiceFormsTest.PositiveRepairExceptionGUITest" name="gUITestDropDownRepairException" time="4.599"/>
  <system-out/>
  <testcase classname="fieldServiceFormsTest.PositiveRepairExceptionGUITest" name="gUITestDropDownRepairException" time="4.484"/>
  <system-out/>
  <testcase classname="fieldServiceFormsTest.PositiveRepairExceptionGUITest" name="gUITestDropDownRepairException" time="4.385"/>
  <system-out/>
  <testcase classname="fieldServiceFormsTest.PositiveRepairExceptionGUITest" name="gUITestDropDownRepairException" time="4.317"/>
  <system-out/>
  <testcase classname="fieldServiceFormsTest.PositiveRepairExceptionGUITest" name="gUITestDropDownRepairException" time="5.102"/>
  <system-out/>
  <testcase classname="fieldServiceFormsTest.PositiveRepairExceptionGUITest" name="gUITestDropDownRepairException" time="5.028"/>
  <system-out/>
  <testcase classname="fieldServiceFormsTest.PositiveRepairExceptionGUITest" name="gUITestDropDownRepairException" time="5.775"/>
  <system-out/>
  <testcase classname="fieldServiceFormsTest.PositiveRepairExceptionGUITest" name="gUITestDropDownRepairException" time="4.615"/>
  <system-out/>
  <testcase classname="fieldServiceFormsTest.PositiveRepairExceptionGUITest" name="gUITestDropDownRepairException" time="4.291"/>
  <system-out/>
  <testcase classname="fieldServiceFormsTest.PositiveRepairExceptionGUITest" name="gUITestDropDownRepairException" time="5.227"/>
  <system-out/>
  <testcase classname="fieldServiceFormsTest.PositiveRepairExceptionGUITest" name="gUITestDropDownRepairException" time="4.712"/>
  <system-out/>
  <testcase classname="fieldServiceFormsTest.PositiveRepairExceptionGUITest" name="gUITestDropDownRepairException" time="53.178">
    <error message="no such element: Unable to locate element: {&quot;method&quot;:&quot;css selector&quot;,&quot;selector&quot;:&quot;#repairException&quot;}
  (Session info: chrome=109.0.5414.75)
For documentation on this error, please visit: https://selenium.dev/exceptions/#no_such_element
Build info: version: &#039;4.3.0&#039;, revision: &#039;a4995e2c09*&#039;
System info: host: &#039;DESKTOP-M729FOC&#039;, ip: &#039;192.168.29.91&#039;, os.name: &#039;Windows 10&#039;, os.arch: &#039;amd64&#039;, os.version: &#039;10.0&#039;, java.version: &#039;11.0.13&#039;
Driver info: org.openqa.selenium.chrome.ChromeDriver
Command: [597a0c430c70878c24edba044d404178, findElement {using=id, value=repairException}]
Capabilities {acceptInsecureCerts: false, browserName: chrome, browserVersion: 109.0.5414.75, chrome: {chromedriverVersion: 109.0.5414.74 (e7c5703604da..., userDataDir: C:\Users\DELL\AppData\Local...}, goog:chromeOptions: {debuggerAddress: localhost:52569}, networkConnectionEnabled: false, pageLoadStrategy: normal, platformName: WINDOWS, proxy: Proxy(), se:cdp: ws://localhost:52569/devtoo..., se:cdpVersion: 109.0.5414.75, setWindowRect: true, strictFileInteractability: false, timeouts: {implicit: 0, pageLoad: 300000, script: 30000}, unhandledPromptBehavior: dismiss and notify, webauthn:extension:credBlob: true, webauthn:extension:largeBlob: true, webauthn:virtualAuthenticators: true}
Session ID: 597a0c430c70878c24edba044d404178" type="org.openqa.selenium.NoSuchElementException">
      <![CDATA[org.openqa.selenium.NoSuchElementException: no such element: Unable to locate element: {"method":"css selector","selector":"#repairException"}
  (Session info: chrome=109.0.5414.75)
For documentation on this error, please visit: https://selenium.dev/exceptions/#no_such_element
Build info: version: '4.3.0', revision: 'a4995e2c09*'
System info: host: 'DESKTOP-M729FOC', ip: '192.168.29.91', os.name: 'Windows 10', os.arch: 'amd64', os.version: '10.0', java.version: '11.0.13'
Driver info: org.openqa.selenium.chrome.ChromeDriver
Command: [597a0c430c70878c24edba044d404178, findElement {using=id, value=repairException}]
Capabilities {acceptInsecureCerts: false, browserName: chrome, browserVersion: 109.0.5414.75, chrome: {chromedriverVersion: 109.0.5414.74 (e7c5703604da..., userDataDir: C:\Users\DELL\AppData\Local...}, goog:chromeOptions: {debuggerAddress: localhost:52569}, networkConnectionEnabled: false, pageLoadStrategy: normal, platformName: WINDOWS, proxy: Proxy(), se:cdp: ws://localhost:52569/devtoo..., se:cdpVersion: 109.0.5414.75, setWindowRect: true, strictFileInteractability: false, timeouts: {implicit: 0, pageLoad: 300000, script: 30000}, unhandledPromptBehavior: dismiss and notify, webauthn:extension:credBlob: true, webauthn:extension:largeBlob: true, webauthn:virtualAuthenticators: true}
Session ID: 597a0c430c70878c24edba044d404178
at jdk.internal.reflect.GeneratedConstructorAccessor15.newInstance(Unknown Source)
at java.base/jdk.internal.reflect.DelegatingConstructorAccessorImpl.newInstance(DelegatingConstructorAccessorImpl.java:45)
at java.base/java.lang.reflect.Constructor.newInstance(Constructor.java:490)
at org.openqa.selenium.remote.codec.w3c.W3CHttpResponseCodec.createException(W3CHttpResponseCodec.java:200)
at org.openqa.selenium.remote.codec.w3c.W3CHttpResponseCodec.decode(W3CHttpResponseCodec.java:133)
at org.openqa.selenium.remote.codec.w3c.W3CHttpResponseCodec.decode(W3CHttpResponseCodec.java:53)
at org.openqa.selenium.remote.HttpCommandExecutor.execute(HttpCommandExecutor.java:184)
at org.openqa.selenium.remote.service.DriverCommandExecutor.invokeExecute(DriverCommandExecutor.java:167)
at org.openqa.selenium.remote.service.DriverCommandExecutor.execute(DriverCommandExecutor.java:142)
at org.openqa.selenium.remote.RemoteWebDriver.execute(RemoteWebDriver.java:569)
at org.openqa.selenium.remote.ElementLocation$ElementFinder$2.findElement(ElementLocation.java:162)
at org.openqa.selenium.remote.ElementLocation.findElement(ElementLocation.java:60)
at org.openqa.selenium.remote.RemoteWebDriver.findElement(RemoteWebDriver.java:387)
at org.openqa.selenium.remote.RemoteWebDriver.findElement(RemoteWebDriver.java:379)
at pageobjects.RepairLocatorsGUI.repairException(RepairLocatorsGUI.java:81)
at fieldServiceFormsTest.PositiveRepairExceptionGUITest.gUITestDropDownRepairException(PositiveRepairExceptionGUITest.java:95)
at jdk.internal.reflect.GeneratedMethodAccessor4.invoke(Unknown Source)
at java.base/jdk.internal.reflect.DelegatingMethodAccessorImpl.invoke(DelegatingMethodAccessorImpl.java:43)
at java.base/java.lang.reflect.Method.invoke(Method.java:566)
at org.testng.internal.MethodInvocationHelper.invokeMethod(MethodInvocationHelper.java:133)
at org.testng.internal.TestInvoker.invokeMethod(TestInvoker.java:598)
at org.testng.internal.TestInvoker.invokeTestMethod(TestInvoker.java:173)
at org.testng.internal.MethodRunner.runInSequence(MethodRunner.java:46)
at org.testng.internal.TestInvoker$MethodInvocationAgent.invoke(TestInvoker.java:824)
at org.testng.internal.TestInvoker.invokeTestMethods(TestInvoker.java:146)
at org.testng.internal.TestMethodWorker.invokeTestMethods(TestMethodWorker.java:146)
at org.testng.internal.TestMethodWorker.run(TestMethodWorker.java:128)
at java.base/java.util.ArrayList.forEach(ArrayList.java:1541)
at org.testng.TestRunner.privateRun(TestRunner.java:794)
at org.testng.TestRunner.run(TestRunner.java:596)
at org.testng.SuiteRunner.runTest(SuiteRunner.java:377)
at org.testng.SuiteRunner.runSequentially(SuiteRunner.java:371)
at org.testng.SuiteRunner.privateRun(SuiteRunner.java:332)
at org.testng.SuiteRunner.run(SuiteRunner.java:276)
at org.testng.SuiteRunnerWorker.runSuite(SuiteRunnerWorker.java:53)
at org.testng.SuiteRunnerWorker.run(SuiteRunnerWorker.java:96)
at org.testng.TestNG.runSuitesSequentially(TestNG.java:1212)
at org.testng.TestNG.runSuitesLocally(TestNG.java:1134)
at org.testng.TestNG.runSuites(TestNG.java:1063)
at org.testng.TestNG.run(TestNG.java:1031)
at org.testng.remote.AbstractRemoteTestNG.run(AbstractRemoteTestNG.java:115)
at org.testng.remote.RemoteTestNG.initAndRun(RemoteTestNG.java:251)
at org.testng.remote.RemoteTestNG.main(RemoteTestNG.java:77)
]]>
    </error>
  </testcase> <!-- gUITestDropDownRepairException -->
  <system-out/>
  <testcase classname="fieldServiceFormsTest.PositiveRepairExceptionGUITest" name="gUITestDropDownRepairException" time="5.053"/>
  <system-out/>
  <testcase classname="fieldServiceFormsTest.PositiveRepairExceptionGUITest" name="gUITestDropDownRepairException" time="4.419"/>
  <system-out/>
  <testcase classname="fieldServiceFormsTest.PositiveRepairExceptionGUITest" name="gUITestDropDownRepairException" time="5.058"/>
  <system-out/>
  <testcase classname="fieldServiceFormsTest.PositiveRepairExceptionGUITest" name="gUITestDropDownRepairException" time="4.239"/>
  <system-out/>
  <testcase classname="fieldServiceFormsTest.PositiveRepairExceptionGUITest" name="gUITestDropDownRepairException" time="5.112"/>
  <system-out/>
  <testcase classname="fieldServiceFormsTest.PositiveRepairExceptionGUITest" name="gUITestDropDownRepairException" time="4.437"/>
  <system-out/>
  <testcase classname="fieldServiceFormsTest.PositiveRepairExceptionGUITest" name="gUITestDropDownRepairException" time="4.465"/>
  <system-out/>
  <testcase classname="fieldServiceFormsTest.PositiveRepairExceptionGUITest" name="gUITestDropDownRepairException" time="6.125"/>
  <system-out/>
  <testcase classname="fieldServiceFormsTest.PositiveRepairExceptionGUITest" name="gUITestDropDownRepairException" time="4.325"/>
  <system-out/>
  <testcase classname="fieldServiceFormsTest.PositiveRepairExceptionGUITest" name="gUITestDropDownRepairException" time="4.695"/>
  <system-out/>
  <testcase classname="fieldServiceFormsTest.PositiveRepairExceptionGUITest" name="gUITestDropDownRepairException" time="5.210"/>
  <system-out/>
  <testcase classname="fieldServiceFormsTest.PositiveRepairExceptionGUITest" name="gUITestDropDownRepairException" time="6.440"/>
  <system-out/>
  <testcase classname="fieldServiceFormsTest.PositiveRepairExceptionGUITest" name="gUITestDropDownRepairException" time="4.488"/>
  <system-out/>
  <testcase classname="fieldServiceFormsTest.PositiveRepairExceptionGUITest" name="gUITestDropDownRepairException" time="4.427"/>
  <system-out/>
  <testcase classname="fieldServiceFormsTest.PositiveRepairExceptionGUITest" name="gUITestDropDownRepairException" time="4.255"/>
  <system-out/>
  <testcase classname="fieldServiceFormsTest.PositiveRepairExceptionGUITest" name="gUITestDropDownRepairException" time="4.505"/>
  <system-out/>
  <testcase classname="fieldServiceFormsTest.PositiveRepairExceptionGUITest" name="gUITestDropDownRepairException" time="4.370"/>
  <system-out/>
  <testcase classname="fieldServiceFormsTest.PositiveRepairExceptionGUITest" name="gUITestDropDownRepairException" time="5.036"/>
  <system-out/>
  <testcase classname="fieldServiceFormsTest.PositiveRepairExceptionGUITest" name="gUITestDropDownRepairException" time="5.056"/>
  <system-out/>
  <testcase classname="fieldServiceFormsTest.PositiveRepairExceptionGUITest" name="gUITestDropDownRepairException" time="4.743"/>
  <system-out/>
  <testcase classname="fieldServiceFormsTest.PositiveRepairExceptionGUITest" name="gUITestDropDownRepairException" time="5.134"/>
  <system-out/>
  <testcase classname="fieldServiceFormsTest.PositiveRepairExceptionGUITest" name="gUITestDropDownRepairException" time="5.557"/>
  <system-out/>
  <testcase classname="fieldServiceFormsTest.PositiveRepairExceptionGUITest" name="gUITestDropDownRepairException" time="5.285"/>
  <system-out/>
  <testcase classname="fieldServiceFormsTest.PositiveRepairExceptionGUITest" name="gUITestDropDownRepairException" time="5.120"/>
  <system-out/>
  <testcase classname="fieldServiceFormsTest.PositiveRepairExceptionGUITest" name="gUITestDropDownRepairException" time="5.037"/>
  <system-out/>
  <testcase classname="fieldServiceFormsTest.PositiveRepairExceptionGUITest" name="gUITestDropDownRepairException" time="4.760"/>
  <system-out/>
  <testcase classname="fieldServiceFormsTest.PositiveRepairExceptionGUITest" name="gUITestDropDownRepairException" time="4.442"/>
  <system-out/>
  <testcase classname="fieldServiceFormsTest.PositiveRepairExceptionGUITest" name="gUITestDropDownRepairException" time="4.401"/>
  <system-out/>
  <testcase classname="fieldServiceFormsTest.PositiveRepairExceptionGUITest" name="gUITestDropDownRepairException" time="5.514"/>
  <system-out/>
  <testcase classname="fieldServiceFormsTest.PositiveRepairExceptionGUITest" name="gUITestDropDownRepairException" time="5.313"/>
  <system-out/>
  <testcase classname="fieldServiceFormsTest.PositiveRepairExceptionGUITest" name="gUITestDropDownRepairException" time="4.255"/>
  <system-out/>
  <testcase classname="fieldServiceFormsTest.PositiveRepairExceptionGUITest" name="gUITestDropDownRepairException" time="4.396"/>
  <system-out/>
  <testcase classname="fieldServiceFormsTest.PositiveRepairExceptionGUITest" name="gUITestDropDownRepairException" time="4.870"/>
  <system-out/>
  <testcase classname="fieldServiceFormsTest.PositiveRepairExceptionGUITest" name="gUITestDropDownRepairException" time="5.118"/>
  <system-out/>
  <testcase classname="fieldServiceFormsTest.PositiveRepairExceptionGUITest" name="gUITestDropDownRepairException" time="4.868"/>
  <system-out/>
  <testcase classname="fieldServiceFormsTest.PositiveRepairExceptionGUITest" name="gUITestDropDownRepairException" time="4.378"/>
  <system-out/>
  <testcase classname="fieldServiceFormsTest.PositiveRepairExceptionGUITest" name="gUITestDropDownRepairException" time="4.393"/>
  <system-out/>
  <testcase classname="fieldServiceFormsTest.PositiveRepairExceptionGUITest" name="gUITestDropDownRepairException" time="4.465"/>
  <system-out/>
  <testcase classname="fieldServiceFormsTest.PositiveRepairExceptionGUITest" name="gUITestDropDownRepairException" time="4.411"/>
  <system-out/>
  <testcase classname="fieldServiceFormsTest.PositiveRepairExceptionGUITest" name="gUITestDropDownRepairException" time="4.612"/>
  <system-out/>
  <testcase classname="fieldServiceFormsTest.PositiveRepairExceptionGUITest" name="gUITestDropDownRepairException" time="4.834"/>
  <system-out/>
  <testcase classname="fieldServiceFormsTest.PositiveRepairExceptionGUITest" name="gUITestDropDownRepairException" time="4.315"/>
  <system-out/>
  <testcase classname="fieldServiceFormsTest.PositiveRepairExceptionGUITest" name="gUITestDropDownRepairException" time="5.314"/>
  <system-out/>
  <testcase classname="fieldServiceFormsTest.PositiveRepairExceptionGUITest" name="gUITestDropDownRepairException" time="4.320"/>
  <system-out/>
  <testcase classname="fieldServiceFormsTest.PositiveRepairExceptionGUITest" name="gUITestDropDownRepairException" time="4.367"/>
  <system-out/>
  <testcase classname="fieldServiceFormsTest.PositiveRepairExceptionGUITest" name="gUITestDropDownRepairException" time="4.245"/>
  <system-out/>
  <testcase classname="fieldServiceFormsTest.PositiveRepairExceptionGUITest" name="gUITestDropDownRepairException" time="5.789"/>
  <system-out/>
  <testcase classname="fieldServiceFormsTest.PositiveRepairExceptionGUITest" name="gUITestDropDownRepairException" time="4.229"/>
  <system-out/>
  <testcase classname="fieldServiceFormsTest.PositiveRepairExceptionGUITest" name="gUITestDropDownRepairException" time="4.914"/>
  <system-out/>
  <testcase classname="fieldServiceFormsTest.PositiveRepairExceptionGUITest" name="gUITestDropDownRepairException" time="4.318"/>
  <system-out/>
  <testcase classname="fieldServiceFormsTest.PositiveRepairExceptionGUITest" name="gUITestDropDownRepairException" time="5.064"/>
  <system-out/>
  <testcase classname="fieldServiceFormsTest.PositiveRepairExceptionGUITest" name="gUITestDropDownRepairException" time="4.789"/>
  <system-out/>
  <testcase classname="fieldServiceFormsTest.PositiveRepairExceptionGUITest" name="gUITestDropDownRepairException" time="4.987"/>
  <system-out/>
  <testcase classname="fieldServiceFormsTest.PositiveRepairExceptionGUITest" name="gUITestDropDownRepairException" time="4.306"/>
  <system-out/>
  <testcase classname="fieldServiceFormsTest.PositiveRepairExceptionGUITest" name="gUITestDropDownRepairException" time="4.417"/>
  <system-out/>
  <testcase classname="fieldServiceFormsTest.PositiveRepairExceptionGUITest" name="gUITestDropDownRepairException" time="4.583"/>
  <system-out/>
  <testcase classname="fieldServiceFormsTest.PositiveRepairExceptionGUITest" name="gUITestDropDownRepairException" time="4.463"/>
  <system-out/>
  <testcase classname="fieldServiceFormsTest.PositiveRepairExceptionGUITest" name="gUITestDropDownRepairException" time="4.493"/>
  <system-out/>
  <testcase classname="fieldServiceFormsTest.PositiveRepairExceptionGUITest" name="gUITestDropDownRepairException" time="4.278"/>
  <system-out/>
  <testcase classname="fieldServiceFormsTest.PositiveRepairExceptionGUITest" name="gUITestDropDownRepairException" time="5.227"/>
  <system-out/>
  <testcase classname="fieldServiceFormsTest.PositiveRepairExceptionGUITest" name="gUITestDropDownRepairException" time="4.294"/>
  <system-out/>
  <testcase classname="fieldServiceFormsTest.PositiveRepairExceptionGUITest" name="gUITestDropDownRepairException" time="4.875"/>
  <system-out/>
  <testcase classname="fieldServiceFormsTest.PositiveRepairExceptionGUITest" name="gUITestDropDownRepairException" time="4.365"/>
  <system-out/>
  <testcase classname="fieldServiceFormsTest.PositiveRepairExceptionGUITest" name="gUITestDropDownRepairException" time="5.604"/>
  <system-out/>
  <testcase classname="fieldServiceFormsTest.PositiveRepairExceptionGUITest" name="gUITestDropDownRepairException" time="4.318"/>
  <system-out/>
  <testcase classname="fieldServiceFormsTest.PositiveRepairExceptionGUITest" name="gUITestDropDownRepairException" time="4.415"/>
  <system-out/>
  <testcase classname="fieldServiceFormsTest.PositiveRepairExceptionGUITest" name="gUITestDropDownRepairException" time="4.462"/>
  <system-out/>
  <testcase classname="fieldServiceFormsTest.PositiveRepairExceptionGUITest" name="gUITestDropDownRepairException" time="4.418"/>
  <system-out/>
  <testcase classname="fieldServiceFormsTest.PositiveRepairExceptionGUITest" name="gUITestDropDownRepairException" time="4.686"/>
  <system-out/>
  <testcase classname="fieldServiceFormsTest.PositiveRepairExceptionGUITest" name="gUITestDropDownRepairException" time="4.579"/>
  <system-out/>
  <testcase classname="fieldServiceFormsTest.PositiveRepairExceptionGUITest" name="gUITestDropDownRepairException" time="5.303"/>
  <system-out/>
  <testcase classname="fieldServiceFormsTest.PositiveRepairExceptionGUITest" name="gUITestDropDownRepairException" time="4.396"/>
  <system-out/>
  <testcase classname="fieldServiceFormsTest.PositiveRepairExceptionGUITest" name="gUITestDropDownRepairException" time="4.698"/>
  <system-out/>
  <testcase classname="fieldServiceFormsTest.PositiveRepairExceptionGUITest" name="gUITestDropDownRepairException" time="4.372"/>
  <system-out/>
  <testcase classname="fieldServiceFormsTest.PositiveRepairExceptionGUITest" name="gUITestDropDownRepairException" time="4.325"/>
  <system-out/>
  <testcase classname="fieldServiceFormsTest.PositiveRepairExceptionGUITest" name="gUITestDropDownRepairException" time="4.821"/>
  <system-out/>
  <testcase classname="fieldServiceFormsTest.PositiveRepairExceptionGUITest" name="gUITestDropDownRepairException" time="5.138"/>
  <system-out/>
  <testcase classname="fieldServiceFormsTest.PositiveRepairExceptionGUITest" name="gUITestDropDownRepairException" time="5.043"/>
  <system-out/>
  <testcase classname="fieldServiceFormsTest.PositiveRepairExceptionGUITest" name="gUITestDropDownRepairException" time="4.286"/>
  <system-out/>
  <testcase classname="fieldServiceFormsTest.PositiveRepairExceptionGUITest" name="gUITestDropDownRepairException" time="4.884"/>
  <system-out/>
  <testcase classname="fieldServiceFormsTest.PositiveRepairExceptionGUITest" name="gUITestDropDownRepairException" time="4.459"/>
  <system-out/>
  <testcase classname="fieldServiceFormsTest.PositiveRepairExceptionGUITest" name="gUITestDropDownRepairException" time="4.749"/>
  <system-out/>
  <testcase classname="fieldServiceFormsTest.PositiveRepairExceptionGUITest" name="gUITestDropDownRepairException" time="4.902"/>
  <system-out/>
  <testcase classname="fieldServiceFormsTest.PositiveRepairExceptionGUITest" name="gUITestDropDownRepairException" time="4.535"/>
  <system-out/>
  <testcase classname="fieldServiceFormsTest.PositiveRepairExceptionGUITest" name="gUITestDropDownRepairException" time="4.896"/>
  <system-out/>
  <testcase classname="fieldServiceFormsTest.PositiveRepairExceptionGUITest" name="gUITestDropDownRepairException" time="4.883"/>
  <system-out/>
  <testcase classname="fieldServiceFormsTest.PositiveRepairExceptionGUITest" name="gUITestDropDownRepairException" time="4.415"/>
  <system-out/>
  <testcase classname="fieldServiceFormsTest.PositiveRepairExceptionGUITest" name="gUITestDropDownRepairException" time="4.563"/>
  <system-out/>
  <testcase classname="fieldServiceFormsTest.PositiveRepairExceptionGUITest" name="gUITestDropDownRepairException" time="5.039"/>
  <system-out/>
  <testcase classname="fieldServiceFormsTest.PositiveRepairExceptionGUITest" name="gUITestDropDownRepairException" time="4.941"/>
  <system-out/>
  <testcase classname="fieldServiceFormsTest.PositiveRepairExceptionGUITest" name="gUITestDropDownRepairException" time="5.002"/>
  <system-out/>
  <testcase classname="fieldServiceFormsTest.PositiveRepairExceptionGUITest" name="gUITestDropDownRepairException" time="4.923"/>
  <system-out/>
  <testcase classname="fieldServiceFormsTest.PositiveRepairExceptionGUITest" name="gUITestDropDownRepairException" time="5.668"/>
  <system-out/>
  <testcase classname="fieldServiceFormsTest.PositiveRepairExceptionGUITest" name="gUITestDropDownRepairException" time="4.432"/>
  <system-out/>
  <testcase classname="fieldServiceFormsTest.PositiveRepairExceptionGUITest" name="gUITestDropDownRepairException" time="4.993"/>
  <system-out/>
  <testcase classname="fieldServiceFormsTest.PositiveRepairExceptionGUITest" name="gUITestDropDownRepairException" time="4.501"/>
  <system-out/>
  <testcase classname="fieldServiceFormsTest.PositiveRepairExceptionGUITest" name="gUITestDropDownRepairException" time="4.814"/>
  <system-out/>
  <testcase classname="fieldServiceFormsTest.PositiveRepairExceptionGUITest" name="gUITestDropDownRepairException" time="4.279"/>
  <system-out/>
  <testcase classname="fieldServiceFormsTest.PositiveRepairExceptionGUITest" name="gUITestDropDownRepairException" time="4.562"/>
  <system-out/>
  <testcase classname="fieldServiceFormsTest.PositiveRepairExceptionGUITest" name="gUITestDropDownRepairException" time="4.356"/>
  <system-out/>
  <testcase classname="fieldServiceFormsTest.PositiveRepairExceptionGUITest" name="gUITestDropDownRepairException" time="4.906"/>
  <system-out/>
  <testcase classname="fieldServiceFormsTest.PositiveRepairExceptionGUITest" name="gUITestDropDownRepairException" time="4.264"/>
  <system-out/>
  <testcase classname="fieldServiceFormsTest.PositiveRepairExceptionGUITest" name="gUITestDropDownRepairException" time="5.733"/>
  <system-out/>
  <testcase classname="fieldServiceFormsTest.PositiveRepairExceptionGUITest" name="gUITestDropDownRepairException" time="4.745"/>
  <system-out/>
  <testcase classname="fieldServiceFormsTest.PositiveRepairExceptionGUITest" name="gUITestDropDownRepairException" time="4.369"/>
  <system-out/>
  <testcase classname="fieldServiceFormsTest.PositiveRepairExceptionGUITest" name="gUITestDropDownRepairException" time="4.400"/>
  <system-out/>
  <testcase classname="fieldServiceFormsTest.PositiveRepairExceptionGUITest" name="gUITestDropDownRepairException" time="4.416"/>
  <system-out/>
  <testcase classname="fieldServiceFormsTest.PositiveRepairExceptionGUITest" name="gUITestDropDownRepairException" time="4.945"/>
  <system-out/>
  <testcase classname="fieldServiceFormsTest.PositiveRepairExceptionGUITest" name="gUITestDropDownRepairException" time="5.254"/>
  <system-out/>
  <testcase classname="fieldServiceFormsTest.PositiveRepairExceptionGUITest" name="gUITestDropDownRepairException" time="4.202"/>
  <system-out/>
  <testcase classname="fieldServiceFormsTest.PositiveRepairExceptionGUITest" name="gUITestDropDownRepairException" time="4.431"/>
  <system-out/>
  <testcase classname="fieldServiceFormsTest.PositiveRepairExceptionGUITest" name="gUITestDropDownRepairException" time="4.546"/>
  <system-out/>
  <testcase classname="fieldServiceFormsTest.PositiveRepairExceptionGUITest" name="gUITestDropDownRepairException" time="4.186"/>
  <system-out/>
  <testcase classname="fieldServiceFormsTest.PositiveRepairExceptionGUITest" name="gUITestDropDownRepairException" time="4.364"/>
  <system-out/>
  <testcase classname="fieldServiceFormsTest.PositiveRepairExceptionGUITest" name="gUITestDropDownRepairException" time="4.313"/>
  <system-out/>
  <testcase classname="fieldServiceFormsTest.PositiveRepairExceptionGUITest" name="gUITestDropDownRepairException" time="4.995"/>
  <system-out/>
  <testcase classname="fieldServiceFormsTest.PositiveRepairExceptionGUITest" name="gUITestDropDownRepairException" time="4.607"/>
  <system-out/>
  <testcase classname="fieldServiceFormsTest.PositiveRepairExceptionGUITest" name="gUITestDropDownRepairException" time="4.389"/>
  <system-out/>
  <testcase classname="fieldServiceFormsTest.PositiveRepairExceptionGUITest" name="gUITestDropDownRepairException" time="4.486"/>
  <system-out/>
  <testcase classname="fieldServiceFormsTest.PositiveRepairExceptionGUITest" name="gUITestDropDownRepairException" time="5.885"/>
  <system-out/>
  <testcase classname="fieldServiceFormsTest.PositiveRepairExceptionGUITest" name="gUITestDropDownRepairException" time="5.014"/>
  <system-out/>
  <testcase classname="fieldServiceFormsTest.PositiveRepairExceptionGUITest" name="gUITestDropDownRepairException" time="4.479"/>
  <system-out/>
  <testcase classname="fieldServiceFormsTest.PositiveRepairExceptionGUITest" name="gUITestDropDownRepairException" time="4.835"/>
  <system-out/>
  <testcase classname="fieldServiceFormsTest.PositiveRepairExceptionGUITest" name="gUITestDropDownRepairException" time="5.924"/>
  <system-out/>
  <testcase classname="fieldServiceFormsTest.PositiveRepairExceptionGUITest" name="gUITestDropDownRepairException" time="4.415"/>
  <system-out/>
  <testcase classname="fieldServiceFormsTest.PositiveRepairExceptionGUITest" name="gUITestDropDownRepairException" time="5.110"/>
  <system-out/>
  <testcase classname="fieldServiceFormsTest.PositiveRepairExceptionGUITest" name="gUITestDropDownRepairException" time="4.827"/>
  <system-out/>
  <testcase classname="fieldServiceFormsTest.PositiveRepairExceptionGUITest" name="gUITestDropDownRepairException" time="4.409"/>
  <system-out/>
  <testcase classname="fieldServiceFormsTest.PositiveRepairExceptionGUITest" name="gUITestDropDownRepairException" time="5.216"/>
  <system-out/>
  <testcase classname="fieldServiceFormsTest.PositiveRepairExceptionGUITest" name="gUITestDropDownRepairException" time="5.326"/>
  <system-out/>
  <testcase classname="fieldServiceFormsTest.PositiveRepairExceptionGUITest" name="gUITestDropDownRepairException" time="4.383"/>
  <system-out/>
  <testcase classname="fieldServiceFormsTest.PositiveRepairExceptionGUITest" name="gUITestDropDownRepairException" time="4.247"/>
  <system-out/>
  <testcase classname="fieldServiceFormsTest.PositiveRepairExceptionGUITest" name="gUITestDropDownRepairException" time="5.351"/>
  <system-out/>
  <testcase classname="fieldServiceFormsTest.PositiveRepairExceptionGUITest" name="gUITestDropDownRepairException" time="5.498"/>
  <system-out/>
  <testcase classname="fieldServiceFormsTest.PositiveRepairExceptionGUITest" name="gUITestDropDownRepairException" time="4.569"/>
  <system-out/>
  <testcase classname="fieldServiceFormsTest.PositiveRepairExceptionGUITest" name="gUITestDropDownRepairException" time="4.241"/>
  <system-out/>
  <testcase classname="fieldServiceFormsTest.PositiveRepairExceptionGUITest" name="gUITestDropDownRepairException" time="5.977"/>
  <system-out/>
  <testcase classname="fieldServiceFormsTest.PositiveRepairExceptionGUITest" name="gUITestDropDownRepairException" time="5.124"/>
  <system-out/>
  <testcase classname="fieldServiceFormsTest.PositiveRepairExceptionGUITest" name="gUITestDropDownRepairException" time="4.502"/>
  <system-out/>
  <testcase classname="fieldServiceFormsTest.PositiveRepairExceptionGUITest" name="gUITestDropDownRepairException" time="4.436"/>
  <system-out/>
  <testcase classname="fieldServiceFormsTest.PositiveRepairExceptionGUITest" name="gUITestDropDownRepairException" time="4.840"/>
  <system-out/>
  <testcase classname="fieldServiceFormsTest.PositiveRepairExceptionGUITest" name="gUITestDropDownRepairException" time="6.322"/>
  <system-out/>
  <testcase classname="fieldServiceFormsTest.PositiveRepairExceptionGUITest" name="gUITestDropDownRepairException" time="4.791"/>
  <system-out/>
  <testcase classname="fieldServiceFormsTest.PositiveRepairExceptionGUITest" name="gUITestDropDownRepairException" time="4.458"/>
  <system-out/>
  <testcase classname="fieldServiceFormsTest.PositiveRepairExceptionGUITest" name="gUITestDropDownRepairException" time="4.861"/>
  <system-out/>
  <testcase classname="fieldServiceFormsTest.PositiveRepairExceptionGUITest" name="gUITestDropDownRepairException" time="4.194"/>
  <system-out/>
  <testcase classname="fieldServiceFormsTest.PositiveRepairExceptionGUITest" name="gUITestDropDownRepairException" time="4.403"/>
  <system-out/>
  <testcase classname="fieldServiceFormsTest.PositiveRepairExceptionGUITest" name="gUITestDropDownRepairException" time="4.848"/>
  <system-out/>
  <testcase classname="fieldServiceFormsTest.PositiveRepairExceptionGUITest" name="gUITestDropDownRepairException" time="4.271"/>
  <system-out/>
  <testcase classname="fieldServiceFormsTest.PositiveRepairExceptionGUITest" name="gUITestDropDownRepairException" time="4.902"/>
  <system-out/>
  <testcase classname="fieldServiceFormsTest.PositiveRepairExceptionGUITest" name="gUITestDropDownRepairException" time="4.507"/>
  <system-out/>
  <testcase classname="fieldServiceFormsTest.PositiveRepairExceptionGUITest" name="gUITestDropDownRepairException" time="4.387"/>
  <system-out/>
  <testcase classname="fieldServiceFormsTest.PositiveRepairExceptionGUITest" name="gUITestDropDownRepairException" time="4.370"/>
  <system-out/>
  <testcase classname="fieldServiceFormsTest.PositiveRepairExceptionGUITest" name="gUITestDropDownRepairException" time="5.117"/>
  <system-out/>
  <testcase classname="fieldServiceFormsTest.PositiveRepairExceptionGUITest" name="gUITestDropDownRepairException" time="4.588"/>
  <system-out/>
  <testcase classname="fieldServiceFormsTest.PositiveRepairExceptionGUITest" name="gUITestDropDownRepairException" time="4.247"/>
  <system-out/>
  <testcase classname="fieldServiceFormsTest.PositiveRepairExceptionGUITest" name="gUITestDropDownRepairException" time="4.284"/>
  <system-out/>
  <testcase classname="fieldServiceFormsTest.PositiveRepairExceptionGUITest" name="gUITestDropDownRepairException" time="5.093"/>
  <system-out/>
  <testcase classname="fieldServiceFormsTest.PositiveRepairExceptionGUITest" name="gUITestDropDownRepairException" time="4.204"/>
  <system-out/>
  <testcase classname="fieldServiceFormsTest.PositiveRepairExceptionGUITest" name="gUITestDropDownRepairException" time="4.245"/>
  <system-out/>
  <testcase classname="fieldServiceFormsTest.PositiveRepairExceptionGUITest" name="gUITestDropDownRepairException" time="5.022"/>
  <system-out/>
  <testcase classname="fieldServiceFormsTest.PositiveRepairExceptionGUITest" name="gUITestDropDownRepairException" time="4.659"/>
  <system-out/>
  <testcase classname="fieldServiceFormsTest.PositiveRepairExceptionGUITest" name="gUITestDropDownRepairException" time="4.412"/>
  <system-out/>
  <testcase classname="fieldServiceFormsTest.PositiveRepairExceptionGUITest" name="gUITestDropDownRepairException" time="4.865"/>
  <system-out/>
  <testcase classname="fieldServiceFormsTest.PositiveRepairExceptionGUITest" name="gUITestDropDownRepairException" time="5.930"/>
  <system-out/>
  <testcase classname="fieldServiceFormsTest.PositiveRepairExceptionGUITest" name="gUITestDropDownRepairException" time="4.682"/>
  <system-out/>
  <testcase classname="fieldServiceFormsTest.PositiveRepairExceptionGUITest" name="gUITestDropDownRepairException" time="4.846"/>
  <system-out/>
  <testcase classname="fieldServiceFormsTest.PositiveRepairExceptionGUITest" name="gUITestDropDownRepairException" time="4.572"/>
  <system-out/>
  <testcase classname="fieldServiceFormsTest.PositiveRepairExceptionGUITest" name="gUITestDropDownRepairException" time="4.278"/>
  <system-out/>
  <testcase classname="fieldServiceFormsTest.PositiveRepairExceptionGUITest" name="gUITestDropDownRepairException" time="4.395"/>
  <system-out/>
  <testcase classname="fieldServiceFormsTest.PositiveRepairExceptionGUITest" name="gUITestDropDownRepairException" time="4.931"/>
  <system-out/>
  <testcase classname="fieldServiceFormsTest.PositiveRepairExceptionGUITest" name="gUITestDropDownRepairException" time="4.541"/>
  <system-out/>
  <testcase classname="fieldServiceFormsTest.PositiveRepairExceptionGUITest" name="gUITestDropDownRepairException" time="4.489"/>
  <system-out/>
  <testcase classname="fieldServiceFormsTest.PositiveRepairExceptionGUITest" name="gUITestDropDownRepairException" time="4.927"/>
  <system-out/>
  <testcase classname="fieldServiceFormsTest.PositiveRepairExceptionGUITest" name="gUITestDropDownRepairException" time="4.502"/>
  <system-out/>
  <testcase classname="fieldServiceFormsTest.PositiveRepairExceptionGUITest" name="gUITestDropDownRepairException" time="4.196"/>
  <system-out/>
  <testcase classname="fieldServiceFormsTest.PositiveRepairExceptionGUITest" name="gUITestDropDownRepairException" time="4.403"/>
  <system-out/>
  <testcase classname="fieldServiceFormsTest.PositiveRepairExceptionGUITest" name="gUITestDropDownRepairException" time="4.326"/>
  <system-out/>
  <testcase classname="fieldServiceFormsTest.PositiveRepairExceptionGUITest" name="gUITestDropDownRepairException" time="4.527"/>
  <system-out/>
  <testcase classname="fieldServiceFormsTest.PositiveRepairExceptionGUITest" name="gUITestDropDownRepairException" time="4.768"/>
  <system-out/>
  <testcase classname="fieldServiceFormsTest.PositiveRepairExceptionGUITest" name="gUITestDropDownRepairException" time="4.588"/>
  <system-out/>
  <testcase classname="fieldServiceFormsTest.PositiveRepairExceptionGUITest" name="gUITestDropDownRepairException" time="5.118"/>
  <system-out/>
  <testcase classname="fieldServiceFormsTest.PositiveRepairExceptionGUITest" name="gUITestDropDownRepairException" time="4.561"/>
  <system-out/>
  <testcase classname="fieldServiceFormsTest.PositiveRepairExceptionGUITest" name="gUITestDropDownRepairException" time="4.520"/>
  <system-out/>
  <testcase classname="fieldServiceFormsTest.PositiveRepairExceptionGUITest" name="gUITestDropDownRepairException" time="4.450"/>
  <system-out/>
  <testcase classname="fieldServiceFormsTest.PositiveRepairExceptionGUITest" name="gUITestDropDownRepairException" time="4.942"/>
  <system-out/>
  <testcase classname="fieldServiceFormsTest.PositiveRepairExceptionGUITest" name="gUITestDropDownRepairException" time="4.600"/>
  <system-out/>
  <testcase classname="fieldServiceFormsTest.PositiveRepairExceptionGUITest" name="gUITestDropDownRepairException" time="5.741"/>
  <system-out/>
  <testcase classname="fieldServiceFormsTest.PositiveRepairExceptionGUITest" name="gUITestDropDownRepairException" time="4.967"/>
  <system-out/>
  <testcase classname="fieldServiceFormsTest.PositiveRepairExceptionGUITest" name="gUITestDropDownRepairException" time="53.168">
    <error message="no such element: Unable to locate element: {&quot;method&quot;:&quot;css selector&quot;,&quot;selector&quot;:&quot;#repairException&quot;}
  (Session info: chrome=109.0.5414.75)
For documentation on this error, please visit: https://selenium.dev/exceptions/#no_such_element
Build info: version: &#039;4.3.0&#039;, revision: &#039;a4995e2c09*&#039;
System info: host: &#039;DESKTOP-M729FOC&#039;, ip: &#039;192.168.29.91&#039;, os.name: &#039;Windows 10&#039;, os.arch: &#039;amd64&#039;, os.version: &#039;10.0&#039;, java.version: &#039;11.0.13&#039;
Driver info: org.openqa.selenium.chrome.ChromeDriver
Command: [597a0c430c70878c24edba044d404178, findElement {using=id, value=repairException}]
Capabilities {acceptInsecureCerts: false, browserName: chrome, browserVersion: 109.0.5414.75, chrome: {chromedriverVersion: 109.0.5414.74 (e7c5703604da..., userDataDir: C:\Users\DELL\AppData\Local...}, goog:chromeOptions: {debuggerAddress: localhost:52569}, networkConnectionEnabled: false, pageLoadStrategy: normal, platformName: WINDOWS, proxy: Proxy(), se:cdp: ws://localhost:52569/devtoo..., se:cdpVersion: 109.0.5414.75, setWindowRect: true, strictFileInteractability: false, timeouts: {implicit: 0, pageLoad: 300000, script: 30000}, unhandledPromptBehavior: dismiss and notify, webauthn:extension:credBlob: true, webauthn:extension:largeBlob: true, webauthn:virtualAuthenticators: true}
Session ID: 597a0c430c70878c24edba044d404178" type="org.openqa.selenium.NoSuchElementException">
      <![CDATA[org.openqa.selenium.NoSuchElementException: no such element: Unable to locate element: {"method":"css selector","selector":"#repairException"}
  (Session info: chrome=109.0.5414.75)
For documentation on this error, please visit: https://selenium.dev/exceptions/#no_such_element
Build info: version: '4.3.0', revision: 'a4995e2c09*'
System info: host: 'DESKTOP-M729FOC', ip: '192.168.29.91', os.name: 'Windows 10', os.arch: 'amd64', os.version: '10.0', java.version: '11.0.13'
Driver info: org.openqa.selenium.chrome.ChromeDriver
Command: [597a0c430c70878c24edba044d404178, findElement {using=id, value=repairException}]
Capabilities {acceptInsecureCerts: false, browserName: chrome, browserVersion: 109.0.5414.75, chrome: {chromedriverVersion: 109.0.5414.74 (e7c5703604da..., userDataDir: C:\Users\DELL\AppData\Local...}, goog:chromeOptions: {debuggerAddress: localhost:52569}, networkConnectionEnabled: false, pageLoadStrategy: normal, platformName: WINDOWS, proxy: Proxy(), se:cdp: ws://localhost:52569/devtoo..., se:cdpVersion: 109.0.5414.75, setWindowRect: true, strictFileInteractability: false, timeouts: {implicit: 0, pageLoad: 300000, script: 30000}, unhandledPromptBehavior: dismiss and notify, webauthn:extension:credBlob: true, webauthn:extension:largeBlob: true, webauthn:virtualAuthenticators: true}
Session ID: 597a0c430c70878c24edba044d404178
at jdk.internal.reflect.GeneratedConstructorAccessor15.newInstance(Unknown Source)
at java.base/jdk.internal.reflect.DelegatingConstructorAccessorImpl.newInstance(DelegatingConstructorAccessorImpl.java:45)
at java.base/java.lang.reflect.Constructor.newInstance(Constructor.java:490)
at org.openqa.selenium.remote.codec.w3c.W3CHttpResponseCodec.createException(W3CHttpResponseCodec.java:200)
at org.openqa.selenium.remote.codec.w3c.W3CHttpResponseCodec.decode(W3CHttpResponseCodec.java:133)
at org.openqa.selenium.remote.codec.w3c.W3CHttpResponseCodec.decode(W3CHttpResponseCodec.java:53)
at org.openqa.selenium.remote.HttpCommandExecutor.execute(HttpCommandExecutor.java:184)
at org.openqa.selenium.remote.service.DriverCommandExecutor.invokeExecute(DriverCommandExecutor.java:167)
at org.openqa.selenium.remote.service.DriverCommandExecutor.execute(DriverCommandExecutor.java:142)
at org.openqa.selenium.remote.RemoteWebDriver.execute(RemoteWebDriver.java:569)
at org.openqa.selenium.remote.ElementLocation$ElementFinder$2.findElement(ElementLocation.java:162)
at org.openqa.selenium.remote.ElementLocation.findElement(ElementLocation.java:60)
at org.openqa.selenium.remote.RemoteWebDriver.findElement(RemoteWebDriver.java:387)
at org.openqa.selenium.remote.RemoteWebDriver.findElement(RemoteWebDriver.java:379)
at pageobjects.RepairLocatorsGUI.repairException(RepairLocatorsGUI.java:81)
at fieldServiceFormsTest.PositiveRepairExceptionGUITest.gUITestDropDownRepairException(PositiveRepairExceptionGUITest.java:95)
at jdk.internal.reflect.GeneratedMethodAccessor4.invoke(Unknown Source)
at java.base/jdk.internal.reflect.DelegatingMethodAccessorImpl.invoke(DelegatingMethodAccessorImpl.java:43)
at java.base/java.lang.reflect.Method.invoke(Method.java:566)
at org.testng.internal.MethodInvocationHelper.invokeMethod(MethodInvocationHelper.java:133)
at org.testng.internal.TestInvoker.invokeMethod(TestInvoker.java:598)
at org.testng.internal.TestInvoker.invokeTestMethod(TestInvoker.java:173)
at org.testng.internal.MethodRunner.runInSequence(MethodRunner.java:46)
at org.testng.internal.TestInvoker$MethodInvocationAgent.invoke(TestInvoker.java:824)
at org.testng.internal.TestInvoker.invokeTestMethods(TestInvoker.java:146)
at org.testng.internal.TestMethodWorker.invokeTestMethods(TestMethodWorker.java:146)
at org.testng.internal.TestMethodWorker.run(TestMethodWorker.java:128)
at java.base/java.util.ArrayList.forEach(ArrayList.java:1541)
at org.testng.TestRunner.privateRun(TestRunner.java:794)
at org.testng.TestRunner.run(TestRunner.java:596)
at org.testng.SuiteRunner.runTest(SuiteRunner.java:377)
at org.testng.SuiteRunner.runSequentially(SuiteRunner.java:371)
at org.testng.SuiteRunner.privateRun(SuiteRunner.java:332)
at org.testng.SuiteRunner.run(SuiteRunner.java:276)
at org.testng.SuiteRunnerWorker.runSuite(SuiteRunnerWorker.java:53)
at org.testng.SuiteRunnerWorker.run(SuiteRunnerWorker.java:96)
at org.testng.TestNG.runSuitesSequentially(TestNG.java:1212)
at org.testng.TestNG.runSuitesLocally(TestNG.java:1134)
at org.testng.TestNG.runSuites(TestNG.java:1063)
at org.testng.TestNG.run(TestNG.java:1031)
at org.testng.remote.AbstractRemoteTestNG.run(AbstractRemoteTestNG.java:115)
at org.testng.remote.RemoteTestNG.initAndRun(RemoteTestNG.java:251)
at org.testng.remote.RemoteTestNG.main(RemoteTestNG.java:77)
]]>
    </error>
  </testcase> <!-- gUITestDropDownRepairException -->
  <system-out/>
  <testcase classname="fieldServiceFormsTest.PositiveRepairExceptionGUITest" name="gUITestDropDownRepairException" time="4.459"/>
  <system-out/>
  <testcase classname="fieldServiceFormsTest.PositiveRepairExceptionGUITest" name="gUITestDropDownRepairException" time="4.950"/>
  <system-out/>
  <testcase classname="fieldServiceFormsTest.PositiveRepairExceptionGUITest" name="gUITestDropDownRepairException" time="4.422"/>
  <system-out/>
  <testcase classname="fieldServiceFormsTest.PositiveRepairExceptionGUITest" name="gUITestDropDownRepairException" time="4.237"/>
  <system-out/>
  <testcase classname="fieldServiceFormsTest.PositiveRepairExceptionGUITest" name="gUITestDropDownRepairException" time="4.257"/>
  <system-out/>
  <testcase classname="fieldServiceFormsTest.PositiveRepairExceptionGUITest" name="gUITestDropDownRepairException" time="4.277"/>
  <system-out/>
  <testcase classname="fieldServiceFormsTest.PositiveRepairExceptionGUITest" name="gUITestDropDownRepairException" time="4.399"/>
  <system-out/>
  <testcase classname="fieldServiceFormsTest.PositiveRepairExceptionGUITest" name="gUITestDropDownRepairException" time="5.083"/>
  <system-out/>
  <testcase classname="fieldServiceFormsTest.PositiveRepairExceptionGUITest" name="gUITestDropDownRepairException" time="5.766"/>
  <system-out/>
  <testcase classname="fieldServiceFormsTest.PositiveRepairExceptionGUITest" name="gUITestDropDownRepairException" time="4.550"/>
  <system-out/>
  <testcase classname="fieldServiceFormsTest.PositiveRepairExceptionGUITest" name="gUITestDropDownRepairException" time="4.201"/>
  <system-out/>
  <testcase classname="fieldServiceFormsTest.PositiveRepairExceptionGUITest" name="gUITestDropDownRepairException" time="5.382"/>
  <system-out/>
  <testcase classname="fieldServiceFormsTest.PositiveRepairExceptionGUITest" name="gUITestDropDownRepairException" time="4.844"/>
  <system-out/>
  <testcase classname="fieldServiceFormsTest.PositiveRepairExceptionGUITest" name="gUITestDropDownRepairException" time="5.191"/>
  <system-out/>
  <testcase classname="fieldServiceFormsTest.PositiveRepairExceptionGUITest" name="gUITestDropDownRepairException" time="4.475"/>
  <system-out/>
  <testcase classname="fieldServiceFormsTest.PositiveRepairExceptionGUITest" name="gUITestDropDownRepairException" time="4.881"/>
  <system-out/>
  <testcase classname="fieldServiceFormsTest.PositiveRepairExceptionGUITest" name="gUITestDropDownRepairException" time="4.552"/>
  <system-out/>
  <testcase classname="fieldServiceFormsTest.PositiveRepairExceptionGUITest" name="gUITestDropDownRepairException" time="4.362"/>
  <system-out/>
  <testcase classname="fieldServiceFormsTest.PositiveRepairExceptionGUITest" name="gUITestDropDownRepairException" time="4.636"/>
  <system-out/>
  <testcase classname="fieldServiceFormsTest.PositiveRepairExceptionGUITest" name="gUITestDropDownRepairException" time="4.150"/>
  <system-out/>
  <testcase classname="fieldServiceFormsTest.PositiveRepairExceptionGUITest" name="gUITestDropDownRepairException" time="4.209"/>
  <system-out/>
  <testcase classname="fieldServiceFormsTest.PositiveRepairExceptionGUITest" name="gUITestDropDownRepairException" time="4.328"/>
  <system-out/>
  <testcase classname="fieldServiceFormsTest.PositiveRepairExceptionGUITest" name="gUITestDropDownRepairException" time="4.255"/>
  <system-out/>
  <testcase classname="fieldServiceFormsTest.PositiveRepairExceptionGUITest" name="gUITestDropDownRepairException" time="4.294"/>
  <system-out/>
  <testcase classname="fieldServiceFormsTest.PositiveRepairExceptionGUITest" name="gUITestDropDownRepairException" time="4.453"/>
  <system-out/>
  <testcase classname="fieldServiceFormsTest.PositiveRepairExceptionGUITest" name="gUITestDropDownRepairException" time="4.420"/>
  <system-out/>
  <testcase classname="fieldServiceFormsTest.PositiveRepairExceptionGUITest" name="gUITestDropDownRepairException" time="5.062"/>
  <system-out/>
  <testcase classname="fieldServiceFormsTest.PositiveRepairExceptionGUITest" name="gUITestDropDownRepairException" time="4.598"/>
  <system-out/>
  <testcase classname="fieldServiceFormsTest.PositiveRepairExceptionGUITest" name="gUITestDropDownRepairException" time="5.400"/>
  <system-out/>
  <testcase classname="fieldServiceFormsTest.PositiveRepairExceptionGUITest" name="gUITestDropDownRepairException" time="4.498"/>
  <system-out/>
  <testcase classname="fieldServiceFormsTest.PositiveRepairExceptionGUITest" name="gUITestDropDownRepairException" time="5.602"/>
  <system-out/>
  <testcase classname="fieldServiceFormsTest.PositiveRepairExceptionGUITest" name="gUITestDropDownRepairException" time="4.237"/>
  <system-out/>
  <testcase classname="fieldServiceFormsTest.PositiveRepairExceptionGUITest" name="gUITestDropDownRepairException" time="4.359"/>
  <system-out/>
  <testcase classname="fieldServiceFormsTest.PositiveRepairExceptionGUITest" name="gUITestDropDownRepairException" time="4.528"/>
  <system-out/>
  <testcase classname="fieldServiceFormsTest.PositiveRepairExceptionGUITest" name="gUITestDropDownRepairException" time="4.506"/>
  <system-out/>
  <testcase classname="fieldServiceFormsTest.PositiveRepairExceptionGUITest" name="gUITestDropDownRepairException" time="4.380"/>
  <system-out/>
  <testcase classname="fieldServiceFormsTest.PositiveRepairExceptionGUITest" name="gUITestDropDownRepairException" time="4.962"/>
  <system-out/>
  <testcase classname="fieldServiceFormsTest.PositiveRepairExceptionGUITest" name="gUITestDropDownRepairException" time="4.453"/>
  <system-out/>
  <testcase classname="fieldServiceFormsTest.PositiveRepairExceptionGUITest" name="gUITestDropDownRepairException" time="4.806"/>
  <system-out/>
  <testcase classname="fieldServiceFormsTest.PositiveRepairExceptionGUITest" name="gUITestDropDownRepairException" time="4.474"/>
  <system-out/>
  <testcase classname="fieldServiceFormsTest.PositiveRepairExceptionGUITest" name="gUITestDropDownRepairException" time="5.030"/>
  <system-out/>
  <testcase classname="fieldServiceFormsTest.PositiveRepairExceptionGUITest" name="gUITestDropDownRepairException" time="4.381"/>
  <system-out/>
  <testcase classname="fieldServiceFormsTest.PositiveRepairExceptionGUITest" name="gUITestDropDownRepairException" time="4.404"/>
  <system-out/>
  <testcase classname="fieldServiceFormsTest.PositiveRepairExceptionGUITest" name="gUITestDropDownRepairException" time="5.396"/>
  <system-out/>
  <testcase classname="fieldServiceFormsTest.PositiveRepairExceptionGUITest" name="gUITestDropDownRepairException" time="4.443"/>
  <system-out/>
  <testcase classname="fieldServiceFormsTest.PositiveRepairExceptionGUITest" name="gUITestDropDownRepairException" time="4.445"/>
  <system-out/>
  <testcase classname="fieldServiceFormsTest.PositiveRepairExceptionGUITest" name="gUITestDropDownRepairException" time="5.268"/>
  <system-out/>
  <testcase classname="fieldServiceFormsTest.PositiveRepairExceptionGUITest" name="gUITestDropDownRepairException" time="4.494"/>
  <system-out/>
  <testcase classname="fieldServiceFormsTest.PositiveRepairExceptionGUITest" name="gUITestDropDownRepairException" time="4.581"/>
  <system-out/>
  <testcase classname="fieldServiceFormsTest.PositiveRepairExceptionGUITest" name="gUITestDropDownRepairException" time="4.907"/>
  <system-out/>
  <testcase classname="fieldServiceFormsTest.PositiveRepairExceptionGUITest" name="gUITestDropDownRepairException" time="4.926"/>
  <system-out/>
  <testcase classname="fieldServiceFormsTest.PositiveRepairExceptionGUITest" name="gUITestDropDownRepairException" time="5.103"/>
  <system-out/>
  <testcase classname="fieldServiceFormsTest.PositiveRepairExceptionGUITest" name="gUITestDropDownRepairException" time="4.193"/>
  <system-out/>
  <testcase classname="fieldServiceFormsTest.PositiveRepairExceptionGUITest" name="gUITestDropDownRepairException" time="4.327"/>
  <system-out/>
  <testcase classname="fieldServiceFormsTest.PositiveRepairExceptionGUITest" name="gUITestDropDownRepairException" time="5.847"/>
  <system-out/>
  <testcase classname="fieldServiceFormsTest.PositiveRepairExceptionGUITest" name="gUITestDropDownRepairException" time="4.813"/>
  <system-out/>
  <testcase classname="fieldServiceFormsTest.PositiveRepairExceptionGUITest" name="gUITestDropDownRepairException" time="4.690"/>
  <system-out/>
  <testcase classname="fieldServiceFormsTest.PositiveRepairExceptionGUITest" name="gUITestDropDownRepairException" time="5.823"/>
  <system-out/>
  <testcase classname="fieldServiceFormsTest.PositiveRepairExceptionGUITest" name="gUITestDropDownRepairException" time="4.423"/>
  <system-out/>
  <testcase classname="fieldServiceFormsTest.PositiveRepairExceptionGUITest" name="gUITestDropDownRepairException" time="5.041"/>
  <system-out/>
  <testcase classname="fieldServiceFormsTest.PositiveRepairExceptionGUITest" name="gUITestDropDownRepairException" time="4.383"/>
  <system-out/>
  <testcase classname="fieldServiceFormsTest.PositiveRepairExceptionGUITest" name="gUITestDropDownRepairException" time="4.458"/>
  <system-out/>
  <testcase classname="fieldServiceFormsTest.PositiveRepairExceptionGUITest" name="gUITestDropDownRepairException" time="4.430"/>
  <system-out/>
  <testcase classname="fieldServiceFormsTest.PositiveRepairExceptionGUITest" name="gUITestDropDownRepairException" time="4.271"/>
  <system-out/>
  <testcase classname="fieldServiceFormsTest.PositiveRepairExceptionGUITest" name="gUITestDropDownRepairException" time="5.048"/>
  <system-out/>
  <testcase classname="fieldServiceFormsTest.PositiveRepairExceptionGUITest" name="gUITestDropDownRepairException" time="4.353"/>
  <system-out/>
  <testcase classname="fieldServiceFormsTest.PositiveRepairExceptionGUITest" name="gUITestDropDownRepairException" time="4.628"/>
  <system-out/>
  <testcase classname="fieldServiceFormsTest.PositiveRepairExceptionGUITest" name="gUITestDropDownRepairException" time="4.917"/>
  <system-out/>
  <testcase classname="fieldServiceFormsTest.PositiveRepairExceptionGUITest" name="gUITestDropDownRepairException" time="5.146"/>
  <system-out/>
  <testcase classname="fieldServiceFormsTest.PositiveRepairExceptionGUITest" name="gUITestDropDownRepairException" time="4.934"/>
  <system-out/>
  <testcase classname="fieldServiceFormsTest.PositiveRepairExceptionGUITest" name="gUITestDropDownRepairException" time="4.478"/>
  <system-out/>
  <testcase classname="fieldServiceFormsTest.PositiveRepairExceptionGUITest" name="gUITestDropDownRepairException" time="5.180"/>
  <system-out/>
  <testcase classname="fieldServiceFormsTest.PositiveRepairExceptionGUITest" name="gUITestDropDownRepairException" time="4.460"/>
  <system-out/>
  <testcase classname="fieldServiceFormsTest.PositiveRepairExceptionGUITest" name="gUITestDropDownRepairException" time="4.881"/>
  <system-out/>
  <testcase classname="fieldServiceFormsTest.PositiveRepairExceptionGUITest" name="gUITestDropDownRepairException" time="4.192"/>
  <system-out/>
  <testcase classname="fieldServiceFormsTest.PositiveRepairExceptionGUITest" name="gUITestDropDownRepairException" time="4.372"/>
  <system-out/>
  <testcase classname="fieldServiceFormsTest.PositiveRepairExceptionGUITest" name="gUITestDropDownRepairException" time="4.390"/>
  <system-out/>
  <testcase classname="fieldServiceFormsTest.PositiveRepairExceptionGUITest" name="gUITestDropDownRepairException" time="5.368"/>
  <system-out/>
  <testcase classname="fieldServiceFormsTest.PositiveRepairExceptionGUITest" name="gUITestDropDownRepairException" time="5.311"/>
  <system-out/>
  <testcase classname="fieldServiceFormsTest.PositiveRepairExceptionGUITest" name="gUITestDropDownRepairException" time="4.509"/>
  <system-out/>
  <testcase classname="fieldServiceFormsTest.PositiveRepairExceptionGUITest" name="gUITestDropDownRepairException" time="4.199"/>
  <system-out/>
  <testcase classname="fieldServiceFormsTest.PositiveRepairExceptionGUITest" name="gUITestDropDownRepairException" time="4.634"/>
  <system-out/>
  <testcase classname="fieldServiceFormsTest.PositiveRepairExceptionGUITest" name="gUITestDropDownRepairException" time="4.421"/>
  <system-out/>
  <testcase classname="fieldServiceFormsTest.PositiveRepairExceptionGUITest" name="gUITestDropDownRepairException" time="7.226"/>
  <system-out/>
  <testcase classname="fieldServiceFormsTest.PositiveRepairExceptionGUITest" name="gUITestDropDownRepairException" time="4.419"/>
  <system-out/>
  <testcase classname="fieldServiceFormsTest.PositiveRepairExceptionGUITest" name="gUITestDropDownRepairException" time="4.448"/>
  <system-out/>
  <testcase classname="fieldServiceFormsTest.PositiveRepairExceptionGUITest" name="gUITestDropDownRepairException" time="4.175"/>
  <system-out/>
  <testcase classname="fieldServiceFormsTest.PositiveRepairExceptionGUITest" name="gUITestDropDownRepairException" time="6.327"/>
  <system-out/>
  <testcase classname="fieldServiceFormsTest.PositiveRepairExceptionGUITest" name="gUITestDropDownRepairException" time="53.135">
    <error message="no such element: Unable to locate element: {&quot;method&quot;:&quot;css selector&quot;,&quot;selector&quot;:&quot;#repairException&quot;}
  (Session info: chrome=109.0.5414.75)
For documentation on this error, please visit: https://selenium.dev/exceptions/#no_such_element
Build info: version: &#039;4.3.0&#039;, revision: &#039;a4995e2c09*&#039;
System info: host: &#039;DESKTOP-M729FOC&#039;, ip: &#039;192.168.29.91&#039;, os.name: &#039;Windows 10&#039;, os.arch: &#039;amd64&#039;, os.version: &#039;10.0&#039;, java.version: &#039;11.0.13&#039;
Driver info: org.openqa.selenium.chrome.ChromeDriver
Command: [597a0c430c70878c24edba044d404178, findElement {using=id, value=repairException}]
Capabilities {acceptInsecureCerts: false, browserName: chrome, browserVersion: 109.0.5414.75, chrome: {chromedriverVersion: 109.0.5414.74 (e7c5703604da..., userDataDir: C:\Users\DELL\AppData\Local...}, goog:chromeOptions: {debuggerAddress: localhost:52569}, networkConnectionEnabled: false, pageLoadStrategy: normal, platformName: WINDOWS, proxy: Proxy(), se:cdp: ws://localhost:52569/devtoo..., se:cdpVersion: 109.0.5414.75, setWindowRect: true, strictFileInteractability: false, timeouts: {implicit: 0, pageLoad: 300000, script: 30000}, unhandledPromptBehavior: dismiss and notify, webauthn:extension:credBlob: true, webauthn:extension:largeBlob: true, webauthn:virtualAuthenticators: true}
Session ID: 597a0c430c70878c24edba044d404178" type="org.openqa.selenium.NoSuchElementException">
      <![CDATA[org.openqa.selenium.NoSuchElementException: no such element: Unable to locate element: {"method":"css selector","selector":"#repairException"}
  (Session info: chrome=109.0.5414.75)
For documentation on this error, please visit: https://selenium.dev/exceptions/#no_such_element
Build info: version: '4.3.0', revision: 'a4995e2c09*'
System info: host: 'DESKTOP-M729FOC', ip: '192.168.29.91', os.name: 'Windows 10', os.arch: 'amd64', os.version: '10.0', java.version: '11.0.13'
Driver info: org.openqa.selenium.chrome.ChromeDriver
Command: [597a0c430c70878c24edba044d404178, findElement {using=id, value=repairException}]
Capabilities {acceptInsecureCerts: false, browserName: chrome, browserVersion: 109.0.5414.75, chrome: {chromedriverVersion: 109.0.5414.74 (e7c5703604da..., userDataDir: C:\Users\DELL\AppData\Local...}, goog:chromeOptions: {debuggerAddress: localhost:52569}, networkConnectionEnabled: false, pageLoadStrategy: normal, platformName: WINDOWS, proxy: Proxy(), se:cdp: ws://localhost:52569/devtoo..., se:cdpVersion: 109.0.5414.75, setWindowRect: true, strictFileInteractability: false, timeouts: {implicit: 0, pageLoad: 300000, script: 30000}, unhandledPromptBehavior: dismiss and notify, webauthn:extension:credBlob: true, webauthn:extension:largeBlob: true, webauthn:virtualAuthenticators: true}
Session ID: 597a0c430c70878c24edba044d404178
at jdk.internal.reflect.GeneratedConstructorAccessor15.newInstance(Unknown Source)
at java.base/jdk.internal.reflect.DelegatingConstructorAccessorImpl.newInstance(DelegatingConstructorAccessorImpl.java:45)
at java.base/java.lang.reflect.Constructor.newInstance(Constructor.java:490)
at org.openqa.selenium.remote.codec.w3c.W3CHttpResponseCodec.createException(W3CHttpResponseCodec.java:200)
at org.openqa.selenium.remote.codec.w3c.W3CHttpResponseCodec.decode(W3CHttpResponseCodec.java:133)
at org.openqa.selenium.remote.codec.w3c.W3CHttpResponseCodec.decode(W3CHttpResponseCodec.java:53)
at org.openqa.selenium.remote.HttpCommandExecutor.execute(HttpCommandExecutor.java:184)
at org.openqa.selenium.remote.service.DriverCommandExecutor.invokeExecute(DriverCommandExecutor.java:167)
at org.openqa.selenium.remote.service.DriverCommandExecutor.execute(DriverCommandExecutor.java:142)
at org.openqa.selenium.remote.RemoteWebDriver.execute(RemoteWebDriver.java:569)
at org.openqa.selenium.remote.ElementLocation$ElementFinder$2.findElement(ElementLocation.java:162)
at org.openqa.selenium.remote.ElementLocation.findElement(ElementLocation.java:60)
at org.openqa.selenium.remote.RemoteWebDriver.findElement(RemoteWebDriver.java:387)
at org.openqa.selenium.remote.RemoteWebDriver.findElement(RemoteWebDriver.java:379)
at pageobjects.RepairLocatorsGUI.repairException(RepairLocatorsGUI.java:81)
at fieldServiceFormsTest.PositiveRepairExceptionGUITest.gUITestDropDownRepairException(PositiveRepairExceptionGUITest.java:95)
at jdk.internal.reflect.GeneratedMethodAccessor4.invoke(Unknown Source)
at java.base/jdk.internal.reflect.DelegatingMethodAccessorImpl.invoke(DelegatingMethodAccessorImpl.java:43)
at java.base/java.lang.reflect.Method.invoke(Method.java:566)
at org.testng.internal.MethodInvocationHelper.invokeMethod(MethodInvocationHelper.java:133)
at org.testng.internal.TestInvoker.invokeMethod(TestInvoker.java:598)
at org.testng.internal.TestInvoker.invokeTestMethod(TestInvoker.java:173)
at org.testng.internal.MethodRunner.runInSequence(MethodRunner.java:46)
at org.testng.internal.TestInvoker$MethodInvocationAgent.invoke(TestInvoker.java:824)
at org.testng.internal.TestInvoker.invokeTestMethods(TestInvoker.java:146)
at org.testng.internal.TestMethodWorker.invokeTestMethods(TestMethodWorker.java:146)
at org.testng.internal.TestMethodWorker.run(TestMethodWorker.java:128)
at java.base/java.util.ArrayList.forEach(ArrayList.java:1541)
at org.testng.TestRunner.privateRun(TestRunner.java:794)
at org.testng.TestRunner.run(TestRunner.java:596)
at org.testng.SuiteRunner.runTest(SuiteRunner.java:377)
at org.testng.SuiteRunner.runSequentially(SuiteRunner.java:371)
at org.testng.SuiteRunner.privateRun(SuiteRunner.java:332)
at org.testng.SuiteRunner.run(SuiteRunner.java:276)
at org.testng.SuiteRunnerWorker.runSuite(SuiteRunnerWorker.java:53)
at org.testng.SuiteRunnerWorker.run(SuiteRunnerWorker.java:96)
at org.testng.TestNG.runSuitesSequentially(TestNG.java:1212)
at org.testng.TestNG.runSuitesLocally(TestNG.java:1134)
at org.testng.TestNG.runSuites(TestNG.java:1063)
at org.testng.TestNG.run(TestNG.java:1031)
at org.testng.remote.AbstractRemoteTestNG.run(AbstractRemoteTestNG.java:115)
at org.testng.remote.RemoteTestNG.initAndRun(RemoteTestNG.java:251)
at org.testng.remote.RemoteTestNG.main(RemoteTestNG.java:77)
]]>
    </error>
  </testcase> <!-- gUITestDropDownRepairException -->
  <system-out/>
  <testcase classname="fieldServiceFormsTest.PositiveRepairExceptionGUITest" name="gUITestDropDownRepairException" time="4.427"/>
  <system-out/>
  <testcase classname="fieldServiceFormsTest.PositiveRepairExceptionGUITest" name="gUITestDropDownRepairException" time="4.947"/>
  <system-out/>
  <testcase classname="fieldServiceFormsTest.PositiveRepairExceptionGUITest" name="gUITestDropDownRepairException" time="4.505"/>
  <system-out/>
  <testcase classname="fieldServiceFormsTest.PositiveRepairExceptionGUITest" name="gUITestDropDownRepairException" time="4.910"/>
  <system-out/>
  <testcase classname="fieldServiceFormsTest.PositiveRepairExceptionGUITest" name="gUITestDropDownRepairException" time="4.478"/>
  <system-out/>
  <testcase classname="fieldServiceFormsTest.PositiveRepairExceptionGUITest" name="gUITestDropDownRepairException" time="4.848"/>
  <system-out/>
  <testcase classname="fieldServiceFormsTest.PositiveRepairExceptionGUITest" name="gUITestDropDownRepairException" time="4.391"/>
  <system-out/>
  <testcase classname="fieldServiceFormsTest.PositiveRepairExceptionGUITest" name="gUITestDropDownRepairException" time="5.178"/>
  <system-out/>
  <testcase classname="fieldServiceFormsTest.PositiveRepairExceptionGUITest" name="gUITestDropDownRepairException" time="4.427"/>
  <system-out/>
  <testcase classname="fieldServiceFormsTest.PositiveRepairExceptionGUITest" name="gUITestDropDownRepairException" time="5.055"/>
  <system-out/>
  <testcase classname="fieldServiceFormsTest.PositiveRepairExceptionGUITest" name="gUITestDropDownRepairException" time="5.681"/>
  <system-out/>
  <testcase classname="fieldServiceFormsTest.PositiveRepairExceptionGUITest" name="gUITestDropDownRepairException" time="4.319"/>
  <system-out/>
  <testcase classname="fieldServiceFormsTest.PositiveRepairExceptionGUITest" name="gUITestDropDownRepairException" time="4.811"/>
  <system-out/>
  <testcase classname="fieldServiceFormsTest.PositiveRepairExceptionGUITest" name="gUITestDropDownRepairException" time="4.288"/>
  <system-out/>
  <testcase classname="fieldServiceFormsTest.PositiveRepairExceptionGUITest" name="gUITestDropDownRepairException" time="4.930"/>
  <system-out/>
  <testcase classname="fieldServiceFormsTest.PositiveRepairExceptionGUITest" name="gUITestDropDownRepairException" time="4.341"/>
  <system-out/>
  <testcase classname="fieldServiceFormsTest.PositiveRepairExceptionGUITest" name="gUITestDropDownRepairException" time="4.602"/>
  <system-out/>
  <testcase classname="fieldServiceFormsTest.PositiveRepairExceptionGUITest" name="gUITestDropDownRepairException" time="4.210"/>
  <system-out/>
  <testcase classname="fieldServiceFormsTest.PositiveRepairExceptionGUITest" name="gUITestDropDownRepairException" time="5.685"/>
  <system-out/>
  <testcase classname="fieldServiceFormsTest.PositiveRepairExceptionGUITest" name="gUITestDropDownRepairException" time="4.436"/>
  <system-out/>
  <testcase classname="fieldServiceFormsTest.PositiveRepairExceptionGUITest" name="gUITestDropDownRepairException" time="5.368"/>
  <system-out/>
  <testcase classname="fieldServiceFormsTest.PositiveRepairExceptionGUITest" name="gUITestDropDownRepairException" time="4.418"/>
  <system-out/>
  <testcase classname="fieldServiceFormsTest.PositiveRepairExceptionGUITest" name="gUITestDropDownRepairException" time="4.439"/>
  <system-out/>
  <testcase classname="fieldServiceFormsTest.PositiveRepairExceptionGUITest" name="gUITestDropDownRepairException" time="4.763"/>
  <system-out/>
  <testcase classname="fieldServiceFormsTest.PositiveRepairExceptionGUITest" name="gUITestDropDownRepairException" time="4.825"/>
  <system-out/>
  <testcase classname="fieldServiceFormsTest.PositiveRepairExceptionGUITest" name="gUITestDropDownRepairException" time="4.396"/>
  <system-out/>
  <testcase classname="fieldServiceFormsTest.PositiveRepairExceptionGUITest" name="gUITestDropDownRepairException" time="4.952"/>
  <system-out/>
  <testcase classname="fieldServiceFormsTest.PositiveRepairExceptionGUITest" name="gUITestDropDownRepairException" time="4.307"/>
  <system-out/>
  <testcase classname="fieldServiceFormsTest.PositiveRepairExceptionGUITest" name="gUITestDropDownRepairException" time="4.243"/>
  <system-out/>
  <testcase classname="fieldServiceFormsTest.PositiveRepairExceptionGUITest" name="gUITestDropDownRepairException" time="5.571"/>
  <system-out/>
  <testcase classname="fieldServiceFormsTest.PositiveRepairExceptionGUITest" name="gUITestDropDownRepairException" time="4.195"/>
  <system-out/>
  <testcase classname="fieldServiceFormsTest.PositiveRepairExceptionGUITest" name="gUITestDropDownRepairException" time="5.285"/>
  <system-out/>
  <testcase classname="fieldServiceFormsTest.PositiveRepairExceptionGUITest" name="gUITestDropDownRepairException" time="4.286"/>
  <system-out/>
  <testcase classname="fieldServiceFormsTest.PositiveRepairExceptionGUITest" name="gUITestDropDownRepairException" time="4.425"/>
  <system-out/>
  <testcase classname="fieldServiceFormsTest.PositiveRepairExceptionGUITest" name="gUITestDropDownRepairException" time="4.434"/>
  <system-out/>
  <testcase classname="fieldServiceFormsTest.PositiveRepairExceptionGUITest" name="gUITestDropDownRepairException" time="5.222"/>
  <system-out/>
  <testcase classname="fieldServiceFormsTest.PositiveRepairExceptionGUITest" name="gUITestDropDownRepairException" time="4.569"/>
  <system-out/>
  <testcase classname="fieldServiceFormsTest.PositiveRepairExceptionGUITest" name="gUITestDropDownRepairException" time="4.200"/>
  <system-out/>
  <testcase classname="fieldServiceFormsTest.PositiveRepairExceptionGUITest" name="gUITestDropDownRepairException" time="4.220"/>
  <system-out/>
  <testcase classname="fieldServiceFormsTest.PositiveRepairExceptionGUITest" name="gUITestDropDownRepairException" time="4.313"/>
  <system-out/>
  <testcase classname="fieldServiceFormsTest.PositiveRepairExceptionGUITest" name="gUITestDropDownRepairException" time="4.486"/>
  <system-out/>
  <testcase classname="fieldServiceFormsTest.PositiveRepairExceptionGUITest" name="gUITestDropDownRepairException" time="4.419"/>
  <system-out/>
  <testcase classname="fieldServiceFormsTest.PositiveRepairExceptionGUITest" name="gUITestDropDownRepairException" time="4.810"/>
  <system-out/>
  <testcase classname="fieldServiceFormsTest.PositiveRepairExceptionGUITest" name="gUITestDropDownRepairException" time="5.023"/>
  <system-out/>
  <testcase classname="fieldServiceFormsTest.PositiveRepairExceptionGUITest" name="gUITestDropDownRepairException" time="4.350"/>
  <system-out/>
  <testcase classname="fieldServiceFormsTest.PositiveRepairExceptionGUITest" name="gUITestDropDownRepairException" time="4.936"/>
  <system-out/>
  <testcase classname="fieldServiceFormsTest.PositiveRepairExceptionGUITest" name="gUITestDropDownRepairException" time="5.155"/>
  <system-out/>
  <testcase classname="fieldServiceFormsTest.PositiveRepairExceptionGUITest" name="gUITestDropDownRepairException" time="4.226"/>
  <system-out/>
  <testcase classname="fieldServiceFormsTest.PositiveRepairExceptionGUITest" name="gUITestDropDownRepairException" time="4.887"/>
  <system-out/>
  <testcase classname="fieldServiceFormsTest.PositiveRepairExceptionGUITest" name="gUITestDropDownRepairException" time="5.246"/>
  <system-out/>
  <testcase classname="fieldServiceFormsTest.PositiveRepairExceptionGUITest" name="gUITestDropDownRepairException" time="4.435"/>
  <system-out/>
  <testcase classname="fieldServiceFormsTest.PositiveRepairExceptionGUITest" name="gUITestDropDownRepairException" time="4.429"/>
  <system-out/>
  <testcase classname="fieldServiceFormsTest.PositiveRepairExceptionGUITest" name="gUITestDropDownRepairException" time="5.204"/>
  <system-out/>
  <testcase classname="fieldServiceFormsTest.PositiveRepairExceptionGUITest" name="gUITestDropDownRepairException" time="4.991"/>
  <system-out/>
  <testcase classname="fieldServiceFormsTest.PositiveRepairExceptionGUITest" name="gUITestDropDownRepairException" time="5.033"/>
  <system-out/>
  <testcase classname="fieldServiceFormsTest.PositiveRepairExceptionGUITest" name="gUITestDropDownRepairException" time="4.881"/>
  <system-out/>
  <testcase classname="fieldServiceFormsTest.PositiveRepairExceptionGUITest" name="gUITestDropDownRepairException" time="4.413"/>
  <system-out/>
  <testcase classname="fieldServiceFormsTest.PositiveRepairExceptionGUITest" name="gUITestDropDownRepairException" time="4.259"/>
  <system-out/>
  <testcase classname="fieldServiceFormsTest.PositiveRepairExceptionGUITest" name="gUITestDropDownRepairException" time="4.428"/>
  <system-out/>
  <testcase classname="fieldServiceFormsTest.PositiveRepairExceptionGUITest" name="gUITestDropDownRepairException" time="4.316"/>
  <system-out/>
  <testcase classname="fieldServiceFormsTest.PositiveRepairExceptionGUITest" name="gUITestDropDownRepairException" time="4.994"/>
  <system-out/>
  <testcase classname="fieldServiceFormsTest.PositiveRepairExceptionGUITest" name="gUITestDropDownRepairException" time="4.478"/>
  <system-out/>
  <testcase classname="fieldServiceFormsTest.PositiveRepairExceptionGUITest" name="gUITestDropDownRepairException" time="5.612"/>
  <system-out/>
  <testcase classname="fieldServiceFormsTest.PositiveRepairExceptionGUITest" name="gUITestDropDownRepairException" time="4.343"/>
  <system-out/>
  <testcase classname="fieldServiceFormsTest.PositiveRepairExceptionGUITest" name="gUITestDropDownRepairException" time="4.175"/>
  <system-out/>
  <testcase classname="fieldServiceFormsTest.PositiveRepairExceptionGUITest" name="gUITestDropDownRepairException" time="4.391"/>
  <system-out/>
  <testcase classname="fieldServiceFormsTest.PositiveRepairExceptionGUITest" name="gUITestDropDownRepairException" time="4.434"/>
  <system-out/>
  <testcase classname="fieldServiceFormsTest.PositiveRepairExceptionGUITest" name="gUITestDropDownRepairException" time="4.194"/>
  <system-out/>
  <testcase classname="fieldServiceFormsTest.PositiveRepairExceptionGUITest" name="gUITestDropDownRepairException" time="4.465"/>
  <system-out/>
  <testcase classname="fieldServiceFormsTest.PositiveRepairExceptionGUITest" name="gUITestDropDownRepairException" time="4.899"/>
  <system-out/>
  <testcase classname="fieldServiceFormsTest.PositiveRepairExceptionGUITest" name="gUITestDropDownRepairException" time="4.383"/>
  <system-out/>
  <testcase classname="fieldServiceFormsTest.PositiveRepairExceptionGUITest" name="gUITestDropDownRepairException" time="4.688"/>
  <system-out/>
  <testcase classname="fieldServiceFormsTest.PositiveRepairExceptionGUITest" name="gUITestDropDownRepairException" time="4.833"/>
  <system-out/>
  <testcase classname="fieldServiceFormsTest.PositiveRepairExceptionGUITest" name="gUITestDropDownRepairException" time="4.506"/>
  <system-out/>
  <testcase classname="fieldServiceFormsTest.PositiveRepairExceptionGUITest" name="gUITestDropDownRepairException" time="4.391"/>
  <system-out/>
  <testcase classname="fieldServiceFormsTest.PositiveRepairExceptionGUITest" name="gUITestDropDownRepairException" time="4.739"/>
  <system-out/>
  <testcase classname="fieldServiceFormsTest.PositiveRepairExceptionGUITest" name="gUITestDropDownRepairException" time="4.415"/>
  <system-out/>
  <testcase classname="fieldServiceFormsTest.PositiveRepairExceptionGUITest" name="gUITestDropDownRepairException" time="5.048"/>
  <system-out/>
  <testcase classname="fieldServiceFormsTest.PositiveRepairExceptionGUITest" name="gUITestDropDownRepairException" time="5.009"/>
  <system-out/>
  <testcase classname="fieldServiceFormsTest.PositiveRepairExceptionGUITest" name="gUITestDropDownRepairException" time="4.330"/>
  <system-out/>
  <testcase classname="fieldServiceFormsTest.PositiveRepairExceptionGUITest" name="gUITestDropDownRepairException" time="4.214"/>
  <system-out/>
  <testcase classname="fieldServiceFormsTest.PositiveRepairExceptionGUITest" name="gUITestDropDownRepairException" time="4.747"/>
  <system-out/>
  <testcase classname="fieldServiceFormsTest.PositiveRepairExceptionGUITest" name="gUITestDropDownRepairException" time="4.287"/>
  <system-out/>
  <testcase classname="fieldServiceFormsTest.PositiveRepairExceptionGUITest" name="gUITestDropDownRepairException" time="4.416"/>
  <system-out/>
  <testcase classname="fieldServiceFormsTest.PositiveRepairExceptionGUITest" name="gUITestDropDownRepairException" time="4.879"/>
  <system-out/>
  <testcase classname="fieldServiceFormsTest.PositiveRepairExceptionGUITest" name="gUITestDropDownRepairException" time="4.843"/>
  <system-out/>
  <testcase classname="fieldServiceFormsTest.PositiveRepairExceptionGUITest" name="gUITestDropDownRepairException" time="4.976"/>
  <system-out/>
  <testcase classname="fieldServiceFormsTest.PositiveRepairExceptionGUITest" name="gUITestDropDownRepairException" time="4.940"/>
  <system-out/>
  <testcase classname="fieldServiceFormsTest.PositiveRepairExceptionGUITest" name="gUITestDropDownRepairException" time="4.737"/>
  <system-out/>
  <testcase classname="fieldServiceFormsTest.PositiveRepairExceptionGUITest" name="gUITestDropDownRepairException" time="4.457"/>
  <system-out/>
  <testcase classname="fieldServiceFormsTest.PositiveRepairExceptionGUITest" name="gUITestDropDownRepairException" time="4.470"/>
  <system-out/>
  <testcase classname="fieldServiceFormsTest.PositiveRepairExceptionGUITest" name="gUITestDropDownRepairException" time="4.357"/>
  <system-out/>
  <testcase classname="fieldServiceFormsTest.PositiveRepairExceptionGUITest" name="gUITestDropDownRepairException" time="4.892"/>
  <system-out/>
  <testcase classname="fieldServiceFormsTest.PositiveRepairExceptionGUITest" name="gUITestDropDownRepairException" time="4.611"/>
  <system-out/>
  <testcase classname="fieldServiceFormsTest.PositiveRepairExceptionGUITest" name="gUITestDropDownRepairException" time="4.860"/>
  <system-out/>
  <testcase classname="fieldServiceFormsTest.PositiveRepairExceptionGUITest" name="gUITestDropDownRepairException" time="4.399"/>
  <system-out/>
  <testcase classname="fieldServiceFormsTest.PositiveRepairExceptionGUITest" name="gUITestDropDownRepairException" time="5.593"/>
  <system-out/>
  <testcase classname="fieldServiceFormsTest.PositiveRepairExceptionGUITest" name="gUITestDropDownRepairException" time="4.436"/>
  <system-out/>
  <testcase classname="fieldServiceFormsTest.PositiveRepairExceptionGUITest" name="gUITestDropDownRepairException" time="4.432"/>
  <system-out/>
  <testcase classname="fieldServiceFormsTest.PositiveRepairExceptionGUITest" name="gUITestDropDownRepairException" time="4.799"/>
  <system-out/>
  <testcase classname="fieldServiceFormsTest.PositiveRepairExceptionGUITest" name="gUITestDropDownRepairException" time="4.771"/>
  <system-out/>
  <testcase classname="fieldServiceFormsTest.PositiveRepairExceptionGUITest" name="gUITestDropDownRepairException" time="5.321"/>
  <system-out/>
  <testcase classname="fieldServiceFormsTest.PositiveRepairExceptionGUITest" name="gUITestDropDownRepairException" time="5.000"/>
  <system-out/>
  <testcase classname="fieldServiceFormsTest.PositiveRepairExceptionGUITest" name="gUITestDropDownRepairException" time="4.958"/>
  <system-out/>
  <testcase classname="fieldServiceFormsTest.PositiveRepairExceptionGUITest" name="gUITestDropDownRepairException" time="5.200"/>
  <system-out/>
  <testcase classname="fieldServiceFormsTest.PositiveRepairExceptionGUITest" name="gUITestDropDownRepairException" time="4.195"/>
  <system-out/>
  <testcase classname="fieldServiceFormsTest.PositiveRepairExceptionGUITest" name="gUITestDropDownRepairException" time="4.426"/>
  <system-out/>
  <testcase classname="fieldServiceFormsTest.PositiveRepairExceptionGUITest" name="gUITestDropDownRepairException" time="4.470"/>
  <system-out/>
  <testcase classname="fieldServiceFormsTest.PositiveRepairExceptionGUITest" name="gUITestDropDownRepairException" time="4.374"/>
  <system-out/>
  <testcase classname="fieldServiceFormsTest.PositiveRepairExceptionGUITest" name="gUITestDropDownRepairException" time="5.467"/>
  <system-out/>
  <testcase classname="fieldServiceFormsTest.PositiveRepairExceptionGUITest" name="gUITestDropDownRepairException" time="4.845"/>
  <system-out/>
  <testcase classname="fieldServiceFormsTest.PositiveRepairExceptionGUITest" name="gUITestDropDownRepairException" time="4.501"/>
  <system-out/>
  <testcase classname="fieldServiceFormsTest.PositiveRepairExceptionGUITest" name="gUITestDropDownRepairException" time="4.413"/>
  <system-out/>
  <testcase classname="fieldServiceFormsTest.PositiveRepairExceptionGUITest" name="gUITestDropDownRepairException" time="4.295"/>
  <system-out/>
  <testcase classname="fieldServiceFormsTest.PositiveRepairExceptionGUITest" name="gUITestDropDownRepairException" time="4.227"/>
  <system-out/>
  <testcase classname="fieldServiceFormsTest.PositiveRepairExceptionGUITest" name="gUITestDropDownRepairException" time="4.838"/>
  <system-out/>
  <testcase classname="fieldServiceFormsTest.PositiveRepairExceptionGUITest" name="gUITestDropDownRepairException" time="4.618"/>
  <system-out/>
  <testcase classname="fieldServiceFormsTest.PositiveRepairExceptionGUITest" name="gUITestDropDownRepairException" time="4.450"/>
  <system-out/>
  <testcase classname="fieldServiceFormsTest.PositiveRepairExceptionGUITest" name="gUITestDropDownRepairException" time="4.815"/>
  <system-out/>
  <testcase classname="fieldServiceFormsTest.PositiveRepairExceptionGUITest" name="gUITestDropDownRepairException" time="5.518"/>
  <system-out/>
  <testcase classname="fieldServiceFormsTest.PositiveRepairExceptionGUITest" name="gUITestDropDownRepairException" time="4.849"/>
  <system-out/>
  <testcase classname="fieldServiceFormsTest.PositiveRepairExceptionGUITest" name="gUITestDropDownRepairException" time="5.592"/>
  <system-out/>
  <testcase classname="fieldServiceFormsTest.PositiveRepairExceptionGUITest" name="gUITestDropDownRepairException" time="5.080"/>
  <system-out/>
  <testcase classname="fieldServiceFormsTest.PositiveRepairExceptionGUITest" name="gUITestDropDownRepairException" time="4.917"/>
  <system-out/>
  <testcase classname="fieldServiceFormsTest.PositiveRepairExceptionGUITest" name="gUITestDropDownRepairException" time="4.469"/>
  <system-out/>
  <testcase classname="fieldServiceFormsTest.PositiveRepairExceptionGUITest" name="gUITestDropDownRepairException" time="4.947"/>
  <system-out/>
  <testcase classname="fieldServiceFormsTest.PositiveRepairExceptionGUITest" name="gUITestDropDownRepairException" time="6.278"/>
  <system-out/>
  <testcase classname="fieldServiceFormsTest.PositiveRepairExceptionGUITest" name="gUITestDropDownRepairException" time="4.283"/>
  <system-out/>
  <testcase classname="fieldServiceFormsTest.PositiveRepairExceptionGUITest" name="gUITestDropDownRepairException" time="4.319"/>
  <system-out/>
  <testcase classname="fieldServiceFormsTest.PositiveRepairExceptionGUITest" name="gUITestDropDownRepairException" time="4.387"/>
  <system-out/>
  <testcase classname="fieldServiceFormsTest.PositiveRepairExceptionGUITest" name="gUITestDropDownRepairException" time="4.517"/>
  <system-out/>
  <testcase classname="fieldServiceFormsTest.PositiveRepairExceptionGUITest" name="gUITestDropDownRepairException" time="5.188"/>
  <system-out/>
  <testcase classname="fieldServiceFormsTest.PositiveRepairExceptionGUITest" name="gUITestDropDownRepairException" time="4.346"/>
  <system-out/>
  <testcase classname="fieldServiceFormsTest.PositiveRepairExceptionGUITest" name="gUITestDropDownRepairException" time="5.537"/>
  <system-out/>
  <testcase classname="fieldServiceFormsTest.PositiveRepairExceptionGUITest" name="gUITestDropDownRepairException" time="4.567"/>
  <system-out/>
  <testcase classname="fieldServiceFormsTest.PositiveRepairExceptionGUITest" name="gUITestDropDownRepairException" time="5.023"/>
  <system-out/>
  <testcase classname="fieldServiceFormsTest.PositiveRepairExceptionGUITest" name="gUITestDropDownRepairException" time="4.503"/>
  <system-out/>
  <testcase classname="fieldServiceFormsTest.PositiveRepairExceptionGUITest" name="gUITestDropDownRepairException" time="5.297"/>
  <system-out/>
  <testcase classname="fieldServiceFormsTest.PositiveRepairExceptionGUITest" name="gUITestDropDownRepairException" time="4.502"/>
  <system-out/>
  <testcase classname="fieldServiceFormsTest.PositiveRepairExceptionGUITest" name="gUITestDropDownRepairException" time="4.654"/>
  <system-out/>
  <testcase classname="fieldServiceFormsTest.PositiveRepairExceptionGUITest" name="gUITestDropDownRepairException" time="4.558"/>
  <system-out/>
  <testcase classname="fieldServiceFormsTest.PositiveRepairExceptionGUITest" name="gUITestDropDownRepairException" time="4.445"/>
  <system-out/>
  <testcase classname="fieldServiceFormsTest.PositiveRepairExceptionGUITest" name="gUITestDropDownRepairException" time="5.634"/>
  <system-out/>
  <testcase classname="fieldServiceFormsTest.PositiveRepairExceptionGUITest" name="gUITestDropDownRepairException" time="4.197"/>
  <system-out/>
  <testcase classname="fieldServiceFormsTest.PositiveRepairExceptionGUITest" name="gUITestDropDownRepairException" time="4.238"/>
  <system-out/>
  <testcase classname="fieldServiceFormsTest.PositiveRepairExceptionGUITest" name="gUITestDropDownRepairException" time="4.900"/>
  <system-out/>
  <testcase classname="fieldServiceFormsTest.PositiveRepairExceptionGUITest" name="gUITestDropDownRepairException" time="4.418"/>
  <system-out/>
  <testcase classname="fieldServiceFormsTest.PositiveRepairExceptionGUITest" name="gUITestDropDownRepairException" time="4.388"/>
  <system-out/>
  <testcase classname="fieldServiceFormsTest.PositiveRepairExceptionGUITest" name="gUITestDropDownRepairException" time="4.409"/>
  <system-out/>
  <testcase classname="fieldServiceFormsTest.PositiveRepairExceptionGUITest" name="gUITestDropDownRepairException" time="4.500"/>
  <system-out/>
  <testcase classname="fieldServiceFormsTest.PositiveRepairExceptionGUITest" name="gUITestDropDownRepairException" time="4.972"/>
  <system-out/>
  <testcase classname="fieldServiceFormsTest.PositiveRepairExceptionGUITest" name="gUITestDropDownRepairException" time="4.336"/>
  <system-out/>
  <testcase classname="fieldServiceFormsTest.PositiveRepairExceptionGUITest" name="gUITestDropDownRepairException" time="4.398"/>
  <system-out/>
  <testcase classname="fieldServiceFormsTest.PositiveRepairExceptionGUITest" name="gUITestDropDownRepairException" time="53.121">
    <error message="no such element: Unable to locate element: {&quot;method&quot;:&quot;css selector&quot;,&quot;selector&quot;:&quot;#repairException&quot;}
  (Session info: chrome=109.0.5414.75)
For documentation on this error, please visit: https://selenium.dev/exceptions/#no_such_element
Build info: version: &#039;4.3.0&#039;, revision: &#039;a4995e2c09*&#039;
System info: host: &#039;DESKTOP-M729FOC&#039;, ip: &#039;192.168.29.91&#039;, os.name: &#039;Windows 10&#039;, os.arch: &#039;amd64&#039;, os.version: &#039;10.0&#039;, java.version: &#039;11.0.13&#039;
Driver info: org.openqa.selenium.chrome.ChromeDriver
Command: [597a0c430c70878c24edba044d404178, findElement {using=id, value=repairException}]
Capabilities {acceptInsecureCerts: false, browserName: chrome, browserVersion: 109.0.5414.75, chrome: {chromedriverVersion: 109.0.5414.74 (e7c5703604da..., userDataDir: C:\Users\DELL\AppData\Local...}, goog:chromeOptions: {debuggerAddress: localhost:52569}, networkConnectionEnabled: false, pageLoadStrategy: normal, platformName: WINDOWS, proxy: Proxy(), se:cdp: ws://localhost:52569/devtoo..., se:cdpVersion: 109.0.5414.75, setWindowRect: true, strictFileInteractability: false, timeouts: {implicit: 0, pageLoad: 300000, script: 30000}, unhandledPromptBehavior: dismiss and notify, webauthn:extension:credBlob: true, webauthn:extension:largeBlob: true, webauthn:virtualAuthenticators: true}
Session ID: 597a0c430c70878c24edba044d404178" type="org.openqa.selenium.NoSuchElementException">
      <![CDATA[org.openqa.selenium.NoSuchElementException: no such element: Unable to locate element: {"method":"css selector","selector":"#repairException"}
  (Session info: chrome=109.0.5414.75)
For documentation on this error, please visit: https://selenium.dev/exceptions/#no_such_element
Build info: version: '4.3.0', revision: 'a4995e2c09*'
System info: host: 'DESKTOP-M729FOC', ip: '192.168.29.91', os.name: 'Windows 10', os.arch: 'amd64', os.version: '10.0', java.version: '11.0.13'
Driver info: org.openqa.selenium.chrome.ChromeDriver
Command: [597a0c430c70878c24edba044d404178, findElement {using=id, value=repairException}]
Capabilities {acceptInsecureCerts: false, browserName: chrome, browserVersion: 109.0.5414.75, chrome: {chromedriverVersion: 109.0.5414.74 (e7c5703604da..., userDataDir: C:\Users\DELL\AppData\Local...}, goog:chromeOptions: {debuggerAddress: localhost:52569}, networkConnectionEnabled: false, pageLoadStrategy: normal, platformName: WINDOWS, proxy: Proxy(), se:cdp: ws://localhost:52569/devtoo..., se:cdpVersion: 109.0.5414.75, setWindowRect: true, strictFileInteractability: false, timeouts: {implicit: 0, pageLoad: 300000, script: 30000}, unhandledPromptBehavior: dismiss and notify, webauthn:extension:credBlob: true, webauthn:extension:largeBlob: true, webauthn:virtualAuthenticators: true}
Session ID: 597a0c430c70878c24edba044d404178
at jdk.internal.reflect.GeneratedConstructorAccessor15.newInstance(Unknown Source)
at java.base/jdk.internal.reflect.DelegatingConstructorAccessorImpl.newInstance(DelegatingConstructorAccessorImpl.java:45)
at java.base/java.lang.reflect.Constructor.newInstance(Constructor.java:490)
at org.openqa.selenium.remote.codec.w3c.W3CHttpResponseCodec.createException(W3CHttpResponseCodec.java:200)
at org.openqa.selenium.remote.codec.w3c.W3CHttpResponseCodec.decode(W3CHttpResponseCodec.java:133)
at org.openqa.selenium.remote.codec.w3c.W3CHttpResponseCodec.decode(W3CHttpResponseCodec.java:53)
at org.openqa.selenium.remote.HttpCommandExecutor.execute(HttpCommandExecutor.java:184)
at org.openqa.selenium.remote.service.DriverCommandExecutor.invokeExecute(DriverCommandExecutor.java:167)
at org.openqa.selenium.remote.service.DriverCommandExecutor.execute(DriverCommandExecutor.java:142)
at org.openqa.selenium.remote.RemoteWebDriver.execute(RemoteWebDriver.java:569)
at org.openqa.selenium.remote.ElementLocation$ElementFinder$2.findElement(ElementLocation.java:162)
at org.openqa.selenium.remote.ElementLocation.findElement(ElementLocation.java:60)
at org.openqa.selenium.remote.RemoteWebDriver.findElement(RemoteWebDriver.java:387)
at org.openqa.selenium.remote.RemoteWebDriver.findElement(RemoteWebDriver.java:379)
at pageobjects.RepairLocatorsGUI.repairException(RepairLocatorsGUI.java:81)
at fieldServiceFormsTest.PositiveRepairExceptionGUITest.gUITestDropDownRepairException(PositiveRepairExceptionGUITest.java:95)
at jdk.internal.reflect.GeneratedMethodAccessor4.invoke(Unknown Source)
at java.base/jdk.internal.reflect.DelegatingMethodAccessorImpl.invoke(DelegatingMethodAccessorImpl.java:43)
at java.base/java.lang.reflect.Method.invoke(Method.java:566)
at org.testng.internal.MethodInvocationHelper.invokeMethod(MethodInvocationHelper.java:133)
at org.testng.internal.TestInvoker.invokeMethod(TestInvoker.java:598)
at org.testng.internal.TestInvoker.invokeTestMethod(TestInvoker.java:173)
at org.testng.internal.MethodRunner.runInSequence(MethodRunner.java:46)
at org.testng.internal.TestInvoker$MethodInvocationAgent.invoke(TestInvoker.java:824)
at org.testng.internal.TestInvoker.invokeTestMethods(TestInvoker.java:146)
at org.testng.internal.TestMethodWorker.invokeTestMethods(TestMethodWorker.java:146)
at org.testng.internal.TestMethodWorker.run(TestMethodWorker.java:128)
at java.base/java.util.ArrayList.forEach(ArrayList.java:1541)
at org.testng.TestRunner.privateRun(TestRunner.java:794)
at org.testng.TestRunner.run(TestRunner.java:596)
at org.testng.SuiteRunner.runTest(SuiteRunner.java:377)
at org.testng.SuiteRunner.runSequentially(SuiteRunner.java:371)
at org.testng.SuiteRunner.privateRun(SuiteRunner.java:332)
at org.testng.SuiteRunner.run(SuiteRunner.java:276)
at org.testng.SuiteRunnerWorker.runSuite(SuiteRunnerWorker.java:53)
at org.testng.SuiteRunnerWorker.run(SuiteRunnerWorker.java:96)
at org.testng.TestNG.runSuitesSequentially(TestNG.java:1212)
at org.testng.TestNG.runSuitesLocally(TestNG.java:1134)
at org.testng.TestNG.runSuites(TestNG.java:1063)
at org.testng.TestNG.run(TestNG.java:1031)
at org.testng.remote.AbstractRemoteTestNG.run(AbstractRemoteTestNG.java:115)
at org.testng.remote.RemoteTestNG.initAndRun(RemoteTestNG.java:251)
at org.testng.remote.RemoteTestNG.main(RemoteTestNG.java:77)
]]>
    </error>
  </testcase> <!-- gUITestDropDownRepairException -->
  <system-out/>
  <testcase classname="fieldServiceFormsTest.PositiveRepairExceptionGUITest" name="gUITestDropDownRepairException" time="4.848"/>
  <system-out/>
  <testcase classname="fieldServiceFormsTest.PositiveRepairExceptionGUITest" name="gUITestDropDownRepairException" time="6.193"/>
  <system-out/>
  <testcase classname="fieldServiceFormsTest.PositiveRepairExceptionGUITest" name="gUITestDropDownRepairException" time="4.308"/>
  <system-out/>
  <testcase classname="fieldServiceFormsTest.PositiveRepairExceptionGUITest" name="gUITestDropDownRepairException" time="4.328"/>
  <system-out/>
  <testcase classname="fieldServiceFormsTest.PositiveRepairExceptionGUITest" name="gUITestDropDownRepairException" time="4.499"/>
  <system-out/>
  <testcase classname="fieldServiceFormsTest.PositiveRepairExceptionGUITest" name="gUITestDropDownRepairException" time="4.766"/>
  <system-out/>
  <testcase classname="fieldServiceFormsTest.PositiveRepairExceptionGUITest" name="gUITestDropDownRepairException" time="4.480"/>
  <system-out/>
  <testcase classname="fieldServiceFormsTest.PositiveRepairExceptionGUITest" name="gUITestDropDownRepairException" time="5.484"/>
  <system-out/>
  <testcase classname="fieldServiceFormsTest.PositiveRepairExceptionGUITest" name="gUITestDropDownRepairException" time="4.824"/>
  <system-out/>
  <testcase classname="fieldServiceFormsTest.PositiveRepairExceptionGUITest" name="gUITestDropDownRepairException" time="4.475"/>
  <system-out/>
  <testcase classname="fieldServiceFormsTest.PositiveRepairExceptionGUITest" name="gUITestDropDownRepairException" time="4.373"/>
  <system-out/>
  <testcase classname="fieldServiceFormsTest.PositiveRepairExceptionGUITest" name="gUITestDropDownRepairException" time="5.303"/>
  <system-out/>
  <testcase classname="fieldServiceFormsTest.PositiveRepairExceptionGUITest" name="gUITestDropDownRepairException" time="4.853"/>
  <system-out/>
  <testcase classname="fieldServiceFormsTest.PositiveRepairExceptionGUITest" name="gUITestDropDownRepairException" time="4.276"/>
  <system-out/>
  <testcase classname="fieldServiceFormsTest.PositiveRepairExceptionGUITest" name="gUITestDropDownRepairException" time="4.535"/>
  <system-out/>
  <testcase classname="fieldServiceFormsTest.PositiveRepairExceptionGUITest" name="gUITestDropDownRepairException" time="5.466"/>
  <system-out/>
  <testcase classname="fieldServiceFormsTest.PositiveRepairExceptionGUITest" name="gUITestDropDownRepairException" time="4.372"/>
  <system-out/>
  <testcase classname="fieldServiceFormsTest.PositiveRepairExceptionGUITest" name="gUITestDropDownRepairException" time="4.733"/>
  <system-out/>
  <testcase classname="fieldServiceFormsTest.PositiveRepairExceptionGUITest" name="gUITestDropDownRepairException" time="4.900"/>
  <system-out/>
  <testcase classname="fieldServiceFormsTest.PositiveRepairExceptionGUITest" name="gUITestDropDownRepairException" time="4.584"/>
  <system-out/>
  <testcase classname="fieldServiceFormsTest.PositiveRepairExceptionGUITest" name="gUITestDropDownRepairException" time="4.375"/>
  <system-out/>
  <testcase classname="fieldServiceFormsTest.PositiveRepairExceptionGUITest" name="gUITestDropDownRepairException" time="4.331"/>
  <system-out/>
  <testcase classname="fieldServiceFormsTest.PositiveRepairExceptionGUITest" name="gUITestDropDownRepairException" time="4.411"/>
  <system-out/>
  <testcase classname="fieldServiceFormsTest.PositiveRepairExceptionGUITest" name="gUITestDropDownRepairException" time="4.900"/>
  <system-out/>
  <testcase classname="fieldServiceFormsTest.PositiveRepairExceptionGUITest" name="gUITestDropDownRepairException" time="4.334"/>
  <system-out/>
  <testcase classname="fieldServiceFormsTest.PositiveRepairExceptionGUITest" name="gUITestDropDownRepairException" time="4.501"/>
  <system-out/>
  <testcase classname="fieldServiceFormsTest.PositiveRepairExceptionGUITest" name="gUITestDropDownRepairException" time="5.320"/>
  <system-out/>
  <testcase classname="fieldServiceFormsTest.PositiveRepairExceptionGUITest" name="gUITestDropDownRepairException" time="5.173"/>
  <system-out/>
  <testcase classname="fieldServiceFormsTest.PositiveRepairExceptionGUITest" name="gUITestDropDownRepairException" time="4.358"/>
  <system-out/>
  <testcase classname="fieldServiceFormsTest.PositiveRepairExceptionGUITest" name="gUITestDropDownRepairException" time="4.498"/>
  <system-out/>
  <testcase classname="fieldServiceFormsTest.PositiveRepairExceptionGUITest" name="gUITestDropDownRepairException" time="5.090"/>
  <system-out/>
  <testcase classname="fieldServiceFormsTest.PositiveRepairExceptionGUITest" name="gUITestDropDownRepairException" time="4.449"/>
  <system-out/>
  <testcase classname="fieldServiceFormsTest.PositiveRepairExceptionGUITest" name="gUITestDropDownRepairException" time="4.249"/>
  <system-out/>
  <testcase classname="fieldServiceFormsTest.PositiveRepairExceptionGUITest" name="gUITestDropDownRepairException" time="5.351"/>
  <system-out/>
  <testcase classname="fieldServiceFormsTest.PositiveRepairExceptionGUITest" name="gUITestDropDownRepairException" time="4.477"/>
  <system-out/>
  <testcase classname="fieldServiceFormsTest.PositiveRepairExceptionGUITest" name="gUITestDropDownRepairException" time="4.358"/>
  <system-out/>
  <testcase classname="fieldServiceFormsTest.PositiveRepairExceptionGUITest" name="gUITestDropDownRepairException" time="4.772"/>
  <system-out/>
  <testcase classname="fieldServiceFormsTest.PositiveRepairExceptionGUITest" name="gUITestDropDownRepairException" time="4.500"/>
  <system-out/>
  <testcase classname="fieldServiceFormsTest.PositiveRepairExceptionGUITest" name="gUITestDropDownRepairException" time="4.381"/>
  <system-out/>
  <testcase classname="fieldServiceFormsTest.PositiveRepairExceptionGUITest" name="gUITestDropDownRepairException" time="4.561"/>
  <system-out/>
  <testcase classname="fieldServiceFormsTest.PositiveRepairExceptionGUITest" name="gUITestDropDownRepairException" time="53.251">
    <error message="no such element: Unable to locate element: {&quot;method&quot;:&quot;css selector&quot;,&quot;selector&quot;:&quot;#repairException&quot;}
  (Session info: chrome=109.0.5414.75)
For documentation on this error, please visit: https://selenium.dev/exceptions/#no_such_element
Build info: version: &#039;4.3.0&#039;, revision: &#039;a4995e2c09*&#039;
System info: host: &#039;DESKTOP-M729FOC&#039;, ip: &#039;192.168.29.91&#039;, os.name: &#039;Windows 10&#039;, os.arch: &#039;amd64&#039;, os.version: &#039;10.0&#039;, java.version: &#039;11.0.13&#039;
Driver info: org.openqa.selenium.chrome.ChromeDriver
Command: [597a0c430c70878c24edba044d404178, findElement {using=id, value=repairException}]
Capabilities {acceptInsecureCerts: false, browserName: chrome, browserVersion: 109.0.5414.75, chrome: {chromedriverVersion: 109.0.5414.74 (e7c5703604da..., userDataDir: C:\Users\DELL\AppData\Local...}, goog:chromeOptions: {debuggerAddress: localhost:52569}, networkConnectionEnabled: false, pageLoadStrategy: normal, platformName: WINDOWS, proxy: Proxy(), se:cdp: ws://localhost:52569/devtoo..., se:cdpVersion: 109.0.5414.75, setWindowRect: true, strictFileInteractability: false, timeouts: {implicit: 0, pageLoad: 300000, script: 30000}, unhandledPromptBehavior: dismiss and notify, webauthn:extension:credBlob: true, webauthn:extension:largeBlob: true, webauthn:virtualAuthenticators: true}
Session ID: 597a0c430c70878c24edba044d404178" type="org.openqa.selenium.NoSuchElementException">
      <![CDATA[org.openqa.selenium.NoSuchElementException: no such element: Unable to locate element: {"method":"css selector","selector":"#repairException"}
  (Session info: chrome=109.0.5414.75)
For documentation on this error, please visit: https://selenium.dev/exceptions/#no_such_element
Build info: version: '4.3.0', revision: 'a4995e2c09*'
System info: host: 'DESKTOP-M729FOC', ip: '192.168.29.91', os.name: 'Windows 10', os.arch: 'amd64', os.version: '10.0', java.version: '11.0.13'
Driver info: org.openqa.selenium.chrome.ChromeDriver
Command: [597a0c430c70878c24edba044d404178, findElement {using=id, value=repairException}]
Capabilities {acceptInsecureCerts: false, browserName: chrome, browserVersion: 109.0.5414.75, chrome: {chromedriverVersion: 109.0.5414.74 (e7c5703604da..., userDataDir: C:\Users\DELL\AppData\Local...}, goog:chromeOptions: {debuggerAddress: localhost:52569}, networkConnectionEnabled: false, pageLoadStrategy: normal, platformName: WINDOWS, proxy: Proxy(), se:cdp: ws://localhost:52569/devtoo..., se:cdpVersion: 109.0.5414.75, setWindowRect: true, strictFileInteractability: false, timeouts: {implicit: 0, pageLoad: 300000, script: 30000}, unhandledPromptBehavior: dismiss and notify, webauthn:extension:credBlob: true, webauthn:extension:largeBlob: true, webauthn:virtualAuthenticators: true}
Session ID: 597a0c430c70878c24edba044d404178
at java.base/jdk.internal.reflect.NativeConstructorAccessorImpl.newInstance0(Native Method)
at java.base/jdk.internal.reflect.NativeConstructorAccessorImpl.newInstance(NativeConstructorAccessorImpl.java:62)
at java.base/jdk.internal.reflect.DelegatingConstructorAccessorImpl.newInstance(DelegatingConstructorAccessorImpl.java:45)
at java.base/java.lang.reflect.Constructor.newInstance(Constructor.java:490)
at org.openqa.selenium.remote.codec.w3c.W3CHttpResponseCodec.createException(W3CHttpResponseCodec.java:200)
at org.openqa.selenium.remote.codec.w3c.W3CHttpResponseCodec.decode(W3CHttpResponseCodec.java:133)
at org.openqa.selenium.remote.codec.w3c.W3CHttpResponseCodec.decode(W3CHttpResponseCodec.java:53)
at org.openqa.selenium.remote.HttpCommandExecutor.execute(HttpCommandExecutor.java:184)
at org.openqa.selenium.remote.service.DriverCommandExecutor.invokeExecute(DriverCommandExecutor.java:167)
at org.openqa.selenium.remote.service.DriverCommandExecutor.execute(DriverCommandExecutor.java:142)
at org.openqa.selenium.remote.RemoteWebDriver.execute(RemoteWebDriver.java:569)
at org.openqa.selenium.remote.ElementLocation$ElementFinder$2.findElement(ElementLocation.java:162)
at org.openqa.selenium.remote.ElementLocation.findElement(ElementLocation.java:60)
at org.openqa.selenium.remote.RemoteWebDriver.findElement(RemoteWebDriver.java:387)
at org.openqa.selenium.remote.RemoteWebDriver.findElement(RemoteWebDriver.java:379)
at pageobjects.RepairLocatorsGUI.repairException(RepairLocatorsGUI.java:81)
at fieldServiceFormsTest.PositiveRepairExceptionGUITest.gUITestDropDownRepairException(PositiveRepairExceptionGUITest.java:95)
at jdk.internal.reflect.GeneratedMethodAccessor4.invoke(Unknown Source)
at java.base/jdk.internal.reflect.DelegatingMethodAccessorImpl.invoke(DelegatingMethodAccessorImpl.java:43)
at java.base/java.lang.reflect.Method.invoke(Method.java:566)
at org.testng.internal.MethodInvocationHelper.invokeMethod(MethodInvocationHelper.java:133)
at org.testng.internal.TestInvoker.invokeMethod(TestInvoker.java:598)
at org.testng.internal.TestInvoker.invokeTestMethod(TestInvoker.java:173)
at org.testng.internal.MethodRunner.runInSequence(MethodRunner.java:46)
at org.testng.internal.TestInvoker$MethodInvocationAgent.invoke(TestInvoker.java:824)
at org.testng.internal.TestInvoker.invokeTestMethods(TestInvoker.java:146)
at org.testng.internal.TestMethodWorker.invokeTestMethods(TestMethodWorker.java:146)
at org.testng.internal.TestMethodWorker.run(TestMethodWorker.java:128)
at java.base/java.util.ArrayList.forEach(ArrayList.java:1541)
at org.testng.TestRunner.privateRun(TestRunner.java:794)
at org.testng.TestRunner.run(TestRunner.java:596)
at org.testng.SuiteRunner.runTest(SuiteRunner.java:377)
at org.testng.SuiteRunner.runSequentially(SuiteRunner.java:371)
at org.testng.SuiteRunner.privateRun(SuiteRunner.java:332)
at org.testng.SuiteRunner.run(SuiteRunner.java:276)
at org.testng.SuiteRunnerWorker.runSuite(SuiteRunnerWorker.java:53)
at org.testng.SuiteRunnerWorker.run(SuiteRunnerWorker.java:96)
at org.testng.TestNG.runSuitesSequentially(TestNG.java:1212)
at org.testng.TestNG.runSuitesLocally(TestNG.java:1134)
at org.testng.TestNG.runSuites(TestNG.java:1063)
at org.testng.TestNG.run(TestNG.java:1031)
at org.testng.remote.AbstractRemoteTestNG.run(AbstractRemoteTestNG.java:115)
at org.testng.remote.RemoteTestNG.initAndRun(RemoteTestNG.java:251)
at org.testng.remote.RemoteTestNG.main(RemoteTestNG.java:77)
]]>
    </error>
  </testcase> <!-- gUITestDropDownRepairException -->
  <system-out/>
  <testcase classname="fieldServiceFormsTest.PositiveRepairExceptionGUITest" name="gUITestDropDownRepairException" time="4.256"/>
  <system-out/>
  <testcase classname="fieldServiceFormsTest.PositiveRepairExceptionGUITest" name="gUITestDropDownRepairException" time="4.276"/>
  <system-out/>
  <testcase classname="fieldServiceFormsTest.PositiveRepairExceptionGUITest" name="gUITestDropDownRepairException" time="5.106"/>
  <system-out/>
  <testcase classname="fieldServiceFormsTest.PositiveRepairExceptionGUITest" name="gUITestDropDownRepairException" time="5.341"/>
  <system-out/>
  <testcase classname="fieldServiceFormsTest.PositiveRepairExceptionGUITest" name="gUITestDropDownRepairException" time="4.377"/>
  <system-out/>
  <testcase classname="fieldServiceFormsTest.PositiveRepairExceptionGUITest" name="gUITestDropDownRepairException" time="4.897"/>
  <system-out/>
  <testcase classname="fieldServiceFormsTest.PositiveRepairExceptionGUITest" name="gUITestDropDownRepairException" time="4.701"/>
  <system-out/>
  <testcase classname="fieldServiceFormsTest.PositiveRepairExceptionGUITest" name="gUITestDropDownRepairException" time="4.207"/>
  <system-out/>
  <testcase classname="fieldServiceFormsTest.PositiveRepairExceptionGUITest" name="gUITestDropDownRepairException" time="4.363"/>
  <system-out/>
  <testcase classname="fieldServiceFormsTest.PositiveRepairExceptionGUITest" name="gUITestDropDownRepairException" time="4.337"/>
  <system-out/>
  <testcase classname="fieldServiceFormsTest.PositiveRepairExceptionGUITest" name="gUITestDropDownRepairException" time="4.248"/>
  <system-out/>
  <testcase classname="fieldServiceFormsTest.PositiveRepairExceptionGUITest" name="gUITestDropDownRepairException" time="4.409"/>
  <system-out/>
  <testcase classname="fieldServiceFormsTest.PositiveRepairExceptionGUITest" name="gUITestDropDownRepairException" time="4.402"/>
  <system-out/>
  <testcase classname="fieldServiceFormsTest.PositiveRepairExceptionGUITest" name="gUITestDropDownRepairException" time="4.465"/>
  <system-out/>
  <testcase classname="fieldServiceFormsTest.PositiveRepairExceptionGUITest" name="gUITestDropDownRepairException" time="4.903"/>
  <system-out/>
  <testcase classname="fieldServiceFormsTest.PositiveRepairExceptionGUITest" name="gUITestDropDownRepairException" time="5.438"/>
  <system-out/>
  <testcase classname="fieldServiceFormsTest.PositiveRepairExceptionGUITest" name="gUITestDropDownRepairException" time="4.566"/>
  <system-out/>
  <testcase classname="fieldServiceFormsTest.PositiveRepairExceptionGUITest" name="gUITestDropDownRepairException" time="4.296"/>
  <system-out/>
  <testcase classname="fieldServiceFormsTest.PositiveRepairExceptionGUITest" name="gUITestDropDownRepairException" time="5.579"/>
  <system-out/>
  <testcase classname="fieldServiceFormsTest.PositiveRepairExceptionGUITest" name="gUITestDropDownRepairException" time="5.196"/>
  <system-out/>
  <testcase classname="fieldServiceFormsTest.PositiveRepairExceptionGUITest" name="gUITestDropDownRepairException" time="4.386"/>
  <system-out/>
  <testcase classname="fieldServiceFormsTest.PositiveRepairExceptionGUITest" name="gUITestDropDownRepairException" time="4.434"/>
  <system-out/>
  <testcase classname="fieldServiceFormsTest.PositiveRepairExceptionGUITest" name="gUITestDropDownRepairException" time="4.206"/>
  <system-out/>
  <testcase classname="fieldServiceFormsTest.PositiveRepairExceptionGUITest" name="gUITestDropDownRepairException" time="4.480"/>
  <system-out/>
  <testcase classname="fieldServiceFormsTest.PositiveRepairExceptionGUITest" name="gUITestDropDownRepairException" time="4.268"/>
  <system-out/>
  <testcase classname="fieldServiceFormsTest.PositiveRepairExceptionGUITest" name="gUITestDropDownRepairException" time="4.432"/>
  <system-out/>
  <testcase classname="fieldServiceFormsTest.PositiveRepairExceptionGUITest" name="gUITestDropDownRepairException" time="8.917"/>
  <system-out/>
  <testcase classname="fieldServiceFormsTest.PositiveRepairExceptionGUITest" name="gUITestDropDownRepairException" time="4.951"/>
  <system-out/>
  <testcase classname="fieldServiceFormsTest.PositiveRepairExceptionGUITest" name="gUITestDropDownRepairException" time="5.482"/>
  <system-out/>
  <testcase classname="fieldServiceFormsTest.PositiveRepairExceptionGUITest" name="gUITestDropDownRepairException" time="4.302"/>
  <system-out/>
  <testcase classname="fieldServiceFormsTest.PositiveRepairExceptionGUITest" name="gUITestDropDownRepairException" time="4.477"/>
  <system-out/>
  <testcase classname="fieldServiceFormsTest.PositiveRepairExceptionGUITest" name="gUITestDropDownRepairException" time="5.225"/>
  <system-out/>
  <testcase classname="fieldServiceFormsTest.PositiveRepairExceptionGUITest" name="gUITestDropDownRepairException" time="4.480"/>
  <system-out/>
  <testcase classname="fieldServiceFormsTest.PositiveRepairExceptionGUITest" name="gUITestDropDownRepairException" time="5.223"/>
  <system-out/>
  <testcase classname="fieldServiceFormsTest.PositiveRepairExceptionGUITest" name="gUITestDropDownRepairException" time="4.619"/>
  <system-out/>
  <testcase classname="fieldServiceFormsTest.PositiveRepairExceptionGUITest" name="gUITestDropDownRepairException" time="4.902"/>
  <system-out/>
  <testcase classname="fieldServiceFormsTest.PositiveRepairExceptionGUITest" name="gUITestDropDownRepairException" time="4.734"/>
  <system-out/>
  <testcase classname="fieldServiceFormsTest.PositiveRepairExceptionGUITest" name="gUITestDropDownRepairException" time="5.840"/>
  <system-out/>
  <testcase classname="fieldServiceFormsTest.PositiveRepairExceptionGUITest" name="gUITestDropDownRepairException" time="4.384"/>
  <system-out/>
  <testcase classname="fieldServiceFormsTest.PositiveRepairExceptionGUITest" name="gUITestDropDownRepairException" time="6.135"/>
  <system-out/>
  <testcase classname="fieldServiceFormsTest.PositiveRepairExceptionGUITest" name="gUITestDropDownRepairException" time="4.470"/>
  <system-out/>
  <testcase classname="fieldServiceFormsTest.PositiveRepairExceptionGUITest" name="gUITestDropDownRepairException" time="5.082"/>
  <system-out/>
  <testcase classname="fieldServiceFormsTest.PositiveRepairExceptionGUITest" name="gUITestDropDownRepairException" time="4.256"/>
  <system-out/>
  <testcase classname="fieldServiceFormsTest.PositiveRepairExceptionGUITest" name="gUITestDropDownRepairException" time="5.010"/>
  <system-out/>
  <testcase classname="fieldServiceFormsTest.PositiveRepairExceptionGUITest" name="gUITestDropDownRepairException" time="4.234"/>
  <system-out/>
  <testcase classname="fieldServiceFormsTest.PositiveRepairExceptionGUITest" name="gUITestDropDownRepairException" time="4.390"/>
  <system-out/>
  <testcase classname="fieldServiceFormsTest.PositiveRepairExceptionGUITest" name="gUITestDropDownRepairException" time="5.228"/>
  <system-out/>
  <testcase classname="fieldServiceFormsTest.PositiveRepairExceptionGUITest" name="gUITestDropDownRepairException" time="4.830"/>
  <system-out/>
  <testcase classname="fieldServiceFormsTest.PositiveRepairExceptionGUITest" name="gUITestDropDownRepairException" time="5.388"/>
  <system-out/>
  <testcase classname="fieldServiceFormsTest.PositiveRepairExceptionGUITest" name="gUITestDropDownRepairException" time="4.763"/>
  <system-out/>
  <testcase classname="fieldServiceFormsTest.PositiveRepairExceptionGUITest" name="gUITestDropDownRepairException" time="4.193"/>
  <system-out/>
  <testcase classname="fieldServiceFormsTest.PositiveRepairExceptionGUITest" name="gUITestDropDownRepairException" time="4.494"/>
  <system-out/>
  <testcase classname="fieldServiceFormsTest.PositiveRepairExceptionGUITest" name="gUITestDropDownRepairException" time="4.422"/>
  <system-out/>
  <testcase classname="fieldServiceFormsTest.PositiveRepairExceptionGUITest" name="gUITestDropDownRepairException" time="4.686"/>
  <system-out/>
  <testcase classname="fieldServiceFormsTest.PositiveRepairExceptionGUITest" name="gUITestDropDownRepairException" time="6.612"/>
  <system-out/>
  <testcase classname="fieldServiceFormsTest.PositiveRepairExceptionGUITest" name="gUITestDropDownRepairException" time="4.468"/>
  <system-out/>
  <testcase classname="fieldServiceFormsTest.PositiveRepairExceptionGUITest" name="gUITestDropDownRepairException" time="4.506"/>
  <system-out/>
  <testcase classname="fieldServiceFormsTest.PositiveRepairExceptionGUITest" name="gUITestDropDownRepairException" time="4.497"/>
  <system-out/>
  <testcase classname="fieldServiceFormsTest.PositiveRepairExceptionGUITest" name="gUITestDropDownRepairException" time="4.465"/>
  <system-out/>
  <testcase classname="fieldServiceFormsTest.PositiveRepairExceptionGUITest" name="gUITestDropDownRepairException" time="4.253"/>
  <system-out/>
  <testcase classname="fieldServiceFormsTest.PositiveRepairExceptionGUITest" name="gUITestDropDownRepairException" time="4.913"/>
  <system-out/>
  <testcase classname="fieldServiceFormsTest.PositiveRepairExceptionGUITest" name="gUITestDropDownRepairException" time="4.332"/>
  <system-out/>
  <testcase classname="fieldServiceFormsTest.PositiveRepairExceptionGUITest" name="gUITestDropDownRepairException" time="4.609"/>
  <system-out/>
  <testcase classname="fieldServiceFormsTest.PositiveRepairExceptionGUITest" name="gUITestDropDownRepairException" time="4.260"/>
  <system-out/>
  <testcase classname="fieldServiceFormsTest.PositiveRepairExceptionGUITest" name="gUITestDropDownRepairException" time="4.578"/>
  <system-out/>
  <testcase classname="fieldServiceFormsTest.PositiveRepairExceptionGUITest" name="gUITestDropDownRepairException" time="4.307"/>
  <system-out/>
  <testcase classname="fieldServiceFormsTest.PositiveRepairExceptionGUITest" name="gUITestDropDownRepairException" time="5.182"/>
  <system-out/>
  <testcase classname="fieldServiceFormsTest.PositiveRepairExceptionGUITest" name="gUITestDropDownRepairException" time="4.251"/>
  <system-out/>
  <testcase classname="fieldServiceFormsTest.PositiveRepairExceptionGUITest" name="gUITestDropDownRepairException" time="4.856"/>
  <system-out/>
  <testcase classname="fieldServiceFormsTest.PositiveRepairExceptionGUITest" name="gUITestDropDownRepairException" time="4.400"/>
  <system-out/>
  <testcase classname="fieldServiceFormsTest.PositiveRepairExceptionGUITest" name="gUITestDropDownRepairException" time="4.712"/>
  <system-out/>
  <testcase classname="fieldServiceFormsTest.PositiveRepairExceptionGUITest" name="gUITestDropDownRepairException" time="4.411"/>
  <system-out/>
  <testcase classname="fieldServiceFormsTest.PositiveRepairExceptionGUITest" name="gUITestDropDownRepairException" time="4.845"/>
  <system-out/>
  <testcase classname="fieldServiceFormsTest.PositiveRepairExceptionGUITest" name="gUITestDropDownRepairException" time="53.148">
    <error message="no such element: Unable to locate element: {&quot;method&quot;:&quot;css selector&quot;,&quot;selector&quot;:&quot;#repairException&quot;}
  (Session info: chrome=109.0.5414.75)
For documentation on this error, please visit: https://selenium.dev/exceptions/#no_such_element
Build info: version: &#039;4.3.0&#039;, revision: &#039;a4995e2c09*&#039;
System info: host: &#039;DESKTOP-M729FOC&#039;, ip: &#039;192.168.29.91&#039;, os.name: &#039;Windows 10&#039;, os.arch: &#039;amd64&#039;, os.version: &#039;10.0&#039;, java.version: &#039;11.0.13&#039;
Driver info: org.openqa.selenium.chrome.ChromeDriver
Command: [597a0c430c70878c24edba044d404178, findElement {using=id, value=repairException}]
Capabilities {acceptInsecureCerts: false, browserName: chrome, browserVersion: 109.0.5414.75, chrome: {chromedriverVersion: 109.0.5414.74 (e7c5703604da..., userDataDir: C:\Users\DELL\AppData\Local...}, goog:chromeOptions: {debuggerAddress: localhost:52569}, networkConnectionEnabled: false, pageLoadStrategy: normal, platformName: WINDOWS, proxy: Proxy(), se:cdp: ws://localhost:52569/devtoo..., se:cdpVersion: 109.0.5414.75, setWindowRect: true, strictFileInteractability: false, timeouts: {implicit: 0, pageLoad: 300000, script: 30000}, unhandledPromptBehavior: dismiss and notify, webauthn:extension:credBlob: true, webauthn:extension:largeBlob: true, webauthn:virtualAuthenticators: true}
Session ID: 597a0c430c70878c24edba044d404178" type="org.openqa.selenium.NoSuchElementException">
      <![CDATA[org.openqa.selenium.NoSuchElementException: no such element: Unable to locate element: {"method":"css selector","selector":"#repairException"}
  (Session info: chrome=109.0.5414.75)
For documentation on this error, please visit: https://selenium.dev/exceptions/#no_such_element
Build info: version: '4.3.0', revision: 'a4995e2c09*'
System info: host: 'DESKTOP-M729FOC', ip: '192.168.29.91', os.name: 'Windows 10', os.arch: 'amd64', os.version: '10.0', java.version: '11.0.13'
Driver info: org.openqa.selenium.chrome.ChromeDriver
Command: [597a0c430c70878c24edba044d404178, findElement {using=id, value=repairException}]
Capabilities {acceptInsecureCerts: false, browserName: chrome, browserVersion: 109.0.5414.75, chrome: {chromedriverVersion: 109.0.5414.74 (e7c5703604da..., userDataDir: C:\Users\DELL\AppData\Local...}, goog:chromeOptions: {debuggerAddress: localhost:52569}, networkConnectionEnabled: false, pageLoadStrategy: normal, platformName: WINDOWS, proxy: Proxy(), se:cdp: ws://localhost:52569/devtoo..., se:cdpVersion: 109.0.5414.75, setWindowRect: true, strictFileInteractability: false, timeouts: {implicit: 0, pageLoad: 300000, script: 30000}, unhandledPromptBehavior: dismiss and notify, webauthn:extension:credBlob: true, webauthn:extension:largeBlob: true, webauthn:virtualAuthenticators: true}
Session ID: 597a0c430c70878c24edba044d404178
at jdk.internal.reflect.GeneratedConstructorAccessor15.newInstance(Unknown Source)
at java.base/jdk.internal.reflect.DelegatingConstructorAccessorImpl.newInstance(DelegatingConstructorAccessorImpl.java:45)
at java.base/java.lang.reflect.Constructor.newInstance(Constructor.java:490)
at org.openqa.selenium.remote.codec.w3c.W3CHttpResponseCodec.createException(W3CHttpResponseCodec.java:200)
at org.openqa.selenium.remote.codec.w3c.W3CHttpResponseCodec.decode(W3CHttpResponseCodec.java:133)
at org.openqa.selenium.remote.codec.w3c.W3CHttpResponseCodec.decode(W3CHttpResponseCodec.java:53)
at org.openqa.selenium.remote.HttpCommandExecutor.execute(HttpCommandExecutor.java:184)
at org.openqa.selenium.remote.service.DriverCommandExecutor.invokeExecute(DriverCommandExecutor.java:167)
at org.openqa.selenium.remote.service.DriverCommandExecutor.execute(DriverCommandExecutor.java:142)
at org.openqa.selenium.remote.RemoteWebDriver.execute(RemoteWebDriver.java:569)
at org.openqa.selenium.remote.ElementLocation$ElementFinder$2.findElement(ElementLocation.java:162)
at org.openqa.selenium.remote.ElementLocation.findElement(ElementLocation.java:60)
at org.openqa.selenium.remote.RemoteWebDriver.findElement(RemoteWebDriver.java:387)
at org.openqa.selenium.remote.RemoteWebDriver.findElement(RemoteWebDriver.java:379)
at pageobjects.RepairLocatorsGUI.repairException(RepairLocatorsGUI.java:81)
at fieldServiceFormsTest.PositiveRepairExceptionGUITest.gUITestDropDownRepairException(PositiveRepairExceptionGUITest.java:95)
at jdk.internal.reflect.GeneratedMethodAccessor4.invoke(Unknown Source)
at java.base/jdk.internal.reflect.DelegatingMethodAccessorImpl.invoke(DelegatingMethodAccessorImpl.java:43)
at java.base/java.lang.reflect.Method.invoke(Method.java:566)
at org.testng.internal.MethodInvocationHelper.invokeMethod(MethodInvocationHelper.java:133)
at org.testng.internal.TestInvoker.invokeMethod(TestInvoker.java:598)
at org.testng.internal.TestInvoker.invokeTestMethod(TestInvoker.java:173)
at org.testng.internal.MethodRunner.runInSequence(MethodRunner.java:46)
at org.testng.internal.TestInvoker$MethodInvocationAgent.invoke(TestInvoker.java:824)
at org.testng.internal.TestInvoker.invokeTestMethods(TestInvoker.java:146)
at org.testng.internal.TestMethodWorker.invokeTestMethods(TestMethodWorker.java:146)
at org.testng.internal.TestMethodWorker.run(TestMethodWorker.java:128)
at java.base/java.util.ArrayList.forEach(ArrayList.java:1541)
at org.testng.TestRunner.privateRun(TestRunner.java:794)
at org.testng.TestRunner.run(TestRunner.java:596)
at org.testng.SuiteRunner.runTest(SuiteRunner.java:377)
at org.testng.SuiteRunner.runSequentially(SuiteRunner.java:371)
at org.testng.SuiteRunner.privateRun(SuiteRunner.java:332)
at org.testng.SuiteRunner.run(SuiteRunner.java:276)
at org.testng.SuiteRunnerWorker.runSuite(SuiteRunnerWorker.java:53)
at org.testng.SuiteRunnerWorker.run(SuiteRunnerWorker.java:96)
at org.testng.TestNG.runSuitesSequentially(TestNG.java:1212)
at org.testng.TestNG.runSuitesLocally(TestNG.java:1134)
at org.testng.TestNG.runSuites(TestNG.java:1063)
at org.testng.TestNG.run(TestNG.java:1031)
at org.testng.remote.AbstractRemoteTestNG.run(AbstractRemoteTestNG.java:115)
at org.testng.remote.RemoteTestNG.initAndRun(RemoteTestNG.java:251)
at org.testng.remote.RemoteTestNG.main(RemoteTestNG.java:77)
]]>
    </error>
  </testcase> <!-- gUITestDropDownRepairException -->
  <system-out/>
  <testcase classname="fieldServiceFormsTest.PositiveRepairExceptionGUITest" name="gUITestDropDownRepairException" time="4.408"/>
  <system-out/>
  <testcase classname="fieldServiceFormsTest.PositiveRepairExceptionGUITest" name="gUITestDropDownRepairException" time="4.409"/>
  <system-out/>
  <testcase classname="fieldServiceFormsTest.PositiveRepairExceptionGUITest" name="gUITestDropDownRepairException" time="4.878"/>
  <system-out/>
  <testcase classname="fieldServiceFormsTest.PositiveRepairExceptionGUITest" name="gUITestDropDownRepairException" time="5.260"/>
  <system-out/>
  <testcase classname="fieldServiceFormsTest.PositiveRepairExceptionGUITest" name="gUITestDropDownRepairException" time="4.773"/>
  <system-out/>
  <testcase classname="fieldServiceFormsTest.PositiveRepairExceptionGUITest" name="gUITestDropDownRepairException" time="4.904"/>
  <system-out/>
  <testcase classname="fieldServiceFormsTest.PositiveRepairExceptionGUITest" name="gUITestDropDownRepairException" time="5.499"/>
  <system-out/>
  <testcase classname="fieldServiceFormsTest.PositiveRepairExceptionGUITest" name="gUITestDropDownRepairException" time="4.412"/>
  <system-out/>
  <testcase classname="fieldServiceFormsTest.PositiveRepairExceptionGUITest" name="gUITestDropDownRepairException" time="4.282"/>
  <system-out/>
  <testcase classname="fieldServiceFormsTest.PositiveRepairExceptionGUITest" name="gUITestDropDownRepairException" time="4.915"/>
  <system-out/>
  <testcase classname="fieldServiceFormsTest.PositiveRepairExceptionGUITest" name="gUITestDropDownRepairException" time="4.382"/>
  <system-out/>
  <testcase classname="fieldServiceFormsTest.PositiveRepairExceptionGUITest" name="gUITestDropDownRepairException" time="4.216"/>
  <system-out/>
  <testcase classname="fieldServiceFormsTest.PositiveRepairExceptionGUITest" name="gUITestDropDownRepairException" time="53.204">
    <error message="no such element: Unable to locate element: {&quot;method&quot;:&quot;css selector&quot;,&quot;selector&quot;:&quot;#repairException&quot;}
  (Session info: chrome=109.0.5414.75)
For documentation on this error, please visit: https://selenium.dev/exceptions/#no_such_element
Build info: version: &#039;4.3.0&#039;, revision: &#039;a4995e2c09*&#039;
System info: host: &#039;DESKTOP-M729FOC&#039;, ip: &#039;192.168.29.91&#039;, os.name: &#039;Windows 10&#039;, os.arch: &#039;amd64&#039;, os.version: &#039;10.0&#039;, java.version: &#039;11.0.13&#039;
Driver info: org.openqa.selenium.chrome.ChromeDriver
Command: [597a0c430c70878c24edba044d404178, findElement {using=id, value=repairException}]
Capabilities {acceptInsecureCerts: false, browserName: chrome, browserVersion: 109.0.5414.75, chrome: {chromedriverVersion: 109.0.5414.74 (e7c5703604da..., userDataDir: C:\Users\DELL\AppData\Local...}, goog:chromeOptions: {debuggerAddress: localhost:52569}, networkConnectionEnabled: false, pageLoadStrategy: normal, platformName: WINDOWS, proxy: Proxy(), se:cdp: ws://localhost:52569/devtoo..., se:cdpVersion: 109.0.5414.75, setWindowRect: true, strictFileInteractability: false, timeouts: {implicit: 0, pageLoad: 300000, script: 30000}, unhandledPromptBehavior: dismiss and notify, webauthn:extension:credBlob: true, webauthn:extension:largeBlob: true, webauthn:virtualAuthenticators: true}
Session ID: 597a0c430c70878c24edba044d404178" type="org.openqa.selenium.NoSuchElementException">
      <![CDATA[org.openqa.selenium.NoSuchElementException: no such element: Unable to locate element: {"method":"css selector","selector":"#repairException"}
  (Session info: chrome=109.0.5414.75)
For documentation on this error, please visit: https://selenium.dev/exceptions/#no_such_element
Build info: version: '4.3.0', revision: 'a4995e2c09*'
System info: host: 'DESKTOP-M729FOC', ip: '192.168.29.91', os.name: 'Windows 10', os.arch: 'amd64', os.version: '10.0', java.version: '11.0.13'
Driver info: org.openqa.selenium.chrome.ChromeDriver
Command: [597a0c430c70878c24edba044d404178, findElement {using=id, value=repairException}]
Capabilities {acceptInsecureCerts: false, browserName: chrome, browserVersion: 109.0.5414.75, chrome: {chromedriverVersion: 109.0.5414.74 (e7c5703604da..., userDataDir: C:\Users\DELL\AppData\Local...}, goog:chromeOptions: {debuggerAddress: localhost:52569}, networkConnectionEnabled: false, pageLoadStrategy: normal, platformName: WINDOWS, proxy: Proxy(), se:cdp: ws://localhost:52569/devtoo..., se:cdpVersion: 109.0.5414.75, setWindowRect: true, strictFileInteractability: false, timeouts: {implicit: 0, pageLoad: 300000, script: 30000}, unhandledPromptBehavior: dismiss and notify, webauthn:extension:credBlob: true, webauthn:extension:largeBlob: true, webauthn:virtualAuthenticators: true}
Session ID: 597a0c430c70878c24edba044d404178
at jdk.internal.reflect.GeneratedConstructorAccessor15.newInstance(Unknown Source)
at java.base/jdk.internal.reflect.DelegatingConstructorAccessorImpl.newInstance(DelegatingConstructorAccessorImpl.java:45)
at java.base/java.lang.reflect.Constructor.newInstance(Constructor.java:490)
at org.openqa.selenium.remote.codec.w3c.W3CHttpResponseCodec.createException(W3CHttpResponseCodec.java:200)
at org.openqa.selenium.remote.codec.w3c.W3CHttpResponseCodec.decode(W3CHttpResponseCodec.java:133)
at org.openqa.selenium.remote.codec.w3c.W3CHttpResponseCodec.decode(W3CHttpResponseCodec.java:53)
at org.openqa.selenium.remote.HttpCommandExecutor.execute(HttpCommandExecutor.java:184)
at org.openqa.selenium.remote.service.DriverCommandExecutor.invokeExecute(DriverCommandExecutor.java:167)
at org.openqa.selenium.remote.service.DriverCommandExecutor.execute(DriverCommandExecutor.java:142)
at org.openqa.selenium.remote.RemoteWebDriver.execute(RemoteWebDriver.java:569)
at org.openqa.selenium.remote.ElementLocation$ElementFinder$2.findElement(ElementLocation.java:162)
at org.openqa.selenium.remote.ElementLocation.findElement(ElementLocation.java:60)
at org.openqa.selenium.remote.RemoteWebDriver.findElement(RemoteWebDriver.java:387)
at org.openqa.selenium.remote.RemoteWebDriver.findElement(RemoteWebDriver.java:379)
at pageobjects.RepairLocatorsGUI.repairException(RepairLocatorsGUI.java:81)
at fieldServiceFormsTest.PositiveRepairExceptionGUITest.gUITestDropDownRepairException(PositiveRepairExceptionGUITest.java:95)
at jdk.internal.reflect.GeneratedMethodAccessor4.invoke(Unknown Source)
at java.base/jdk.internal.reflect.DelegatingMethodAccessorImpl.invoke(DelegatingMethodAccessorImpl.java:43)
at java.base/java.lang.reflect.Method.invoke(Method.java:566)
at org.testng.internal.MethodInvocationHelper.invokeMethod(MethodInvocationHelper.java:133)
at org.testng.internal.TestInvoker.invokeMethod(TestInvoker.java:598)
at org.testng.internal.TestInvoker.invokeTestMethod(TestInvoker.java:173)
at org.testng.internal.MethodRunner.runInSequence(MethodRunner.java:46)
at org.testng.internal.TestInvoker$MethodInvocationAgent.invoke(TestInvoker.java:824)
at org.testng.internal.TestInvoker.invokeTestMethods(TestInvoker.java:146)
at org.testng.internal.TestMethodWorker.invokeTestMethods(TestMethodWorker.java:146)
at org.testng.internal.TestMethodWorker.run(TestMethodWorker.java:128)
at java.base/java.util.ArrayList.forEach(ArrayList.java:1541)
at org.testng.TestRunner.privateRun(TestRunner.java:794)
at org.testng.TestRunner.run(TestRunner.java:596)
at org.testng.SuiteRunner.runTest(SuiteRunner.java:377)
at org.testng.SuiteRunner.runSequentially(SuiteRunner.java:371)
at org.testng.SuiteRunner.privateRun(SuiteRunner.java:332)
at org.testng.SuiteRunner.run(SuiteRunner.java:276)
at org.testng.SuiteRunnerWorker.runSuite(SuiteRunnerWorker.java:53)
at org.testng.SuiteRunnerWorker.run(SuiteRunnerWorker.java:96)
at org.testng.TestNG.runSuitesSequentially(TestNG.java:1212)
at org.testng.TestNG.runSuitesLocally(TestNG.java:1134)
at org.testng.TestNG.runSuites(TestNG.java:1063)
at org.testng.TestNG.run(TestNG.java:1031)
at org.testng.remote.AbstractRemoteTestNG.run(AbstractRemoteTestNG.java:115)
at org.testng.remote.RemoteTestNG.initAndRun(RemoteTestNG.java:251)
at org.testng.remote.RemoteTestNG.main(RemoteTestNG.java:77)
]]>
    </error>
  </testcase> <!-- gUITestDropDownRepairException -->
  <system-out/>
  <testcase classname="fieldServiceFormsTest.PositiveRepairExceptionGUITest" name="gUITestDropDownRepairException" time="4.663"/>
  <system-out/>
  <testcase classname="fieldServiceFormsTest.PositiveRepairExceptionGUITest" name="gUITestDropDownRepairException" time="4.602"/>
  <system-out/>
  <testcase classname="fieldServiceFormsTest.PositiveRepairExceptionGUITest" name="gUITestDropDownRepairException" time="5.452"/>
  <system-out/>
  <testcase classname="fieldServiceFormsTest.PositiveRepairExceptionGUITest" name="gUITestDropDownRepairException" time="4.393"/>
  <system-out/>
  <testcase classname="fieldServiceFormsTest.PositiveRepairExceptionGUITest" name="gUITestDropDownRepairException" time="53.253">
    <error message="no such element: Unable to locate element: {&quot;method&quot;:&quot;css selector&quot;,&quot;selector&quot;:&quot;#repairException&quot;}
  (Session info: chrome=109.0.5414.75)
For documentation on this error, please visit: https://selenium.dev/exceptions/#no_such_element
Build info: version: &#039;4.3.0&#039;, revision: &#039;a4995e2c09*&#039;
System info: host: &#039;DESKTOP-M729FOC&#039;, ip: &#039;192.168.29.91&#039;, os.name: &#039;Windows 10&#039;, os.arch: &#039;amd64&#039;, os.version: &#039;10.0&#039;, java.version: &#039;11.0.13&#039;
Driver info: org.openqa.selenium.chrome.ChromeDriver
Command: [597a0c430c70878c24edba044d404178, findElement {using=id, value=repairException}]
Capabilities {acceptInsecureCerts: false, browserName: chrome, browserVersion: 109.0.5414.75, chrome: {chromedriverVersion: 109.0.5414.74 (e7c5703604da..., userDataDir: C:\Users\DELL\AppData\Local...}, goog:chromeOptions: {debuggerAddress: localhost:52569}, networkConnectionEnabled: false, pageLoadStrategy: normal, platformName: WINDOWS, proxy: Proxy(), se:cdp: ws://localhost:52569/devtoo..., se:cdpVersion: 109.0.5414.75, setWindowRect: true, strictFileInteractability: false, timeouts: {implicit: 0, pageLoad: 300000, script: 30000}, unhandledPromptBehavior: dismiss and notify, webauthn:extension:credBlob: true, webauthn:extension:largeBlob: true, webauthn:virtualAuthenticators: true}
Session ID: 597a0c430c70878c24edba044d404178" type="org.openqa.selenium.NoSuchElementException">
      <![CDATA[org.openqa.selenium.NoSuchElementException: no such element: Unable to locate element: {"method":"css selector","selector":"#repairException"}
  (Session info: chrome=109.0.5414.75)
For documentation on this error, please visit: https://selenium.dev/exceptions/#no_such_element
Build info: version: '4.3.0', revision: 'a4995e2c09*'
System info: host: 'DESKTOP-M729FOC', ip: '192.168.29.91', os.name: 'Windows 10', os.arch: 'amd64', os.version: '10.0', java.version: '11.0.13'
Driver info: org.openqa.selenium.chrome.ChromeDriver
Command: [597a0c430c70878c24edba044d404178, findElement {using=id, value=repairException}]
Capabilities {acceptInsecureCerts: false, browserName: chrome, browserVersion: 109.0.5414.75, chrome: {chromedriverVersion: 109.0.5414.74 (e7c5703604da..., userDataDir: C:\Users\DELL\AppData\Local...}, goog:chromeOptions: {debuggerAddress: localhost:52569}, networkConnectionEnabled: false, pageLoadStrategy: normal, platformName: WINDOWS, proxy: Proxy(), se:cdp: ws://localhost:52569/devtoo..., se:cdpVersion: 109.0.5414.75, setWindowRect: true, strictFileInteractability: false, timeouts: {implicit: 0, pageLoad: 300000, script: 30000}, unhandledPromptBehavior: dismiss and notify, webauthn:extension:credBlob: true, webauthn:extension:largeBlob: true, webauthn:virtualAuthenticators: true}
Session ID: 597a0c430c70878c24edba044d404178
at java.base/jdk.internal.reflect.NativeConstructorAccessorImpl.newInstance0(Native Method)
at java.base/jdk.internal.reflect.NativeConstructorAccessorImpl.newInstance(NativeConstructorAccessorImpl.java:62)
at java.base/jdk.internal.reflect.DelegatingConstructorAccessorImpl.newInstance(DelegatingConstructorAccessorImpl.java:45)
at java.base/java.lang.reflect.Constructor.newInstance(Constructor.java:490)
at org.openqa.selenium.remote.codec.w3c.W3CHttpResponseCodec.createException(W3CHttpResponseCodec.java:200)
at org.openqa.selenium.remote.codec.w3c.W3CHttpResponseCodec.decode(W3CHttpResponseCodec.java:133)
at org.openqa.selenium.remote.codec.w3c.W3CHttpResponseCodec.decode(W3CHttpResponseCodec.java:53)
at org.openqa.selenium.remote.HttpCommandExecutor.execute(HttpCommandExecutor.java:184)
at org.openqa.selenium.remote.service.DriverCommandExecutor.invokeExecute(DriverCommandExecutor.java:167)
at org.openqa.selenium.remote.service.DriverCommandExecutor.execute(DriverCommandExecutor.java:142)
at org.openqa.selenium.remote.RemoteWebDriver.execute(RemoteWebDriver.java:569)
at org.openqa.selenium.remote.ElementLocation$ElementFinder$2.findElement(ElementLocation.java:162)
at org.openqa.selenium.remote.ElementLocation.findElement(ElementLocation.java:60)
at org.openqa.selenium.remote.RemoteWebDriver.findElement(RemoteWebDriver.java:387)
at org.openqa.selenium.remote.RemoteWebDriver.findElement(RemoteWebDriver.java:379)
at pageobjects.RepairLocatorsGUI.repairException(RepairLocatorsGUI.java:81)
at fieldServiceFormsTest.PositiveRepairExceptionGUITest.gUITestDropDownRepairException(PositiveRepairExceptionGUITest.java:95)
at jdk.internal.reflect.GeneratedMethodAccessor4.invoke(Unknown Source)
at java.base/jdk.internal.reflect.DelegatingMethodAccessorImpl.invoke(DelegatingMethodAccessorImpl.java:43)
at java.base/java.lang.reflect.Method.invoke(Method.java:566)
at org.testng.internal.MethodInvocationHelper.invokeMethod(MethodInvocationHelper.java:133)
at org.testng.internal.TestInvoker.invokeMethod(TestInvoker.java:598)
at org.testng.internal.TestInvoker.invokeTestMethod(TestInvoker.java:173)
at org.testng.internal.MethodRunner.runInSequence(MethodRunner.java:46)
at org.testng.internal.TestInvoker$MethodInvocationAgent.invoke(TestInvoker.java:824)
at org.testng.internal.TestInvoker.invokeTestMethods(TestInvoker.java:146)
at org.testng.internal.TestMethodWorker.invokeTestMethods(TestMethodWorker.java:146)
at org.testng.internal.TestMethodWorker.run(TestMethodWorker.java:128)
at java.base/java.util.ArrayList.forEach(ArrayList.java:1541)
at org.testng.TestRunner.privateRun(TestRunner.java:794)
at org.testng.TestRunner.run(TestRunner.java:596)
at org.testng.SuiteRunner.runTest(SuiteRunner.java:377)
at org.testng.SuiteRunner.runSequentially(SuiteRunner.java:371)
at org.testng.SuiteRunner.privateRun(SuiteRunner.java:332)
at org.testng.SuiteRunner.run(SuiteRunner.java:276)
at org.testng.SuiteRunnerWorker.runSuite(SuiteRunnerWorker.java:53)
at org.testng.SuiteRunnerWorker.run(SuiteRunnerWorker.java:96)
at org.testng.TestNG.runSuitesSequentially(TestNG.java:1212)
at org.testng.TestNG.runSuitesLocally(TestNG.java:1134)
at org.testng.TestNG.runSuites(TestNG.java:1063)
at org.testng.TestNG.run(TestNG.java:1031)
at org.testng.remote.AbstractRemoteTestNG.run(AbstractRemoteTestNG.java:115)
at org.testng.remote.RemoteTestNG.initAndRun(RemoteTestNG.java:251)
at org.testng.remote.RemoteTestNG.main(RemoteTestNG.java:77)
]]>
    </error>
  </testcase> <!-- gUITestDropDownRepairException -->
  <system-out/>
  <testcase classname="fieldServiceFormsTest.PositiveRepairExceptionGUITest" name="gUITestDropDownRepairException" time="4.352"/>
  <system-out/>
  <testcase classname="fieldServiceFormsTest.PositiveRepairExceptionGUITest" name="gUITestDropDownRepairException" time="4.444"/>
  <system-out/>
  <testcase classname="fieldServiceFormsTest.PositiveRepairExceptionGUITest" name="gUITestDropDownRepairException" time="4.678"/>
  <system-out/>
  <testcase classname="fieldServiceFormsTest.PositiveRepairExceptionGUITest" name="gUITestDropDownRepairException" time="4.297"/>
  <system-out/>
  <testcase classname="fieldServiceFormsTest.PositiveRepairExceptionGUITest" name="gUITestDropDownRepairException" time="4.744"/>
  <system-out/>
  <testcase classname="fieldServiceFormsTest.PositiveRepairExceptionGUITest" name="gUITestDropDownRepairException" time="4.222"/>
  <system-out/>
  <testcase classname="fieldServiceFormsTest.PositiveRepairExceptionGUITest" name="gUITestDropDownRepairException" time="4.335"/>
  <system-out/>
  <testcase classname="fieldServiceFormsTest.PositiveRepairExceptionGUITest" name="gUITestDropDownRepairException" time="4.825"/>
  <system-out/>
  <testcase classname="fieldServiceFormsTest.PositiveRepairExceptionGUITest" name="gUITestDropDownRepairException" time="4.320"/>
  <system-out/>
  <testcase classname="fieldServiceFormsTest.PositiveRepairExceptionGUITest" name="gUITestDropDownRepairException" time="5.158"/>
  <system-out/>
  <testcase classname="fieldServiceFormsTest.PositiveRepairExceptionGUITest" name="gUITestDropDownRepairException" time="4.311"/>
  <system-out/>
  <testcase classname="fieldServiceFormsTest.PositiveRepairExceptionGUITest" name="gUITestDropDownRepairException" time="4.875"/>
  <system-out/>
  <testcase classname="fieldServiceFormsTest.PositiveRepairExceptionGUITest" name="gUITestDropDownRepairException" time="5.006"/>
  <system-out/>
  <testcase classname="fieldServiceFormsTest.PositiveRepairExceptionGUITest" name="gUITestDropDownRepairException" time="4.411"/>
  <system-out/>
  <testcase classname="fieldServiceFormsTest.PositiveRepairExceptionGUITest" name="gUITestDropDownRepairException" time="4.287"/>
  <system-out/>
  <testcase classname="fieldServiceFormsTest.PositiveRepairExceptionGUITest" name="gUITestDropDownRepairException" time="4.941"/>
  <system-out/>
  <testcase classname="fieldServiceFormsTest.PositiveRepairExceptionGUITest" name="gUITestDropDownRepairException" time="5.385"/>
  <system-out/>
  <testcase classname="fieldServiceFormsTest.PositiveRepairExceptionGUITest" name="gUITestDropDownRepairException" time="4.520"/>
  <system-out/>
  <testcase classname="fieldServiceFormsTest.PositiveRepairExceptionGUITest" name="gUITestDropDownRepairException" time="4.964"/>
  <system-out/>
  <testcase classname="fieldServiceFormsTest.PositiveRepairExceptionGUITest" name="gUITestDropDownRepairException" time="4.823"/>
  <system-out/>
  <testcase classname="fieldServiceFormsTest.PositiveRepairExceptionGUITest" name="gUITestDropDownRepairException" time="4.714"/>
  <system-out/>
  <testcase classname="fieldServiceFormsTest.PositiveRepairExceptionGUITest" name="gUITestDropDownRepairException" time="4.445"/>
  <system-out/>
  <testcase classname="fieldServiceFormsTest.PositiveRepairExceptionGUITest" name="gUITestDropDownRepairException" time="4.409"/>
  <system-out/>
  <testcase classname="fieldServiceFormsTest.PositiveRepairExceptionGUITest" name="gUITestDropDownRepairException" time="4.627"/>
  <system-out/>
  <testcase classname="fieldServiceFormsTest.PositiveRepairExceptionGUITest" name="gUITestDropDownRepairException" time="4.352"/>
  <system-out/>
  <testcase classname="fieldServiceFormsTest.PositiveRepairExceptionGUITest" name="gUITestDropDownRepairException" time="4.464"/>
  <system-out/>
  <testcase classname="fieldServiceFormsTest.PositiveRepairExceptionGUITest" name="gUITestDropDownRepairException" time="5.053"/>
  <system-out/>
  <testcase classname="fieldServiceFormsTest.PositiveRepairExceptionGUITest" name="gUITestDropDownRepairException" time="4.669"/>
  <system-out/>
  <testcase classname="fieldServiceFormsTest.PositiveRepairExceptionGUITest" name="gUITestDropDownRepairException" time="5.269"/>
  <system-out/>
  <testcase classname="fieldServiceFormsTest.PositiveRepairExceptionGUITest" name="gUITestDropDownRepairException" time="4.465"/>
  <system-out/>
  <testcase classname="fieldServiceFormsTest.PositiveRepairExceptionGUITest" name="gUITestDropDownRepairException" time="4.377"/>
  <system-out/>
  <testcase classname="fieldServiceFormsTest.PositiveRepairExceptionGUITest" name="gUITestDropDownRepairException" time="6.789"/>
  <system-out/>
  <testcase classname="fieldServiceFormsTest.PositiveRepairExceptionGUITest" name="gUITestDropDownRepairException" time="4.586"/>
  <system-out/>
  <testcase classname="fieldServiceFormsTest.PositiveRepairExceptionGUITest" name="gUITestDropDownRepairException" time="4.943"/>
  <system-out/>
  <testcase classname="fieldServiceFormsTest.PositiveRepairExceptionGUITest" name="gUITestDropDownRepairException" time="4.667"/>
  <system-out/>
  <testcase classname="fieldServiceFormsTest.PositiveRepairExceptionGUITest" name="gUITestDropDownRepairException" time="4.430"/>
  <system-out/>
  <testcase classname="fieldServiceFormsTest.PositiveRepairExceptionGUITest" name="gUITestDropDownRepairException" time="4.422"/>
  <system-out/>
  <testcase classname="fieldServiceFormsTest.PositiveRepairExceptionGUITest" name="gUITestDropDownRepairException" time="4.417"/>
  <system-out/>
  <testcase classname="fieldServiceFormsTest.PositiveRepairExceptionGUITest" name="gUITestDropDownRepairException" time="5.943"/>
  <system-out/>
  <testcase classname="fieldServiceFormsTest.PositiveRepairExceptionGUITest" name="gUITestDropDownRepairException" time="4.260"/>
  <system-out/>
  <testcase classname="fieldServiceFormsTest.PositiveRepairExceptionGUITest" name="gUITestDropDownRepairException" time="4.247"/>
  <system-out/>
  <testcase classname="fieldServiceFormsTest.PositiveRepairExceptionGUITest" name="gUITestDropDownRepairException" time="4.457"/>
  <system-out/>
  <testcase classname="fieldServiceFormsTest.PositiveRepairExceptionGUITest" name="gUITestDropDownRepairException" time="5.026"/>
  <system-out/>
  <testcase classname="fieldServiceFormsTest.PositiveRepairExceptionGUITest" name="gUITestDropDownRepairException" time="4.878"/>
  <system-out/>
  <testcase classname="fieldServiceFormsTest.PositiveRepairExceptionGUITest" name="gUITestDropDownRepairException" time="4.866"/>
  <system-out/>
  <testcase classname="fieldServiceFormsTest.PositiveRepairExceptionGUITest" name="gUITestDropDownRepairException" time="4.884"/>
  <system-out/>
  <testcase classname="fieldServiceFormsTest.PositiveRepairExceptionGUITest" name="gUITestDropDownRepairException" time="4.796"/>
  <system-out/>
  <testcase classname="fieldServiceFormsTest.PositiveRepairExceptionGUITest" name="gUITestDropDownRepairException" time="4.970"/>
  <system-out/>
  <testcase classname="fieldServiceFormsTest.PositiveRepairExceptionGUITest" name="gUITestDropDownRepairException" time="6.604"/>
  <system-out/>
  <testcase classname="fieldServiceFormsTest.PositiveRepairExceptionGUITest" name="gUITestDropDownRepairException" time="4.907"/>
  <system-out/>
  <testcase classname="fieldServiceFormsTest.PositiveRepairExceptionGUITest" name="gUITestDropDownRepairException" time="5.459"/>
  <system-out/>
  <testcase classname="fieldServiceFormsTest.PositiveRepairExceptionGUITest" name="gUITestDropDownRepairException" time="53.247">
    <error message="no such element: Unable to locate element: {&quot;method&quot;:&quot;css selector&quot;,&quot;selector&quot;:&quot;#repairException&quot;}
  (Session info: chrome=109.0.5414.75)
For documentation on this error, please visit: https://selenium.dev/exceptions/#no_such_element
Build info: version: &#039;4.3.0&#039;, revision: &#039;a4995e2c09*&#039;
System info: host: &#039;DESKTOP-M729FOC&#039;, ip: &#039;192.168.29.91&#039;, os.name: &#039;Windows 10&#039;, os.arch: &#039;amd64&#039;, os.version: &#039;10.0&#039;, java.version: &#039;11.0.13&#039;
Driver info: org.openqa.selenium.chrome.ChromeDriver
Command: [597a0c430c70878c24edba044d404178, findElement {using=id, value=repairException}]
Capabilities {acceptInsecureCerts: false, browserName: chrome, browserVersion: 109.0.5414.75, chrome: {chromedriverVersion: 109.0.5414.74 (e7c5703604da..., userDataDir: C:\Users\DELL\AppData\Local...}, goog:chromeOptions: {debuggerAddress: localhost:52569}, networkConnectionEnabled: false, pageLoadStrategy: normal, platformName: WINDOWS, proxy: Proxy(), se:cdp: ws://localhost:52569/devtoo..., se:cdpVersion: 109.0.5414.75, setWindowRect: true, strictFileInteractability: false, timeouts: {implicit: 0, pageLoad: 300000, script: 30000}, unhandledPromptBehavior: dismiss and notify, webauthn:extension:credBlob: true, webauthn:extension:largeBlob: true, webauthn:virtualAuthenticators: true}
Session ID: 597a0c430c70878c24edba044d404178" type="org.openqa.selenium.NoSuchElementException">
      <![CDATA[org.openqa.selenium.NoSuchElementException: no such element: Unable to locate element: {"method":"css selector","selector":"#repairException"}
  (Session info: chrome=109.0.5414.75)
For documentation on this error, please visit: https://selenium.dev/exceptions/#no_such_element
Build info: version: '4.3.0', revision: 'a4995e2c09*'
System info: host: 'DESKTOP-M729FOC', ip: '192.168.29.91', os.name: 'Windows 10', os.arch: 'amd64', os.version: '10.0', java.version: '11.0.13'
Driver info: org.openqa.selenium.chrome.ChromeDriver
Command: [597a0c430c70878c24edba044d404178, findElement {using=id, value=repairException}]
Capabilities {acceptInsecureCerts: false, browserName: chrome, browserVersion: 109.0.5414.75, chrome: {chromedriverVersion: 109.0.5414.74 (e7c5703604da..., userDataDir: C:\Users\DELL\AppData\Local...}, goog:chromeOptions: {debuggerAddress: localhost:52569}, networkConnectionEnabled: false, pageLoadStrategy: normal, platformName: WINDOWS, proxy: Proxy(), se:cdp: ws://localhost:52569/devtoo..., se:cdpVersion: 109.0.5414.75, setWindowRect: true, strictFileInteractability: false, timeouts: {implicit: 0, pageLoad: 300000, script: 30000}, unhandledPromptBehavior: dismiss and notify, webauthn:extension:credBlob: true, webauthn:extension:largeBlob: true, webauthn:virtualAuthenticators: true}
Session ID: 597a0c430c70878c24edba044d404178
at java.base/jdk.internal.reflect.NativeConstructorAccessorImpl.newInstance0(Native Method)
at java.base/jdk.internal.reflect.NativeConstructorAccessorImpl.newInstance(NativeConstructorAccessorImpl.java:62)
at java.base/jdk.internal.reflect.DelegatingConstructorAccessorImpl.newInstance(DelegatingConstructorAccessorImpl.java:45)
at java.base/java.lang.reflect.Constructor.newInstance(Constructor.java:490)
at org.openqa.selenium.remote.codec.w3c.W3CHttpResponseCodec.createException(W3CHttpResponseCodec.java:200)
at org.openqa.selenium.remote.codec.w3c.W3CHttpResponseCodec.decode(W3CHttpResponseCodec.java:133)
at org.openqa.selenium.remote.codec.w3c.W3CHttpResponseCodec.decode(W3CHttpResponseCodec.java:53)
at org.openqa.selenium.remote.HttpCommandExecutor.execute(HttpCommandExecutor.java:184)
at org.openqa.selenium.remote.service.DriverCommandExecutor.invokeExecute(DriverCommandExecutor.java:167)
at org.openqa.selenium.remote.service.DriverCommandExecutor.execute(DriverCommandExecutor.java:142)
at org.openqa.selenium.remote.RemoteWebDriver.execute(RemoteWebDriver.java:569)
at org.openqa.selenium.remote.ElementLocation$ElementFinder$2.findElement(ElementLocation.java:162)
at org.openqa.selenium.remote.ElementLocation.findElement(ElementLocation.java:60)
at org.openqa.selenium.remote.RemoteWebDriver.findElement(RemoteWebDriver.java:387)
at org.openqa.selenium.remote.RemoteWebDriver.findElement(RemoteWebDriver.java:379)
at pageobjects.RepairLocatorsGUI.repairException(RepairLocatorsGUI.java:81)
at fieldServiceFormsTest.PositiveRepairExceptionGUITest.gUITestDropDownRepairException(PositiveRepairExceptionGUITest.java:95)
at jdk.internal.reflect.GeneratedMethodAccessor4.invoke(Unknown Source)
at java.base/jdk.internal.reflect.DelegatingMethodAccessorImpl.invoke(DelegatingMethodAccessorImpl.java:43)
at java.base/java.lang.reflect.Method.invoke(Method.java:566)
at org.testng.internal.MethodInvocationHelper.invokeMethod(MethodInvocationHelper.java:133)
at org.testng.internal.TestInvoker.invokeMethod(TestInvoker.java:598)
at org.testng.internal.TestInvoker.invokeTestMethod(TestInvoker.java:173)
at org.testng.internal.MethodRunner.runInSequence(MethodRunner.java:46)
at org.testng.internal.TestInvoker$MethodInvocationAgent.invoke(TestInvoker.java:824)
at org.testng.internal.TestInvoker.invokeTestMethods(TestInvoker.java:146)
at org.testng.internal.TestMethodWorker.invokeTestMethods(TestMethodWorker.java:146)
at org.testng.internal.TestMethodWorker.run(TestMethodWorker.java:128)
at java.base/java.util.ArrayList.forEach(ArrayList.java:1541)
at org.testng.TestRunner.privateRun(TestRunner.java:794)
at org.testng.TestRunner.run(TestRunner.java:596)
at org.testng.SuiteRunner.runTest(SuiteRunner.java:377)
at org.testng.SuiteRunner.runSequentially(SuiteRunner.java:371)
at org.testng.SuiteRunner.privateRun(SuiteRunner.java:332)
at org.testng.SuiteRunner.run(SuiteRunner.java:276)
at org.testng.SuiteRunnerWorker.runSuite(SuiteRunnerWorker.java:53)
at org.testng.SuiteRunnerWorker.run(SuiteRunnerWorker.java:96)
at org.testng.TestNG.runSuitesSequentially(TestNG.java:1212)
at org.testng.TestNG.runSuitesLocally(TestNG.java:1134)
at org.testng.TestNG.runSuites(TestNG.java:1063)
at org.testng.TestNG.run(TestNG.java:1031)
at org.testng.remote.AbstractRemoteTestNG.run(AbstractRemoteTestNG.java:115)
at org.testng.remote.RemoteTestNG.initAndRun(RemoteTestNG.java:251)
at org.testng.remote.RemoteTestNG.main(RemoteTestNG.java:77)
]]>
    </error>
  </testcase> <!-- gUITestDropDownRepairException -->
  <system-out/>
  <testcase classname="fieldServiceFormsTest.PositiveRepairExceptionGUITest" name="gUITestDropDownRepairException" time="4.784"/>
  <system-out/>
  <testcase classname="fieldServiceFormsTest.PositiveRepairExceptionGUITest" name="gUITestDropDownRepairException" time="4.495"/>
  <system-out/>
  <testcase classname="fieldServiceFormsTest.PositiveRepairExceptionGUITest" name="gUITestDropDownRepairException" time="4.244"/>
  <system-out/>
  <testcase classname="fieldServiceFormsTest.PositiveRepairExceptionGUITest" name="gUITestDropDownRepairException" time="4.620"/>
  <system-out/>
  <testcase classname="fieldServiceFormsTest.PositiveRepairExceptionGUITest" name="gUITestDropDownRepairException" time="4.203"/>
  <system-out/>
  <testcase classname="fieldServiceFormsTest.PositiveRepairExceptionGUITest" name="gUITestDropDownRepairException" time="5.447"/>
  <system-out/>
  <testcase classname="fieldServiceFormsTest.PositiveRepairExceptionGUITest" name="gUITestDropDownRepairException" time="5.880"/>
  <system-out/>
  <testcase classname="fieldServiceFormsTest.PositiveRepairExceptionGUITest" name="gUITestDropDownRepairException" time="4.523"/>
  <system-out/>
  <testcase classname="fieldServiceFormsTest.PositiveRepairExceptionGUITest" name="gUITestDropDownRepairException" time="5.149"/>
  <system-out/>
  <testcase classname="fieldServiceFormsTest.PositiveRepairExceptionGUITest" name="gUITestDropDownRepairException" time="4.448"/>
  <system-out/>
  <testcase classname="fieldServiceFormsTest.PositiveRepairExceptionGUITest" name="gUITestDropDownRepairException" time="4.392"/>
  <system-out/>
  <testcase classname="fieldServiceFormsTest.PositiveRepairExceptionGUITest" name="gUITestDropDownRepairException" time="4.329"/>
  <system-out/>
  <testcase classname="fieldServiceFormsTest.PositiveRepairExceptionGUITest" name="gUITestDropDownRepairException" time="4.502"/>
  <system-out/>
  <testcase classname="fieldServiceFormsTest.PositiveRepairExceptionGUITest" name="gUITestDropDownRepairException" time="4.412"/>
  <system-out/>
  <testcase classname="fieldServiceFormsTest.PositiveRepairExceptionGUITest" name="gUITestDropDownRepairException" time="4.453"/>
  <system-out/>
  <testcase classname="fieldServiceFormsTest.PositiveRepairExceptionGUITest" name="gUITestDropDownRepairException" time="4.787"/>
  <system-out/>
  <testcase classname="fieldServiceFormsTest.PositiveRepairExceptionGUITest" name="gUITestDropDownRepairException" time="4.476"/>
  <system-out/>
  <testcase classname="fieldServiceFormsTest.PositiveRepairExceptionGUITest" name="gUITestDropDownRepairException" time="4.555"/>
  <system-out/>
  <testcase classname="fieldServiceFormsTest.PositiveRepairExceptionGUITest" name="gUITestDropDownRepairException" time="4.471"/>
  <system-out/>
  <testcase classname="fieldServiceFormsTest.PositiveRepairExceptionGUITest" name="gUITestDropDownRepairException" time="4.358"/>
  <system-out/>
  <testcase classname="fieldServiceFormsTest.PositiveRepairExceptionGUITest" name="gUITestDropDownRepairException" time="4.955"/>
  <system-out/>
  <testcase classname="fieldServiceFormsTest.PositiveRepairExceptionGUITest" name="gUITestDropDownRepairException" time="4.455"/>
  <system-out/>
  <testcase classname="fieldServiceFormsTest.PositiveRepairExceptionGUITest" name="gUITestDropDownRepairException" time="4.534"/>
  <system-out/>
  <testcase classname="fieldServiceFormsTest.PositiveRepairExceptionGUITest" name="gUITestDropDownRepairException" time="4.989"/>
  <system-out/>
  <testcase classname="fieldServiceFormsTest.PositiveRepairExceptionGUITest" name="gUITestDropDownRepairException" time="4.254"/>
  <system-out/>
  <testcase classname="fieldServiceFormsTest.PositiveRepairExceptionGUITest" name="gUITestDropDownRepairException" time="4.956"/>
  <system-out/>
  <testcase classname="fieldServiceFormsTest.PositiveRepairExceptionGUITest" name="gUITestDropDownRepairException" time="4.982"/>
  <system-out/>
  <testcase classname="fieldServiceFormsTest.PositiveRepairExceptionGUITest" name="gUITestDropDownRepairException" time="4.450"/>
  <system-out/>
  <testcase classname="fieldServiceFormsTest.PositiveRepairExceptionGUITest" name="gUITestDropDownRepairException" time="4.446"/>
  <system-out/>
  <testcase classname="fieldServiceFormsTest.PositiveRepairExceptionGUITest" name="gUITestDropDownRepairException" time="4.521"/>
  <system-out/>
  <testcase classname="fieldServiceFormsTest.PositiveRepairExceptionGUITest" name="gUITestDropDownRepairException" time="4.390"/>
  <system-out/>
  <testcase classname="fieldServiceFormsTest.PositiveRepairExceptionGUITest" name="gUITestDropDownRepairException" time="4.291"/>
  <system-out/>
  <testcase classname="fieldServiceFormsTest.PositiveRepairExceptionGUITest" name="gUITestDropDownRepairException" time="5.070"/>
  <system-out/>
  <testcase classname="fieldServiceFormsTest.PositiveRepairExceptionGUITest" name="gUITestDropDownRepairException" time="4.844"/>
  <system-out/>
  <testcase classname="fieldServiceFormsTest.PositiveRepairExceptionGUITest" name="gUITestDropDownRepairException" time="4.910"/>
  <system-out/>
  <testcase classname="fieldServiceFormsTest.PositiveRepairExceptionGUITest" name="gUITestDropDownRepairException" time="4.891"/>
  <system-out/>
  <testcase classname="fieldServiceFormsTest.PositiveRepairExceptionGUITest" name="gUITestDropDownRepairException" time="4.954"/>
  <system-out/>
  <testcase classname="fieldServiceFormsTest.PositiveRepairExceptionGUITest" name="gUITestDropDownRepairException" time="5.472"/>
  <system-out/>
  <testcase classname="fieldServiceFormsTest.PositiveRepairExceptionGUITest" name="gUITestDropDownRepairException" time="4.253"/>
  <system-out/>
  <testcase classname="fieldServiceFormsTest.PositiveRepairExceptionGUITest" name="gUITestDropDownRepairException" time="4.360"/>
  <system-out/>
  <testcase classname="fieldServiceFormsTest.PositiveRepairExceptionGUITest" name="gUITestDropDownRepairException" time="4.446"/>
  <system-out/>
  <testcase classname="fieldServiceFormsTest.PositiveRepairExceptionGUITest" name="gUITestDropDownRepairException" time="53.214">
    <error message="no such element: Unable to locate element: {&quot;method&quot;:&quot;css selector&quot;,&quot;selector&quot;:&quot;#repairException&quot;}
  (Session info: chrome=109.0.5414.75)
For documentation on this error, please visit: https://selenium.dev/exceptions/#no_such_element
Build info: version: &#039;4.3.0&#039;, revision: &#039;a4995e2c09*&#039;
System info: host: &#039;DESKTOP-M729FOC&#039;, ip: &#039;192.168.29.91&#039;, os.name: &#039;Windows 10&#039;, os.arch: &#039;amd64&#039;, os.version: &#039;10.0&#039;, java.version: &#039;11.0.13&#039;
Driver info: org.openqa.selenium.chrome.ChromeDriver
Command: [597a0c430c70878c24edba044d404178, findElement {using=id, value=repairException}]
Capabilities {acceptInsecureCerts: false, browserName: chrome, browserVersion: 109.0.5414.75, chrome: {chromedriverVersion: 109.0.5414.74 (e7c5703604da..., userDataDir: C:\Users\DELL\AppData\Local...}, goog:chromeOptions: {debuggerAddress: localhost:52569}, networkConnectionEnabled: false, pageLoadStrategy: normal, platformName: WINDOWS, proxy: Proxy(), se:cdp: ws://localhost:52569/devtoo..., se:cdpVersion: 109.0.5414.75, setWindowRect: true, strictFileInteractability: false, timeouts: {implicit: 0, pageLoad: 300000, script: 30000}, unhandledPromptBehavior: dismiss and notify, webauthn:extension:credBlob: true, webauthn:extension:largeBlob: true, webauthn:virtualAuthenticators: true}
Session ID: 597a0c430c70878c24edba044d404178" type="org.openqa.selenium.NoSuchElementException">
      <![CDATA[org.openqa.selenium.NoSuchElementException: no such element: Unable to locate element: {"method":"css selector","selector":"#repairException"}
  (Session info: chrome=109.0.5414.75)
For documentation on this error, please visit: https://selenium.dev/exceptions/#no_such_element
Build info: version: '4.3.0', revision: 'a4995e2c09*'
System info: host: 'DESKTOP-M729FOC', ip: '192.168.29.91', os.name: 'Windows 10', os.arch: 'amd64', os.version: '10.0', java.version: '11.0.13'
Driver info: org.openqa.selenium.chrome.ChromeDriver
Command: [597a0c430c70878c24edba044d404178, findElement {using=id, value=repairException}]
Capabilities {acceptInsecureCerts: false, browserName: chrome, browserVersion: 109.0.5414.75, chrome: {chromedriverVersion: 109.0.5414.74 (e7c5703604da..., userDataDir: C:\Users\DELL\AppData\Local...}, goog:chromeOptions: {debuggerAddress: localhost:52569}, networkConnectionEnabled: false, pageLoadStrategy: normal, platformName: WINDOWS, proxy: Proxy(), se:cdp: ws://localhost:52569/devtoo..., se:cdpVersion: 109.0.5414.75, setWindowRect: true, strictFileInteractability: false, timeouts: {implicit: 0, pageLoad: 300000, script: 30000}, unhandledPromptBehavior: dismiss and notify, webauthn:extension:credBlob: true, webauthn:extension:largeBlob: true, webauthn:virtualAuthenticators: true}
Session ID: 597a0c430c70878c24edba044d404178
at java.base/jdk.internal.reflect.NativeConstructorAccessorImpl.newInstance0(Native Method)
at java.base/jdk.internal.reflect.NativeConstructorAccessorImpl.newInstance(NativeConstructorAccessorImpl.java:62)
at java.base/jdk.internal.reflect.DelegatingConstructorAccessorImpl.newInstance(DelegatingConstructorAccessorImpl.java:45)
at java.base/java.lang.reflect.Constructor.newInstance(Constructor.java:490)
at org.openqa.selenium.remote.codec.w3c.W3CHttpResponseCodec.createException(W3CHttpResponseCodec.java:200)
at org.openqa.selenium.remote.codec.w3c.W3CHttpResponseCodec.decode(W3CHttpResponseCodec.java:133)
at org.openqa.selenium.remote.codec.w3c.W3CHttpResponseCodec.decode(W3CHttpResponseCodec.java:53)
at org.openqa.selenium.remote.HttpCommandExecutor.execute(HttpCommandExecutor.java:184)
at org.openqa.selenium.remote.service.DriverCommandExecutor.invokeExecute(DriverCommandExecutor.java:167)
at org.openqa.selenium.remote.service.DriverCommandExecutor.execute(DriverCommandExecutor.java:142)
at org.openqa.selenium.remote.RemoteWebDriver.execute(RemoteWebDriver.java:569)
at org.openqa.selenium.remote.ElementLocation$ElementFinder$2.findElement(ElementLocation.java:162)
at org.openqa.selenium.remote.ElementLocation.findElement(ElementLocation.java:60)
at org.openqa.selenium.remote.RemoteWebDriver.findElement(RemoteWebDriver.java:387)
at org.openqa.selenium.remote.RemoteWebDriver.findElement(RemoteWebDriver.java:379)
at pageobjects.RepairLocatorsGUI.repairException(RepairLocatorsGUI.java:81)
at fieldServiceFormsTest.PositiveRepairExceptionGUITest.gUITestDropDownRepairException(PositiveRepairExceptionGUITest.java:95)
at jdk.internal.reflect.GeneratedMethodAccessor4.invoke(Unknown Source)
at java.base/jdk.internal.reflect.DelegatingMethodAccessorImpl.invoke(DelegatingMethodAccessorImpl.java:43)
at java.base/java.lang.reflect.Method.invoke(Method.java:566)
at org.testng.internal.MethodInvocationHelper.invokeMethod(MethodInvocationHelper.java:133)
at org.testng.internal.TestInvoker.invokeMethod(TestInvoker.java:598)
at org.testng.internal.TestInvoker.invokeTestMethod(TestInvoker.java:173)
at org.testng.internal.MethodRunner.runInSequence(MethodRunner.java:46)
at org.testng.internal.TestInvoker$MethodInvocationAgent.invoke(TestInvoker.java:824)
at org.testng.internal.TestInvoker.invokeTestMethods(TestInvoker.java:146)
at org.testng.internal.TestMethodWorker.invokeTestMethods(TestMethodWorker.java:146)
at org.testng.internal.TestMethodWorker.run(TestMethodWorker.java:128)
at java.base/java.util.ArrayList.forEach(ArrayList.java:1541)
at org.testng.TestRunner.privateRun(TestRunner.java:794)
at org.testng.TestRunner.run(TestRunner.java:596)
at org.testng.SuiteRunner.runTest(SuiteRunner.java:377)
at org.testng.SuiteRunner.runSequentially(SuiteRunner.java:371)
at org.testng.SuiteRunner.privateRun(SuiteRunner.java:332)
at org.testng.SuiteRunner.run(SuiteRunner.java:276)
at org.testng.SuiteRunnerWorker.runSuite(SuiteRunnerWorker.java:53)
at org.testng.SuiteRunnerWorker.run(SuiteRunnerWorker.java:96)
at org.testng.TestNG.runSuitesSequentially(TestNG.java:1212)
at org.testng.TestNG.runSuitesLocally(TestNG.java:1134)
at org.testng.TestNG.runSuites(TestNG.java:1063)
at org.testng.TestNG.run(TestNG.java:1031)
at org.testng.remote.AbstractRemoteTestNG.run(AbstractRemoteTestNG.java:115)
at org.testng.remote.RemoteTestNG.initAndRun(RemoteTestNG.java:251)
at org.testng.remote.RemoteTestNG.main(RemoteTestNG.java:77)
]]>
    </error>
  </testcase> <!-- gUITestDropDownRepairException -->
  <system-out/>
  <testcase classname="fieldServiceFormsTest.PositiveRepairExceptionGUITest" name="gUITestDropDownRepairException" time="4.463"/>
  <system-out/>
  <testcase classname="fieldServiceFormsTest.PositiveRepairExceptionGUITest" name="gUITestDropDownRepairException" time="4.310"/>
  <system-out/>
  <testcase classname="fieldServiceFormsTest.PositiveRepairExceptionGUITest" name="gUITestDropDownRepairException" time="4.402"/>
  <system-out/>
  <testcase classname="fieldServiceFormsTest.PositiveRepairExceptionGUITest" name="gUITestDropDownRepairException" time="5.276"/>
  <system-out/>
  <testcase classname="fieldServiceFormsTest.PositiveRepairExceptionGUITest" name="gUITestDropDownRepairException" time="4.386"/>
  <system-out/>
  <testcase classname="fieldServiceFormsTest.PositiveRepairExceptionGUITest" name="gUITestDropDownRepairException" time="4.770"/>
  <system-out/>
  <testcase classname="fieldServiceFormsTest.PositiveRepairExceptionGUITest" name="gUITestDropDownRepairException" time="5.681"/>
  <system-out/>
  <testcase classname="fieldServiceFormsTest.PositiveRepairExceptionGUITest" name="gUITestDropDownRepairException" time="4.805"/>
  <system-out/>
  <testcase classname="fieldServiceFormsTest.PositiveRepairExceptionGUITest" name="gUITestDropDownRepairException" time="4.398"/>
  <system-out/>
  <testcase classname="fieldServiceFormsTest.PositiveRepairExceptionGUITest" name="gUITestDropDownRepairException" time="4.453"/>
  <system-out/>
  <testcase classname="fieldServiceFormsTest.PositiveRepairExceptionGUITest" name="gUITestDropDownRepairException" time="4.597"/>
  <system-out/>
  <testcase classname="fieldServiceFormsTest.PositiveRepairExceptionGUITest" name="gUITestDropDownRepairException" time="5.129"/>
  <system-out/>
  <testcase classname="fieldServiceFormsTest.PositiveRepairExceptionGUITest" name="gUITestDropDownRepairException" time="4.424"/>
  <system-out/>
  <testcase classname="fieldServiceFormsTest.PositiveRepairExceptionGUITest" name="gUITestDropDownRepairException" time="4.230"/>
  <system-out/>
  <testcase classname="fieldServiceFormsTest.PositiveRepairExceptionGUITest" name="gUITestDropDownRepairException" time="4.245"/>
  <system-out/>
  <testcase classname="fieldServiceFormsTest.PositiveRepairExceptionGUITest" name="gUITestDropDownRepairException" time="5.332"/>
  <system-out/>
  <testcase classname="fieldServiceFormsTest.PositiveRepairExceptionGUITest" name="gUITestDropDownRepairException" time="5.622"/>
  <system-out/>
  <testcase classname="fieldServiceFormsTest.PositiveRepairExceptionGUITest" name="gUITestDropDownRepairException" time="5.175"/>
  <system-out/>
  <testcase classname="fieldServiceFormsTest.PositiveRepairExceptionGUITest" name="gUITestDropDownRepairException" time="5.124"/>
  <system-out/>
  <testcase classname="fieldServiceFormsTest.PositiveRepairExceptionGUITest" name="gUITestDropDownRepairException" time="4.620"/>
  <system-out/>
  <testcase classname="fieldServiceFormsTest.PositiveRepairExceptionGUITest" name="gUITestDropDownRepairException" time="4.448"/>
  <system-out/>
  <testcase classname="fieldServiceFormsTest.PositiveRepairExceptionGUITest" name="gUITestDropDownRepairException" time="5.057"/>
  <system-out/>
  <testcase classname="fieldServiceFormsTest.PositiveRepairExceptionGUITest" name="gUITestDropDownRepairException" time="4.811"/>
  <system-out/>
  <testcase classname="fieldServiceFormsTest.PositiveRepairExceptionGUITest" name="gUITestDropDownRepairException" time="4.316"/>
  <system-out/>
  <testcase classname="fieldServiceFormsTest.PositiveRepairExceptionGUITest" name="gUITestDropDownRepairException" time="5.352"/>
  <system-out/>
  <testcase classname="fieldServiceFormsTest.PositiveRepairExceptionGUITest" name="gUITestDropDownRepairException" time="4.872"/>
  <system-out/>
  <testcase classname="fieldServiceFormsTest.PositiveRepairExceptionGUITest" name="gUITestDropDownRepairException" time="4.444"/>
  <system-out/>
  <testcase classname="fieldServiceFormsTest.PositiveRepairExceptionGUITest" name="gUITestDropDownRepairException" time="4.339"/>
  <system-out/>
  <testcase classname="fieldServiceFormsTest.PositiveRepairExceptionGUITest" name="gUITestDropDownRepairException" time="5.142"/>
  <system-out/>
  <testcase classname="fieldServiceFormsTest.PositiveRepairExceptionGUITest" name="gUITestDropDownRepairException" time="4.944"/>
  <system-out/>
  <testcase classname="fieldServiceFormsTest.PositiveRepairExceptionGUITest" name="gUITestDropDownRepairException" time="4.313"/>
  <system-out/>
  <testcase classname="fieldServiceFormsTest.PositiveRepairExceptionGUITest" name="gUITestDropDownRepairException" time="4.755"/>
  <system-out/>
  <testcase classname="fieldServiceFormsTest.PositiveRepairExceptionGUITest" name="gUITestDropDownRepairException" time="4.528"/>
  <system-out/>
  <testcase classname="fieldServiceFormsTest.PositiveRepairExceptionGUITest" name="gUITestDropDownRepairException" time="4.454"/>
  <system-out/>
  <testcase classname="fieldServiceFormsTest.PositiveRepairExceptionGUITest" name="gUITestDropDownRepairException" time="4.992"/>
  <system-out/>
  <testcase classname="fieldServiceFormsTest.PositiveRepairExceptionGUITest" name="gUITestDropDownRepairException" time="4.403"/>
  <system-out/>
  <testcase classname="fieldServiceFormsTest.PositiveRepairExceptionGUITest" name="gUITestDropDownRepairException" time="4.553"/>
  <system-out/>
  <testcase classname="fieldServiceFormsTest.PositiveRepairExceptionGUITest" name="gUITestDropDownRepairException" time="5.645"/>
  <system-out/>
  <testcase classname="fieldServiceFormsTest.PositiveRepairExceptionGUITest" name="gUITestDropDownRepairException" time="5.006"/>
  <system-out/>
  <testcase classname="fieldServiceFormsTest.PositiveRepairExceptionGUITest" name="gUITestDropDownRepairException" time="4.927"/>
  <system-out/>
  <testcase classname="fieldServiceFormsTest.PositiveRepairExceptionGUITest" name="gUITestDropDownRepairException" time="5.226"/>
  <system-out/>
  <testcase classname="fieldServiceFormsTest.PositiveRepairExceptionGUITest" name="gUITestDropDownRepairException" time="4.228"/>
  <system-out/>
  <testcase classname="fieldServiceFormsTest.PositiveRepairExceptionGUITest" name="gUITestDropDownRepairException" time="4.773"/>
  <system-out/>
  <testcase classname="fieldServiceFormsTest.PositiveRepairExceptionGUITest" name="gUITestDropDownRepairException" time="4.337"/>
  <system-out/>
  <testcase classname="fieldServiceFormsTest.PositiveRepairExceptionGUITest" name="gUITestDropDownRepairException" time="53.188">
    <error message="no such element: Unable to locate element: {&quot;method&quot;:&quot;css selector&quot;,&quot;selector&quot;:&quot;#repairException&quot;}
  (Session info: chrome=109.0.5414.75)
For documentation on this error, please visit: https://selenium.dev/exceptions/#no_such_element
Build info: version: &#039;4.3.0&#039;, revision: &#039;a4995e2c09*&#039;
System info: host: &#039;DESKTOP-M729FOC&#039;, ip: &#039;192.168.29.91&#039;, os.name: &#039;Windows 10&#039;, os.arch: &#039;amd64&#039;, os.version: &#039;10.0&#039;, java.version: &#039;11.0.13&#039;
Driver info: org.openqa.selenium.chrome.ChromeDriver
Command: [597a0c430c70878c24edba044d404178, findElement {using=id, value=repairException}]
Capabilities {acceptInsecureCerts: false, browserName: chrome, browserVersion: 109.0.5414.75, chrome: {chromedriverVersion: 109.0.5414.74 (e7c5703604da..., userDataDir: C:\Users\DELL\AppData\Local...}, goog:chromeOptions: {debuggerAddress: localhost:52569}, networkConnectionEnabled: false, pageLoadStrategy: normal, platformName: WINDOWS, proxy: Proxy(), se:cdp: ws://localhost:52569/devtoo..., se:cdpVersion: 109.0.5414.75, setWindowRect: true, strictFileInteractability: false, timeouts: {implicit: 0, pageLoad: 300000, script: 30000}, unhandledPromptBehavior: dismiss and notify, webauthn:extension:credBlob: true, webauthn:extension:largeBlob: true, webauthn:virtualAuthenticators: true}
Session ID: 597a0c430c70878c24edba044d404178" type="org.openqa.selenium.NoSuchElementException">
      <![CDATA[org.openqa.selenium.NoSuchElementException: no such element: Unable to locate element: {"method":"css selector","selector":"#repairException"}
  (Session info: chrome=109.0.5414.75)
For documentation on this error, please visit: https://selenium.dev/exceptions/#no_such_element
Build info: version: '4.3.0', revision: 'a4995e2c09*'
System info: host: 'DESKTOP-M729FOC', ip: '192.168.29.91', os.name: 'Windows 10', os.arch: 'amd64', os.version: '10.0', java.version: '11.0.13'
Driver info: org.openqa.selenium.chrome.ChromeDriver
Command: [597a0c430c70878c24edba044d404178, findElement {using=id, value=repairException}]
Capabilities {acceptInsecureCerts: false, browserName: chrome, browserVersion: 109.0.5414.75, chrome: {chromedriverVersion: 109.0.5414.74 (e7c5703604da..., userDataDir: C:\Users\DELL\AppData\Local...}, goog:chromeOptions: {debuggerAddress: localhost:52569}, networkConnectionEnabled: false, pageLoadStrategy: normal, platformName: WINDOWS, proxy: Proxy(), se:cdp: ws://localhost:52569/devtoo..., se:cdpVersion: 109.0.5414.75, setWindowRect: true, strictFileInteractability: false, timeouts: {implicit: 0, pageLoad: 300000, script: 30000}, unhandledPromptBehavior: dismiss and notify, webauthn:extension:credBlob: true, webauthn:extension:largeBlob: true, webauthn:virtualAuthenticators: true}
Session ID: 597a0c430c70878c24edba044d404178
at java.base/jdk.internal.reflect.NativeConstructorAccessorImpl.newInstance0(Native Method)
at java.base/jdk.internal.reflect.NativeConstructorAccessorImpl.newInstance(NativeConstructorAccessorImpl.java:62)
at java.base/jdk.internal.reflect.DelegatingConstructorAccessorImpl.newInstance(DelegatingConstructorAccessorImpl.java:45)
at java.base/java.lang.reflect.Constructor.newInstance(Constructor.java:490)
at org.openqa.selenium.remote.codec.w3c.W3CHttpResponseCodec.createException(W3CHttpResponseCodec.java:200)
at org.openqa.selenium.remote.codec.w3c.W3CHttpResponseCodec.decode(W3CHttpResponseCodec.java:133)
at org.openqa.selenium.remote.codec.w3c.W3CHttpResponseCodec.decode(W3CHttpResponseCodec.java:53)
at org.openqa.selenium.remote.HttpCommandExecutor.execute(HttpCommandExecutor.java:184)
at org.openqa.selenium.remote.service.DriverCommandExecutor.invokeExecute(DriverCommandExecutor.java:167)
at org.openqa.selenium.remote.service.DriverCommandExecutor.execute(DriverCommandExecutor.java:142)
at org.openqa.selenium.remote.RemoteWebDriver.execute(RemoteWebDriver.java:569)
at org.openqa.selenium.remote.ElementLocation$ElementFinder$2.findElement(ElementLocation.java:162)
at org.openqa.selenium.remote.ElementLocation.findElement(ElementLocation.java:60)
at org.openqa.selenium.remote.RemoteWebDriver.findElement(RemoteWebDriver.java:387)
at org.openqa.selenium.remote.RemoteWebDriver.findElement(RemoteWebDriver.java:379)
at pageobjects.RepairLocatorsGUI.repairException(RepairLocatorsGUI.java:81)
at fieldServiceFormsTest.PositiveRepairExceptionGUITest.gUITestDropDownRepairException(PositiveRepairExceptionGUITest.java:95)
at jdk.internal.reflect.GeneratedMethodAccessor4.invoke(Unknown Source)
at java.base/jdk.internal.reflect.DelegatingMethodAccessorImpl.invoke(DelegatingMethodAccessorImpl.java:43)
at java.base/java.lang.reflect.Method.invoke(Method.java:566)
at org.testng.internal.MethodInvocationHelper.invokeMethod(MethodInvocationHelper.java:133)
at org.testng.internal.TestInvoker.invokeMethod(TestInvoker.java:598)
at org.testng.internal.TestInvoker.invokeTestMethod(TestInvoker.java:173)
at org.testng.internal.MethodRunner.runInSequence(MethodRunner.java:46)
at org.testng.internal.TestInvoker$MethodInvocationAgent.invoke(TestInvoker.java:824)
at org.testng.internal.TestInvoker.invokeTestMethods(TestInvoker.java:146)
at org.testng.internal.TestMethodWorker.invokeTestMethods(TestMethodWorker.java:146)
at org.testng.internal.TestMethodWorker.run(TestMethodWorker.java:128)
at java.base/java.util.ArrayList.forEach(ArrayList.java:1541)
at org.testng.TestRunner.privateRun(TestRunner.java:794)
at org.testng.TestRunner.run(TestRunner.java:596)
at org.testng.SuiteRunner.runTest(SuiteRunner.java:377)
at org.testng.SuiteRunner.runSequentially(SuiteRunner.java:371)
at org.testng.SuiteRunner.privateRun(SuiteRunner.java:332)
at org.testng.SuiteRunner.run(SuiteRunner.java:276)
at org.testng.SuiteRunnerWorker.runSuite(SuiteRunnerWorker.java:53)
at org.testng.SuiteRunnerWorker.run(SuiteRunnerWorker.java:96)
at org.testng.TestNG.runSuitesSequentially(TestNG.java:1212)
at org.testng.TestNG.runSuitesLocally(TestNG.java:1134)
at org.testng.TestNG.runSuites(TestNG.java:1063)
at org.testng.TestNG.run(TestNG.java:1031)
at org.testng.remote.AbstractRemoteTestNG.run(AbstractRemoteTestNG.java:115)
at org.testng.remote.RemoteTestNG.initAndRun(RemoteTestNG.java:251)
at org.testng.remote.RemoteTestNG.main(RemoteTestNG.java:77)
]]>
    </error>
  </testcase> <!-- gUITestDropDownRepairException -->
  <system-out/>
  <testcase classname="fieldServiceFormsTest.PositiveRepairExceptionGUITest" name="gUITestDropDownRepairException" time="5.170"/>
  <system-out/>
  <testcase classname="fieldServiceFormsTest.PositiveRepairExceptionGUITest" name="gUITestDropDownRepairException" time="4.941"/>
  <system-out/>
  <testcase classname="fieldServiceFormsTest.PositiveRepairExceptionGUITest" name="gUITestDropDownRepairException" time="4.462"/>
  <system-out/>
  <testcase classname="fieldServiceFormsTest.PositiveRepairExceptionGUITest" name="gUITestDropDownRepairException" time="4.462"/>
  <system-out/>
  <testcase classname="fieldServiceFormsTest.PositiveRepairExceptionGUITest" name="gUITestDropDownRepairException" time="4.801"/>
  <system-out/>
  <testcase classname="fieldServiceFormsTest.PositiveRepairExceptionGUITest" name="gUITestDropDownRepairException" time="5.007"/>
  <system-out/>
  <testcase classname="fieldServiceFormsTest.PositiveRepairExceptionGUITest" name="gUITestDropDownRepairException" time="4.331"/>
  <system-out/>
  <testcase classname="fieldServiceFormsTest.PositiveRepairExceptionGUITest" name="gUITestDropDownRepairException" time="5.305"/>
  <system-out/>
  <testcase classname="fieldServiceFormsTest.PositiveRepairExceptionGUITest" name="gUITestDropDownRepairException" time="5.388"/>
  <system-out/>
  <testcase classname="fieldServiceFormsTest.PositiveRepairExceptionGUITest" name="gUITestDropDownRepairException" time="4.420"/>
  <system-out/>
  <testcase classname="fieldServiceFormsTest.PositiveRepairExceptionGUITest" name="gUITestDropDownRepairException" time="5.185"/>
  <system-out/>
  <testcase classname="fieldServiceFormsTest.PositiveRepairExceptionGUITest" name="gUITestDropDownRepairException" time="4.368"/>
  <system-out/>
  <testcase classname="fieldServiceFormsTest.PositiveRepairExceptionGUITest" name="gUITestDropDownRepairException" time="5.489"/>
  <system-out/>
  <testcase classname="fieldServiceFormsTest.PositiveRepairExceptionGUITest" name="gUITestDropDownRepairException" time="4.262"/>
  <system-out/>
  <testcase classname="fieldServiceFormsTest.PositiveRepairExceptionGUITest" name="gUITestDropDownRepairException" time="4.457"/>
  <system-out/>
  <testcase classname="fieldServiceFormsTest.PositiveRepairExceptionGUITest" name="gUITestDropDownRepairException" time="4.594"/>
  <system-out/>
  <testcase classname="fieldServiceFormsTest.PositiveRepairExceptionGUITest" name="gUITestDropDownRepairException" time="4.600"/>
  <system-out/>
  <testcase classname="fieldServiceFormsTest.PositiveRepairExceptionGUITest" name="gUITestDropDownRepairException" time="4.875"/>
  <system-out/>
  <testcase classname="fieldServiceFormsTest.PositiveRepairExceptionGUITest" name="gUITestDropDownRepairException" time="4.461"/>
  <system-out/>
  <testcase classname="fieldServiceFormsTest.PositiveRepairExceptionGUITest" name="gUITestDropDownRepairException" time="5.085"/>
  <system-out/>
  <testcase classname="fieldServiceFormsTest.PositiveRepairExceptionGUITest" name="gUITestDropDownRepairException" time="4.982"/>
  <system-out/>
  <testcase classname="fieldServiceFormsTest.PositiveRepairExceptionGUITest" name="gUITestDropDownRepairException" time="4.479"/>
  <system-out/>
  <testcase classname="fieldServiceFormsTest.PositiveRepairExceptionGUITest" name="gUITestDropDownRepairException" time="5.540"/>
  <system-out/>
  <testcase classname="fieldServiceFormsTest.PositiveRepairExceptionGUITest" name="gUITestDropDownRepairException" time="4.502"/>
  <system-out/>
  <testcase classname="fieldServiceFormsTest.PositiveRepairExceptionGUITest" name="gUITestDropDownRepairException" time="4.293"/>
  <system-out/>
  <testcase classname="fieldServiceFormsTest.PositiveRepairExceptionGUITest" name="gUITestDropDownRepairException" time="5.169"/>
  <system-out/>
  <testcase classname="fieldServiceFormsTest.PositiveRepairExceptionGUITest" name="gUITestDropDownRepairException" time="4.993"/>
  <system-out/>
  <testcase classname="fieldServiceFormsTest.PositiveRepairExceptionGUITest" name="gUITestDropDownRepairException" time="5.675"/>
  <system-out/>
  <testcase classname="fieldServiceFormsTest.PositiveRepairExceptionGUITest" name="gUITestDropDownRepairException" time="4.300"/>
  <system-out/>
  <testcase classname="fieldServiceFormsTest.PositiveRepairExceptionGUITest" name="gUITestDropDownRepairException" time="5.485"/>
  <system-out/>
  <testcase classname="fieldServiceFormsTest.PositiveRepairExceptionGUITest" name="gUITestDropDownRepairException" time="4.873"/>
  <system-out/>
  <testcase classname="fieldServiceFormsTest.PositiveRepairExceptionGUITest" name="gUITestDropDownRepairException" time="4.398"/>
  <system-out/>
  <testcase classname="fieldServiceFormsTest.PositiveRepairExceptionGUITest" name="gUITestDropDownRepairException" time="4.639"/>
  <system-out/>
  <testcase classname="fieldServiceFormsTest.PositiveRepairExceptionGUITest" name="gUITestDropDownRepairException" time="5.586"/>
  <system-out/>
  <testcase classname="fieldServiceFormsTest.PositiveRepairExceptionGUITest" name="gUITestDropDownRepairException" time="4.475"/>
  <system-out/>
  <testcase classname="fieldServiceFormsTest.PositiveRepairExceptionGUITest" name="gUITestDropDownRepairException" time="4.363"/>
  <system-out/>
  <testcase classname="fieldServiceFormsTest.PositiveRepairExceptionGUITest" name="gUITestDropDownRepairException" time="5.114"/>
  <system-out/>
  <testcase classname="fieldServiceFormsTest.PositiveRepairExceptionGUITest" name="gUITestDropDownRepairException" time="4.856"/>
  <system-out/>
  <testcase classname="fieldServiceFormsTest.PositiveRepairExceptionGUITest" name="gUITestDropDownRepairException" time="5.065"/>
  <system-out/>
  <testcase classname="fieldServiceFormsTest.PositiveRepairExceptionGUITest" name="gUITestDropDownRepairException" time="4.406"/>
  <system-out/>
  <testcase classname="fieldServiceFormsTest.PositiveRepairExceptionGUITest" name="gUITestDropDownRepairException" time="4.331"/>
  <system-out/>
  <testcase classname="fieldServiceFormsTest.PositiveRepairExceptionGUITest" name="gUITestDropDownRepairException" time="5.627"/>
  <system-out/>
  <testcase classname="fieldServiceFormsTest.PositiveRepairExceptionGUITest" name="gUITestDropDownRepairException" time="5.309"/>
  <system-out/>
  <testcase classname="fieldServiceFormsTest.PositiveRepairExceptionGUITest" name="gUITestDropDownRepairException" time="4.297"/>
  <system-out/>
  <testcase classname="fieldServiceFormsTest.PositiveRepairExceptionGUITest" name="gUITestDropDownRepairException" time="4.228"/>
  <system-out/>
  <testcase classname="fieldServiceFormsTest.PositiveRepairExceptionGUITest" name="gUITestDropDownRepairException" time="4.244"/>
  <system-out/>
  <testcase classname="fieldServiceFormsTest.PositiveRepairExceptionGUITest" name="gUITestDropDownRepairException" time="5.070"/>
  <system-out/>
  <testcase classname="fieldServiceFormsTest.PositiveRepairExceptionGUITest" name="gUITestDropDownRepairException" time="4.382"/>
  <system-out/>
  <testcase classname="fieldServiceFormsTest.PositiveRepairExceptionGUITest" name="gUITestDropDownRepairException" time="4.473"/>
  <system-out/>
  <testcase classname="fieldServiceFormsTest.PositiveRepairExceptionGUITest" name="gUITestDropDownRepairException" time="4.520"/>
  <system-out/>
  <testcase classname="fieldServiceFormsTest.PositiveRepairExceptionGUITest" name="gUITestDropDownRepairException" time="4.629"/>
  <system-out/>
  <testcase classname="fieldServiceFormsTest.PositiveRepairExceptionGUITest" name="gUITestDropDownRepairException" time="4.655"/>
  <system-out/>
  <testcase classname="fieldServiceFormsTest.PositiveRepairExceptionGUITest" name="gUITestDropDownRepairException" time="5.310"/>
  <system-out/>
  <testcase classname="fieldServiceFormsTest.PositiveRepairExceptionGUITest" name="gUITestDropDownRepairException" time="4.399"/>
  <system-out/>
  <testcase classname="fieldServiceFormsTest.PositiveRepairExceptionGUITest" name="gUITestDropDownRepairException" time="5.850"/>
  <system-out/>
  <testcase classname="fieldServiceFormsTest.PositiveRepairExceptionGUITest" name="gUITestDropDownRepairException" time="4.756"/>
  <system-out/>
  <testcase classname="fieldServiceFormsTest.PositiveRepairExceptionGUITest" name="gUITestDropDownRepairException" time="4.424"/>
  <system-out/>
  <testcase classname="fieldServiceFormsTest.PositiveRepairExceptionGUITest" name="gUITestDropDownRepairException" time="5.079"/>
  <system-out/>
  <testcase classname="fieldServiceFormsTest.PositiveRepairExceptionGUITest" name="gUITestDropDownRepairException" time="4.411"/>
  <system-out/>
  <testcase classname="fieldServiceFormsTest.PositiveRepairExceptionGUITest" name="gUITestDropDownRepairException" time="4.493"/>
  <system-out/>
  <testcase classname="fieldServiceFormsTest.PositiveRepairExceptionGUITest" name="gUITestDropDownRepairException" time="4.251"/>
  <system-out/>
  <testcase classname="fieldServiceFormsTest.PositiveRepairExceptionGUITest" name="gUITestDropDownRepairException" time="4.873"/>
  <system-out/>
  <testcase classname="fieldServiceFormsTest.PositiveRepairExceptionGUITest" name="gUITestDropDownRepairException" time="5.848"/>
  <system-out/>
  <testcase classname="fieldServiceFormsTest.PositiveRepairExceptionGUITest" name="gUITestDropDownRepairException" time="4.533"/>
  <system-out/>
  <testcase classname="fieldServiceFormsTest.PositiveRepairExceptionGUITest" name="gUITestDropDownRepairException" time="4.880"/>
  <system-out/>
  <testcase classname="fieldServiceFormsTest.PositiveRepairExceptionGUITest" name="gUITestDropDownRepairException" time="4.879"/>
  <system-out/>
  <testcase classname="fieldServiceFormsTest.PositiveRepairExceptionGUITest" name="gUITestDropDownRepairException" time="4.911"/>
  <system-out/>
  <testcase classname="fieldServiceFormsTest.PositiveRepairExceptionGUITest" name="gUITestDropDownRepairException" time="4.995"/>
  <system-out/>
  <testcase classname="fieldServiceFormsTest.PositiveRepairExceptionGUITest" name="gUITestDropDownRepairException" time="4.323"/>
  <system-out/>
  <testcase classname="fieldServiceFormsTest.PositiveRepairExceptionGUITest" name="gUITestDropDownRepairException" time="4.380"/>
  <system-out/>
  <testcase classname="fieldServiceFormsTest.PositiveRepairExceptionGUITest" name="gUITestDropDownRepairException" time="5.008"/>
  <system-out/>
  <testcase classname="fieldServiceFormsTest.PositiveRepairExceptionGUITest" name="gUITestDropDownRepairException" time="4.925"/>
  <system-out/>
  <testcase classname="fieldServiceFormsTest.PositiveRepairExceptionGUITest" name="gUITestDropDownRepairException" time="4.889"/>
  <system-out/>
  <testcase classname="fieldServiceFormsTest.PositiveRepairExceptionGUITest" name="gUITestDropDownRepairException" time="5.224"/>
  <system-out/>
  <testcase classname="fieldServiceFormsTest.PositiveRepairExceptionGUITest" name="gUITestDropDownRepairException" time="4.852"/>
  <system-out/>
  <testcase classname="fieldServiceFormsTest.PositiveRepairExceptionGUITest" name="gUITestDropDownRepairException" time="4.741"/>
  <system-out/>
  <testcase classname="fieldServiceFormsTest.PositiveRepairExceptionGUITest" name="gUITestDropDownRepairException" time="4.455"/>
  <system-out/>
  <testcase classname="fieldServiceFormsTest.PositiveRepairExceptionGUITest" name="gUITestDropDownRepairException" time="4.276"/>
  <system-out/>
  <testcase classname="fieldServiceFormsTest.PositiveRepairExceptionGUITest" name="gUITestDropDownRepairException" time="4.197"/>
  <system-out/>
  <testcase classname="fieldServiceFormsTest.PositiveRepairExceptionGUITest" name="gUITestDropDownRepairException" time="4.525"/>
  <system-out/>
  <testcase classname="fieldServiceFormsTest.PositiveRepairExceptionGUITest" name="gUITestDropDownRepairException" time="4.883"/>
  <system-out/>
  <testcase classname="fieldServiceFormsTest.PositiveRepairExceptionGUITest" name="gUITestDropDownRepairException" time="4.988"/>
  <system-out/>
  <testcase classname="fieldServiceFormsTest.PositiveRepairExceptionGUITest" name="gUITestDropDownRepairException" time="4.488"/>
  <system-out/>
  <testcase classname="fieldServiceFormsTest.PositiveRepairExceptionGUITest" name="gUITestDropDownRepairException" time="4.535"/>
  <system-out/>
  <testcase classname="fieldServiceFormsTest.PositiveRepairExceptionGUITest" name="gUITestDropDownRepairException" time="4.454"/>
  <system-out/>
  <testcase classname="fieldServiceFormsTest.PositiveRepairExceptionGUITest" name="gUITestDropDownRepairException" time="5.222"/>
  <system-out/>
  <testcase classname="fieldServiceFormsTest.PositiveRepairExceptionGUITest" name="gUITestDropDownRepairException" time="5.192"/>
  <system-out/>
  <testcase classname="fieldServiceFormsTest.PositiveRepairExceptionGUITest" name="gUITestDropDownRepairException" time="4.497"/>
  <system-out/>
  <testcase classname="fieldServiceFormsTest.PositiveRepairExceptionGUITest" name="gUITestDropDownRepairException" time="4.233"/>
  <system-out/>
  <testcase classname="fieldServiceFormsTest.PositiveRepairExceptionGUITest" name="gUITestDropDownRepairException" time="5.685"/>
  <system-out/>
  <testcase classname="fieldServiceFormsTest.PositiveRepairExceptionGUITest" name="gUITestDropDownRepairException" time="4.599"/>
  <system-out/>
  <testcase classname="fieldServiceFormsTest.PositiveRepairExceptionGUITest" name="gUITestDropDownRepairException" time="4.505"/>
  <system-out/>
  <testcase classname="fieldServiceFormsTest.PositiveRepairExceptionGUITest" name="gUITestDropDownRepairException" time="4.612"/>
  <system-out/>
  <testcase classname="fieldServiceFormsTest.PositiveRepairExceptionGUITest" name="gUITestDropDownRepairException" time="4.979"/>
  <system-out/>
  <testcase classname="fieldServiceFormsTest.PositiveRepairExceptionGUITest" name="gUITestDropDownRepairException" time="4.440"/>
  <system-out/>
  <testcase classname="fieldServiceFormsTest.PositiveRepairExceptionGUITest" name="gUITestDropDownRepairException" time="4.511"/>
  <system-out/>
  <testcase classname="fieldServiceFormsTest.PositiveRepairExceptionGUITest" name="gUITestDropDownRepairException" time="4.386"/>
  <system-out/>
  <testcase classname="fieldServiceFormsTest.PositiveRepairExceptionGUITest" name="gUITestDropDownRepairException" time="4.265"/>
  <system-out/>
  <testcase classname="fieldServiceFormsTest.PositiveRepairExceptionGUITest" name="gUITestDropDownRepairException" time="5.360"/>
  <system-out/>
  <testcase classname="fieldServiceFormsTest.PositiveRepairExceptionGUITest" name="gUITestDropDownRepairException" time="4.600"/>
  <system-out/>
  <testcase classname="fieldServiceFormsTest.PositiveRepairExceptionGUITest" name="gUITestDropDownRepairException" time="4.697"/>
  <system-out/>
  <testcase classname="fieldServiceFormsTest.PositiveRepairExceptionGUITest" name="gUITestDropDownRepairException" time="4.453"/>
  <system-out/>
  <testcase classname="fieldServiceFormsTest.PositiveRepairExceptionGUITest" name="gUITestDropDownRepairException" time="4.797"/>
  <system-out/>
  <testcase classname="fieldServiceFormsTest.PositiveRepairExceptionGUITest" name="gUITestDropDownRepairException" time="4.516"/>
  <system-out/>
  <testcase classname="fieldServiceFormsTest.PositiveRepairExceptionGUITest" name="gUITestDropDownRepairException" time="4.379"/>
  <system-out/>
  <testcase classname="fieldServiceFormsTest.PositiveRepairExceptionGUITest" name="gUITestDropDownRepairException" time="4.504"/>
  <system-out/>
  <testcase classname="fieldServiceFormsTest.PositiveRepairExceptionGUITest" name="gUITestDropDownRepairException" time="4.688"/>
  <system-out/>
  <testcase classname="fieldServiceFormsTest.PositiveRepairExceptionGUITest" name="gUITestDropDownRepairException" time="4.417"/>
  <system-out/>
  <testcase classname="fieldServiceFormsTest.PositiveRepairExceptionGUITest" name="gUITestDropDownRepairException" time="4.568"/>
  <system-out/>
  <testcase classname="fieldServiceFormsTest.PositiveRepairExceptionGUITest" name="gUITestDropDownRepairException" time="4.716"/>
  <system-out/>
  <testcase classname="fieldServiceFormsTest.PositiveRepairExceptionGUITest" name="gUITestDropDownRepairException" time="5.359"/>
  <system-out/>
  <testcase classname="fieldServiceFormsTest.PositiveRepairExceptionGUITest" name="gUITestDropDownRepairException" time="5.012"/>
  <system-out/>
  <testcase classname="fieldServiceFormsTest.PositiveRepairExceptionGUITest" name="gUITestDropDownRepairException" time="4.438"/>
  <system-out/>
  <testcase classname="fieldServiceFormsTest.PositiveRepairExceptionGUITest" name="gUITestDropDownRepairException" time="4.757"/>
  <system-out/>
  <testcase classname="fieldServiceFormsTest.PositiveRepairExceptionGUITest" name="gUITestDropDownRepairException" time="4.370"/>
  <system-out/>
  <testcase classname="fieldServiceFormsTest.PositiveRepairExceptionGUITest" name="gUITestDropDownRepairException" time="4.376"/>
  <system-out/>
  <testcase classname="fieldServiceFormsTest.PositiveRepairExceptionGUITest" name="gUITestDropDownRepairException" time="5.169"/>
  <system-out/>
  <testcase classname="fieldServiceFormsTest.PositiveRepairExceptionGUITest" name="gUITestDropDownRepairException" time="4.413"/>
  <system-out/>
  <testcase classname="fieldServiceFormsTest.PositiveRepairExceptionGUITest" name="gUITestDropDownRepairException" time="4.438"/>
  <system-out/>
  <testcase classname="fieldServiceFormsTest.PositiveRepairExceptionGUITest" name="gUITestDropDownRepairException" time="4.502"/>
  <system-out/>
  <testcase classname="fieldServiceFormsTest.PositiveRepairExceptionGUITest" name="gUITestDropDownRepairException" time="4.462"/>
  <system-out/>
  <testcase classname="fieldServiceFormsTest.PositiveRepairExceptionGUITest" name="gUITestDropDownRepairException" time="5.970"/>
  <system-out/>
  <testcase classname="fieldServiceFormsTest.PositiveRepairExceptionGUITest" name="gUITestDropDownRepairException" time="4.262"/>
  <system-out/>
  <testcase classname="fieldServiceFormsTest.PositiveRepairExceptionGUITest" name="gUITestDropDownRepairException" time="5.115"/>
  <system-out/>
  <testcase classname="fieldServiceFormsTest.PositiveRepairExceptionGUITest" name="gUITestDropDownRepairException" time="5.621"/>
  <system-out/>
  <testcase classname="fieldServiceFormsTest.PositiveRepairExceptionGUITest" name="gUITestDropDownRepairException" time="4.944"/>
  <system-out/>
  <testcase classname="fieldServiceFormsTest.PositiveRepairExceptionGUITest" name="gUITestDropDownRepairException" time="4.711"/>
  <system-out/>
  <testcase classname="fieldServiceFormsTest.PositiveRepairExceptionGUITest" name="gUITestDropDownRepairException" time="4.551"/>
  <system-out/>
  <testcase classname="fieldServiceFormsTest.PositiveRepairExceptionGUITest" name="gUITestDropDownRepairException" time="4.320"/>
  <system-out/>
  <testcase classname="fieldServiceFormsTest.PositiveRepairExceptionGUITest" name="gUITestDropDownRepairException" time="5.010"/>
  <system-out/>
  <testcase classname="fieldServiceFormsTest.PositiveRepairExceptionGUITest" name="gUITestDropDownRepairException" time="4.463"/>
  <system-out/>
  <testcase classname="fieldServiceFormsTest.PositiveRepairExceptionGUITest" name="gUITestDropDownRepairException" time="5.221"/>
  <system-out/>
  <testcase classname="fieldServiceFormsTest.PositiveRepairExceptionGUITest" name="gUITestDropDownRepairException" time="4.335"/>
  <system-out/>
  <testcase classname="fieldServiceFormsTest.PositiveRepairExceptionGUITest" name="gUITestDropDownRepairException" time="4.836"/>
  <system-out/>
  <testcase classname="fieldServiceFormsTest.PositiveRepairExceptionGUITest" name="gUITestDropDownRepairException" time="4.341"/>
  <system-out/>
  <testcase classname="fieldServiceFormsTest.PositiveRepairExceptionGUITest" name="gUITestDropDownRepairException" time="4.827"/>
  <system-out/>
  <testcase classname="fieldServiceFormsTest.PositiveRepairExceptionGUITest" name="gUITestDropDownRepairException" time="5.079"/>
  <system-out/>
  <testcase classname="fieldServiceFormsTest.PositiveRepairExceptionGUITest" name="gUITestDropDownRepairException" time="4.872"/>
  <system-out/>
  <testcase classname="fieldServiceFormsTest.PositiveRepairExceptionGUITest" name="gUITestDropDownRepairException" time="4.388"/>
  <system-out/>
  <testcase classname="fieldServiceFormsTest.PositiveRepairExceptionGUITest" name="gUITestDropDownRepairException" time="4.506"/>
  <system-out/>
  <testcase classname="fieldServiceFormsTest.PositiveRepairExceptionGUITest" name="gUITestDropDownRepairException" time="4.907"/>
  <system-out/>
  <testcase classname="fieldServiceFormsTest.PositiveRepairExceptionGUITest" name="gUITestDropDownRepairException" time="4.196"/>
  <system-out/>
  <testcase classname="fieldServiceFormsTest.PositiveRepairExceptionGUITest" name="gUITestDropDownRepairException" time="4.863"/>
  <system-out/>
  <testcase classname="fieldServiceFormsTest.PositiveRepairExceptionGUITest" name="gUITestDropDownRepairException" time="4.599"/>
  <system-out/>
  <testcase classname="fieldServiceFormsTest.PositiveRepairExceptionGUITest" name="gUITestDropDownRepairException" time="4.783"/>
  <system-out/>
  <testcase classname="fieldServiceFormsTest.PositiveRepairExceptionGUITest" name="gUITestDropDownRepairException" time="5.056"/>
  <system-out/>
  <testcase classname="fieldServiceFormsTest.PositiveRepairExceptionGUITest" name="gUITestDropDownRepairException" time="4.265"/>
  <system-out/>
  <testcase classname="fieldServiceFormsTest.PositiveRepairExceptionGUITest" name="gUITestDropDownRepairException" time="4.633"/>
  <system-out/>
  <testcase classname="fieldServiceFormsTest.PositiveRepairExceptionGUITest" name="gUITestDropDownRepairException" time="4.882"/>
  <system-out/>
  <testcase classname="fieldServiceFormsTest.PositiveRepairExceptionGUITest" name="gUITestDropDownRepairException" time="5.461"/>
  <system-out/>
  <testcase classname="fieldServiceFormsTest.PositiveRepairExceptionGUITest" name="gUITestDropDownRepairException" time="4.753"/>
  <system-out/>
  <testcase classname="fieldServiceFormsTest.PositiveRepairExceptionGUITest" name="gUITestDropDownRepairException" time="4.429"/>
  <system-out/>
  <testcase classname="fieldServiceFormsTest.PositiveRepairExceptionGUITest" name="gUITestDropDownRepairException" time="5.216"/>
  <system-out/>
  <testcase classname="fieldServiceFormsTest.PositiveRepairExceptionGUITest" name="gUITestDropDownRepairException" time="4.288"/>
  <system-out/>
  <testcase classname="fieldServiceFormsTest.PositiveRepairExceptionGUITest" name="gUITestDropDownRepairException" time="4.230"/>
  <system-out/>
  <testcase classname="fieldServiceFormsTest.PositiveRepairExceptionGUITest" name="gUITestDropDownRepairException" time="5.375"/>
  <system-out/>
  <testcase classname="fieldServiceFormsTest.PositiveRepairExceptionGUITest" name="gUITestDropDownRepairException" time="4.282"/>
  <system-out/>
  <testcase classname="fieldServiceFormsTest.PositiveRepairExceptionGUITest" name="gUITestDropDownRepairException" time="4.495"/>
  <system-out/>
  <testcase classname="fieldServiceFormsTest.PositiveRepairExceptionGUITest" name="gUITestDropDownRepairException" time="4.948"/>
  <system-out/>
  <testcase classname="fieldServiceFormsTest.PositiveRepairExceptionGUITest" name="gUITestDropDownRepairException" time="53.238">
    <error message="no such element: Unable to locate element: {&quot;method&quot;:&quot;css selector&quot;,&quot;selector&quot;:&quot;#repairException&quot;}
  (Session info: chrome=109.0.5414.75)
For documentation on this error, please visit: https://selenium.dev/exceptions/#no_such_element
Build info: version: &#039;4.3.0&#039;, revision: &#039;a4995e2c09*&#039;
System info: host: &#039;DESKTOP-M729FOC&#039;, ip: &#039;192.168.29.91&#039;, os.name: &#039;Windows 10&#039;, os.arch: &#039;amd64&#039;, os.version: &#039;10.0&#039;, java.version: &#039;11.0.13&#039;
Driver info: org.openqa.selenium.chrome.ChromeDriver
Command: [597a0c430c70878c24edba044d404178, findElement {using=id, value=repairException}]
Capabilities {acceptInsecureCerts: false, browserName: chrome, browserVersion: 109.0.5414.75, chrome: {chromedriverVersion: 109.0.5414.74 (e7c5703604da..., userDataDir: C:\Users\DELL\AppData\Local...}, goog:chromeOptions: {debuggerAddress: localhost:52569}, networkConnectionEnabled: false, pageLoadStrategy: normal, platformName: WINDOWS, proxy: Proxy(), se:cdp: ws://localhost:52569/devtoo..., se:cdpVersion: 109.0.5414.75, setWindowRect: true, strictFileInteractability: false, timeouts: {implicit: 0, pageLoad: 300000, script: 30000}, unhandledPromptBehavior: dismiss and notify, webauthn:extension:credBlob: true, webauthn:extension:largeBlob: true, webauthn:virtualAuthenticators: true}
Session ID: 597a0c430c70878c24edba044d404178" type="org.openqa.selenium.NoSuchElementException">
      <![CDATA[org.openqa.selenium.NoSuchElementException: no such element: Unable to locate element: {"method":"css selector","selector":"#repairException"}
  (Session info: chrome=109.0.5414.75)
For documentation on this error, please visit: https://selenium.dev/exceptions/#no_such_element
Build info: version: '4.3.0', revision: 'a4995e2c09*'
System info: host: 'DESKTOP-M729FOC', ip: '192.168.29.91', os.name: 'Windows 10', os.arch: 'amd64', os.version: '10.0', java.version: '11.0.13'
Driver info: org.openqa.selenium.chrome.ChromeDriver
Command: [597a0c430c70878c24edba044d404178, findElement {using=id, value=repairException}]
Capabilities {acceptInsecureCerts: false, browserName: chrome, browserVersion: 109.0.5414.75, chrome: {chromedriverVersion: 109.0.5414.74 (e7c5703604da..., userDataDir: C:\Users\DELL\AppData\Local...}, goog:chromeOptions: {debuggerAddress: localhost:52569}, networkConnectionEnabled: false, pageLoadStrategy: normal, platformName: WINDOWS, proxy: Proxy(), se:cdp: ws://localhost:52569/devtoo..., se:cdpVersion: 109.0.5414.75, setWindowRect: true, strictFileInteractability: false, timeouts: {implicit: 0, pageLoad: 300000, script: 30000}, unhandledPromptBehavior: dismiss and notify, webauthn:extension:credBlob: true, webauthn:extension:largeBlob: true, webauthn:virtualAuthenticators: true}
Session ID: 597a0c430c70878c24edba044d404178
at jdk.internal.reflect.GeneratedConstructorAccessor15.newInstance(Unknown Source)
at java.base/jdk.internal.reflect.DelegatingConstructorAccessorImpl.newInstance(DelegatingConstructorAccessorImpl.java:45)
at java.base/java.lang.reflect.Constructor.newInstance(Constructor.java:490)
at org.openqa.selenium.remote.codec.w3c.W3CHttpResponseCodec.createException(W3CHttpResponseCodec.java:200)
at org.openqa.selenium.remote.codec.w3c.W3CHttpResponseCodec.decode(W3CHttpResponseCodec.java:133)
at org.openqa.selenium.remote.codec.w3c.W3CHttpResponseCodec.decode(W3CHttpResponseCodec.java:53)
at org.openqa.selenium.remote.HttpCommandExecutor.execute(HttpCommandExecutor.java:184)
at org.openqa.selenium.remote.service.DriverCommandExecutor.invokeExecute(DriverCommandExecutor.java:167)
at org.openqa.selenium.remote.service.DriverCommandExecutor.execute(DriverCommandExecutor.java:142)
at org.openqa.selenium.remote.RemoteWebDriver.execute(RemoteWebDriver.java:569)
at org.openqa.selenium.remote.ElementLocation$ElementFinder$2.findElement(ElementLocation.java:162)
at org.openqa.selenium.remote.ElementLocation.findElement(ElementLocation.java:60)
at org.openqa.selenium.remote.RemoteWebDriver.findElement(RemoteWebDriver.java:387)
at org.openqa.selenium.remote.RemoteWebDriver.findElement(RemoteWebDriver.java:379)
at pageobjects.RepairLocatorsGUI.repairException(RepairLocatorsGUI.java:81)
at fieldServiceFormsTest.PositiveRepairExceptionGUITest.gUITestDropDownRepairException(PositiveRepairExceptionGUITest.java:95)
at jdk.internal.reflect.GeneratedMethodAccessor4.invoke(Unknown Source)
at java.base/jdk.internal.reflect.DelegatingMethodAccessorImpl.invoke(DelegatingMethodAccessorImpl.java:43)
at java.base/java.lang.reflect.Method.invoke(Method.java:566)
at org.testng.internal.MethodInvocationHelper.invokeMethod(MethodInvocationHelper.java:133)
at org.testng.internal.TestInvoker.invokeMethod(TestInvoker.java:598)
at org.testng.internal.TestInvoker.invokeTestMethod(TestInvoker.java:173)
at org.testng.internal.MethodRunner.runInSequence(MethodRunner.java:46)
at org.testng.internal.TestInvoker$MethodInvocationAgent.invoke(TestInvoker.java:824)
at org.testng.internal.TestInvoker.invokeTestMethods(TestInvoker.java:146)
at org.testng.internal.TestMethodWorker.invokeTestMethods(TestMethodWorker.java:146)
at org.testng.internal.TestMethodWorker.run(TestMethodWorker.java:128)
at java.base/java.util.ArrayList.forEach(ArrayList.java:1541)
at org.testng.TestRunner.privateRun(TestRunner.java:794)
at org.testng.TestRunner.run(TestRunner.java:596)
at org.testng.SuiteRunner.runTest(SuiteRunner.java:377)
at org.testng.SuiteRunner.runSequentially(SuiteRunner.java:371)
at org.testng.SuiteRunner.privateRun(SuiteRunner.java:332)
at org.testng.SuiteRunner.run(SuiteRunner.java:276)
at org.testng.SuiteRunnerWorker.runSuite(SuiteRunnerWorker.java:53)
at org.testng.SuiteRunnerWorker.run(SuiteRunnerWorker.java:96)
at org.testng.TestNG.runSuitesSequentially(TestNG.java:1212)
at org.testng.TestNG.runSuitesLocally(TestNG.java:1134)
at org.testng.TestNG.runSuites(TestNG.java:1063)
at org.testng.TestNG.run(TestNG.java:1031)
at org.testng.remote.AbstractRemoteTestNG.run(AbstractRemoteTestNG.java:115)
at org.testng.remote.RemoteTestNG.initAndRun(RemoteTestNG.java:251)
at org.testng.remote.RemoteTestNG.main(RemoteTestNG.java:77)
]]>
    </error>
  </testcase> <!-- gUITestDropDownRepairException -->
  <system-out/>
  <testcase classname="fieldServiceFormsTest.PositiveRepairExceptionGUITest" name="gUITestDropDownRepairException" time="5.114"/>
  <system-out/>
  <testcase classname="fieldServiceFormsTest.PositiveRepairExceptionGUITest" name="gUITestDropDownRepairException" time="4.835"/>
  <system-out/>
  <testcase classname="fieldServiceFormsTest.PositiveRepairExceptionGUITest" name="gUITestDropDownRepairException" time="4.985"/>
  <system-out/>
  <testcase classname="fieldServiceFormsTest.PositiveRepairExceptionGUITest" name="gUITestDropDownRepairException" time="4.867"/>
  <system-out/>
  <testcase classname="fieldServiceFormsTest.PositiveRepairExceptionGUITest" name="gUITestDropDownRepairException" time="6.205"/>
  <system-out/>
  <testcase classname="fieldServiceFormsTest.PositiveRepairExceptionGUITest" name="gUITestDropDownRepairException" time="4.406"/>
  <system-out/>
  <testcase classname="fieldServiceFormsTest.PositiveRepairExceptionGUITest" name="gUITestDropDownRepairException" time="4.461"/>
  <system-out/>
  <testcase classname="fieldServiceFormsTest.PositiveRepairExceptionGUITest" name="gUITestDropDownRepairException" time="4.489"/>
  <system-out/>
  <testcase classname="fieldServiceFormsTest.PositiveRepairExceptionGUITest" name="gUITestDropDownRepairException" time="4.435"/>
  <system-out/>
  <testcase classname="fieldServiceFormsTest.PositiveRepairExceptionGUITest" name="gUITestDropDownRepairException" time="6.298"/>
  <system-out/>
  <testcase classname="fieldServiceFormsTest.PositiveRepairExceptionGUITest" name="gUITestDropDownRepairException" time="4.817"/>
  <system-out/>
  <testcase classname="fieldServiceFormsTest.PositiveRepairExceptionGUITest" name="gUITestDropDownRepairException" time="5.036"/>
  <system-out/>
  <testcase classname="fieldServiceFormsTest.PositiveRepairExceptionGUITest" name="gUITestDropDownRepairException" time="4.286"/>
  <system-out/>
  <testcase classname="fieldServiceFormsTest.PositiveRepairExceptionGUITest" name="gUITestDropDownRepairException" time="4.219"/>
  <system-out/>
  <testcase classname="fieldServiceFormsTest.PositiveRepairExceptionGUITest" name="gUITestDropDownRepairException" time="4.335"/>
  <system-out/>
  <testcase classname="fieldServiceFormsTest.PositiveRepairExceptionGUITest" name="gUITestDropDownRepairException" time="4.643"/>
  <system-out/>
  <testcase classname="fieldServiceFormsTest.PositiveRepairExceptionGUITest" name="gUITestDropDownRepairException" time="4.296"/>
  <system-out/>
  <testcase classname="fieldServiceFormsTest.PositiveRepairExceptionGUITest" name="gUITestDropDownRepairException" time="5.341"/>
  <system-out/>
  <testcase classname="fieldServiceFormsTest.PositiveRepairExceptionGUITest" name="gUITestDropDownRepairException" time="4.966"/>
  <system-out/>
  <testcase classname="fieldServiceFormsTest.PositiveRepairExceptionGUITest" name="gUITestDropDownRepairException" time="4.364"/>
  <system-out/>
  <testcase classname="fieldServiceFormsTest.PositiveRepairExceptionGUITest" name="gUITestDropDownRepairException" time="4.242"/>
  <system-out/>
  <testcase classname="fieldServiceFormsTest.PositiveRepairExceptionGUITest" name="gUITestDropDownRepairException" time="4.479"/>
  <system-out/>
  <testcase classname="fieldServiceFormsTest.PositiveRepairExceptionGUITest" name="gUITestDropDownRepairException" time="4.748"/>
  <system-out/>
  <testcase classname="fieldServiceFormsTest.PositiveRepairExceptionGUITest" name="gUITestDropDownRepairException" time="4.229"/>
  <system-out/>
  <testcase classname="fieldServiceFormsTest.PositiveRepairExceptionGUITest" name="gUITestDropDownRepairException" time="5.247"/>
  <system-out/>
  <testcase classname="fieldServiceFormsTest.PositiveRepairExceptionGUITest" name="gUITestDropDownRepairException" time="4.719"/>
  <system-out/>
  <testcase classname="fieldServiceFormsTest.PositiveRepairExceptionGUITest" name="gUITestDropDownRepairException" time="5.223"/>
  <system-out/>
  <testcase classname="fieldServiceFormsTest.PositiveRepairExceptionGUITest" name="gUITestDropDownRepairException" time="4.981"/>
  <system-out/>
  <testcase classname="fieldServiceFormsTest.PositiveRepairExceptionGUITest" name="gUITestDropDownRepairException" time="4.892"/>
  <system-out/>
  <testcase classname="fieldServiceFormsTest.PositiveRepairExceptionGUITest" name="gUITestDropDownRepairException" time="5.115"/>
  <system-out/>
  <testcase classname="fieldServiceFormsTest.PositiveRepairExceptionGUITest" name="gUITestDropDownRepairException" time="5.075"/>
  <system-out/>
  <testcase classname="fieldServiceFormsTest.PositiveRepairExceptionGUITest" name="gUITestDropDownRepairException" time="5.890"/>
  <system-out/>
  <testcase classname="fieldServiceFormsTest.PositiveRepairExceptionGUITest" name="gUITestDropDownRepairException" time="5.651"/>
  <system-out/>
  <testcase classname="fieldServiceFormsTest.PositiveRepairExceptionGUITest" name="gUITestDropDownRepairException" time="4.265"/>
  <system-out/>
  <testcase classname="fieldServiceFormsTest.PositiveRepairExceptionGUITest" name="gUITestDropDownRepairException" time="4.415"/>
  <system-out/>
  <testcase classname="fieldServiceFormsTest.PositiveRepairExceptionGUITest" name="gUITestDropDownRepairException" time="4.667"/>
  <system-out/>
  <testcase classname="fieldServiceFormsTest.PositiveRepairExceptionGUITest" name="gUITestDropDownRepairException" time="4.472"/>
  <system-out/>
  <testcase classname="fieldServiceFormsTest.PositiveRepairExceptionGUITest" name="gUITestDropDownRepairException" time="4.886"/>
  <system-out/>
  <testcase classname="fieldServiceFormsTest.PositiveRepairExceptionGUITest" name="gUITestDropDownRepairException" time="6.469"/>
  <system-out/>
  <testcase classname="fieldServiceFormsTest.PositiveRepairExceptionGUITest" name="gUITestRadioButtonRepairAdjust" time="6.801"/>
  <system-out/>
</testsuite> <!-- fieldServiceFormsTest.PositiveRepairExceptionGUITest -->
