<?xml version="1.0" encoding="UTF-8"?>
<!-- Generated by org.testng.reporters.JUnitReportReporter -->
<testsuite hostname="DESKTOP-AMSBLU7" failures="0" tests="4" name="logisticsDbTest.CalcTest" time="0.012" errors="0" timestamp="2023-04-13T11:16:01 IST" skipped="0">
  <testcase classname="logisticsDbTest.CalcTest" name="CanAddNumbersFromGivenData" time="0.002"/>
  <system-out/>
  <testcase classname="logisticsDbTest.CalcTest" name="CanAddNumbersFromGivenData" time="0.001"/>
  <system-out/>
  <testcase classname="logisticsDbTest.CalcTest" name="CanAddNumbersFromGivenData" time="0.008"/>
  <system-out/>
  <testcase classname="logisticsDbTest.CalcTest" name="CanAddNumbers" time="0.001"/>
  <system-out/>
</testsuite> <!-- logisticsDbTest.CalcTest -->
