<?xml version="1.0" encoding="UTF-8"?>
<!-- Generated by org.testng.reporters.JUnitReportReporter -->
<testsuite hostname="DESKTOP-AMSBLU7" failures="0" tests="200" name="fieldServiceFormsTest.RepairAssessOtherGUITest" time="229.774" errors="0" timestamp="2022-07-26T12:33:32 IST" skipped="0">
  <testcase classname="fieldServiceFormsTest.RepairAssessOtherGUITest" name="GUITestRadiobuttonRepairAssessement" time="0.966"/>
  <system-out/>
  <testcase classname="fieldServiceFormsTest.RepairAssessOtherGUITest" name="GUITestRadiobuttonRepairAssessement" time="0.967"/>
  <system-out/>
  <testcase classname="fieldServiceFormsTest.RepairAssessOtherGUITest" name="GUITestRadiobuttonRepairAssessement" time="1.311"/>
  <system-out/>
  <testcase classname="fieldServiceFormsTest.RepairAssessOtherGUITest" name="GUITestRadiobuttonRepairAssessement" time="1.000"/>
  <system-out/>
  <testcase classname="fieldServiceFormsTest.RepairAssessOtherGUITest" name="GUITestRadiobuttonRepairAssessement" time="1.180"/>
  <system-out/>
  <testcase classname="fieldServiceFormsTest.RepairAssessOtherGUITest" name="GUITestRadiobuttonRepairAssessement" time="1.005"/>
  <system-out/>
  <testcase classname="fieldServiceFormsTest.RepairAssessOtherGUITest" name="GUITestRadiobuttonRepairAssessement" time="0.999"/>
  <system-out/>
  <testcase classname="fieldServiceFormsTest.RepairAssessOtherGUITest" name="GUITestRadiobuttonRepairAssessement" time="1.154"/>
  <system-out/>
  <testcase classname="fieldServiceFormsTest.RepairAssessOtherGUITest" name="GUITestRadiobuttonRepairAssessement" time="1.216"/>
  <system-out/>
  <testcase classname="fieldServiceFormsTest.RepairAssessOtherGUITest" name="GUITestRadiobuttonRepairAssessement" time="0.963"/>
  <system-out/>
  <testcase classname="fieldServiceFormsTest.RepairAssessOtherGUITest" name="GUITestRadiobuttonRepairAssessement" time="1.437"/>
  <system-out/>
  <testcase classname="fieldServiceFormsTest.RepairAssessOtherGUITest" name="GUITestRadiobuttonRepairAssessement" time="1.171"/>
  <system-out/>
  <testcase classname="fieldServiceFormsTest.RepairAssessOtherGUITest" name="GUITestRadiobuttonRepairAssessement" time="0.992"/>
  <system-out/>
  <testcase classname="fieldServiceFormsTest.RepairAssessOtherGUITest" name="GUITestRadiobuttonRepairAssessement" time="2.320"/>
  <system-out/>
  <testcase classname="fieldServiceFormsTest.RepairAssessOtherGUITest" name="GUITestRadiobuttonRepairAssessement" time="1.896"/>
  <system-out/>
  <testcase classname="fieldServiceFormsTest.RepairAssessOtherGUITest" name="GUITestRadiobuttonRepairAssessement" time="0.990"/>
  <system-out/>
  <testcase classname="fieldServiceFormsTest.RepairAssessOtherGUITest" name="GUITestRadiobuttonRepairAssessement" time="1.476"/>
  <system-out/>
  <testcase classname="fieldServiceFormsTest.RepairAssessOtherGUITest" name="GUITestRadiobuttonRepairAssessement" time="0.949"/>
  <system-out/>
  <testcase classname="fieldServiceFormsTest.RepairAssessOtherGUITest" name="GUITestRadiobuttonRepairAssessement" time="1.312"/>
  <system-out/>
  <testcase classname="fieldServiceFormsTest.RepairAssessOtherGUITest" name="GUITestRadiobuttonRepairAssessement" time="1.217"/>
  <system-out/>
  <testcase classname="fieldServiceFormsTest.RepairAssessOtherGUITest" name="GUITestRadiobuttonRepairAssessement" time="1.209"/>
  <system-out/>
  <testcase classname="fieldServiceFormsTest.RepairAssessOtherGUITest" name="GUITestRadiobuttonRepairAssessement" time="1.267"/>
  <system-out/>
  <testcase classname="fieldServiceFormsTest.RepairAssessOtherGUITest" name="GUITestRadiobuttonRepairAssessement" time="0.958"/>
  <system-out/>
  <testcase classname="fieldServiceFormsTest.RepairAssessOtherGUITest" name="GUITestRadiobuttonRepairAssessement" time="0.948"/>
  <system-out/>
  <testcase classname="fieldServiceFormsTest.RepairAssessOtherGUITest" name="GUITestRadiobuttonRepairAssessement" time="0.977"/>
  <system-out/>
  <testcase classname="fieldServiceFormsTest.RepairAssessOtherGUITest" name="GUITestRadiobuttonRepairAssessement" time="1.174"/>
  <system-out/>
  <testcase classname="fieldServiceFormsTest.RepairAssessOtherGUITest" name="GUITestRadiobuttonRepairAssessement" time="0.979"/>
  <system-out/>
  <testcase classname="fieldServiceFormsTest.RepairAssessOtherGUITest" name="GUITestRadiobuttonRepairAssessement" time="1.222"/>
  <system-out/>
  <testcase classname="fieldServiceFormsTest.RepairAssessOtherGUITest" name="GUITestRadiobuttonRepairAssessement" time="1.200"/>
  <system-out/>
  <testcase classname="fieldServiceFormsTest.RepairAssessOtherGUITest" name="GUITestRadiobuttonRepairAssessement" time="1.009"/>
  <system-out/>
  <testcase classname="fieldServiceFormsTest.RepairAssessOtherGUITest" name="GUITestRadiobuttonRepairAssessement" time="1.910"/>
  <system-out/>
  <testcase classname="fieldServiceFormsTest.RepairAssessOtherGUITest" name="GUITestRadiobuttonRepairAssessement" time="1.000"/>
  <system-out/>
  <testcase classname="fieldServiceFormsTest.RepairAssessOtherGUITest" name="GUITestRadiobuttonRepairAssessement" time="1.238"/>
  <system-out/>
  <testcase classname="fieldServiceFormsTest.RepairAssessOtherGUITest" name="GUITestRadiobuttonRepairAssessement" time="0.958"/>
  <system-out/>
  <testcase classname="fieldServiceFormsTest.RepairAssessOtherGUITest" name="GUITestRadiobuttonRepairAssessement" time="0.986"/>
  <system-out/>
  <testcase classname="fieldServiceFormsTest.RepairAssessOtherGUITest" name="GUITestRadiobuttonRepairAssessement" time="1.214"/>
  <system-out/>
  <testcase classname="fieldServiceFormsTest.RepairAssessOtherGUITest" name="GUITestRadiobuttonRepairAssessement" time="1.016"/>
  <system-out/>
  <testcase classname="fieldServiceFormsTest.RepairAssessOtherGUITest" name="GUITestRadiobuttonRepairAssessement" time="0.973"/>
  <system-out/>
  <testcase classname="fieldServiceFormsTest.RepairAssessOtherGUITest" name="GUITestRadiobuttonRepairAssessement" time="0.984"/>
  <system-out/>
  <testcase classname="fieldServiceFormsTest.RepairAssessOtherGUITest" name="GUITestRadiobuttonRepairAssessement" time="0.929"/>
  <system-out/>
  <testcase classname="fieldServiceFormsTest.RepairAssessOtherGUITest" name="GUITestRadiobuttonRepairAssessement" time="1.204"/>
  <system-out/>
  <testcase classname="fieldServiceFormsTest.RepairAssessOtherGUITest" name="GUITestRadiobuttonRepairAssessement" time="1.062"/>
  <system-out/>
  <testcase classname="fieldServiceFormsTest.RepairAssessOtherGUITest" name="GUITestRadiobuttonRepairAssessement" time="0.972"/>
  <system-out/>
  <testcase classname="fieldServiceFormsTest.RepairAssessOtherGUITest" name="GUITestRadiobuttonRepairAssessement" time="1.169"/>
  <system-out/>
  <testcase classname="fieldServiceFormsTest.RepairAssessOtherGUITest" name="GUITestRadiobuttonRepairAssessement" time="1.679"/>
  <system-out/>
  <testcase classname="fieldServiceFormsTest.RepairAssessOtherGUITest" name="GUITestRadiobuttonRepairAssessement" time="2.356"/>
  <system-out/>
  <testcase classname="fieldServiceFormsTest.RepairAssessOtherGUITest" name="GUITestRadiobuttonRepairAssessement" time="0.940"/>
  <system-out/>
  <testcase classname="fieldServiceFormsTest.RepairAssessOtherGUITest" name="GUITestRadiobuttonRepairAssessement" time="0.973"/>
  <system-out/>
  <testcase classname="fieldServiceFormsTest.RepairAssessOtherGUITest" name="GUITestRadiobuttonRepairAssessement" time="1.187"/>
  <system-out/>
  <testcase classname="fieldServiceFormsTest.RepairAssessOtherGUITest" name="GUITestRadiobuttonRepairAssessement" time="1.226"/>
  <system-out/>
  <testcase classname="fieldServiceFormsTest.RepairAssessOtherGUITest" name="GUITestRadiobuttonRepairAssessement" time="0.967"/>
  <system-out/>
  <testcase classname="fieldServiceFormsTest.RepairAssessOtherGUITest" name="GUITestRadiobuttonRepairAssessement" time="1.251"/>
  <system-out/>
  <testcase classname="fieldServiceFormsTest.RepairAssessOtherGUITest" name="GUITestRadiobuttonRepairAssessement" time="0.963"/>
  <system-out/>
  <testcase classname="fieldServiceFormsTest.RepairAssessOtherGUITest" name="GUITestRadiobuttonRepairAssessement" time="1.157"/>
  <system-out/>
  <testcase classname="fieldServiceFormsTest.RepairAssessOtherGUITest" name="GUITestRadiobuttonRepairAssessement" time="1.263"/>
  <system-out/>
  <testcase classname="fieldServiceFormsTest.RepairAssessOtherGUITest" name="GUITestRadiobuttonRepairAssessement" time="1.283"/>
  <system-out/>
  <testcase classname="fieldServiceFormsTest.RepairAssessOtherGUITest" name="GUITestRadiobuttonRepairAssessement" time="1.003"/>
  <system-out/>
  <testcase classname="fieldServiceFormsTest.RepairAssessOtherGUITest" name="GUITestRadiobuttonRepairAssessement" time="0.957"/>
  <system-out/>
  <testcase classname="fieldServiceFormsTest.RepairAssessOtherGUITest" name="GUITestRadiobuttonRepairAssessement" time="0.978"/>
  <system-out/>
  <testcase classname="fieldServiceFormsTest.RepairAssessOtherGUITest" name="GUITestRadiobuttonRepairAssessement" time="1.004"/>
  <system-out/>
  <testcase classname="fieldServiceFormsTest.RepairAssessOtherGUITest" name="GUITestRadiobuttonRepairAssessement" time="1.032"/>
  <system-out/>
  <testcase classname="fieldServiceFormsTest.RepairAssessOtherGUITest" name="GUITestRadiobuttonRepairAssessement" time="0.957"/>
  <system-out/>
  <testcase classname="fieldServiceFormsTest.RepairAssessOtherGUITest" name="GUITestRadiobuttonRepairAssessement" time="1.172"/>
  <system-out/>
  <testcase classname="fieldServiceFormsTest.RepairAssessOtherGUITest" name="GUITestRadiobuttonRepairAssessement" time="0.987"/>
  <system-out/>
  <testcase classname="fieldServiceFormsTest.RepairAssessOtherGUITest" name="GUITestRadiobuttonRepairAssessement" time="0.969"/>
  <system-out/>
  <testcase classname="fieldServiceFormsTest.RepairAssessOtherGUITest" name="GUITestRadiobuttonRepairAssessement" time="1.033"/>
  <system-out/>
  <testcase classname="fieldServiceFormsTest.RepairAssessOtherGUITest" name="GUITestRadiobuttonRepairAssessement" time="1.307"/>
  <system-out/>
  <testcase classname="fieldServiceFormsTest.RepairAssessOtherGUITest" name="GUITestRadiobuttonRepairAssessement" time="1.187"/>
  <system-out/>
  <testcase classname="fieldServiceFormsTest.RepairAssessOtherGUITest" name="GUITestRadiobuttonRepairAssessement" time="0.952"/>
  <system-out/>
  <testcase classname="fieldServiceFormsTest.RepairAssessOtherGUITest" name="GUITestRadiobuttonRepairAssessement" time="0.941"/>
  <system-out/>
  <testcase classname="fieldServiceFormsTest.RepairAssessOtherGUITest" name="GUITestRadiobuttonRepairAssessement" time="1.253"/>
  <system-out/>
  <testcase classname="fieldServiceFormsTest.RepairAssessOtherGUITest" name="GUITestRadiobuttonRepairAssessement" time="1.208"/>
  <system-out/>
  <testcase classname="fieldServiceFormsTest.RepairAssessOtherGUITest" name="GUITestRadiobuttonRepairAssessement" time="1.317"/>
  <system-out/>
  <testcase classname="fieldServiceFormsTest.RepairAssessOtherGUITest" name="GUITestRadiobuttonRepairAssessement" time="0.986"/>
  <system-out/>
  <testcase classname="fieldServiceFormsTest.RepairAssessOtherGUITest" name="GUITestRadiobuttonRepairAssessement" time="1.458"/>
  <system-out/>
  <testcase classname="fieldServiceFormsTest.RepairAssessOtherGUITest" name="GUITestRadiobuttonRepairAssessement" time="1.018"/>
  <system-out/>
  <testcase classname="fieldServiceFormsTest.RepairAssessOtherGUITest" name="GUITestRadiobuttonRepairAssessement" time="1.016"/>
  <system-out/>
  <testcase classname="fieldServiceFormsTest.RepairAssessOtherGUITest" name="GUITestRadiobuttonRepairAssessement" time="0.999"/>
  <system-out/>
  <testcase classname="fieldServiceFormsTest.RepairAssessOtherGUITest" name="GUITestRadiobuttonRepairAssessement" time="0.987"/>
  <system-out/>
  <testcase classname="fieldServiceFormsTest.RepairAssessOtherGUITest" name="GUITestRadiobuttonRepairAssessement" time="0.992"/>
  <system-out/>
  <testcase classname="fieldServiceFormsTest.RepairAssessOtherGUITest" name="GUITestRadiobuttonRepairAssessement" time="0.981"/>
  <system-out/>
  <testcase classname="fieldServiceFormsTest.RepairAssessOtherGUITest" name="GUITestRadiobuttonRepairAssessement" time="0.962"/>
  <system-out/>
  <testcase classname="fieldServiceFormsTest.RepairAssessOtherGUITest" name="GUITestRadiobuttonRepairAssessement" time="0.982"/>
  <system-out/>
  <testcase classname="fieldServiceFormsTest.RepairAssessOtherGUITest" name="GUITestRadiobuttonRepairAssessement" time="1.004"/>
  <system-out/>
  <testcase classname="fieldServiceFormsTest.RepairAssessOtherGUITest" name="GUITestRadiobuttonRepairAssessement" time="2.070"/>
  <system-out/>
  <testcase classname="fieldServiceFormsTest.RepairAssessOtherGUITest" name="GUITestRadiobuttonRepairAssessement" time="1.211"/>
  <system-out/>
  <testcase classname="fieldServiceFormsTest.RepairAssessOtherGUITest" name="GUITestRadiobuttonRepairAssessement" time="1.268"/>
  <system-out/>
  <testcase classname="fieldServiceFormsTest.RepairAssessOtherGUITest" name="GUITestRadiobuttonRepairAssessement" time="0.997"/>
  <system-out/>
  <testcase classname="fieldServiceFormsTest.RepairAssessOtherGUITest" name="GUITestRadiobuttonRepairAssessement" time="0.989"/>
  <system-out/>
  <testcase classname="fieldServiceFormsTest.RepairAssessOtherGUITest" name="GUITestRadiobuttonRepairAssessement" time="0.942"/>
  <system-out/>
  <testcase classname="fieldServiceFormsTest.RepairAssessOtherGUITest" name="GUITestRadiobuttonRepairAssessement" time="1.166"/>
  <system-out/>
  <testcase classname="fieldServiceFormsTest.RepairAssessOtherGUITest" name="GUITestRadiobuttonRepairAssessement" time="1.171"/>
  <system-out/>
  <testcase classname="fieldServiceFormsTest.RepairAssessOtherGUITest" name="GUITestRadiobuttonRepairAssessement" time="1.208"/>
  <system-out/>
  <testcase classname="fieldServiceFormsTest.RepairAssessOtherGUITest" name="GUITestRadiobuttonRepairAssessement" time="2.024"/>
  <system-out/>
  <testcase classname="fieldServiceFormsTest.RepairAssessOtherGUITest" name="GUITestRadiobuttonRepairAssessement" time="0.960"/>
  <system-out/>
  <testcase classname="fieldServiceFormsTest.RepairAssessOtherGUITest" name="GUITestRadiobuttonRepairAssessement" time="1.069"/>
  <system-out/>
  <testcase classname="fieldServiceFormsTest.RepairAssessOtherGUITest" name="GUITestRadiobuttonRepairAssessement" time="1.176"/>
  <system-out/>
  <testcase classname="fieldServiceFormsTest.RepairAssessOtherGUITest" name="GUITestRadiobuttonRepairAssessement" time="0.980"/>
  <system-out/>
  <testcase classname="fieldServiceFormsTest.RepairAssessOtherGUITest" name="GUITestRadiobuttonRepairAssessement" time="1.188"/>
  <system-out/>
  <testcase classname="fieldServiceFormsTest.RepairAssessOtherGUITest" name="GUITestRadiobuttonRepairAssessement" time="0.992"/>
  <system-out/>
  <testcase classname="fieldServiceFormsTest.RepairAssessOtherGUITest" name="GUITestRadiobuttonRepairOther" time="1.203"/>
  <system-out/>
  <testcase classname="fieldServiceFormsTest.RepairAssessOtherGUITest" name="GUITestRadiobuttonRepairOther" time="1.086"/>
  <system-out/>
  <testcase classname="fieldServiceFormsTest.RepairAssessOtherGUITest" name="GUITestRadiobuttonRepairOther" time="1.023"/>
  <system-out/>
  <testcase classname="fieldServiceFormsTest.RepairAssessOtherGUITest" name="GUITestRadiobuttonRepairOther" time="1.076"/>
  <system-out/>
  <testcase classname="fieldServiceFormsTest.RepairAssessOtherGUITest" name="GUITestRadiobuttonRepairOther" time="1.064"/>
  <system-out/>
  <testcase classname="fieldServiceFormsTest.RepairAssessOtherGUITest" name="GUITestRadiobuttonRepairOther" time="1.023"/>
  <system-out/>
  <testcase classname="fieldServiceFormsTest.RepairAssessOtherGUITest" name="GUITestRadiobuttonRepairOther" time="1.269"/>
  <system-out/>
  <testcase classname="fieldServiceFormsTest.RepairAssessOtherGUITest" name="GUITestRadiobuttonRepairOther" time="1.055"/>
  <system-out/>
  <testcase classname="fieldServiceFormsTest.RepairAssessOtherGUITest" name="GUITestRadiobuttonRepairOther" time="1.054"/>
  <system-out/>
  <testcase classname="fieldServiceFormsTest.RepairAssessOtherGUITest" name="GUITestRadiobuttonRepairOther" time="1.308"/>
  <system-out/>
  <testcase classname="fieldServiceFormsTest.RepairAssessOtherGUITest" name="GUITestRadiobuttonRepairOther" time="1.267"/>
  <system-out/>
  <testcase classname="fieldServiceFormsTest.RepairAssessOtherGUITest" name="GUITestRadiobuttonRepairOther" time="1.083"/>
  <system-out/>
  <testcase classname="fieldServiceFormsTest.RepairAssessOtherGUITest" name="GUITestRadiobuttonRepairOther" time="1.302"/>
  <system-out/>
  <testcase classname="fieldServiceFormsTest.RepairAssessOtherGUITest" name="GUITestRadiobuttonRepairOther" time="1.025"/>
  <system-out/>
  <testcase classname="fieldServiceFormsTest.RepairAssessOtherGUITest" name="GUITestRadiobuttonRepairOther" time="1.020"/>
  <system-out/>
  <testcase classname="fieldServiceFormsTest.RepairAssessOtherGUITest" name="GUITestRadiobuttonRepairOther" time="1.126"/>
  <system-out/>
  <testcase classname="fieldServiceFormsTest.RepairAssessOtherGUITest" name="GUITestRadiobuttonRepairOther" time="1.054"/>
  <system-out/>
  <testcase classname="fieldServiceFormsTest.RepairAssessOtherGUITest" name="GUITestRadiobuttonRepairOther" time="1.086"/>
  <system-out/>
  <testcase classname="fieldServiceFormsTest.RepairAssessOtherGUITest" name="GUITestRadiobuttonRepairOther" time="1.151"/>
  <system-out/>
  <testcase classname="fieldServiceFormsTest.RepairAssessOtherGUITest" name="GUITestRadiobuttonRepairOther" time="1.013"/>
  <system-out/>
  <testcase classname="fieldServiceFormsTest.RepairAssessOtherGUITest" name="GUITestRadiobuttonRepairOther" time="1.052"/>
  <system-out/>
  <testcase classname="fieldServiceFormsTest.RepairAssessOtherGUITest" name="GUITestRadiobuttonRepairOther" time="1.045"/>
  <system-out/>
  <testcase classname="fieldServiceFormsTest.RepairAssessOtherGUITest" name="GUITestRadiobuttonRepairOther" time="1.005"/>
  <system-out/>
  <testcase classname="fieldServiceFormsTest.RepairAssessOtherGUITest" name="GUITestRadiobuttonRepairOther" time="1.075"/>
  <system-out/>
  <testcase classname="fieldServiceFormsTest.RepairAssessOtherGUITest" name="GUITestRadiobuttonRepairOther" time="1.291"/>
  <system-out/>
  <testcase classname="fieldServiceFormsTest.RepairAssessOtherGUITest" name="GUITestRadiobuttonRepairOther" time="1.260"/>
  <system-out/>
  <testcase classname="fieldServiceFormsTest.RepairAssessOtherGUITest" name="GUITestRadiobuttonRepairOther" time="1.275"/>
  <system-out/>
  <testcase classname="fieldServiceFormsTest.RepairAssessOtherGUITest" name="GUITestRadiobuttonRepairOther" time="1.000"/>
  <system-out/>
  <testcase classname="fieldServiceFormsTest.RepairAssessOtherGUITest" name="GUITestRadiobuttonRepairOther" time="1.106"/>
  <system-out/>
  <testcase classname="fieldServiceFormsTest.RepairAssessOtherGUITest" name="GUITestRadiobuttonRepairOther" time="1.266"/>
  <system-out/>
  <testcase classname="fieldServiceFormsTest.RepairAssessOtherGUITest" name="GUITestRadiobuttonRepairOther" time="1.282"/>
  <system-out/>
  <testcase classname="fieldServiceFormsTest.RepairAssessOtherGUITest" name="GUITestRadiobuttonRepairOther" time="1.106"/>
  <system-out/>
  <testcase classname="fieldServiceFormsTest.RepairAssessOtherGUITest" name="GUITestRadiobuttonRepairOther" time="1.055"/>
  <system-out/>
  <testcase classname="fieldServiceFormsTest.RepairAssessOtherGUITest" name="GUITestRadiobuttonRepairOther" time="1.040"/>
  <system-out/>
  <testcase classname="fieldServiceFormsTest.RepairAssessOtherGUITest" name="GUITestRadiobuttonRepairOther" time="1.029"/>
  <system-out/>
  <testcase classname="fieldServiceFormsTest.RepairAssessOtherGUITest" name="GUITestRadiobuttonRepairOther" time="1.066"/>
  <system-out/>
  <testcase classname="fieldServiceFormsTest.RepairAssessOtherGUITest" name="GUITestRadiobuttonRepairOther" time="1.060"/>
  <system-out/>
  <testcase classname="fieldServiceFormsTest.RepairAssessOtherGUITest" name="GUITestRadiobuttonRepairOther" time="1.217"/>
  <system-out/>
  <testcase classname="fieldServiceFormsTest.RepairAssessOtherGUITest" name="GUITestRadiobuttonRepairOther" time="1.295"/>
  <system-out/>
  <testcase classname="fieldServiceFormsTest.RepairAssessOtherGUITest" name="GUITestRadiobuttonRepairOther" time="2.176"/>
  <system-out/>
  <testcase classname="fieldServiceFormsTest.RepairAssessOtherGUITest" name="GUITestRadiobuttonRepairOther" time="1.009"/>
  <system-out/>
  <testcase classname="fieldServiceFormsTest.RepairAssessOtherGUITest" name="GUITestRadiobuttonRepairOther" time="1.095"/>
  <system-out/>
  <testcase classname="fieldServiceFormsTest.RepairAssessOtherGUITest" name="GUITestRadiobuttonRepairOther" time="2.052"/>
  <system-out/>
  <testcase classname="fieldServiceFormsTest.RepairAssessOtherGUITest" name="GUITestRadiobuttonRepairOther" time="0.928"/>
  <system-out/>
  <testcase classname="fieldServiceFormsTest.RepairAssessOtherGUITest" name="GUITestRadiobuttonRepairOther" time="1.045"/>
  <system-out/>
  <testcase classname="fieldServiceFormsTest.RepairAssessOtherGUITest" name="GUITestRadiobuttonRepairOther" time="1.055"/>
  <system-out/>
  <testcase classname="fieldServiceFormsTest.RepairAssessOtherGUITest" name="GUITestRadiobuttonRepairOther" time="1.215"/>
  <system-out/>
  <testcase classname="fieldServiceFormsTest.RepairAssessOtherGUITest" name="GUITestRadiobuttonRepairOther" time="1.297"/>
  <system-out/>
  <testcase classname="fieldServiceFormsTest.RepairAssessOtherGUITest" name="GUITestRadiobuttonRepairOther" time="1.077"/>
  <system-out/>
  <testcase classname="fieldServiceFormsTest.RepairAssessOtherGUITest" name="GUITestRadiobuttonRepairOther" time="1.086"/>
  <system-out/>
  <testcase classname="fieldServiceFormsTest.RepairAssessOtherGUITest" name="GUITestRadiobuttonRepairOther" time="1.012"/>
  <system-out/>
  <testcase classname="fieldServiceFormsTest.RepairAssessOtherGUITest" name="GUITestRadiobuttonRepairOther" time="1.109"/>
  <system-out/>
  <testcase classname="fieldServiceFormsTest.RepairAssessOtherGUITest" name="GUITestRadiobuttonRepairOther" time="1.032"/>
  <system-out/>
  <testcase classname="fieldServiceFormsTest.RepairAssessOtherGUITest" name="GUITestRadiobuttonRepairOther" time="1.054"/>
  <system-out/>
  <testcase classname="fieldServiceFormsTest.RepairAssessOtherGUITest" name="GUITestRadiobuttonRepairOther" time="0.953"/>
  <system-out/>
  <testcase classname="fieldServiceFormsTest.RepairAssessOtherGUITest" name="GUITestRadiobuttonRepairOther" time="1.116"/>
  <system-out/>
  <testcase classname="fieldServiceFormsTest.RepairAssessOtherGUITest" name="GUITestRadiobuttonRepairOther" time="1.069"/>
  <system-out/>
  <testcase classname="fieldServiceFormsTest.RepairAssessOtherGUITest" name="GUITestRadiobuttonRepairOther" time="1.059"/>
  <system-out/>
  <testcase classname="fieldServiceFormsTest.RepairAssessOtherGUITest" name="GUITestRadiobuttonRepairOther" time="1.150"/>
  <system-out/>
  <testcase classname="fieldServiceFormsTest.RepairAssessOtherGUITest" name="GUITestRadiobuttonRepairOther" time="1.063"/>
  <system-out/>
  <testcase classname="fieldServiceFormsTest.RepairAssessOtherGUITest" name="GUITestRadiobuttonRepairOther" time="1.062"/>
  <system-out/>
  <testcase classname="fieldServiceFormsTest.RepairAssessOtherGUITest" name="GUITestRadiobuttonRepairOther" time="1.314"/>
  <system-out/>
  <testcase classname="fieldServiceFormsTest.RepairAssessOtherGUITest" name="GUITestRadiobuttonRepairOther" time="1.387"/>
  <system-out/>
  <testcase classname="fieldServiceFormsTest.RepairAssessOtherGUITest" name="GUITestRadiobuttonRepairOther" time="1.057"/>
  <system-out/>
  <testcase classname="fieldServiceFormsTest.RepairAssessOtherGUITest" name="GUITestRadiobuttonRepairOther" time="1.041"/>
  <system-out/>
  <testcase classname="fieldServiceFormsTest.RepairAssessOtherGUITest" name="GUITestRadiobuttonRepairOther" time="1.276"/>
  <system-out/>
  <testcase classname="fieldServiceFormsTest.RepairAssessOtherGUITest" name="GUITestRadiobuttonRepairOther" time="1.080"/>
  <system-out/>
  <testcase classname="fieldServiceFormsTest.RepairAssessOtherGUITest" name="GUITestRadiobuttonRepairOther" time="1.424"/>
  <system-out/>
  <testcase classname="fieldServiceFormsTest.RepairAssessOtherGUITest" name="GUITestRadiobuttonRepairOther" time="1.059"/>
  <system-out/>
  <testcase classname="fieldServiceFormsTest.RepairAssessOtherGUITest" name="GUITestRadiobuttonRepairOther" time="1.129"/>
  <system-out/>
  <testcase classname="fieldServiceFormsTest.RepairAssessOtherGUITest" name="GUITestRadiobuttonRepairOther" time="1.076"/>
  <system-out/>
  <testcase classname="fieldServiceFormsTest.RepairAssessOtherGUITest" name="GUITestRadiobuttonRepairOther" time="1.348"/>
  <system-out/>
  <testcase classname="fieldServiceFormsTest.RepairAssessOtherGUITest" name="GUITestRadiobuttonRepairOther" time="1.155"/>
  <system-out/>
  <testcase classname="fieldServiceFormsTest.RepairAssessOtherGUITest" name="GUITestRadiobuttonRepairOther" time="1.041"/>
  <system-out/>
  <testcase classname="fieldServiceFormsTest.RepairAssessOtherGUITest" name="GUITestRadiobuttonRepairOther" time="1.200"/>
  <system-out/>
  <testcase classname="fieldServiceFormsTest.RepairAssessOtherGUITest" name="GUITestRadiobuttonRepairOther" time="1.003"/>
  <system-out/>
  <testcase classname="fieldServiceFormsTest.RepairAssessOtherGUITest" name="GUITestRadiobuttonRepairOther" time="2.058"/>
  <system-out/>
  <testcase classname="fieldServiceFormsTest.RepairAssessOtherGUITest" name="GUITestRadiobuttonRepairOther" time="0.944"/>
  <system-out/>
  <testcase classname="fieldServiceFormsTest.RepairAssessOtherGUITest" name="GUITestRadiobuttonRepairOther" time="1.101"/>
  <system-out/>
  <testcase classname="fieldServiceFormsTest.RepairAssessOtherGUITest" name="GUITestRadiobuttonRepairOther" time="1.029"/>
  <system-out/>
  <testcase classname="fieldServiceFormsTest.RepairAssessOtherGUITest" name="GUITestRadiobuttonRepairOther" time="1.083"/>
  <system-out/>
  <testcase classname="fieldServiceFormsTest.RepairAssessOtherGUITest" name="GUITestRadiobuttonRepairOther" time="1.263"/>
  <system-out/>
  <testcase classname="fieldServiceFormsTest.RepairAssessOtherGUITest" name="GUITestRadiobuttonRepairOther" time="1.146"/>
  <system-out/>
  <testcase classname="fieldServiceFormsTest.RepairAssessOtherGUITest" name="GUITestRadiobuttonRepairOther" time="1.100"/>
  <system-out/>
  <testcase classname="fieldServiceFormsTest.RepairAssessOtherGUITest" name="GUITestRadiobuttonRepairOther" time="1.137"/>
  <system-out/>
  <testcase classname="fieldServiceFormsTest.RepairAssessOtherGUITest" name="GUITestRadiobuttonRepairOther" time="0.994"/>
  <system-out/>
  <testcase classname="fieldServiceFormsTest.RepairAssessOtherGUITest" name="GUITestRadiobuttonRepairOther" time="1.174"/>
  <system-out/>
  <testcase classname="fieldServiceFormsTest.RepairAssessOtherGUITest" name="GUITestRadiobuttonRepairOther" time="1.204"/>
  <system-out/>
  <testcase classname="fieldServiceFormsTest.RepairAssessOtherGUITest" name="GUITestRadiobuttonRepairOther" time="1.331"/>
  <system-out/>
  <testcase classname="fieldServiceFormsTest.RepairAssessOtherGUITest" name="GUITestRadiobuttonRepairOther" time="1.096"/>
  <system-out/>
  <testcase classname="fieldServiceFormsTest.RepairAssessOtherGUITest" name="GUITestRadiobuttonRepairOther" time="1.051"/>
  <system-out/>
  <testcase classname="fieldServiceFormsTest.RepairAssessOtherGUITest" name="GUITestRadiobuttonRepairOther" time="0.970"/>
  <system-out/>
  <testcase classname="fieldServiceFormsTest.RepairAssessOtherGUITest" name="GUITestRadiobuttonRepairOther" time="1.083"/>
  <system-out/>
  <testcase classname="fieldServiceFormsTest.RepairAssessOtherGUITest" name="GUITestRadiobuttonRepairOther" time="1.043"/>
  <system-out/>
  <testcase classname="fieldServiceFormsTest.RepairAssessOtherGUITest" name="GUITestRadiobuttonRepairOther" time="1.133"/>
  <system-out/>
  <testcase classname="fieldServiceFormsTest.RepairAssessOtherGUITest" name="GUITestRadiobuttonRepairOther" time="1.042"/>
  <system-out/>
  <testcase classname="fieldServiceFormsTest.RepairAssessOtherGUITest" name="GUITestRadiobuttonRepairOther" time="1.044"/>
  <system-out/>
  <testcase classname="fieldServiceFormsTest.RepairAssessOtherGUITest" name="GUITestRadiobuttonRepairOther" time="1.071"/>
  <system-out/>
  <testcase classname="fieldServiceFormsTest.RepairAssessOtherGUITest" name="GUITestRadiobuttonRepairOther" time="1.061"/>
  <system-out/>
  <testcase classname="fieldServiceFormsTest.RepairAssessOtherGUITest" name="GUITestRadiobuttonRepairOther" time="1.122"/>
  <system-out/>
</testsuite> <!-- fieldServiceFormsTest.RepairAssessOtherGUITest -->
