<?xml version="1.0" encoding="UTF-8"?>
<!-- Generated by org.testng.reporters.JUnitReportReporter -->
<testsuite hostname="DESKTOP-AMSBLU7" failures="0" tests="2" name="installandrepair.InstallationTest" time="75.742" errors="0" timestamp="2022-07-13T17:02:32 IST" skipped="0">
  <testcase classname="installandrepair.InstallationTest" name="installation" time="35.876"/>
  <system-out/>
  <testcase classname="installandrepair.InstallationTest" name="installation" time="39.866"/>
  <system-out/>
</testsuite> <!-- installandrepair.InstallationTest -->
