<?xml version="1.0" encoding="UTF-8"?>
<!-- Generated by org.testng.reporters.JUnitReportReporter -->
<testsuite hostname="DESKTOP-AMSBLU7" failures="0" tests="20" name="fieldServiceFormsTest.PositiveRepairAdjRepGUITest" time="156.358" errors="0" timestamp="2022-07-27T17:45:52 IST" skipped="0">
  <testcase classname="fieldServiceFormsTest.PositiveRepairAdjRepGUITest" name="gUITestRadioButtonRepairAdjust" time="3.701"/>
  <system-out/>
  <testcase classname="fieldServiceFormsTest.PositiveRepairAdjRepGUITest" name="gUITestRadioButtonRepairAdjust" time="4.055"/>
  <system-out/>
  <testcase classname="fieldServiceFormsTest.PositiveRepairAdjRepGUITest" name="gUITestRadioButtonRepairAdjust" time="3.818"/>
  <system-out/>
  <testcase classname="fieldServiceFormsTest.PositiveRepairAdjRepGUITest" name="gUITestRadioButtonRepairAdjust" time="2.375"/>
  <system-out/>
  <testcase classname="fieldServiceFormsTest.PositiveRepairAdjRepGUITest" name="gUITestRadioButtonRepairAdjust" time="4.194"/>
  <system-out/>
  <testcase classname="fieldServiceFormsTest.PositiveRepairAdjRepGUITest" name="gUITestRadioButtonRepairAdjust" time="4.059"/>
  <system-out/>
  <testcase classname="fieldServiceFormsTest.PositiveRepairAdjRepGUITest" name="gUITestRadioButtonRepairAdjust" time="3.467"/>
  <system-out/>
  <testcase classname="fieldServiceFormsTest.PositiveRepairAdjRepGUITest" name="gUITestRadioButtonRepairAdjust" time="3.936"/>
  <system-out/>
  <testcase classname="fieldServiceFormsTest.PositiveRepairAdjRepGUITest" name="gUITestRadioButtonRepairAdjust" time="3.466"/>
  <system-out/>
  <testcase classname="fieldServiceFormsTest.PositiveRepairAdjRepGUITest" name="gUITestRadioButtonRepairAdjust" time="6.769"/>
  <system-out/>
  <testcase classname="fieldServiceFormsTest.PositiveRepairAdjRepGUITest" name="gUITestRadiobuttonRepairReplacedPart" time="12.092"/>
  <system-out/>
  <testcase classname="fieldServiceFormsTest.PositiveRepairAdjRepGUITest" name="gUITestRadiobuttonRepairReplacedPart" time="10.331"/>
  <system-out/>
  <testcase classname="fieldServiceFormsTest.PositiveRepairAdjRepGUITest" name="gUITestRadiobuttonRepairReplacedPart" time="11.938"/>
  <system-out/>
  <testcase classname="fieldServiceFormsTest.PositiveRepairAdjRepGUITest" name="gUITestRadiobuttonRepairReplacedPart" time="12.937"/>
  <system-out/>
  <testcase classname="fieldServiceFormsTest.PositiveRepairAdjRepGUITest" name="gUITestRadiobuttonRepairReplacedPart" time="14.391"/>
  <system-out/>
  <testcase classname="fieldServiceFormsTest.PositiveRepairAdjRepGUITest" name="gUITestRadiobuttonRepairReplacedPart" time="10.693"/>
  <system-out/>
  <testcase classname="fieldServiceFormsTest.PositiveRepairAdjRepGUITest" name="gUITestRadiobuttonRepairReplacedPart" time="9.495"/>
  <system-out/>
  <testcase classname="fieldServiceFormsTest.PositiveRepairAdjRepGUITest" name="gUITestRadiobuttonRepairReplacedPart" time="10.171"/>
  <system-out/>
  <testcase classname="fieldServiceFormsTest.PositiveRepairAdjRepGUITest" name="gUITestRadiobuttonRepairReplacedPart" time="14.104"/>
  <system-out/>
  <testcase classname="fieldServiceFormsTest.PositiveRepairAdjRepGUITest" name="gUITestRadiobuttonRepairReplacedPart" time="10.366"/>
  <system-out/>
</testsuite> <!-- fieldServiceFormsTest.PositiveRepairAdjRepGUITest -->
