<?xml version="1.0" encoding="UTF-8"?>
<!-- Generated by org.testng.reporters.JUnitReportReporter -->
<testsuite hostname="DESKTOP-AMSBLU7" failures="0" tests="1" name="logisticsDbTest.PostgreSql" time="0.288" errors="0" timestamp="2023-04-04T10:55:44 IST" skipped="0">
  <testcase classname="logisticsDbTest.PostgreSql" name="test" time="0.288"/>
  <system-out/>
</testsuite> <!-- logisticsDbTest.PostgreSql -->
