<?xml version="1.0" encoding="UTF-8"?>
<!-- Generated by org.testng.reporters.JUnitReportReporter -->
<testsuite hostname="DESKTOP-AMSBLU7" failures="0" tests="2" name="fieldServiceFormsTest.PositiveCheckListGUITest" time="40.906" errors="0" timestamp="2023-04-14T12:36:59 IST" skipped="0">
  <testcase classname="fieldServiceFormsTest.PositiveCheckListGUITest" name="gUITestInstallChkradioButtonOptionYes" time="36.565"/>
  <system-out/>
  <testcase classname="fieldServiceFormsTest.PositiveCheckListGUITest" name="gUITestInstlChkRadiButtonOptionNo" time="4.341"/>
  <system-out/>
</testsuite> <!-- fieldServiceFormsTest.PositiveCheckListGUITest -->
