<?xml version="1.0" encoding="UTF-8"?>
<!-- Generated by org.testng.reporters.JUnitReportReporter -->
<testsuite hostname="DESKTOP-AMSBLU7" failures="0" tests="5" name="logisticsXPOTest.XpoJiraTicketCreationTest" time="326.540" errors="0" timestamp="2023-04-03T21:46:19 IST" skipped="0">
  <testcase classname="logisticsXPOTest.XpoJiraTicketCreationTest" name="processFile" time="65.199"/>
  <system-out/>
  <testcase classname="logisticsXPOTest.XpoJiraTicketCreationTest" name="processFile" time="64.301"/>
  <system-out/>
  <testcase classname="logisticsXPOTest.XpoJiraTicketCreationTest" name="processFile" time="64.572"/>
  <system-out/>
  <testcase classname="logisticsXPOTest.XpoJiraTicketCreationTest" name="processFile" time="64.556"/>
  <system-out/>
  <testcase classname="logisticsXPOTest.XpoJiraTicketCreationTest" name="processFile" time="67.912"/>
  <system-out/>
</testsuite> <!-- logisticsXPOTest.XpoJiraTicketCreationTest -->
