<?xml version="1.0" encoding="UTF-8"?>
<!-- Generated by org.testng.reporters.JUnitReportReporter -->
<testsuite hostname="DESKTOP-M729FOC" failures="0" tests="100" name="fieldServiceFormsTest.PositiveRepairRepPrtsGUITest" time="3299.570" errors="1" timestamp="2023-01-19T16:31:49 IST" skipped="0">
  <testcase classname="fieldServiceFormsTest.PositiveRepairRepPrtsGUITest" name="gUITestRadiobuttonRepairReplacedPart" time="31.777"/>
  <system-out/>
  <testcase classname="fieldServiceFormsTest.PositiveRepairRepPrtsGUITest" name="gUITestRadiobuttonRepairReplacedPart" time="35.457"/>
  <system-out/>
  <testcase classname="fieldServiceFormsTest.PositiveRepairRepPrtsGUITest" name="gUITestRadiobuttonRepairReplacedPart" time="31.728"/>
  <system-out/>
  <testcase classname="fieldServiceFormsTest.PositiveRepairRepPrtsGUITest" name="gUITestRadiobuttonRepairReplacedPart" time="31.836"/>
  <system-out/>
  <testcase classname="fieldServiceFormsTest.PositiveRepairRepPrtsGUITest" name="gUITestRadiobuttonRepairReplacedPart" time="33.218"/>
  <system-out/>
  <testcase classname="fieldServiceFormsTest.PositiveRepairRepPrtsGUITest" name="gUITestRadiobuttonRepairReplacedPart" time="31.431"/>
  <system-out/>
  <testcase classname="fieldServiceFormsTest.PositiveRepairRepPrtsGUITest" name="gUITestRadiobuttonRepairReplacedPart" time="31.764"/>
  <system-out/>
  <testcase classname="fieldServiceFormsTest.PositiveRepairRepPrtsGUITest" name="gUITestRadiobuttonRepairReplacedPart" time="31.797"/>
  <system-out/>
  <testcase classname="fieldServiceFormsTest.PositiveRepairRepPrtsGUITest" name="gUITestRadiobuttonRepairReplacedPart" time="31.696"/>
  <system-out/>
  <testcase classname="fieldServiceFormsTest.PositiveRepairRepPrtsGUITest" name="gUITestRadiobuttonRepairReplacedPart" time="31.616"/>
  <system-out/>
  <testcase classname="fieldServiceFormsTest.PositiveRepairRepPrtsGUITest" name="gUITestRadiobuttonRepairReplacedPart" time="18.552">
    <error message="element not interactable: [object HTMLDivElement] has no size and location
  (Session info: chrome=109.0.5414.75)
Build info: version: &#039;4.3.0&#039;, revision: &#039;a4995e2c09*&#039;
System info: host: &#039;DESKTOP-M729FOC&#039;, ip: &#039;192.168.1.3&#039;, os.name: &#039;Windows 10&#039;, os.arch: &#039;amd64&#039;, os.version: &#039;10.0&#039;, java.version: &#039;11.0.13&#039;
Driver info: org.openqa.selenium.chrome.ChromeDriver
Command: [bf9f87fd7f2109aaf3f3051983dffa36, actions {actions=[org.openqa.selenium.interactions.Sequence@48850450, org.openqa.selenium.interactions.Sequence@eb262f6]}]
Capabilities {acceptInsecureCerts: false, browserName: chrome, browserVersion: 109.0.5414.75, chrome: {chromedriverVersion: 109.0.5414.74 (e7c5703604da..., userDataDir: C:\Users\DELL\AppData\Local...}, goog:chromeOptions: {debuggerAddress: localhost:55246}, networkConnectionEnabled: false, pageLoadStrategy: normal, platformName: WINDOWS, proxy: Proxy(), se:cdp: ws://localhost:55246/devtoo..., se:cdpVersion: 109.0.5414.75, setWindowRect: true, strictFileInteractability: false, timeouts: {implicit: 0, pageLoad: 300000, script: 30000}, unhandledPromptBehavior: dismiss and notify, webauthn:extension:credBlob: true, webauthn:extension:largeBlob: true, webauthn:virtualAuthenticators: true}
Session ID: bf9f87fd7f2109aaf3f3051983dffa36" type="org.openqa.selenium.ElementNotInteractableException">
      <![CDATA[org.openqa.selenium.ElementNotInteractableException: element not interactable: [object HTMLDivElement] has no size and location
  (Session info: chrome=109.0.5414.75)
Build info: version: '4.3.0', revision: 'a4995e2c09*'
System info: host: 'DESKTOP-M729FOC', ip: '192.168.1.3', os.name: 'Windows 10', os.arch: 'amd64', os.version: '10.0', java.version: '11.0.13'
Driver info: org.openqa.selenium.chrome.ChromeDriver
Command: [bf9f87fd7f2109aaf3f3051983dffa36, actions {actions=[org.openqa.selenium.interactions.Sequence@48850450, org.openqa.selenium.interactions.Sequence@eb262f6]}]
Capabilities {acceptInsecureCerts: false, browserName: chrome, browserVersion: 109.0.5414.75, chrome: {chromedriverVersion: 109.0.5414.74 (e7c5703604da..., userDataDir: C:\Users\DELL\AppData\Local...}, goog:chromeOptions: {debuggerAddress: localhost:55246}, networkConnectionEnabled: false, pageLoadStrategy: normal, platformName: WINDOWS, proxy: Proxy(), se:cdp: ws://localhost:55246/devtoo..., se:cdpVersion: 109.0.5414.75, setWindowRect: true, strictFileInteractability: false, timeouts: {implicit: 0, pageLoad: 300000, script: 30000}, unhandledPromptBehavior: dismiss and notify, webauthn:extension:credBlob: true, webauthn:extension:largeBlob: true, webauthn:virtualAuthenticators: true}
Session ID: bf9f87fd7f2109aaf3f3051983dffa36
at java.base/jdk.internal.reflect.NativeConstructorAccessorImpl.newInstance0(Native Method)
at java.base/jdk.internal.reflect.NativeConstructorAccessorImpl.newInstance(NativeConstructorAccessorImpl.java:62)
at java.base/jdk.internal.reflect.DelegatingConstructorAccessorImpl.newInstance(DelegatingConstructorAccessorImpl.java:45)
at java.base/java.lang.reflect.Constructor.newInstance(Constructor.java:490)
at org.openqa.selenium.remote.codec.w3c.W3CHttpResponseCodec.createException(W3CHttpResponseCodec.java:200)
at org.openqa.selenium.remote.codec.w3c.W3CHttpResponseCodec.decode(W3CHttpResponseCodec.java:133)
at org.openqa.selenium.remote.codec.w3c.W3CHttpResponseCodec.decode(W3CHttpResponseCodec.java:53)
at org.openqa.selenium.remote.HttpCommandExecutor.execute(HttpCommandExecutor.java:184)
at org.openqa.selenium.remote.service.DriverCommandExecutor.invokeExecute(DriverCommandExecutor.java:167)
at org.openqa.selenium.remote.service.DriverCommandExecutor.execute(DriverCommandExecutor.java:142)
at org.openqa.selenium.remote.RemoteWebDriver.execute(RemoteWebDriver.java:569)
at org.openqa.selenium.remote.RemoteWebDriver.perform(RemoteWebDriver.java:637)
at org.openqa.selenium.interactions.Actions$BuiltAction.perform(Actions.java:567)
at fieldServiceFormsTest.PositiveRepairRepPrtsGUITest.gUITestRadiobuttonRepairReplacedPart(PositiveRepairRepPrtsGUITest.java:141)
at jdk.internal.reflect.GeneratedMethodAccessor6.invoke(Unknown Source)
at java.base/jdk.internal.reflect.DelegatingMethodAccessorImpl.invoke(DelegatingMethodAccessorImpl.java:43)
at java.base/java.lang.reflect.Method.invoke(Method.java:566)
at org.testng.internal.MethodInvocationHelper.invokeMethod(MethodInvocationHelper.java:133)
at org.testng.internal.TestInvoker.invokeMethod(TestInvoker.java:598)
at org.testng.internal.TestInvoker.invokeTestMethod(TestInvoker.java:173)
at org.testng.internal.MethodRunner.runInSequence(MethodRunner.java:46)
at org.testng.internal.TestInvoker$MethodInvocationAgent.invoke(TestInvoker.java:824)
at org.testng.internal.TestInvoker.invokeTestMethods(TestInvoker.java:146)
at org.testng.internal.TestMethodWorker.invokeTestMethods(TestMethodWorker.java:146)
at org.testng.internal.TestMethodWorker.run(TestMethodWorker.java:128)
at java.base/java.util.ArrayList.forEach(ArrayList.java:1541)
at org.testng.TestRunner.privateRun(TestRunner.java:794)
at org.testng.TestRunner.run(TestRunner.java:596)
at org.testng.SuiteRunner.runTest(SuiteRunner.java:377)
at org.testng.SuiteRunner.runSequentially(SuiteRunner.java:371)
at org.testng.SuiteRunner.privateRun(SuiteRunner.java:332)
at org.testng.SuiteRunner.run(SuiteRunner.java:276)
at org.testng.SuiteRunnerWorker.runSuite(SuiteRunnerWorker.java:53)
at org.testng.SuiteRunnerWorker.run(SuiteRunnerWorker.java:96)
at org.testng.TestNG.runSuitesSequentially(TestNG.java:1212)
at org.testng.TestNG.runSuitesLocally(TestNG.java:1134)
at org.testng.TestNG.runSuites(TestNG.java:1063)
at org.testng.TestNG.run(TestNG.java:1031)
at org.testng.remote.AbstractRemoteTestNG.run(AbstractRemoteTestNG.java:115)
at org.testng.remote.RemoteTestNG.initAndRun(RemoteTestNG.java:251)
at org.testng.remote.RemoteTestNG.main(RemoteTestNG.java:77)
]]>
    </error>
  </testcase> <!-- gUITestRadiobuttonRepairReplacedPart -->
  <system-out/>
  <testcase classname="fieldServiceFormsTest.PositiveRepairRepPrtsGUITest" name="gUITestRadiobuttonRepairReplacedPart" time="34.152"/>
  <system-out/>
  <testcase classname="fieldServiceFormsTest.PositiveRepairRepPrtsGUITest" name="gUITestRadiobuttonRepairReplacedPart" time="32.788"/>
  <system-out/>
  <testcase classname="fieldServiceFormsTest.PositiveRepairRepPrtsGUITest" name="gUITestRadiobuttonRepairReplacedPart" time="31.824"/>
  <system-out/>
  <testcase classname="fieldServiceFormsTest.PositiveRepairRepPrtsGUITest" name="gUITestRadiobuttonRepairReplacedPart" time="44.479"/>
  <system-out/>
  <testcase classname="fieldServiceFormsTest.PositiveRepairRepPrtsGUITest" name="gUITestRadiobuttonRepairReplacedPart" time="31.391"/>
  <system-out/>
  <testcase classname="fieldServiceFormsTest.PositiveRepairRepPrtsGUITest" name="gUITestRadiobuttonRepairReplacedPart" time="31.601"/>
  <system-out/>
  <testcase classname="fieldServiceFormsTest.PositiveRepairRepPrtsGUITest" name="gUITestRadiobuttonRepairReplacedPart" time="32.692"/>
  <system-out/>
  <testcase classname="fieldServiceFormsTest.PositiveRepairRepPrtsGUITest" name="gUITestRadiobuttonRepairReplacedPart" time="40.272"/>
  <system-out/>
  <testcase classname="fieldServiceFormsTest.PositiveRepairRepPrtsGUITest" name="gUITestRadiobuttonRepairReplacedPart" time="32.250"/>
  <system-out/>
  <testcase classname="fieldServiceFormsTest.PositiveRepairRepPrtsGUITest" name="gUITestRadiobuttonRepairReplacedPart" time="33.008"/>
  <system-out/>
  <testcase classname="fieldServiceFormsTest.PositiveRepairRepPrtsGUITest" name="gUITestRadiobuttonRepairReplacedPart" time="32.019"/>
  <system-out/>
  <testcase classname="fieldServiceFormsTest.PositiveRepairRepPrtsGUITest" name="gUITestRadiobuttonRepairReplacedPart" time="42.314"/>
  <system-out/>
  <testcase classname="fieldServiceFormsTest.PositiveRepairRepPrtsGUITest" name="gUITestRadiobuttonRepairReplacedPart" time="36.461"/>
  <system-out/>
  <testcase classname="fieldServiceFormsTest.PositiveRepairRepPrtsGUITest" name="gUITestRadiobuttonRepairReplacedPart" time="31.844"/>
  <system-out/>
  <testcase classname="fieldServiceFormsTest.PositiveRepairRepPrtsGUITest" name="gUITestRadiobuttonRepairReplacedPart" time="31.612"/>
  <system-out/>
  <testcase classname="fieldServiceFormsTest.PositiveRepairRepPrtsGUITest" name="gUITestRadiobuttonRepairReplacedPart" time="32.110"/>
  <system-out/>
  <testcase classname="fieldServiceFormsTest.PositiveRepairRepPrtsGUITest" name="gUITestRadiobuttonRepairReplacedPart" time="31.783"/>
  <system-out/>
  <testcase classname="fieldServiceFormsTest.PositiveRepairRepPrtsGUITest" name="gUITestRadiobuttonRepairReplacedPart" time="31.593"/>
  <system-out/>
  <testcase classname="fieldServiceFormsTest.PositiveRepairRepPrtsGUITest" name="gUITestRadiobuttonRepairReplacedPart" time="31.809"/>
  <system-out/>
  <testcase classname="fieldServiceFormsTest.PositiveRepairRepPrtsGUITest" name="gUITestRadiobuttonRepairReplacedPart" time="32.724"/>
  <system-out/>
  <testcase classname="fieldServiceFormsTest.PositiveRepairRepPrtsGUITest" name="gUITestRadiobuttonRepairReplacedPart" time="33.891"/>
  <system-out/>
  <testcase classname="fieldServiceFormsTest.PositiveRepairRepPrtsGUITest" name="gUITestRadiobuttonRepairReplacedPart" time="31.690"/>
  <system-out/>
  <testcase classname="fieldServiceFormsTest.PositiveRepairRepPrtsGUITest" name="gUITestRadiobuttonRepairReplacedPart" time="31.976"/>
  <system-out/>
  <testcase classname="fieldServiceFormsTest.PositiveRepairRepPrtsGUITest" name="gUITestRadiobuttonRepairReplacedPart" time="31.296"/>
  <system-out/>
  <testcase classname="fieldServiceFormsTest.PositiveRepairRepPrtsGUITest" name="gUITestRadiobuttonRepairReplacedPart" time="31.495"/>
  <system-out/>
  <testcase classname="fieldServiceFormsTest.PositiveRepairRepPrtsGUITest" name="gUITestRadiobuttonRepairReplacedPart" time="31.531"/>
  <system-out/>
  <testcase classname="fieldServiceFormsTest.PositiveRepairRepPrtsGUITest" name="gUITestRadiobuttonRepairReplacedPart" time="31.799"/>
  <system-out/>
  <testcase classname="fieldServiceFormsTest.PositiveRepairRepPrtsGUITest" name="gUITestRadiobuttonRepairReplacedPart" time="36.324"/>
  <system-out/>
  <testcase classname="fieldServiceFormsTest.PositiveRepairRepPrtsGUITest" name="gUITestRadiobuttonRepairReplacedPart" time="32.033"/>
  <system-out/>
  <testcase classname="fieldServiceFormsTest.PositiveRepairRepPrtsGUITest" name="gUITestRadiobuttonRepairReplacedPart" time="32.465"/>
  <system-out/>
  <testcase classname="fieldServiceFormsTest.PositiveRepairRepPrtsGUITest" name="gUITestRadiobuttonRepairReplacedPart" time="31.404"/>
  <system-out/>
  <testcase classname="fieldServiceFormsTest.PositiveRepairRepPrtsGUITest" name="gUITestRadiobuttonRepairReplacedPart" time="31.575"/>
  <system-out/>
  <testcase classname="fieldServiceFormsTest.PositiveRepairRepPrtsGUITest" name="gUITestRadiobuttonRepairReplacedPart" time="31.182"/>
  <system-out/>
  <testcase classname="fieldServiceFormsTest.PositiveRepairRepPrtsGUITest" name="gUITestRadiobuttonRepairReplacedPart" time="31.829"/>
  <system-out/>
  <testcase classname="fieldServiceFormsTest.PositiveRepairRepPrtsGUITest" name="gUITestRadiobuttonRepairReplacedPart" time="46.471"/>
  <system-out/>
  <testcase classname="fieldServiceFormsTest.PositiveRepairRepPrtsGUITest" name="gUITestRadiobuttonRepairReplacedPart" time="33.975"/>
  <system-out/>
  <testcase classname="fieldServiceFormsTest.PositiveRepairRepPrtsGUITest" name="gUITestRadiobuttonRepairReplacedPart" time="33.932"/>
  <system-out/>
  <testcase classname="fieldServiceFormsTest.PositiveRepairRepPrtsGUITest" name="gUITestRadiobuttonRepairReplacedPart" time="33.227"/>
  <system-out/>
  <testcase classname="fieldServiceFormsTest.PositiveRepairRepPrtsGUITest" name="gUITestRadiobuttonRepairReplacedPart" time="32.993"/>
  <system-out/>
  <testcase classname="fieldServiceFormsTest.PositiveRepairRepPrtsGUITest" name="gUITestRadiobuttonRepairReplacedPart" time="31.896"/>
  <system-out/>
  <testcase classname="fieldServiceFormsTest.PositiveRepairRepPrtsGUITest" name="gUITestRadiobuttonRepairReplacedPart" time="36.529"/>
  <system-out/>
  <testcase classname="fieldServiceFormsTest.PositiveRepairRepPrtsGUITest" name="gUITestRadiobuttonRepairReplacedPart" time="31.893"/>
  <system-out/>
  <testcase classname="fieldServiceFormsTest.PositiveRepairRepPrtsGUITest" name="gUITestRadiobuttonRepairReplacedPart" time="31.588"/>
  <system-out/>
  <testcase classname="fieldServiceFormsTest.PositiveRepairRepPrtsGUITest" name="gUITestRadiobuttonRepairReplacedPart" time="31.997"/>
  <system-out/>
  <testcase classname="fieldServiceFormsTest.PositiveRepairRepPrtsGUITest" name="gUITestRadiobuttonRepairReplacedPart" time="32.774"/>
  <system-out/>
  <testcase classname="fieldServiceFormsTest.PositiveRepairRepPrtsGUITest" name="gUITestRadiobuttonRepairReplacedPart" time="31.609"/>
  <system-out/>
  <testcase classname="fieldServiceFormsTest.PositiveRepairRepPrtsGUITest" name="gUITestRadiobuttonRepairReplacedPart" time="31.710"/>
  <system-out/>
  <testcase classname="fieldServiceFormsTest.PositiveRepairRepPrtsGUITest" name="gUITestRadiobuttonRepairReplacedPart" time="31.764"/>
  <system-out/>
  <testcase classname="fieldServiceFormsTest.PositiveRepairRepPrtsGUITest" name="gUITestRadiobuttonRepairReplacedPart" time="32.010"/>
  <system-out/>
  <testcase classname="fieldServiceFormsTest.PositiveRepairRepPrtsGUITest" name="gUITestRadiobuttonRepairReplacedPart" time="31.597"/>
  <system-out/>
  <testcase classname="fieldServiceFormsTest.PositiveRepairRepPrtsGUITest" name="gUITestRadiobuttonRepairReplacedPart" time="33.229"/>
  <system-out/>
  <testcase classname="fieldServiceFormsTest.PositiveRepairRepPrtsGUITest" name="gUITestRadiobuttonRepairReplacedPart" time="31.657"/>
  <system-out/>
  <testcase classname="fieldServiceFormsTest.PositiveRepairRepPrtsGUITest" name="gUITestRadiobuttonRepairReplacedPart" time="31.360"/>
  <system-out/>
  <testcase classname="fieldServiceFormsTest.PositiveRepairRepPrtsGUITest" name="gUITestRadiobuttonRepairReplacedPart" time="32.912"/>
  <system-out/>
  <testcase classname="fieldServiceFormsTest.PositiveRepairRepPrtsGUITest" name="gUITestRadiobuttonRepairReplacedPart" time="32.008"/>
  <system-out/>
  <testcase classname="fieldServiceFormsTest.PositiveRepairRepPrtsGUITest" name="gUITestRadiobuttonRepairReplacedPart" time="33.991"/>
  <system-out/>
  <testcase classname="fieldServiceFormsTest.PositiveRepairRepPrtsGUITest" name="gUITestRadiobuttonRepairReplacedPart" time="33.685"/>
  <system-out/>
  <testcase classname="fieldServiceFormsTest.PositiveRepairRepPrtsGUITest" name="gUITestRadiobuttonRepairReplacedPart" time="31.665"/>
  <system-out/>
  <testcase classname="fieldServiceFormsTest.PositiveRepairRepPrtsGUITest" name="gUITestRadiobuttonRepairReplacedPart" time="31.725"/>
  <system-out/>
  <testcase classname="fieldServiceFormsTest.PositiveRepairRepPrtsGUITest" name="gUITestRadiobuttonRepairReplacedPart" time="31.268"/>
  <system-out/>
  <testcase classname="fieldServiceFormsTest.PositiveRepairRepPrtsGUITest" name="gUITestRadiobuttonRepairReplacedPart" time="31.680"/>
  <system-out/>
  <testcase classname="fieldServiceFormsTest.PositiveRepairRepPrtsGUITest" name="gUITestRadiobuttonRepairReplacedPart" time="33.464"/>
  <system-out/>
  <testcase classname="fieldServiceFormsTest.PositiveRepairRepPrtsGUITest" name="gUITestRadiobuttonRepairReplacedPart" time="31.972"/>
  <system-out/>
  <testcase classname="fieldServiceFormsTest.PositiveRepairRepPrtsGUITest" name="gUITestRadiobuttonRepairReplacedPart" time="32.978"/>
  <system-out/>
  <testcase classname="fieldServiceFormsTest.PositiveRepairRepPrtsGUITest" name="gUITestRadiobuttonRepairReplacedPart" time="31.521"/>
  <system-out/>
  <testcase classname="fieldServiceFormsTest.PositiveRepairRepPrtsGUITest" name="gUITestRadiobuttonRepairReplacedPart" time="31.838"/>
  <system-out/>
  <testcase classname="fieldServiceFormsTest.PositiveRepairRepPrtsGUITest" name="gUITestRadiobuttonRepairReplacedPart" time="31.826"/>
  <system-out/>
  <testcase classname="fieldServiceFormsTest.PositiveRepairRepPrtsGUITest" name="gUITestRadiobuttonRepairReplacedPart" time="31.928"/>
  <system-out/>
  <testcase classname="fieldServiceFormsTest.PositiveRepairRepPrtsGUITest" name="gUITestRadiobuttonRepairReplacedPart" time="42.013"/>
  <system-out/>
  <testcase classname="fieldServiceFormsTest.PositiveRepairRepPrtsGUITest" name="gUITestRadiobuttonRepairReplacedPart" time="31.721"/>
  <system-out/>
  <testcase classname="fieldServiceFormsTest.PositiveRepairRepPrtsGUITest" name="gUITestRadiobuttonRepairReplacedPart" time="36.473"/>
  <system-out/>
  <testcase classname="fieldServiceFormsTest.PositiveRepairRepPrtsGUITest" name="gUITestRadiobuttonRepairReplacedPart" time="33.694"/>
  <system-out/>
  <testcase classname="fieldServiceFormsTest.PositiveRepairRepPrtsGUITest" name="gUITestRadiobuttonRepairReplacedPart" time="31.825"/>
  <system-out/>
  <testcase classname="fieldServiceFormsTest.PositiveRepairRepPrtsGUITest" name="gUITestRadiobuttonRepairReplacedPart" time="31.466"/>
  <system-out/>
  <testcase classname="fieldServiceFormsTest.PositiveRepairRepPrtsGUITest" name="gUITestRadiobuttonRepairReplacedPart" time="31.693"/>
  <system-out/>
  <testcase classname="fieldServiceFormsTest.PositiveRepairRepPrtsGUITest" name="gUITestRadiobuttonRepairReplacedPart" time="31.735"/>
  <system-out/>
  <testcase classname="fieldServiceFormsTest.PositiveRepairRepPrtsGUITest" name="gUITestRadiobuttonRepairReplacedPart" time="34.024"/>
  <system-out/>
  <testcase classname="fieldServiceFormsTest.PositiveRepairRepPrtsGUITest" name="gUITestRadiobuttonRepairReplacedPart" time="32.590"/>
  <system-out/>
  <testcase classname="fieldServiceFormsTest.PositiveRepairRepPrtsGUITest" name="gUITestRadiobuttonRepairReplacedPart" time="31.934"/>
  <system-out/>
  <testcase classname="fieldServiceFormsTest.PositiveRepairRepPrtsGUITest" name="gUITestRadiobuttonRepairReplacedPart" time="33.784"/>
  <system-out/>
  <testcase classname="fieldServiceFormsTest.PositiveRepairRepPrtsGUITest" name="gUITestRadiobuttonRepairReplacedPart" time="42.092"/>
  <system-out/>
  <testcase classname="fieldServiceFormsTest.PositiveRepairRepPrtsGUITest" name="gUITestRadiobuttonRepairReplacedPart" time="31.654"/>
  <system-out/>
  <testcase classname="fieldServiceFormsTest.PositiveRepairRepPrtsGUITest" name="gUITestRadiobuttonRepairReplacedPart" time="31.729"/>
  <system-out/>
  <testcase classname="fieldServiceFormsTest.PositiveRepairRepPrtsGUITest" name="gUITestRadiobuttonRepairReplacedPart" time="31.718"/>
  <system-out/>
  <testcase classname="fieldServiceFormsTest.PositiveRepairRepPrtsGUITest" name="gUITestRadiobuttonRepairReplacedPart" time="31.736"/>
  <system-out/>
  <testcase classname="fieldServiceFormsTest.PositiveRepairRepPrtsGUITest" name="gUITestRadiobuttonRepairReplacedPart" time="33.894"/>
  <system-out/>
  <testcase classname="fieldServiceFormsTest.PositiveRepairRepPrtsGUITest" name="gUITestRadiobuttonRepairReplacedPart" time="35.660"/>
  <system-out/>
  <testcase classname="fieldServiceFormsTest.PositiveRepairRepPrtsGUITest" name="gUITestRadiobuttonRepairReplacedPart" time="39.753"/>
  <system-out/>
  <testcase classname="fieldServiceFormsTest.PositiveRepairRepPrtsGUITest" name="gUITestRadiobuttonRepairReplacedPart" time="31.622"/>
  <system-out/>
</testsuite> <!-- fieldServiceFormsTest.PositiveRepairRepPrtsGUITest -->
