<?xml version="1.0" encoding="UTF-8"?>
<!-- Generated by org.testng.reporters.JUnitReportReporter -->
<testsuite hostname="DESKTOP-M729FOC" failures="0" tests="1002" name="fieldServiceFormsTest.PositiveRepairAssessOtherGUITest" time="2.521" errors="1" timestamp="2023-04-07T11:59:03 IST" skipped="1001">
  <testcase classname="fieldServiceFormsTest.PositiveRepairAssessOtherGUITest" name="initialize" time="2.521">
    <error message="Unable to establish websocket connection to http://localhost:49715/devtools/browser/137ee170-b990-48f1-b7e5-3d0c3888e461
Build info: version: &#039;4.3.0&#039;, revision: &#039;a4995e2c09*&#039;
System info: host: &#039;DESKTOP-M729FOC&#039;, ip: &#039;192.168.1.113&#039;, os.name: &#039;Windows 10&#039;, os.arch: &#039;amd64&#039;, os.version: &#039;10.0&#039;, java.version: &#039;11.0.13&#039;
Driver info: driver.version: ChromeDriver" type="org.openqa.selenium.remote.http.ConnectionFailedException">
      <![CDATA[org.openqa.selenium.remote.http.ConnectionFailedException: Unable to establish websocket connection to http://localhost:49715/devtools/browser/137ee170-b990-48f1-b7e5-3d0c3888e461
Build info: version: '4.3.0', revision: 'a4995e2c09*'
System info: host: 'DESKTOP-M729FOC', ip: '192.168.1.113', os.name: 'Windows 10', os.arch: 'amd64', os.version: '10.0', java.version: '11.0.13'
Driver info: driver.version: ChromeDriver
at org.openqa.selenium.remote.http.netty.NettyWebSocket.<init>(NettyWebSocket.java:102)
at org.openqa.selenium.remote.http.netty.NettyWebSocket.lambda$create$3(NettyWebSocket.java:128)
at org.openqa.selenium.remote.http.netty.NettyClient.openSocket(NettyClient.java:106)
at org.openqa.selenium.devtools.Connection.<init>(Connection.java:77)
at org.openqa.selenium.chromium.ChromiumDriver.lambda$new$2(ChromiumDriver.java:116)
at java.base/java.util.Optional.map(Optional.java:265)
at org.openqa.selenium.chromium.ChromiumDriver.<init>(ChromiumDriver.java:114)
at org.openqa.selenium.chrome.ChromeDriver.<init>(ChromeDriver.java:81)
at org.openqa.selenium.chrome.ChromeDriver.<init>(ChromeDriver.java:49)
at resources.BrowserConfigGUI.initializeDriver(BrowserConfigGUI.java:69)
at fieldServiceFormsTest.PositiveRepairAssessOtherGUITest.initialize(PositiveRepairAssessOtherGUITest.java:52)
at java.base/jdk.internal.reflect.NativeMethodAccessorImpl.invoke0(Native Method)
at java.base/jdk.internal.reflect.NativeMethodAccessorImpl.invoke(NativeMethodAccessorImpl.java:62)
at java.base/jdk.internal.reflect.DelegatingMethodAccessorImpl.invoke(DelegatingMethodAccessorImpl.java:43)
at java.base/java.lang.reflect.Method.invoke(Method.java:566)
at org.testng.internal.MethodInvocationHelper.invokeMethod(MethodInvocationHelper.java:133)
at org.testng.internal.MethodInvocationHelper.invokeMethodConsideringTimeout(MethodInvocationHelper.java:62)
at org.testng.internal.ConfigInvoker.invokeConfigurationMethod(ConfigInvoker.java:385)
at org.testng.internal.ConfigInvoker.invokeConfigurations(ConfigInvoker.java:321)
at org.testng.TestRunner.invokeTestConfigurations(TestRunner.java:637)
at org.testng.TestRunner.beforeRun(TestRunner.java:627)
at org.testng.TestRunner.run(TestRunner.java:589)
at org.testng.SuiteRunner.runTest(SuiteRunner.java:377)
at org.testng.SuiteRunner.runSequentially(SuiteRunner.java:371)
at org.testng.SuiteRunner.privateRun(SuiteRunner.java:332)
at org.testng.SuiteRunner.run(SuiteRunner.java:276)
at org.testng.SuiteRunnerWorker.runSuite(SuiteRunnerWorker.java:53)
at org.testng.SuiteRunnerWorker.run(SuiteRunnerWorker.java:96)
at org.testng.TestNG.runSuitesSequentially(TestNG.java:1212)
at org.testng.TestNG.runSuitesLocally(TestNG.java:1134)
at org.testng.TestNG.runSuites(TestNG.java:1063)
at org.testng.TestNG.run(TestNG.java:1031)
at org.testng.remote.AbstractRemoteTestNG.run(AbstractRemoteTestNG.java:115)
at org.testng.remote.RemoteTestNG.initAndRun(RemoteTestNG.java:251)
at org.testng.remote.RemoteTestNG.main(RemoteTestNG.java:77)
]]>
    </error>
  </testcase> <!-- initialize -->
  <system-out/>
  <testcase classname="fieldServiceFormsTest.PositiveRepairAssessOtherGUITest" name="gUITestRadiobuttonRepairAssessement" time="0.000">
    <skipped/>
  </testcase> <!-- gUITestRadiobuttonRepairAssessement -->
  <system-out/>
  <testcase classname="fieldServiceFormsTest.PositiveRepairAssessOtherGUITest" name="gUITestRadiobuttonRepairAssessement" time="0.000">
    <skipped/>
  </testcase> <!-- gUITestRadiobuttonRepairAssessement -->
  <system-out/>
  <testcase classname="fieldServiceFormsTest.PositiveRepairAssessOtherGUITest" name="gUITestRadiobuttonRepairAssessement" time="0.000">
    <skipped/>
  </testcase> <!-- gUITestRadiobuttonRepairAssessement -->
  <system-out/>
  <testcase classname="fieldServiceFormsTest.PositiveRepairAssessOtherGUITest" name="gUITestRadiobuttonRepairAssessement" time="0.000">
    <skipped/>
  </testcase> <!-- gUITestRadiobuttonRepairAssessement -->
  <system-out/>
  <testcase classname="fieldServiceFormsTest.PositiveRepairAssessOtherGUITest" name="gUITestRadiobuttonRepairAssessement" time="0.000">
    <skipped/>
  </testcase> <!-- gUITestRadiobuttonRepairAssessement -->
  <system-out/>
  <testcase classname="fieldServiceFormsTest.PositiveRepairAssessOtherGUITest" name="gUITestRadiobuttonRepairAssessement" time="0.000">
    <skipped/>
  </testcase> <!-- gUITestRadiobuttonRepairAssessement -->
  <system-out/>
  <testcase classname="fieldServiceFormsTest.PositiveRepairAssessOtherGUITest" name="gUITestRadiobuttonRepairAssessement" time="0.000">
    <skipped/>
  </testcase> <!-- gUITestRadiobuttonRepairAssessement -->
  <system-out/>
  <testcase classname="fieldServiceFormsTest.PositiveRepairAssessOtherGUITest" name="gUITestRadiobuttonRepairAssessement" time="0.000">
    <skipped/>
  </testcase> <!-- gUITestRadiobuttonRepairAssessement -->
  <system-out/>
  <testcase classname="fieldServiceFormsTest.PositiveRepairAssessOtherGUITest" name="gUITestRadiobuttonRepairAssessement" time="0.000">
    <skipped/>
  </testcase> <!-- gUITestRadiobuttonRepairAssessement -->
  <system-out/>
  <testcase classname="fieldServiceFormsTest.PositiveRepairAssessOtherGUITest" name="gUITestRadiobuttonRepairAssessement" time="0.000">
    <skipped/>
  </testcase> <!-- gUITestRadiobuttonRepairAssessement -->
  <system-out/>
  <testcase classname="fieldServiceFormsTest.PositiveRepairAssessOtherGUITest" name="gUITestRadiobuttonRepairAssessement" time="0.000">
    <skipped/>
  </testcase> <!-- gUITestRadiobuttonRepairAssessement -->
  <system-out/>
  <testcase classname="fieldServiceFormsTest.PositiveRepairAssessOtherGUITest" name="gUITestRadiobuttonRepairAssessement" time="0.000">
    <skipped/>
  </testcase> <!-- gUITestRadiobuttonRepairAssessement -->
  <system-out/>
  <testcase classname="fieldServiceFormsTest.PositiveRepairAssessOtherGUITest" name="gUITestRadiobuttonRepairAssessement" time="0.000">
    <skipped/>
  </testcase> <!-- gUITestRadiobuttonRepairAssessement -->
  <system-out/>
  <testcase classname="fieldServiceFormsTest.PositiveRepairAssessOtherGUITest" name="gUITestRadiobuttonRepairAssessement" time="0.000">
    <skipped/>
  </testcase> <!-- gUITestRadiobuttonRepairAssessement -->
  <system-out/>
  <testcase classname="fieldServiceFormsTest.PositiveRepairAssessOtherGUITest" name="gUITestRadiobuttonRepairAssessement" time="0.000">
    <skipped/>
  </testcase> <!-- gUITestRadiobuttonRepairAssessement -->
  <system-out/>
  <testcase classname="fieldServiceFormsTest.PositiveRepairAssessOtherGUITest" name="gUITestRadiobuttonRepairAssessement" time="0.000">
    <skipped/>
  </testcase> <!-- gUITestRadiobuttonRepairAssessement -->
  <system-out/>
  <testcase classname="fieldServiceFormsTest.PositiveRepairAssessOtherGUITest" name="gUITestRadiobuttonRepairAssessement" time="0.000">
    <skipped/>
  </testcase> <!-- gUITestRadiobuttonRepairAssessement -->
  <system-out/>
  <testcase classname="fieldServiceFormsTest.PositiveRepairAssessOtherGUITest" name="gUITestRadiobuttonRepairAssessement" time="0.000">
    <skipped/>
  </testcase> <!-- gUITestRadiobuttonRepairAssessement -->
  <system-out/>
  <testcase classname="fieldServiceFormsTest.PositiveRepairAssessOtherGUITest" name="gUITestRadiobuttonRepairAssessement" time="0.000">
    <skipped/>
  </testcase> <!-- gUITestRadiobuttonRepairAssessement -->
  <system-out/>
  <testcase classname="fieldServiceFormsTest.PositiveRepairAssessOtherGUITest" name="gUITestRadiobuttonRepairAssessement" time="0.000">
    <skipped/>
  </testcase> <!-- gUITestRadiobuttonRepairAssessement -->
  <system-out/>
  <testcase classname="fieldServiceFormsTest.PositiveRepairAssessOtherGUITest" name="gUITestRadiobuttonRepairAssessement" time="0.000">
    <skipped/>
  </testcase> <!-- gUITestRadiobuttonRepairAssessement -->
  <system-out/>
  <testcase classname="fieldServiceFormsTest.PositiveRepairAssessOtherGUITest" name="gUITestRadiobuttonRepairAssessement" time="0.000">
    <skipped/>
  </testcase> <!-- gUITestRadiobuttonRepairAssessement -->
  <system-out/>
  <testcase classname="fieldServiceFormsTest.PositiveRepairAssessOtherGUITest" name="gUITestRadiobuttonRepairAssessement" time="0.000">
    <skipped/>
  </testcase> <!-- gUITestRadiobuttonRepairAssessement -->
  <system-out/>
  <testcase classname="fieldServiceFormsTest.PositiveRepairAssessOtherGUITest" name="gUITestRadiobuttonRepairAssessement" time="0.000">
    <skipped/>
  </testcase> <!-- gUITestRadiobuttonRepairAssessement -->
  <system-out/>
  <testcase classname="fieldServiceFormsTest.PositiveRepairAssessOtherGUITest" name="gUITestRadiobuttonRepairAssessement" time="0.000">
    <skipped/>
  </testcase> <!-- gUITestRadiobuttonRepairAssessement -->
  <system-out/>
  <testcase classname="fieldServiceFormsTest.PositiveRepairAssessOtherGUITest" name="gUITestRadiobuttonRepairAssessement" time="0.000">
    <skipped/>
  </testcase> <!-- gUITestRadiobuttonRepairAssessement -->
  <system-out/>
  <testcase classname="fieldServiceFormsTest.PositiveRepairAssessOtherGUITest" name="gUITestRadiobuttonRepairAssessement" time="0.000">
    <skipped/>
  </testcase> <!-- gUITestRadiobuttonRepairAssessement -->
  <system-out/>
  <testcase classname="fieldServiceFormsTest.PositiveRepairAssessOtherGUITest" name="gUITestRadiobuttonRepairAssessement" time="0.000">
    <skipped/>
  </testcase> <!-- gUITestRadiobuttonRepairAssessement -->
  <system-out/>
  <testcase classname="fieldServiceFormsTest.PositiveRepairAssessOtherGUITest" name="gUITestRadiobuttonRepairAssessement" time="0.000">
    <skipped/>
  </testcase> <!-- gUITestRadiobuttonRepairAssessement -->
  <system-out/>
  <testcase classname="fieldServiceFormsTest.PositiveRepairAssessOtherGUITest" name="gUITestRadiobuttonRepairAssessement" time="0.000">
    <skipped/>
  </testcase> <!-- gUITestRadiobuttonRepairAssessement -->
  <system-out/>
  <testcase classname="fieldServiceFormsTest.PositiveRepairAssessOtherGUITest" name="gUITestRadiobuttonRepairAssessement" time="0.000">
    <skipped/>
  </testcase> <!-- gUITestRadiobuttonRepairAssessement -->
  <system-out/>
  <testcase classname="fieldServiceFormsTest.PositiveRepairAssessOtherGUITest" name="gUITestRadiobuttonRepairAssessement" time="0.000">
    <skipped/>
  </testcase> <!-- gUITestRadiobuttonRepairAssessement -->
  <system-out/>
  <testcase classname="fieldServiceFormsTest.PositiveRepairAssessOtherGUITest" name="gUITestRadiobuttonRepairAssessement" time="0.000">
    <skipped/>
  </testcase> <!-- gUITestRadiobuttonRepairAssessement -->
  <system-out/>
  <testcase classname="fieldServiceFormsTest.PositiveRepairAssessOtherGUITest" name="gUITestRadiobuttonRepairAssessement" time="0.000">
    <skipped/>
  </testcase> <!-- gUITestRadiobuttonRepairAssessement -->
  <system-out/>
  <testcase classname="fieldServiceFormsTest.PositiveRepairAssessOtherGUITest" name="gUITestRadiobuttonRepairAssessement" time="0.000">
    <skipped/>
  </testcase> <!-- gUITestRadiobuttonRepairAssessement -->
  <system-out/>
  <testcase classname="fieldServiceFormsTest.PositiveRepairAssessOtherGUITest" name="gUITestRadiobuttonRepairAssessement" time="0.000">
    <skipped/>
  </testcase> <!-- gUITestRadiobuttonRepairAssessement -->
  <system-out/>
  <testcase classname="fieldServiceFormsTest.PositiveRepairAssessOtherGUITest" name="gUITestRadiobuttonRepairAssessement" time="0.000">
    <skipped/>
  </testcase> <!-- gUITestRadiobuttonRepairAssessement -->
  <system-out/>
  <testcase classname="fieldServiceFormsTest.PositiveRepairAssessOtherGUITest" name="gUITestRadiobuttonRepairAssessement" time="0.000">
    <skipped/>
  </testcase> <!-- gUITestRadiobuttonRepairAssessement -->
  <system-out/>
  <testcase classname="fieldServiceFormsTest.PositiveRepairAssessOtherGUITest" name="gUITestRadiobuttonRepairAssessement" time="0.000">
    <skipped/>
  </testcase> <!-- gUITestRadiobuttonRepairAssessement -->
  <system-out/>
  <testcase classname="fieldServiceFormsTest.PositiveRepairAssessOtherGUITest" name="gUITestRadiobuttonRepairAssessement" time="0.000">
    <skipped/>
  </testcase> <!-- gUITestRadiobuttonRepairAssessement -->
  <system-out/>
  <testcase classname="fieldServiceFormsTest.PositiveRepairAssessOtherGUITest" name="gUITestRadiobuttonRepairAssessement" time="0.000">
    <skipped/>
  </testcase> <!-- gUITestRadiobuttonRepairAssessement -->
  <system-out/>
  <testcase classname="fieldServiceFormsTest.PositiveRepairAssessOtherGUITest" name="gUITestRadiobuttonRepairAssessement" time="0.000">
    <skipped/>
  </testcase> <!-- gUITestRadiobuttonRepairAssessement -->
  <system-out/>
  <testcase classname="fieldServiceFormsTest.PositiveRepairAssessOtherGUITest" name="gUITestRadiobuttonRepairAssessement" time="0.000">
    <skipped/>
  </testcase> <!-- gUITestRadiobuttonRepairAssessement -->
  <system-out/>
  <testcase classname="fieldServiceFormsTest.PositiveRepairAssessOtherGUITest" name="gUITestRadiobuttonRepairAssessement" time="0.000">
    <skipped/>
  </testcase> <!-- gUITestRadiobuttonRepairAssessement -->
  <system-out/>
  <testcase classname="fieldServiceFormsTest.PositiveRepairAssessOtherGUITest" name="gUITestRadiobuttonRepairAssessement" time="0.000">
    <skipped/>
  </testcase> <!-- gUITestRadiobuttonRepairAssessement -->
  <system-out/>
  <testcase classname="fieldServiceFormsTest.PositiveRepairAssessOtherGUITest" name="gUITestRadiobuttonRepairAssessement" time="0.000">
    <skipped/>
  </testcase> <!-- gUITestRadiobuttonRepairAssessement -->
  <system-out/>
  <testcase classname="fieldServiceFormsTest.PositiveRepairAssessOtherGUITest" name="gUITestRadiobuttonRepairAssessement" time="0.000">
    <skipped/>
  </testcase> <!-- gUITestRadiobuttonRepairAssessement -->
  <system-out/>
  <testcase classname="fieldServiceFormsTest.PositiveRepairAssessOtherGUITest" name="gUITestRadiobuttonRepairAssessement" time="0.000">
    <skipped/>
  </testcase> <!-- gUITestRadiobuttonRepairAssessement -->
  <system-out/>
  <testcase classname="fieldServiceFormsTest.PositiveRepairAssessOtherGUITest" name="gUITestRadiobuttonRepairAssessement" time="0.000">
    <skipped/>
  </testcase> <!-- gUITestRadiobuttonRepairAssessement -->
  <system-out/>
  <testcase classname="fieldServiceFormsTest.PositiveRepairAssessOtherGUITest" name="gUITestRadiobuttonRepairAssessement" time="0.000">
    <skipped/>
  </testcase> <!-- gUITestRadiobuttonRepairAssessement -->
  <system-out/>
  <testcase classname="fieldServiceFormsTest.PositiveRepairAssessOtherGUITest" name="gUITestRadiobuttonRepairAssessement" time="0.000">
    <skipped/>
  </testcase> <!-- gUITestRadiobuttonRepairAssessement -->
  <system-out/>
  <testcase classname="fieldServiceFormsTest.PositiveRepairAssessOtherGUITest" name="gUITestRadiobuttonRepairAssessement" time="0.000">
    <skipped/>
  </testcase> <!-- gUITestRadiobuttonRepairAssessement -->
  <system-out/>
  <testcase classname="fieldServiceFormsTest.PositiveRepairAssessOtherGUITest" name="gUITestRadiobuttonRepairAssessement" time="0.000">
    <skipped/>
  </testcase> <!-- gUITestRadiobuttonRepairAssessement -->
  <system-out/>
  <testcase classname="fieldServiceFormsTest.PositiveRepairAssessOtherGUITest" name="gUITestRadiobuttonRepairAssessement" time="0.000">
    <skipped/>
  </testcase> <!-- gUITestRadiobuttonRepairAssessement -->
  <system-out/>
  <testcase classname="fieldServiceFormsTest.PositiveRepairAssessOtherGUITest" name="gUITestRadiobuttonRepairAssessement" time="0.000">
    <skipped/>
  </testcase> <!-- gUITestRadiobuttonRepairAssessement -->
  <system-out/>
  <testcase classname="fieldServiceFormsTest.PositiveRepairAssessOtherGUITest" name="gUITestRadiobuttonRepairAssessement" time="0.000">
    <skipped/>
  </testcase> <!-- gUITestRadiobuttonRepairAssessement -->
  <system-out/>
  <testcase classname="fieldServiceFormsTest.PositiveRepairAssessOtherGUITest" name="gUITestRadiobuttonRepairAssessement" time="0.000">
    <skipped/>
  </testcase> <!-- gUITestRadiobuttonRepairAssessement -->
  <system-out/>
  <testcase classname="fieldServiceFormsTest.PositiveRepairAssessOtherGUITest" name="gUITestRadiobuttonRepairAssessement" time="0.000">
    <skipped/>
  </testcase> <!-- gUITestRadiobuttonRepairAssessement -->
  <system-out/>
  <testcase classname="fieldServiceFormsTest.PositiveRepairAssessOtherGUITest" name="gUITestRadiobuttonRepairAssessement" time="0.000">
    <skipped/>
  </testcase> <!-- gUITestRadiobuttonRepairAssessement -->
  <system-out/>
  <testcase classname="fieldServiceFormsTest.PositiveRepairAssessOtherGUITest" name="gUITestRadiobuttonRepairAssessement" time="0.000">
    <skipped/>
  </testcase> <!-- gUITestRadiobuttonRepairAssessement -->
  <system-out/>
  <testcase classname="fieldServiceFormsTest.PositiveRepairAssessOtherGUITest" name="gUITestRadiobuttonRepairAssessement" time="0.000">
    <skipped/>
  </testcase> <!-- gUITestRadiobuttonRepairAssessement -->
  <system-out/>
  <testcase classname="fieldServiceFormsTest.PositiveRepairAssessOtherGUITest" name="gUITestRadiobuttonRepairAssessement" time="0.000">
    <skipped/>
  </testcase> <!-- gUITestRadiobuttonRepairAssessement -->
  <system-out/>
  <testcase classname="fieldServiceFormsTest.PositiveRepairAssessOtherGUITest" name="gUITestRadiobuttonRepairAssessement" time="0.000">
    <skipped/>
  </testcase> <!-- gUITestRadiobuttonRepairAssessement -->
  <system-out/>
  <testcase classname="fieldServiceFormsTest.PositiveRepairAssessOtherGUITest" name="gUITestRadiobuttonRepairAssessement" time="0.000">
    <skipped/>
  </testcase> <!-- gUITestRadiobuttonRepairAssessement -->
  <system-out/>
  <testcase classname="fieldServiceFormsTest.PositiveRepairAssessOtherGUITest" name="gUITestRadiobuttonRepairAssessement" time="0.000">
    <skipped/>
  </testcase> <!-- gUITestRadiobuttonRepairAssessement -->
  <system-out/>
  <testcase classname="fieldServiceFormsTest.PositiveRepairAssessOtherGUITest" name="gUITestRadiobuttonRepairAssessement" time="0.000">
    <skipped/>
  </testcase> <!-- gUITestRadiobuttonRepairAssessement -->
  <system-out/>
  <testcase classname="fieldServiceFormsTest.PositiveRepairAssessOtherGUITest" name="gUITestRadiobuttonRepairAssessement" time="0.000">
    <skipped/>
  </testcase> <!-- gUITestRadiobuttonRepairAssessement -->
  <system-out/>
  <testcase classname="fieldServiceFormsTest.PositiveRepairAssessOtherGUITest" name="gUITestRadiobuttonRepairAssessement" time="0.000">
    <skipped/>
  </testcase> <!-- gUITestRadiobuttonRepairAssessement -->
  <system-out/>
  <testcase classname="fieldServiceFormsTest.PositiveRepairAssessOtherGUITest" name="gUITestRadiobuttonRepairAssessement" time="0.000">
    <skipped/>
  </testcase> <!-- gUITestRadiobuttonRepairAssessement -->
  <system-out/>
  <testcase classname="fieldServiceFormsTest.PositiveRepairAssessOtherGUITest" name="gUITestRadiobuttonRepairAssessement" time="0.000">
    <skipped/>
  </testcase> <!-- gUITestRadiobuttonRepairAssessement -->
  <system-out/>
  <testcase classname="fieldServiceFormsTest.PositiveRepairAssessOtherGUITest" name="gUITestRadiobuttonRepairAssessement" time="0.000">
    <skipped/>
  </testcase> <!-- gUITestRadiobuttonRepairAssessement -->
  <system-out/>
  <testcase classname="fieldServiceFormsTest.PositiveRepairAssessOtherGUITest" name="gUITestRadiobuttonRepairAssessement" time="0.000">
    <skipped/>
  </testcase> <!-- gUITestRadiobuttonRepairAssessement -->
  <system-out/>
  <testcase classname="fieldServiceFormsTest.PositiveRepairAssessOtherGUITest" name="gUITestRadiobuttonRepairAssessement" time="0.000">
    <skipped/>
  </testcase> <!-- gUITestRadiobuttonRepairAssessement -->
  <system-out/>
  <testcase classname="fieldServiceFormsTest.PositiveRepairAssessOtherGUITest" name="gUITestRadiobuttonRepairAssessement" time="0.000">
    <skipped/>
  </testcase> <!-- gUITestRadiobuttonRepairAssessement -->
  <system-out/>
  <testcase classname="fieldServiceFormsTest.PositiveRepairAssessOtherGUITest" name="gUITestRadiobuttonRepairAssessement" time="0.000">
    <skipped/>
  </testcase> <!-- gUITestRadiobuttonRepairAssessement -->
  <system-out/>
  <testcase classname="fieldServiceFormsTest.PositiveRepairAssessOtherGUITest" name="gUITestRadiobuttonRepairAssessement" time="0.000">
    <skipped/>
  </testcase> <!-- gUITestRadiobuttonRepairAssessement -->
  <system-out/>
  <testcase classname="fieldServiceFormsTest.PositiveRepairAssessOtherGUITest" name="gUITestRadiobuttonRepairAssessement" time="0.000">
    <skipped/>
  </testcase> <!-- gUITestRadiobuttonRepairAssessement -->
  <system-out/>
  <testcase classname="fieldServiceFormsTest.PositiveRepairAssessOtherGUITest" name="gUITestRadiobuttonRepairAssessement" time="0.000">
    <skipped/>
  </testcase> <!-- gUITestRadiobuttonRepairAssessement -->
  <system-out/>
  <testcase classname="fieldServiceFormsTest.PositiveRepairAssessOtherGUITest" name="gUITestRadiobuttonRepairAssessement" time="0.000">
    <skipped/>
  </testcase> <!-- gUITestRadiobuttonRepairAssessement -->
  <system-out/>
  <testcase classname="fieldServiceFormsTest.PositiveRepairAssessOtherGUITest" name="gUITestRadiobuttonRepairAssessement" time="0.000">
    <skipped/>
  </testcase> <!-- gUITestRadiobuttonRepairAssessement -->
  <system-out/>
  <testcase classname="fieldServiceFormsTest.PositiveRepairAssessOtherGUITest" name="gUITestRadiobuttonRepairAssessement" time="0.000">
    <skipped/>
  </testcase> <!-- gUITestRadiobuttonRepairAssessement -->
  <system-out/>
  <testcase classname="fieldServiceFormsTest.PositiveRepairAssessOtherGUITest" name="gUITestRadiobuttonRepairAssessement" time="0.000">
    <skipped/>
  </testcase> <!-- gUITestRadiobuttonRepairAssessement -->
  <system-out/>
  <testcase classname="fieldServiceFormsTest.PositiveRepairAssessOtherGUITest" name="gUITestRadiobuttonRepairAssessement" time="0.000">
    <skipped/>
  </testcase> <!-- gUITestRadiobuttonRepairAssessement -->
  <system-out/>
  <testcase classname="fieldServiceFormsTest.PositiveRepairAssessOtherGUITest" name="gUITestRadiobuttonRepairAssessement" time="0.000">
    <skipped/>
  </testcase> <!-- gUITestRadiobuttonRepairAssessement -->
  <system-out/>
  <testcase classname="fieldServiceFormsTest.PositiveRepairAssessOtherGUITest" name="gUITestRadiobuttonRepairAssessement" time="0.000">
    <skipped/>
  </testcase> <!-- gUITestRadiobuttonRepairAssessement -->
  <system-out/>
  <testcase classname="fieldServiceFormsTest.PositiveRepairAssessOtherGUITest" name="gUITestRadiobuttonRepairAssessement" time="0.000">
    <skipped/>
  </testcase> <!-- gUITestRadiobuttonRepairAssessement -->
  <system-out/>
  <testcase classname="fieldServiceFormsTest.PositiveRepairAssessOtherGUITest" name="gUITestRadiobuttonRepairAssessement" time="0.000">
    <skipped/>
  </testcase> <!-- gUITestRadiobuttonRepairAssessement -->
  <system-out/>
  <testcase classname="fieldServiceFormsTest.PositiveRepairAssessOtherGUITest" name="gUITestRadiobuttonRepairAssessement" time="0.000">
    <skipped/>
  </testcase> <!-- gUITestRadiobuttonRepairAssessement -->
  <system-out/>
  <testcase classname="fieldServiceFormsTest.PositiveRepairAssessOtherGUITest" name="gUITestRadiobuttonRepairAssessement" time="0.000">
    <skipped/>
  </testcase> <!-- gUITestRadiobuttonRepairAssessement -->
  <system-out/>
  <testcase classname="fieldServiceFormsTest.PositiveRepairAssessOtherGUITest" name="gUITestRadiobuttonRepairAssessement" time="0.000">
    <skipped/>
  </testcase> <!-- gUITestRadiobuttonRepairAssessement -->
  <system-out/>
  <testcase classname="fieldServiceFormsTest.PositiveRepairAssessOtherGUITest" name="gUITestRadiobuttonRepairAssessement" time="0.000">
    <skipped/>
  </testcase> <!-- gUITestRadiobuttonRepairAssessement -->
  <system-out/>
  <testcase classname="fieldServiceFormsTest.PositiveRepairAssessOtherGUITest" name="gUITestRadiobuttonRepairAssessement" time="0.000">
    <skipped/>
  </testcase> <!-- gUITestRadiobuttonRepairAssessement -->
  <system-out/>
  <testcase classname="fieldServiceFormsTest.PositiveRepairAssessOtherGUITest" name="gUITestRadiobuttonRepairAssessement" time="0.000">
    <skipped/>
  </testcase> <!-- gUITestRadiobuttonRepairAssessement -->
  <system-out/>
  <testcase classname="fieldServiceFormsTest.PositiveRepairAssessOtherGUITest" name="gUITestRadiobuttonRepairAssessement" time="0.000">
    <skipped/>
  </testcase> <!-- gUITestRadiobuttonRepairAssessement -->
  <system-out/>
  <testcase classname="fieldServiceFormsTest.PositiveRepairAssessOtherGUITest" name="gUITestRadiobuttonRepairAssessement" time="0.000">
    <skipped/>
  </testcase> <!-- gUITestRadiobuttonRepairAssessement -->
  <system-out/>
  <testcase classname="fieldServiceFormsTest.PositiveRepairAssessOtherGUITest" name="gUITestRadiobuttonRepairAssessement" time="0.000">
    <skipped/>
  </testcase> <!-- gUITestRadiobuttonRepairAssessement -->
  <system-out/>
  <testcase classname="fieldServiceFormsTest.PositiveRepairAssessOtherGUITest" name="gUITestRadiobuttonRepairAssessement" time="0.000">
    <skipped/>
  </testcase> <!-- gUITestRadiobuttonRepairAssessement -->
  <system-out/>
  <testcase classname="fieldServiceFormsTest.PositiveRepairAssessOtherGUITest" name="gUITestRadiobuttonRepairAssessement" time="0.000">
    <skipped/>
  </testcase> <!-- gUITestRadiobuttonRepairAssessement -->
  <system-out/>
  <testcase classname="fieldServiceFormsTest.PositiveRepairAssessOtherGUITest" name="gUITestRadiobuttonRepairAssessement" time="0.000">
    <skipped/>
  </testcase> <!-- gUITestRadiobuttonRepairAssessement -->
  <system-out/>
  <testcase classname="fieldServiceFormsTest.PositiveRepairAssessOtherGUITest" name="gUITestRadiobuttonRepairAssessement" time="0.000">
    <skipped/>
  </testcase> <!-- gUITestRadiobuttonRepairAssessement -->
  <system-out/>
  <testcase classname="fieldServiceFormsTest.PositiveRepairAssessOtherGUITest" name="gUITestRadiobuttonRepairAssessement" time="0.000">
    <skipped/>
  </testcase> <!-- gUITestRadiobuttonRepairAssessement -->
  <system-out/>
  <testcase classname="fieldServiceFormsTest.PositiveRepairAssessOtherGUITest" name="gUITestRadiobuttonRepairAssessement" time="0.000">
    <skipped/>
  </testcase> <!-- gUITestRadiobuttonRepairAssessement -->
  <system-out/>
  <testcase classname="fieldServiceFormsTest.PositiveRepairAssessOtherGUITest" name="gUITestRadiobuttonRepairAssessement" time="0.000">
    <skipped/>
  </testcase> <!-- gUITestRadiobuttonRepairAssessement -->
  <system-out/>
  <testcase classname="fieldServiceFormsTest.PositiveRepairAssessOtherGUITest" name="gUITestRadiobuttonRepairAssessement" time="0.000">
    <skipped/>
  </testcase> <!-- gUITestRadiobuttonRepairAssessement -->
  <system-out/>
  <testcase classname="fieldServiceFormsTest.PositiveRepairAssessOtherGUITest" name="gUITestRadiobuttonRepairAssessement" time="0.000">
    <skipped/>
  </testcase> <!-- gUITestRadiobuttonRepairAssessement -->
  <system-out/>
  <testcase classname="fieldServiceFormsTest.PositiveRepairAssessOtherGUITest" name="gUITestRadiobuttonRepairAssessement" time="0.000">
    <skipped/>
  </testcase> <!-- gUITestRadiobuttonRepairAssessement -->
  <system-out/>
  <testcase classname="fieldServiceFormsTest.PositiveRepairAssessOtherGUITest" name="gUITestRadiobuttonRepairAssessement" time="0.000">
    <skipped/>
  </testcase> <!-- gUITestRadiobuttonRepairAssessement -->
  <system-out/>
  <testcase classname="fieldServiceFormsTest.PositiveRepairAssessOtherGUITest" name="gUITestRadiobuttonRepairAssessement" time="0.000">
    <skipped/>
  </testcase> <!-- gUITestRadiobuttonRepairAssessement -->
  <system-out/>
  <testcase classname="fieldServiceFormsTest.PositiveRepairAssessOtherGUITest" name="gUITestRadiobuttonRepairAssessement" time="0.000">
    <skipped/>
  </testcase> <!-- gUITestRadiobuttonRepairAssessement -->
  <system-out/>
  <testcase classname="fieldServiceFormsTest.PositiveRepairAssessOtherGUITest" name="gUITestRadiobuttonRepairAssessement" time="0.000">
    <skipped/>
  </testcase> <!-- gUITestRadiobuttonRepairAssessement -->
  <system-out/>
  <testcase classname="fieldServiceFormsTest.PositiveRepairAssessOtherGUITest" name="gUITestRadiobuttonRepairAssessement" time="0.000">
    <skipped/>
  </testcase> <!-- gUITestRadiobuttonRepairAssessement -->
  <system-out/>
  <testcase classname="fieldServiceFormsTest.PositiveRepairAssessOtherGUITest" name="gUITestRadiobuttonRepairAssessement" time="0.000">
    <skipped/>
  </testcase> <!-- gUITestRadiobuttonRepairAssessement -->
  <system-out/>
  <testcase classname="fieldServiceFormsTest.PositiveRepairAssessOtherGUITest" name="gUITestRadiobuttonRepairAssessement" time="0.000">
    <skipped/>
  </testcase> <!-- gUITestRadiobuttonRepairAssessement -->
  <system-out/>
  <testcase classname="fieldServiceFormsTest.PositiveRepairAssessOtherGUITest" name="gUITestRadiobuttonRepairAssessement" time="0.000">
    <skipped/>
  </testcase> <!-- gUITestRadiobuttonRepairAssessement -->
  <system-out/>
  <testcase classname="fieldServiceFormsTest.PositiveRepairAssessOtherGUITest" name="gUITestRadiobuttonRepairAssessement" time="0.000">
    <skipped/>
  </testcase> <!-- gUITestRadiobuttonRepairAssessement -->
  <system-out/>
  <testcase classname="fieldServiceFormsTest.PositiveRepairAssessOtherGUITest" name="gUITestRadiobuttonRepairAssessement" time="0.000">
    <skipped/>
  </testcase> <!-- gUITestRadiobuttonRepairAssessement -->
  <system-out/>
  <testcase classname="fieldServiceFormsTest.PositiveRepairAssessOtherGUITest" name="gUITestRadiobuttonRepairAssessement" time="0.000">
    <skipped/>
  </testcase> <!-- gUITestRadiobuttonRepairAssessement -->
  <system-out/>
  <testcase classname="fieldServiceFormsTest.PositiveRepairAssessOtherGUITest" name="gUITestRadiobuttonRepairAssessement" time="0.000">
    <skipped/>
  </testcase> <!-- gUITestRadiobuttonRepairAssessement -->
  <system-out/>
  <testcase classname="fieldServiceFormsTest.PositiveRepairAssessOtherGUITest" name="gUITestRadiobuttonRepairAssessement" time="0.000">
    <skipped/>
  </testcase> <!-- gUITestRadiobuttonRepairAssessement -->
  <system-out/>
  <testcase classname="fieldServiceFormsTest.PositiveRepairAssessOtherGUITest" name="gUITestRadiobuttonRepairAssessement" time="0.000">
    <skipped/>
  </testcase> <!-- gUITestRadiobuttonRepairAssessement -->
  <system-out/>
  <testcase classname="fieldServiceFormsTest.PositiveRepairAssessOtherGUITest" name="gUITestRadiobuttonRepairAssessement" time="0.000">
    <skipped/>
  </testcase> <!-- gUITestRadiobuttonRepairAssessement -->
  <system-out/>
  <testcase classname="fieldServiceFormsTest.PositiveRepairAssessOtherGUITest" name="gUITestRadiobuttonRepairAssessement" time="0.000">
    <skipped/>
  </testcase> <!-- gUITestRadiobuttonRepairAssessement -->
  <system-out/>
  <testcase classname="fieldServiceFormsTest.PositiveRepairAssessOtherGUITest" name="gUITestRadiobuttonRepairAssessement" time="0.000">
    <skipped/>
  </testcase> <!-- gUITestRadiobuttonRepairAssessement -->
  <system-out/>
  <testcase classname="fieldServiceFormsTest.PositiveRepairAssessOtherGUITest" name="gUITestRadiobuttonRepairAssessement" time="0.000">
    <skipped/>
  </testcase> <!-- gUITestRadiobuttonRepairAssessement -->
  <system-out/>
  <testcase classname="fieldServiceFormsTest.PositiveRepairAssessOtherGUITest" name="gUITestRadiobuttonRepairAssessement" time="0.000">
    <skipped/>
  </testcase> <!-- gUITestRadiobuttonRepairAssessement -->
  <system-out/>
  <testcase classname="fieldServiceFormsTest.PositiveRepairAssessOtherGUITest" name="gUITestRadiobuttonRepairAssessement" time="0.000">
    <skipped/>
  </testcase> <!-- gUITestRadiobuttonRepairAssessement -->
  <system-out/>
  <testcase classname="fieldServiceFormsTest.PositiveRepairAssessOtherGUITest" name="gUITestRadiobuttonRepairAssessement" time="0.000">
    <skipped/>
  </testcase> <!-- gUITestRadiobuttonRepairAssessement -->
  <system-out/>
  <testcase classname="fieldServiceFormsTest.PositiveRepairAssessOtherGUITest" name="gUITestRadiobuttonRepairAssessement" time="0.000">
    <skipped/>
  </testcase> <!-- gUITestRadiobuttonRepairAssessement -->
  <system-out/>
  <testcase classname="fieldServiceFormsTest.PositiveRepairAssessOtherGUITest" name="gUITestRadiobuttonRepairAssessement" time="0.000">
    <skipped/>
  </testcase> <!-- gUITestRadiobuttonRepairAssessement -->
  <system-out/>
  <testcase classname="fieldServiceFormsTest.PositiveRepairAssessOtherGUITest" name="gUITestRadiobuttonRepairAssessement" time="0.000">
    <skipped/>
  </testcase> <!-- gUITestRadiobuttonRepairAssessement -->
  <system-out/>
  <testcase classname="fieldServiceFormsTest.PositiveRepairAssessOtherGUITest" name="gUITestRadiobuttonRepairAssessement" time="0.000">
    <skipped/>
  </testcase> <!-- gUITestRadiobuttonRepairAssessement -->
  <system-out/>
  <testcase classname="fieldServiceFormsTest.PositiveRepairAssessOtherGUITest" name="gUITestRadiobuttonRepairAssessement" time="0.000">
    <skipped/>
  </testcase> <!-- gUITestRadiobuttonRepairAssessement -->
  <system-out/>
  <testcase classname="fieldServiceFormsTest.PositiveRepairAssessOtherGUITest" name="gUITestRadiobuttonRepairAssessement" time="0.000">
    <skipped/>
  </testcase> <!-- gUITestRadiobuttonRepairAssessement -->
  <system-out/>
  <testcase classname="fieldServiceFormsTest.PositiveRepairAssessOtherGUITest" name="gUITestRadiobuttonRepairAssessement" time="0.000">
    <skipped/>
  </testcase> <!-- gUITestRadiobuttonRepairAssessement -->
  <system-out/>
  <testcase classname="fieldServiceFormsTest.PositiveRepairAssessOtherGUITest" name="gUITestRadiobuttonRepairAssessement" time="0.000">
    <skipped/>
  </testcase> <!-- gUITestRadiobuttonRepairAssessement -->
  <system-out/>
  <testcase classname="fieldServiceFormsTest.PositiveRepairAssessOtherGUITest" name="gUITestRadiobuttonRepairAssessement" time="0.000">
    <skipped/>
  </testcase> <!-- gUITestRadiobuttonRepairAssessement -->
  <system-out/>
  <testcase classname="fieldServiceFormsTest.PositiveRepairAssessOtherGUITest" name="gUITestRadiobuttonRepairAssessement" time="0.000">
    <skipped/>
  </testcase> <!-- gUITestRadiobuttonRepairAssessement -->
  <system-out/>
  <testcase classname="fieldServiceFormsTest.PositiveRepairAssessOtherGUITest" name="gUITestRadiobuttonRepairAssessement" time="0.000">
    <skipped/>
  </testcase> <!-- gUITestRadiobuttonRepairAssessement -->
  <system-out/>
  <testcase classname="fieldServiceFormsTest.PositiveRepairAssessOtherGUITest" name="gUITestRadiobuttonRepairAssessement" time="0.000">
    <skipped/>
  </testcase> <!-- gUITestRadiobuttonRepairAssessement -->
  <system-out/>
  <testcase classname="fieldServiceFormsTest.PositiveRepairAssessOtherGUITest" name="gUITestRadiobuttonRepairAssessement" time="0.000">
    <skipped/>
  </testcase> <!-- gUITestRadiobuttonRepairAssessement -->
  <system-out/>
  <testcase classname="fieldServiceFormsTest.PositiveRepairAssessOtherGUITest" name="gUITestRadiobuttonRepairAssessement" time="0.000">
    <skipped/>
  </testcase> <!-- gUITestRadiobuttonRepairAssessement -->
  <system-out/>
  <testcase classname="fieldServiceFormsTest.PositiveRepairAssessOtherGUITest" name="gUITestRadiobuttonRepairAssessement" time="0.000">
    <skipped/>
  </testcase> <!-- gUITestRadiobuttonRepairAssessement -->
  <system-out/>
  <testcase classname="fieldServiceFormsTest.PositiveRepairAssessOtherGUITest" name="gUITestRadiobuttonRepairAssessement" time="0.000">
    <skipped/>
  </testcase> <!-- gUITestRadiobuttonRepairAssessement -->
  <system-out/>
  <testcase classname="fieldServiceFormsTest.PositiveRepairAssessOtherGUITest" name="gUITestRadiobuttonRepairAssessement" time="0.000">
    <skipped/>
  </testcase> <!-- gUITestRadiobuttonRepairAssessement -->
  <system-out/>
  <testcase classname="fieldServiceFormsTest.PositiveRepairAssessOtherGUITest" name="gUITestRadiobuttonRepairAssessement" time="0.000">
    <skipped/>
  </testcase> <!-- gUITestRadiobuttonRepairAssessement -->
  <system-out/>
  <testcase classname="fieldServiceFormsTest.PositiveRepairAssessOtherGUITest" name="gUITestRadiobuttonRepairAssessement" time="0.000">
    <skipped/>
  </testcase> <!-- gUITestRadiobuttonRepairAssessement -->
  <system-out/>
  <testcase classname="fieldServiceFormsTest.PositiveRepairAssessOtherGUITest" name="gUITestRadiobuttonRepairAssessement" time="0.000">
    <skipped/>
  </testcase> <!-- gUITestRadiobuttonRepairAssessement -->
  <system-out/>
  <testcase classname="fieldServiceFormsTest.PositiveRepairAssessOtherGUITest" name="gUITestRadiobuttonRepairAssessement" time="0.000">
    <skipped/>
  </testcase> <!-- gUITestRadiobuttonRepairAssessement -->
  <system-out/>
  <testcase classname="fieldServiceFormsTest.PositiveRepairAssessOtherGUITest" name="gUITestRadiobuttonRepairAssessement" time="0.000">
    <skipped/>
  </testcase> <!-- gUITestRadiobuttonRepairAssessement -->
  <system-out/>
  <testcase classname="fieldServiceFormsTest.PositiveRepairAssessOtherGUITest" name="gUITestRadiobuttonRepairAssessement" time="0.000">
    <skipped/>
  </testcase> <!-- gUITestRadiobuttonRepairAssessement -->
  <system-out/>
  <testcase classname="fieldServiceFormsTest.PositiveRepairAssessOtherGUITest" name="gUITestRadiobuttonRepairAssessement" time="0.000">
    <skipped/>
  </testcase> <!-- gUITestRadiobuttonRepairAssessement -->
  <system-out/>
  <testcase classname="fieldServiceFormsTest.PositiveRepairAssessOtherGUITest" name="gUITestRadiobuttonRepairAssessement" time="0.000">
    <skipped/>
  </testcase> <!-- gUITestRadiobuttonRepairAssessement -->
  <system-out/>
  <testcase classname="fieldServiceFormsTest.PositiveRepairAssessOtherGUITest" name="gUITestRadiobuttonRepairAssessement" time="0.000">
    <skipped/>
  </testcase> <!-- gUITestRadiobuttonRepairAssessement -->
  <system-out/>
  <testcase classname="fieldServiceFormsTest.PositiveRepairAssessOtherGUITest" name="gUITestRadiobuttonRepairAssessement" time="0.000">
    <skipped/>
  </testcase> <!-- gUITestRadiobuttonRepairAssessement -->
  <system-out/>
  <testcase classname="fieldServiceFormsTest.PositiveRepairAssessOtherGUITest" name="gUITestRadiobuttonRepairAssessement" time="0.000">
    <skipped/>
  </testcase> <!-- gUITestRadiobuttonRepairAssessement -->
  <system-out/>
  <testcase classname="fieldServiceFormsTest.PositiveRepairAssessOtherGUITest" name="gUITestRadiobuttonRepairAssessement" time="0.000">
    <skipped/>
  </testcase> <!-- gUITestRadiobuttonRepairAssessement -->
  <system-out/>
  <testcase classname="fieldServiceFormsTest.PositiveRepairAssessOtherGUITest" name="gUITestRadiobuttonRepairAssessement" time="0.000">
    <skipped/>
  </testcase> <!-- gUITestRadiobuttonRepairAssessement -->
  <system-out/>
  <testcase classname="fieldServiceFormsTest.PositiveRepairAssessOtherGUITest" name="gUITestRadiobuttonRepairAssessement" time="0.000">
    <skipped/>
  </testcase> <!-- gUITestRadiobuttonRepairAssessement -->
  <system-out/>
  <testcase classname="fieldServiceFormsTest.PositiveRepairAssessOtherGUITest" name="gUITestRadiobuttonRepairAssessement" time="0.000">
    <skipped/>
  </testcase> <!-- gUITestRadiobuttonRepairAssessement -->
  <system-out/>
  <testcase classname="fieldServiceFormsTest.PositiveRepairAssessOtherGUITest" name="gUITestRadiobuttonRepairAssessement" time="0.000">
    <skipped/>
  </testcase> <!-- gUITestRadiobuttonRepairAssessement -->
  <system-out/>
  <testcase classname="fieldServiceFormsTest.PositiveRepairAssessOtherGUITest" name="gUITestRadiobuttonRepairAssessement" time="0.000">
    <skipped/>
  </testcase> <!-- gUITestRadiobuttonRepairAssessement -->
  <system-out/>
  <testcase classname="fieldServiceFormsTest.PositiveRepairAssessOtherGUITest" name="gUITestRadiobuttonRepairAssessement" time="0.000">
    <skipped/>
  </testcase> <!-- gUITestRadiobuttonRepairAssessement -->
  <system-out/>
  <testcase classname="fieldServiceFormsTest.PositiveRepairAssessOtherGUITest" name="gUITestRadiobuttonRepairAssessement" time="0.000">
    <skipped/>
  </testcase> <!-- gUITestRadiobuttonRepairAssessement -->
  <system-out/>
  <testcase classname="fieldServiceFormsTest.PositiveRepairAssessOtherGUITest" name="gUITestRadiobuttonRepairAssessement" time="0.000">
    <skipped/>
  </testcase> <!-- gUITestRadiobuttonRepairAssessement -->
  <system-out/>
  <testcase classname="fieldServiceFormsTest.PositiveRepairAssessOtherGUITest" name="gUITestRadiobuttonRepairAssessement" time="0.000">
    <skipped/>
  </testcase> <!-- gUITestRadiobuttonRepairAssessement -->
  <system-out/>
  <testcase classname="fieldServiceFormsTest.PositiveRepairAssessOtherGUITest" name="gUITestRadiobuttonRepairAssessement" time="0.000">
    <skipped/>
  </testcase> <!-- gUITestRadiobuttonRepairAssessement -->
  <system-out/>
  <testcase classname="fieldServiceFormsTest.PositiveRepairAssessOtherGUITest" name="gUITestRadiobuttonRepairAssessement" time="0.000">
    <skipped/>
  </testcase> <!-- gUITestRadiobuttonRepairAssessement -->
  <system-out/>
  <testcase classname="fieldServiceFormsTest.PositiveRepairAssessOtherGUITest" name="gUITestRadiobuttonRepairAssessement" time="0.000">
    <skipped/>
  </testcase> <!-- gUITestRadiobuttonRepairAssessement -->
  <system-out/>
  <testcase classname="fieldServiceFormsTest.PositiveRepairAssessOtherGUITest" name="gUITestRadiobuttonRepairAssessement" time="0.000">
    <skipped/>
  </testcase> <!-- gUITestRadiobuttonRepairAssessement -->
  <system-out/>
  <testcase classname="fieldServiceFormsTest.PositiveRepairAssessOtherGUITest" name="gUITestRadiobuttonRepairAssessement" time="0.000">
    <skipped/>
  </testcase> <!-- gUITestRadiobuttonRepairAssessement -->
  <system-out/>
  <testcase classname="fieldServiceFormsTest.PositiveRepairAssessOtherGUITest" name="gUITestRadiobuttonRepairAssessement" time="0.000">
    <skipped/>
  </testcase> <!-- gUITestRadiobuttonRepairAssessement -->
  <system-out/>
  <testcase classname="fieldServiceFormsTest.PositiveRepairAssessOtherGUITest" name="gUITestRadiobuttonRepairAssessement" time="0.000">
    <skipped/>
  </testcase> <!-- gUITestRadiobuttonRepairAssessement -->
  <system-out/>
  <testcase classname="fieldServiceFormsTest.PositiveRepairAssessOtherGUITest" name="gUITestRadiobuttonRepairAssessement" time="0.000">
    <skipped/>
  </testcase> <!-- gUITestRadiobuttonRepairAssessement -->
  <system-out/>
  <testcase classname="fieldServiceFormsTest.PositiveRepairAssessOtherGUITest" name="gUITestRadiobuttonRepairAssessement" time="0.000">
    <skipped/>
  </testcase> <!-- gUITestRadiobuttonRepairAssessement -->
  <system-out/>
  <testcase classname="fieldServiceFormsTest.PositiveRepairAssessOtherGUITest" name="gUITestRadiobuttonRepairAssessement" time="0.000">
    <skipped/>
  </testcase> <!-- gUITestRadiobuttonRepairAssessement -->
  <system-out/>
  <testcase classname="fieldServiceFormsTest.PositiveRepairAssessOtherGUITest" name="gUITestRadiobuttonRepairAssessement" time="0.000">
    <skipped/>
  </testcase> <!-- gUITestRadiobuttonRepairAssessement -->
  <system-out/>
  <testcase classname="fieldServiceFormsTest.PositiveRepairAssessOtherGUITest" name="gUITestRadiobuttonRepairAssessement" time="0.000">
    <skipped/>
  </testcase> <!-- gUITestRadiobuttonRepairAssessement -->
  <system-out/>
  <testcase classname="fieldServiceFormsTest.PositiveRepairAssessOtherGUITest" name="gUITestRadiobuttonRepairAssessement" time="0.000">
    <skipped/>
  </testcase> <!-- gUITestRadiobuttonRepairAssessement -->
  <system-out/>
  <testcase classname="fieldServiceFormsTest.PositiveRepairAssessOtherGUITest" name="gUITestRadiobuttonRepairAssessement" time="0.000">
    <skipped/>
  </testcase> <!-- gUITestRadiobuttonRepairAssessement -->
  <system-out/>
  <testcase classname="fieldServiceFormsTest.PositiveRepairAssessOtherGUITest" name="gUITestRadiobuttonRepairAssessement" time="0.000">
    <skipped/>
  </testcase> <!-- gUITestRadiobuttonRepairAssessement -->
  <system-out/>
  <testcase classname="fieldServiceFormsTest.PositiveRepairAssessOtherGUITest" name="gUITestRadiobuttonRepairAssessement" time="0.000">
    <skipped/>
  </testcase> <!-- gUITestRadiobuttonRepairAssessement -->
  <system-out/>
  <testcase classname="fieldServiceFormsTest.PositiveRepairAssessOtherGUITest" name="gUITestRadiobuttonRepairAssessement" time="0.000">
    <skipped/>
  </testcase> <!-- gUITestRadiobuttonRepairAssessement -->
  <system-out/>
  <testcase classname="fieldServiceFormsTest.PositiveRepairAssessOtherGUITest" name="gUITestRadiobuttonRepairAssessement" time="0.000">
    <skipped/>
  </testcase> <!-- gUITestRadiobuttonRepairAssessement -->
  <system-out/>
  <testcase classname="fieldServiceFormsTest.PositiveRepairAssessOtherGUITest" name="gUITestRadiobuttonRepairAssessement" time="0.000">
    <skipped/>
  </testcase> <!-- gUITestRadiobuttonRepairAssessement -->
  <system-out/>
  <testcase classname="fieldServiceFormsTest.PositiveRepairAssessOtherGUITest" name="gUITestRadiobuttonRepairAssessement" time="0.000">
    <skipped/>
  </testcase> <!-- gUITestRadiobuttonRepairAssessement -->
  <system-out/>
  <testcase classname="fieldServiceFormsTest.PositiveRepairAssessOtherGUITest" name="gUITestRadiobuttonRepairAssessement" time="0.000">
    <skipped/>
  </testcase> <!-- gUITestRadiobuttonRepairAssessement -->
  <system-out/>
  <testcase classname="fieldServiceFormsTest.PositiveRepairAssessOtherGUITest" name="gUITestRadiobuttonRepairAssessement" time="0.000">
    <skipped/>
  </testcase> <!-- gUITestRadiobuttonRepairAssessement -->
  <system-out/>
  <testcase classname="fieldServiceFormsTest.PositiveRepairAssessOtherGUITest" name="gUITestRadiobuttonRepairAssessement" time="0.000">
    <skipped/>
  </testcase> <!-- gUITestRadiobuttonRepairAssessement -->
  <system-out/>
  <testcase classname="fieldServiceFormsTest.PositiveRepairAssessOtherGUITest" name="gUITestRadiobuttonRepairAssessement" time="0.000">
    <skipped/>
  </testcase> <!-- gUITestRadiobuttonRepairAssessement -->
  <system-out/>
  <testcase classname="fieldServiceFormsTest.PositiveRepairAssessOtherGUITest" name="gUITestRadiobuttonRepairAssessement" time="0.000">
    <skipped/>
  </testcase> <!-- gUITestRadiobuttonRepairAssessement -->
  <system-out/>
  <testcase classname="fieldServiceFormsTest.PositiveRepairAssessOtherGUITest" name="gUITestRadiobuttonRepairAssessement" time="0.000">
    <skipped/>
  </testcase> <!-- gUITestRadiobuttonRepairAssessement -->
  <system-out/>
  <testcase classname="fieldServiceFormsTest.PositiveRepairAssessOtherGUITest" name="gUITestRadiobuttonRepairAssessement" time="0.000">
    <skipped/>
  </testcase> <!-- gUITestRadiobuttonRepairAssessement -->
  <system-out/>
  <testcase classname="fieldServiceFormsTest.PositiveRepairAssessOtherGUITest" name="gUITestRadiobuttonRepairAssessement" time="0.000">
    <skipped/>
  </testcase> <!-- gUITestRadiobuttonRepairAssessement -->
  <system-out/>
  <testcase classname="fieldServiceFormsTest.PositiveRepairAssessOtherGUITest" name="gUITestRadiobuttonRepairAssessement" time="0.000">
    <skipped/>
  </testcase> <!-- gUITestRadiobuttonRepairAssessement -->
  <system-out/>
  <testcase classname="fieldServiceFormsTest.PositiveRepairAssessOtherGUITest" name="gUITestRadiobuttonRepairAssessement" time="0.000">
    <skipped/>
  </testcase> <!-- gUITestRadiobuttonRepairAssessement -->
  <system-out/>
  <testcase classname="fieldServiceFormsTest.PositiveRepairAssessOtherGUITest" name="gUITestRadiobuttonRepairAssessement" time="0.000">
    <skipped/>
  </testcase> <!-- gUITestRadiobuttonRepairAssessement -->
  <system-out/>
  <testcase classname="fieldServiceFormsTest.PositiveRepairAssessOtherGUITest" name="gUITestRadiobuttonRepairAssessement" time="0.000">
    <skipped/>
  </testcase> <!-- gUITestRadiobuttonRepairAssessement -->
  <system-out/>
  <testcase classname="fieldServiceFormsTest.PositiveRepairAssessOtherGUITest" name="gUITestRadiobuttonRepairAssessement" time="0.000">
    <skipped/>
  </testcase> <!-- gUITestRadiobuttonRepairAssessement -->
  <system-out/>
  <testcase classname="fieldServiceFormsTest.PositiveRepairAssessOtherGUITest" name="gUITestRadiobuttonRepairAssessement" time="0.000">
    <skipped/>
  </testcase> <!-- gUITestRadiobuttonRepairAssessement -->
  <system-out/>
  <testcase classname="fieldServiceFormsTest.PositiveRepairAssessOtherGUITest" name="gUITestRadiobuttonRepairAssessement" time="0.000">
    <skipped/>
  </testcase> <!-- gUITestRadiobuttonRepairAssessement -->
  <system-out/>
  <testcase classname="fieldServiceFormsTest.PositiveRepairAssessOtherGUITest" name="gUITestRadiobuttonRepairAssessement" time="0.000">
    <skipped/>
  </testcase> <!-- gUITestRadiobuttonRepairAssessement -->
  <system-out/>
  <testcase classname="fieldServiceFormsTest.PositiveRepairAssessOtherGUITest" name="gUITestRadiobuttonRepairAssessement" time="0.000">
    <skipped/>
  </testcase> <!-- gUITestRadiobuttonRepairAssessement -->
  <system-out/>
  <testcase classname="fieldServiceFormsTest.PositiveRepairAssessOtherGUITest" name="gUITestRadiobuttonRepairAssessement" time="0.000">
    <skipped/>
  </testcase> <!-- gUITestRadiobuttonRepairAssessement -->
  <system-out/>
  <testcase classname="fieldServiceFormsTest.PositiveRepairAssessOtherGUITest" name="gUITestRadiobuttonRepairAssessement" time="0.000">
    <skipped/>
  </testcase> <!-- gUITestRadiobuttonRepairAssessement -->
  <system-out/>
  <testcase classname="fieldServiceFormsTest.PositiveRepairAssessOtherGUITest" name="gUITestRadiobuttonRepairAssessement" time="0.000">
    <skipped/>
  </testcase> <!-- gUITestRadiobuttonRepairAssessement -->
  <system-out/>
  <testcase classname="fieldServiceFormsTest.PositiveRepairAssessOtherGUITest" name="gUITestRadiobuttonRepairAssessement" time="0.000">
    <skipped/>
  </testcase> <!-- gUITestRadiobuttonRepairAssessement -->
  <system-out/>
  <testcase classname="fieldServiceFormsTest.PositiveRepairAssessOtherGUITest" name="gUITestRadiobuttonRepairAssessement" time="0.000">
    <skipped/>
  </testcase> <!-- gUITestRadiobuttonRepairAssessement -->
  <system-out/>
  <testcase classname="fieldServiceFormsTest.PositiveRepairAssessOtherGUITest" name="gUITestRadiobuttonRepairAssessement" time="0.000">
    <skipped/>
  </testcase> <!-- gUITestRadiobuttonRepairAssessement -->
  <system-out/>
  <testcase classname="fieldServiceFormsTest.PositiveRepairAssessOtherGUITest" name="gUITestRadiobuttonRepairAssessement" time="0.000">
    <skipped/>
  </testcase> <!-- gUITestRadiobuttonRepairAssessement -->
  <system-out/>
  <testcase classname="fieldServiceFormsTest.PositiveRepairAssessOtherGUITest" name="gUITestRadiobuttonRepairAssessement" time="0.000">
    <skipped/>
  </testcase> <!-- gUITestRadiobuttonRepairAssessement -->
  <system-out/>
  <testcase classname="fieldServiceFormsTest.PositiveRepairAssessOtherGUITest" name="gUITestRadiobuttonRepairAssessement" time="0.000">
    <skipped/>
  </testcase> <!-- gUITestRadiobuttonRepairAssessement -->
  <system-out/>
  <testcase classname="fieldServiceFormsTest.PositiveRepairAssessOtherGUITest" name="gUITestRadiobuttonRepairAssessement" time="0.000">
    <skipped/>
  </testcase> <!-- gUITestRadiobuttonRepairAssessement -->
  <system-out/>
  <testcase classname="fieldServiceFormsTest.PositiveRepairAssessOtherGUITest" name="gUITestRadiobuttonRepairAssessement" time="0.000">
    <skipped/>
  </testcase> <!-- gUITestRadiobuttonRepairAssessement -->
  <system-out/>
  <testcase classname="fieldServiceFormsTest.PositiveRepairAssessOtherGUITest" name="gUITestRadiobuttonRepairAssessement" time="0.000">
    <skipped/>
  </testcase> <!-- gUITestRadiobuttonRepairAssessement -->
  <system-out/>
  <testcase classname="fieldServiceFormsTest.PositiveRepairAssessOtherGUITest" name="gUITestRadiobuttonRepairAssessement" time="0.000">
    <skipped/>
  </testcase> <!-- gUITestRadiobuttonRepairAssessement -->
  <system-out/>
  <testcase classname="fieldServiceFormsTest.PositiveRepairAssessOtherGUITest" name="gUITestRadiobuttonRepairAssessement" time="0.000">
    <skipped/>
  </testcase> <!-- gUITestRadiobuttonRepairAssessement -->
  <system-out/>
  <testcase classname="fieldServiceFormsTest.PositiveRepairAssessOtherGUITest" name="gUITestRadiobuttonRepairAssessement" time="0.000">
    <skipped/>
  </testcase> <!-- gUITestRadiobuttonRepairAssessement -->
  <system-out/>
  <testcase classname="fieldServiceFormsTest.PositiveRepairAssessOtherGUITest" name="gUITestRadiobuttonRepairAssessement" time="0.000">
    <skipped/>
  </testcase> <!-- gUITestRadiobuttonRepairAssessement -->
  <system-out/>
  <testcase classname="fieldServiceFormsTest.PositiveRepairAssessOtherGUITest" name="gUITestRadiobuttonRepairAssessement" time="0.000">
    <skipped/>
  </testcase> <!-- gUITestRadiobuttonRepairAssessement -->
  <system-out/>
  <testcase classname="fieldServiceFormsTest.PositiveRepairAssessOtherGUITest" name="gUITestRadiobuttonRepairAssessement" time="0.000">
    <skipped/>
  </testcase> <!-- gUITestRadiobuttonRepairAssessement -->
  <system-out/>
  <testcase classname="fieldServiceFormsTest.PositiveRepairAssessOtherGUITest" name="gUITestRadiobuttonRepairAssessement" time="0.000">
    <skipped/>
  </testcase> <!-- gUITestRadiobuttonRepairAssessement -->
  <system-out/>
  <testcase classname="fieldServiceFormsTest.PositiveRepairAssessOtherGUITest" name="gUITestRadiobuttonRepairAssessement" time="0.000">
    <skipped/>
  </testcase> <!-- gUITestRadiobuttonRepairAssessement -->
  <system-out/>
  <testcase classname="fieldServiceFormsTest.PositiveRepairAssessOtherGUITest" name="gUITestRadiobuttonRepairAssessement" time="0.000">
    <skipped/>
  </testcase> <!-- gUITestRadiobuttonRepairAssessement -->
  <system-out/>
  <testcase classname="fieldServiceFormsTest.PositiveRepairAssessOtherGUITest" name="gUITestRadiobuttonRepairAssessement" time="0.000">
    <skipped/>
  </testcase> <!-- gUITestRadiobuttonRepairAssessement -->
  <system-out/>
  <testcase classname="fieldServiceFormsTest.PositiveRepairAssessOtherGUITest" name="gUITestRadiobuttonRepairAssessement" time="0.000">
    <skipped/>
  </testcase> <!-- gUITestRadiobuttonRepairAssessement -->
  <system-out/>
  <testcase classname="fieldServiceFormsTest.PositiveRepairAssessOtherGUITest" name="gUITestRadiobuttonRepairAssessement" time="0.000">
    <skipped/>
  </testcase> <!-- gUITestRadiobuttonRepairAssessement -->
  <system-out/>
  <testcase classname="fieldServiceFormsTest.PositiveRepairAssessOtherGUITest" name="gUITestRadiobuttonRepairAssessement" time="0.000">
    <skipped/>
  </testcase> <!-- gUITestRadiobuttonRepairAssessement -->
  <system-out/>
  <testcase classname="fieldServiceFormsTest.PositiveRepairAssessOtherGUITest" name="gUITestRadiobuttonRepairAssessement" time="0.000">
    <skipped/>
  </testcase> <!-- gUITestRadiobuttonRepairAssessement -->
  <system-out/>
  <testcase classname="fieldServiceFormsTest.PositiveRepairAssessOtherGUITest" name="gUITestRadiobuttonRepairAssessement" time="0.000">
    <skipped/>
  </testcase> <!-- gUITestRadiobuttonRepairAssessement -->
  <system-out/>
  <testcase classname="fieldServiceFormsTest.PositiveRepairAssessOtherGUITest" name="gUITestRadiobuttonRepairAssessement" time="0.000">
    <skipped/>
  </testcase> <!-- gUITestRadiobuttonRepairAssessement -->
  <system-out/>
  <testcase classname="fieldServiceFormsTest.PositiveRepairAssessOtherGUITest" name="gUITestRadiobuttonRepairAssessement" time="0.000">
    <skipped/>
  </testcase> <!-- gUITestRadiobuttonRepairAssessement -->
  <system-out/>
  <testcase classname="fieldServiceFormsTest.PositiveRepairAssessOtherGUITest" name="gUITestRadiobuttonRepairAssessement" time="0.000">
    <skipped/>
  </testcase> <!-- gUITestRadiobuttonRepairAssessement -->
  <system-out/>
  <testcase classname="fieldServiceFormsTest.PositiveRepairAssessOtherGUITest" name="gUITestRadiobuttonRepairAssessement" time="0.000">
    <skipped/>
  </testcase> <!-- gUITestRadiobuttonRepairAssessement -->
  <system-out/>
  <testcase classname="fieldServiceFormsTest.PositiveRepairAssessOtherGUITest" name="gUITestRadiobuttonRepairAssessement" time="0.000">
    <skipped/>
  </testcase> <!-- gUITestRadiobuttonRepairAssessement -->
  <system-out/>
  <testcase classname="fieldServiceFormsTest.PositiveRepairAssessOtherGUITest" name="gUITestRadiobuttonRepairAssessement" time="0.000">
    <skipped/>
  </testcase> <!-- gUITestRadiobuttonRepairAssessement -->
  <system-out/>
  <testcase classname="fieldServiceFormsTest.PositiveRepairAssessOtherGUITest" name="gUITestRadiobuttonRepairAssessement" time="0.000">
    <skipped/>
  </testcase> <!-- gUITestRadiobuttonRepairAssessement -->
  <system-out/>
  <testcase classname="fieldServiceFormsTest.PositiveRepairAssessOtherGUITest" name="gUITestRadiobuttonRepairAssessement" time="0.000">
    <skipped/>
  </testcase> <!-- gUITestRadiobuttonRepairAssessement -->
  <system-out/>
  <testcase classname="fieldServiceFormsTest.PositiveRepairAssessOtherGUITest" name="gUITestRadiobuttonRepairAssessement" time="0.000">
    <skipped/>
  </testcase> <!-- gUITestRadiobuttonRepairAssessement -->
  <system-out/>
  <testcase classname="fieldServiceFormsTest.PositiveRepairAssessOtherGUITest" name="gUITestRadiobuttonRepairAssessement" time="0.000">
    <skipped/>
  </testcase> <!-- gUITestRadiobuttonRepairAssessement -->
  <system-out/>
  <testcase classname="fieldServiceFormsTest.PositiveRepairAssessOtherGUITest" name="gUITestRadiobuttonRepairAssessement" time="0.000">
    <skipped/>
  </testcase> <!-- gUITestRadiobuttonRepairAssessement -->
  <system-out/>
  <testcase classname="fieldServiceFormsTest.PositiveRepairAssessOtherGUITest" name="gUITestRadiobuttonRepairAssessement" time="0.000">
    <skipped/>
  </testcase> <!-- gUITestRadiobuttonRepairAssessement -->
  <system-out/>
  <testcase classname="fieldServiceFormsTest.PositiveRepairAssessOtherGUITest" name="gUITestRadiobuttonRepairAssessement" time="0.000">
    <skipped/>
  </testcase> <!-- gUITestRadiobuttonRepairAssessement -->
  <system-out/>
  <testcase classname="fieldServiceFormsTest.PositiveRepairAssessOtherGUITest" name="gUITestRadiobuttonRepairAssessement" time="0.000">
    <skipped/>
  </testcase> <!-- gUITestRadiobuttonRepairAssessement -->
  <system-out/>
  <testcase classname="fieldServiceFormsTest.PositiveRepairAssessOtherGUITest" name="gUITestRadiobuttonRepairAssessement" time="0.000">
    <skipped/>
  </testcase> <!-- gUITestRadiobuttonRepairAssessement -->
  <system-out/>
  <testcase classname="fieldServiceFormsTest.PositiveRepairAssessOtherGUITest" name="gUITestRadiobuttonRepairAssessement" time="0.000">
    <skipped/>
  </testcase> <!-- gUITestRadiobuttonRepairAssessement -->
  <system-out/>
  <testcase classname="fieldServiceFormsTest.PositiveRepairAssessOtherGUITest" name="gUITestRadiobuttonRepairAssessement" time="0.000">
    <skipped/>
  </testcase> <!-- gUITestRadiobuttonRepairAssessement -->
  <system-out/>
  <testcase classname="fieldServiceFormsTest.PositiveRepairAssessOtherGUITest" name="gUITestRadiobuttonRepairAssessement" time="0.000">
    <skipped/>
  </testcase> <!-- gUITestRadiobuttonRepairAssessement -->
  <system-out/>
  <testcase classname="fieldServiceFormsTest.PositiveRepairAssessOtherGUITest" name="gUITestRadiobuttonRepairAssessement" time="0.000">
    <skipped/>
  </testcase> <!-- gUITestRadiobuttonRepairAssessement -->
  <system-out/>
  <testcase classname="fieldServiceFormsTest.PositiveRepairAssessOtherGUITest" name="gUITestRadiobuttonRepairAssessement" time="0.000">
    <skipped/>
  </testcase> <!-- gUITestRadiobuttonRepairAssessement -->
  <system-out/>
  <testcase classname="fieldServiceFormsTest.PositiveRepairAssessOtherGUITest" name="gUITestRadiobuttonRepairAssessement" time="0.000">
    <skipped/>
  </testcase> <!-- gUITestRadiobuttonRepairAssessement -->
  <system-out/>
  <testcase classname="fieldServiceFormsTest.PositiveRepairAssessOtherGUITest" name="gUITestRadiobuttonRepairAssessement" time="0.000">
    <skipped/>
  </testcase> <!-- gUITestRadiobuttonRepairAssessement -->
  <system-out/>
  <testcase classname="fieldServiceFormsTest.PositiveRepairAssessOtherGUITest" name="gUITestRadiobuttonRepairAssessement" time="0.000">
    <skipped/>
  </testcase> <!-- gUITestRadiobuttonRepairAssessement -->
  <system-out/>
  <testcase classname="fieldServiceFormsTest.PositiveRepairAssessOtherGUITest" name="gUITestRadiobuttonRepairAssessement" time="0.000">
    <skipped/>
  </testcase> <!-- gUITestRadiobuttonRepairAssessement -->
  <system-out/>
  <testcase classname="fieldServiceFormsTest.PositiveRepairAssessOtherGUITest" name="gUITestRadiobuttonRepairAssessement" time="0.000">
    <skipped/>
  </testcase> <!-- gUITestRadiobuttonRepairAssessement -->
  <system-out/>
  <testcase classname="fieldServiceFormsTest.PositiveRepairAssessOtherGUITest" name="gUITestRadiobuttonRepairAssessement" time="0.000">
    <skipped/>
  </testcase> <!-- gUITestRadiobuttonRepairAssessement -->
  <system-out/>
  <testcase classname="fieldServiceFormsTest.PositiveRepairAssessOtherGUITest" name="gUITestRadiobuttonRepairAssessement" time="0.000">
    <skipped/>
  </testcase> <!-- gUITestRadiobuttonRepairAssessement -->
  <system-out/>
  <testcase classname="fieldServiceFormsTest.PositiveRepairAssessOtherGUITest" name="gUITestRadiobuttonRepairAssessement" time="0.000">
    <skipped/>
  </testcase> <!-- gUITestRadiobuttonRepairAssessement -->
  <system-out/>
  <testcase classname="fieldServiceFormsTest.PositiveRepairAssessOtherGUITest" name="gUITestRadiobuttonRepairAssessement" time="0.000">
    <skipped/>
  </testcase> <!-- gUITestRadiobuttonRepairAssessement -->
  <system-out/>
  <testcase classname="fieldServiceFormsTest.PositiveRepairAssessOtherGUITest" name="gUITestRadiobuttonRepairAssessement" time="0.000">
    <skipped/>
  </testcase> <!-- gUITestRadiobuttonRepairAssessement -->
  <system-out/>
  <testcase classname="fieldServiceFormsTest.PositiveRepairAssessOtherGUITest" name="gUITestRadiobuttonRepairAssessement" time="0.000">
    <skipped/>
  </testcase> <!-- gUITestRadiobuttonRepairAssessement -->
  <system-out/>
  <testcase classname="fieldServiceFormsTest.PositiveRepairAssessOtherGUITest" name="gUITestRadiobuttonRepairAssessement" time="0.000">
    <skipped/>
  </testcase> <!-- gUITestRadiobuttonRepairAssessement -->
  <system-out/>
  <testcase classname="fieldServiceFormsTest.PositiveRepairAssessOtherGUITest" name="gUITestRadiobuttonRepairAssessement" time="0.000">
    <skipped/>
  </testcase> <!-- gUITestRadiobuttonRepairAssessement -->
  <system-out/>
  <testcase classname="fieldServiceFormsTest.PositiveRepairAssessOtherGUITest" name="gUITestRadiobuttonRepairAssessement" time="0.000">
    <skipped/>
  </testcase> <!-- gUITestRadiobuttonRepairAssessement -->
  <system-out/>
  <testcase classname="fieldServiceFormsTest.PositiveRepairAssessOtherGUITest" name="gUITestRadiobuttonRepairAssessement" time="0.000">
    <skipped/>
  </testcase> <!-- gUITestRadiobuttonRepairAssessement -->
  <system-out/>
  <testcase classname="fieldServiceFormsTest.PositiveRepairAssessOtherGUITest" name="gUITestRadiobuttonRepairAssessement" time="0.000">
    <skipped/>
  </testcase> <!-- gUITestRadiobuttonRepairAssessement -->
  <system-out/>
  <testcase classname="fieldServiceFormsTest.PositiveRepairAssessOtherGUITest" name="gUITestRadiobuttonRepairAssessement" time="0.000">
    <skipped/>
  </testcase> <!-- gUITestRadiobuttonRepairAssessement -->
  <system-out/>
  <testcase classname="fieldServiceFormsTest.PositiveRepairAssessOtherGUITest" name="gUITestRadiobuttonRepairAssessement" time="0.000">
    <skipped/>
  </testcase> <!-- gUITestRadiobuttonRepairAssessement -->
  <system-out/>
  <testcase classname="fieldServiceFormsTest.PositiveRepairAssessOtherGUITest" name="gUITestRadiobuttonRepairAssessement" time="0.000">
    <skipped/>
  </testcase> <!-- gUITestRadiobuttonRepairAssessement -->
  <system-out/>
  <testcase classname="fieldServiceFormsTest.PositiveRepairAssessOtherGUITest" name="gUITestRadiobuttonRepairAssessement" time="0.000">
    <skipped/>
  </testcase> <!-- gUITestRadiobuttonRepairAssessement -->
  <system-out/>
  <testcase classname="fieldServiceFormsTest.PositiveRepairAssessOtherGUITest" name="gUITestRadiobuttonRepairAssessement" time="0.000">
    <skipped/>
  </testcase> <!-- gUITestRadiobuttonRepairAssessement -->
  <system-out/>
  <testcase classname="fieldServiceFormsTest.PositiveRepairAssessOtherGUITest" name="gUITestRadiobuttonRepairAssessement" time="0.000">
    <skipped/>
  </testcase> <!-- gUITestRadiobuttonRepairAssessement -->
  <system-out/>
  <testcase classname="fieldServiceFormsTest.PositiveRepairAssessOtherGUITest" name="gUITestRadiobuttonRepairAssessement" time="0.000">
    <skipped/>
  </testcase> <!-- gUITestRadiobuttonRepairAssessement -->
  <system-out/>
  <testcase classname="fieldServiceFormsTest.PositiveRepairAssessOtherGUITest" name="gUITestRadiobuttonRepairAssessement" time="0.000">
    <skipped/>
  </testcase> <!-- gUITestRadiobuttonRepairAssessement -->
  <system-out/>
  <testcase classname="fieldServiceFormsTest.PositiveRepairAssessOtherGUITest" name="gUITestRadiobuttonRepairAssessement" time="0.000">
    <skipped/>
  </testcase> <!-- gUITestRadiobuttonRepairAssessement -->
  <system-out/>
  <testcase classname="fieldServiceFormsTest.PositiveRepairAssessOtherGUITest" name="gUITestRadiobuttonRepairAssessement" time="0.000">
    <skipped/>
  </testcase> <!-- gUITestRadiobuttonRepairAssessement -->
  <system-out/>
  <testcase classname="fieldServiceFormsTest.PositiveRepairAssessOtherGUITest" name="gUITestRadiobuttonRepairAssessement" time="0.000">
    <skipped/>
  </testcase> <!-- gUITestRadiobuttonRepairAssessement -->
  <system-out/>
  <testcase classname="fieldServiceFormsTest.PositiveRepairAssessOtherGUITest" name="gUITestRadiobuttonRepairAssessement" time="0.000">
    <skipped/>
  </testcase> <!-- gUITestRadiobuttonRepairAssessement -->
  <system-out/>
  <testcase classname="fieldServiceFormsTest.PositiveRepairAssessOtherGUITest" name="gUITestRadiobuttonRepairAssessement" time="0.000">
    <skipped/>
  </testcase> <!-- gUITestRadiobuttonRepairAssessement -->
  <system-out/>
  <testcase classname="fieldServiceFormsTest.PositiveRepairAssessOtherGUITest" name="gUITestRadiobuttonRepairAssessement" time="0.000">
    <skipped/>
  </testcase> <!-- gUITestRadiobuttonRepairAssessement -->
  <system-out/>
  <testcase classname="fieldServiceFormsTest.PositiveRepairAssessOtherGUITest" name="gUITestRadiobuttonRepairAssessement" time="0.000">
    <skipped/>
  </testcase> <!-- gUITestRadiobuttonRepairAssessement -->
  <system-out/>
  <testcase classname="fieldServiceFormsTest.PositiveRepairAssessOtherGUITest" name="gUITestRadiobuttonRepairAssessement" time="0.000">
    <skipped/>
  </testcase> <!-- gUITestRadiobuttonRepairAssessement -->
  <system-out/>
  <testcase classname="fieldServiceFormsTest.PositiveRepairAssessOtherGUITest" name="gUITestRadiobuttonRepairAssessement" time="0.000">
    <skipped/>
  </testcase> <!-- gUITestRadiobuttonRepairAssessement -->
  <system-out/>
  <testcase classname="fieldServiceFormsTest.PositiveRepairAssessOtherGUITest" name="gUITestRadiobuttonRepairAssessement" time="0.000">
    <skipped/>
  </testcase> <!-- gUITestRadiobuttonRepairAssessement -->
  <system-out/>
  <testcase classname="fieldServiceFormsTest.PositiveRepairAssessOtherGUITest" name="gUITestRadiobuttonRepairAssessement" time="0.000">
    <skipped/>
  </testcase> <!-- gUITestRadiobuttonRepairAssessement -->
  <system-out/>
  <testcase classname="fieldServiceFormsTest.PositiveRepairAssessOtherGUITest" name="gUITestRadiobuttonRepairAssessement" time="0.000">
    <skipped/>
  </testcase> <!-- gUITestRadiobuttonRepairAssessement -->
  <system-out/>
  <testcase classname="fieldServiceFormsTest.PositiveRepairAssessOtherGUITest" name="gUITestRadiobuttonRepairAssessement" time="0.000">
    <skipped/>
  </testcase> <!-- gUITestRadiobuttonRepairAssessement -->
  <system-out/>
  <testcase classname="fieldServiceFormsTest.PositiveRepairAssessOtherGUITest" name="gUITestRadiobuttonRepairAssessement" time="0.000">
    <skipped/>
  </testcase> <!-- gUITestRadiobuttonRepairAssessement -->
  <system-out/>
  <testcase classname="fieldServiceFormsTest.PositiveRepairAssessOtherGUITest" name="gUITestRadiobuttonRepairAssessement" time="0.000">
    <skipped/>
  </testcase> <!-- gUITestRadiobuttonRepairAssessement -->
  <system-out/>
  <testcase classname="fieldServiceFormsTest.PositiveRepairAssessOtherGUITest" name="gUITestRadiobuttonRepairAssessement" time="0.000">
    <skipped/>
  </testcase> <!-- gUITestRadiobuttonRepairAssessement -->
  <system-out/>
  <testcase classname="fieldServiceFormsTest.PositiveRepairAssessOtherGUITest" name="gUITestRadiobuttonRepairAssessement" time="0.000">
    <skipped/>
  </testcase> <!-- gUITestRadiobuttonRepairAssessement -->
  <system-out/>
  <testcase classname="fieldServiceFormsTest.PositiveRepairAssessOtherGUITest" name="gUITestRadiobuttonRepairAssessement" time="0.000">
    <skipped/>
  </testcase> <!-- gUITestRadiobuttonRepairAssessement -->
  <system-out/>
  <testcase classname="fieldServiceFormsTest.PositiveRepairAssessOtherGUITest" name="gUITestRadiobuttonRepairAssessement" time="0.000">
    <skipped/>
  </testcase> <!-- gUITestRadiobuttonRepairAssessement -->
  <system-out/>
  <testcase classname="fieldServiceFormsTest.PositiveRepairAssessOtherGUITest" name="gUITestRadiobuttonRepairAssessement" time="0.000">
    <skipped/>
  </testcase> <!-- gUITestRadiobuttonRepairAssessement -->
  <system-out/>
  <testcase classname="fieldServiceFormsTest.PositiveRepairAssessOtherGUITest" name="gUITestRadiobuttonRepairAssessement" time="0.000">
    <skipped/>
  </testcase> <!-- gUITestRadiobuttonRepairAssessement -->
  <system-out/>
  <testcase classname="fieldServiceFormsTest.PositiveRepairAssessOtherGUITest" name="gUITestRadiobuttonRepairAssessement" time="0.000">
    <skipped/>
  </testcase> <!-- gUITestRadiobuttonRepairAssessement -->
  <system-out/>
  <testcase classname="fieldServiceFormsTest.PositiveRepairAssessOtherGUITest" name="gUITestRadiobuttonRepairAssessement" time="0.000">
    <skipped/>
  </testcase> <!-- gUITestRadiobuttonRepairAssessement -->
  <system-out/>
  <testcase classname="fieldServiceFormsTest.PositiveRepairAssessOtherGUITest" name="gUITestRadiobuttonRepairAssessement" time="0.000">
    <skipped/>
  </testcase> <!-- gUITestRadiobuttonRepairAssessement -->
  <system-out/>
  <testcase classname="fieldServiceFormsTest.PositiveRepairAssessOtherGUITest" name="gUITestRadiobuttonRepairAssessement" time="0.000">
    <skipped/>
  </testcase> <!-- gUITestRadiobuttonRepairAssessement -->
  <system-out/>
  <testcase classname="fieldServiceFormsTest.PositiveRepairAssessOtherGUITest" name="gUITestRadiobuttonRepairAssessement" time="0.000">
    <skipped/>
  </testcase> <!-- gUITestRadiobuttonRepairAssessement -->
  <system-out/>
  <testcase classname="fieldServiceFormsTest.PositiveRepairAssessOtherGUITest" name="gUITestRadiobuttonRepairAssessement" time="0.000">
    <skipped/>
  </testcase> <!-- gUITestRadiobuttonRepairAssessement -->
  <system-out/>
  <testcase classname="fieldServiceFormsTest.PositiveRepairAssessOtherGUITest" name="gUITestRadiobuttonRepairAssessement" time="0.000">
    <skipped/>
  </testcase> <!-- gUITestRadiobuttonRepairAssessement -->
  <system-out/>
  <testcase classname="fieldServiceFormsTest.PositiveRepairAssessOtherGUITest" name="gUITestRadiobuttonRepairAssessement" time="0.000">
    <skipped/>
  </testcase> <!-- gUITestRadiobuttonRepairAssessement -->
  <system-out/>
  <testcase classname="fieldServiceFormsTest.PositiveRepairAssessOtherGUITest" name="gUITestRadiobuttonRepairAssessement" time="0.000">
    <skipped/>
  </testcase> <!-- gUITestRadiobuttonRepairAssessement -->
  <system-out/>
  <testcase classname="fieldServiceFormsTest.PositiveRepairAssessOtherGUITest" name="gUITestRadiobuttonRepairAssessement" time="0.000">
    <skipped/>
  </testcase> <!-- gUITestRadiobuttonRepairAssessement -->
  <system-out/>
  <testcase classname="fieldServiceFormsTest.PositiveRepairAssessOtherGUITest" name="gUITestRadiobuttonRepairAssessement" time="0.000">
    <skipped/>
  </testcase> <!-- gUITestRadiobuttonRepairAssessement -->
  <system-out/>
  <testcase classname="fieldServiceFormsTest.PositiveRepairAssessOtherGUITest" name="gUITestRadiobuttonRepairAssessement" time="0.000">
    <skipped/>
  </testcase> <!-- gUITestRadiobuttonRepairAssessement -->
  <system-out/>
  <testcase classname="fieldServiceFormsTest.PositiveRepairAssessOtherGUITest" name="gUITestRadiobuttonRepairAssessement" time="0.000">
    <skipped/>
  </testcase> <!-- gUITestRadiobuttonRepairAssessement -->
  <system-out/>
  <testcase classname="fieldServiceFormsTest.PositiveRepairAssessOtherGUITest" name="gUITestRadiobuttonRepairAssessement" time="0.000">
    <skipped/>
  </testcase> <!-- gUITestRadiobuttonRepairAssessement -->
  <system-out/>
  <testcase classname="fieldServiceFormsTest.PositiveRepairAssessOtherGUITest" name="gUITestRadiobuttonRepairAssessement" time="0.000">
    <skipped/>
  </testcase> <!-- gUITestRadiobuttonRepairAssessement -->
  <system-out/>
  <testcase classname="fieldServiceFormsTest.PositiveRepairAssessOtherGUITest" name="gUITestRadiobuttonRepairAssessement" time="0.000">
    <skipped/>
  </testcase> <!-- gUITestRadiobuttonRepairAssessement -->
  <system-out/>
  <testcase classname="fieldServiceFormsTest.PositiveRepairAssessOtherGUITest" name="gUITestRadiobuttonRepairAssessement" time="0.000">
    <skipped/>
  </testcase> <!-- gUITestRadiobuttonRepairAssessement -->
  <system-out/>
  <testcase classname="fieldServiceFormsTest.PositiveRepairAssessOtherGUITest" name="gUITestRadiobuttonRepairAssessement" time="0.000">
    <skipped/>
  </testcase> <!-- gUITestRadiobuttonRepairAssessement -->
  <system-out/>
  <testcase classname="fieldServiceFormsTest.PositiveRepairAssessOtherGUITest" name="gUITestRadiobuttonRepairAssessement" time="0.000">
    <skipped/>
  </testcase> <!-- gUITestRadiobuttonRepairAssessement -->
  <system-out/>
  <testcase classname="fieldServiceFormsTest.PositiveRepairAssessOtherGUITest" name="gUITestRadiobuttonRepairAssessement" time="0.000">
    <skipped/>
  </testcase> <!-- gUITestRadiobuttonRepairAssessement -->
  <system-out/>
  <testcase classname="fieldServiceFormsTest.PositiveRepairAssessOtherGUITest" name="gUITestRadiobuttonRepairAssessement" time="0.000">
    <skipped/>
  </testcase> <!-- gUITestRadiobuttonRepairAssessement -->
  <system-out/>
  <testcase classname="fieldServiceFormsTest.PositiveRepairAssessOtherGUITest" name="gUITestRadiobuttonRepairAssessement" time="0.000">
    <skipped/>
  </testcase> <!-- gUITestRadiobuttonRepairAssessement -->
  <system-out/>
  <testcase classname="fieldServiceFormsTest.PositiveRepairAssessOtherGUITest" name="gUITestRadiobuttonRepairAssessement" time="0.000">
    <skipped/>
  </testcase> <!-- gUITestRadiobuttonRepairAssessement -->
  <system-out/>
  <testcase classname="fieldServiceFormsTest.PositiveRepairAssessOtherGUITest" name="gUITestRadiobuttonRepairAssessement" time="0.000">
    <skipped/>
  </testcase> <!-- gUITestRadiobuttonRepairAssessement -->
  <system-out/>
  <testcase classname="fieldServiceFormsTest.PositiveRepairAssessOtherGUITest" name="gUITestRadiobuttonRepairAssessement" time="0.000">
    <skipped/>
  </testcase> <!-- gUITestRadiobuttonRepairAssessement -->
  <system-out/>
  <testcase classname="fieldServiceFormsTest.PositiveRepairAssessOtherGUITest" name="gUITestRadiobuttonRepairAssessement" time="0.000">
    <skipped/>
  </testcase> <!-- gUITestRadiobuttonRepairAssessement -->
  <system-out/>
  <testcase classname="fieldServiceFormsTest.PositiveRepairAssessOtherGUITest" name="gUITestRadiobuttonRepairAssessement" time="0.000">
    <skipped/>
  </testcase> <!-- gUITestRadiobuttonRepairAssessement -->
  <system-out/>
  <testcase classname="fieldServiceFormsTest.PositiveRepairAssessOtherGUITest" name="gUITestRadiobuttonRepairAssessement" time="0.000">
    <skipped/>
  </testcase> <!-- gUITestRadiobuttonRepairAssessement -->
  <system-out/>
  <testcase classname="fieldServiceFormsTest.PositiveRepairAssessOtherGUITest" name="gUITestRadiobuttonRepairAssessement" time="0.000">
    <skipped/>
  </testcase> <!-- gUITestRadiobuttonRepairAssessement -->
  <system-out/>
  <testcase classname="fieldServiceFormsTest.PositiveRepairAssessOtherGUITest" name="gUITestRadiobuttonRepairAssessement" time="0.000">
    <skipped/>
  </testcase> <!-- gUITestRadiobuttonRepairAssessement -->
  <system-out/>
  <testcase classname="fieldServiceFormsTest.PositiveRepairAssessOtherGUITest" name="gUITestRadiobuttonRepairAssessement" time="0.000">
    <skipped/>
  </testcase> <!-- gUITestRadiobuttonRepairAssessement -->
  <system-out/>
  <testcase classname="fieldServiceFormsTest.PositiveRepairAssessOtherGUITest" name="gUITestRadiobuttonRepairAssessement" time="0.000">
    <skipped/>
  </testcase> <!-- gUITestRadiobuttonRepairAssessement -->
  <system-out/>
  <testcase classname="fieldServiceFormsTest.PositiveRepairAssessOtherGUITest" name="gUITestRadiobuttonRepairAssessement" time="0.000">
    <skipped/>
  </testcase> <!-- gUITestRadiobuttonRepairAssessement -->
  <system-out/>
  <testcase classname="fieldServiceFormsTest.PositiveRepairAssessOtherGUITest" name="gUITestRadiobuttonRepairAssessement" time="0.000">
    <skipped/>
  </testcase> <!-- gUITestRadiobuttonRepairAssessement -->
  <system-out/>
  <testcase classname="fieldServiceFormsTest.PositiveRepairAssessOtherGUITest" name="gUITestRadiobuttonRepairAssessement" time="0.000">
    <skipped/>
  </testcase> <!-- gUITestRadiobuttonRepairAssessement -->
  <system-out/>
  <testcase classname="fieldServiceFormsTest.PositiveRepairAssessOtherGUITest" name="gUITestRadiobuttonRepairAssessement" time="0.000">
    <skipped/>
  </testcase> <!-- gUITestRadiobuttonRepairAssessement -->
  <system-out/>
  <testcase classname="fieldServiceFormsTest.PositiveRepairAssessOtherGUITest" name="gUITestRadiobuttonRepairAssessement" time="0.000">
    <skipped/>
  </testcase> <!-- gUITestRadiobuttonRepairAssessement -->
  <system-out/>
  <testcase classname="fieldServiceFormsTest.PositiveRepairAssessOtherGUITest" name="gUITestRadiobuttonRepairAssessement" time="0.000">
    <skipped/>
  </testcase> <!-- gUITestRadiobuttonRepairAssessement -->
  <system-out/>
  <testcase classname="fieldServiceFormsTest.PositiveRepairAssessOtherGUITest" name="gUITestRadiobuttonRepairAssessement" time="0.000">
    <skipped/>
  </testcase> <!-- gUITestRadiobuttonRepairAssessement -->
  <system-out/>
  <testcase classname="fieldServiceFormsTest.PositiveRepairAssessOtherGUITest" name="gUITestRadiobuttonRepairAssessement" time="0.000">
    <skipped/>
  </testcase> <!-- gUITestRadiobuttonRepairAssessement -->
  <system-out/>
  <testcase classname="fieldServiceFormsTest.PositiveRepairAssessOtherGUITest" name="gUITestRadiobuttonRepairAssessement" time="0.000">
    <skipped/>
  </testcase> <!-- gUITestRadiobuttonRepairAssessement -->
  <system-out/>
  <testcase classname="fieldServiceFormsTest.PositiveRepairAssessOtherGUITest" name="gUITestRadiobuttonRepairAssessement" time="0.000">
    <skipped/>
  </testcase> <!-- gUITestRadiobuttonRepairAssessement -->
  <system-out/>
  <testcase classname="fieldServiceFormsTest.PositiveRepairAssessOtherGUITest" name="gUITestRadiobuttonRepairAssessement" time="0.000">
    <skipped/>
  </testcase> <!-- gUITestRadiobuttonRepairAssessement -->
  <system-out/>
  <testcase classname="fieldServiceFormsTest.PositiveRepairAssessOtherGUITest" name="gUITestRadiobuttonRepairAssessement" time="0.000">
    <skipped/>
  </testcase> <!-- gUITestRadiobuttonRepairAssessement -->
  <system-out/>
  <testcase classname="fieldServiceFormsTest.PositiveRepairAssessOtherGUITest" name="gUITestRadiobuttonRepairAssessement" time="0.000">
    <skipped/>
  </testcase> <!-- gUITestRadiobuttonRepairAssessement -->
  <system-out/>
  <testcase classname="fieldServiceFormsTest.PositiveRepairAssessOtherGUITest" name="gUITestRadiobuttonRepairAssessement" time="0.000">
    <skipped/>
  </testcase> <!-- gUITestRadiobuttonRepairAssessement -->
  <system-out/>
  <testcase classname="fieldServiceFormsTest.PositiveRepairAssessOtherGUITest" name="gUITestRadiobuttonRepairAssessement" time="0.000">
    <skipped/>
  </testcase> <!-- gUITestRadiobuttonRepairAssessement -->
  <system-out/>
  <testcase classname="fieldServiceFormsTest.PositiveRepairAssessOtherGUITest" name="gUITestRadiobuttonRepairAssessement" time="0.000">
    <skipped/>
  </testcase> <!-- gUITestRadiobuttonRepairAssessement -->
  <system-out/>
  <testcase classname="fieldServiceFormsTest.PositiveRepairAssessOtherGUITest" name="gUITestRadiobuttonRepairAssessement" time="0.000">
    <skipped/>
  </testcase> <!-- gUITestRadiobuttonRepairAssessement -->
  <system-out/>
  <testcase classname="fieldServiceFormsTest.PositiveRepairAssessOtherGUITest" name="gUITestRadiobuttonRepairAssessement" time="0.000">
    <skipped/>
  </testcase> <!-- gUITestRadiobuttonRepairAssessement -->
  <system-out/>
  <testcase classname="fieldServiceFormsTest.PositiveRepairAssessOtherGUITest" name="gUITestRadiobuttonRepairAssessement" time="0.000">
    <skipped/>
  </testcase> <!-- gUITestRadiobuttonRepairAssessement -->
  <system-out/>
  <testcase classname="fieldServiceFormsTest.PositiveRepairAssessOtherGUITest" name="gUITestRadiobuttonRepairAssessement" time="0.000">
    <skipped/>
  </testcase> <!-- gUITestRadiobuttonRepairAssessement -->
  <system-out/>
  <testcase classname="fieldServiceFormsTest.PositiveRepairAssessOtherGUITest" name="gUITestRadiobuttonRepairAssessement" time="0.000">
    <skipped/>
  </testcase> <!-- gUITestRadiobuttonRepairAssessement -->
  <system-out/>
  <testcase classname="fieldServiceFormsTest.PositiveRepairAssessOtherGUITest" name="gUITestRadiobuttonRepairAssessement" time="0.000">
    <skipped/>
  </testcase> <!-- gUITestRadiobuttonRepairAssessement -->
  <system-out/>
  <testcase classname="fieldServiceFormsTest.PositiveRepairAssessOtherGUITest" name="gUITestRadiobuttonRepairAssessement" time="0.000">
    <skipped/>
  </testcase> <!-- gUITestRadiobuttonRepairAssessement -->
  <system-out/>
  <testcase classname="fieldServiceFormsTest.PositiveRepairAssessOtherGUITest" name="gUITestRadiobuttonRepairAssessement" time="0.000">
    <skipped/>
  </testcase> <!-- gUITestRadiobuttonRepairAssessement -->
  <system-out/>
  <testcase classname="fieldServiceFormsTest.PositiveRepairAssessOtherGUITest" name="gUITestRadiobuttonRepairAssessement" time="0.000">
    <skipped/>
  </testcase> <!-- gUITestRadiobuttonRepairAssessement -->
  <system-out/>
  <testcase classname="fieldServiceFormsTest.PositiveRepairAssessOtherGUITest" name="gUITestRadiobuttonRepairAssessement" time="0.000">
    <skipped/>
  </testcase> <!-- gUITestRadiobuttonRepairAssessement -->
  <system-out/>
  <testcase classname="fieldServiceFormsTest.PositiveRepairAssessOtherGUITest" name="gUITestRadiobuttonRepairAssessement" time="0.000">
    <skipped/>
  </testcase> <!-- gUITestRadiobuttonRepairAssessement -->
  <system-out/>
  <testcase classname="fieldServiceFormsTest.PositiveRepairAssessOtherGUITest" name="gUITestRadiobuttonRepairAssessement" time="0.000">
    <skipped/>
  </testcase> <!-- gUITestRadiobuttonRepairAssessement -->
  <system-out/>
  <testcase classname="fieldServiceFormsTest.PositiveRepairAssessOtherGUITest" name="gUITestRadiobuttonRepairAssessement" time="0.000">
    <skipped/>
  </testcase> <!-- gUITestRadiobuttonRepairAssessement -->
  <system-out/>
  <testcase classname="fieldServiceFormsTest.PositiveRepairAssessOtherGUITest" name="gUITestRadiobuttonRepairAssessement" time="0.000">
    <skipped/>
  </testcase> <!-- gUITestRadiobuttonRepairAssessement -->
  <system-out/>
  <testcase classname="fieldServiceFormsTest.PositiveRepairAssessOtherGUITest" name="gUITestRadiobuttonRepairAssessement" time="0.000">
    <skipped/>
  </testcase> <!-- gUITestRadiobuttonRepairAssessement -->
  <system-out/>
  <testcase classname="fieldServiceFormsTest.PositiveRepairAssessOtherGUITest" name="gUITestRadiobuttonRepairAssessement" time="0.000">
    <skipped/>
  </testcase> <!-- gUITestRadiobuttonRepairAssessement -->
  <system-out/>
  <testcase classname="fieldServiceFormsTest.PositiveRepairAssessOtherGUITest" name="gUITestRadiobuttonRepairAssessement" time="0.000">
    <skipped/>
  </testcase> <!-- gUITestRadiobuttonRepairAssessement -->
  <system-out/>
  <testcase classname="fieldServiceFormsTest.PositiveRepairAssessOtherGUITest" name="gUITestRadiobuttonRepairAssessement" time="0.000">
    <skipped/>
  </testcase> <!-- gUITestRadiobuttonRepairAssessement -->
  <system-out/>
  <testcase classname="fieldServiceFormsTest.PositiveRepairAssessOtherGUITest" name="gUITestRadiobuttonRepairAssessement" time="0.000">
    <skipped/>
  </testcase> <!-- gUITestRadiobuttonRepairAssessement -->
  <system-out/>
  <testcase classname="fieldServiceFormsTest.PositiveRepairAssessOtherGUITest" name="gUITestRadiobuttonRepairAssessement" time="0.000">
    <skipped/>
  </testcase> <!-- gUITestRadiobuttonRepairAssessement -->
  <system-out/>
  <testcase classname="fieldServiceFormsTest.PositiveRepairAssessOtherGUITest" name="gUITestRadiobuttonRepairAssessement" time="0.000">
    <skipped/>
  </testcase> <!-- gUITestRadiobuttonRepairAssessement -->
  <system-out/>
  <testcase classname="fieldServiceFormsTest.PositiveRepairAssessOtherGUITest" name="gUITestRadiobuttonRepairAssessement" time="0.000">
    <skipped/>
  </testcase> <!-- gUITestRadiobuttonRepairAssessement -->
  <system-out/>
  <testcase classname="fieldServiceFormsTest.PositiveRepairAssessOtherGUITest" name="gUITestRadiobuttonRepairAssessement" time="0.000">
    <skipped/>
  </testcase> <!-- gUITestRadiobuttonRepairAssessement -->
  <system-out/>
  <testcase classname="fieldServiceFormsTest.PositiveRepairAssessOtherGUITest" name="gUITestRadiobuttonRepairAssessement" time="0.000">
    <skipped/>
  </testcase> <!-- gUITestRadiobuttonRepairAssessement -->
  <system-out/>
  <testcase classname="fieldServiceFormsTest.PositiveRepairAssessOtherGUITest" name="gUITestRadiobuttonRepairAssessement" time="0.000">
    <skipped/>
  </testcase> <!-- gUITestRadiobuttonRepairAssessement -->
  <system-out/>
  <testcase classname="fieldServiceFormsTest.PositiveRepairAssessOtherGUITest" name="gUITestRadiobuttonRepairAssessement" time="0.000">
    <skipped/>
  </testcase> <!-- gUITestRadiobuttonRepairAssessement -->
  <system-out/>
  <testcase classname="fieldServiceFormsTest.PositiveRepairAssessOtherGUITest" name="gUITestRadiobuttonRepairAssessement" time="0.000">
    <skipped/>
  </testcase> <!-- gUITestRadiobuttonRepairAssessement -->
  <system-out/>
  <testcase classname="fieldServiceFormsTest.PositiveRepairAssessOtherGUITest" name="gUITestRadiobuttonRepairAssessement" time="0.000">
    <skipped/>
  </testcase> <!-- gUITestRadiobuttonRepairAssessement -->
  <system-out/>
  <testcase classname="fieldServiceFormsTest.PositiveRepairAssessOtherGUITest" name="gUITestRadiobuttonRepairAssessement" time="0.000">
    <skipped/>
  </testcase> <!-- gUITestRadiobuttonRepairAssessement -->
  <system-out/>
  <testcase classname="fieldServiceFormsTest.PositiveRepairAssessOtherGUITest" name="gUITestRadiobuttonRepairAssessement" time="0.000">
    <skipped/>
  </testcase> <!-- gUITestRadiobuttonRepairAssessement -->
  <system-out/>
  <testcase classname="fieldServiceFormsTest.PositiveRepairAssessOtherGUITest" name="gUITestRadiobuttonRepairAssessement" time="0.000">
    <skipped/>
  </testcase> <!-- gUITestRadiobuttonRepairAssessement -->
  <system-out/>
  <testcase classname="fieldServiceFormsTest.PositiveRepairAssessOtherGUITest" name="gUITestRadiobuttonRepairAssessement" time="0.000">
    <skipped/>
  </testcase> <!-- gUITestRadiobuttonRepairAssessement -->
  <system-out/>
  <testcase classname="fieldServiceFormsTest.PositiveRepairAssessOtherGUITest" name="gUITestRadiobuttonRepairAssessement" time="0.000">
    <skipped/>
  </testcase> <!-- gUITestRadiobuttonRepairAssessement -->
  <system-out/>
  <testcase classname="fieldServiceFormsTest.PositiveRepairAssessOtherGUITest" name="gUITestRadiobuttonRepairAssessement" time="0.000">
    <skipped/>
  </testcase> <!-- gUITestRadiobuttonRepairAssessement -->
  <system-out/>
  <testcase classname="fieldServiceFormsTest.PositiveRepairAssessOtherGUITest" name="gUITestRadiobuttonRepairAssessement" time="0.000">
    <skipped/>
  </testcase> <!-- gUITestRadiobuttonRepairAssessement -->
  <system-out/>
  <testcase classname="fieldServiceFormsTest.PositiveRepairAssessOtherGUITest" name="gUITestRadiobuttonRepairAssessement" time="0.000">
    <skipped/>
  </testcase> <!-- gUITestRadiobuttonRepairAssessement -->
  <system-out/>
  <testcase classname="fieldServiceFormsTest.PositiveRepairAssessOtherGUITest" name="gUITestRadiobuttonRepairAssessement" time="0.000">
    <skipped/>
  </testcase> <!-- gUITestRadiobuttonRepairAssessement -->
  <system-out/>
  <testcase classname="fieldServiceFormsTest.PositiveRepairAssessOtherGUITest" name="gUITestRadiobuttonRepairAssessement" time="0.000">
    <skipped/>
  </testcase> <!-- gUITestRadiobuttonRepairAssessement -->
  <system-out/>
  <testcase classname="fieldServiceFormsTest.PositiveRepairAssessOtherGUITest" name="gUITestRadiobuttonRepairAssessement" time="0.000">
    <skipped/>
  </testcase> <!-- gUITestRadiobuttonRepairAssessement -->
  <system-out/>
  <testcase classname="fieldServiceFormsTest.PositiveRepairAssessOtherGUITest" name="gUITestRadiobuttonRepairAssessement" time="0.000">
    <skipped/>
  </testcase> <!-- gUITestRadiobuttonRepairAssessement -->
  <system-out/>
  <testcase classname="fieldServiceFormsTest.PositiveRepairAssessOtherGUITest" name="gUITestRadiobuttonRepairAssessement" time="0.000">
    <skipped/>
  </testcase> <!-- gUITestRadiobuttonRepairAssessement -->
  <system-out/>
  <testcase classname="fieldServiceFormsTest.PositiveRepairAssessOtherGUITest" name="gUITestRadiobuttonRepairAssessement" time="0.000">
    <skipped/>
  </testcase> <!-- gUITestRadiobuttonRepairAssessement -->
  <system-out/>
  <testcase classname="fieldServiceFormsTest.PositiveRepairAssessOtherGUITest" name="gUITestRadiobuttonRepairAssessement" time="0.000">
    <skipped/>
  </testcase> <!-- gUITestRadiobuttonRepairAssessement -->
  <system-out/>
  <testcase classname="fieldServiceFormsTest.PositiveRepairAssessOtherGUITest" name="gUITestRadiobuttonRepairAssessement" time="0.000">
    <skipped/>
  </testcase> <!-- gUITestRadiobuttonRepairAssessement -->
  <system-out/>
  <testcase classname="fieldServiceFormsTest.PositiveRepairAssessOtherGUITest" name="gUITestRadiobuttonRepairAssessement" time="0.000">
    <skipped/>
  </testcase> <!-- gUITestRadiobuttonRepairAssessement -->
  <system-out/>
  <testcase classname="fieldServiceFormsTest.PositiveRepairAssessOtherGUITest" name="gUITestRadiobuttonRepairAssessement" time="0.000">
    <skipped/>
  </testcase> <!-- gUITestRadiobuttonRepairAssessement -->
  <system-out/>
  <testcase classname="fieldServiceFormsTest.PositiveRepairAssessOtherGUITest" name="gUITestRadiobuttonRepairAssessement" time="0.000">
    <skipped/>
  </testcase> <!-- gUITestRadiobuttonRepairAssessement -->
  <system-out/>
  <testcase classname="fieldServiceFormsTest.PositiveRepairAssessOtherGUITest" name="gUITestRadiobuttonRepairAssessement" time="0.000">
    <skipped/>
  </testcase> <!-- gUITestRadiobuttonRepairAssessement -->
  <system-out/>
  <testcase classname="fieldServiceFormsTest.PositiveRepairAssessOtherGUITest" name="gUITestRadiobuttonRepairAssessement" time="0.000">
    <skipped/>
  </testcase> <!-- gUITestRadiobuttonRepairAssessement -->
  <system-out/>
  <testcase classname="fieldServiceFormsTest.PositiveRepairAssessOtherGUITest" name="gUITestRadiobuttonRepairAssessement" time="0.000">
    <skipped/>
  </testcase> <!-- gUITestRadiobuttonRepairAssessement -->
  <system-out/>
  <testcase classname="fieldServiceFormsTest.PositiveRepairAssessOtherGUITest" name="gUITestRadiobuttonRepairAssessement" time="0.000">
    <skipped/>
  </testcase> <!-- gUITestRadiobuttonRepairAssessement -->
  <system-out/>
  <testcase classname="fieldServiceFormsTest.PositiveRepairAssessOtherGUITest" name="gUITestRadiobuttonRepairAssessement" time="0.000">
    <skipped/>
  </testcase> <!-- gUITestRadiobuttonRepairAssessement -->
  <system-out/>
  <testcase classname="fieldServiceFormsTest.PositiveRepairAssessOtherGUITest" name="gUITestRadiobuttonRepairAssessement" time="0.000">
    <skipped/>
  </testcase> <!-- gUITestRadiobuttonRepairAssessement -->
  <system-out/>
  <testcase classname="fieldServiceFormsTest.PositiveRepairAssessOtherGUITest" name="gUITestRadiobuttonRepairAssessement" time="0.000">
    <skipped/>
  </testcase> <!-- gUITestRadiobuttonRepairAssessement -->
  <system-out/>
  <testcase classname="fieldServiceFormsTest.PositiveRepairAssessOtherGUITest" name="gUITestRadiobuttonRepairAssessement" time="0.000">
    <skipped/>
  </testcase> <!-- gUITestRadiobuttonRepairAssessement -->
  <system-out/>
  <testcase classname="fieldServiceFormsTest.PositiveRepairAssessOtherGUITest" name="gUITestRadiobuttonRepairAssessement" time="0.000">
    <skipped/>
  </testcase> <!-- gUITestRadiobuttonRepairAssessement -->
  <system-out/>
  <testcase classname="fieldServiceFormsTest.PositiveRepairAssessOtherGUITest" name="gUITestRadiobuttonRepairAssessement" time="0.000">
    <skipped/>
  </testcase> <!-- gUITestRadiobuttonRepairAssessement -->
  <system-out/>
  <testcase classname="fieldServiceFormsTest.PositiveRepairAssessOtherGUITest" name="gUITestRadiobuttonRepairAssessement" time="0.000">
    <skipped/>
  </testcase> <!-- gUITestRadiobuttonRepairAssessement -->
  <system-out/>
  <testcase classname="fieldServiceFormsTest.PositiveRepairAssessOtherGUITest" name="gUITestRadiobuttonRepairAssessement" time="0.000">
    <skipped/>
  </testcase> <!-- gUITestRadiobuttonRepairAssessement -->
  <system-out/>
  <testcase classname="fieldServiceFormsTest.PositiveRepairAssessOtherGUITest" name="gUITestRadiobuttonRepairAssessement" time="0.000">
    <skipped/>
  </testcase> <!-- gUITestRadiobuttonRepairAssessement -->
  <system-out/>
  <testcase classname="fieldServiceFormsTest.PositiveRepairAssessOtherGUITest" name="gUITestRadiobuttonRepairAssessement" time="0.000">
    <skipped/>
  </testcase> <!-- gUITestRadiobuttonRepairAssessement -->
  <system-out/>
  <testcase classname="fieldServiceFormsTest.PositiveRepairAssessOtherGUITest" name="gUITestRadiobuttonRepairAssessement" time="0.000">
    <skipped/>
  </testcase> <!-- gUITestRadiobuttonRepairAssessement -->
  <system-out/>
  <testcase classname="fieldServiceFormsTest.PositiveRepairAssessOtherGUITest" name="gUITestRadiobuttonRepairAssessement" time="0.000">
    <skipped/>
  </testcase> <!-- gUITestRadiobuttonRepairAssessement -->
  <system-out/>
  <testcase classname="fieldServiceFormsTest.PositiveRepairAssessOtherGUITest" name="gUITestRadiobuttonRepairAssessement" time="0.000">
    <skipped/>
  </testcase> <!-- gUITestRadiobuttonRepairAssessement -->
  <system-out/>
  <testcase classname="fieldServiceFormsTest.PositiveRepairAssessOtherGUITest" name="gUITestRadiobuttonRepairAssessement" time="0.000">
    <skipped/>
  </testcase> <!-- gUITestRadiobuttonRepairAssessement -->
  <system-out/>
  <testcase classname="fieldServiceFormsTest.PositiveRepairAssessOtherGUITest" name="gUITestRadiobuttonRepairAssessement" time="0.000">
    <skipped/>
  </testcase> <!-- gUITestRadiobuttonRepairAssessement -->
  <system-out/>
  <testcase classname="fieldServiceFormsTest.PositiveRepairAssessOtherGUITest" name="gUITestRadiobuttonRepairAssessement" time="0.000">
    <skipped/>
  </testcase> <!-- gUITestRadiobuttonRepairAssessement -->
  <system-out/>
  <testcase classname="fieldServiceFormsTest.PositiveRepairAssessOtherGUITest" name="gUITestRadiobuttonRepairAssessement" time="0.000">
    <skipped/>
  </testcase> <!-- gUITestRadiobuttonRepairAssessement -->
  <system-out/>
  <testcase classname="fieldServiceFormsTest.PositiveRepairAssessOtherGUITest" name="gUITestRadiobuttonRepairAssessement" time="0.000">
    <skipped/>
  </testcase> <!-- gUITestRadiobuttonRepairAssessement -->
  <system-out/>
  <testcase classname="fieldServiceFormsTest.PositiveRepairAssessOtherGUITest" name="gUITestRadiobuttonRepairAssessement" time="0.000">
    <skipped/>
  </testcase> <!-- gUITestRadiobuttonRepairAssessement -->
  <system-out/>
  <testcase classname="fieldServiceFormsTest.PositiveRepairAssessOtherGUITest" name="gUITestRadiobuttonRepairAssessement" time="0.000">
    <skipped/>
  </testcase> <!-- gUITestRadiobuttonRepairAssessement -->
  <system-out/>
  <testcase classname="fieldServiceFormsTest.PositiveRepairAssessOtherGUITest" name="gUITestRadiobuttonRepairAssessement" time="0.000">
    <skipped/>
  </testcase> <!-- gUITestRadiobuttonRepairAssessement -->
  <system-out/>
  <testcase classname="fieldServiceFormsTest.PositiveRepairAssessOtherGUITest" name="gUITestRadiobuttonRepairAssessement" time="0.000">
    <skipped/>
  </testcase> <!-- gUITestRadiobuttonRepairAssessement -->
  <system-out/>
  <testcase classname="fieldServiceFormsTest.PositiveRepairAssessOtherGUITest" name="gUITestRadiobuttonRepairAssessement" time="0.000">
    <skipped/>
  </testcase> <!-- gUITestRadiobuttonRepairAssessement -->
  <system-out/>
  <testcase classname="fieldServiceFormsTest.PositiveRepairAssessOtherGUITest" name="gUITestRadiobuttonRepairAssessement" time="0.000">
    <skipped/>
  </testcase> <!-- gUITestRadiobuttonRepairAssessement -->
  <system-out/>
  <testcase classname="fieldServiceFormsTest.PositiveRepairAssessOtherGUITest" name="gUITestRadiobuttonRepairAssessement" time="0.000">
    <skipped/>
  </testcase> <!-- gUITestRadiobuttonRepairAssessement -->
  <system-out/>
  <testcase classname="fieldServiceFormsTest.PositiveRepairAssessOtherGUITest" name="gUITestRadiobuttonRepairAssessement" time="0.000">
    <skipped/>
  </testcase> <!-- gUITestRadiobuttonRepairAssessement -->
  <system-out/>
  <testcase classname="fieldServiceFormsTest.PositiveRepairAssessOtherGUITest" name="gUITestRadiobuttonRepairAssessement" time="0.000">
    <skipped/>
  </testcase> <!-- gUITestRadiobuttonRepairAssessement -->
  <system-out/>
  <testcase classname="fieldServiceFormsTest.PositiveRepairAssessOtherGUITest" name="gUITestRadiobuttonRepairAssessement" time="0.000">
    <skipped/>
  </testcase> <!-- gUITestRadiobuttonRepairAssessement -->
  <system-out/>
  <testcase classname="fieldServiceFormsTest.PositiveRepairAssessOtherGUITest" name="gUITestRadiobuttonRepairAssessement" time="0.000">
    <skipped/>
  </testcase> <!-- gUITestRadiobuttonRepairAssessement -->
  <system-out/>
  <testcase classname="fieldServiceFormsTest.PositiveRepairAssessOtherGUITest" name="gUITestRadiobuttonRepairAssessement" time="0.000">
    <skipped/>
  </testcase> <!-- gUITestRadiobuttonRepairAssessement -->
  <system-out/>
  <testcase classname="fieldServiceFormsTest.PositiveRepairAssessOtherGUITest" name="gUITestRadiobuttonRepairAssessement" time="0.000">
    <skipped/>
  </testcase> <!-- gUITestRadiobuttonRepairAssessement -->
  <system-out/>
  <testcase classname="fieldServiceFormsTest.PositiveRepairAssessOtherGUITest" name="gUITestRadiobuttonRepairAssessement" time="0.000">
    <skipped/>
  </testcase> <!-- gUITestRadiobuttonRepairAssessement -->
  <system-out/>
  <testcase classname="fieldServiceFormsTest.PositiveRepairAssessOtherGUITest" name="gUITestRadiobuttonRepairAssessement" time="0.000">
    <skipped/>
  </testcase> <!-- gUITestRadiobuttonRepairAssessement -->
  <system-out/>
  <testcase classname="fieldServiceFormsTest.PositiveRepairAssessOtherGUITest" name="gUITestRadiobuttonRepairAssessement" time="0.000">
    <skipped/>
  </testcase> <!-- gUITestRadiobuttonRepairAssessement -->
  <system-out/>
  <testcase classname="fieldServiceFormsTest.PositiveRepairAssessOtherGUITest" name="gUITestRadiobuttonRepairAssessement" time="0.000">
    <skipped/>
  </testcase> <!-- gUITestRadiobuttonRepairAssessement -->
  <system-out/>
  <testcase classname="fieldServiceFormsTest.PositiveRepairAssessOtherGUITest" name="gUITestRadiobuttonRepairAssessement" time="0.000">
    <skipped/>
  </testcase> <!-- gUITestRadiobuttonRepairAssessement -->
  <system-out/>
  <testcase classname="fieldServiceFormsTest.PositiveRepairAssessOtherGUITest" name="gUITestRadiobuttonRepairAssessement" time="0.000">
    <skipped/>
  </testcase> <!-- gUITestRadiobuttonRepairAssessement -->
  <system-out/>
  <testcase classname="fieldServiceFormsTest.PositiveRepairAssessOtherGUITest" name="gUITestRadiobuttonRepairAssessement" time="0.000">
    <skipped/>
  </testcase> <!-- gUITestRadiobuttonRepairAssessement -->
  <system-out/>
  <testcase classname="fieldServiceFormsTest.PositiveRepairAssessOtherGUITest" name="gUITestRadiobuttonRepairAssessement" time="0.000">
    <skipped/>
  </testcase> <!-- gUITestRadiobuttonRepairAssessement -->
  <system-out/>
  <testcase classname="fieldServiceFormsTest.PositiveRepairAssessOtherGUITest" name="gUITestRadiobuttonRepairAssessement" time="0.000">
    <skipped/>
  </testcase> <!-- gUITestRadiobuttonRepairAssessement -->
  <system-out/>
  <testcase classname="fieldServiceFormsTest.PositiveRepairAssessOtherGUITest" name="gUITestRadiobuttonRepairAssessement" time="0.000">
    <skipped/>
  </testcase> <!-- gUITestRadiobuttonRepairAssessement -->
  <system-out/>
  <testcase classname="fieldServiceFormsTest.PositiveRepairAssessOtherGUITest" name="gUITestRadiobuttonRepairAssessement" time="0.000">
    <skipped/>
  </testcase> <!-- gUITestRadiobuttonRepairAssessement -->
  <system-out/>
  <testcase classname="fieldServiceFormsTest.PositiveRepairAssessOtherGUITest" name="gUITestRadiobuttonRepairAssessement" time="0.000">
    <skipped/>
  </testcase> <!-- gUITestRadiobuttonRepairAssessement -->
  <system-out/>
  <testcase classname="fieldServiceFormsTest.PositiveRepairAssessOtherGUITest" name="gUITestRadiobuttonRepairAssessement" time="0.000">
    <skipped/>
  </testcase> <!-- gUITestRadiobuttonRepairAssessement -->
  <system-out/>
  <testcase classname="fieldServiceFormsTest.PositiveRepairAssessOtherGUITest" name="gUITestRadiobuttonRepairAssessement" time="0.000">
    <skipped/>
  </testcase> <!-- gUITestRadiobuttonRepairAssessement -->
  <system-out/>
  <testcase classname="fieldServiceFormsTest.PositiveRepairAssessOtherGUITest" name="gUITestRadiobuttonRepairAssessement" time="0.000">
    <skipped/>
  </testcase> <!-- gUITestRadiobuttonRepairAssessement -->
  <system-out/>
  <testcase classname="fieldServiceFormsTest.PositiveRepairAssessOtherGUITest" name="gUITestRadiobuttonRepairAssessement" time="0.000">
    <skipped/>
  </testcase> <!-- gUITestRadiobuttonRepairAssessement -->
  <system-out/>
  <testcase classname="fieldServiceFormsTest.PositiveRepairAssessOtherGUITest" name="gUITestRadiobuttonRepairAssessement" time="0.000">
    <skipped/>
  </testcase> <!-- gUITestRadiobuttonRepairAssessement -->
  <system-out/>
  <testcase classname="fieldServiceFormsTest.PositiveRepairAssessOtherGUITest" name="gUITestRadiobuttonRepairAssessement" time="0.000">
    <skipped/>
  </testcase> <!-- gUITestRadiobuttonRepairAssessement -->
  <system-out/>
  <testcase classname="fieldServiceFormsTest.PositiveRepairAssessOtherGUITest" name="gUITestRadiobuttonRepairAssessement" time="0.000">
    <skipped/>
  </testcase> <!-- gUITestRadiobuttonRepairAssessement -->
  <system-out/>
  <testcase classname="fieldServiceFormsTest.PositiveRepairAssessOtherGUITest" name="gUITestRadiobuttonRepairAssessement" time="0.000">
    <skipped/>
  </testcase> <!-- gUITestRadiobuttonRepairAssessement -->
  <system-out/>
  <testcase classname="fieldServiceFormsTest.PositiveRepairAssessOtherGUITest" name="gUITestRadiobuttonRepairAssessement" time="0.000">
    <skipped/>
  </testcase> <!-- gUITestRadiobuttonRepairAssessement -->
  <system-out/>
  <testcase classname="fieldServiceFormsTest.PositiveRepairAssessOtherGUITest" name="gUITestRadiobuttonRepairAssessement" time="0.000">
    <skipped/>
  </testcase> <!-- gUITestRadiobuttonRepairAssessement -->
  <system-out/>
  <testcase classname="fieldServiceFormsTest.PositiveRepairAssessOtherGUITest" name="gUITestRadiobuttonRepairAssessement" time="0.000">
    <skipped/>
  </testcase> <!-- gUITestRadiobuttonRepairAssessement -->
  <system-out/>
  <testcase classname="fieldServiceFormsTest.PositiveRepairAssessOtherGUITest" name="gUITestRadiobuttonRepairAssessement" time="0.000">
    <skipped/>
  </testcase> <!-- gUITestRadiobuttonRepairAssessement -->
  <system-out/>
  <testcase classname="fieldServiceFormsTest.PositiveRepairAssessOtherGUITest" name="gUITestRadiobuttonRepairAssessement" time="0.000">
    <skipped/>
  </testcase> <!-- gUITestRadiobuttonRepairAssessement -->
  <system-out/>
  <testcase classname="fieldServiceFormsTest.PositiveRepairAssessOtherGUITest" name="gUITestRadiobuttonRepairAssessement" time="0.000">
    <skipped/>
  </testcase> <!-- gUITestRadiobuttonRepairAssessement -->
  <system-out/>
  <testcase classname="fieldServiceFormsTest.PositiveRepairAssessOtherGUITest" name="gUITestRadiobuttonRepairAssessement" time="0.000">
    <skipped/>
  </testcase> <!-- gUITestRadiobuttonRepairAssessement -->
  <system-out/>
  <testcase classname="fieldServiceFormsTest.PositiveRepairAssessOtherGUITest" name="gUITestRadiobuttonRepairAssessement" time="0.000">
    <skipped/>
  </testcase> <!-- gUITestRadiobuttonRepairAssessement -->
  <system-out/>
  <testcase classname="fieldServiceFormsTest.PositiveRepairAssessOtherGUITest" name="gUITestRadiobuttonRepairAssessement" time="0.000">
    <skipped/>
  </testcase> <!-- gUITestRadiobuttonRepairAssessement -->
  <system-out/>
  <testcase classname="fieldServiceFormsTest.PositiveRepairAssessOtherGUITest" name="gUITestRadiobuttonRepairAssessement" time="0.000">
    <skipped/>
  </testcase> <!-- gUITestRadiobuttonRepairAssessement -->
  <system-out/>
  <testcase classname="fieldServiceFormsTest.PositiveRepairAssessOtherGUITest" name="gUITestRadiobuttonRepairAssessement" time="0.000">
    <skipped/>
  </testcase> <!-- gUITestRadiobuttonRepairAssessement -->
  <system-out/>
  <testcase classname="fieldServiceFormsTest.PositiveRepairAssessOtherGUITest" name="gUITestRadiobuttonRepairAssessement" time="0.000">
    <skipped/>
  </testcase> <!-- gUITestRadiobuttonRepairAssessement -->
  <system-out/>
  <testcase classname="fieldServiceFormsTest.PositiveRepairAssessOtherGUITest" name="gUITestRadiobuttonRepairAssessement" time="0.000">
    <skipped/>
  </testcase> <!-- gUITestRadiobuttonRepairAssessement -->
  <system-out/>
  <testcase classname="fieldServiceFormsTest.PositiveRepairAssessOtherGUITest" name="gUITestRadiobuttonRepairAssessement" time="0.000">
    <skipped/>
  </testcase> <!-- gUITestRadiobuttonRepairAssessement -->
  <system-out/>
  <testcase classname="fieldServiceFormsTest.PositiveRepairAssessOtherGUITest" name="gUITestRadiobuttonRepairAssessement" time="0.000">
    <skipped/>
  </testcase> <!-- gUITestRadiobuttonRepairAssessement -->
  <system-out/>
  <testcase classname="fieldServiceFormsTest.PositiveRepairAssessOtherGUITest" name="gUITestRadiobuttonRepairAssessement" time="0.000">
    <skipped/>
  </testcase> <!-- gUITestRadiobuttonRepairAssessement -->
  <system-out/>
  <testcase classname="fieldServiceFormsTest.PositiveRepairAssessOtherGUITest" name="gUITestRadiobuttonRepairAssessement" time="0.000">
    <skipped/>
  </testcase> <!-- gUITestRadiobuttonRepairAssessement -->
  <system-out/>
  <testcase classname="fieldServiceFormsTest.PositiveRepairAssessOtherGUITest" name="gUITestRadiobuttonRepairAssessement" time="0.000">
    <skipped/>
  </testcase> <!-- gUITestRadiobuttonRepairAssessement -->
  <system-out/>
  <testcase classname="fieldServiceFormsTest.PositiveRepairAssessOtherGUITest" name="gUITestRadiobuttonRepairAssessement" time="0.000">
    <skipped/>
  </testcase> <!-- gUITestRadiobuttonRepairAssessement -->
  <system-out/>
  <testcase classname="fieldServiceFormsTest.PositiveRepairAssessOtherGUITest" name="gUITestRadiobuttonRepairAssessement" time="0.000">
    <skipped/>
  </testcase> <!-- gUITestRadiobuttonRepairAssessement -->
  <system-out/>
  <testcase classname="fieldServiceFormsTest.PositiveRepairAssessOtherGUITest" name="gUITestRadiobuttonRepairAssessement" time="0.000">
    <skipped/>
  </testcase> <!-- gUITestRadiobuttonRepairAssessement -->
  <system-out/>
  <testcase classname="fieldServiceFormsTest.PositiveRepairAssessOtherGUITest" name="gUITestRadiobuttonRepairAssessement" time="0.000">
    <skipped/>
  </testcase> <!-- gUITestRadiobuttonRepairAssessement -->
  <system-out/>
  <testcase classname="fieldServiceFormsTest.PositiveRepairAssessOtherGUITest" name="gUITestRadiobuttonRepairAssessement" time="0.000">
    <skipped/>
  </testcase> <!-- gUITestRadiobuttonRepairAssessement -->
  <system-out/>
  <testcase classname="fieldServiceFormsTest.PositiveRepairAssessOtherGUITest" name="gUITestRadiobuttonRepairAssessement" time="0.000">
    <skipped/>
  </testcase> <!-- gUITestRadiobuttonRepairAssessement -->
  <system-out/>
  <testcase classname="fieldServiceFormsTest.PositiveRepairAssessOtherGUITest" name="gUITestRadiobuttonRepairAssessement" time="0.000">
    <skipped/>
  </testcase> <!-- gUITestRadiobuttonRepairAssessement -->
  <system-out/>
  <testcase classname="fieldServiceFormsTest.PositiveRepairAssessOtherGUITest" name="gUITestRadiobuttonRepairAssessement" time="0.000">
    <skipped/>
  </testcase> <!-- gUITestRadiobuttonRepairAssessement -->
  <system-out/>
  <testcase classname="fieldServiceFormsTest.PositiveRepairAssessOtherGUITest" name="gUITestRadiobuttonRepairAssessement" time="0.000">
    <skipped/>
  </testcase> <!-- gUITestRadiobuttonRepairAssessement -->
  <system-out/>
  <testcase classname="fieldServiceFormsTest.PositiveRepairAssessOtherGUITest" name="gUITestRadiobuttonRepairAssessement" time="0.000">
    <skipped/>
  </testcase> <!-- gUITestRadiobuttonRepairAssessement -->
  <system-out/>
  <testcase classname="fieldServiceFormsTest.PositiveRepairAssessOtherGUITest" name="gUITestRadiobuttonRepairAssessement" time="0.000">
    <skipped/>
  </testcase> <!-- gUITestRadiobuttonRepairAssessement -->
  <system-out/>
  <testcase classname="fieldServiceFormsTest.PositiveRepairAssessOtherGUITest" name="gUITestRadiobuttonRepairAssessement" time="0.000">
    <skipped/>
  </testcase> <!-- gUITestRadiobuttonRepairAssessement -->
  <system-out/>
  <testcase classname="fieldServiceFormsTest.PositiveRepairAssessOtherGUITest" name="gUITestRadiobuttonRepairAssessement" time="0.000">
    <skipped/>
  </testcase> <!-- gUITestRadiobuttonRepairAssessement -->
  <system-out/>
  <testcase classname="fieldServiceFormsTest.PositiveRepairAssessOtherGUITest" name="gUITestRadiobuttonRepairAssessement" time="0.000">
    <skipped/>
  </testcase> <!-- gUITestRadiobuttonRepairAssessement -->
  <system-out/>
  <testcase classname="fieldServiceFormsTest.PositiveRepairAssessOtherGUITest" name="gUITestRadiobuttonRepairAssessement" time="0.000">
    <skipped/>
  </testcase> <!-- gUITestRadiobuttonRepairAssessement -->
  <system-out/>
  <testcase classname="fieldServiceFormsTest.PositiveRepairAssessOtherGUITest" name="gUITestRadiobuttonRepairAssessement" time="0.000">
    <skipped/>
  </testcase> <!-- gUITestRadiobuttonRepairAssessement -->
  <system-out/>
  <testcase classname="fieldServiceFormsTest.PositiveRepairAssessOtherGUITest" name="gUITestRadiobuttonRepairAssessement" time="0.000">
    <skipped/>
  </testcase> <!-- gUITestRadiobuttonRepairAssessement -->
  <system-out/>
  <testcase classname="fieldServiceFormsTest.PositiveRepairAssessOtherGUITest" name="gUITestRadiobuttonRepairAssessement" time="0.000">
    <skipped/>
  </testcase> <!-- gUITestRadiobuttonRepairAssessement -->
  <system-out/>
  <testcase classname="fieldServiceFormsTest.PositiveRepairAssessOtherGUITest" name="gUITestRadiobuttonRepairAssessement" time="0.000">
    <skipped/>
  </testcase> <!-- gUITestRadiobuttonRepairAssessement -->
  <system-out/>
  <testcase classname="fieldServiceFormsTest.PositiveRepairAssessOtherGUITest" name="gUITestRadiobuttonRepairAssessement" time="0.000">
    <skipped/>
  </testcase> <!-- gUITestRadiobuttonRepairAssessement -->
  <system-out/>
  <testcase classname="fieldServiceFormsTest.PositiveRepairAssessOtherGUITest" name="gUITestRadiobuttonRepairAssessement" time="0.000">
    <skipped/>
  </testcase> <!-- gUITestRadiobuttonRepairAssessement -->
  <system-out/>
  <testcase classname="fieldServiceFormsTest.PositiveRepairAssessOtherGUITest" name="gUITestRadiobuttonRepairAssessement" time="0.000">
    <skipped/>
  </testcase> <!-- gUITestRadiobuttonRepairAssessement -->
  <system-out/>
  <testcase classname="fieldServiceFormsTest.PositiveRepairAssessOtherGUITest" name="gUITestRadiobuttonRepairAssessement" time="0.000">
    <skipped/>
  </testcase> <!-- gUITestRadiobuttonRepairAssessement -->
  <system-out/>
  <testcase classname="fieldServiceFormsTest.PositiveRepairAssessOtherGUITest" name="gUITestRadiobuttonRepairAssessement" time="0.000">
    <skipped/>
  </testcase> <!-- gUITestRadiobuttonRepairAssessement -->
  <system-out/>
  <testcase classname="fieldServiceFormsTest.PositiveRepairAssessOtherGUITest" name="gUITestRadiobuttonRepairAssessement" time="0.000">
    <skipped/>
  </testcase> <!-- gUITestRadiobuttonRepairAssessement -->
  <system-out/>
  <testcase classname="fieldServiceFormsTest.PositiveRepairAssessOtherGUITest" name="gUITestRadiobuttonRepairAssessement" time="0.000">
    <skipped/>
  </testcase> <!-- gUITestRadiobuttonRepairAssessement -->
  <system-out/>
  <testcase classname="fieldServiceFormsTest.PositiveRepairAssessOtherGUITest" name="gUITestRadiobuttonRepairAssessement" time="0.000">
    <skipped/>
  </testcase> <!-- gUITestRadiobuttonRepairAssessement -->
  <system-out/>
  <testcase classname="fieldServiceFormsTest.PositiveRepairAssessOtherGUITest" name="gUITestRadiobuttonRepairAssessement" time="0.000">
    <skipped/>
  </testcase> <!-- gUITestRadiobuttonRepairAssessement -->
  <system-out/>
  <testcase classname="fieldServiceFormsTest.PositiveRepairAssessOtherGUITest" name="gUITestRadiobuttonRepairAssessement" time="0.000">
    <skipped/>
  </testcase> <!-- gUITestRadiobuttonRepairAssessement -->
  <system-out/>
  <testcase classname="fieldServiceFormsTest.PositiveRepairAssessOtherGUITest" name="gUITestRadiobuttonRepairAssessement" time="0.000">
    <skipped/>
  </testcase> <!-- gUITestRadiobuttonRepairAssessement -->
  <system-out/>
  <testcase classname="fieldServiceFormsTest.PositiveRepairAssessOtherGUITest" name="gUITestRadiobuttonRepairAssessement" time="0.000">
    <skipped/>
  </testcase> <!-- gUITestRadiobuttonRepairAssessement -->
  <system-out/>
  <testcase classname="fieldServiceFormsTest.PositiveRepairAssessOtherGUITest" name="gUITestRadiobuttonRepairAssessement" time="0.000">
    <skipped/>
  </testcase> <!-- gUITestRadiobuttonRepairAssessement -->
  <system-out/>
  <testcase classname="fieldServiceFormsTest.PositiveRepairAssessOtherGUITest" name="gUITestRadiobuttonRepairAssessement" time="0.000">
    <skipped/>
  </testcase> <!-- gUITestRadiobuttonRepairAssessement -->
  <system-out/>
  <testcase classname="fieldServiceFormsTest.PositiveRepairAssessOtherGUITest" name="gUITestRadiobuttonRepairAssessement" time="0.000">
    <skipped/>
  </testcase> <!-- gUITestRadiobuttonRepairAssessement -->
  <system-out/>
  <testcase classname="fieldServiceFormsTest.PositiveRepairAssessOtherGUITest" name="gUITestRadiobuttonRepairAssessement" time="0.000">
    <skipped/>
  </testcase> <!-- gUITestRadiobuttonRepairAssessement -->
  <system-out/>
  <testcase classname="fieldServiceFormsTest.PositiveRepairAssessOtherGUITest" name="gUITestRadiobuttonRepairAssessement" time="0.000">
    <skipped/>
  </testcase> <!-- gUITestRadiobuttonRepairAssessement -->
  <system-out/>
  <testcase classname="fieldServiceFormsTest.PositiveRepairAssessOtherGUITest" name="gUITestRadiobuttonRepairAssessement" time="0.000">
    <skipped/>
  </testcase> <!-- gUITestRadiobuttonRepairAssessement -->
  <system-out/>
  <testcase classname="fieldServiceFormsTest.PositiveRepairAssessOtherGUITest" name="gUITestRadiobuttonRepairAssessement" time="0.000">
    <skipped/>
  </testcase> <!-- gUITestRadiobuttonRepairAssessement -->
  <system-out/>
  <testcase classname="fieldServiceFormsTest.PositiveRepairAssessOtherGUITest" name="gUITestRadiobuttonRepairAssessement" time="0.000">
    <skipped/>
  </testcase> <!-- gUITestRadiobuttonRepairAssessement -->
  <system-out/>
  <testcase classname="fieldServiceFormsTest.PositiveRepairAssessOtherGUITest" name="gUITestRadiobuttonRepairAssessement" time="0.000">
    <skipped/>
  </testcase> <!-- gUITestRadiobuttonRepairAssessement -->
  <system-out/>
  <testcase classname="fieldServiceFormsTest.PositiveRepairAssessOtherGUITest" name="gUITestRadiobuttonRepairAssessement" time="0.000">
    <skipped/>
  </testcase> <!-- gUITestRadiobuttonRepairAssessement -->
  <system-out/>
  <testcase classname="fieldServiceFormsTest.PositiveRepairAssessOtherGUITest" name="gUITestRadiobuttonRepairAssessement" time="0.000">
    <skipped/>
  </testcase> <!-- gUITestRadiobuttonRepairAssessement -->
  <system-out/>
  <testcase classname="fieldServiceFormsTest.PositiveRepairAssessOtherGUITest" name="gUITestRadiobuttonRepairAssessement" time="0.000">
    <skipped/>
  </testcase> <!-- gUITestRadiobuttonRepairAssessement -->
  <system-out/>
  <testcase classname="fieldServiceFormsTest.PositiveRepairAssessOtherGUITest" name="gUITestRadiobuttonRepairAssessement" time="0.000">
    <skipped/>
  </testcase> <!-- gUITestRadiobuttonRepairAssessement -->
  <system-out/>
  <testcase classname="fieldServiceFormsTest.PositiveRepairAssessOtherGUITest" name="gUITestRadiobuttonRepairAssessement" time="0.000">
    <skipped/>
  </testcase> <!-- gUITestRadiobuttonRepairAssessement -->
  <system-out/>
  <testcase classname="fieldServiceFormsTest.PositiveRepairAssessOtherGUITest" name="gUITestRadiobuttonRepairAssessement" time="0.000">
    <skipped/>
  </testcase> <!-- gUITestRadiobuttonRepairAssessement -->
  <system-out/>
  <testcase classname="fieldServiceFormsTest.PositiveRepairAssessOtherGUITest" name="gUITestRadiobuttonRepairAssessement" time="0.000">
    <skipped/>
  </testcase> <!-- gUITestRadiobuttonRepairAssessement -->
  <system-out/>
  <testcase classname="fieldServiceFormsTest.PositiveRepairAssessOtherGUITest" name="gUITestRadiobuttonRepairAssessement" time="0.000">
    <skipped/>
  </testcase> <!-- gUITestRadiobuttonRepairAssessement -->
  <system-out/>
  <testcase classname="fieldServiceFormsTest.PositiveRepairAssessOtherGUITest" name="gUITestRadiobuttonRepairAssessement" time="0.000">
    <skipped/>
  </testcase> <!-- gUITestRadiobuttonRepairAssessement -->
  <system-out/>
  <testcase classname="fieldServiceFormsTest.PositiveRepairAssessOtherGUITest" name="gUITestRadiobuttonRepairAssessement" time="0.000">
    <skipped/>
  </testcase> <!-- gUITestRadiobuttonRepairAssessement -->
  <system-out/>
  <testcase classname="fieldServiceFormsTest.PositiveRepairAssessOtherGUITest" name="gUITestRadiobuttonRepairAssessement" time="0.000">
    <skipped/>
  </testcase> <!-- gUITestRadiobuttonRepairAssessement -->
  <system-out/>
  <testcase classname="fieldServiceFormsTest.PositiveRepairAssessOtherGUITest" name="gUITestRadiobuttonRepairAssessement" time="0.000">
    <skipped/>
  </testcase> <!-- gUITestRadiobuttonRepairAssessement -->
  <system-out/>
  <testcase classname="fieldServiceFormsTest.PositiveRepairAssessOtherGUITest" name="gUITestRadiobuttonRepairAssessement" time="0.000">
    <skipped/>
  </testcase> <!-- gUITestRadiobuttonRepairAssessement -->
  <system-out/>
  <testcase classname="fieldServiceFormsTest.PositiveRepairAssessOtherGUITest" name="gUITestRadiobuttonRepairAssessement" time="0.000">
    <skipped/>
  </testcase> <!-- gUITestRadiobuttonRepairAssessement -->
  <system-out/>
  <testcase classname="fieldServiceFormsTest.PositiveRepairAssessOtherGUITest" name="gUITestRadiobuttonRepairAssessement" time="0.000">
    <skipped/>
  </testcase> <!-- gUITestRadiobuttonRepairAssessement -->
  <system-out/>
  <testcase classname="fieldServiceFormsTest.PositiveRepairAssessOtherGUITest" name="gUITestRadiobuttonRepairAssessement" time="0.000">
    <skipped/>
  </testcase> <!-- gUITestRadiobuttonRepairAssessement -->
  <system-out/>
  <testcase classname="fieldServiceFormsTest.PositiveRepairAssessOtherGUITest" name="gUITestRadiobuttonRepairAssessement" time="0.000">
    <skipped/>
  </testcase> <!-- gUITestRadiobuttonRepairAssessement -->
  <system-out/>
  <testcase classname="fieldServiceFormsTest.PositiveRepairAssessOtherGUITest" name="gUITestRadiobuttonRepairAssessement" time="0.000">
    <skipped/>
  </testcase> <!-- gUITestRadiobuttonRepairAssessement -->
  <system-out/>
  <testcase classname="fieldServiceFormsTest.PositiveRepairAssessOtherGUITest" name="gUITestRadiobuttonRepairAssessement" time="0.000">
    <skipped/>
  </testcase> <!-- gUITestRadiobuttonRepairAssessement -->
  <system-out/>
  <testcase classname="fieldServiceFormsTest.PositiveRepairAssessOtherGUITest" name="gUITestRadiobuttonRepairAssessement" time="0.000">
    <skipped/>
  </testcase> <!-- gUITestRadiobuttonRepairAssessement -->
  <system-out/>
  <testcase classname="fieldServiceFormsTest.PositiveRepairAssessOtherGUITest" name="gUITestRadiobuttonRepairAssessement" time="0.000">
    <skipped/>
  </testcase> <!-- gUITestRadiobuttonRepairAssessement -->
  <system-out/>
  <testcase classname="fieldServiceFormsTest.PositiveRepairAssessOtherGUITest" name="gUITestRadiobuttonRepairAssessement" time="0.000">
    <skipped/>
  </testcase> <!-- gUITestRadiobuttonRepairAssessement -->
  <system-out/>
  <testcase classname="fieldServiceFormsTest.PositiveRepairAssessOtherGUITest" name="gUITestRadiobuttonRepairAssessement" time="0.000">
    <skipped/>
  </testcase> <!-- gUITestRadiobuttonRepairAssessement -->
  <system-out/>
  <testcase classname="fieldServiceFormsTest.PositiveRepairAssessOtherGUITest" name="gUITestRadiobuttonRepairAssessement" time="0.000">
    <skipped/>
  </testcase> <!-- gUITestRadiobuttonRepairAssessement -->
  <system-out/>
  <testcase classname="fieldServiceFormsTest.PositiveRepairAssessOtherGUITest" name="gUITestRadiobuttonRepairAssessement" time="0.000">
    <skipped/>
  </testcase> <!-- gUITestRadiobuttonRepairAssessement -->
  <system-out/>
  <testcase classname="fieldServiceFormsTest.PositiveRepairAssessOtherGUITest" name="gUITestRadiobuttonRepairAssessement" time="0.000">
    <skipped/>
  </testcase> <!-- gUITestRadiobuttonRepairAssessement -->
  <system-out/>
  <testcase classname="fieldServiceFormsTest.PositiveRepairAssessOtherGUITest" name="gUITestRadiobuttonRepairAssessement" time="0.000">
    <skipped/>
  </testcase> <!-- gUITestRadiobuttonRepairAssessement -->
  <system-out/>
  <testcase classname="fieldServiceFormsTest.PositiveRepairAssessOtherGUITest" name="gUITestRadiobuttonRepairAssessement" time="0.000">
    <skipped/>
  </testcase> <!-- gUITestRadiobuttonRepairAssessement -->
  <system-out/>
  <testcase classname="fieldServiceFormsTest.PositiveRepairAssessOtherGUITest" name="gUITestRadiobuttonRepairAssessement" time="0.000">
    <skipped/>
  </testcase> <!-- gUITestRadiobuttonRepairAssessement -->
  <system-out/>
  <testcase classname="fieldServiceFormsTest.PositiveRepairAssessOtherGUITest" name="gUITestRadiobuttonRepairAssessement" time="0.000">
    <skipped/>
  </testcase> <!-- gUITestRadiobuttonRepairAssessement -->
  <system-out/>
  <testcase classname="fieldServiceFormsTest.PositiveRepairAssessOtherGUITest" name="gUITestRadiobuttonRepairAssessement" time="0.000">
    <skipped/>
  </testcase> <!-- gUITestRadiobuttonRepairAssessement -->
  <system-out/>
  <testcase classname="fieldServiceFormsTest.PositiveRepairAssessOtherGUITest" name="gUITestRadiobuttonRepairAssessement" time="0.000">
    <skipped/>
  </testcase> <!-- gUITestRadiobuttonRepairAssessement -->
  <system-out/>
  <testcase classname="fieldServiceFormsTest.PositiveRepairAssessOtherGUITest" name="gUITestRadiobuttonRepairAssessement" time="0.000">
    <skipped/>
  </testcase> <!-- gUITestRadiobuttonRepairAssessement -->
  <system-out/>
  <testcase classname="fieldServiceFormsTest.PositiveRepairAssessOtherGUITest" name="gUITestRadiobuttonRepairAssessement" time="0.000">
    <skipped/>
  </testcase> <!-- gUITestRadiobuttonRepairAssessement -->
  <system-out/>
  <testcase classname="fieldServiceFormsTest.PositiveRepairAssessOtherGUITest" name="gUITestRadiobuttonRepairAssessement" time="0.000">
    <skipped/>
  </testcase> <!-- gUITestRadiobuttonRepairAssessement -->
  <system-out/>
  <testcase classname="fieldServiceFormsTest.PositiveRepairAssessOtherGUITest" name="gUITestRadiobuttonRepairAssessement" time="0.000">
    <skipped/>
  </testcase> <!-- gUITestRadiobuttonRepairAssessement -->
  <system-out/>
  <testcase classname="fieldServiceFormsTest.PositiveRepairAssessOtherGUITest" name="gUITestRadiobuttonRepairAssessement" time="0.000">
    <skipped/>
  </testcase> <!-- gUITestRadiobuttonRepairAssessement -->
  <system-out/>
  <testcase classname="fieldServiceFormsTest.PositiveRepairAssessOtherGUITest" name="gUITestRadiobuttonRepairAssessement" time="0.000">
    <skipped/>
  </testcase> <!-- gUITestRadiobuttonRepairAssessement -->
  <system-out/>
  <testcase classname="fieldServiceFormsTest.PositiveRepairAssessOtherGUITest" name="gUITestRadiobuttonRepairAssessement" time="0.000">
    <skipped/>
  </testcase> <!-- gUITestRadiobuttonRepairAssessement -->
  <system-out/>
  <testcase classname="fieldServiceFormsTest.PositiveRepairAssessOtherGUITest" name="gUITestRadiobuttonRepairAssessement" time="0.000">
    <skipped/>
  </testcase> <!-- gUITestRadiobuttonRepairAssessement -->
  <system-out/>
  <testcase classname="fieldServiceFormsTest.PositiveRepairAssessOtherGUITest" name="gUITestRadiobuttonRepairAssessement" time="0.000">
    <skipped/>
  </testcase> <!-- gUITestRadiobuttonRepairAssessement -->
  <system-out/>
  <testcase classname="fieldServiceFormsTest.PositiveRepairAssessOtherGUITest" name="gUITestRadiobuttonRepairAssessement" time="0.000">
    <skipped/>
  </testcase> <!-- gUITestRadiobuttonRepairAssessement -->
  <system-out/>
  <testcase classname="fieldServiceFormsTest.PositiveRepairAssessOtherGUITest" name="gUITestRadiobuttonRepairAssessement" time="0.000">
    <skipped/>
  </testcase> <!-- gUITestRadiobuttonRepairAssessement -->
  <system-out/>
  <testcase classname="fieldServiceFormsTest.PositiveRepairAssessOtherGUITest" name="gUITestRadiobuttonRepairAssessement" time="0.000">
    <skipped/>
  </testcase> <!-- gUITestRadiobuttonRepairAssessement -->
  <system-out/>
  <testcase classname="fieldServiceFormsTest.PositiveRepairAssessOtherGUITest" name="gUITestRadiobuttonRepairAssessement" time="0.000">
    <skipped/>
  </testcase> <!-- gUITestRadiobuttonRepairAssessement -->
  <system-out/>
  <testcase classname="fieldServiceFormsTest.PositiveRepairAssessOtherGUITest" name="gUITestRadiobuttonRepairAssessement" time="0.000">
    <skipped/>
  </testcase> <!-- gUITestRadiobuttonRepairAssessement -->
  <system-out/>
  <testcase classname="fieldServiceFormsTest.PositiveRepairAssessOtherGUITest" name="gUITestRadiobuttonRepairAssessement" time="0.000">
    <skipped/>
  </testcase> <!-- gUITestRadiobuttonRepairAssessement -->
  <system-out/>
  <testcase classname="fieldServiceFormsTest.PositiveRepairAssessOtherGUITest" name="gUITestRadiobuttonRepairAssessement" time="0.000">
    <skipped/>
  </testcase> <!-- gUITestRadiobuttonRepairAssessement -->
  <system-out/>
  <testcase classname="fieldServiceFormsTest.PositiveRepairAssessOtherGUITest" name="gUITestRadiobuttonRepairAssessement" time="0.000">
    <skipped/>
  </testcase> <!-- gUITestRadiobuttonRepairAssessement -->
  <system-out/>
  <testcase classname="fieldServiceFormsTest.PositiveRepairAssessOtherGUITest" name="gUITestRadiobuttonRepairAssessement" time="0.000">
    <skipped/>
  </testcase> <!-- gUITestRadiobuttonRepairAssessement -->
  <system-out/>
  <testcase classname="fieldServiceFormsTest.PositiveRepairAssessOtherGUITest" name="gUITestRadiobuttonRepairAssessement" time="0.000">
    <skipped/>
  </testcase> <!-- gUITestRadiobuttonRepairAssessement -->
  <system-out/>
  <testcase classname="fieldServiceFormsTest.PositiveRepairAssessOtherGUITest" name="gUITestRadiobuttonRepairAssessement" time="0.000">
    <skipped/>
  </testcase> <!-- gUITestRadiobuttonRepairAssessement -->
  <system-out/>
  <testcase classname="fieldServiceFormsTest.PositiveRepairAssessOtherGUITest" name="gUITestRadiobuttonRepairAssessement" time="0.000">
    <skipped/>
  </testcase> <!-- gUITestRadiobuttonRepairAssessement -->
  <system-out/>
  <testcase classname="fieldServiceFormsTest.PositiveRepairAssessOtherGUITest" name="gUITestRadiobuttonRepairAssessement" time="0.000">
    <skipped/>
  </testcase> <!-- gUITestRadiobuttonRepairAssessement -->
  <system-out/>
  <testcase classname="fieldServiceFormsTest.PositiveRepairAssessOtherGUITest" name="gUITestRadiobuttonRepairAssessement" time="0.000">
    <skipped/>
  </testcase> <!-- gUITestRadiobuttonRepairAssessement -->
  <system-out/>
  <testcase classname="fieldServiceFormsTest.PositiveRepairAssessOtherGUITest" name="gUITestRadiobuttonRepairAssessement" time="0.000">
    <skipped/>
  </testcase> <!-- gUITestRadiobuttonRepairAssessement -->
  <system-out/>
  <testcase classname="fieldServiceFormsTest.PositiveRepairAssessOtherGUITest" name="gUITestRadiobuttonRepairAssessement" time="0.000">
    <skipped/>
  </testcase> <!-- gUITestRadiobuttonRepairAssessement -->
  <system-out/>
  <testcase classname="fieldServiceFormsTest.PositiveRepairAssessOtherGUITest" name="gUITestRadiobuttonRepairAssessement" time="0.000">
    <skipped/>
  </testcase> <!-- gUITestRadiobuttonRepairAssessement -->
  <system-out/>
  <testcase classname="fieldServiceFormsTest.PositiveRepairAssessOtherGUITest" name="gUITestRadiobuttonRepairAssessement" time="0.000">
    <skipped/>
  </testcase> <!-- gUITestRadiobuttonRepairAssessement -->
  <system-out/>
  <testcase classname="fieldServiceFormsTest.PositiveRepairAssessOtherGUITest" name="gUITestRadiobuttonRepairAssessement" time="0.000">
    <skipped/>
  </testcase> <!-- gUITestRadiobuttonRepairAssessement -->
  <system-out/>
  <testcase classname="fieldServiceFormsTest.PositiveRepairAssessOtherGUITest" name="gUITestRadiobuttonRepairAssessement" time="0.000">
    <skipped/>
  </testcase> <!-- gUITestRadiobuttonRepairAssessement -->
  <system-out/>
  <testcase classname="fieldServiceFormsTest.PositiveRepairAssessOtherGUITest" name="gUITestRadiobuttonRepairAssessement" time="0.000">
    <skipped/>
  </testcase> <!-- gUITestRadiobuttonRepairAssessement -->
  <system-out/>
  <testcase classname="fieldServiceFormsTest.PositiveRepairAssessOtherGUITest" name="gUITestRadiobuttonRepairAssessement" time="0.000">
    <skipped/>
  </testcase> <!-- gUITestRadiobuttonRepairAssessement -->
  <system-out/>
  <testcase classname="fieldServiceFormsTest.PositiveRepairAssessOtherGUITest" name="gUITestRadiobuttonRepairAssessement" time="0.000">
    <skipped/>
  </testcase> <!-- gUITestRadiobuttonRepairAssessement -->
  <system-out/>
  <testcase classname="fieldServiceFormsTest.PositiveRepairAssessOtherGUITest" name="gUITestRadiobuttonRepairAssessement" time="0.000">
    <skipped/>
  </testcase> <!-- gUITestRadiobuttonRepairAssessement -->
  <system-out/>
  <testcase classname="fieldServiceFormsTest.PositiveRepairAssessOtherGUITest" name="gUITestRadiobuttonRepairAssessement" time="0.000">
    <skipped/>
  </testcase> <!-- gUITestRadiobuttonRepairAssessement -->
  <system-out/>
  <testcase classname="fieldServiceFormsTest.PositiveRepairAssessOtherGUITest" name="gUITestRadiobuttonRepairAssessement" time="0.000">
    <skipped/>
  </testcase> <!-- gUITestRadiobuttonRepairAssessement -->
  <system-out/>
  <testcase classname="fieldServiceFormsTest.PositiveRepairAssessOtherGUITest" name="gUITestRadiobuttonRepairAssessement" time="0.000">
    <skipped/>
  </testcase> <!-- gUITestRadiobuttonRepairAssessement -->
  <system-out/>
  <testcase classname="fieldServiceFormsTest.PositiveRepairAssessOtherGUITest" name="gUITestRadiobuttonRepairAssessement" time="0.000">
    <skipped/>
  </testcase> <!-- gUITestRadiobuttonRepairAssessement -->
  <system-out/>
  <testcase classname="fieldServiceFormsTest.PositiveRepairAssessOtherGUITest" name="gUITestRadiobuttonRepairAssessement" time="0.000">
    <skipped/>
  </testcase> <!-- gUITestRadiobuttonRepairAssessement -->
  <system-out/>
  <testcase classname="fieldServiceFormsTest.PositiveRepairAssessOtherGUITest" name="gUITestRadiobuttonRepairAssessement" time="0.000">
    <skipped/>
  </testcase> <!-- gUITestRadiobuttonRepairAssessement -->
  <system-out/>
  <testcase classname="fieldServiceFormsTest.PositiveRepairAssessOtherGUITest" name="gUITestRadiobuttonRepairAssessement" time="0.000">
    <skipped/>
  </testcase> <!-- gUITestRadiobuttonRepairAssessement -->
  <system-out/>
  <testcase classname="fieldServiceFormsTest.PositiveRepairAssessOtherGUITest" name="gUITestRadiobuttonRepairAssessement" time="0.000">
    <skipped/>
  </testcase> <!-- gUITestRadiobuttonRepairAssessement -->
  <system-out/>
  <testcase classname="fieldServiceFormsTest.PositiveRepairAssessOtherGUITest" name="gUITestRadiobuttonRepairAssessement" time="0.000">
    <skipped/>
  </testcase> <!-- gUITestRadiobuttonRepairAssessement -->
  <system-out/>
  <testcase classname="fieldServiceFormsTest.PositiveRepairAssessOtherGUITest" name="gUITestRadiobuttonRepairAssessement" time="0.000">
    <skipped/>
  </testcase> <!-- gUITestRadiobuttonRepairAssessement -->
  <system-out/>
  <testcase classname="fieldServiceFormsTest.PositiveRepairAssessOtherGUITest" name="gUITestRadiobuttonRepairAssessement" time="0.000">
    <skipped/>
  </testcase> <!-- gUITestRadiobuttonRepairAssessement -->
  <system-out/>
  <testcase classname="fieldServiceFormsTest.PositiveRepairAssessOtherGUITest" name="gUITestRadiobuttonRepairAssessement" time="0.000">
    <skipped/>
  </testcase> <!-- gUITestRadiobuttonRepairAssessement -->
  <system-out/>
  <testcase classname="fieldServiceFormsTest.PositiveRepairAssessOtherGUITest" name="gUITestRadiobuttonRepairAssessement" time="0.000">
    <skipped/>
  </testcase> <!-- gUITestRadiobuttonRepairAssessement -->
  <system-out/>
  <testcase classname="fieldServiceFormsTest.PositiveRepairAssessOtherGUITest" name="gUITestRadiobuttonRepairAssessement" time="0.000">
    <skipped/>
  </testcase> <!-- gUITestRadiobuttonRepairAssessement -->
  <system-out/>
  <testcase classname="fieldServiceFormsTest.PositiveRepairAssessOtherGUITest" name="gUITestRadiobuttonRepairAssessement" time="0.000">
    <skipped/>
  </testcase> <!-- gUITestRadiobuttonRepairAssessement -->
  <system-out/>
  <testcase classname="fieldServiceFormsTest.PositiveRepairAssessOtherGUITest" name="gUITestRadiobuttonRepairAssessement" time="0.000">
    <skipped/>
  </testcase> <!-- gUITestRadiobuttonRepairAssessement -->
  <system-out/>
  <testcase classname="fieldServiceFormsTest.PositiveRepairAssessOtherGUITest" name="gUITestRadiobuttonRepairAssessement" time="0.000">
    <skipped/>
  </testcase> <!-- gUITestRadiobuttonRepairAssessement -->
  <system-out/>
  <testcase classname="fieldServiceFormsTest.PositiveRepairAssessOtherGUITest" name="gUITestRadiobuttonRepairAssessement" time="0.000">
    <skipped/>
  </testcase> <!-- gUITestRadiobuttonRepairAssessement -->
  <system-out/>
  <testcase classname="fieldServiceFormsTest.PositiveRepairAssessOtherGUITest" name="gUITestRadiobuttonRepairAssessement" time="0.000">
    <skipped/>
  </testcase> <!-- gUITestRadiobuttonRepairAssessement -->
  <system-out/>
  <testcase classname="fieldServiceFormsTest.PositiveRepairAssessOtherGUITest" name="gUITestRadiobuttonRepairAssessement" time="0.000">
    <skipped/>
  </testcase> <!-- gUITestRadiobuttonRepairAssessement -->
  <system-out/>
  <testcase classname="fieldServiceFormsTest.PositiveRepairAssessOtherGUITest" name="gUITestRadiobuttonRepairAssessement" time="0.000">
    <skipped/>
  </testcase> <!-- gUITestRadiobuttonRepairAssessement -->
  <system-out/>
  <testcase classname="fieldServiceFormsTest.PositiveRepairAssessOtherGUITest" name="gUITestRadiobuttonRepairAssessement" time="0.000">
    <skipped/>
  </testcase> <!-- gUITestRadiobuttonRepairAssessement -->
  <system-out/>
  <testcase classname="fieldServiceFormsTest.PositiveRepairAssessOtherGUITest" name="gUITestRadiobuttonRepairAssessement" time="0.000">
    <skipped/>
  </testcase> <!-- gUITestRadiobuttonRepairAssessement -->
  <system-out/>
  <testcase classname="fieldServiceFormsTest.PositiveRepairAssessOtherGUITest" name="gUITestRadiobuttonRepairAssessement" time="0.000">
    <skipped/>
  </testcase> <!-- gUITestRadiobuttonRepairAssessement -->
  <system-out/>
  <testcase classname="fieldServiceFormsTest.PositiveRepairAssessOtherGUITest" name="gUITestRadiobuttonRepairAssessement" time="0.000">
    <skipped/>
  </testcase> <!-- gUITestRadiobuttonRepairAssessement -->
  <system-out/>
  <testcase classname="fieldServiceFormsTest.PositiveRepairAssessOtherGUITest" name="gUITestRadiobuttonRepairAssessement" time="0.000">
    <skipped/>
  </testcase> <!-- gUITestRadiobuttonRepairAssessement -->
  <system-out/>
  <testcase classname="fieldServiceFormsTest.PositiveRepairAssessOtherGUITest" name="gUITestRadiobuttonRepairAssessement" time="0.000">
    <skipped/>
  </testcase> <!-- gUITestRadiobuttonRepairAssessement -->
  <system-out/>
  <testcase classname="fieldServiceFormsTest.PositiveRepairAssessOtherGUITest" name="gUITestRadiobuttonRepairAssessement" time="0.000">
    <skipped/>
  </testcase> <!-- gUITestRadiobuttonRepairAssessement -->
  <system-out/>
  <testcase classname="fieldServiceFormsTest.PositiveRepairAssessOtherGUITest" name="gUITestRadiobuttonRepairAssessement" time="0.000">
    <skipped/>
  </testcase> <!-- gUITestRadiobuttonRepairAssessement -->
  <system-out/>
  <testcase classname="fieldServiceFormsTest.PositiveRepairAssessOtherGUITest" name="gUITestRadiobuttonRepairAssessement" time="0.000">
    <skipped/>
  </testcase> <!-- gUITestRadiobuttonRepairAssessement -->
  <system-out/>
  <testcase classname="fieldServiceFormsTest.PositiveRepairAssessOtherGUITest" name="gUITestRadiobuttonRepairAssessement" time="0.000">
    <skipped/>
  </testcase> <!-- gUITestRadiobuttonRepairAssessement -->
  <system-out/>
  <testcase classname="fieldServiceFormsTest.PositiveRepairAssessOtherGUITest" name="gUITestRadiobuttonRepairAssessement" time="0.000">
    <skipped/>
  </testcase> <!-- gUITestRadiobuttonRepairAssessement -->
  <system-out/>
  <testcase classname="fieldServiceFormsTest.PositiveRepairAssessOtherGUITest" name="gUITestRadiobuttonRepairAssessement" time="0.000">
    <skipped/>
  </testcase> <!-- gUITestRadiobuttonRepairAssessement -->
  <system-out/>
  <testcase classname="fieldServiceFormsTest.PositiveRepairAssessOtherGUITest" name="gUITestRadiobuttonRepairAssessement" time="0.000">
    <skipped/>
  </testcase> <!-- gUITestRadiobuttonRepairAssessement -->
  <system-out/>
  <testcase classname="fieldServiceFormsTest.PositiveRepairAssessOtherGUITest" name="gUITestRadiobuttonRepairAssessement" time="0.000">
    <skipped/>
  </testcase> <!-- gUITestRadiobuttonRepairAssessement -->
  <system-out/>
  <testcase classname="fieldServiceFormsTest.PositiveRepairAssessOtherGUITest" name="gUITestRadiobuttonRepairAssessement" time="0.000">
    <skipped/>
  </testcase> <!-- gUITestRadiobuttonRepairAssessement -->
  <system-out/>
  <testcase classname="fieldServiceFormsTest.PositiveRepairAssessOtherGUITest" name="gUITestRadiobuttonRepairAssessement" time="0.000">
    <skipped/>
  </testcase> <!-- gUITestRadiobuttonRepairAssessement -->
  <system-out/>
  <testcase classname="fieldServiceFormsTest.PositiveRepairAssessOtherGUITest" name="gUITestRadiobuttonRepairAssessement" time="0.000">
    <skipped/>
  </testcase> <!-- gUITestRadiobuttonRepairAssessement -->
  <system-out/>
  <testcase classname="fieldServiceFormsTest.PositiveRepairAssessOtherGUITest" name="gUITestRadiobuttonRepairAssessement" time="0.000">
    <skipped/>
  </testcase> <!-- gUITestRadiobuttonRepairAssessement -->
  <system-out/>
  <testcase classname="fieldServiceFormsTest.PositiveRepairAssessOtherGUITest" name="gUITestRadiobuttonRepairAssessement" time="0.000">
    <skipped/>
  </testcase> <!-- gUITestRadiobuttonRepairAssessement -->
  <system-out/>
  <testcase classname="fieldServiceFormsTest.PositiveRepairAssessOtherGUITest" name="gUITestRadiobuttonRepairAssessement" time="0.000">
    <skipped/>
  </testcase> <!-- gUITestRadiobuttonRepairAssessement -->
  <system-out/>
  <testcase classname="fieldServiceFormsTest.PositiveRepairAssessOtherGUITest" name="gUITestRadiobuttonRepairAssessement" time="0.000">
    <skipped/>
  </testcase> <!-- gUITestRadiobuttonRepairAssessement -->
  <system-out/>
  <testcase classname="fieldServiceFormsTest.PositiveRepairAssessOtherGUITest" name="gUITestRadiobuttonRepairAssessement" time="0.000">
    <skipped/>
  </testcase> <!-- gUITestRadiobuttonRepairAssessement -->
  <system-out/>
  <testcase classname="fieldServiceFormsTest.PositiveRepairAssessOtherGUITest" name="gUITestRadiobuttonRepairAssessement" time="0.000">
    <skipped/>
  </testcase> <!-- gUITestRadiobuttonRepairAssessement -->
  <system-out/>
  <testcase classname="fieldServiceFormsTest.PositiveRepairAssessOtherGUITest" name="gUITestRadiobuttonRepairAssessement" time="0.000">
    <skipped/>
  </testcase> <!-- gUITestRadiobuttonRepairAssessement -->
  <system-out/>
  <testcase classname="fieldServiceFormsTest.PositiveRepairAssessOtherGUITest" name="gUITestRadiobuttonRepairAssessement" time="0.000">
    <skipped/>
  </testcase> <!-- gUITestRadiobuttonRepairAssessement -->
  <system-out/>
  <testcase classname="fieldServiceFormsTest.PositiveRepairAssessOtherGUITest" name="gUITestRadiobuttonRepairAssessement" time="0.000">
    <skipped/>
  </testcase> <!-- gUITestRadiobuttonRepairAssessement -->
  <system-out/>
  <testcase classname="fieldServiceFormsTest.PositiveRepairAssessOtherGUITest" name="gUITestRadiobuttonRepairAssessement" time="0.000">
    <skipped/>
  </testcase> <!-- gUITestRadiobuttonRepairAssessement -->
  <system-out/>
  <testcase classname="fieldServiceFormsTest.PositiveRepairAssessOtherGUITest" name="gUITestRadiobuttonRepairAssessement" time="0.000">
    <skipped/>
  </testcase> <!-- gUITestRadiobuttonRepairAssessement -->
  <system-out/>
  <testcase classname="fieldServiceFormsTest.PositiveRepairAssessOtherGUITest" name="gUITestRadiobuttonRepairAssessement" time="0.000">
    <skipped/>
  </testcase> <!-- gUITestRadiobuttonRepairAssessement -->
  <system-out/>
  <testcase classname="fieldServiceFormsTest.PositiveRepairAssessOtherGUITest" name="gUITestRadiobuttonRepairAssessement" time="0.000">
    <skipped/>
  </testcase> <!-- gUITestRadiobuttonRepairAssessement -->
  <system-out/>
  <testcase classname="fieldServiceFormsTest.PositiveRepairAssessOtherGUITest" name="gUITestRadiobuttonRepairAssessement" time="0.000">
    <skipped/>
  </testcase> <!-- gUITestRadiobuttonRepairAssessement -->
  <system-out/>
  <testcase classname="fieldServiceFormsTest.PositiveRepairAssessOtherGUITest" name="gUITestRadiobuttonRepairAssessement" time="0.000">
    <skipped/>
  </testcase> <!-- gUITestRadiobuttonRepairAssessement -->
  <system-out/>
  <testcase classname="fieldServiceFormsTest.PositiveRepairAssessOtherGUITest" name="gUITestRadiobuttonRepairAssessement" time="0.000">
    <skipped/>
  </testcase> <!-- gUITestRadiobuttonRepairAssessement -->
  <system-out/>
  <testcase classname="fieldServiceFormsTest.PositiveRepairAssessOtherGUITest" name="gUITestRadiobuttonRepairAssessement" time="0.000">
    <skipped/>
  </testcase> <!-- gUITestRadiobuttonRepairAssessement -->
  <system-out/>
  <testcase classname="fieldServiceFormsTest.PositiveRepairAssessOtherGUITest" name="gUITestRadiobuttonRepairAssessement" time="0.000">
    <skipped/>
  </testcase> <!-- gUITestRadiobuttonRepairAssessement -->
  <system-out/>
  <testcase classname="fieldServiceFormsTest.PositiveRepairAssessOtherGUITest" name="gUITestRadiobuttonRepairAssessement" time="0.000">
    <skipped/>
  </testcase> <!-- gUITestRadiobuttonRepairAssessement -->
  <system-out/>
  <testcase classname="fieldServiceFormsTest.PositiveRepairAssessOtherGUITest" name="gUITestRadiobuttonRepairAssessement" time="0.000">
    <skipped/>
  </testcase> <!-- gUITestRadiobuttonRepairAssessement -->
  <system-out/>
  <testcase classname="fieldServiceFormsTest.PositiveRepairAssessOtherGUITest" name="gUITestRadiobuttonRepairAssessement" time="0.000">
    <skipped/>
  </testcase> <!-- gUITestRadiobuttonRepairAssessement -->
  <system-out/>
  <testcase classname="fieldServiceFormsTest.PositiveRepairAssessOtherGUITest" name="gUITestRadiobuttonRepairAssessement" time="0.000">
    <skipped/>
  </testcase> <!-- gUITestRadiobuttonRepairAssessement -->
  <system-out/>
  <testcase classname="fieldServiceFormsTest.PositiveRepairAssessOtherGUITest" name="gUITestRadiobuttonRepairAssessement" time="0.000">
    <skipped/>
  </testcase> <!-- gUITestRadiobuttonRepairAssessement -->
  <system-out/>
  <testcase classname="fieldServiceFormsTest.PositiveRepairAssessOtherGUITest" name="gUITestRadiobuttonRepairAssessement" time="0.000">
    <skipped/>
  </testcase> <!-- gUITestRadiobuttonRepairAssessement -->
  <system-out/>
  <testcase classname="fieldServiceFormsTest.PositiveRepairAssessOtherGUITest" name="gUITestRadiobuttonRepairAssessement" time="0.000">
    <skipped/>
  </testcase> <!-- gUITestRadiobuttonRepairAssessement -->
  <system-out/>
  <testcase classname="fieldServiceFormsTest.PositiveRepairAssessOtherGUITest" name="gUITestRadiobuttonRepairAssessement" time="0.000">
    <skipped/>
  </testcase> <!-- gUITestRadiobuttonRepairAssessement -->
  <system-out/>
  <testcase classname="fieldServiceFormsTest.PositiveRepairAssessOtherGUITest" name="gUITestRadiobuttonRepairAssessement" time="0.000">
    <skipped/>
  </testcase> <!-- gUITestRadiobuttonRepairAssessement -->
  <system-out/>
  <testcase classname="fieldServiceFormsTest.PositiveRepairAssessOtherGUITest" name="gUITestRadiobuttonRepairAssessement" time="0.000">
    <skipped/>
  </testcase> <!-- gUITestRadiobuttonRepairAssessement -->
  <system-out/>
  <testcase classname="fieldServiceFormsTest.PositiveRepairAssessOtherGUITest" name="gUITestRadiobuttonRepairAssessement" time="0.000">
    <skipped/>
  </testcase> <!-- gUITestRadiobuttonRepairAssessement -->
  <system-out/>
  <testcase classname="fieldServiceFormsTest.PositiveRepairAssessOtherGUITest" name="gUITestRadiobuttonRepairAssessement" time="0.000">
    <skipped/>
  </testcase> <!-- gUITestRadiobuttonRepairAssessement -->
  <system-out/>
  <testcase classname="fieldServiceFormsTest.PositiveRepairAssessOtherGUITest" name="gUITestRadiobuttonRepairAssessement" time="0.000">
    <skipped/>
  </testcase> <!-- gUITestRadiobuttonRepairAssessement -->
  <system-out/>
  <testcase classname="fieldServiceFormsTest.PositiveRepairAssessOtherGUITest" name="gUITestRadiobuttonRepairAssessement" time="0.000">
    <skipped/>
  </testcase> <!-- gUITestRadiobuttonRepairAssessement -->
  <system-out/>
  <testcase classname="fieldServiceFormsTest.PositiveRepairAssessOtherGUITest" name="gUITestRadiobuttonRepairAssessement" time="0.000">
    <skipped/>
  </testcase> <!-- gUITestRadiobuttonRepairAssessement -->
  <system-out/>
  <testcase classname="fieldServiceFormsTest.PositiveRepairAssessOtherGUITest" name="gUITestRadiobuttonRepairAssessement" time="0.000">
    <skipped/>
  </testcase> <!-- gUITestRadiobuttonRepairAssessement -->
  <system-out/>
  <testcase classname="fieldServiceFormsTest.PositiveRepairAssessOtherGUITest" name="gUITestRadiobuttonRepairAssessement" time="0.000">
    <skipped/>
  </testcase> <!-- gUITestRadiobuttonRepairAssessement -->
  <system-out/>
  <testcase classname="fieldServiceFormsTest.PositiveRepairAssessOtherGUITest" name="gUITestRadiobuttonRepairAssessement" time="0.000">
    <skipped/>
  </testcase> <!-- gUITestRadiobuttonRepairAssessement -->
  <system-out/>
  <testcase classname="fieldServiceFormsTest.PositiveRepairAssessOtherGUITest" name="gUITestRadiobuttonRepairAssessement" time="0.000">
    <skipped/>
  </testcase> <!-- gUITestRadiobuttonRepairAssessement -->
  <system-out/>
  <testcase classname="fieldServiceFormsTest.PositiveRepairAssessOtherGUITest" name="gUITestRadiobuttonRepairAssessement" time="0.000">
    <skipped/>
  </testcase> <!-- gUITestRadiobuttonRepairAssessement -->
  <system-out/>
  <testcase classname="fieldServiceFormsTest.PositiveRepairAssessOtherGUITest" name="gUITestRadiobuttonRepairAssessement" time="0.000">
    <skipped/>
  </testcase> <!-- gUITestRadiobuttonRepairAssessement -->
  <system-out/>
  <testcase classname="fieldServiceFormsTest.PositiveRepairAssessOtherGUITest" name="gUITestRadiobuttonRepairAssessement" time="0.000">
    <skipped/>
  </testcase> <!-- gUITestRadiobuttonRepairAssessement -->
  <system-out/>
  <testcase classname="fieldServiceFormsTest.PositiveRepairAssessOtherGUITest" name="gUITestRadiobuttonRepairAssessement" time="0.000">
    <skipped/>
  </testcase> <!-- gUITestRadiobuttonRepairAssessement -->
  <system-out/>
  <testcase classname="fieldServiceFormsTest.PositiveRepairAssessOtherGUITest" name="gUITestRadiobuttonRepairAssessement" time="0.000">
    <skipped/>
  </testcase> <!-- gUITestRadiobuttonRepairAssessement -->
  <system-out/>
  <testcase classname="fieldServiceFormsTest.PositiveRepairAssessOtherGUITest" name="gUITestRadiobuttonRepairAssessement" time="0.000">
    <skipped/>
  </testcase> <!-- gUITestRadiobuttonRepairAssessement -->
  <system-out/>
  <testcase classname="fieldServiceFormsTest.PositiveRepairAssessOtherGUITest" name="gUITestRadiobuttonRepairAssessement" time="0.000">
    <skipped/>
  </testcase> <!-- gUITestRadiobuttonRepairAssessement -->
  <system-out/>
  <testcase classname="fieldServiceFormsTest.PositiveRepairAssessOtherGUITest" name="gUITestRadiobuttonRepairAssessement" time="0.000">
    <skipped/>
  </testcase> <!-- gUITestRadiobuttonRepairAssessement -->
  <system-out/>
  <testcase classname="fieldServiceFormsTest.PositiveRepairAssessOtherGUITest" name="gUITestRadiobuttonRepairAssessement" time="0.000">
    <skipped/>
  </testcase> <!-- gUITestRadiobuttonRepairAssessement -->
  <system-out/>
  <testcase classname="fieldServiceFormsTest.PositiveRepairAssessOtherGUITest" name="gUITestRadiobuttonRepairAssessement" time="0.000">
    <skipped/>
  </testcase> <!-- gUITestRadiobuttonRepairAssessement -->
  <system-out/>
  <testcase classname="fieldServiceFormsTest.PositiveRepairAssessOtherGUITest" name="gUITestRadiobuttonRepairAssessement" time="0.000">
    <skipped/>
  </testcase> <!-- gUITestRadiobuttonRepairAssessement -->
  <system-out/>
  <testcase classname="fieldServiceFormsTest.PositiveRepairAssessOtherGUITest" name="gUITestRadiobuttonRepairAssessement" time="0.000">
    <skipped/>
  </testcase> <!-- gUITestRadiobuttonRepairAssessement -->
  <system-out/>
  <testcase classname="fieldServiceFormsTest.PositiveRepairAssessOtherGUITest" name="gUITestRadiobuttonRepairAssessement" time="0.000">
    <skipped/>
  </testcase> <!-- gUITestRadiobuttonRepairAssessement -->
  <system-out/>
  <testcase classname="fieldServiceFormsTest.PositiveRepairAssessOtherGUITest" name="gUITestRadiobuttonRepairAssessement" time="0.000">
    <skipped/>
  </testcase> <!-- gUITestRadiobuttonRepairAssessement -->
  <system-out/>
  <testcase classname="fieldServiceFormsTest.PositiveRepairAssessOtherGUITest" name="gUITestRadiobuttonRepairAssessement" time="0.000">
    <skipped/>
  </testcase> <!-- gUITestRadiobuttonRepairAssessement -->
  <system-out/>
  <testcase classname="fieldServiceFormsTest.PositiveRepairAssessOtherGUITest" name="gUITestRadiobuttonRepairAssessement" time="0.000">
    <skipped/>
  </testcase> <!-- gUITestRadiobuttonRepairAssessement -->
  <system-out/>
  <testcase classname="fieldServiceFormsTest.PositiveRepairAssessOtherGUITest" name="gUITestRadiobuttonRepairAssessement" time="0.000">
    <skipped/>
  </testcase> <!-- gUITestRadiobuttonRepairAssessement -->
  <system-out/>
  <testcase classname="fieldServiceFormsTest.PositiveRepairAssessOtherGUITest" name="gUITestRadiobuttonRepairAssessement" time="0.000">
    <skipped/>
  </testcase> <!-- gUITestRadiobuttonRepairAssessement -->
  <system-out/>
  <testcase classname="fieldServiceFormsTest.PositiveRepairAssessOtherGUITest" name="gUITestRadiobuttonRepairAssessement" time="0.000">
    <skipped/>
  </testcase> <!-- gUITestRadiobuttonRepairAssessement -->
  <system-out/>
  <testcase classname="fieldServiceFormsTest.PositiveRepairAssessOtherGUITest" name="gUITestRadiobuttonRepairAssessement" time="0.000">
    <skipped/>
  </testcase> <!-- gUITestRadiobuttonRepairAssessement -->
  <system-out/>
  <testcase classname="fieldServiceFormsTest.PositiveRepairAssessOtherGUITest" name="gUITestRadiobuttonRepairAssessement" time="0.000">
    <skipped/>
  </testcase> <!-- gUITestRadiobuttonRepairAssessement -->
  <system-out/>
  <testcase classname="fieldServiceFormsTest.PositiveRepairAssessOtherGUITest" name="gUITestRadiobuttonRepairAssessement" time="0.000">
    <skipped/>
  </testcase> <!-- gUITestRadiobuttonRepairAssessement -->
  <system-out/>
  <testcase classname="fieldServiceFormsTest.PositiveRepairAssessOtherGUITest" name="gUITestRadiobuttonRepairAssessement" time="0.000">
    <skipped/>
  </testcase> <!-- gUITestRadiobuttonRepairAssessement -->
  <system-out/>
  <testcase classname="fieldServiceFormsTest.PositiveRepairAssessOtherGUITest" name="gUITestRadiobuttonRepairAssessement" time="0.000">
    <skipped/>
  </testcase> <!-- gUITestRadiobuttonRepairAssessement -->
  <system-out/>
  <testcase classname="fieldServiceFormsTest.PositiveRepairAssessOtherGUITest" name="gUITestRadiobuttonRepairAssessement" time="0.000">
    <skipped/>
  </testcase> <!-- gUITestRadiobuttonRepairAssessement -->
  <system-out/>
  <testcase classname="fieldServiceFormsTest.PositiveRepairAssessOtherGUITest" name="gUITestRadiobuttonRepairAssessement" time="0.000">
    <skipped/>
  </testcase> <!-- gUITestRadiobuttonRepairAssessement -->
  <system-out/>
  <testcase classname="fieldServiceFormsTest.PositiveRepairAssessOtherGUITest" name="gUITestRadiobuttonRepairAssessement" time="0.000">
    <skipped/>
  </testcase> <!-- gUITestRadiobuttonRepairAssessement -->
  <system-out/>
  <testcase classname="fieldServiceFormsTest.PositiveRepairAssessOtherGUITest" name="gUITestRadiobuttonRepairAssessement" time="0.000">
    <skipped/>
  </testcase> <!-- gUITestRadiobuttonRepairAssessement -->
  <system-out/>
  <testcase classname="fieldServiceFormsTest.PositiveRepairAssessOtherGUITest" name="gUITestRadiobuttonRepairAssessement" time="0.000">
    <skipped/>
  </testcase> <!-- gUITestRadiobuttonRepairAssessement -->
  <system-out/>
  <testcase classname="fieldServiceFormsTest.PositiveRepairAssessOtherGUITest" name="gUITestRadiobuttonRepairAssessement" time="0.000">
    <skipped/>
  </testcase> <!-- gUITestRadiobuttonRepairAssessement -->
  <system-out/>
  <testcase classname="fieldServiceFormsTest.PositiveRepairAssessOtherGUITest" name="gUITestRadiobuttonRepairAssessement" time="0.000">
    <skipped/>
  </testcase> <!-- gUITestRadiobuttonRepairAssessement -->
  <system-out/>
  <testcase classname="fieldServiceFormsTest.PositiveRepairAssessOtherGUITest" name="gUITestRadiobuttonRepairAssessement" time="0.000">
    <skipped/>
  </testcase> <!-- gUITestRadiobuttonRepairAssessement -->
  <system-out/>
  <testcase classname="fieldServiceFormsTest.PositiveRepairAssessOtherGUITest" name="gUITestRadiobuttonRepairAssessement" time="0.000">
    <skipped/>
  </testcase> <!-- gUITestRadiobuttonRepairAssessement -->
  <system-out/>
  <testcase classname="fieldServiceFormsTest.PositiveRepairAssessOtherGUITest" name="gUITestRadiobuttonRepairAssessement" time="0.000">
    <skipped/>
  </testcase> <!-- gUITestRadiobuttonRepairAssessement -->
  <system-out/>
  <testcase classname="fieldServiceFormsTest.PositiveRepairAssessOtherGUITest" name="gUITestRadiobuttonRepairAssessement" time="0.000">
    <skipped/>
  </testcase> <!-- gUITestRadiobuttonRepairAssessement -->
  <system-out/>
  <testcase classname="fieldServiceFormsTest.PositiveRepairAssessOtherGUITest" name="gUITestRadiobuttonRepairAssessement" time="0.000">
    <skipped/>
  </testcase> <!-- gUITestRadiobuttonRepairAssessement -->
  <system-out/>
  <testcase classname="fieldServiceFormsTest.PositiveRepairAssessOtherGUITest" name="gUITestRadiobuttonRepairAssessement" time="0.000">
    <skipped/>
  </testcase> <!-- gUITestRadiobuttonRepairAssessement -->
  <system-out/>
  <testcase classname="fieldServiceFormsTest.PositiveRepairAssessOtherGUITest" name="gUITestRadiobuttonRepairAssessement" time="0.000">
    <skipped/>
  </testcase> <!-- gUITestRadiobuttonRepairAssessement -->
  <system-out/>
  <testcase classname="fieldServiceFormsTest.PositiveRepairAssessOtherGUITest" name="gUITestRadiobuttonRepairAssessement" time="0.000">
    <skipped/>
  </testcase> <!-- gUITestRadiobuttonRepairAssessement -->
  <system-out/>
  <testcase classname="fieldServiceFormsTest.PositiveRepairAssessOtherGUITest" name="gUITestRadiobuttonRepairAssessement" time="0.000">
    <skipped/>
  </testcase> <!-- gUITestRadiobuttonRepairAssessement -->
  <system-out/>
  <testcase classname="fieldServiceFormsTest.PositiveRepairAssessOtherGUITest" name="gUITestRadiobuttonRepairAssessement" time="0.000">
    <skipped/>
  </testcase> <!-- gUITestRadiobuttonRepairAssessement -->
  <system-out/>
  <testcase classname="fieldServiceFormsTest.PositiveRepairAssessOtherGUITest" name="gUITestRadiobuttonRepairAssessement" time="0.000">
    <skipped/>
  </testcase> <!-- gUITestRadiobuttonRepairAssessement -->
  <system-out/>
  <testcase classname="fieldServiceFormsTest.PositiveRepairAssessOtherGUITest" name="gUITestRadiobuttonRepairAssessement" time="0.000">
    <skipped/>
  </testcase> <!-- gUITestRadiobuttonRepairAssessement -->
  <system-out/>
  <testcase classname="fieldServiceFormsTest.PositiveRepairAssessOtherGUITest" name="gUITestRadiobuttonRepairAssessement" time="0.000">
    <skipped/>
  </testcase> <!-- gUITestRadiobuttonRepairAssessement -->
  <system-out/>
  <testcase classname="fieldServiceFormsTest.PositiveRepairAssessOtherGUITest" name="gUITestRadiobuttonRepairAssessement" time="0.000">
    <skipped/>
  </testcase> <!-- gUITestRadiobuttonRepairAssessement -->
  <system-out/>
  <testcase classname="fieldServiceFormsTest.PositiveRepairAssessOtherGUITest" name="gUITestRadiobuttonRepairAssessement" time="0.000">
    <skipped/>
  </testcase> <!-- gUITestRadiobuttonRepairAssessement -->
  <system-out/>
  <testcase classname="fieldServiceFormsTest.PositiveRepairAssessOtherGUITest" name="gUITestRadiobuttonRepairAssessement" time="0.000">
    <skipped/>
  </testcase> <!-- gUITestRadiobuttonRepairAssessement -->
  <system-out/>
  <testcase classname="fieldServiceFormsTest.PositiveRepairAssessOtherGUITest" name="gUITestRadiobuttonRepairAssessement" time="0.000">
    <skipped/>
  </testcase> <!-- gUITestRadiobuttonRepairAssessement -->
  <system-out/>
  <testcase classname="fieldServiceFormsTest.PositiveRepairAssessOtherGUITest" name="gUITestRadiobuttonRepairAssessement" time="0.000">
    <skipped/>
  </testcase> <!-- gUITestRadiobuttonRepairAssessement -->
  <system-out/>
  <testcase classname="fieldServiceFormsTest.PositiveRepairAssessOtherGUITest" name="gUITestRadiobuttonRepairAssessement" time="0.000">
    <skipped/>
  </testcase> <!-- gUITestRadiobuttonRepairAssessement -->
  <system-out/>
  <testcase classname="fieldServiceFormsTest.PositiveRepairAssessOtherGUITest" name="gUITestRadiobuttonRepairAssessement" time="0.000">
    <skipped/>
  </testcase> <!-- gUITestRadiobuttonRepairAssessement -->
  <system-out/>
  <testcase classname="fieldServiceFormsTest.PositiveRepairAssessOtherGUITest" name="gUITestRadiobuttonRepairAssessement" time="0.000">
    <skipped/>
  </testcase> <!-- gUITestRadiobuttonRepairAssessement -->
  <system-out/>
  <testcase classname="fieldServiceFormsTest.PositiveRepairAssessOtherGUITest" name="gUITestRadiobuttonRepairAssessement" time="0.000">
    <skipped/>
  </testcase> <!-- gUITestRadiobuttonRepairAssessement -->
  <system-out/>
  <testcase classname="fieldServiceFormsTest.PositiveRepairAssessOtherGUITest" name="gUITestRadiobuttonRepairAssessement" time="0.000">
    <skipped/>
  </testcase> <!-- gUITestRadiobuttonRepairAssessement -->
  <system-out/>
  <testcase classname="fieldServiceFormsTest.PositiveRepairAssessOtherGUITest" name="gUITestRadiobuttonRepairAssessement" time="0.000">
    <skipped/>
  </testcase> <!-- gUITestRadiobuttonRepairAssessement -->
  <system-out/>
  <testcase classname="fieldServiceFormsTest.PositiveRepairAssessOtherGUITest" name="gUITestRadiobuttonRepairAssessement" time="0.000">
    <skipped/>
  </testcase> <!-- gUITestRadiobuttonRepairAssessement -->
  <system-out/>
  <testcase classname="fieldServiceFormsTest.PositiveRepairAssessOtherGUITest" name="gUITestRadiobuttonRepairAssessement" time="0.000">
    <skipped/>
  </testcase> <!-- gUITestRadiobuttonRepairAssessement -->
  <system-out/>
  <testcase classname="fieldServiceFormsTest.PositiveRepairAssessOtherGUITest" name="gUITestRadiobuttonRepairAssessement" time="0.000">
    <skipped/>
  </testcase> <!-- gUITestRadiobuttonRepairAssessement -->
  <system-out/>
  <testcase classname="fieldServiceFormsTest.PositiveRepairAssessOtherGUITest" name="gUITestRadiobuttonRepairAssessement" time="0.000">
    <skipped/>
  </testcase> <!-- gUITestRadiobuttonRepairAssessement -->
  <system-out/>
  <testcase classname="fieldServiceFormsTest.PositiveRepairAssessOtherGUITest" name="gUITestRadiobuttonRepairAssessement" time="0.000">
    <skipped/>
  </testcase> <!-- gUITestRadiobuttonRepairAssessement -->
  <system-out/>
  <testcase classname="fieldServiceFormsTest.PositiveRepairAssessOtherGUITest" name="gUITestRadiobuttonRepairAssessement" time="0.000">
    <skipped/>
  </testcase> <!-- gUITestRadiobuttonRepairAssessement -->
  <system-out/>
  <testcase classname="fieldServiceFormsTest.PositiveRepairAssessOtherGUITest" name="gUITestRadiobuttonRepairAssessement" time="0.000">
    <skipped/>
  </testcase> <!-- gUITestRadiobuttonRepairAssessement -->
  <system-out/>
  <testcase classname="fieldServiceFormsTest.PositiveRepairAssessOtherGUITest" name="gUITestRadiobuttonRepairAssessement" time="0.000">
    <skipped/>
  </testcase> <!-- gUITestRadiobuttonRepairAssessement -->
  <system-out/>
  <testcase classname="fieldServiceFormsTest.PositiveRepairAssessOtherGUITest" name="gUITestRadiobuttonRepairAssessement" time="0.000">
    <skipped/>
  </testcase> <!-- gUITestRadiobuttonRepairAssessement -->
  <system-out/>
  <testcase classname="fieldServiceFormsTest.PositiveRepairAssessOtherGUITest" name="gUITestRadiobuttonRepairAssessement" time="0.000">
    <skipped/>
  </testcase> <!-- gUITestRadiobuttonRepairAssessement -->
  <system-out/>
  <testcase classname="fieldServiceFormsTest.PositiveRepairAssessOtherGUITest" name="gUITestRadiobuttonRepairAssessement" time="0.000">
    <skipped/>
  </testcase> <!-- gUITestRadiobuttonRepairAssessement -->
  <system-out/>
  <testcase classname="fieldServiceFormsTest.PositiveRepairAssessOtherGUITest" name="gUITestRadiobuttonRepairAssessement" time="0.000">
    <skipped/>
  </testcase> <!-- gUITestRadiobuttonRepairAssessement -->
  <system-out/>
  <testcase classname="fieldServiceFormsTest.PositiveRepairAssessOtherGUITest" name="gUITestRadiobuttonRepairAssessement" time="0.000">
    <skipped/>
  </testcase> <!-- gUITestRadiobuttonRepairAssessement -->
  <system-out/>
  <testcase classname="fieldServiceFormsTest.PositiveRepairAssessOtherGUITest" name="gUITestRadiobuttonRepairAssessement" time="0.000">
    <skipped/>
  </testcase> <!-- gUITestRadiobuttonRepairAssessement -->
  <system-out/>
  <testcase classname="fieldServiceFormsTest.PositiveRepairAssessOtherGUITest" name="gUITestRadiobuttonRepairAssessement" time="0.000">
    <skipped/>
  </testcase> <!-- gUITestRadiobuttonRepairAssessement -->
  <system-out/>
  <testcase classname="fieldServiceFormsTest.PositiveRepairAssessOtherGUITest" name="gUITestRadiobuttonRepairAssessement" time="0.000">
    <skipped/>
  </testcase> <!-- gUITestRadiobuttonRepairAssessement -->
  <system-out/>
  <testcase classname="fieldServiceFormsTest.PositiveRepairAssessOtherGUITest" name="gUITestRadiobuttonRepairAssessement" time="0.000">
    <skipped/>
  </testcase> <!-- gUITestRadiobuttonRepairAssessement -->
  <system-out/>
  <testcase classname="fieldServiceFormsTest.PositiveRepairAssessOtherGUITest" name="gUITestRadiobuttonRepairAssessement" time="0.000">
    <skipped/>
  </testcase> <!-- gUITestRadiobuttonRepairAssessement -->
  <system-out/>
  <testcase classname="fieldServiceFormsTest.PositiveRepairAssessOtherGUITest" name="gUITestRadiobuttonRepairAssessement" time="0.000">
    <skipped/>
  </testcase> <!-- gUITestRadiobuttonRepairAssessement -->
  <system-out/>
  <testcase classname="fieldServiceFormsTest.PositiveRepairAssessOtherGUITest" name="gUITestRadiobuttonRepairAssessement" time="0.000">
    <skipped/>
  </testcase> <!-- gUITestRadiobuttonRepairAssessement -->
  <system-out/>
  <testcase classname="fieldServiceFormsTest.PositiveRepairAssessOtherGUITest" name="gUITestRadiobuttonRepairAssessement" time="0.000">
    <skipped/>
  </testcase> <!-- gUITestRadiobuttonRepairAssessement -->
  <system-out/>
  <testcase classname="fieldServiceFormsTest.PositiveRepairAssessOtherGUITest" name="gUITestRadiobuttonRepairAssessement" time="0.000">
    <skipped/>
  </testcase> <!-- gUITestRadiobuttonRepairAssessement -->
  <system-out/>
  <testcase classname="fieldServiceFormsTest.PositiveRepairAssessOtherGUITest" name="gUITestRadiobuttonRepairAssessement" time="0.000">
    <skipped/>
  </testcase> <!-- gUITestRadiobuttonRepairAssessement -->
  <system-out/>
  <testcase classname="fieldServiceFormsTest.PositiveRepairAssessOtherGUITest" name="gUITestRadiobuttonRepairAssessement" time="0.000">
    <skipped/>
  </testcase> <!-- gUITestRadiobuttonRepairAssessement -->
  <system-out/>
  <testcase classname="fieldServiceFormsTest.PositiveRepairAssessOtherGUITest" name="gUITestRadiobuttonRepairAssessement" time="0.000">
    <skipped/>
  </testcase> <!-- gUITestRadiobuttonRepairAssessement -->
  <system-out/>
  <testcase classname="fieldServiceFormsTest.PositiveRepairAssessOtherGUITest" name="gUITestRadiobuttonRepairAssessement" time="0.000">
    <skipped/>
  </testcase> <!-- gUITestRadiobuttonRepairAssessement -->
  <system-out/>
  <testcase classname="fieldServiceFormsTest.PositiveRepairAssessOtherGUITest" name="gUITestRadiobuttonRepairAssessement" time="0.000">
    <skipped/>
  </testcase> <!-- gUITestRadiobuttonRepairAssessement -->
  <system-out/>
  <testcase classname="fieldServiceFormsTest.PositiveRepairAssessOtherGUITest" name="gUITestRadiobuttonRepairAssessement" time="0.000">
    <skipped/>
  </testcase> <!-- gUITestRadiobuttonRepairAssessement -->
  <system-out/>
  <testcase classname="fieldServiceFormsTest.PositiveRepairAssessOtherGUITest" name="gUITestRadiobuttonRepairAssessement" time="0.000">
    <skipped/>
  </testcase> <!-- gUITestRadiobuttonRepairAssessement -->
  <system-out/>
  <testcase classname="fieldServiceFormsTest.PositiveRepairAssessOtherGUITest" name="gUITestRadiobuttonRepairAssessement" time="0.000">
    <skipped/>
  </testcase> <!-- gUITestRadiobuttonRepairAssessement -->
  <system-out/>
  <testcase classname="fieldServiceFormsTest.PositiveRepairAssessOtherGUITest" name="gUITestRadiobuttonRepairAssessement" time="0.000">
    <skipped/>
  </testcase> <!-- gUITestRadiobuttonRepairAssessement -->
  <system-out/>
  <testcase classname="fieldServiceFormsTest.PositiveRepairAssessOtherGUITest" name="gUITestRadiobuttonRepairAssessement" time="0.000">
    <skipped/>
  </testcase> <!-- gUITestRadiobuttonRepairAssessement -->
  <system-out/>
  <testcase classname="fieldServiceFormsTest.PositiveRepairAssessOtherGUITest" name="gUITestRadiobuttonRepairAssessement" time="0.000">
    <skipped/>
  </testcase> <!-- gUITestRadiobuttonRepairAssessement -->
  <system-out/>
  <testcase classname="fieldServiceFormsTest.PositiveRepairAssessOtherGUITest" name="gUITestRadiobuttonRepairAssessement" time="0.000">
    <skipped/>
  </testcase> <!-- gUITestRadiobuttonRepairAssessement -->
  <system-out/>
  <testcase classname="fieldServiceFormsTest.PositiveRepairAssessOtherGUITest" name="gUITestRadiobuttonRepairAssessement" time="0.000">
    <skipped/>
  </testcase> <!-- gUITestRadiobuttonRepairAssessement -->
  <system-out/>
  <testcase classname="fieldServiceFormsTest.PositiveRepairAssessOtherGUITest" name="gUITestRadiobuttonRepairAssessement" time="0.000">
    <skipped/>
  </testcase> <!-- gUITestRadiobuttonRepairAssessement -->
  <system-out/>
  <testcase classname="fieldServiceFormsTest.PositiveRepairAssessOtherGUITest" name="gUITestRadiobuttonRepairAssessement" time="0.000">
    <skipped/>
  </testcase> <!-- gUITestRadiobuttonRepairAssessement -->
  <system-out/>
  <testcase classname="fieldServiceFormsTest.PositiveRepairAssessOtherGUITest" name="gUITestRadiobuttonRepairAssessement" time="0.000">
    <skipped/>
  </testcase> <!-- gUITestRadiobuttonRepairAssessement -->
  <system-out/>
  <testcase classname="fieldServiceFormsTest.PositiveRepairAssessOtherGUITest" name="gUITestRadiobuttonRepairAssessement" time="0.000">
    <skipped/>
  </testcase> <!-- gUITestRadiobuttonRepairAssessement -->
  <system-out/>
  <testcase classname="fieldServiceFormsTest.PositiveRepairAssessOtherGUITest" name="gUITestRadiobuttonRepairAssessement" time="0.000">
    <skipped/>
  </testcase> <!-- gUITestRadiobuttonRepairAssessement -->
  <system-out/>
  <testcase classname="fieldServiceFormsTest.PositiveRepairAssessOtherGUITest" name="gUITestRadiobuttonRepairAssessement" time="0.000">
    <skipped/>
  </testcase> <!-- gUITestRadiobuttonRepairAssessement -->
  <system-out/>
  <testcase classname="fieldServiceFormsTest.PositiveRepairAssessOtherGUITest" name="gUITestRadiobuttonRepairAssessement" time="0.000">
    <skipped/>
  </testcase> <!-- gUITestRadiobuttonRepairAssessement -->
  <system-out/>
  <testcase classname="fieldServiceFormsTest.PositiveRepairAssessOtherGUITest" name="gUITestRadiobuttonRepairAssessement" time="0.000">
    <skipped/>
  </testcase> <!-- gUITestRadiobuttonRepairAssessement -->
  <system-out/>
  <testcase classname="fieldServiceFormsTest.PositiveRepairAssessOtherGUITest" name="gUITestRadiobuttonRepairAssessement" time="0.000">
    <skipped/>
  </testcase> <!-- gUITestRadiobuttonRepairAssessement -->
  <system-out/>
  <testcase classname="fieldServiceFormsTest.PositiveRepairAssessOtherGUITest" name="gUITestRadiobuttonRepairAssessement" time="0.000">
    <skipped/>
  </testcase> <!-- gUITestRadiobuttonRepairAssessement -->
  <system-out/>
  <testcase classname="fieldServiceFormsTest.PositiveRepairAssessOtherGUITest" name="gUITestRadiobuttonRepairAssessement" time="0.000">
    <skipped/>
  </testcase> <!-- gUITestRadiobuttonRepairAssessement -->
  <system-out/>
  <testcase classname="fieldServiceFormsTest.PositiveRepairAssessOtherGUITest" name="gUITestRadiobuttonRepairAssessement" time="0.000">
    <skipped/>
  </testcase> <!-- gUITestRadiobuttonRepairAssessement -->
  <system-out/>
  <testcase classname="fieldServiceFormsTest.PositiveRepairAssessOtherGUITest" name="gUITestRadiobuttonRepairAssessement" time="0.000">
    <skipped/>
  </testcase> <!-- gUITestRadiobuttonRepairAssessement -->
  <system-out/>
  <testcase classname="fieldServiceFormsTest.PositiveRepairAssessOtherGUITest" name="gUITestRadiobuttonRepairAssessement" time="0.000">
    <skipped/>
  </testcase> <!-- gUITestRadiobuttonRepairAssessement -->
  <system-out/>
  <testcase classname="fieldServiceFormsTest.PositiveRepairAssessOtherGUITest" name="gUITestRadiobuttonRepairAssessement" time="0.000">
    <skipped/>
  </testcase> <!-- gUITestRadiobuttonRepairAssessement -->
  <system-out/>
  <testcase classname="fieldServiceFormsTest.PositiveRepairAssessOtherGUITest" name="gUITestRadiobuttonRepairAssessement" time="0.000">
    <skipped/>
  </testcase> <!-- gUITestRadiobuttonRepairAssessement -->
  <system-out/>
  <testcase classname="fieldServiceFormsTest.PositiveRepairAssessOtherGUITest" name="gUITestRadiobuttonRepairAssessement" time="0.000">
    <skipped/>
  </testcase> <!-- gUITestRadiobuttonRepairAssessement -->
  <system-out/>
  <testcase classname="fieldServiceFormsTest.PositiveRepairAssessOtherGUITest" name="gUITestRadiobuttonRepairAssessement" time="0.000">
    <skipped/>
  </testcase> <!-- gUITestRadiobuttonRepairAssessement -->
  <system-out/>
  <testcase classname="fieldServiceFormsTest.PositiveRepairAssessOtherGUITest" name="gUITestRadiobuttonRepairAssessement" time="0.000">
    <skipped/>
  </testcase> <!-- gUITestRadiobuttonRepairAssessement -->
  <system-out/>
  <testcase classname="fieldServiceFormsTest.PositiveRepairAssessOtherGUITest" name="gUITestRadiobuttonRepairAssessement" time="0.000">
    <skipped/>
  </testcase> <!-- gUITestRadiobuttonRepairAssessement -->
  <system-out/>
  <testcase classname="fieldServiceFormsTest.PositiveRepairAssessOtherGUITest" name="gUITestRadiobuttonRepairAssessement" time="0.000">
    <skipped/>
  </testcase> <!-- gUITestRadiobuttonRepairAssessement -->
  <system-out/>
  <testcase classname="fieldServiceFormsTest.PositiveRepairAssessOtherGUITest" name="gUITestRadiobuttonRepairAssessement" time="0.000">
    <skipped/>
  </testcase> <!-- gUITestRadiobuttonRepairAssessement -->
  <system-out/>
  <testcase classname="fieldServiceFormsTest.PositiveRepairAssessOtherGUITest" name="gUITestRadiobuttonRepairAssessement" time="0.000">
    <skipped/>
  </testcase> <!-- gUITestRadiobuttonRepairAssessement -->
  <system-out/>
  <testcase classname="fieldServiceFormsTest.PositiveRepairAssessOtherGUITest" name="gUITestRadiobuttonRepairAssessement" time="0.000">
    <skipped/>
  </testcase> <!-- gUITestRadiobuttonRepairAssessement -->
  <system-out/>
  <testcase classname="fieldServiceFormsTest.PositiveRepairAssessOtherGUITest" name="gUITestRadiobuttonRepairAssessement" time="0.000">
    <skipped/>
  </testcase> <!-- gUITestRadiobuttonRepairAssessement -->
  <system-out/>
  <testcase classname="fieldServiceFormsTest.PositiveRepairAssessOtherGUITest" name="gUITestRadiobuttonRepairAssessement" time="0.000">
    <skipped/>
  </testcase> <!-- gUITestRadiobuttonRepairAssessement -->
  <system-out/>
  <testcase classname="fieldServiceFormsTest.PositiveRepairAssessOtherGUITest" name="gUITestRadiobuttonRepairAssessement" time="0.000">
    <skipped/>
  </testcase> <!-- gUITestRadiobuttonRepairAssessement -->
  <system-out/>
  <testcase classname="fieldServiceFormsTest.PositiveRepairAssessOtherGUITest" name="gUITestRadiobuttonRepairAssessement" time="0.000">
    <skipped/>
  </testcase> <!-- gUITestRadiobuttonRepairAssessement -->
  <system-out/>
  <testcase classname="fieldServiceFormsTest.PositiveRepairAssessOtherGUITest" name="gUITestRadiobuttonRepairAssessement" time="0.000">
    <skipped/>
  </testcase> <!-- gUITestRadiobuttonRepairAssessement -->
  <system-out/>
  <testcase classname="fieldServiceFormsTest.PositiveRepairAssessOtherGUITest" name="gUITestRadiobuttonRepairAssessement" time="0.000">
    <skipped/>
  </testcase> <!-- gUITestRadiobuttonRepairAssessement -->
  <system-out/>
  <testcase classname="fieldServiceFormsTest.PositiveRepairAssessOtherGUITest" name="gUITestRadiobuttonRepairAssessement" time="0.000">
    <skipped/>
  </testcase> <!-- gUITestRadiobuttonRepairAssessement -->
  <system-out/>
  <testcase classname="fieldServiceFormsTest.PositiveRepairAssessOtherGUITest" name="gUITestRadiobuttonRepairAssessement" time="0.000">
    <skipped/>
  </testcase> <!-- gUITestRadiobuttonRepairAssessement -->
  <system-out/>
  <testcase classname="fieldServiceFormsTest.PositiveRepairAssessOtherGUITest" name="gUITestRadiobuttonRepairAssessement" time="0.000">
    <skipped/>
  </testcase> <!-- gUITestRadiobuttonRepairAssessement -->
  <system-out/>
  <testcase classname="fieldServiceFormsTest.PositiveRepairAssessOtherGUITest" name="gUITestRadiobuttonRepairAssessement" time="0.000">
    <skipped/>
  </testcase> <!-- gUITestRadiobuttonRepairAssessement -->
  <system-out/>
  <testcase classname="fieldServiceFormsTest.PositiveRepairAssessOtherGUITest" name="gUITestRadiobuttonRepairAssessement" time="0.000">
    <skipped/>
  </testcase> <!-- gUITestRadiobuttonRepairAssessement -->
  <system-out/>
  <testcase classname="fieldServiceFormsTest.PositiveRepairAssessOtherGUITest" name="gUITestRadiobuttonRepairAssessement" time="0.000">
    <skipped/>
  </testcase> <!-- gUITestRadiobuttonRepairAssessement -->
  <system-out/>
  <testcase classname="fieldServiceFormsTest.PositiveRepairAssessOtherGUITest" name="gUITestRadiobuttonRepairAssessement" time="0.000">
    <skipped/>
  </testcase> <!-- gUITestRadiobuttonRepairAssessement -->
  <system-out/>
  <testcase classname="fieldServiceFormsTest.PositiveRepairAssessOtherGUITest" name="gUITestRadiobuttonRepairAssessement" time="0.000">
    <skipped/>
  </testcase> <!-- gUITestRadiobuttonRepairAssessement -->
  <system-out/>
  <testcase classname="fieldServiceFormsTest.PositiveRepairAssessOtherGUITest" name="gUITestRadiobuttonRepairAssessement" time="0.000">
    <skipped/>
  </testcase> <!-- gUITestRadiobuttonRepairAssessement -->
  <system-out/>
  <testcase classname="fieldServiceFormsTest.PositiveRepairAssessOtherGUITest" name="gUITestRadiobuttonRepairAssessement" time="0.000">
    <skipped/>
  </testcase> <!-- gUITestRadiobuttonRepairAssessement -->
  <system-out/>
  <testcase classname="fieldServiceFormsTest.PositiveRepairAssessOtherGUITest" name="gUITestRadiobuttonRepairAssessement" time="0.000">
    <skipped/>
  </testcase> <!-- gUITestRadiobuttonRepairAssessement -->
  <system-out/>
  <testcase classname="fieldServiceFormsTest.PositiveRepairAssessOtherGUITest" name="gUITestRadiobuttonRepairAssessement" time="0.000">
    <skipped/>
  </testcase> <!-- gUITestRadiobuttonRepairAssessement -->
  <system-out/>
  <testcase classname="fieldServiceFormsTest.PositiveRepairAssessOtherGUITest" name="gUITestRadiobuttonRepairAssessement" time="0.000">
    <skipped/>
  </testcase> <!-- gUITestRadiobuttonRepairAssessement -->
  <system-out/>
  <testcase classname="fieldServiceFormsTest.PositiveRepairAssessOtherGUITest" name="gUITestRadiobuttonRepairAssessement" time="0.000">
    <skipped/>
  </testcase> <!-- gUITestRadiobuttonRepairAssessement -->
  <system-out/>
  <testcase classname="fieldServiceFormsTest.PositiveRepairAssessOtherGUITest" name="gUITestRadiobuttonRepairAssessement" time="0.000">
    <skipped/>
  </testcase> <!-- gUITestRadiobuttonRepairAssessement -->
  <system-out/>
  <testcase classname="fieldServiceFormsTest.PositiveRepairAssessOtherGUITest" name="gUITestRadiobuttonRepairAssessement" time="0.000">
    <skipped/>
  </testcase> <!-- gUITestRadiobuttonRepairAssessement -->
  <system-out/>
  <testcase classname="fieldServiceFormsTest.PositiveRepairAssessOtherGUITest" name="gUITestRadiobuttonRepairAssessement" time="0.000">
    <skipped/>
  </testcase> <!-- gUITestRadiobuttonRepairAssessement -->
  <system-out/>
  <testcase classname="fieldServiceFormsTest.PositiveRepairAssessOtherGUITest" name="gUITestRadiobuttonRepairAssessement" time="0.000">
    <skipped/>
  </testcase> <!-- gUITestRadiobuttonRepairAssessement -->
  <system-out/>
  <testcase classname="fieldServiceFormsTest.PositiveRepairAssessOtherGUITest" name="gUITestRadiobuttonRepairAssessement" time="0.000">
    <skipped/>
  </testcase> <!-- gUITestRadiobuttonRepairAssessement -->
  <system-out/>
  <testcase classname="fieldServiceFormsTest.PositiveRepairAssessOtherGUITest" name="gUITestRadiobuttonRepairAssessement" time="0.000">
    <skipped/>
  </testcase> <!-- gUITestRadiobuttonRepairAssessement -->
  <system-out/>
  <testcase classname="fieldServiceFormsTest.PositiveRepairAssessOtherGUITest" name="gUITestRadiobuttonRepairAssessement" time="0.000">
    <skipped/>
  </testcase> <!-- gUITestRadiobuttonRepairAssessement -->
  <system-out/>
  <testcase classname="fieldServiceFormsTest.PositiveRepairAssessOtherGUITest" name="gUITestRadiobuttonRepairAssessement" time="0.000">
    <skipped/>
  </testcase> <!-- gUITestRadiobuttonRepairAssessement -->
  <system-out/>
  <testcase classname="fieldServiceFormsTest.PositiveRepairAssessOtherGUITest" name="gUITestRadiobuttonRepairAssessement" time="0.000">
    <skipped/>
  </testcase> <!-- gUITestRadiobuttonRepairAssessement -->
  <system-out/>
  <testcase classname="fieldServiceFormsTest.PositiveRepairAssessOtherGUITest" name="gUITestRadiobuttonRepairAssessement" time="0.000">
    <skipped/>
  </testcase> <!-- gUITestRadiobuttonRepairAssessement -->
  <system-out/>
  <testcase classname="fieldServiceFormsTest.PositiveRepairAssessOtherGUITest" name="gUITestRadiobuttonRepairAssessement" time="0.000">
    <skipped/>
  </testcase> <!-- gUITestRadiobuttonRepairAssessement -->
  <system-out/>
  <testcase classname="fieldServiceFormsTest.PositiveRepairAssessOtherGUITest" name="gUITestRadiobuttonRepairAssessement" time="0.000">
    <skipped/>
  </testcase> <!-- gUITestRadiobuttonRepairAssessement -->
  <system-out/>
  <testcase classname="fieldServiceFormsTest.PositiveRepairAssessOtherGUITest" name="gUITestRadiobuttonRepairAssessement" time="0.000">
    <skipped/>
  </testcase> <!-- gUITestRadiobuttonRepairAssessement -->
  <system-out/>
  <testcase classname="fieldServiceFormsTest.PositiveRepairAssessOtherGUITest" name="gUITestRadiobuttonRepairAssessement" time="0.000">
    <skipped/>
  </testcase> <!-- gUITestRadiobuttonRepairAssessement -->
  <system-out/>
  <testcase classname="fieldServiceFormsTest.PositiveRepairAssessOtherGUITest" name="gUITestRadiobuttonRepairAssessement" time="0.000">
    <skipped/>
  </testcase> <!-- gUITestRadiobuttonRepairAssessement -->
  <system-out/>
  <testcase classname="fieldServiceFormsTest.PositiveRepairAssessOtherGUITest" name="gUITestRadiobuttonRepairAssessement" time="0.000">
    <skipped/>
  </testcase> <!-- gUITestRadiobuttonRepairAssessement -->
  <system-out/>
  <testcase classname="fieldServiceFormsTest.PositiveRepairAssessOtherGUITest" name="gUITestRadiobuttonRepairAssessement" time="0.000">
    <skipped/>
  </testcase> <!-- gUITestRadiobuttonRepairAssessement -->
  <system-out/>
  <testcase classname="fieldServiceFormsTest.PositiveRepairAssessOtherGUITest" name="gUITestRadiobuttonRepairAssessement" time="0.000">
    <skipped/>
  </testcase> <!-- gUITestRadiobuttonRepairAssessement -->
  <system-out/>
  <testcase classname="fieldServiceFormsTest.PositiveRepairAssessOtherGUITest" name="gUITestRadiobuttonRepairAssessement" time="0.000">
    <skipped/>
  </testcase> <!-- gUITestRadiobuttonRepairAssessement -->
  <system-out/>
  <testcase classname="fieldServiceFormsTest.PositiveRepairAssessOtherGUITest" name="gUITestRadiobuttonRepairAssessement" time="0.000">
    <skipped/>
  </testcase> <!-- gUITestRadiobuttonRepairAssessement -->
  <system-out/>
  <testcase classname="fieldServiceFormsTest.PositiveRepairAssessOtherGUITest" name="gUITestRadiobuttonRepairAssessement" time="0.000">
    <skipped/>
  </testcase> <!-- gUITestRadiobuttonRepairAssessement -->
  <system-out/>
  <testcase classname="fieldServiceFormsTest.PositiveRepairAssessOtherGUITest" name="gUITestRadiobuttonRepairAssessement" time="0.000">
    <skipped/>
  </testcase> <!-- gUITestRadiobuttonRepairAssessement -->
  <system-out/>
  <testcase classname="fieldServiceFormsTest.PositiveRepairAssessOtherGUITest" name="gUITestRadiobuttonRepairAssessement" time="0.000">
    <skipped/>
  </testcase> <!-- gUITestRadiobuttonRepairAssessement -->
  <system-out/>
  <testcase classname="fieldServiceFormsTest.PositiveRepairAssessOtherGUITest" name="gUITestRadiobuttonRepairAssessement" time="0.000">
    <skipped/>
  </testcase> <!-- gUITestRadiobuttonRepairAssessement -->
  <system-out/>
  <testcase classname="fieldServiceFormsTest.PositiveRepairAssessOtherGUITest" name="gUITestRadiobuttonRepairAssessement" time="0.000">
    <skipped/>
  </testcase> <!-- gUITestRadiobuttonRepairAssessement -->
  <system-out/>
  <testcase classname="fieldServiceFormsTest.PositiveRepairAssessOtherGUITest" name="gUITestRadiobuttonRepairAssessement" time="0.000">
    <skipped/>
  </testcase> <!-- gUITestRadiobuttonRepairAssessement -->
  <system-out/>
  <testcase classname="fieldServiceFormsTest.PositiveRepairAssessOtherGUITest" name="gUITestRadiobuttonRepairAssessement" time="0.000">
    <skipped/>
  </testcase> <!-- gUITestRadiobuttonRepairAssessement -->
  <system-out/>
  <testcase classname="fieldServiceFormsTest.PositiveRepairAssessOtherGUITest" name="gUITestRadiobuttonRepairAssessement" time="0.000">
    <skipped/>
  </testcase> <!-- gUITestRadiobuttonRepairAssessement -->
  <system-out/>
  <testcase classname="fieldServiceFormsTest.PositiveRepairAssessOtherGUITest" name="gUITestRadiobuttonRepairAssessement" time="0.000">
    <skipped/>
  </testcase> <!-- gUITestRadiobuttonRepairAssessement -->
  <system-out/>
  <testcase classname="fieldServiceFormsTest.PositiveRepairAssessOtherGUITest" name="gUITestRadiobuttonRepairAssessement" time="0.000">
    <skipped/>
  </testcase> <!-- gUITestRadiobuttonRepairAssessement -->
  <system-out/>
  <testcase classname="fieldServiceFormsTest.PositiveRepairAssessOtherGUITest" name="gUITestRadiobuttonRepairAssessement" time="0.000">
    <skipped/>
  </testcase> <!-- gUITestRadiobuttonRepairAssessement -->
  <system-out/>
  <testcase classname="fieldServiceFormsTest.PositiveRepairAssessOtherGUITest" name="gUITestRadiobuttonRepairAssessement" time="0.000">
    <skipped/>
  </testcase> <!-- gUITestRadiobuttonRepairAssessement -->
  <system-out/>
  <testcase classname="fieldServiceFormsTest.PositiveRepairAssessOtherGUITest" name="gUITestRadiobuttonRepairAssessement" time="0.000">
    <skipped/>
  </testcase> <!-- gUITestRadiobuttonRepairAssessement -->
  <system-out/>
  <testcase classname="fieldServiceFormsTest.PositiveRepairAssessOtherGUITest" name="gUITestRadiobuttonRepairAssessement" time="0.000">
    <skipped/>
  </testcase> <!-- gUITestRadiobuttonRepairAssessement -->
  <system-out/>
  <testcase classname="fieldServiceFormsTest.PositiveRepairAssessOtherGUITest" name="gUITestRadiobuttonRepairAssessement" time="0.000">
    <skipped/>
  </testcase> <!-- gUITestRadiobuttonRepairAssessement -->
  <system-out/>
  <testcase classname="fieldServiceFormsTest.PositiveRepairAssessOtherGUITest" name="gUITestRadiobuttonRepairAssessement" time="0.000">
    <skipped/>
  </testcase> <!-- gUITestRadiobuttonRepairAssessement -->
  <system-out/>
  <testcase classname="fieldServiceFormsTest.PositiveRepairAssessOtherGUITest" name="gUITestRadiobuttonRepairAssessement" time="0.000">
    <skipped/>
  </testcase> <!-- gUITestRadiobuttonRepairAssessement -->
  <system-out/>
  <testcase classname="fieldServiceFormsTest.PositiveRepairAssessOtherGUITest" name="gUITestRadiobuttonRepairAssessement" time="0.000">
    <skipped/>
  </testcase> <!-- gUITestRadiobuttonRepairAssessement -->
  <system-out/>
  <testcase classname="fieldServiceFormsTest.PositiveRepairAssessOtherGUITest" name="gUITestRadiobuttonRepairAssessement" time="0.000">
    <skipped/>
  </testcase> <!-- gUITestRadiobuttonRepairAssessement -->
  <system-out/>
  <testcase classname="fieldServiceFormsTest.PositiveRepairAssessOtherGUITest" name="gUITestRadiobuttonRepairAssessement" time="0.000">
    <skipped/>
  </testcase> <!-- gUITestRadiobuttonRepairAssessement -->
  <system-out/>
  <testcase classname="fieldServiceFormsTest.PositiveRepairAssessOtherGUITest" name="gUITestRadiobuttonRepairAssessement" time="0.000">
    <skipped/>
  </testcase> <!-- gUITestRadiobuttonRepairAssessement -->
  <system-out/>
  <testcase classname="fieldServiceFormsTest.PositiveRepairAssessOtherGUITest" name="gUITestRadiobuttonRepairAssessement" time="0.000">
    <skipped/>
  </testcase> <!-- gUITestRadiobuttonRepairAssessement -->
  <system-out/>
  <testcase classname="fieldServiceFormsTest.PositiveRepairAssessOtherGUITest" name="gUITestRadiobuttonRepairAssessement" time="0.000">
    <skipped/>
  </testcase> <!-- gUITestRadiobuttonRepairAssessement -->
  <system-out/>
  <testcase classname="fieldServiceFormsTest.PositiveRepairAssessOtherGUITest" name="gUITestRadiobuttonRepairAssessement" time="0.000">
    <skipped/>
  </testcase> <!-- gUITestRadiobuttonRepairAssessement -->
  <system-out/>
  <testcase classname="fieldServiceFormsTest.PositiveRepairAssessOtherGUITest" name="gUITestRadiobuttonRepairAssessement" time="0.000">
    <skipped/>
  </testcase> <!-- gUITestRadiobuttonRepairAssessement -->
  <system-out/>
  <testcase classname="fieldServiceFormsTest.PositiveRepairAssessOtherGUITest" name="gUITestRadiobuttonRepairAssessement" time="0.000">
    <skipped/>
  </testcase> <!-- gUITestRadiobuttonRepairAssessement -->
  <system-out/>
  <testcase classname="fieldServiceFormsTest.PositiveRepairAssessOtherGUITest" name="gUITestRadiobuttonRepairAssessement" time="0.000">
    <skipped/>
  </testcase> <!-- gUITestRadiobuttonRepairAssessement -->
  <system-out/>
  <testcase classname="fieldServiceFormsTest.PositiveRepairAssessOtherGUITest" name="gUITestRadiobuttonRepairAssessement" time="0.000">
    <skipped/>
  </testcase> <!-- gUITestRadiobuttonRepairAssessement -->
  <system-out/>
  <testcase classname="fieldServiceFormsTest.PositiveRepairAssessOtherGUITest" name="gUITestRadiobuttonRepairAssessement" time="0.000">
    <skipped/>
  </testcase> <!-- gUITestRadiobuttonRepairAssessement -->
  <system-out/>
  <testcase classname="fieldServiceFormsTest.PositiveRepairAssessOtherGUITest" name="gUITestRadiobuttonRepairAssessement" time="0.000">
    <skipped/>
  </testcase> <!-- gUITestRadiobuttonRepairAssessement -->
  <system-out/>
  <testcase classname="fieldServiceFormsTest.PositiveRepairAssessOtherGUITest" name="gUITestRadiobuttonRepairAssessement" time="0.000">
    <skipped/>
  </testcase> <!-- gUITestRadiobuttonRepairAssessement -->
  <system-out/>
  <testcase classname="fieldServiceFormsTest.PositiveRepairAssessOtherGUITest" name="gUITestRadiobuttonRepairAssessement" time="0.000">
    <skipped/>
  </testcase> <!-- gUITestRadiobuttonRepairAssessement -->
  <system-out/>
  <testcase classname="fieldServiceFormsTest.PositiveRepairAssessOtherGUITest" name="gUITestRadiobuttonRepairAssessement" time="0.000">
    <skipped/>
  </testcase> <!-- gUITestRadiobuttonRepairAssessement -->
  <system-out/>
  <testcase classname="fieldServiceFormsTest.PositiveRepairAssessOtherGUITest" name="gUITestRadiobuttonRepairAssessement" time="0.000">
    <skipped/>
  </testcase> <!-- gUITestRadiobuttonRepairAssessement -->
  <system-out/>
  <testcase classname="fieldServiceFormsTest.PositiveRepairAssessOtherGUITest" name="gUITestRadiobuttonRepairAssessement" time="0.000">
    <skipped/>
  </testcase> <!-- gUITestRadiobuttonRepairAssessement -->
  <system-out/>
  <testcase classname="fieldServiceFormsTest.PositiveRepairAssessOtherGUITest" name="gUITestRadiobuttonRepairAssessement" time="0.000">
    <skipped/>
  </testcase> <!-- gUITestRadiobuttonRepairAssessement -->
  <system-out/>
  <testcase classname="fieldServiceFormsTest.PositiveRepairAssessOtherGUITest" name="gUITestRadiobuttonRepairAssessement" time="0.000">
    <skipped/>
  </testcase> <!-- gUITestRadiobuttonRepairAssessement -->
  <system-out/>
  <testcase classname="fieldServiceFormsTest.PositiveRepairAssessOtherGUITest" name="gUITestRadiobuttonRepairAssessement" time="0.000">
    <skipped/>
  </testcase> <!-- gUITestRadiobuttonRepairAssessement -->
  <system-out/>
  <testcase classname="fieldServiceFormsTest.PositiveRepairAssessOtherGUITest" name="gUITestRadiobuttonRepairAssessement" time="0.000">
    <skipped/>
  </testcase> <!-- gUITestRadiobuttonRepairAssessement -->
  <system-out/>
  <testcase classname="fieldServiceFormsTest.PositiveRepairAssessOtherGUITest" name="gUITestRadiobuttonRepairAssessement" time="0.000">
    <skipped/>
  </testcase> <!-- gUITestRadiobuttonRepairAssessement -->
  <system-out/>
  <testcase classname="fieldServiceFormsTest.PositiveRepairAssessOtherGUITest" name="gUITestRadiobuttonRepairAssessement" time="0.000">
    <skipped/>
  </testcase> <!-- gUITestRadiobuttonRepairAssessement -->
  <system-out/>
  <testcase classname="fieldServiceFormsTest.PositiveRepairAssessOtherGUITest" name="gUITestRadiobuttonRepairAssessement" time="0.000">
    <skipped/>
  </testcase> <!-- gUITestRadiobuttonRepairAssessement -->
  <system-out/>
  <testcase classname="fieldServiceFormsTest.PositiveRepairAssessOtherGUITest" name="gUITestRadiobuttonRepairAssessement" time="0.000">
    <skipped/>
  </testcase> <!-- gUITestRadiobuttonRepairAssessement -->
  <system-out/>
  <testcase classname="fieldServiceFormsTest.PositiveRepairAssessOtherGUITest" name="gUITestRadiobuttonRepairAssessement" time="0.000">
    <skipped/>
  </testcase> <!-- gUITestRadiobuttonRepairAssessement -->
  <system-out/>
  <testcase classname="fieldServiceFormsTest.PositiveRepairAssessOtherGUITest" name="gUITestRadiobuttonRepairAssessement" time="0.000">
    <skipped/>
  </testcase> <!-- gUITestRadiobuttonRepairAssessement -->
  <system-out/>
  <testcase classname="fieldServiceFormsTest.PositiveRepairAssessOtherGUITest" name="gUITestRadiobuttonRepairAssessement" time="0.000">
    <skipped/>
  </testcase> <!-- gUITestRadiobuttonRepairAssessement -->
  <system-out/>
  <testcase classname="fieldServiceFormsTest.PositiveRepairAssessOtherGUITest" name="gUITestRadiobuttonRepairAssessement" time="0.000">
    <skipped/>
  </testcase> <!-- gUITestRadiobuttonRepairAssessement -->
  <system-out/>
  <testcase classname="fieldServiceFormsTest.PositiveRepairAssessOtherGUITest" name="gUITestRadiobuttonRepairAssessement" time="0.000">
    <skipped/>
  </testcase> <!-- gUITestRadiobuttonRepairAssessement -->
  <system-out/>
  <testcase classname="fieldServiceFormsTest.PositiveRepairAssessOtherGUITest" name="gUITestRadiobuttonRepairAssessement" time="0.000">
    <skipped/>
  </testcase> <!-- gUITestRadiobuttonRepairAssessement -->
  <system-out/>
  <testcase classname="fieldServiceFormsTest.PositiveRepairAssessOtherGUITest" name="gUITestRadiobuttonRepairAssessement" time="0.000">
    <skipped/>
  </testcase> <!-- gUITestRadiobuttonRepairAssessement -->
  <system-out/>
  <testcase classname="fieldServiceFormsTest.PositiveRepairAssessOtherGUITest" name="gUITestRadiobuttonRepairAssessement" time="0.000">
    <skipped/>
  </testcase> <!-- gUITestRadiobuttonRepairAssessement -->
  <system-out/>
  <testcase classname="fieldServiceFormsTest.PositiveRepairAssessOtherGUITest" name="gUITestRadiobuttonRepairAssessement" time="0.000">
    <skipped/>
  </testcase> <!-- gUITestRadiobuttonRepairAssessement -->
  <system-out/>
  <testcase classname="fieldServiceFormsTest.PositiveRepairAssessOtherGUITest" name="gUITestRadiobuttonRepairAssessement" time="0.000">
    <skipped/>
  </testcase> <!-- gUITestRadiobuttonRepairAssessement -->
  <system-out/>
  <testcase classname="fieldServiceFormsTest.PositiveRepairAssessOtherGUITest" name="gUITestRadiobuttonRepairAssessement" time="0.000">
    <skipped/>
  </testcase> <!-- gUITestRadiobuttonRepairAssessement -->
  <system-out/>
  <testcase classname="fieldServiceFormsTest.PositiveRepairAssessOtherGUITest" name="gUITestRadiobuttonRepairAssessement" time="0.000">
    <skipped/>
  </testcase> <!-- gUITestRadiobuttonRepairAssessement -->
  <system-out/>
  <testcase classname="fieldServiceFormsTest.PositiveRepairAssessOtherGUITest" name="gUITestRadiobuttonRepairAssessement" time="0.000">
    <skipped/>
  </testcase> <!-- gUITestRadiobuttonRepairAssessement -->
  <system-out/>
  <testcase classname="fieldServiceFormsTest.PositiveRepairAssessOtherGUITest" name="gUITestRadiobuttonRepairAssessement" time="0.000">
    <skipped/>
  </testcase> <!-- gUITestRadiobuttonRepairAssessement -->
  <system-out/>
  <testcase classname="fieldServiceFormsTest.PositiveRepairAssessOtherGUITest" name="gUITestRadiobuttonRepairAssessement" time="0.000">
    <skipped/>
  </testcase> <!-- gUITestRadiobuttonRepairAssessement -->
  <system-out/>
  <testcase classname="fieldServiceFormsTest.PositiveRepairAssessOtherGUITest" name="gUITestRadiobuttonRepairAssessement" time="0.000">
    <skipped/>
  </testcase> <!-- gUITestRadiobuttonRepairAssessement -->
  <system-out/>
  <testcase classname="fieldServiceFormsTest.PositiveRepairAssessOtherGUITest" name="gUITestRadiobuttonRepairAssessement" time="0.000">
    <skipped/>
  </testcase> <!-- gUITestRadiobuttonRepairAssessement -->
  <system-out/>
  <testcase classname="fieldServiceFormsTest.PositiveRepairAssessOtherGUITest" name="gUITestRadiobuttonRepairAssessement" time="0.000">
    <skipped/>
  </testcase> <!-- gUITestRadiobuttonRepairAssessement -->
  <system-out/>
  <testcase classname="fieldServiceFormsTest.PositiveRepairAssessOtherGUITest" name="gUITestRadiobuttonRepairAssessement" time="0.000">
    <skipped/>
  </testcase> <!-- gUITestRadiobuttonRepairAssessement -->
  <system-out/>
  <testcase classname="fieldServiceFormsTest.PositiveRepairAssessOtherGUITest" name="gUITestRadiobuttonRepairAssessement" time="0.000">
    <skipped/>
  </testcase> <!-- gUITestRadiobuttonRepairAssessement -->
  <system-out/>
  <testcase classname="fieldServiceFormsTest.PositiveRepairAssessOtherGUITest" name="gUITestRadiobuttonRepairAssessement" time="0.000">
    <skipped/>
  </testcase> <!-- gUITestRadiobuttonRepairAssessement -->
  <system-out/>
  <testcase classname="fieldServiceFormsTest.PositiveRepairAssessOtherGUITest" name="gUITestRadiobuttonRepairAssessement" time="0.000">
    <skipped/>
  </testcase> <!-- gUITestRadiobuttonRepairAssessement -->
  <system-out/>
  <testcase classname="fieldServiceFormsTest.PositiveRepairAssessOtherGUITest" name="gUITestRadiobuttonRepairAssessement" time="0.000">
    <skipped/>
  </testcase> <!-- gUITestRadiobuttonRepairAssessement -->
  <system-out/>
  <testcase classname="fieldServiceFormsTest.PositiveRepairAssessOtherGUITest" name="gUITestRadiobuttonRepairAssessement" time="0.000">
    <skipped/>
  </testcase> <!-- gUITestRadiobuttonRepairAssessement -->
  <system-out/>
  <testcase classname="fieldServiceFormsTest.PositiveRepairAssessOtherGUITest" name="gUITestRadiobuttonRepairAssessement" time="0.000">
    <skipped/>
  </testcase> <!-- gUITestRadiobuttonRepairAssessement -->
  <system-out/>
  <testcase classname="fieldServiceFormsTest.PositiveRepairAssessOtherGUITest" name="gUITestRadiobuttonRepairAssessement" time="0.000">
    <skipped/>
  </testcase> <!-- gUITestRadiobuttonRepairAssessement -->
  <system-out/>
  <testcase classname="fieldServiceFormsTest.PositiveRepairAssessOtherGUITest" name="gUITestRadiobuttonRepairAssessement" time="0.000">
    <skipped/>
  </testcase> <!-- gUITestRadiobuttonRepairAssessement -->
  <system-out/>
  <testcase classname="fieldServiceFormsTest.PositiveRepairAssessOtherGUITest" name="gUITestRadiobuttonRepairAssessement" time="0.000">
    <skipped/>
  </testcase> <!-- gUITestRadiobuttonRepairAssessement -->
  <system-out/>
  <testcase classname="fieldServiceFormsTest.PositiveRepairAssessOtherGUITest" name="gUITestRadiobuttonRepairAssessement" time="0.000">
    <skipped/>
  </testcase> <!-- gUITestRadiobuttonRepairAssessement -->
  <system-out/>
  <testcase classname="fieldServiceFormsTest.PositiveRepairAssessOtherGUITest" name="gUITestRadiobuttonRepairAssessement" time="0.000">
    <skipped/>
  </testcase> <!-- gUITestRadiobuttonRepairAssessement -->
  <system-out/>
  <testcase classname="fieldServiceFormsTest.PositiveRepairAssessOtherGUITest" name="gUITestRadiobuttonRepairAssessement" time="0.000">
    <skipped/>
  </testcase> <!-- gUITestRadiobuttonRepairAssessement -->
  <system-out/>
  <testcase classname="fieldServiceFormsTest.PositiveRepairAssessOtherGUITest" name="gUITestRadiobuttonRepairAssessement" time="0.000">
    <skipped/>
  </testcase> <!-- gUITestRadiobuttonRepairAssessement -->
  <system-out/>
  <testcase classname="fieldServiceFormsTest.PositiveRepairAssessOtherGUITest" name="gUITestRadiobuttonRepairAssessement" time="0.000">
    <skipped/>
  </testcase> <!-- gUITestRadiobuttonRepairAssessement -->
  <system-out/>
  <testcase classname="fieldServiceFormsTest.PositiveRepairAssessOtherGUITest" name="gUITestRadiobuttonRepairAssessement" time="0.000">
    <skipped/>
  </testcase> <!-- gUITestRadiobuttonRepairAssessement -->
  <system-out/>
  <testcase classname="fieldServiceFormsTest.PositiveRepairAssessOtherGUITest" name="gUITestRadiobuttonRepairAssessement" time="0.000">
    <skipped/>
  </testcase> <!-- gUITestRadiobuttonRepairAssessement -->
  <system-out/>
  <testcase classname="fieldServiceFormsTest.PositiveRepairAssessOtherGUITest" name="gUITestRadiobuttonRepairAssessement" time="0.000">
    <skipped/>
  </testcase> <!-- gUITestRadiobuttonRepairAssessement -->
  <system-out/>
  <testcase classname="fieldServiceFormsTest.PositiveRepairAssessOtherGUITest" name="gUITestRadiobuttonRepairAssessement" time="0.000">
    <skipped/>
  </testcase> <!-- gUITestRadiobuttonRepairAssessement -->
  <system-out/>
  <testcase classname="fieldServiceFormsTest.PositiveRepairAssessOtherGUITest" name="gUITestRadiobuttonRepairAssessement" time="0.000">
    <skipped/>
  </testcase> <!-- gUITestRadiobuttonRepairAssessement -->
  <system-out/>
  <testcase classname="fieldServiceFormsTest.PositiveRepairAssessOtherGUITest" name="gUITestRadiobuttonRepairAssessement" time="0.000">
    <skipped/>
  </testcase> <!-- gUITestRadiobuttonRepairAssessement -->
  <system-out/>
  <testcase classname="fieldServiceFormsTest.PositiveRepairAssessOtherGUITest" name="gUITestRadiobuttonRepairAssessement" time="0.000">
    <skipped/>
  </testcase> <!-- gUITestRadiobuttonRepairAssessement -->
  <system-out/>
  <testcase classname="fieldServiceFormsTest.PositiveRepairAssessOtherGUITest" name="gUITestRadiobuttonRepairAssessement" time="0.000">
    <skipped/>
  </testcase> <!-- gUITestRadiobuttonRepairAssessement -->
  <system-out/>
  <testcase classname="fieldServiceFormsTest.PositiveRepairAssessOtherGUITest" name="gUITestRadiobuttonRepairAssessement" time="0.000">
    <skipped/>
  </testcase> <!-- gUITestRadiobuttonRepairAssessement -->
  <system-out/>
  <testcase classname="fieldServiceFormsTest.PositiveRepairAssessOtherGUITest" name="gUITestRadiobuttonRepairAssessement" time="0.000">
    <skipped/>
  </testcase> <!-- gUITestRadiobuttonRepairAssessement -->
  <system-out/>
  <testcase classname="fieldServiceFormsTest.PositiveRepairAssessOtherGUITest" name="gUITestRadiobuttonRepairAssessement" time="0.000">
    <skipped/>
  </testcase> <!-- gUITestRadiobuttonRepairAssessement -->
  <system-out/>
  <testcase classname="fieldServiceFormsTest.PositiveRepairAssessOtherGUITest" name="gUITestRadiobuttonRepairAssessement" time="0.000">
    <skipped/>
  </testcase> <!-- gUITestRadiobuttonRepairAssessement -->
  <system-out/>
  <testcase classname="fieldServiceFormsTest.PositiveRepairAssessOtherGUITest" name="gUITestRadiobuttonRepairAssessement" time="0.000">
    <skipped/>
  </testcase> <!-- gUITestRadiobuttonRepairAssessement -->
  <system-out/>
  <testcase classname="fieldServiceFormsTest.PositiveRepairAssessOtherGUITest" name="gUITestRadiobuttonRepairAssessement" time="0.000">
    <skipped/>
  </testcase> <!-- gUITestRadiobuttonRepairAssessement -->
  <system-out/>
  <testcase classname="fieldServiceFormsTest.PositiveRepairAssessOtherGUITest" name="gUITestRadiobuttonRepairAssessement" time="0.000">
    <skipped/>
  </testcase> <!-- gUITestRadiobuttonRepairAssessement -->
  <system-out/>
  <testcase classname="fieldServiceFormsTest.PositiveRepairAssessOtherGUITest" name="gUITestRadiobuttonRepairAssessement" time="0.000">
    <skipped/>
  </testcase> <!-- gUITestRadiobuttonRepairAssessement -->
  <system-out/>
  <testcase classname="fieldServiceFormsTest.PositiveRepairAssessOtherGUITest" name="gUITestRadiobuttonRepairAssessement" time="0.000">
    <skipped/>
  </testcase> <!-- gUITestRadiobuttonRepairAssessement -->
  <system-out/>
  <testcase classname="fieldServiceFormsTest.PositiveRepairAssessOtherGUITest" name="gUITestRadiobuttonRepairAssessement" time="0.000">
    <skipped/>
  </testcase> <!-- gUITestRadiobuttonRepairAssessement -->
  <system-out/>
  <testcase classname="fieldServiceFormsTest.PositiveRepairAssessOtherGUITest" name="gUITestRadiobuttonRepairAssessement" time="0.000">
    <skipped/>
  </testcase> <!-- gUITestRadiobuttonRepairAssessement -->
  <system-out/>
  <testcase classname="fieldServiceFormsTest.PositiveRepairAssessOtherGUITest" name="gUITestRadiobuttonRepairAssessement" time="0.000">
    <skipped/>
  </testcase> <!-- gUITestRadiobuttonRepairAssessement -->
  <system-out/>
  <testcase classname="fieldServiceFormsTest.PositiveRepairAssessOtherGUITest" name="gUITestRadiobuttonRepairAssessement" time="0.000">
    <skipped/>
  </testcase> <!-- gUITestRadiobuttonRepairAssessement -->
  <system-out/>
  <testcase classname="fieldServiceFormsTest.PositiveRepairAssessOtherGUITest" name="gUITestRadiobuttonRepairAssessement" time="0.000">
    <skipped/>
  </testcase> <!-- gUITestRadiobuttonRepairAssessement -->
  <system-out/>
  <testcase classname="fieldServiceFormsTest.PositiveRepairAssessOtherGUITest" name="gUITestRadiobuttonRepairAssessement" time="0.000">
    <skipped/>
  </testcase> <!-- gUITestRadiobuttonRepairAssessement -->
  <system-out/>
  <testcase classname="fieldServiceFormsTest.PositiveRepairAssessOtherGUITest" name="gUITestRadiobuttonRepairAssessement" time="0.000">
    <skipped/>
  </testcase> <!-- gUITestRadiobuttonRepairAssessement -->
  <system-out/>
  <testcase classname="fieldServiceFormsTest.PositiveRepairAssessOtherGUITest" name="gUITestRadiobuttonRepairAssessement" time="0.000">
    <skipped/>
  </testcase> <!-- gUITestRadiobuttonRepairAssessement -->
  <system-out/>
  <testcase classname="fieldServiceFormsTest.PositiveRepairAssessOtherGUITest" name="gUITestRadiobuttonRepairAssessement" time="0.000">
    <skipped/>
  </testcase> <!-- gUITestRadiobuttonRepairAssessement -->
  <system-out/>
  <testcase classname="fieldServiceFormsTest.PositiveRepairAssessOtherGUITest" name="gUITestRadiobuttonRepairAssessement" time="0.000">
    <skipped/>
  </testcase> <!-- gUITestRadiobuttonRepairAssessement -->
  <system-out/>
  <testcase classname="fieldServiceFormsTest.PositiveRepairAssessOtherGUITest" name="gUITestRadiobuttonRepairAssessement" time="0.000">
    <skipped/>
  </testcase> <!-- gUITestRadiobuttonRepairAssessement -->
  <system-out/>
  <testcase classname="fieldServiceFormsTest.PositiveRepairAssessOtherGUITest" name="gUITestRadiobuttonRepairAssessement" time="0.000">
    <skipped/>
  </testcase> <!-- gUITestRadiobuttonRepairAssessement -->
  <system-out/>
  <testcase classname="fieldServiceFormsTest.PositiveRepairAssessOtherGUITest" name="gUITestRadiobuttonRepairAssessement" time="0.000">
    <skipped/>
  </testcase> <!-- gUITestRadiobuttonRepairAssessement -->
  <system-out/>
  <testcase classname="fieldServiceFormsTest.PositiveRepairAssessOtherGUITest" name="gUITestRadiobuttonRepairAssessement" time="0.000">
    <skipped/>
  </testcase> <!-- gUITestRadiobuttonRepairAssessement -->
  <system-out/>
  <testcase classname="fieldServiceFormsTest.PositiveRepairAssessOtherGUITest" name="gUITestRadiobuttonRepairAssessement" time="0.000">
    <skipped/>
  </testcase> <!-- gUITestRadiobuttonRepairAssessement -->
  <system-out/>
  <testcase classname="fieldServiceFormsTest.PositiveRepairAssessOtherGUITest" name="gUITestRadiobuttonRepairAssessement" time="0.000">
    <skipped/>
  </testcase> <!-- gUITestRadiobuttonRepairAssessement -->
  <system-out/>
  <testcase classname="fieldServiceFormsTest.PositiveRepairAssessOtherGUITest" name="gUITestRadiobuttonRepairAssessement" time="0.000">
    <skipped/>
  </testcase> <!-- gUITestRadiobuttonRepairAssessement -->
  <system-out/>
  <testcase classname="fieldServiceFormsTest.PositiveRepairAssessOtherGUITest" name="gUITestRadiobuttonRepairAssessement" time="0.000">
    <skipped/>
  </testcase> <!-- gUITestRadiobuttonRepairAssessement -->
  <system-out/>
  <testcase classname="fieldServiceFormsTest.PositiveRepairAssessOtherGUITest" name="gUITestRadiobuttonRepairAssessement" time="0.000">
    <skipped/>
  </testcase> <!-- gUITestRadiobuttonRepairAssessement -->
  <system-out/>
  <testcase classname="fieldServiceFormsTest.PositiveRepairAssessOtherGUITest" name="gUITestRadiobuttonRepairAssessement" time="0.000">
    <skipped/>
  </testcase> <!-- gUITestRadiobuttonRepairAssessement -->
  <system-out/>
  <testcase classname="fieldServiceFormsTest.PositiveRepairAssessOtherGUITest" name="gUITestRadiobuttonRepairAssessement" time="0.000">
    <skipped/>
  </testcase> <!-- gUITestRadiobuttonRepairAssessement -->
  <system-out/>
  <testcase classname="fieldServiceFormsTest.PositiveRepairAssessOtherGUITest" name="gUITestRadiobuttonRepairAssessement" time="0.000">
    <skipped/>
  </testcase> <!-- gUITestRadiobuttonRepairAssessement -->
  <system-out/>
  <testcase classname="fieldServiceFormsTest.PositiveRepairAssessOtherGUITest" name="gUITestRadiobuttonRepairAssessement" time="0.000">
    <skipped/>
  </testcase> <!-- gUITestRadiobuttonRepairAssessement -->
  <system-out/>
  <testcase classname="fieldServiceFormsTest.PositiveRepairAssessOtherGUITest" name="gUITestRadiobuttonRepairAssessement" time="0.000">
    <skipped/>
  </testcase> <!-- gUITestRadiobuttonRepairAssessement -->
  <system-out/>
  <testcase classname="fieldServiceFormsTest.PositiveRepairAssessOtherGUITest" name="gUITestRadiobuttonRepairAssessement" time="0.000">
    <skipped/>
  </testcase> <!-- gUITestRadiobuttonRepairAssessement -->
  <system-out/>
  <testcase classname="fieldServiceFormsTest.PositiveRepairAssessOtherGUITest" name="gUITestRadiobuttonRepairAssessement" time="0.000">
    <skipped/>
  </testcase> <!-- gUITestRadiobuttonRepairAssessement -->
  <system-out/>
  <testcase classname="fieldServiceFormsTest.PositiveRepairAssessOtherGUITest" name="gUITestRadiobuttonRepairAssessement" time="0.000">
    <skipped/>
  </testcase> <!-- gUITestRadiobuttonRepairAssessement -->
  <system-out/>
  <testcase classname="fieldServiceFormsTest.PositiveRepairAssessOtherGUITest" name="gUITestRadiobuttonRepairAssessement" time="0.000">
    <skipped/>
  </testcase> <!-- gUITestRadiobuttonRepairAssessement -->
  <system-out/>
  <testcase classname="fieldServiceFormsTest.PositiveRepairAssessOtherGUITest" name="gUITestRadiobuttonRepairAssessement" time="0.000">
    <skipped/>
  </testcase> <!-- gUITestRadiobuttonRepairAssessement -->
  <system-out/>
  <testcase classname="fieldServiceFormsTest.PositiveRepairAssessOtherGUITest" name="gUITestRadiobuttonRepairAssessement" time="0.000">
    <skipped/>
  </testcase> <!-- gUITestRadiobuttonRepairAssessement -->
  <system-out/>
  <testcase classname="fieldServiceFormsTest.PositiveRepairAssessOtherGUITest" name="gUITestRadiobuttonRepairAssessement" time="0.000">
    <skipped/>
  </testcase> <!-- gUITestRadiobuttonRepairAssessement -->
  <system-out/>
  <testcase classname="fieldServiceFormsTest.PositiveRepairAssessOtherGUITest" name="gUITestRadiobuttonRepairAssessement" time="0.000">
    <skipped/>
  </testcase> <!-- gUITestRadiobuttonRepairAssessement -->
  <system-out/>
  <testcase classname="fieldServiceFormsTest.PositiveRepairAssessOtherGUITest" name="gUITestRadiobuttonRepairAssessement" time="0.000">
    <skipped/>
  </testcase> <!-- gUITestRadiobuttonRepairAssessement -->
  <system-out/>
  <testcase classname="fieldServiceFormsTest.PositiveRepairAssessOtherGUITest" name="gUITestRadiobuttonRepairAssessement" time="0.000">
    <skipped/>
  </testcase> <!-- gUITestRadiobuttonRepairAssessement -->
  <system-out/>
  <testcase classname="fieldServiceFormsTest.PositiveRepairAssessOtherGUITest" name="gUITestRadiobuttonRepairAssessement" time="0.000">
    <skipped/>
  </testcase> <!-- gUITestRadiobuttonRepairAssessement -->
  <system-out/>
  <testcase classname="fieldServiceFormsTest.PositiveRepairAssessOtherGUITest" name="gUITestRadiobuttonRepairAssessement" time="0.000">
    <skipped/>
  </testcase> <!-- gUITestRadiobuttonRepairAssessement -->
  <system-out/>
  <testcase classname="fieldServiceFormsTest.PositiveRepairAssessOtherGUITest" name="gUITestRadiobuttonRepairAssessement" time="0.000">
    <skipped/>
  </testcase> <!-- gUITestRadiobuttonRepairAssessement -->
  <system-out/>
  <testcase classname="fieldServiceFormsTest.PositiveRepairAssessOtherGUITest" name="gUITestRadiobuttonRepairAssessement" time="0.000">
    <skipped/>
  </testcase> <!-- gUITestRadiobuttonRepairAssessement -->
  <system-out/>
  <testcase classname="fieldServiceFormsTest.PositiveRepairAssessOtherGUITest" name="gUITestRadiobuttonRepairAssessement" time="0.000">
    <skipped/>
  </testcase> <!-- gUITestRadiobuttonRepairAssessement -->
  <system-out/>
  <testcase classname="fieldServiceFormsTest.PositiveRepairAssessOtherGUITest" name="gUITestRadiobuttonRepairAssessement" time="0.000">
    <skipped/>
  </testcase> <!-- gUITestRadiobuttonRepairAssessement -->
  <system-out/>
  <testcase classname="fieldServiceFormsTest.PositiveRepairAssessOtherGUITest" name="gUITestRadiobuttonRepairAssessement" time="0.000">
    <skipped/>
  </testcase> <!-- gUITestRadiobuttonRepairAssessement -->
  <system-out/>
  <testcase classname="fieldServiceFormsTest.PositiveRepairAssessOtherGUITest" name="gUITestRadiobuttonRepairAssessement" time="0.000">
    <skipped/>
  </testcase> <!-- gUITestRadiobuttonRepairAssessement -->
  <system-out/>
  <testcase classname="fieldServiceFormsTest.PositiveRepairAssessOtherGUITest" name="gUITestRadiobuttonRepairAssessement" time="0.000">
    <skipped/>
  </testcase> <!-- gUITestRadiobuttonRepairAssessement -->
  <system-out/>
  <testcase classname="fieldServiceFormsTest.PositiveRepairAssessOtherGUITest" name="gUITestRadiobuttonRepairAssessement" time="0.000">
    <skipped/>
  </testcase> <!-- gUITestRadiobuttonRepairAssessement -->
  <system-out/>
  <testcase classname="fieldServiceFormsTest.PositiveRepairAssessOtherGUITest" name="gUITestRadiobuttonRepairAssessement" time="0.000">
    <skipped/>
  </testcase> <!-- gUITestRadiobuttonRepairAssessement -->
  <system-out/>
  <testcase classname="fieldServiceFormsTest.PositiveRepairAssessOtherGUITest" name="gUITestRadiobuttonRepairAssessement" time="0.000">
    <skipped/>
  </testcase> <!-- gUITestRadiobuttonRepairAssessement -->
  <system-out/>
  <testcase classname="fieldServiceFormsTest.PositiveRepairAssessOtherGUITest" name="gUITestRadiobuttonRepairAssessement" time="0.000">
    <skipped/>
  </testcase> <!-- gUITestRadiobuttonRepairAssessement -->
  <system-out/>
  <testcase classname="fieldServiceFormsTest.PositiveRepairAssessOtherGUITest" name="gUITestRadiobuttonRepairAssessement" time="0.000">
    <skipped/>
  </testcase> <!-- gUITestRadiobuttonRepairAssessement -->
  <system-out/>
  <testcase classname="fieldServiceFormsTest.PositiveRepairAssessOtherGUITest" name="gUITestRadiobuttonRepairAssessement" time="0.000">
    <skipped/>
  </testcase> <!-- gUITestRadiobuttonRepairAssessement -->
  <system-out/>
  <testcase classname="fieldServiceFormsTest.PositiveRepairAssessOtherGUITest" name="gUITestRadiobuttonRepairAssessement" time="0.000">
    <skipped/>
  </testcase> <!-- gUITestRadiobuttonRepairAssessement -->
  <system-out/>
  <testcase classname="fieldServiceFormsTest.PositiveRepairAssessOtherGUITest" name="gUITestRadiobuttonRepairAssessement" time="0.000">
    <skipped/>
  </testcase> <!-- gUITestRadiobuttonRepairAssessement -->
  <system-out/>
  <testcase classname="fieldServiceFormsTest.PositiveRepairAssessOtherGUITest" name="gUITestRadiobuttonRepairAssessement" time="0.000">
    <skipped/>
  </testcase> <!-- gUITestRadiobuttonRepairAssessement -->
  <system-out/>
  <testcase classname="fieldServiceFormsTest.PositiveRepairAssessOtherGUITest" name="gUITestRadiobuttonRepairAssessement" time="0.000">
    <skipped/>
  </testcase> <!-- gUITestRadiobuttonRepairAssessement -->
  <system-out/>
  <testcase classname="fieldServiceFormsTest.PositiveRepairAssessOtherGUITest" name="gUITestRadiobuttonRepairAssessement" time="0.000">
    <skipped/>
  </testcase> <!-- gUITestRadiobuttonRepairAssessement -->
  <system-out/>
  <testcase classname="fieldServiceFormsTest.PositiveRepairAssessOtherGUITest" name="gUITestRadiobuttonRepairAssessement" time="0.000">
    <skipped/>
  </testcase> <!-- gUITestRadiobuttonRepairAssessement -->
  <system-out/>
  <testcase classname="fieldServiceFormsTest.PositiveRepairAssessOtherGUITest" name="gUITestRadiobuttonRepairAssessement" time="0.000">
    <skipped/>
  </testcase> <!-- gUITestRadiobuttonRepairAssessement -->
  <system-out/>
  <testcase classname="fieldServiceFormsTest.PositiveRepairAssessOtherGUITest" name="gUITestRadiobuttonRepairAssessement" time="0.000">
    <skipped/>
  </testcase> <!-- gUITestRadiobuttonRepairAssessement -->
  <system-out/>
  <testcase classname="fieldServiceFormsTest.PositiveRepairAssessOtherGUITest" name="gUITestRadiobuttonRepairAssessement" time="0.000">
    <skipped/>
  </testcase> <!-- gUITestRadiobuttonRepairAssessement -->
  <system-out/>
  <testcase classname="fieldServiceFormsTest.PositiveRepairAssessOtherGUITest" name="gUITestRadiobuttonRepairAssessement" time="0.000">
    <skipped/>
  </testcase> <!-- gUITestRadiobuttonRepairAssessement -->
  <system-out/>
  <testcase classname="fieldServiceFormsTest.PositiveRepairAssessOtherGUITest" name="gUITestRadiobuttonRepairAssessement" time="0.000">
    <skipped/>
  </testcase> <!-- gUITestRadiobuttonRepairAssessement -->
  <system-out/>
  <testcase classname="fieldServiceFormsTest.PositiveRepairAssessOtherGUITest" name="gUITestRadiobuttonRepairAssessement" time="0.000">
    <skipped/>
  </testcase> <!-- gUITestRadiobuttonRepairAssessement -->
  <system-out/>
  <testcase classname="fieldServiceFormsTest.PositiveRepairAssessOtherGUITest" name="gUITestRadiobuttonRepairAssessement" time="0.000">
    <skipped/>
  </testcase> <!-- gUITestRadiobuttonRepairAssessement -->
  <system-out/>
  <testcase classname="fieldServiceFormsTest.PositiveRepairAssessOtherGUITest" name="gUITestRadiobuttonRepairAssessement" time="0.000">
    <skipped/>
  </testcase> <!-- gUITestRadiobuttonRepairAssessement -->
  <system-out/>
  <testcase classname="fieldServiceFormsTest.PositiveRepairAssessOtherGUITest" name="gUITestRadiobuttonRepairAssessement" time="0.000">
    <skipped/>
  </testcase> <!-- gUITestRadiobuttonRepairAssessement -->
  <system-out/>
  <testcase classname="fieldServiceFormsTest.PositiveRepairAssessOtherGUITest" name="gUITestRadiobuttonRepairAssessement" time="0.000">
    <skipped/>
  </testcase> <!-- gUITestRadiobuttonRepairAssessement -->
  <system-out/>
  <testcase classname="fieldServiceFormsTest.PositiveRepairAssessOtherGUITest" name="gUITestRadiobuttonRepairAssessement" time="0.000">
    <skipped/>
  </testcase> <!-- gUITestRadiobuttonRepairAssessement -->
  <system-out/>
  <testcase classname="fieldServiceFormsTest.PositiveRepairAssessOtherGUITest" name="gUITestRadiobuttonRepairAssessement" time="0.000">
    <skipped/>
  </testcase> <!-- gUITestRadiobuttonRepairAssessement -->
  <system-out/>
  <testcase classname="fieldServiceFormsTest.PositiveRepairAssessOtherGUITest" name="gUITestRadiobuttonRepairAssessement" time="0.000">
    <skipped/>
  </testcase> <!-- gUITestRadiobuttonRepairAssessement -->
  <system-out/>
  <testcase classname="fieldServiceFormsTest.PositiveRepairAssessOtherGUITest" name="gUITestRadiobuttonRepairAssessement" time="0.000">
    <skipped/>
  </testcase> <!-- gUITestRadiobuttonRepairAssessement -->
  <system-out/>
  <testcase classname="fieldServiceFormsTest.PositiveRepairAssessOtherGUITest" name="gUITestRadiobuttonRepairAssessement" time="0.000">
    <skipped/>
  </testcase> <!-- gUITestRadiobuttonRepairAssessement -->
  <system-out/>
  <testcase classname="fieldServiceFormsTest.PositiveRepairAssessOtherGUITest" name="gUITestRadiobuttonRepairAssessement" time="0.000">
    <skipped/>
  </testcase> <!-- gUITestRadiobuttonRepairAssessement -->
  <system-out/>
  <testcase classname="fieldServiceFormsTest.PositiveRepairAssessOtherGUITest" name="gUITestRadiobuttonRepairAssessement" time="0.000">
    <skipped/>
  </testcase> <!-- gUITestRadiobuttonRepairAssessement -->
  <system-out/>
  <testcase classname="fieldServiceFormsTest.PositiveRepairAssessOtherGUITest" name="gUITestRadiobuttonRepairAssessement" time="0.000">
    <skipped/>
  </testcase> <!-- gUITestRadiobuttonRepairAssessement -->
  <system-out/>
  <testcase classname="fieldServiceFormsTest.PositiveRepairAssessOtherGUITest" name="gUITestRadiobuttonRepairAssessement" time="0.000">
    <skipped/>
  </testcase> <!-- gUITestRadiobuttonRepairAssessement -->
  <system-out/>
  <testcase classname="fieldServiceFormsTest.PositiveRepairAssessOtherGUITest" name="gUITestRadiobuttonRepairAssessement" time="0.000">
    <skipped/>
  </testcase> <!-- gUITestRadiobuttonRepairAssessement -->
  <system-out/>
  <testcase classname="fieldServiceFormsTest.PositiveRepairAssessOtherGUITest" name="gUITestRadiobuttonRepairAssessement" time="0.000">
    <skipped/>
  </testcase> <!-- gUITestRadiobuttonRepairAssessement -->
  <system-out/>
  <testcase classname="fieldServiceFormsTest.PositiveRepairAssessOtherGUITest" name="gUITestRadiobuttonRepairAssessement" time="0.000">
    <skipped/>
  </testcase> <!-- gUITestRadiobuttonRepairAssessement -->
  <system-out/>
  <testcase classname="fieldServiceFormsTest.PositiveRepairAssessOtherGUITest" name="gUITestRadiobuttonRepairAssessement" time="0.000">
    <skipped/>
  </testcase> <!-- gUITestRadiobuttonRepairAssessement -->
  <system-out/>
  <testcase classname="fieldServiceFormsTest.PositiveRepairAssessOtherGUITest" name="gUITestRadiobuttonRepairAssessement" time="0.000">
    <skipped/>
  </testcase> <!-- gUITestRadiobuttonRepairAssessement -->
  <system-out/>
  <testcase classname="fieldServiceFormsTest.PositiveRepairAssessOtherGUITest" name="gUITestRadiobuttonRepairAssessement" time="0.000">
    <skipped/>
  </testcase> <!-- gUITestRadiobuttonRepairAssessement -->
  <system-out/>
  <testcase classname="fieldServiceFormsTest.PositiveRepairAssessOtherGUITest" name="gUITestRadiobuttonRepairAssessement" time="0.000">
    <skipped/>
  </testcase> <!-- gUITestRadiobuttonRepairAssessement -->
  <system-out/>
  <testcase classname="fieldServiceFormsTest.PositiveRepairAssessOtherGUITest" name="gUITestRadiobuttonRepairAssessement" time="0.000">
    <skipped/>
  </testcase> <!-- gUITestRadiobuttonRepairAssessement -->
  <system-out/>
  <testcase classname="fieldServiceFormsTest.PositiveRepairAssessOtherGUITest" name="gUITestRadiobuttonRepairAssessement" time="0.000">
    <skipped/>
  </testcase> <!-- gUITestRadiobuttonRepairAssessement -->
  <system-out/>
  <testcase classname="fieldServiceFormsTest.PositiveRepairAssessOtherGUITest" name="gUITestRadiobuttonRepairAssessement" time="0.000">
    <skipped/>
  </testcase> <!-- gUITestRadiobuttonRepairAssessement -->
  <system-out/>
  <testcase classname="fieldServiceFormsTest.PositiveRepairAssessOtherGUITest" name="gUITestRadiobuttonRepairAssessement" time="0.000">
    <skipped/>
  </testcase> <!-- gUITestRadiobuttonRepairAssessement -->
  <system-out/>
  <testcase classname="fieldServiceFormsTest.PositiveRepairAssessOtherGUITest" name="gUITestRadiobuttonRepairAssessement" time="0.000">
    <skipped/>
  </testcase> <!-- gUITestRadiobuttonRepairAssessement -->
  <system-out/>
  <testcase classname="fieldServiceFormsTest.PositiveRepairAssessOtherGUITest" name="gUITestRadiobuttonRepairAssessement" time="0.000">
    <skipped/>
  </testcase> <!-- gUITestRadiobuttonRepairAssessement -->
  <system-out/>
  <testcase classname="fieldServiceFormsTest.PositiveRepairAssessOtherGUITest" name="gUITestRadiobuttonRepairAssessement" time="0.000">
    <skipped/>
  </testcase> <!-- gUITestRadiobuttonRepairAssessement -->
  <system-out/>
  <testcase classname="fieldServiceFormsTest.PositiveRepairAssessOtherGUITest" name="gUITestRadiobuttonRepairAssessement" time="0.000">
    <skipped/>
  </testcase> <!-- gUITestRadiobuttonRepairAssessement -->
  <system-out/>
  <testcase classname="fieldServiceFormsTest.PositiveRepairAssessOtherGUITest" name="gUITestRadiobuttonRepairAssessement" time="0.000">
    <skipped/>
  </testcase> <!-- gUITestRadiobuttonRepairAssessement -->
  <system-out/>
  <testcase classname="fieldServiceFormsTest.PositiveRepairAssessOtherGUITest" name="gUITestRadiobuttonRepairAssessement" time="0.000">
    <skipped/>
  </testcase> <!-- gUITestRadiobuttonRepairAssessement -->
  <system-out/>
  <testcase classname="fieldServiceFormsTest.PositiveRepairAssessOtherGUITest" name="gUITestRadiobuttonRepairAssessement" time="0.000">
    <skipped/>
  </testcase> <!-- gUITestRadiobuttonRepairAssessement -->
  <system-out/>
  <testcase classname="fieldServiceFormsTest.PositiveRepairAssessOtherGUITest" name="gUITestRadiobuttonRepairAssessement" time="0.000">
    <skipped/>
  </testcase> <!-- gUITestRadiobuttonRepairAssessement -->
  <system-out/>
  <testcase classname="fieldServiceFormsTest.PositiveRepairAssessOtherGUITest" name="gUITestRadiobuttonRepairAssessement" time="0.000">
    <skipped/>
  </testcase> <!-- gUITestRadiobuttonRepairAssessement -->
  <system-out/>
  <testcase classname="fieldServiceFormsTest.PositiveRepairAssessOtherGUITest" name="gUITestRadiobuttonRepairAssessement" time="0.000">
    <skipped/>
  </testcase> <!-- gUITestRadiobuttonRepairAssessement -->
  <system-out/>
  <testcase classname="fieldServiceFormsTest.PositiveRepairAssessOtherGUITest" name="gUITestRadiobuttonRepairAssessement" time="0.000">
    <skipped/>
  </testcase> <!-- gUITestRadiobuttonRepairAssessement -->
  <system-out/>
  <testcase classname="fieldServiceFormsTest.PositiveRepairAssessOtherGUITest" name="gUITestRadiobuttonRepairAssessement" time="0.000">
    <skipped/>
  </testcase> <!-- gUITestRadiobuttonRepairAssessement -->
  <system-out/>
  <testcase classname="fieldServiceFormsTest.PositiveRepairAssessOtherGUITest" name="gUITestRadiobuttonRepairAssessement" time="0.000">
    <skipped/>
  </testcase> <!-- gUITestRadiobuttonRepairAssessement -->
  <system-out/>
  <testcase classname="fieldServiceFormsTest.PositiveRepairAssessOtherGUITest" name="gUITestRadiobuttonRepairAssessement" time="0.000">
    <skipped/>
  </testcase> <!-- gUITestRadiobuttonRepairAssessement -->
  <system-out/>
  <testcase classname="fieldServiceFormsTest.PositiveRepairAssessOtherGUITest" name="gUITestRadiobuttonRepairAssessement" time="0.000">
    <skipped/>
  </testcase> <!-- gUITestRadiobuttonRepairAssessement -->
  <system-out/>
  <testcase classname="fieldServiceFormsTest.PositiveRepairAssessOtherGUITest" name="gUITestRadiobuttonRepairAssessement" time="0.000">
    <skipped/>
  </testcase> <!-- gUITestRadiobuttonRepairAssessement -->
  <system-out/>
  <testcase classname="fieldServiceFormsTest.PositiveRepairAssessOtherGUITest" name="gUITestRadiobuttonRepairAssessement" time="0.000">
    <skipped/>
  </testcase> <!-- gUITestRadiobuttonRepairAssessement -->
  <system-out/>
  <testcase classname="fieldServiceFormsTest.PositiveRepairAssessOtherGUITest" name="gUITestRadiobuttonRepairAssessement" time="0.000">
    <skipped/>
  </testcase> <!-- gUITestRadiobuttonRepairAssessement -->
  <system-out/>
  <testcase classname="fieldServiceFormsTest.PositiveRepairAssessOtherGUITest" name="gUITestRadiobuttonRepairAssessement" time="0.000">
    <skipped/>
  </testcase> <!-- gUITestRadiobuttonRepairAssessement -->
  <system-out/>
  <testcase classname="fieldServiceFormsTest.PositiveRepairAssessOtherGUITest" name="gUITestRadiobuttonRepairAssessement" time="0.000">
    <skipped/>
  </testcase> <!-- gUITestRadiobuttonRepairAssessement -->
  <system-out/>
  <testcase classname="fieldServiceFormsTest.PositiveRepairAssessOtherGUITest" name="gUITestRadiobuttonRepairAssessement" time="0.000">
    <skipped/>
  </testcase> <!-- gUITestRadiobuttonRepairAssessement -->
  <system-out/>
  <testcase classname="fieldServiceFormsTest.PositiveRepairAssessOtherGUITest" name="gUITestRadiobuttonRepairAssessement" time="0.000">
    <skipped/>
  </testcase> <!-- gUITestRadiobuttonRepairAssessement -->
  <system-out/>
  <testcase classname="fieldServiceFormsTest.PositiveRepairAssessOtherGUITest" name="gUITestRadiobuttonRepairAssessement" time="0.000">
    <skipped/>
  </testcase> <!-- gUITestRadiobuttonRepairAssessement -->
  <system-out/>
  <testcase classname="fieldServiceFormsTest.PositiveRepairAssessOtherGUITest" name="gUITestRadiobuttonRepairAssessement" time="0.000">
    <skipped/>
  </testcase> <!-- gUITestRadiobuttonRepairAssessement -->
  <system-out/>
  <testcase classname="fieldServiceFormsTest.PositiveRepairAssessOtherGUITest" name="gUITestRadiobuttonRepairAssessement" time="0.000">
    <skipped/>
  </testcase> <!-- gUITestRadiobuttonRepairAssessement -->
  <system-out/>
  <testcase classname="fieldServiceFormsTest.PositiveRepairAssessOtherGUITest" name="gUITestRadiobuttonRepairAssessement" time="0.000">
    <skipped/>
  </testcase> <!-- gUITestRadiobuttonRepairAssessement -->
  <system-out/>
  <testcase classname="fieldServiceFormsTest.PositiveRepairAssessOtherGUITest" name="gUITestRadiobuttonRepairOther" time="0.000">
    <skipped/>
  </testcase> <!-- gUITestRadiobuttonRepairOther -->
  <system-out/>
</testsuite> <!-- fieldServiceFormsTest.PositiveRepairAssessOtherGUITest -->
