<?xml version="1.0" encoding="UTF-8"?>
<!-- Generated by org.testng.reporters.JUnitReportReporter -->
<testsuite hostname="DESKTOP-M729FOC" failures="0" tests="100" name="fieldServiceFormsTest.PositiveRepairAdjRepGUITest" time="1878.983" errors="0" timestamp="2022-10-09T11:54:21 IST" skipped="0">
  <testcase classname="fieldServiceFormsTest.PositiveRepairAdjRepGUITest" name="gUITestRadiobuttonRepairReplacedPart" time="17.920"/>
  <system-out/>
  <testcase classname="fieldServiceFormsTest.PositiveRepairAdjRepGUITest" name="gUITestRadiobuttonRepairReplacedPart" time="18.731"/>
  <system-out/>
  <testcase classname="fieldServiceFormsTest.PositiveRepairAdjRepGUITest" name="gUITestRadiobuttonRepairReplacedPart" time="18.271"/>
  <system-out/>
  <testcase classname="fieldServiceFormsTest.PositiveRepairAdjRepGUITest" name="gUITestRadiobuttonRepairReplacedPart" time="17.918"/>
  <system-out/>
  <testcase classname="fieldServiceFormsTest.PositiveRepairAdjRepGUITest" name="gUITestRadiobuttonRepairReplacedPart" time="17.330"/>
  <system-out/>
  <testcase classname="fieldServiceFormsTest.PositiveRepairAdjRepGUITest" name="gUITestRadiobuttonRepairReplacedPart" time="18.206"/>
  <system-out/>
  <testcase classname="fieldServiceFormsTest.PositiveRepairAdjRepGUITest" name="gUITestRadiobuttonRepairReplacedPart" time="18.391"/>
  <system-out/>
  <testcase classname="fieldServiceFormsTest.PositiveRepairAdjRepGUITest" name="gUITestRadiobuttonRepairReplacedPart" time="21.263"/>
  <system-out/>
  <testcase classname="fieldServiceFormsTest.PositiveRepairAdjRepGUITest" name="gUITestRadiobuttonRepairReplacedPart" time="18.013"/>
  <system-out/>
  <testcase classname="fieldServiceFormsTest.PositiveRepairAdjRepGUITest" name="gUITestRadiobuttonRepairReplacedPart" time="18.479"/>
  <system-out/>
  <testcase classname="fieldServiceFormsTest.PositiveRepairAdjRepGUITest" name="gUITestRadiobuttonRepairReplacedPart" time="18.949"/>
  <system-out/>
  <testcase classname="fieldServiceFormsTest.PositiveRepairAdjRepGUITest" name="gUITestRadiobuttonRepairReplacedPart" time="17.826"/>
  <system-out/>
  <testcase classname="fieldServiceFormsTest.PositiveRepairAdjRepGUITest" name="gUITestRadiobuttonRepairReplacedPart" time="18.185"/>
  <system-out/>
  <testcase classname="fieldServiceFormsTest.PositiveRepairAdjRepGUITest" name="gUITestRadiobuttonRepairReplacedPart" time="17.345"/>
  <system-out/>
  <testcase classname="fieldServiceFormsTest.PositiveRepairAdjRepGUITest" name="gUITestRadiobuttonRepairReplacedPart" time="22.074"/>
  <system-out/>
  <testcase classname="fieldServiceFormsTest.PositiveRepairAdjRepGUITest" name="gUITestRadiobuttonRepairReplacedPart" time="17.942"/>
  <system-out/>
  <testcase classname="fieldServiceFormsTest.PositiveRepairAdjRepGUITest" name="gUITestRadiobuttonRepairReplacedPart" time="18.409"/>
  <system-out/>
  <testcase classname="fieldServiceFormsTest.PositiveRepairAdjRepGUITest" name="gUITestRadiobuttonRepairReplacedPart" time="18.202"/>
  <system-out/>
  <testcase classname="fieldServiceFormsTest.PositiveRepairAdjRepGUITest" name="gUITestRadiobuttonRepairReplacedPart" time="18.372"/>
  <system-out/>
  <testcase classname="fieldServiceFormsTest.PositiveRepairAdjRepGUITest" name="gUITestRadiobuttonRepairReplacedPart" time="17.278"/>
  <system-out/>
  <testcase classname="fieldServiceFormsTest.PositiveRepairAdjRepGUITest" name="gUITestRadiobuttonRepairReplacedPart" time="17.937"/>
  <system-out/>
  <testcase classname="fieldServiceFormsTest.PositiveRepairAdjRepGUITest" name="gUITestRadiobuttonRepairReplacedPart" time="18.230"/>
  <system-out/>
  <testcase classname="fieldServiceFormsTest.PositiveRepairAdjRepGUITest" name="gUITestRadiobuttonRepairReplacedPart" time="21.217"/>
  <system-out/>
  <testcase classname="fieldServiceFormsTest.PositiveRepairAdjRepGUITest" name="gUITestRadiobuttonRepairReplacedPart" time="20.179"/>
  <system-out/>
  <testcase classname="fieldServiceFormsTest.PositiveRepairAdjRepGUITest" name="gUITestRadiobuttonRepairReplacedPart" time="21.509"/>
  <system-out/>
  <testcase classname="fieldServiceFormsTest.PositiveRepairAdjRepGUITest" name="gUITestRadiobuttonRepairReplacedPart" time="19.256"/>
  <system-out/>
  <testcase classname="fieldServiceFormsTest.PositiveRepairAdjRepGUITest" name="gUITestRadiobuttonRepairReplacedPart" time="17.269"/>
  <system-out/>
  <testcase classname="fieldServiceFormsTest.PositiveRepairAdjRepGUITest" name="gUITestRadiobuttonRepairReplacedPart" time="17.918"/>
  <system-out/>
  <testcase classname="fieldServiceFormsTest.PositiveRepairAdjRepGUITest" name="gUITestRadiobuttonRepairReplacedPart" time="18.884"/>
  <system-out/>
  <testcase classname="fieldServiceFormsTest.PositiveRepairAdjRepGUITest" name="gUITestRadiobuttonRepairReplacedPart" time="18.822"/>
  <system-out/>
  <testcase classname="fieldServiceFormsTest.PositiveRepairAdjRepGUITest" name="gUITestRadiobuttonRepairReplacedPart" time="18.015"/>
  <system-out/>
  <testcase classname="fieldServiceFormsTest.PositiveRepairAdjRepGUITest" name="gUITestRadiobuttonRepairReplacedPart" time="18.159"/>
  <system-out/>
  <testcase classname="fieldServiceFormsTest.PositiveRepairAdjRepGUITest" name="gUITestRadiobuttonRepairReplacedPart" time="18.565"/>
  <system-out/>
  <testcase classname="fieldServiceFormsTest.PositiveRepairAdjRepGUITest" name="gUITestRadiobuttonRepairReplacedPart" time="18.467"/>
  <system-out/>
  <testcase classname="fieldServiceFormsTest.PositiveRepairAdjRepGUITest" name="gUITestRadiobuttonRepairReplacedPart" time="17.711"/>
  <system-out/>
  <testcase classname="fieldServiceFormsTest.PositiveRepairAdjRepGUITest" name="gUITestRadiobuttonRepairReplacedPart" time="20.987"/>
  <system-out/>
  <testcase classname="fieldServiceFormsTest.PositiveRepairAdjRepGUITest" name="gUITestRadiobuttonRepairReplacedPart" time="18.099"/>
  <system-out/>
  <testcase classname="fieldServiceFormsTest.PositiveRepairAdjRepGUITest" name="gUITestRadiobuttonRepairReplacedPart" time="18.226"/>
  <system-out/>
  <testcase classname="fieldServiceFormsTest.PositiveRepairAdjRepGUITest" name="gUITestRadiobuttonRepairReplacedPart" time="18.442"/>
  <system-out/>
  <testcase classname="fieldServiceFormsTest.PositiveRepairAdjRepGUITest" name="gUITestRadiobuttonRepairReplacedPart" time="18.579"/>
  <system-out/>
  <testcase classname="fieldServiceFormsTest.PositiveRepairAdjRepGUITest" name="gUITestRadiobuttonRepairReplacedPart" time="21.268"/>
  <system-out/>
  <testcase classname="fieldServiceFormsTest.PositiveRepairAdjRepGUITest" name="gUITestRadiobuttonRepairReplacedPart" time="18.138"/>
  <system-out/>
  <testcase classname="fieldServiceFormsTest.PositiveRepairAdjRepGUITest" name="gUITestRadiobuttonRepairReplacedPart" time="18.695"/>
  <system-out/>
  <testcase classname="fieldServiceFormsTest.PositiveRepairAdjRepGUITest" name="gUITestRadiobuttonRepairReplacedPart" time="18.184"/>
  <system-out/>
  <testcase classname="fieldServiceFormsTest.PositiveRepairAdjRepGUITest" name="gUITestRadiobuttonRepairReplacedPart" time="17.749"/>
  <system-out/>
  <testcase classname="fieldServiceFormsTest.PositiveRepairAdjRepGUITest" name="gUITestRadiobuttonRepairReplacedPart" time="22.165"/>
  <system-out/>
  <testcase classname="fieldServiceFormsTest.PositiveRepairAdjRepGUITest" name="gUITestRadiobuttonRepairReplacedPart" time="20.586"/>
  <system-out/>
  <testcase classname="fieldServiceFormsTest.PositiveRepairAdjRepGUITest" name="gUITestRadiobuttonRepairReplacedPart" time="17.804"/>
  <system-out/>
  <testcase classname="fieldServiceFormsTest.PositiveRepairAdjRepGUITest" name="gUITestRadiobuttonRepairReplacedPart" time="18.474"/>
  <system-out/>
  <testcase classname="fieldServiceFormsTest.PositiveRepairAdjRepGUITest" name="gUITestRadiobuttonRepairReplacedPart" time="18.019"/>
  <system-out/>
  <testcase classname="fieldServiceFormsTest.PositiveRepairAdjRepGUITest" name="gUITestRadiobuttonRepairReplacedPart" time="23.609"/>
  <system-out/>
  <testcase classname="fieldServiceFormsTest.PositiveRepairAdjRepGUITest" name="gUITestRadiobuttonRepairReplacedPart" time="18.143"/>
  <system-out/>
  <testcase classname="fieldServiceFormsTest.PositiveRepairAdjRepGUITest" name="gUITestRadiobuttonRepairReplacedPart" time="17.588"/>
  <system-out/>
  <testcase classname="fieldServiceFormsTest.PositiveRepairAdjRepGUITest" name="gUITestRadiobuttonRepairReplacedPart" time="19.526"/>
  <system-out/>
  <testcase classname="fieldServiceFormsTest.PositiveRepairAdjRepGUITest" name="gUITestRadiobuttonRepairReplacedPart" time="18.329"/>
  <system-out/>
  <testcase classname="fieldServiceFormsTest.PositiveRepairAdjRepGUITest" name="gUITestRadiobuttonRepairReplacedPart" time="18.288"/>
  <system-out/>
  <testcase classname="fieldServiceFormsTest.PositiveRepairAdjRepGUITest" name="gUITestRadiobuttonRepairReplacedPart" time="18.172"/>
  <system-out/>
  <testcase classname="fieldServiceFormsTest.PositiveRepairAdjRepGUITest" name="gUITestRadiobuttonRepairReplacedPart" time="18.053"/>
  <system-out/>
  <testcase classname="fieldServiceFormsTest.PositiveRepairAdjRepGUITest" name="gUITestRadiobuttonRepairReplacedPart" time="18.326"/>
  <system-out/>
  <testcase classname="fieldServiceFormsTest.PositiveRepairAdjRepGUITest" name="gUITestRadiobuttonRepairReplacedPart" time="20.801"/>
  <system-out/>
  <testcase classname="fieldServiceFormsTest.PositiveRepairAdjRepGUITest" name="gUITestRadiobuttonRepairReplacedPart" time="18.756"/>
  <system-out/>
  <testcase classname="fieldServiceFormsTest.PositiveRepairAdjRepGUITest" name="gUITestRadiobuttonRepairReplacedPart" time="17.959"/>
  <system-out/>
  <testcase classname="fieldServiceFormsTest.PositiveRepairAdjRepGUITest" name="gUITestRadiobuttonRepairReplacedPart" time="18.127"/>
  <system-out/>
  <testcase classname="fieldServiceFormsTest.PositiveRepairAdjRepGUITest" name="gUITestRadiobuttonRepairReplacedPart" time="18.514"/>
  <system-out/>
  <testcase classname="fieldServiceFormsTest.PositiveRepairAdjRepGUITest" name="gUITestRadiobuttonRepairReplacedPart" time="18.130"/>
  <system-out/>
  <testcase classname="fieldServiceFormsTest.PositiveRepairAdjRepGUITest" name="gUITestRadiobuttonRepairReplacedPart" time="17.285"/>
  <system-out/>
  <testcase classname="fieldServiceFormsTest.PositiveRepairAdjRepGUITest" name="gUITestRadiobuttonRepairReplacedPart" time="18.575"/>
  <system-out/>
  <testcase classname="fieldServiceFormsTest.PositiveRepairAdjRepGUITest" name="gUITestRadiobuttonRepairReplacedPart" time="18.478"/>
  <system-out/>
  <testcase classname="fieldServiceFormsTest.PositiveRepairAdjRepGUITest" name="gUITestRadiobuttonRepairReplacedPart" time="18.541"/>
  <system-out/>
  <testcase classname="fieldServiceFormsTest.PositiveRepairAdjRepGUITest" name="gUITestRadiobuttonRepairReplacedPart" time="18.628"/>
  <system-out/>
  <testcase classname="fieldServiceFormsTest.PositiveRepairAdjRepGUITest" name="gUITestRadiobuttonRepairReplacedPart" time="20.523"/>
  <system-out/>
  <testcase classname="fieldServiceFormsTest.PositiveRepairAdjRepGUITest" name="gUITestRadiobuttonRepairReplacedPart" time="18.124"/>
  <system-out/>
  <testcase classname="fieldServiceFormsTest.PositiveRepairAdjRepGUITest" name="gUITestRadiobuttonRepairReplacedPart" time="18.601"/>
  <system-out/>
  <testcase classname="fieldServiceFormsTest.PositiveRepairAdjRepGUITest" name="gUITestRadiobuttonRepairReplacedPart" time="18.209"/>
  <system-out/>
  <testcase classname="fieldServiceFormsTest.PositiveRepairAdjRepGUITest" name="gUITestRadiobuttonRepairReplacedPart" time="19.707"/>
  <system-out/>
  <testcase classname="fieldServiceFormsTest.PositiveRepairAdjRepGUITest" name="gUITestRadiobuttonRepairReplacedPart" time="17.848"/>
  <system-out/>
  <testcase classname="fieldServiceFormsTest.PositiveRepairAdjRepGUITest" name="gUITestRadiobuttonRepairReplacedPart" time="21.236"/>
  <system-out/>
  <testcase classname="fieldServiceFormsTest.PositiveRepairAdjRepGUITest" name="gUITestRadiobuttonRepairReplacedPart" time="17.267"/>
  <system-out/>
  <testcase classname="fieldServiceFormsTest.PositiveRepairAdjRepGUITest" name="gUITestRadiobuttonRepairReplacedPart" time="17.863"/>
  <system-out/>
  <testcase classname="fieldServiceFormsTest.PositiveRepairAdjRepGUITest" name="gUITestRadiobuttonRepairReplacedPart" time="18.293"/>
  <system-out/>
  <testcase classname="fieldServiceFormsTest.PositiveRepairAdjRepGUITest" name="gUITestRadiobuttonRepairReplacedPart" time="18.425"/>
  <system-out/>
  <testcase classname="fieldServiceFormsTest.PositiveRepairAdjRepGUITest" name="gUITestRadiobuttonRepairReplacedPart" time="18.046"/>
  <system-out/>
  <testcase classname="fieldServiceFormsTest.PositiveRepairAdjRepGUITest" name="gUITestRadiobuttonRepairReplacedPart" time="18.531"/>
  <system-out/>
  <testcase classname="fieldServiceFormsTest.PositiveRepairAdjRepGUITest" name="gUITestRadiobuttonRepairReplacedPart" time="20.960"/>
  <system-out/>
  <testcase classname="fieldServiceFormsTest.PositiveRepairAdjRepGUITest" name="gUITestRadiobuttonRepairReplacedPart" time="24.526"/>
  <system-out/>
  <testcase classname="fieldServiceFormsTest.PositiveRepairAdjRepGUITest" name="gUITestRadiobuttonRepairReplacedPart" time="17.214"/>
  <system-out/>
  <testcase classname="fieldServiceFormsTest.PositiveRepairAdjRepGUITest" name="gUITestRadiobuttonRepairReplacedPart" time="18.497"/>
  <system-out/>
  <testcase classname="fieldServiceFormsTest.PositiveRepairAdjRepGUITest" name="gUITestRadiobuttonRepairReplacedPart" time="18.334"/>
  <system-out/>
  <testcase classname="fieldServiceFormsTest.PositiveRepairAdjRepGUITest" name="gUITestRadiobuttonRepairReplacedPart" time="18.162"/>
  <system-out/>
  <testcase classname="fieldServiceFormsTest.PositiveRepairAdjRepGUITest" name="gUITestRadiobuttonRepairReplacedPart" time="22.003"/>
  <system-out/>
  <testcase classname="fieldServiceFormsTest.PositiveRepairAdjRepGUITest" name="gUITestRadiobuttonRepairReplacedPart" time="18.442"/>
  <system-out/>
  <testcase classname="fieldServiceFormsTest.PositiveRepairAdjRepGUITest" name="gUITestRadiobuttonRepairReplacedPart" time="18.572"/>
  <system-out/>
  <testcase classname="fieldServiceFormsTest.PositiveRepairAdjRepGUITest" name="gUITestRadiobuttonRepairReplacedPart" time="18.430"/>
  <system-out/>
  <testcase classname="fieldServiceFormsTest.PositiveRepairAdjRepGUITest" name="gUITestRadiobuttonRepairReplacedPart" time="22.053"/>
  <system-out/>
  <testcase classname="fieldServiceFormsTest.PositiveRepairAdjRepGUITest" name="gUITestRadiobuttonRepairReplacedPart" time="18.354"/>
  <system-out/>
  <testcase classname="fieldServiceFormsTest.PositiveRepairAdjRepGUITest" name="gUITestRadiobuttonRepairReplacedPart" time="17.177"/>
  <system-out/>
  <testcase classname="fieldServiceFormsTest.PositiveRepairAdjRepGUITest" name="gUITestRadiobuttonRepairReplacedPart" time="18.111"/>
  <system-out/>
  <testcase classname="fieldServiceFormsTest.PositiveRepairAdjRepGUITest" name="gUITestRadiobuttonRepairReplacedPart" time="18.323"/>
  <system-out/>
  <testcase classname="fieldServiceFormsTest.PositiveRepairAdjRepGUITest" name="gUITestRadiobuttonRepairReplacedPart" time="18.327"/>
  <system-out/>
  <testcase classname="fieldServiceFormsTest.PositiveRepairAdjRepGUITest" name="gUITestRadiobuttonRepairReplacedPart" time="18.340"/>
  <system-out/>
</testsuite> <!-- fieldServiceFormsTest.PositiveRepairAdjRepGUITest -->
