<?xml version="1.0" encoding="UTF-8"?>
<!-- Generated by org.testng.reporters.JUnitReportReporter -->
<testsuite hostname="DESKTOP-AMSBLU7" failures="0" tests="1" name="logisticsGilbertTest.JiraTicketCreationTest" time="90.447" errors="0" timestamp="2023-02-07T17:38:14 IST" skipped="0">
  <testcase classname="logisticsGilbertTest.JiraTicketCreationTest" name="processFile" time="90.447"/>
  <system-out/>
</testsuite> <!-- logisticsGilbertTest.JiraTicketCreationTest -->
