<?xml version="1.0" encoding="UTF-8"?>
<!-- Generated by org.testng.reporters.JUnitReportReporter -->
<testsuite hostname="DESKTOP-M729FOC" failures="0" tests="1010" name="fieldServiceFormsTest.AlternateRepairRepPartsform" time="9431.081" errors="0" timestamp="2023-01-19T21:21:56 IST" skipped="0">
  <testcase classname="fieldServiceFormsTest.AlternateRepairRepPartsform" name="gUITestRadiobuttonRepairReplacedPart" time="8.534"/>
  <system-out/>
  <testcase classname="fieldServiceFormsTest.AlternateRepairRepPartsform" name="gUITestRadiobuttonRepairReplacedPart" time="9.099"/>
  <system-out/>
  <testcase classname="fieldServiceFormsTest.AlternateRepairRepPartsform" name="gUITestRadiobuttonRepairReplacedPart" time="8.812"/>
  <system-out/>
  <testcase classname="fieldServiceFormsTest.AlternateRepairRepPartsform" name="gUITestRadiobuttonRepairReplacedPart" time="9.031"/>
  <system-out/>
  <testcase classname="fieldServiceFormsTest.AlternateRepairRepPartsform" name="gUITestRadiobuttonRepairReplacedPart" time="9.299"/>
  <system-out/>
  <testcase classname="fieldServiceFormsTest.AlternateRepairRepPartsform" name="gUITestRadiobuttonRepairReplacedPart" time="9.830"/>
  <system-out/>
  <testcase classname="fieldServiceFormsTest.AlternateRepairRepPartsform" name="gUITestRadiobuttonRepairReplacedPart" time="8.329"/>
  <system-out/>
  <testcase classname="fieldServiceFormsTest.AlternateRepairRepPartsform" name="gUITestRadiobuttonRepairReplacedPart" time="9.216"/>
  <system-out/>
  <testcase classname="fieldServiceFormsTest.AlternateRepairRepPartsform" name="gUITestRadiobuttonRepairReplacedPart" time="8.822"/>
  <system-out/>
  <testcase classname="fieldServiceFormsTest.AlternateRepairRepPartsform" name="gUITestRadiobuttonRepairReplacedPart" time="9.745"/>
  <system-out/>
  <testcase classname="fieldServiceFormsTest.AlternateRepairRepPartsform" name="gUITestRadiobuttonRepairReplacedPart" time="10.082"/>
  <system-out/>
  <testcase classname="fieldServiceFormsTest.AlternateRepairRepPartsform" name="gUITestRadiobuttonRepairReplacedPart" time="10.371"/>
  <system-out/>
  <testcase classname="fieldServiceFormsTest.AlternateRepairRepPartsform" name="gUITestRadiobuttonRepairReplacedPart" time="8.636"/>
  <system-out/>
  <testcase classname="fieldServiceFormsTest.AlternateRepairRepPartsform" name="gUITestRadiobuttonRepairReplacedPart" time="8.135"/>
  <system-out/>
  <testcase classname="fieldServiceFormsTest.AlternateRepairRepPartsform" name="gUITestRadiobuttonRepairReplacedPart" time="7.990"/>
  <system-out/>
  <testcase classname="fieldServiceFormsTest.AlternateRepairRepPartsform" name="gUITestRadiobuttonRepairReplacedPart" time="9.311"/>
  <system-out/>
  <testcase classname="fieldServiceFormsTest.AlternateRepairRepPartsform" name="gUITestRadiobuttonRepairReplacedPart" time="8.620"/>
  <system-out/>
  <testcase classname="fieldServiceFormsTest.AlternateRepairRepPartsform" name="gUITestRadiobuttonRepairReplacedPart" time="8.770"/>
  <system-out/>
  <testcase classname="fieldServiceFormsTest.AlternateRepairRepPartsform" name="gUITestRadiobuttonRepairReplacedPart" time="9.514"/>
  <system-out/>
  <testcase classname="fieldServiceFormsTest.AlternateRepairRepPartsform" name="gUITestRadiobuttonRepairReplacedPart" time="8.473"/>
  <system-out/>
  <testcase classname="fieldServiceFormsTest.AlternateRepairRepPartsform" name="gUITestRadiobuttonRepairReplacedPart" time="8.733"/>
  <system-out/>
  <testcase classname="fieldServiceFormsTest.AlternateRepairRepPartsform" name="gUITestRadiobuttonRepairReplacedPart" time="9.556"/>
  <system-out/>
  <testcase classname="fieldServiceFormsTest.AlternateRepairRepPartsform" name="gUITestRadiobuttonRepairReplacedPart" time="9.253"/>
  <system-out/>
  <testcase classname="fieldServiceFormsTest.AlternateRepairRepPartsform" name="gUITestRadiobuttonRepairReplacedPart" time="9.705"/>
  <system-out/>
  <testcase classname="fieldServiceFormsTest.AlternateRepairRepPartsform" name="gUITestRadiobuttonRepairReplacedPart" time="8.700"/>
  <system-out/>
  <testcase classname="fieldServiceFormsTest.AlternateRepairRepPartsform" name="gUITestRadiobuttonRepairReplacedPart" time="9.316"/>
  <system-out/>
  <testcase classname="fieldServiceFormsTest.AlternateRepairRepPartsform" name="gUITestRadiobuttonRepairReplacedPart" time="9.667"/>
  <system-out/>
  <testcase classname="fieldServiceFormsTest.AlternateRepairRepPartsform" name="gUITestRadiobuttonRepairReplacedPart" time="8.666"/>
  <system-out/>
  <testcase classname="fieldServiceFormsTest.AlternateRepairRepPartsform" name="gUITestRadiobuttonRepairReplacedPart" time="9.129"/>
  <system-out/>
  <testcase classname="fieldServiceFormsTest.AlternateRepairRepPartsform" name="gUITestRadiobuttonRepairReplacedPart" time="10.444"/>
  <system-out/>
  <testcase classname="fieldServiceFormsTest.AlternateRepairRepPartsform" name="gUITestRadiobuttonRepairReplacedPart" time="11.578"/>
  <system-out/>
  <testcase classname="fieldServiceFormsTest.AlternateRepairRepPartsform" name="gUITestRadiobuttonRepairReplacedPart" time="9.534"/>
  <system-out/>
  <testcase classname="fieldServiceFormsTest.AlternateRepairRepPartsform" name="gUITestRadiobuttonRepairReplacedPart" time="9.484"/>
  <system-out/>
  <testcase classname="fieldServiceFormsTest.AlternateRepairRepPartsform" name="gUITestRadiobuttonRepairReplacedPart" time="9.567"/>
  <system-out/>
  <testcase classname="fieldServiceFormsTest.AlternateRepairRepPartsform" name="gUITestRadiobuttonRepairReplacedPart" time="9.645"/>
  <system-out/>
  <testcase classname="fieldServiceFormsTest.AlternateRepairRepPartsform" name="gUITestRadiobuttonRepairReplacedPart" time="10.607"/>
  <system-out/>
  <testcase classname="fieldServiceFormsTest.AlternateRepairRepPartsform" name="gUITestRadiobuttonRepairReplacedPart" time="8.542"/>
  <system-out/>
  <testcase classname="fieldServiceFormsTest.AlternateRepairRepPartsform" name="gUITestRadiobuttonRepairReplacedPart" time="8.800"/>
  <system-out/>
  <testcase classname="fieldServiceFormsTest.AlternateRepairRepPartsform" name="gUITestRadiobuttonRepairReplacedPart" time="9.111"/>
  <system-out/>
  <testcase classname="fieldServiceFormsTest.AlternateRepairRepPartsform" name="gUITestRadiobuttonRepairReplacedPart" time="10.577"/>
  <system-out/>
  <testcase classname="fieldServiceFormsTest.AlternateRepairRepPartsform" name="gUITestRadiobuttonRepairReplacedPart" time="8.013"/>
  <system-out/>
  <testcase classname="fieldServiceFormsTest.AlternateRepairRepPartsform" name="gUITestRadiobuttonRepairReplacedPart" time="8.751"/>
  <system-out/>
  <testcase classname="fieldServiceFormsTest.AlternateRepairRepPartsform" name="gUITestRadiobuttonRepairReplacedPart" time="8.104"/>
  <system-out/>
  <testcase classname="fieldServiceFormsTest.AlternateRepairRepPartsform" name="gUITestRadiobuttonRepairReplacedPart" time="8.924"/>
  <system-out/>
  <testcase classname="fieldServiceFormsTest.AlternateRepairRepPartsform" name="gUITestRadiobuttonRepairReplacedPart" time="9.327"/>
  <system-out/>
  <testcase classname="fieldServiceFormsTest.AlternateRepairRepPartsform" name="gUITestRadiobuttonRepairReplacedPart" time="9.567"/>
  <system-out/>
  <testcase classname="fieldServiceFormsTest.AlternateRepairRepPartsform" name="gUITestRadiobuttonRepairReplacedPart" time="11.490"/>
  <system-out/>
  <testcase classname="fieldServiceFormsTest.AlternateRepairRepPartsform" name="gUITestRadiobuttonRepairReplacedPart" time="10.318"/>
  <system-out/>
  <testcase classname="fieldServiceFormsTest.AlternateRepairRepPartsform" name="gUITestRadiobuttonRepairReplacedPart" time="8.444"/>
  <system-out/>
  <testcase classname="fieldServiceFormsTest.AlternateRepairRepPartsform" name="gUITestRadiobuttonRepairReplacedPart" time="9.839"/>
  <system-out/>
  <testcase classname="fieldServiceFormsTest.AlternateRepairRepPartsform" name="gUITestRadiobuttonRepairReplacedPart" time="11.254"/>
  <system-out/>
  <testcase classname="fieldServiceFormsTest.AlternateRepairRepPartsform" name="gUITestRadiobuttonRepairReplacedPart" time="9.573"/>
  <system-out/>
  <testcase classname="fieldServiceFormsTest.AlternateRepairRepPartsform" name="gUITestRadiobuttonRepairReplacedPart" time="9.445"/>
  <system-out/>
  <testcase classname="fieldServiceFormsTest.AlternateRepairRepPartsform" name="gUITestRadiobuttonRepairReplacedPart" time="9.051"/>
  <system-out/>
  <testcase classname="fieldServiceFormsTest.AlternateRepairRepPartsform" name="gUITestRadiobuttonRepairReplacedPart" time="8.243"/>
  <system-out/>
  <testcase classname="fieldServiceFormsTest.AlternateRepairRepPartsform" name="gUITestRadiobuttonRepairReplacedPart" time="11.321"/>
  <system-out/>
  <testcase classname="fieldServiceFormsTest.AlternateRepairRepPartsform" name="gUITestRadiobuttonRepairReplacedPart" time="9.868"/>
  <system-out/>
  <testcase classname="fieldServiceFormsTest.AlternateRepairRepPartsform" name="gUITestRadiobuttonRepairReplacedPart" time="8.414"/>
  <system-out/>
  <testcase classname="fieldServiceFormsTest.AlternateRepairRepPartsform" name="gUITestRadiobuttonRepairReplacedPart" time="8.358"/>
  <system-out/>
  <testcase classname="fieldServiceFormsTest.AlternateRepairRepPartsform" name="gUITestRadiobuttonRepairReplacedPart" time="9.199"/>
  <system-out/>
  <testcase classname="fieldServiceFormsTest.AlternateRepairRepPartsform" name="gUITestRadiobuttonRepairReplacedPart" time="8.995"/>
  <system-out/>
  <testcase classname="fieldServiceFormsTest.AlternateRepairRepPartsform" name="gUITestRadiobuttonRepairReplacedPart" time="8.139"/>
  <system-out/>
  <testcase classname="fieldServiceFormsTest.AlternateRepairRepPartsform" name="gUITestRadiobuttonRepairReplacedPart" time="8.399"/>
  <system-out/>
  <testcase classname="fieldServiceFormsTest.AlternateRepairRepPartsform" name="gUITestRadiobuttonRepairReplacedPart" time="9.640"/>
  <system-out/>
  <testcase classname="fieldServiceFormsTest.AlternateRepairRepPartsform" name="gUITestRadiobuttonRepairReplacedPart" time="8.857"/>
  <system-out/>
  <testcase classname="fieldServiceFormsTest.AlternateRepairRepPartsform" name="gUITestRadiobuttonRepairReplacedPart" time="9.267"/>
  <system-out/>
  <testcase classname="fieldServiceFormsTest.AlternateRepairRepPartsform" name="gUITestRadiobuttonRepairReplacedPart" time="8.426"/>
  <system-out/>
  <testcase classname="fieldServiceFormsTest.AlternateRepairRepPartsform" name="gUITestRadiobuttonRepairReplacedPart" time="8.075"/>
  <system-out/>
  <testcase classname="fieldServiceFormsTest.AlternateRepairRepPartsform" name="gUITestRadiobuttonRepairReplacedPart" time="8.602"/>
  <system-out/>
  <testcase classname="fieldServiceFormsTest.AlternateRepairRepPartsform" name="gUITestRadiobuttonRepairReplacedPart" time="8.891"/>
  <system-out/>
  <testcase classname="fieldServiceFormsTest.AlternateRepairRepPartsform" name="gUITestRadiobuttonRepairReplacedPart" time="11.042"/>
  <system-out/>
  <testcase classname="fieldServiceFormsTest.AlternateRepairRepPartsform" name="gUITestRadiobuttonRepairReplacedPart" time="9.672"/>
  <system-out/>
  <testcase classname="fieldServiceFormsTest.AlternateRepairRepPartsform" name="gUITestRadiobuttonRepairReplacedPart" time="8.815"/>
  <system-out/>
  <testcase classname="fieldServiceFormsTest.AlternateRepairRepPartsform" name="gUITestRadiobuttonRepairReplacedPart" time="8.028"/>
  <system-out/>
  <testcase classname="fieldServiceFormsTest.AlternateRepairRepPartsform" name="gUITestRadiobuttonRepairReplacedPart" time="8.076"/>
  <system-out/>
  <testcase classname="fieldServiceFormsTest.AlternateRepairRepPartsform" name="gUITestRadiobuttonRepairReplacedPart" time="9.946"/>
  <system-out/>
  <testcase classname="fieldServiceFormsTest.AlternateRepairRepPartsform" name="gUITestRadiobuttonRepairReplacedPart" time="8.501"/>
  <system-out/>
  <testcase classname="fieldServiceFormsTest.AlternateRepairRepPartsform" name="gUITestRadiobuttonRepairReplacedPart" time="9.423"/>
  <system-out/>
  <testcase classname="fieldServiceFormsTest.AlternateRepairRepPartsform" name="gUITestRadiobuttonRepairReplacedPart" time="8.312"/>
  <system-out/>
  <testcase classname="fieldServiceFormsTest.AlternateRepairRepPartsform" name="gUITestRadiobuttonRepairReplacedPart" time="8.803"/>
  <system-out/>
  <testcase classname="fieldServiceFormsTest.AlternateRepairRepPartsform" name="gUITestRadiobuttonRepairReplacedPart" time="9.225"/>
  <system-out/>
  <testcase classname="fieldServiceFormsTest.AlternateRepairRepPartsform" name="gUITestRadiobuttonRepairReplacedPart" time="9.092"/>
  <system-out/>
  <testcase classname="fieldServiceFormsTest.AlternateRepairRepPartsform" name="gUITestRadiobuttonRepairReplacedPart" time="8.153"/>
  <system-out/>
  <testcase classname="fieldServiceFormsTest.AlternateRepairRepPartsform" name="gUITestRadiobuttonRepairReplacedPart" time="9.833"/>
  <system-out/>
  <testcase classname="fieldServiceFormsTest.AlternateRepairRepPartsform" name="gUITestRadiobuttonRepairReplacedPart" time="8.156"/>
  <system-out/>
  <testcase classname="fieldServiceFormsTest.AlternateRepairRepPartsform" name="gUITestRadiobuttonRepairReplacedPart" time="10.323"/>
  <system-out/>
  <testcase classname="fieldServiceFormsTest.AlternateRepairRepPartsform" name="gUITestRadiobuttonRepairReplacedPart" time="8.878"/>
  <system-out/>
  <testcase classname="fieldServiceFormsTest.AlternateRepairRepPartsform" name="gUITestRadiobuttonRepairReplacedPart" time="8.613"/>
  <system-out/>
  <testcase classname="fieldServiceFormsTest.AlternateRepairRepPartsform" name="gUITestRadiobuttonRepairReplacedPart" time="8.248"/>
  <system-out/>
  <testcase classname="fieldServiceFormsTest.AlternateRepairRepPartsform" name="gUITestRadiobuttonRepairReplacedPart" time="9.315"/>
  <system-out/>
  <testcase classname="fieldServiceFormsTest.AlternateRepairRepPartsform" name="gUITestRadiobuttonRepairReplacedPart" time="8.611"/>
  <system-out/>
  <testcase classname="fieldServiceFormsTest.AlternateRepairRepPartsform" name="gUITestRadiobuttonRepairReplacedPart" time="8.723"/>
  <system-out/>
  <testcase classname="fieldServiceFormsTest.AlternateRepairRepPartsform" name="gUITestRadiobuttonRepairReplacedPart" time="10.621"/>
  <system-out/>
  <testcase classname="fieldServiceFormsTest.AlternateRepairRepPartsform" name="gUITestRadiobuttonRepairReplacedPart" time="9.564"/>
  <system-out/>
  <testcase classname="fieldServiceFormsTest.AlternateRepairRepPartsform" name="gUITestRadiobuttonRepairReplacedPart" time="8.935"/>
  <system-out/>
  <testcase classname="fieldServiceFormsTest.AlternateRepairRepPartsform" name="gUITestRadiobuttonRepairReplacedPart" time="8.567"/>
  <system-out/>
  <testcase classname="fieldServiceFormsTest.AlternateRepairRepPartsform" name="gUITestRadiobuttonRepairReplacedPart" time="10.020"/>
  <system-out/>
  <testcase classname="fieldServiceFormsTest.AlternateRepairRepPartsform" name="gUITestRadiobuttonRepairReplacedPart" time="8.139"/>
  <system-out/>
  <testcase classname="fieldServiceFormsTest.AlternateRepairRepPartsform" name="gUITestRadiobuttonRepairReplacedPart" time="8.574"/>
  <system-out/>
  <testcase classname="fieldServiceFormsTest.AlternateRepairRepPartsform" name="gUITestRadiobuttonRepairReplacedPart" time="9.633"/>
  <system-out/>
  <testcase classname="fieldServiceFormsTest.AlternateRepairRepPartsform" name="gUITestRadiobuttonRepairReplacedPart" time="9.986"/>
  <system-out/>
  <testcase classname="fieldServiceFormsTest.AlternateRepairRepPartsform" name="gUITestRadiobuttonRepairReplacedPart" time="8.560"/>
  <system-out/>
  <testcase classname="fieldServiceFormsTest.AlternateRepairRepPartsform" name="gUITestRadiobuttonRepairReplacedPart" time="8.574"/>
  <system-out/>
  <testcase classname="fieldServiceFormsTest.AlternateRepairRepPartsform" name="gUITestRadiobuttonRepairReplacedPart" time="9.369"/>
  <system-out/>
  <testcase classname="fieldServiceFormsTest.AlternateRepairRepPartsform" name="gUITestRadiobuttonRepairReplacedPart" time="10.127"/>
  <system-out/>
  <testcase classname="fieldServiceFormsTest.AlternateRepairRepPartsform" name="gUITestRadiobuttonRepairReplacedPart" time="9.681"/>
  <system-out/>
  <testcase classname="fieldServiceFormsTest.AlternateRepairRepPartsform" name="gUITestRadiobuttonRepairReplacedPart" time="9.443"/>
  <system-out/>
  <testcase classname="fieldServiceFormsTest.AlternateRepairRepPartsform" name="gUITestRadiobuttonRepairReplacedPart" time="9.781"/>
  <system-out/>
  <testcase classname="fieldServiceFormsTest.AlternateRepairRepPartsform" name="gUITestRadiobuttonRepairReplacedPart" time="8.696"/>
  <system-out/>
  <testcase classname="fieldServiceFormsTest.AlternateRepairRepPartsform" name="gUITestRadiobuttonRepairReplacedPart" time="9.010"/>
  <system-out/>
  <testcase classname="fieldServiceFormsTest.AlternateRepairRepPartsform" name="gUITestRadiobuttonRepairReplacedPart" time="10.313"/>
  <system-out/>
  <testcase classname="fieldServiceFormsTest.AlternateRepairRepPartsform" name="gUITestRadiobuttonRepairReplacedPart" time="7.971"/>
  <system-out/>
  <testcase classname="fieldServiceFormsTest.AlternateRepairRepPartsform" name="gUITestRadiobuttonRepairReplacedPart" time="10.009"/>
  <system-out/>
  <testcase classname="fieldServiceFormsTest.AlternateRepairRepPartsform" name="gUITestRadiobuttonRepairReplacedPart" time="8.710"/>
  <system-out/>
  <testcase classname="fieldServiceFormsTest.AlternateRepairRepPartsform" name="gUITestRadiobuttonRepairReplacedPart" time="9.442"/>
  <system-out/>
  <testcase classname="fieldServiceFormsTest.AlternateRepairRepPartsform" name="gUITestRadiobuttonRepairReplacedPart" time="8.746"/>
  <system-out/>
  <testcase classname="fieldServiceFormsTest.AlternateRepairRepPartsform" name="gUITestRadiobuttonRepairReplacedPart" time="9.910"/>
  <system-out/>
  <testcase classname="fieldServiceFormsTest.AlternateRepairRepPartsform" name="gUITestRadiobuttonRepairReplacedPart" time="8.442"/>
  <system-out/>
  <testcase classname="fieldServiceFormsTest.AlternateRepairRepPartsform" name="gUITestRadiobuttonRepairReplacedPart" time="9.174"/>
  <system-out/>
  <testcase classname="fieldServiceFormsTest.AlternateRepairRepPartsform" name="gUITestRadiobuttonRepairReplacedPart" time="9.622"/>
  <system-out/>
  <testcase classname="fieldServiceFormsTest.AlternateRepairRepPartsform" name="gUITestRadiobuttonRepairReplacedPart" time="8.803"/>
  <system-out/>
  <testcase classname="fieldServiceFormsTest.AlternateRepairRepPartsform" name="gUITestRadiobuttonRepairReplacedPart" time="9.307"/>
  <system-out/>
  <testcase classname="fieldServiceFormsTest.AlternateRepairRepPartsform" name="gUITestRadiobuttonRepairReplacedPart" time="8.392"/>
  <system-out/>
  <testcase classname="fieldServiceFormsTest.AlternateRepairRepPartsform" name="gUITestRadiobuttonRepairReplacedPart" time="9.600"/>
  <system-out/>
  <testcase classname="fieldServiceFormsTest.AlternateRepairRepPartsform" name="gUITestRadiobuttonRepairReplacedPart" time="8.727"/>
  <system-out/>
  <testcase classname="fieldServiceFormsTest.AlternateRepairRepPartsform" name="gUITestRadiobuttonRepairReplacedPart" time="9.359"/>
  <system-out/>
  <testcase classname="fieldServiceFormsTest.AlternateRepairRepPartsform" name="gUITestRadiobuttonRepairReplacedPart" time="9.158"/>
  <system-out/>
  <testcase classname="fieldServiceFormsTest.AlternateRepairRepPartsform" name="gUITestRadiobuttonRepairReplacedPart" time="10.063"/>
  <system-out/>
  <testcase classname="fieldServiceFormsTest.AlternateRepairRepPartsform" name="gUITestRadiobuttonRepairReplacedPart" time="10.876"/>
  <system-out/>
  <testcase classname="fieldServiceFormsTest.AlternateRepairRepPartsform" name="gUITestRadiobuttonRepairReplacedPart" time="10.634"/>
  <system-out/>
  <testcase classname="fieldServiceFormsTest.AlternateRepairRepPartsform" name="gUITestRadiobuttonRepairReplacedPart" time="9.692"/>
  <system-out/>
  <testcase classname="fieldServiceFormsTest.AlternateRepairRepPartsform" name="gUITestRadiobuttonRepairReplacedPart" time="10.016"/>
  <system-out/>
  <testcase classname="fieldServiceFormsTest.AlternateRepairRepPartsform" name="gUITestRadiobuttonRepairReplacedPart" time="9.357"/>
  <system-out/>
  <testcase classname="fieldServiceFormsTest.AlternateRepairRepPartsform" name="gUITestRadiobuttonRepairReplacedPart" time="9.351"/>
  <system-out/>
  <testcase classname="fieldServiceFormsTest.AlternateRepairRepPartsform" name="gUITestRadiobuttonRepairReplacedPart" time="8.270"/>
  <system-out/>
  <testcase classname="fieldServiceFormsTest.AlternateRepairRepPartsform" name="gUITestRadiobuttonRepairReplacedPart" time="9.610"/>
  <system-out/>
  <testcase classname="fieldServiceFormsTest.AlternateRepairRepPartsform" name="gUITestRadiobuttonRepairReplacedPart" time="8.446"/>
  <system-out/>
  <testcase classname="fieldServiceFormsTest.AlternateRepairRepPartsform" name="gUITestRadiobuttonRepairReplacedPart" time="8.128"/>
  <system-out/>
  <testcase classname="fieldServiceFormsTest.AlternateRepairRepPartsform" name="gUITestRadiobuttonRepairReplacedPart" time="9.981"/>
  <system-out/>
  <testcase classname="fieldServiceFormsTest.AlternateRepairRepPartsform" name="gUITestRadiobuttonRepairReplacedPart" time="8.350"/>
  <system-out/>
  <testcase classname="fieldServiceFormsTest.AlternateRepairRepPartsform" name="gUITestRadiobuttonRepairReplacedPart" time="8.642"/>
  <system-out/>
  <testcase classname="fieldServiceFormsTest.AlternateRepairRepPartsform" name="gUITestRadiobuttonRepairReplacedPart" time="9.310"/>
  <system-out/>
  <testcase classname="fieldServiceFormsTest.AlternateRepairRepPartsform" name="gUITestRadiobuttonRepairReplacedPart" time="9.468"/>
  <system-out/>
  <testcase classname="fieldServiceFormsTest.AlternateRepairRepPartsform" name="gUITestRadiobuttonRepairReplacedPart" time="8.901"/>
  <system-out/>
  <testcase classname="fieldServiceFormsTest.AlternateRepairRepPartsform" name="gUITestRadiobuttonRepairReplacedPart" time="8.497"/>
  <system-out/>
  <testcase classname="fieldServiceFormsTest.AlternateRepairRepPartsform" name="gUITestRadiobuttonRepairReplacedPart" time="7.923"/>
  <system-out/>
  <testcase classname="fieldServiceFormsTest.AlternateRepairRepPartsform" name="gUITestRadiobuttonRepairReplacedPart" time="9.357"/>
  <system-out/>
  <testcase classname="fieldServiceFormsTest.AlternateRepairRepPartsform" name="gUITestRadiobuttonRepairReplacedPart" time="9.799"/>
  <system-out/>
  <testcase classname="fieldServiceFormsTest.AlternateRepairRepPartsform" name="gUITestRadiobuttonRepairReplacedPart" time="9.819"/>
  <system-out/>
  <testcase classname="fieldServiceFormsTest.AlternateRepairRepPartsform" name="gUITestRadiobuttonRepairReplacedPart" time="8.954"/>
  <system-out/>
  <testcase classname="fieldServiceFormsTest.AlternateRepairRepPartsform" name="gUITestRadiobuttonRepairReplacedPart" time="9.945"/>
  <system-out/>
  <testcase classname="fieldServiceFormsTest.AlternateRepairRepPartsform" name="gUITestRadiobuttonRepairReplacedPart" time="10.378"/>
  <system-out/>
  <testcase classname="fieldServiceFormsTest.AlternateRepairRepPartsform" name="gUITestRadiobuttonRepairReplacedPart" time="10.879"/>
  <system-out/>
  <testcase classname="fieldServiceFormsTest.AlternateRepairRepPartsform" name="gUITestRadiobuttonRepairReplacedPart" time="9.088"/>
  <system-out/>
  <testcase classname="fieldServiceFormsTest.AlternateRepairRepPartsform" name="gUITestRadiobuttonRepairReplacedPart" time="9.083"/>
  <system-out/>
  <testcase classname="fieldServiceFormsTest.AlternateRepairRepPartsform" name="gUITestRadiobuttonRepairReplacedPart" time="8.566"/>
  <system-out/>
  <testcase classname="fieldServiceFormsTest.AlternateRepairRepPartsform" name="gUITestRadiobuttonRepairReplacedPart" time="9.511"/>
  <system-out/>
  <testcase classname="fieldServiceFormsTest.AlternateRepairRepPartsform" name="gUITestRadiobuttonRepairReplacedPart" time="9.698"/>
  <system-out/>
  <testcase classname="fieldServiceFormsTest.AlternateRepairRepPartsform" name="gUITestRadiobuttonRepairReplacedPart" time="10.648"/>
  <system-out/>
  <testcase classname="fieldServiceFormsTest.AlternateRepairRepPartsform" name="gUITestRadiobuttonRepairReplacedPart" time="8.078"/>
  <system-out/>
  <testcase classname="fieldServiceFormsTest.AlternateRepairRepPartsform" name="gUITestRadiobuttonRepairReplacedPart" time="8.685"/>
  <system-out/>
  <testcase classname="fieldServiceFormsTest.AlternateRepairRepPartsform" name="gUITestRadiobuttonRepairReplacedPart" time="8.219"/>
  <system-out/>
  <testcase classname="fieldServiceFormsTest.AlternateRepairRepPartsform" name="gUITestRadiobuttonRepairReplacedPart" time="8.518"/>
  <system-out/>
  <testcase classname="fieldServiceFormsTest.AlternateRepairRepPartsform" name="gUITestRadiobuttonRepairReplacedPart" time="9.184"/>
  <system-out/>
  <testcase classname="fieldServiceFormsTest.AlternateRepairRepPartsform" name="gUITestRadiobuttonRepairReplacedPart" time="8.853"/>
  <system-out/>
  <testcase classname="fieldServiceFormsTest.AlternateRepairRepPartsform" name="gUITestRadiobuttonRepairReplacedPart" time="8.036"/>
  <system-out/>
  <testcase classname="fieldServiceFormsTest.AlternateRepairRepPartsform" name="gUITestRadiobuttonRepairReplacedPart" time="7.982"/>
  <system-out/>
  <testcase classname="fieldServiceFormsTest.AlternateRepairRepPartsform" name="gUITestRadiobuttonRepairReplacedPart" time="8.561"/>
  <system-out/>
  <testcase classname="fieldServiceFormsTest.AlternateRepairRepPartsform" name="gUITestRadiobuttonRepairReplacedPart" time="8.024"/>
  <system-out/>
  <testcase classname="fieldServiceFormsTest.AlternateRepairRepPartsform" name="gUITestRadiobuttonRepairReplacedPart" time="9.227"/>
  <system-out/>
  <testcase classname="fieldServiceFormsTest.AlternateRepairRepPartsform" name="gUITestRadiobuttonRepairReplacedPart" time="10.061"/>
  <system-out/>
  <testcase classname="fieldServiceFormsTest.AlternateRepairRepPartsform" name="gUITestRadiobuttonRepairReplacedPart" time="11.356"/>
  <system-out/>
  <testcase classname="fieldServiceFormsTest.AlternateRepairRepPartsform" name="gUITestRadiobuttonRepairReplacedPart" time="8.911"/>
  <system-out/>
  <testcase classname="fieldServiceFormsTest.AlternateRepairRepPartsform" name="gUITestRadiobuttonRepairReplacedPart" time="8.149"/>
  <system-out/>
  <testcase classname="fieldServiceFormsTest.AlternateRepairRepPartsform" name="gUITestRadiobuttonRepairReplacedPart" time="9.396"/>
  <system-out/>
  <testcase classname="fieldServiceFormsTest.AlternateRepairRepPartsform" name="gUITestRadiobuttonRepairReplacedPart" time="8.917"/>
  <system-out/>
  <testcase classname="fieldServiceFormsTest.AlternateRepairRepPartsform" name="gUITestRadiobuttonRepairReplacedPart" time="8.715"/>
  <system-out/>
  <testcase classname="fieldServiceFormsTest.AlternateRepairRepPartsform" name="gUITestRadiobuttonRepairReplacedPart" time="9.482"/>
  <system-out/>
  <testcase classname="fieldServiceFormsTest.AlternateRepairRepPartsform" name="gUITestRadiobuttonRepairReplacedPart" time="8.273"/>
  <system-out/>
  <testcase classname="fieldServiceFormsTest.AlternateRepairRepPartsform" name="gUITestRadiobuttonRepairReplacedPart" time="9.544"/>
  <system-out/>
  <testcase classname="fieldServiceFormsTest.AlternateRepairRepPartsform" name="gUITestRadiobuttonRepairReplacedPart" time="9.361"/>
  <system-out/>
  <testcase classname="fieldServiceFormsTest.AlternateRepairRepPartsform" name="gUITestRadiobuttonRepairReplacedPart" time="10.210"/>
  <system-out/>
  <testcase classname="fieldServiceFormsTest.AlternateRepairRepPartsform" name="gUITestRadiobuttonRepairReplacedPart" time="10.032"/>
  <system-out/>
  <testcase classname="fieldServiceFormsTest.AlternateRepairRepPartsform" name="gUITestRadiobuttonRepairReplacedPart" time="8.925"/>
  <system-out/>
  <testcase classname="fieldServiceFormsTest.AlternateRepairRepPartsform" name="gUITestRadiobuttonRepairReplacedPart" time="7.920"/>
  <system-out/>
  <testcase classname="fieldServiceFormsTest.AlternateRepairRepPartsform" name="gUITestRadiobuttonRepairReplacedPart" time="9.992"/>
  <system-out/>
  <testcase classname="fieldServiceFormsTest.AlternateRepairRepPartsform" name="gUITestRadiobuttonRepairReplacedPart" time="8.052"/>
  <system-out/>
  <testcase classname="fieldServiceFormsTest.AlternateRepairRepPartsform" name="gUITestRadiobuttonRepairReplacedPart" time="8.059"/>
  <system-out/>
  <testcase classname="fieldServiceFormsTest.AlternateRepairRepPartsform" name="gUITestRadiobuttonRepairReplacedPart" time="9.630"/>
  <system-out/>
  <testcase classname="fieldServiceFormsTest.AlternateRepairRepPartsform" name="gUITestRadiobuttonRepairReplacedPart" time="8.258"/>
  <system-out/>
  <testcase classname="fieldServiceFormsTest.AlternateRepairRepPartsform" name="gUITestRadiobuttonRepairReplacedPart" time="8.000"/>
  <system-out/>
  <testcase classname="fieldServiceFormsTest.AlternateRepairRepPartsform" name="gUITestRadiobuttonRepairReplacedPart" time="9.227"/>
  <system-out/>
  <testcase classname="fieldServiceFormsTest.AlternateRepairRepPartsform" name="gUITestRadiobuttonRepairReplacedPart" time="8.290"/>
  <system-out/>
  <testcase classname="fieldServiceFormsTest.AlternateRepairRepPartsform" name="gUITestRadiobuttonRepairReplacedPart" time="10.454"/>
  <system-out/>
  <testcase classname="fieldServiceFormsTest.AlternateRepairRepPartsform" name="gUITestRadiobuttonRepairReplacedPart" time="9.625"/>
  <system-out/>
  <testcase classname="fieldServiceFormsTest.AlternateRepairRepPartsform" name="gUITestRadiobuttonRepairReplacedPart" time="9.723"/>
  <system-out/>
  <testcase classname="fieldServiceFormsTest.AlternateRepairRepPartsform" name="gUITestRadiobuttonRepairReplacedPart" time="11.053"/>
  <system-out/>
  <testcase classname="fieldServiceFormsTest.AlternateRepairRepPartsform" name="gUITestRadiobuttonRepairReplacedPart" time="9.927"/>
  <system-out/>
  <testcase classname="fieldServiceFormsTest.AlternateRepairRepPartsform" name="gUITestRadiobuttonRepairReplacedPart" time="8.242"/>
  <system-out/>
  <testcase classname="fieldServiceFormsTest.AlternateRepairRepPartsform" name="gUITestRadiobuttonRepairReplacedPart" time="8.503"/>
  <system-out/>
  <testcase classname="fieldServiceFormsTest.AlternateRepairRepPartsform" name="gUITestRadiobuttonRepairReplacedPart" time="8.577"/>
  <system-out/>
  <testcase classname="fieldServiceFormsTest.AlternateRepairRepPartsform" name="gUITestRadiobuttonRepairReplacedPart" time="9.311"/>
  <system-out/>
  <testcase classname="fieldServiceFormsTest.AlternateRepairRepPartsform" name="gUITestRadiobuttonRepairReplacedPart" time="8.252"/>
  <system-out/>
  <testcase classname="fieldServiceFormsTest.AlternateRepairRepPartsform" name="gUITestRadiobuttonRepairReplacedPart" time="8.401"/>
  <system-out/>
  <testcase classname="fieldServiceFormsTest.AlternateRepairRepPartsform" name="gUITestRadiobuttonRepairReplacedPart" time="9.821"/>
  <system-out/>
  <testcase classname="fieldServiceFormsTest.AlternateRepairRepPartsform" name="gUITestRadiobuttonRepairReplacedPart" time="9.423"/>
  <system-out/>
  <testcase classname="fieldServiceFormsTest.AlternateRepairRepPartsform" name="gUITestRadiobuttonRepairReplacedPart" time="10.047"/>
  <system-out/>
  <testcase classname="fieldServiceFormsTest.AlternateRepairRepPartsform" name="gUITestRadiobuttonRepairReplacedPart" time="8.583"/>
  <system-out/>
  <testcase classname="fieldServiceFormsTest.AlternateRepairRepPartsform" name="gUITestRadiobuttonRepairReplacedPart" time="8.192"/>
  <system-out/>
  <testcase classname="fieldServiceFormsTest.AlternateRepairRepPartsform" name="gUITestRadiobuttonRepairReplacedPart" time="8.466"/>
  <system-out/>
  <testcase classname="fieldServiceFormsTest.AlternateRepairRepPartsform" name="gUITestRadiobuttonRepairReplacedPart" time="10.589"/>
  <system-out/>
  <testcase classname="fieldServiceFormsTest.AlternateRepairRepPartsform" name="gUITestRadiobuttonRepairReplacedPart" time="8.383"/>
  <system-out/>
  <testcase classname="fieldServiceFormsTest.AlternateRepairRepPartsform" name="gUITestRadiobuttonRepairReplacedPart" time="8.913"/>
  <system-out/>
  <testcase classname="fieldServiceFormsTest.AlternateRepairRepPartsform" name="gUITestRadiobuttonRepairReplacedPart" time="8.772"/>
  <system-out/>
  <testcase classname="fieldServiceFormsTest.AlternateRepairRepPartsform" name="gUITestRadiobuttonRepairReplacedPart" time="8.987"/>
  <system-out/>
  <testcase classname="fieldServiceFormsTest.AlternateRepairRepPartsform" name="gUITestRadiobuttonRepairReplacedPart" time="9.345"/>
  <system-out/>
  <testcase classname="fieldServiceFormsTest.AlternateRepairRepPartsform" name="gUITestRadiobuttonRepairReplacedPart" time="8.335"/>
  <system-out/>
  <testcase classname="fieldServiceFormsTest.AlternateRepairRepPartsform" name="gUITestRadiobuttonRepairReplacedPart" time="9.630"/>
  <system-out/>
  <testcase classname="fieldServiceFormsTest.AlternateRepairRepPartsform" name="gUITestRadiobuttonRepairReplacedPart" time="11.029"/>
  <system-out/>
  <testcase classname="fieldServiceFormsTest.AlternateRepairRepPartsform" name="gUITestRadiobuttonRepairReplacedPart" time="10.974"/>
  <system-out/>
  <testcase classname="fieldServiceFormsTest.AlternateRepairRepPartsform" name="gUITestRadiobuttonRepairReplacedPart" time="9.579"/>
  <system-out/>
  <testcase classname="fieldServiceFormsTest.AlternateRepairRepPartsform" name="gUITestRadiobuttonRepairReplacedPart" time="9.632"/>
  <system-out/>
  <testcase classname="fieldServiceFormsTest.AlternateRepairRepPartsform" name="gUITestRadiobuttonRepairReplacedPart" time="9.780"/>
  <system-out/>
  <testcase classname="fieldServiceFormsTest.AlternateRepairRepPartsform" name="gUITestRadiobuttonRepairReplacedPart" time="8.134"/>
  <system-out/>
  <testcase classname="fieldServiceFormsTest.AlternateRepairRepPartsform" name="gUITestRadiobuttonRepairReplacedPart" time="9.608"/>
  <system-out/>
  <testcase classname="fieldServiceFormsTest.AlternateRepairRepPartsform" name="gUITestRadiobuttonRepairReplacedPart" time="11.134"/>
  <system-out/>
  <testcase classname="fieldServiceFormsTest.AlternateRepairRepPartsform" name="gUITestRadiobuttonRepairReplacedPart" time="9.449"/>
  <system-out/>
  <testcase classname="fieldServiceFormsTest.AlternateRepairRepPartsform" name="gUITestRadiobuttonRepairReplacedPart" time="10.362"/>
  <system-out/>
  <testcase classname="fieldServiceFormsTest.AlternateRepairRepPartsform" name="gUITestRadiobuttonRepairReplacedPart" time="9.786"/>
  <system-out/>
  <testcase classname="fieldServiceFormsTest.AlternateRepairRepPartsform" name="gUITestRadiobuttonRepairReplacedPart" time="8.147"/>
  <system-out/>
  <testcase classname="fieldServiceFormsTest.AlternateRepairRepPartsform" name="gUITestRadiobuttonRepairReplacedPart" time="9.577"/>
  <system-out/>
  <testcase classname="fieldServiceFormsTest.AlternateRepairRepPartsform" name="gUITestRadiobuttonRepairReplacedPart" time="8.453"/>
  <system-out/>
  <testcase classname="fieldServiceFormsTest.AlternateRepairRepPartsform" name="gUITestRadiobuttonRepairReplacedPart" time="10.302"/>
  <system-out/>
  <testcase classname="fieldServiceFormsTest.AlternateRepairRepPartsform" name="gUITestRadiobuttonRepairReplacedPart" time="9.000"/>
  <system-out/>
  <testcase classname="fieldServiceFormsTest.AlternateRepairRepPartsform" name="gUITestRadiobuttonRepairReplacedPart" time="8.905"/>
  <system-out/>
  <testcase classname="fieldServiceFormsTest.AlternateRepairRepPartsform" name="gUITestRadiobuttonRepairReplacedPart" time="8.739"/>
  <system-out/>
  <testcase classname="fieldServiceFormsTest.AlternateRepairRepPartsform" name="gUITestRadiobuttonRepairReplacedPart" time="8.719"/>
  <system-out/>
  <testcase classname="fieldServiceFormsTest.AlternateRepairRepPartsform" name="gUITestRadiobuttonRepairReplacedPart" time="9.827"/>
  <system-out/>
  <testcase classname="fieldServiceFormsTest.AlternateRepairRepPartsform" name="gUITestRadiobuttonRepairReplacedPart" time="10.113"/>
  <system-out/>
  <testcase classname="fieldServiceFormsTest.AlternateRepairRepPartsform" name="gUITestRadiobuttonRepairReplacedPart" time="10.589"/>
  <system-out/>
  <testcase classname="fieldServiceFormsTest.AlternateRepairRepPartsform" name="gUITestRadiobuttonRepairReplacedPart" time="9.796"/>
  <system-out/>
  <testcase classname="fieldServiceFormsTest.AlternateRepairRepPartsform" name="gUITestRadiobuttonRepairReplacedPart" time="11.181"/>
  <system-out/>
  <testcase classname="fieldServiceFormsTest.AlternateRepairRepPartsform" name="gUITestRadiobuttonRepairReplacedPart" time="8.666"/>
  <system-out/>
  <testcase classname="fieldServiceFormsTest.AlternateRepairRepPartsform" name="gUITestRadiobuttonRepairReplacedPart" time="9.610"/>
  <system-out/>
  <testcase classname="fieldServiceFormsTest.AlternateRepairRepPartsform" name="gUITestRadiobuttonRepairReplacedPart" time="8.511"/>
  <system-out/>
  <testcase classname="fieldServiceFormsTest.AlternateRepairRepPartsform" name="gUITestRadiobuttonRepairReplacedPart" time="9.227"/>
  <system-out/>
  <testcase classname="fieldServiceFormsTest.AlternateRepairRepPartsform" name="gUITestRadiobuttonRepairReplacedPart" time="9.680"/>
  <system-out/>
  <testcase classname="fieldServiceFormsTest.AlternateRepairRepPartsform" name="gUITestRadiobuttonRepairReplacedPart" time="8.726"/>
  <system-out/>
  <testcase classname="fieldServiceFormsTest.AlternateRepairRepPartsform" name="gUITestRadiobuttonRepairReplacedPart" time="8.032"/>
  <system-out/>
  <testcase classname="fieldServiceFormsTest.AlternateRepairRepPartsform" name="gUITestRadiobuttonRepairReplacedPart" time="9.404"/>
  <system-out/>
  <testcase classname="fieldServiceFormsTest.AlternateRepairRepPartsform" name="gUITestRadiobuttonRepairReplacedPart" time="8.367"/>
  <system-out/>
  <testcase classname="fieldServiceFormsTest.AlternateRepairRepPartsform" name="gUITestRadiobuttonRepairReplacedPart" time="9.454"/>
  <system-out/>
  <testcase classname="fieldServiceFormsTest.AlternateRepairRepPartsform" name="gUITestRadiobuttonRepairReplacedPart" time="9.473"/>
  <system-out/>
  <testcase classname="fieldServiceFormsTest.AlternateRepairRepPartsform" name="gUITestRadiobuttonRepairReplacedPart" time="8.214"/>
  <system-out/>
  <testcase classname="fieldServiceFormsTest.AlternateRepairRepPartsform" name="gUITestRadiobuttonRepairReplacedPart" time="8.444"/>
  <system-out/>
  <testcase classname="fieldServiceFormsTest.AlternateRepairRepPartsform" name="gUITestRadiobuttonRepairReplacedPart" time="10.275"/>
  <system-out/>
  <testcase classname="fieldServiceFormsTest.AlternateRepairRepPartsform" name="gUITestRadiobuttonRepairReplacedPart" time="8.870"/>
  <system-out/>
  <testcase classname="fieldServiceFormsTest.AlternateRepairRepPartsform" name="gUITestRadiobuttonRepairReplacedPart" time="9.325"/>
  <system-out/>
  <testcase classname="fieldServiceFormsTest.AlternateRepairRepPartsform" name="gUITestRadiobuttonRepairReplacedPart" time="8.084"/>
  <system-out/>
  <testcase classname="fieldServiceFormsTest.AlternateRepairRepPartsform" name="gUITestRadiobuttonRepairReplacedPart" time="10.914"/>
  <system-out/>
  <testcase classname="fieldServiceFormsTest.AlternateRepairRepPartsform" name="gUITestRadiobuttonRepairReplacedPart" time="8.493"/>
  <system-out/>
  <testcase classname="fieldServiceFormsTest.AlternateRepairRepPartsform" name="gUITestRadiobuttonRepairReplacedPart" time="8.605"/>
  <system-out/>
  <testcase classname="fieldServiceFormsTest.AlternateRepairRepPartsform" name="gUITestRadiobuttonRepairReplacedPart" time="9.620"/>
  <system-out/>
  <testcase classname="fieldServiceFormsTest.AlternateRepairRepPartsform" name="gUITestRadiobuttonRepairReplacedPart" time="9.831"/>
  <system-out/>
  <testcase classname="fieldServiceFormsTest.AlternateRepairRepPartsform" name="gUITestRadiobuttonRepairReplacedPart" time="8.941"/>
  <system-out/>
  <testcase classname="fieldServiceFormsTest.AlternateRepairRepPartsform" name="gUITestRadiobuttonRepairReplacedPart" time="9.154"/>
  <system-out/>
  <testcase classname="fieldServiceFormsTest.AlternateRepairRepPartsform" name="gUITestRadiobuttonRepairReplacedPart" time="8.159"/>
  <system-out/>
  <testcase classname="fieldServiceFormsTest.AlternateRepairRepPartsform" name="gUITestRadiobuttonRepairReplacedPart" time="9.733"/>
  <system-out/>
  <testcase classname="fieldServiceFormsTest.AlternateRepairRepPartsform" name="gUITestRadiobuttonRepairReplacedPart" time="9.875"/>
  <system-out/>
  <testcase classname="fieldServiceFormsTest.AlternateRepairRepPartsform" name="gUITestRadiobuttonRepairReplacedPart" time="8.143"/>
  <system-out/>
  <testcase classname="fieldServiceFormsTest.AlternateRepairRepPartsform" name="gUITestRadiobuttonRepairReplacedPart" time="8.531"/>
  <system-out/>
  <testcase classname="fieldServiceFormsTest.AlternateRepairRepPartsform" name="gUITestRadiobuttonRepairReplacedPart" time="9.270"/>
  <system-out/>
  <testcase classname="fieldServiceFormsTest.AlternateRepairRepPartsform" name="gUITestRadiobuttonRepairReplacedPart" time="8.610"/>
  <system-out/>
  <testcase classname="fieldServiceFormsTest.AlternateRepairRepPartsform" name="gUITestRadiobuttonRepairReplacedPart" time="9.249"/>
  <system-out/>
  <testcase classname="fieldServiceFormsTest.AlternateRepairRepPartsform" name="gUITestRadiobuttonRepairReplacedPart" time="8.173"/>
  <system-out/>
  <testcase classname="fieldServiceFormsTest.AlternateRepairRepPartsform" name="gUITestRadiobuttonRepairReplacedPart" time="9.800"/>
  <system-out/>
  <testcase classname="fieldServiceFormsTest.AlternateRepairRepPartsform" name="gUITestRadiobuttonRepairReplacedPart" time="9.575"/>
  <system-out/>
  <testcase classname="fieldServiceFormsTest.AlternateRepairRepPartsform" name="gUITestRadiobuttonRepairReplacedPart" time="9.529"/>
  <system-out/>
  <testcase classname="fieldServiceFormsTest.AlternateRepairRepPartsform" name="gUITestRadiobuttonRepairReplacedPart" time="9.857"/>
  <system-out/>
  <testcase classname="fieldServiceFormsTest.AlternateRepairRepPartsform" name="gUITestRadiobuttonRepairReplacedPart" time="9.243"/>
  <system-out/>
  <testcase classname="fieldServiceFormsTest.AlternateRepairRepPartsform" name="gUITestRadiobuttonRepairReplacedPart" time="8.889"/>
  <system-out/>
  <testcase classname="fieldServiceFormsTest.AlternateRepairRepPartsform" name="gUITestRadiobuttonRepairReplacedPart" time="8.281"/>
  <system-out/>
  <testcase classname="fieldServiceFormsTest.AlternateRepairRepPartsform" name="gUITestRadiobuttonRepairReplacedPart" time="9.574"/>
  <system-out/>
  <testcase classname="fieldServiceFormsTest.AlternateRepairRepPartsform" name="gUITestRadiobuttonRepairReplacedPart" time="9.973"/>
  <system-out/>
  <testcase classname="fieldServiceFormsTest.AlternateRepairRepPartsform" name="gUITestRadiobuttonRepairReplacedPart" time="8.722"/>
  <system-out/>
  <testcase classname="fieldServiceFormsTest.AlternateRepairRepPartsform" name="gUITestRadiobuttonRepairReplacedPart" time="9.919"/>
  <system-out/>
  <testcase classname="fieldServiceFormsTest.AlternateRepairRepPartsform" name="gUITestRadiobuttonRepairReplacedPart" time="8.455"/>
  <system-out/>
  <testcase classname="fieldServiceFormsTest.AlternateRepairRepPartsform" name="gUITestRadiobuttonRepairReplacedPart" time="8.282"/>
  <system-out/>
  <testcase classname="fieldServiceFormsTest.AlternateRepairRepPartsform" name="gUITestRadiobuttonRepairReplacedPart" time="11.218"/>
  <system-out/>
  <testcase classname="fieldServiceFormsTest.AlternateRepairRepPartsform" name="gUITestRadiobuttonRepairReplacedPart" time="9.430"/>
  <system-out/>
  <testcase classname="fieldServiceFormsTest.AlternateRepairRepPartsform" name="gUITestRadiobuttonRepairReplacedPart" time="9.577"/>
  <system-out/>
  <testcase classname="fieldServiceFormsTest.AlternateRepairRepPartsform" name="gUITestRadiobuttonRepairReplacedPart" time="8.723"/>
  <system-out/>
  <testcase classname="fieldServiceFormsTest.AlternateRepairRepPartsform" name="gUITestRadiobuttonRepairReplacedPart" time="9.832"/>
  <system-out/>
  <testcase classname="fieldServiceFormsTest.AlternateRepairRepPartsform" name="gUITestRadiobuttonRepairReplacedPart" time="8.753"/>
  <system-out/>
  <testcase classname="fieldServiceFormsTest.AlternateRepairRepPartsform" name="gUITestRadiobuttonRepairReplacedPart" time="9.853"/>
  <system-out/>
  <testcase classname="fieldServiceFormsTest.AlternateRepairRepPartsform" name="gUITestRadiobuttonRepairReplacedPart" time="9.406"/>
  <system-out/>
  <testcase classname="fieldServiceFormsTest.AlternateRepairRepPartsform" name="gUITestRadiobuttonRepairReplacedPart" time="9.509"/>
  <system-out/>
  <testcase classname="fieldServiceFormsTest.AlternateRepairRepPartsform" name="gUITestRadiobuttonRepairReplacedPart" time="7.924"/>
  <system-out/>
  <testcase classname="fieldServiceFormsTest.AlternateRepairRepPartsform" name="gUITestRadiobuttonRepairReplacedPart" time="8.402"/>
  <system-out/>
  <testcase classname="fieldServiceFormsTest.AlternateRepairRepPartsform" name="gUITestRadiobuttonRepairReplacedPart" time="9.067"/>
  <system-out/>
  <testcase classname="fieldServiceFormsTest.AlternateRepairRepPartsform" name="gUITestRadiobuttonRepairReplacedPart" time="8.795"/>
  <system-out/>
  <testcase classname="fieldServiceFormsTest.AlternateRepairRepPartsform" name="gUITestRadiobuttonRepairReplacedPart" time="10.568"/>
  <system-out/>
  <testcase classname="fieldServiceFormsTest.AlternateRepairRepPartsform" name="gUITestRadiobuttonRepairReplacedPart" time="8.378"/>
  <system-out/>
  <testcase classname="fieldServiceFormsTest.AlternateRepairRepPartsform" name="gUITestRadiobuttonRepairReplacedPart" time="9.333"/>
  <system-out/>
  <testcase classname="fieldServiceFormsTest.AlternateRepairRepPartsform" name="gUITestRadiobuttonRepairReplacedPart" time="7.984"/>
  <system-out/>
  <testcase classname="fieldServiceFormsTest.AlternateRepairRepPartsform" name="gUITestRadiobuttonRepairReplacedPart" time="10.444"/>
  <system-out/>
  <testcase classname="fieldServiceFormsTest.AlternateRepairRepPartsform" name="gUITestRadiobuttonRepairReplacedPart" time="8.546"/>
  <system-out/>
  <testcase classname="fieldServiceFormsTest.AlternateRepairRepPartsform" name="gUITestRadiobuttonRepairReplacedPart" time="9.844"/>
  <system-out/>
  <testcase classname="fieldServiceFormsTest.AlternateRepairRepPartsform" name="gUITestRadiobuttonRepairReplacedPart" time="8.287"/>
  <system-out/>
  <testcase classname="fieldServiceFormsTest.AlternateRepairRepPartsform" name="gUITestRadiobuttonRepairReplacedPart" time="8.938"/>
  <system-out/>
  <testcase classname="fieldServiceFormsTest.AlternateRepairRepPartsform" name="gUITestRadiobuttonRepairReplacedPart" time="11.070"/>
  <system-out/>
  <testcase classname="fieldServiceFormsTest.AlternateRepairRepPartsform" name="gUITestRadiobuttonRepairReplacedPart" time="8.301"/>
  <system-out/>
  <testcase classname="fieldServiceFormsTest.AlternateRepairRepPartsform" name="gUITestRadiobuttonRepairReplacedPart" time="9.457"/>
  <system-out/>
  <testcase classname="fieldServiceFormsTest.AlternateRepairRepPartsform" name="gUITestRadiobuttonRepairReplacedPart" time="7.983"/>
  <system-out/>
  <testcase classname="fieldServiceFormsTest.AlternateRepairRepPartsform" name="gUITestRadiobuttonRepairReplacedPart" time="9.292"/>
  <system-out/>
  <testcase classname="fieldServiceFormsTest.AlternateRepairRepPartsform" name="gUITestRadiobuttonRepairReplacedPart" time="9.626"/>
  <system-out/>
  <testcase classname="fieldServiceFormsTest.AlternateRepairRepPartsform" name="gUITestRadiobuttonRepairReplacedPart" time="10.021"/>
  <system-out/>
  <testcase classname="fieldServiceFormsTest.AlternateRepairRepPartsform" name="gUITestRadiobuttonRepairReplacedPart" time="9.371"/>
  <system-out/>
  <testcase classname="fieldServiceFormsTest.AlternateRepairRepPartsform" name="gUITestRadiobuttonRepairReplacedPart" time="8.886"/>
  <system-out/>
  <testcase classname="fieldServiceFormsTest.AlternateRepairRepPartsform" name="gUITestRadiobuttonRepairReplacedPart" time="8.196"/>
  <system-out/>
  <testcase classname="fieldServiceFormsTest.AlternateRepairRepPartsform" name="gUITestRadiobuttonRepairReplacedPart" time="10.029"/>
  <system-out/>
  <testcase classname="fieldServiceFormsTest.AlternateRepairRepPartsform" name="gUITestRadiobuttonRepairReplacedPart" time="8.496"/>
  <system-out/>
  <testcase classname="fieldServiceFormsTest.AlternateRepairRepPartsform" name="gUITestRadiobuttonRepairReplacedPart" time="9.612"/>
  <system-out/>
  <testcase classname="fieldServiceFormsTest.AlternateRepairRepPartsform" name="gUITestRadiobuttonRepairReplacedPart" time="10.211"/>
  <system-out/>
  <testcase classname="fieldServiceFormsTest.AlternateRepairRepPartsform" name="gUITestRadiobuttonRepairReplacedPart" time="8.656"/>
  <system-out/>
  <testcase classname="fieldServiceFormsTest.AlternateRepairRepPartsform" name="gUITestRadiobuttonRepairReplacedPart" time="9.816"/>
  <system-out/>
  <testcase classname="fieldServiceFormsTest.AlternateRepairRepPartsform" name="gUITestRadiobuttonRepairReplacedPart" time="8.178"/>
  <system-out/>
  <testcase classname="fieldServiceFormsTest.AlternateRepairRepPartsform" name="gUITestRadiobuttonRepairReplacedPart" time="8.201"/>
  <system-out/>
  <testcase classname="fieldServiceFormsTest.AlternateRepairRepPartsform" name="gUITestRadiobuttonRepairReplacedPart" time="7.975"/>
  <system-out/>
  <testcase classname="fieldServiceFormsTest.AlternateRepairRepPartsform" name="gUITestRadiobuttonRepairReplacedPart" time="9.327"/>
  <system-out/>
  <testcase classname="fieldServiceFormsTest.AlternateRepairRepPartsform" name="gUITestRadiobuttonRepairReplacedPart" time="10.076"/>
  <system-out/>
  <testcase classname="fieldServiceFormsTest.AlternateRepairRepPartsform" name="gUITestRadiobuttonRepairReplacedPart" time="9.548"/>
  <system-out/>
  <testcase classname="fieldServiceFormsTest.AlternateRepairRepPartsform" name="gUITestRadiobuttonRepairReplacedPart" time="8.144"/>
  <system-out/>
  <testcase classname="fieldServiceFormsTest.AlternateRepairRepPartsform" name="gUITestRadiobuttonRepairReplacedPart" time="9.211"/>
  <system-out/>
  <testcase classname="fieldServiceFormsTest.AlternateRepairRepPartsform" name="gUITestRadiobuttonRepairReplacedPart" time="8.686"/>
  <system-out/>
  <testcase classname="fieldServiceFormsTest.AlternateRepairRepPartsform" name="gUITestRadiobuttonRepairReplacedPart" time="9.565"/>
  <system-out/>
  <testcase classname="fieldServiceFormsTest.AlternateRepairRepPartsform" name="gUITestRadiobuttonRepairReplacedPart" time="8.525"/>
  <system-out/>
  <testcase classname="fieldServiceFormsTest.AlternateRepairRepPartsform" name="gUITestRadiobuttonRepairReplacedPart" time="9.951"/>
  <system-out/>
  <testcase classname="fieldServiceFormsTest.AlternateRepairRepPartsform" name="gUITestRadiobuttonRepairReplacedPart" time="8.029"/>
  <system-out/>
  <testcase classname="fieldServiceFormsTest.AlternateRepairRepPartsform" name="gUITestRadiobuttonRepairReplacedPart" time="8.349"/>
  <system-out/>
  <testcase classname="fieldServiceFormsTest.AlternateRepairRepPartsform" name="gUITestRadiobuttonRepairReplacedPart" time="9.315"/>
  <system-out/>
  <testcase classname="fieldServiceFormsTest.AlternateRepairRepPartsform" name="gUITestRadiobuttonRepairReplacedPart" time="8.129"/>
  <system-out/>
  <testcase classname="fieldServiceFormsTest.AlternateRepairRepPartsform" name="gUITestRadiobuttonRepairReplacedPart" time="10.242"/>
  <system-out/>
  <testcase classname="fieldServiceFormsTest.AlternateRepairRepPartsform" name="gUITestRadiobuttonRepairReplacedPart" time="11.089"/>
  <system-out/>
  <testcase classname="fieldServiceFormsTest.AlternateRepairRepPartsform" name="gUITestRadiobuttonRepairReplacedPart" time="8.587"/>
  <system-out/>
  <testcase classname="fieldServiceFormsTest.AlternateRepairRepPartsform" name="gUITestRadiobuttonRepairReplacedPart" time="9.462"/>
  <system-out/>
  <testcase classname="fieldServiceFormsTest.AlternateRepairRepPartsform" name="gUITestRadiobuttonRepairReplacedPart" time="8.401"/>
  <system-out/>
  <testcase classname="fieldServiceFormsTest.AlternateRepairRepPartsform" name="gUITestRadiobuttonRepairReplacedPart" time="7.869"/>
  <system-out/>
  <testcase classname="fieldServiceFormsTest.AlternateRepairRepPartsform" name="gUITestRadiobuttonRepairReplacedPart" time="9.628"/>
  <system-out/>
  <testcase classname="fieldServiceFormsTest.AlternateRepairRepPartsform" name="gUITestRadiobuttonRepairReplacedPart" time="9.451"/>
  <system-out/>
  <testcase classname="fieldServiceFormsTest.AlternateRepairRepPartsform" name="gUITestRadiobuttonRepairReplacedPart" time="9.686"/>
  <system-out/>
  <testcase classname="fieldServiceFormsTest.AlternateRepairRepPartsform" name="gUITestRadiobuttonRepairReplacedPart" time="8.841"/>
  <system-out/>
  <testcase classname="fieldServiceFormsTest.AlternateRepairRepPartsform" name="gUITestRadiobuttonRepairReplacedPart" time="9.857"/>
  <system-out/>
  <testcase classname="fieldServiceFormsTest.AlternateRepairRepPartsform" name="gUITestRadiobuttonRepairReplacedPart" time="9.685"/>
  <system-out/>
  <testcase classname="fieldServiceFormsTest.AlternateRepairRepPartsform" name="gUITestRadiobuttonRepairReplacedPart" time="10.371"/>
  <system-out/>
  <testcase classname="fieldServiceFormsTest.AlternateRepairRepPartsform" name="gUITestRadiobuttonRepairReplacedPart" time="10.112"/>
  <system-out/>
  <testcase classname="fieldServiceFormsTest.AlternateRepairRepPartsform" name="gUITestRadiobuttonRepairReplacedPart" time="8.248"/>
  <system-out/>
  <testcase classname="fieldServiceFormsTest.AlternateRepairRepPartsform" name="gUITestRadiobuttonRepairReplacedPart" time="9.099"/>
  <system-out/>
  <testcase classname="fieldServiceFormsTest.AlternateRepairRepPartsform" name="gUITestRadiobuttonRepairReplacedPart" time="9.856"/>
  <system-out/>
  <testcase classname="fieldServiceFormsTest.AlternateRepairRepPartsform" name="gUITestRadiobuttonRepairReplacedPart" time="8.674"/>
  <system-out/>
  <testcase classname="fieldServiceFormsTest.AlternateRepairRepPartsform" name="gUITestRadiobuttonRepairReplacedPart" time="7.979"/>
  <system-out/>
  <testcase classname="fieldServiceFormsTest.AlternateRepairRepPartsform" name="gUITestRadiobuttonRepairReplacedPart" time="10.849"/>
  <system-out/>
  <testcase classname="fieldServiceFormsTest.AlternateRepairRepPartsform" name="gUITestRadiobuttonRepairReplacedPart" time="9.580"/>
  <system-out/>
  <testcase classname="fieldServiceFormsTest.AlternateRepairRepPartsform" name="gUITestRadiobuttonRepairReplacedPart" time="10.285"/>
  <system-out/>
  <testcase classname="fieldServiceFormsTest.AlternateRepairRepPartsform" name="gUITestRadiobuttonRepairReplacedPart" time="9.385"/>
  <system-out/>
  <testcase classname="fieldServiceFormsTest.AlternateRepairRepPartsform" name="gUITestRadiobuttonRepairReplacedPart" time="9.507"/>
  <system-out/>
  <testcase classname="fieldServiceFormsTest.AlternateRepairRepPartsform" name="gUITestRadiobuttonRepairReplacedPart" time="9.763"/>
  <system-out/>
  <testcase classname="fieldServiceFormsTest.AlternateRepairRepPartsform" name="gUITestRadiobuttonRepairReplacedPart" time="9.576"/>
  <system-out/>
  <testcase classname="fieldServiceFormsTest.AlternateRepairRepPartsform" name="gUITestRadiobuttonRepairReplacedPart" time="9.732"/>
  <system-out/>
  <testcase classname="fieldServiceFormsTest.AlternateRepairRepPartsform" name="gUITestRadiobuttonRepairReplacedPart" time="9.801"/>
  <system-out/>
  <testcase classname="fieldServiceFormsTest.AlternateRepairRepPartsform" name="gUITestRadiobuttonRepairReplacedPart" time="8.585"/>
  <system-out/>
  <testcase classname="fieldServiceFormsTest.AlternateRepairRepPartsform" name="gUITestRadiobuttonRepairReplacedPart" time="9.799"/>
  <system-out/>
  <testcase classname="fieldServiceFormsTest.AlternateRepairRepPartsform" name="gUITestRadiobuttonRepairReplacedPart" time="7.971"/>
  <system-out/>
  <testcase classname="fieldServiceFormsTest.AlternateRepairRepPartsform" name="gUITestRadiobuttonRepairReplacedPart" time="8.241"/>
  <system-out/>
  <testcase classname="fieldServiceFormsTest.AlternateRepairRepPartsform" name="gUITestRadiobuttonRepairReplacedPart" time="9.479"/>
  <system-out/>
  <testcase classname="fieldServiceFormsTest.AlternateRepairRepPartsform" name="gUITestRadiobuttonRepairReplacedPart" time="8.355"/>
  <system-out/>
  <testcase classname="fieldServiceFormsTest.AlternateRepairRepPartsform" name="gUITestRadiobuttonRepairReplacedPart" time="8.272"/>
  <system-out/>
  <testcase classname="fieldServiceFormsTest.AlternateRepairRepPartsform" name="gUITestRadiobuttonRepairReplacedPart" time="10.887"/>
  <system-out/>
  <testcase classname="fieldServiceFormsTest.AlternateRepairRepPartsform" name="gUITestRadiobuttonRepairReplacedPart" time="9.064"/>
  <system-out/>
  <testcase classname="fieldServiceFormsTest.AlternateRepairRepPartsform" name="gUITestRadiobuttonRepairReplacedPart" time="10.054"/>
  <system-out/>
  <testcase classname="fieldServiceFormsTest.AlternateRepairRepPartsform" name="gUITestRadiobuttonRepairReplacedPart" time="8.161"/>
  <system-out/>
  <testcase classname="fieldServiceFormsTest.AlternateRepairRepPartsform" name="gUITestRadiobuttonRepairReplacedPart" time="8.301"/>
  <system-out/>
  <testcase classname="fieldServiceFormsTest.AlternateRepairRepPartsform" name="gUITestRadiobuttonRepairReplacedPart" time="9.617"/>
  <system-out/>
  <testcase classname="fieldServiceFormsTest.AlternateRepairRepPartsform" name="gUITestRadiobuttonRepairReplacedPart" time="8.349"/>
  <system-out/>
  <testcase classname="fieldServiceFormsTest.AlternateRepairRepPartsform" name="gUITestRadiobuttonRepairReplacedPart" time="8.511"/>
  <system-out/>
  <testcase classname="fieldServiceFormsTest.AlternateRepairRepPartsform" name="gUITestRadiobuttonRepairReplacedPart" time="11.558"/>
  <system-out/>
  <testcase classname="fieldServiceFormsTest.AlternateRepairRepPartsform" name="gUITestRadiobuttonRepairReplacedPart" time="8.829"/>
  <system-out/>
  <testcase classname="fieldServiceFormsTest.AlternateRepairRepPartsform" name="gUITestRadiobuttonRepairReplacedPart" time="10.166"/>
  <system-out/>
  <testcase classname="fieldServiceFormsTest.AlternateRepairRepPartsform" name="gUITestRadiobuttonRepairReplacedPart" time="9.243"/>
  <system-out/>
  <testcase classname="fieldServiceFormsTest.AlternateRepairRepPartsform" name="gUITestRadiobuttonRepairReplacedPart" time="9.830"/>
  <system-out/>
  <testcase classname="fieldServiceFormsTest.AlternateRepairRepPartsform" name="gUITestRadiobuttonRepairReplacedPart" time="8.917"/>
  <system-out/>
  <testcase classname="fieldServiceFormsTest.AlternateRepairRepPartsform" name="gUITestRadiobuttonRepairReplacedPart" time="8.039"/>
  <system-out/>
  <testcase classname="fieldServiceFormsTest.AlternateRepairRepPartsform" name="gUITestRadiobuttonRepairReplacedPart" time="9.425"/>
  <system-out/>
  <testcase classname="fieldServiceFormsTest.AlternateRepairRepPartsform" name="gUITestRadiobuttonRepairReplacedPart" time="8.213"/>
  <system-out/>
  <testcase classname="fieldServiceFormsTest.AlternateRepairRepPartsform" name="gUITestRadiobuttonRepairReplacedPart" time="9.681"/>
  <system-out/>
  <testcase classname="fieldServiceFormsTest.AlternateRepairRepPartsform" name="gUITestRadiobuttonRepairReplacedPart" time="10.334"/>
  <system-out/>
  <testcase classname="fieldServiceFormsTest.AlternateRepairRepPartsform" name="gUITestRadiobuttonRepairReplacedPart" time="8.860"/>
  <system-out/>
  <testcase classname="fieldServiceFormsTest.AlternateRepairRepPartsform" name="gUITestRadiobuttonRepairReplacedPart" time="10.356"/>
  <system-out/>
  <testcase classname="fieldServiceFormsTest.AlternateRepairRepPartsform" name="gUITestRadiobuttonRepairReplacedPart" time="9.844"/>
  <system-out/>
  <testcase classname="fieldServiceFormsTest.AlternateRepairRepPartsform" name="gUITestRadiobuttonRepairReplacedPart" time="8.084"/>
  <system-out/>
  <testcase classname="fieldServiceFormsTest.AlternateRepairRepPartsform" name="gUITestRadiobuttonRepairReplacedPart" time="10.157"/>
  <system-out/>
  <testcase classname="fieldServiceFormsTest.AlternateRepairRepPartsform" name="gUITestRadiobuttonRepairReplacedPart" time="10.483"/>
  <system-out/>
  <testcase classname="fieldServiceFormsTest.AlternateRepairRepPartsform" name="gUITestRadiobuttonRepairReplacedPart" time="11.280"/>
  <system-out/>
  <testcase classname="fieldServiceFormsTest.AlternateRepairRepPartsform" name="gUITestRadiobuttonRepairReplacedPart" time="8.868"/>
  <system-out/>
  <testcase classname="fieldServiceFormsTest.AlternateRepairRepPartsform" name="gUITestRadiobuttonRepairReplacedPart" time="9.890"/>
  <system-out/>
  <testcase classname="fieldServiceFormsTest.AlternateRepairRepPartsform" name="gUITestRadiobuttonRepairReplacedPart" time="10.346"/>
  <system-out/>
  <testcase classname="fieldServiceFormsTest.AlternateRepairRepPartsform" name="gUITestRadiobuttonRepairReplacedPart" time="8.800"/>
  <system-out/>
  <testcase classname="fieldServiceFormsTest.AlternateRepairRepPartsform" name="gUITestRadiobuttonRepairReplacedPart" time="8.376"/>
  <system-out/>
  <testcase classname="fieldServiceFormsTest.AlternateRepairRepPartsform" name="gUITestRadiobuttonRepairReplacedPart" time="11.444"/>
  <system-out/>
  <testcase classname="fieldServiceFormsTest.AlternateRepairRepPartsform" name="gUITestRadiobuttonRepairReplacedPart" time="8.114"/>
  <system-out/>
  <testcase classname="fieldServiceFormsTest.AlternateRepairRepPartsform" name="gUITestRadiobuttonRepairReplacedPart" time="9.617"/>
  <system-out/>
  <testcase classname="fieldServiceFormsTest.AlternateRepairRepPartsform" name="gUITestRadiobuttonRepairReplacedPart" time="8.351"/>
  <system-out/>
  <testcase classname="fieldServiceFormsTest.AlternateRepairRepPartsform" name="gUITestRadiobuttonRepairReplacedPart" time="8.487"/>
  <system-out/>
  <testcase classname="fieldServiceFormsTest.AlternateRepairRepPartsform" name="gUITestRadiobuttonRepairReplacedPart" time="8.603"/>
  <system-out/>
  <testcase classname="fieldServiceFormsTest.AlternateRepairRepPartsform" name="gUITestRadiobuttonRepairReplacedPart" time="8.334"/>
  <system-out/>
  <testcase classname="fieldServiceFormsTest.AlternateRepairRepPartsform" name="gUITestRadiobuttonRepairReplacedPart" time="9.636"/>
  <system-out/>
  <testcase classname="fieldServiceFormsTest.AlternateRepairRepPartsform" name="gUITestRadiobuttonRepairReplacedPart" time="9.661"/>
  <system-out/>
  <testcase classname="fieldServiceFormsTest.AlternateRepairRepPartsform" name="gUITestRadiobuttonRepairReplacedPart" time="10.672"/>
  <system-out/>
  <testcase classname="fieldServiceFormsTest.AlternateRepairRepPartsform" name="gUITestRadiobuttonRepairReplacedPart" time="8.034"/>
  <system-out/>
  <testcase classname="fieldServiceFormsTest.AlternateRepairRepPartsform" name="gUITestRadiobuttonRepairReplacedPart" time="9.268"/>
  <system-out/>
  <testcase classname="fieldServiceFormsTest.AlternateRepairRepPartsform" name="gUITestRadiobuttonRepairReplacedPart" time="8.607"/>
  <system-out/>
  <testcase classname="fieldServiceFormsTest.AlternateRepairRepPartsform" name="gUITestRadiobuttonRepairReplacedPart" time="12.397"/>
  <system-out/>
  <testcase classname="fieldServiceFormsTest.AlternateRepairRepPartsform" name="gUITestRadiobuttonRepairReplacedPart" time="8.434"/>
  <system-out/>
  <testcase classname="fieldServiceFormsTest.AlternateRepairRepPartsform" name="gUITestRadiobuttonRepairReplacedPart" time="8.592"/>
  <system-out/>
  <testcase classname="fieldServiceFormsTest.AlternateRepairRepPartsform" name="gUITestRadiobuttonRepairReplacedPart" time="11.083"/>
  <system-out/>
  <testcase classname="fieldServiceFormsTest.AlternateRepairRepPartsform" name="gUITestRadiobuttonRepairReplacedPart" time="10.425"/>
  <system-out/>
  <testcase classname="fieldServiceFormsTest.AlternateRepairRepPartsform" name="gUITestRadiobuttonRepairReplacedPart" time="9.487"/>
  <system-out/>
  <testcase classname="fieldServiceFormsTest.AlternateRepairRepPartsform" name="gUITestRadiobuttonRepairReplacedPart" time="9.257"/>
  <system-out/>
  <testcase classname="fieldServiceFormsTest.AlternateRepairRepPartsform" name="gUITestRadiobuttonRepairReplacedPart" time="9.631"/>
  <system-out/>
  <testcase classname="fieldServiceFormsTest.AlternateRepairRepPartsform" name="gUITestRadiobuttonRepairReplacedPart" time="9.836"/>
  <system-out/>
  <testcase classname="fieldServiceFormsTest.AlternateRepairRepPartsform" name="gUITestRadiobuttonRepairReplacedPart" time="12.193"/>
  <system-out/>
  <testcase classname="fieldServiceFormsTest.AlternateRepairRepPartsform" name="gUITestRadiobuttonRepairReplacedPart" time="8.047"/>
  <system-out/>
  <testcase classname="fieldServiceFormsTest.AlternateRepairRepPartsform" name="gUITestRadiobuttonRepairReplacedPart" time="8.259"/>
  <system-out/>
  <testcase classname="fieldServiceFormsTest.AlternateRepairRepPartsform" name="gUITestRadiobuttonRepairReplacedPart" time="8.787"/>
  <system-out/>
  <testcase classname="fieldServiceFormsTest.AlternateRepairRepPartsform" name="gUITestRadiobuttonRepairReplacedPart" time="8.001"/>
  <system-out/>
  <testcase classname="fieldServiceFormsTest.AlternateRepairRepPartsform" name="gUITestRadiobuttonRepairReplacedPart" time="9.843"/>
  <system-out/>
  <testcase classname="fieldServiceFormsTest.AlternateRepairRepPartsform" name="gUITestRadiobuttonRepairReplacedPart" time="9.258"/>
  <system-out/>
  <testcase classname="fieldServiceFormsTest.AlternateRepairRepPartsform" name="gUITestRadiobuttonRepairReplacedPart" time="8.719"/>
  <system-out/>
  <testcase classname="fieldServiceFormsTest.AlternateRepairRepPartsform" name="gUITestRadiobuttonRepairReplacedPart" time="8.152"/>
  <system-out/>
  <testcase classname="fieldServiceFormsTest.AlternateRepairRepPartsform" name="gUITestRadiobuttonRepairReplacedPart" time="9.107"/>
  <system-out/>
  <testcase classname="fieldServiceFormsTest.AlternateRepairRepPartsform" name="gUITestRadiobuttonRepairReplacedPart" time="9.630"/>
  <system-out/>
  <testcase classname="fieldServiceFormsTest.AlternateRepairRepPartsform" name="gUITestRadiobuttonRepairReplacedPart" time="9.446"/>
  <system-out/>
  <testcase classname="fieldServiceFormsTest.AlternateRepairRepPartsform" name="gUITestRadiobuttonRepairReplacedPart" time="9.294"/>
  <system-out/>
  <testcase classname="fieldServiceFormsTest.AlternateRepairRepPartsform" name="gUITestRadiobuttonRepairReplacedPart" time="8.390"/>
  <system-out/>
  <testcase classname="fieldServiceFormsTest.AlternateRepairRepPartsform" name="gUITestRadiobuttonRepairReplacedPart" time="9.615"/>
  <system-out/>
  <testcase classname="fieldServiceFormsTest.AlternateRepairRepPartsform" name="gUITestRadiobuttonRepairReplacedPart" time="9.683"/>
  <system-out/>
  <testcase classname="fieldServiceFormsTest.AlternateRepairRepPartsform" name="gUITestRadiobuttonRepairReplacedPart" time="9.711"/>
  <system-out/>
  <testcase classname="fieldServiceFormsTest.AlternateRepairRepPartsform" name="gUITestRadiobuttonRepairReplacedPart" time="9.966"/>
  <system-out/>
  <testcase classname="fieldServiceFormsTest.AlternateRepairRepPartsform" name="gUITestRadiobuttonRepairReplacedPart" time="10.034"/>
  <system-out/>
  <testcase classname="fieldServiceFormsTest.AlternateRepairRepPartsform" name="gUITestRadiobuttonRepairReplacedPart" time="8.343"/>
  <system-out/>
  <testcase classname="fieldServiceFormsTest.AlternateRepairRepPartsform" name="gUITestRadiobuttonRepairReplacedPart" time="9.334"/>
  <system-out/>
  <testcase classname="fieldServiceFormsTest.AlternateRepairRepPartsform" name="gUITestRadiobuttonRepairReplacedPart" time="9.027"/>
  <system-out/>
  <testcase classname="fieldServiceFormsTest.AlternateRepairRepPartsform" name="gUITestRadiobuttonRepairReplacedPart" time="8.010"/>
  <system-out/>
  <testcase classname="fieldServiceFormsTest.AlternateRepairRepPartsform" name="gUITestRadiobuttonRepairReplacedPart" time="7.925"/>
  <system-out/>
  <testcase classname="fieldServiceFormsTest.AlternateRepairRepPartsform" name="gUITestRadiobuttonRepairReplacedPart" time="10.002"/>
  <system-out/>
  <testcase classname="fieldServiceFormsTest.AlternateRepairRepPartsform" name="gUITestRadiobuttonRepairReplacedPart" time="12.104"/>
  <system-out/>
  <testcase classname="fieldServiceFormsTest.AlternateRepairRepPartsform" name="gUITestRadiobuttonRepairReplacedPart" time="10.913"/>
  <system-out/>
  <testcase classname="fieldServiceFormsTest.AlternateRepairRepPartsform" name="gUITestRadiobuttonRepairReplacedPart" time="9.640"/>
  <system-out/>
  <testcase classname="fieldServiceFormsTest.AlternateRepairRepPartsform" name="gUITestRadiobuttonRepairReplacedPart" time="8.260"/>
  <system-out/>
  <testcase classname="fieldServiceFormsTest.AlternateRepairRepPartsform" name="gUITestRadiobuttonRepairReplacedPart" time="8.282"/>
  <system-out/>
  <testcase classname="fieldServiceFormsTest.AlternateRepairRepPartsform" name="gUITestRadiobuttonRepairReplacedPart" time="9.020"/>
  <system-out/>
  <testcase classname="fieldServiceFormsTest.AlternateRepairRepPartsform" name="gUITestRadiobuttonRepairReplacedPart" time="8.696"/>
  <system-out/>
  <testcase classname="fieldServiceFormsTest.AlternateRepairRepPartsform" name="gUITestRadiobuttonRepairReplacedPart" time="8.699"/>
  <system-out/>
  <testcase classname="fieldServiceFormsTest.AlternateRepairRepPartsform" name="gUITestRadiobuttonRepairReplacedPart" time="10.055"/>
  <system-out/>
  <testcase classname="fieldServiceFormsTest.AlternateRepairRepPartsform" name="gUITestRadiobuttonRepairReplacedPart" time="8.144"/>
  <system-out/>
  <testcase classname="fieldServiceFormsTest.AlternateRepairRepPartsform" name="gUITestRadiobuttonRepairReplacedPart" time="8.646"/>
  <system-out/>
  <testcase classname="fieldServiceFormsTest.AlternateRepairRepPartsform" name="gUITestRadiobuttonRepairReplacedPart" time="9.767"/>
  <system-out/>
  <testcase classname="fieldServiceFormsTest.AlternateRepairRepPartsform" name="gUITestRadiobuttonRepairReplacedPart" time="8.001"/>
  <system-out/>
  <testcase classname="fieldServiceFormsTest.AlternateRepairRepPartsform" name="gUITestRadiobuttonRepairReplacedPart" time="9.983"/>
  <system-out/>
  <testcase classname="fieldServiceFormsTest.AlternateRepairRepPartsform" name="gUITestRadiobuttonRepairReplacedPart" time="8.835"/>
  <system-out/>
  <testcase classname="fieldServiceFormsTest.AlternateRepairRepPartsform" name="gUITestRadiobuttonRepairReplacedPart" time="10.030"/>
  <system-out/>
  <testcase classname="fieldServiceFormsTest.AlternateRepairRepPartsform" name="gUITestRadiobuttonRepairReplacedPart" time="8.940"/>
  <system-out/>
  <testcase classname="fieldServiceFormsTest.AlternateRepairRepPartsform" name="gUITestRadiobuttonRepairReplacedPart" time="8.589"/>
  <system-out/>
  <testcase classname="fieldServiceFormsTest.AlternateRepairRepPartsform" name="gUITestRadiobuttonRepairReplacedPart" time="9.490"/>
  <system-out/>
  <testcase classname="fieldServiceFormsTest.AlternateRepairRepPartsform" name="gUITestRadiobuttonRepairReplacedPart" time="8.967"/>
  <system-out/>
  <testcase classname="fieldServiceFormsTest.AlternateRepairRepPartsform" name="gUITestRadiobuttonRepairReplacedPart" time="8.204"/>
  <system-out/>
  <testcase classname="fieldServiceFormsTest.AlternateRepairRepPartsform" name="gUITestRadiobuttonRepairReplacedPart" time="8.053"/>
  <system-out/>
  <testcase classname="fieldServiceFormsTest.AlternateRepairRepPartsform" name="gUITestRadiobuttonRepairReplacedPart" time="8.122"/>
  <system-out/>
  <testcase classname="fieldServiceFormsTest.AlternateRepairRepPartsform" name="gUITestRadiobuttonRepairReplacedPart" time="7.841"/>
  <system-out/>
  <testcase classname="fieldServiceFormsTest.AlternateRepairRepPartsform" name="gUITestRadiobuttonRepairReplacedPart" time="9.385"/>
  <system-out/>
  <testcase classname="fieldServiceFormsTest.AlternateRepairRepPartsform" name="gUITestRadiobuttonRepairReplacedPart" time="9.714"/>
  <system-out/>
  <testcase classname="fieldServiceFormsTest.AlternateRepairRepPartsform" name="gUITestRadiobuttonRepairReplacedPart" time="8.196"/>
  <system-out/>
  <testcase classname="fieldServiceFormsTest.AlternateRepairRepPartsform" name="gUITestRadiobuttonRepairReplacedPart" time="9.410"/>
  <system-out/>
  <testcase classname="fieldServiceFormsTest.AlternateRepairRepPartsform" name="gUITestRadiobuttonRepairReplacedPart" time="10.130"/>
  <system-out/>
  <testcase classname="fieldServiceFormsTest.AlternateRepairRepPartsform" name="gUITestRadiobuttonRepairReplacedPart" time="9.824"/>
  <system-out/>
  <testcase classname="fieldServiceFormsTest.AlternateRepairRepPartsform" name="gUITestRadiobuttonRepairReplacedPart" time="9.613"/>
  <system-out/>
  <testcase classname="fieldServiceFormsTest.AlternateRepairRepPartsform" name="gUITestRadiobuttonRepairReplacedPart" time="9.340"/>
  <system-out/>
  <testcase classname="fieldServiceFormsTest.AlternateRepairRepPartsform" name="gUITestRadiobuttonRepairReplacedPart" time="8.101"/>
  <system-out/>
  <testcase classname="fieldServiceFormsTest.AlternateRepairRepPartsform" name="gUITestRadiobuttonRepairReplacedPart" time="9.371"/>
  <system-out/>
  <testcase classname="fieldServiceFormsTest.AlternateRepairRepPartsform" name="gUITestRadiobuttonRepairReplacedPart" time="9.189"/>
  <system-out/>
  <testcase classname="fieldServiceFormsTest.AlternateRepairRepPartsform" name="gUITestRadiobuttonRepairReplacedPart" time="9.700"/>
  <system-out/>
  <testcase classname="fieldServiceFormsTest.AlternateRepairRepPartsform" name="gUITestRadiobuttonRepairReplacedPart" time="9.415"/>
  <system-out/>
  <testcase classname="fieldServiceFormsTest.AlternateRepairRepPartsform" name="gUITestRadiobuttonRepairReplacedPart" time="9.241"/>
  <system-out/>
  <testcase classname="fieldServiceFormsTest.AlternateRepairRepPartsform" name="gUITestRadiobuttonRepairReplacedPart" time="9.752"/>
  <system-out/>
  <testcase classname="fieldServiceFormsTest.AlternateRepairRepPartsform" name="gUITestRadiobuttonRepairReplacedPart" time="10.966"/>
  <system-out/>
  <testcase classname="fieldServiceFormsTest.AlternateRepairRepPartsform" name="gUITestRadiobuttonRepairReplacedPart" time="9.631"/>
  <system-out/>
  <testcase classname="fieldServiceFormsTest.AlternateRepairRepPartsform" name="gUITestRadiobuttonRepairReplacedPart" time="7.979"/>
  <system-out/>
  <testcase classname="fieldServiceFormsTest.AlternateRepairRepPartsform" name="gUITestRadiobuttonRepairReplacedPart" time="11.444"/>
  <system-out/>
  <testcase classname="fieldServiceFormsTest.AlternateRepairRepPartsform" name="gUITestRadiobuttonRepairReplacedPart" time="9.414"/>
  <system-out/>
  <testcase classname="fieldServiceFormsTest.AlternateRepairRepPartsform" name="gUITestRadiobuttonRepairReplacedPart" time="8.398"/>
  <system-out/>
  <testcase classname="fieldServiceFormsTest.AlternateRepairRepPartsform" name="gUITestRadiobuttonRepairReplacedPart" time="9.478"/>
  <system-out/>
  <testcase classname="fieldServiceFormsTest.AlternateRepairRepPartsform" name="gUITestRadiobuttonRepairReplacedPart" time="8.128"/>
  <system-out/>
  <testcase classname="fieldServiceFormsTest.AlternateRepairRepPartsform" name="gUITestRadiobuttonRepairReplacedPart" time="9.778"/>
  <system-out/>
  <testcase classname="fieldServiceFormsTest.AlternateRepairRepPartsform" name="gUITestRadiobuttonRepairReplacedPart" time="10.211"/>
  <system-out/>
  <testcase classname="fieldServiceFormsTest.AlternateRepairRepPartsform" name="gUITestRadiobuttonRepairReplacedPart" time="9.391"/>
  <system-out/>
  <testcase classname="fieldServiceFormsTest.AlternateRepairRepPartsform" name="gUITestRadiobuttonRepairReplacedPart" time="9.649"/>
  <system-out/>
  <testcase classname="fieldServiceFormsTest.AlternateRepairRepPartsform" name="gUITestRadiobuttonRepairReplacedPart" time="9.592"/>
  <system-out/>
  <testcase classname="fieldServiceFormsTest.AlternateRepairRepPartsform" name="gUITestRadiobuttonRepairReplacedPart" time="9.215"/>
  <system-out/>
  <testcase classname="fieldServiceFormsTest.AlternateRepairRepPartsform" name="gUITestRadiobuttonRepairReplacedPart" time="9.506"/>
  <system-out/>
  <testcase classname="fieldServiceFormsTest.AlternateRepairRepPartsform" name="gUITestRadiobuttonRepairReplacedPart" time="8.006"/>
  <system-out/>
  <testcase classname="fieldServiceFormsTest.AlternateRepairRepPartsform" name="gUITestRadiobuttonRepairReplacedPart" time="9.197"/>
  <system-out/>
  <testcase classname="fieldServiceFormsTest.AlternateRepairRepPartsform" name="gUITestRadiobuttonRepairReplacedPart" time="8.557"/>
  <system-out/>
  <testcase classname="fieldServiceFormsTest.AlternateRepairRepPartsform" name="gUITestRadiobuttonRepairReplacedPart" time="8.710"/>
  <system-out/>
  <testcase classname="fieldServiceFormsTest.AlternateRepairRepPartsform" name="gUITestRadiobuttonRepairReplacedPart" time="9.602"/>
  <system-out/>
  <testcase classname="fieldServiceFormsTest.AlternateRepairRepPartsform" name="gUITestRadiobuttonRepairReplacedPart" time="9.123"/>
  <system-out/>
  <testcase classname="fieldServiceFormsTest.AlternateRepairRepPartsform" name="gUITestRadiobuttonRepairReplacedPart" time="9.706"/>
  <system-out/>
  <testcase classname="fieldServiceFormsTest.AlternateRepairRepPartsform" name="gUITestRadiobuttonRepairReplacedPart" time="9.461"/>
  <system-out/>
  <testcase classname="fieldServiceFormsTest.AlternateRepairRepPartsform" name="gUITestRadiobuttonRepairReplacedPart" time="8.100"/>
  <system-out/>
  <testcase classname="fieldServiceFormsTest.AlternateRepairRepPartsform" name="gUITestRadiobuttonRepairReplacedPart" time="8.132"/>
  <system-out/>
  <testcase classname="fieldServiceFormsTest.AlternateRepairRepPartsform" name="gUITestRadiobuttonRepairReplacedPart" time="10.730"/>
  <system-out/>
  <testcase classname="fieldServiceFormsTest.AlternateRepairRepPartsform" name="gUITestRadiobuttonRepairReplacedPart" time="9.520"/>
  <system-out/>
  <testcase classname="fieldServiceFormsTest.AlternateRepairRepPartsform" name="gUITestRadiobuttonRepairReplacedPart" time="9.563"/>
  <system-out/>
  <testcase classname="fieldServiceFormsTest.AlternateRepairRepPartsform" name="gUITestRadiobuttonRepairReplacedPart" time="9.003"/>
  <system-out/>
  <testcase classname="fieldServiceFormsTest.AlternateRepairRepPartsform" name="gUITestRadiobuttonRepairReplacedPart" time="9.102"/>
  <system-out/>
  <testcase classname="fieldServiceFormsTest.AlternateRepairRepPartsform" name="gUITestRadiobuttonRepairReplacedPart" time="9.800"/>
  <system-out/>
  <testcase classname="fieldServiceFormsTest.AlternateRepairRepPartsform" name="gUITestRadiobuttonRepairReplacedPart" time="9.206"/>
  <system-out/>
  <testcase classname="fieldServiceFormsTest.AlternateRepairRepPartsform" name="gUITestRadiobuttonRepairReplacedPart" time="8.061"/>
  <system-out/>
  <testcase classname="fieldServiceFormsTest.AlternateRepairRepPartsform" name="gUITestRadiobuttonRepairReplacedPart" time="9.606"/>
  <system-out/>
  <testcase classname="fieldServiceFormsTest.AlternateRepairRepPartsform" name="gUITestRadiobuttonRepairReplacedPart" time="11.000"/>
  <system-out/>
  <testcase classname="fieldServiceFormsTest.AlternateRepairRepPartsform" name="gUITestRadiobuttonRepairReplacedPart" time="9.926"/>
  <system-out/>
  <testcase classname="fieldServiceFormsTest.AlternateRepairRepPartsform" name="gUITestRadiobuttonRepairReplacedPart" time="8.135"/>
  <system-out/>
  <testcase classname="fieldServiceFormsTest.AlternateRepairRepPartsform" name="gUITestRadiobuttonRepairReplacedPart" time="8.805"/>
  <system-out/>
  <testcase classname="fieldServiceFormsTest.AlternateRepairRepPartsform" name="gUITestRadiobuttonRepairReplacedPart" time="10.476"/>
  <system-out/>
  <testcase classname="fieldServiceFormsTest.AlternateRepairRepPartsform" name="gUITestRadiobuttonRepairReplacedPart" time="8.415"/>
  <system-out/>
  <testcase classname="fieldServiceFormsTest.AlternateRepairRepPartsform" name="gUITestRadiobuttonRepairReplacedPart" time="8.286"/>
  <system-out/>
  <testcase classname="fieldServiceFormsTest.AlternateRepairRepPartsform" name="gUITestRadiobuttonRepairReplacedPart" time="9.627"/>
  <system-out/>
  <testcase classname="fieldServiceFormsTest.AlternateRepairRepPartsform" name="gUITestRadiobuttonRepairReplacedPart" time="9.611"/>
  <system-out/>
  <testcase classname="fieldServiceFormsTest.AlternateRepairRepPartsform" name="gUITestRadiobuttonRepairReplacedPart" time="9.097"/>
  <system-out/>
  <testcase classname="fieldServiceFormsTest.AlternateRepairRepPartsform" name="gUITestRadiobuttonRepairReplacedPart" time="8.709"/>
  <system-out/>
  <testcase classname="fieldServiceFormsTest.AlternateRepairRepPartsform" name="gUITestRadiobuttonRepairReplacedPart" time="10.639"/>
  <system-out/>
  <testcase classname="fieldServiceFormsTest.AlternateRepairRepPartsform" name="gUITestRadiobuttonRepairReplacedPart" time="8.258"/>
  <system-out/>
  <testcase classname="fieldServiceFormsTest.AlternateRepairRepPartsform" name="gUITestRadiobuttonRepairReplacedPart" time="9.605"/>
  <system-out/>
  <testcase classname="fieldServiceFormsTest.AlternateRepairRepPartsform" name="gUITestRadiobuttonRepairReplacedPart" time="9.713"/>
  <system-out/>
  <testcase classname="fieldServiceFormsTest.AlternateRepairRepPartsform" name="gUITestRadiobuttonRepairReplacedPart" time="9.961"/>
  <system-out/>
  <testcase classname="fieldServiceFormsTest.AlternateRepairRepPartsform" name="gUITestRadiobuttonRepairReplacedPart" time="9.557"/>
  <system-out/>
  <testcase classname="fieldServiceFormsTest.AlternateRepairRepPartsform" name="gUITestRadiobuttonRepairReplacedPart" time="9.275"/>
  <system-out/>
  <testcase classname="fieldServiceFormsTest.AlternateRepairRepPartsform" name="gUITestRadiobuttonRepairReplacedPart" time="8.517"/>
  <system-out/>
  <testcase classname="fieldServiceFormsTest.AlternateRepairRepPartsform" name="gUITestRadiobuttonRepairReplacedPart" time="10.943"/>
  <system-out/>
  <testcase classname="fieldServiceFormsTest.AlternateRepairRepPartsform" name="gUITestRadiobuttonRepairReplacedPart" time="8.195"/>
  <system-out/>
  <testcase classname="fieldServiceFormsTest.AlternateRepairRepPartsform" name="gUITestRadiobuttonRepairReplacedPart" time="9.985"/>
  <system-out/>
  <testcase classname="fieldServiceFormsTest.AlternateRepairRepPartsform" name="gUITestRadiobuttonRepairReplacedPart" time="9.535"/>
  <system-out/>
  <testcase classname="fieldServiceFormsTest.AlternateRepairRepPartsform" name="gUITestRadiobuttonRepairReplacedPart" time="11.247"/>
  <system-out/>
  <testcase classname="fieldServiceFormsTest.AlternateRepairRepPartsform" name="gUITestRadiobuttonRepairReplacedPart" time="9.096"/>
  <system-out/>
  <testcase classname="fieldServiceFormsTest.AlternateRepairRepPartsform" name="gUITestRadiobuttonRepairReplacedPart" time="8.398"/>
  <system-out/>
  <testcase classname="fieldServiceFormsTest.AlternateRepairRepPartsform" name="gUITestRadiobuttonRepairReplacedPart" time="10.351"/>
  <system-out/>
  <testcase classname="fieldServiceFormsTest.AlternateRepairRepPartsform" name="gUITestRadiobuttonRepairReplacedPart" time="7.921"/>
  <system-out/>
  <testcase classname="fieldServiceFormsTest.AlternateRepairRepPartsform" name="gUITestRadiobuttonRepairReplacedPart" time="8.225"/>
  <system-out/>
  <testcase classname="fieldServiceFormsTest.AlternateRepairRepPartsform" name="gUITestRadiobuttonRepairReplacedPart" time="7.784"/>
  <system-out/>
  <testcase classname="fieldServiceFormsTest.AlternateRepairRepPartsform" name="gUITestRadiobuttonRepairReplacedPart" time="8.029"/>
  <system-out/>
  <testcase classname="fieldServiceFormsTest.AlternateRepairRepPartsform" name="gUITestRadiobuttonRepairReplacedPart" time="7.944"/>
  <system-out/>
  <testcase classname="fieldServiceFormsTest.AlternateRepairRepPartsform" name="gUITestRadiobuttonRepairReplacedPart" time="9.958"/>
  <system-out/>
  <testcase classname="fieldServiceFormsTest.AlternateRepairRepPartsform" name="gUITestRadiobuttonRepairReplacedPart" time="9.416"/>
  <system-out/>
  <testcase classname="fieldServiceFormsTest.AlternateRepairRepPartsform" name="gUITestRadiobuttonRepairReplacedPart" time="9.859"/>
  <system-out/>
  <testcase classname="fieldServiceFormsTest.AlternateRepairRepPartsform" name="gUITestRadiobuttonRepairReplacedPart" time="9.680"/>
  <system-out/>
  <testcase classname="fieldServiceFormsTest.AlternateRepairRepPartsform" name="gUITestRadiobuttonRepairReplacedPart" time="9.285"/>
  <system-out/>
  <testcase classname="fieldServiceFormsTest.AlternateRepairRepPartsform" name="gUITestRadiobuttonRepairReplacedPart" time="10.063"/>
  <system-out/>
  <testcase classname="fieldServiceFormsTest.AlternateRepairRepPartsform" name="gUITestRadiobuttonRepairReplacedPart" time="10.240"/>
  <system-out/>
  <testcase classname="fieldServiceFormsTest.AlternateRepairRepPartsform" name="gUITestRadiobuttonRepairReplacedPart" time="8.227"/>
  <system-out/>
  <testcase classname="fieldServiceFormsTest.AlternateRepairRepPartsform" name="gUITestRadiobuttonRepairReplacedPart" time="9.736"/>
  <system-out/>
  <testcase classname="fieldServiceFormsTest.AlternateRepairRepPartsform" name="gUITestRadiobuttonRepairReplacedPart" time="9.387"/>
  <system-out/>
  <testcase classname="fieldServiceFormsTest.AlternateRepairRepPartsform" name="gUITestRadiobuttonRepairReplacedPart" time="8.198"/>
  <system-out/>
  <testcase classname="fieldServiceFormsTest.AlternateRepairRepPartsform" name="gUITestRadiobuttonRepairReplacedPart" time="10.951"/>
  <system-out/>
  <testcase classname="fieldServiceFormsTest.AlternateRepairRepPartsform" name="gUITestRadiobuttonRepairReplacedPart" time="9.539"/>
  <system-out/>
  <testcase classname="fieldServiceFormsTest.AlternateRepairRepPartsform" name="gUITestRadiobuttonRepairReplacedPart" time="9.938"/>
  <system-out/>
  <testcase classname="fieldServiceFormsTest.AlternateRepairRepPartsform" name="gUITestRadiobuttonRepairReplacedPart" time="8.376"/>
  <system-out/>
  <testcase classname="fieldServiceFormsTest.AlternateRepairRepPartsform" name="gUITestRadiobuttonRepairReplacedPart" time="9.758"/>
  <system-out/>
  <testcase classname="fieldServiceFormsTest.AlternateRepairRepPartsform" name="gUITestRadiobuttonRepairReplacedPart" time="9.434"/>
  <system-out/>
  <testcase classname="fieldServiceFormsTest.AlternateRepairRepPartsform" name="gUITestRadiobuttonRepairReplacedPart" time="9.542"/>
  <system-out/>
  <testcase classname="fieldServiceFormsTest.AlternateRepairRepPartsform" name="gUITestRadiobuttonRepairReplacedPart" time="9.633"/>
  <system-out/>
  <testcase classname="fieldServiceFormsTest.AlternateRepairRepPartsform" name="gUITestRadiobuttonRepairReplacedPart" time="8.246"/>
  <system-out/>
  <testcase classname="fieldServiceFormsTest.AlternateRepairRepPartsform" name="gUITestRadiobuttonRepairReplacedPart" time="8.812"/>
  <system-out/>
  <testcase classname="fieldServiceFormsTest.AlternateRepairRepPartsform" name="gUITestRadiobuttonRepairReplacedPart" time="9.112"/>
  <system-out/>
  <testcase classname="fieldServiceFormsTest.AlternateRepairRepPartsform" name="gUITestRadiobuttonRepairReplacedPart" time="10.406"/>
  <system-out/>
  <testcase classname="fieldServiceFormsTest.AlternateRepairRepPartsform" name="gUITestRadiobuttonRepairReplacedPart" time="9.309"/>
  <system-out/>
  <testcase classname="fieldServiceFormsTest.AlternateRepairRepPartsform" name="gUITestRadiobuttonRepairReplacedPart" time="10.751"/>
  <system-out/>
  <testcase classname="fieldServiceFormsTest.AlternateRepairRepPartsform" name="gUITestRadiobuttonRepairReplacedPart" time="10.492"/>
  <system-out/>
  <testcase classname="fieldServiceFormsTest.AlternateRepairRepPartsform" name="gUITestRadiobuttonRepairReplacedPart" time="8.299"/>
  <system-out/>
  <testcase classname="fieldServiceFormsTest.AlternateRepairRepPartsform" name="gUITestRadiobuttonRepairReplacedPart" time="8.513"/>
  <system-out/>
  <testcase classname="fieldServiceFormsTest.AlternateRepairRepPartsform" name="gUITestRadiobuttonRepairReplacedPart" time="10.539"/>
  <system-out/>
  <testcase classname="fieldServiceFormsTest.AlternateRepairRepPartsform" name="gUITestRadiobuttonRepairReplacedPart" time="7.939"/>
  <system-out/>
  <testcase classname="fieldServiceFormsTest.AlternateRepairRepPartsform" name="gUITestRadiobuttonRepairReplacedPart" time="9.647"/>
  <system-out/>
  <testcase classname="fieldServiceFormsTest.AlternateRepairRepPartsform" name="gUITestRadiobuttonRepairReplacedPart" time="10.585"/>
  <system-out/>
  <testcase classname="fieldServiceFormsTest.AlternateRepairRepPartsform" name="gUITestRadiobuttonRepairReplacedPart" time="9.421"/>
  <system-out/>
  <testcase classname="fieldServiceFormsTest.AlternateRepairRepPartsform" name="gUITestRadiobuttonRepairReplacedPart" time="8.111"/>
  <system-out/>
  <testcase classname="fieldServiceFormsTest.AlternateRepairRepPartsform" name="gUITestRadiobuttonRepairReplacedPart" time="9.301"/>
  <system-out/>
  <testcase classname="fieldServiceFormsTest.AlternateRepairRepPartsform" name="gUITestRadiobuttonRepairReplacedPart" time="8.115"/>
  <system-out/>
  <testcase classname="fieldServiceFormsTest.AlternateRepairRepPartsform" name="gUITestRadiobuttonRepairReplacedPart" time="9.264"/>
  <system-out/>
  <testcase classname="fieldServiceFormsTest.AlternateRepairRepPartsform" name="gUITestRadiobuttonRepairReplacedPart" time="8.441"/>
  <system-out/>
  <testcase classname="fieldServiceFormsTest.AlternateRepairRepPartsform" name="gUITestRadiobuttonRepairReplacedPart" time="8.278"/>
  <system-out/>
  <testcase classname="fieldServiceFormsTest.AlternateRepairRepPartsform" name="gUITestRadiobuttonRepairReplacedPart" time="9.504"/>
  <system-out/>
  <testcase classname="fieldServiceFormsTest.AlternateRepairRepPartsform" name="gUITestRadiobuttonRepairReplacedPart" time="9.555"/>
  <system-out/>
  <testcase classname="fieldServiceFormsTest.AlternateRepairRepPartsform" name="gUITestRadiobuttonRepairReplacedPart" time="8.093"/>
  <system-out/>
  <testcase classname="fieldServiceFormsTest.AlternateRepairRepPartsform" name="gUITestRadiobuttonRepairReplacedPart" time="10.872"/>
  <system-out/>
  <testcase classname="fieldServiceFormsTest.AlternateRepairRepPartsform" name="gUITestRadiobuttonRepairReplacedPart" time="8.963"/>
  <system-out/>
  <testcase classname="fieldServiceFormsTest.AlternateRepairRepPartsform" name="gUITestRadiobuttonRepairReplacedPart" time="9.868"/>
  <system-out/>
  <testcase classname="fieldServiceFormsTest.AlternateRepairRepPartsform" name="gUITestRadiobuttonRepairReplacedPart" time="8.096"/>
  <system-out/>
  <testcase classname="fieldServiceFormsTest.AlternateRepairRepPartsform" name="gUITestRadiobuttonRepairReplacedPart" time="8.198"/>
  <system-out/>
  <testcase classname="fieldServiceFormsTest.AlternateRepairRepPartsform" name="gUITestRadiobuttonRepairReplacedPart" time="10.118"/>
  <system-out/>
  <testcase classname="fieldServiceFormsTest.AlternateRepairRepPartsform" name="gUITestRadiobuttonRepairReplacedPart" time="9.899"/>
  <system-out/>
  <testcase classname="fieldServiceFormsTest.AlternateRepairRepPartsform" name="gUITestRadiobuttonRepairReplacedPart" time="8.190"/>
  <system-out/>
  <testcase classname="fieldServiceFormsTest.AlternateRepairRepPartsform" name="gUITestRadiobuttonRepairReplacedPart" time="8.031"/>
  <system-out/>
  <testcase classname="fieldServiceFormsTest.AlternateRepairRepPartsform" name="gUITestRadiobuttonRepairReplacedPart" time="8.214"/>
  <system-out/>
  <testcase classname="fieldServiceFormsTest.AlternateRepairRepPartsform" name="gUITestRadiobuttonRepairReplacedPart" time="10.583"/>
  <system-out/>
  <testcase classname="fieldServiceFormsTest.AlternateRepairRepPartsform" name="gUITestRadiobuttonRepairReplacedPart" time="8.329"/>
  <system-out/>
  <testcase classname="fieldServiceFormsTest.AlternateRepairRepPartsform" name="gUITestRadiobuttonRepairReplacedPart" time="9.132"/>
  <system-out/>
  <testcase classname="fieldServiceFormsTest.AlternateRepairRepPartsform" name="gUITestRadiobuttonRepairReplacedPart" time="9.376"/>
  <system-out/>
  <testcase classname="fieldServiceFormsTest.AlternateRepairRepPartsform" name="gUITestRadiobuttonRepairReplacedPart" time="10.874"/>
  <system-out/>
  <testcase classname="fieldServiceFormsTest.AlternateRepairRepPartsform" name="gUITestRadiobuttonRepairReplacedPart" time="9.527"/>
  <system-out/>
  <testcase classname="fieldServiceFormsTest.AlternateRepairRepPartsform" name="gUITestRadiobuttonRepairReplacedPart" time="9.553"/>
  <system-out/>
  <testcase classname="fieldServiceFormsTest.AlternateRepairRepPartsform" name="gUITestRadiobuttonRepairReplacedPart" time="8.268"/>
  <system-out/>
  <testcase classname="fieldServiceFormsTest.AlternateRepairRepPartsform" name="gUITestRadiobuttonRepairReplacedPart" time="9.733"/>
  <system-out/>
  <testcase classname="fieldServiceFormsTest.AlternateRepairRepPartsform" name="gUITestRadiobuttonRepairReplacedPart" time="8.542"/>
  <system-out/>
  <testcase classname="fieldServiceFormsTest.AlternateRepairRepPartsform" name="gUITestRadiobuttonRepairReplacedPart" time="10.258"/>
  <system-out/>
  <testcase classname="fieldServiceFormsTest.AlternateRepairRepPartsform" name="gUITestRadiobuttonRepairReplacedPart" time="8.473"/>
  <system-out/>
  <testcase classname="fieldServiceFormsTest.AlternateRepairRepPartsform" name="gUITestRadiobuttonRepairReplacedPart" time="11.106"/>
  <system-out/>
  <testcase classname="fieldServiceFormsTest.AlternateRepairRepPartsform" name="gUITestRadiobuttonRepairReplacedPart" time="9.512"/>
  <system-out/>
  <testcase classname="fieldServiceFormsTest.AlternateRepairRepPartsform" name="gUITestRadiobuttonRepairReplacedPart" time="9.038"/>
  <system-out/>
  <testcase classname="fieldServiceFormsTest.AlternateRepairRepPartsform" name="gUITestRadiobuttonRepairReplacedPart" time="9.842"/>
  <system-out/>
  <testcase classname="fieldServiceFormsTest.AlternateRepairRepPartsform" name="gUITestRadiobuttonRepairReplacedPart" time="10.372"/>
  <system-out/>
  <testcase classname="fieldServiceFormsTest.AlternateRepairRepPartsform" name="gUITestRadiobuttonRepairReplacedPart" time="8.010"/>
  <system-out/>
  <testcase classname="fieldServiceFormsTest.AlternateRepairRepPartsform" name="gUITestRadiobuttonRepairReplacedPart" time="10.255"/>
  <system-out/>
  <testcase classname="fieldServiceFormsTest.AlternateRepairRepPartsform" name="gUITestRadiobuttonRepairReplacedPart" time="8.772"/>
  <system-out/>
  <testcase classname="fieldServiceFormsTest.AlternateRepairRepPartsform" name="gUITestRadiobuttonRepairReplacedPart" time="9.490"/>
  <system-out/>
  <testcase classname="fieldServiceFormsTest.AlternateRepairRepPartsform" name="gUITestRadiobuttonRepairReplacedPart" time="8.847"/>
  <system-out/>
  <testcase classname="fieldServiceFormsTest.AlternateRepairRepPartsform" name="gUITestRadiobuttonRepairReplacedPart" time="8.355"/>
  <system-out/>
  <testcase classname="fieldServiceFormsTest.AlternateRepairRepPartsform" name="gUITestRadiobuttonRepairReplacedPart" time="9.272"/>
  <system-out/>
  <testcase classname="fieldServiceFormsTest.AlternateRepairRepPartsform" name="gUITestRadiobuttonRepairReplacedPart" time="9.527"/>
  <system-out/>
  <testcase classname="fieldServiceFormsTest.AlternateRepairRepPartsform" name="gUITestRadiobuttonRepairReplacedPart" time="9.582"/>
  <system-out/>
  <testcase classname="fieldServiceFormsTest.AlternateRepairRepPartsform" name="gUITestRadiobuttonRepairReplacedPart" time="8.477"/>
  <system-out/>
  <testcase classname="fieldServiceFormsTest.AlternateRepairRepPartsform" name="gUITestRadiobuttonRepairReplacedPart" time="9.745"/>
  <system-out/>
  <testcase classname="fieldServiceFormsTest.AlternateRepairRepPartsform" name="gUITestRadiobuttonRepairReplacedPart" time="8.987"/>
  <system-out/>
  <testcase classname="fieldServiceFormsTest.AlternateRepairRepPartsform" name="gUITestRadiobuttonRepairReplacedPart" time="9.655"/>
  <system-out/>
  <testcase classname="fieldServiceFormsTest.AlternateRepairRepPartsform" name="gUITestRadiobuttonRepairReplacedPart" time="9.243"/>
  <system-out/>
  <testcase classname="fieldServiceFormsTest.AlternateRepairRepPartsform" name="gUITestRadiobuttonRepairReplacedPart" time="10.313"/>
  <system-out/>
  <testcase classname="fieldServiceFormsTest.AlternateRepairRepPartsform" name="gUITestRadiobuttonRepairReplacedPart" time="9.748"/>
  <system-out/>
  <testcase classname="fieldServiceFormsTest.AlternateRepairRepPartsform" name="gUITestRadiobuttonRepairReplacedPart" time="8.200"/>
  <system-out/>
  <testcase classname="fieldServiceFormsTest.AlternateRepairRepPartsform" name="gUITestRadiobuttonRepairReplacedPart" time="10.183"/>
  <system-out/>
  <testcase classname="fieldServiceFormsTest.AlternateRepairRepPartsform" name="gUITestRadiobuttonRepairReplacedPart" time="8.679"/>
  <system-out/>
  <testcase classname="fieldServiceFormsTest.AlternateRepairRepPartsform" name="gUITestRadiobuttonRepairReplacedPart" time="9.660"/>
  <system-out/>
  <testcase classname="fieldServiceFormsTest.AlternateRepairRepPartsform" name="gUITestRadiobuttonRepairReplacedPart" time="8.230"/>
  <system-out/>
  <testcase classname="fieldServiceFormsTest.AlternateRepairRepPartsform" name="gUITestRadiobuttonRepairReplacedPart" time="9.465"/>
  <system-out/>
  <testcase classname="fieldServiceFormsTest.AlternateRepairRepPartsform" name="gUITestRadiobuttonRepairReplacedPart" time="8.457"/>
  <system-out/>
  <testcase classname="fieldServiceFormsTest.AlternateRepairRepPartsform" name="gUITestRadiobuttonRepairReplacedPart" time="10.234"/>
  <system-out/>
  <testcase classname="fieldServiceFormsTest.AlternateRepairRepPartsform" name="gUITestRadiobuttonRepairReplacedPart" time="9.460"/>
  <system-out/>
  <testcase classname="fieldServiceFormsTest.AlternateRepairRepPartsform" name="gUITestRadiobuttonRepairReplacedPart" time="8.419"/>
  <system-out/>
  <testcase classname="fieldServiceFormsTest.AlternateRepairRepPartsform" name="gUITestRadiobuttonRepairReplacedPart" time="8.325"/>
  <system-out/>
  <testcase classname="fieldServiceFormsTest.AlternateRepairRepPartsform" name="gUITestRadiobuttonRepairReplacedPart" time="9.331"/>
  <system-out/>
  <testcase classname="fieldServiceFormsTest.AlternateRepairRepPartsform" name="gUITestRadiobuttonRepairReplacedPart" time="9.045"/>
  <system-out/>
  <testcase classname="fieldServiceFormsTest.AlternateRepairRepPartsform" name="gUITestRadiobuttonRepairReplacedPart" time="9.722"/>
  <system-out/>
  <testcase classname="fieldServiceFormsTest.AlternateRepairRepPartsform" name="gUITestRadiobuttonRepairReplacedPart" time="9.477"/>
  <system-out/>
  <testcase classname="fieldServiceFormsTest.AlternateRepairRepPartsform" name="gUITestRadiobuttonRepairReplacedPart" time="8.636"/>
  <system-out/>
  <testcase classname="fieldServiceFormsTest.AlternateRepairRepPartsform" name="gUITestRadiobuttonRepairReplacedPart" time="9.961"/>
  <system-out/>
  <testcase classname="fieldServiceFormsTest.AlternateRepairRepPartsform" name="gUITestRadiobuttonRepairReplacedPart" time="10.306"/>
  <system-out/>
  <testcase classname="fieldServiceFormsTest.AlternateRepairRepPartsform" name="gUITestRadiobuttonRepairReplacedPart" time="9.967"/>
  <system-out/>
  <testcase classname="fieldServiceFormsTest.AlternateRepairRepPartsform" name="gUITestRadiobuttonRepairReplacedPart" time="8.191"/>
  <system-out/>
  <testcase classname="fieldServiceFormsTest.AlternateRepairRepPartsform" name="gUITestRadiobuttonRepairReplacedPart" time="9.397"/>
  <system-out/>
  <testcase classname="fieldServiceFormsTest.AlternateRepairRepPartsform" name="gUITestRadiobuttonRepairReplacedPart" time="9.007"/>
  <system-out/>
  <testcase classname="fieldServiceFormsTest.AlternateRepairRepPartsform" name="gUITestRadiobuttonRepairReplacedPart" time="8.194"/>
  <system-out/>
  <testcase classname="fieldServiceFormsTest.AlternateRepairRepPartsform" name="gUITestRadiobuttonRepairReplacedPart" time="7.875"/>
  <system-out/>
  <testcase classname="fieldServiceFormsTest.AlternateRepairRepPartsform" name="gUITestRadiobuttonRepairReplacedPart" time="8.424"/>
  <system-out/>
  <testcase classname="fieldServiceFormsTest.AlternateRepairRepPartsform" name="gUITestRadiobuttonRepairReplacedPart" time="8.285"/>
  <system-out/>
  <testcase classname="fieldServiceFormsTest.AlternateRepairRepPartsform" name="gUITestRadiobuttonRepairReplacedPart" time="9.641"/>
  <system-out/>
  <testcase classname="fieldServiceFormsTest.AlternateRepairRepPartsform" name="gUITestRadiobuttonRepairReplacedPart" time="11.718"/>
  <system-out/>
  <testcase classname="fieldServiceFormsTest.AlternateRepairRepPartsform" name="gUITestRadiobuttonRepairReplacedPart" time="10.328"/>
  <system-out/>
  <testcase classname="fieldServiceFormsTest.AlternateRepairRepPartsform" name="gUITestRadiobuttonRepairReplacedPart" time="9.188"/>
  <system-out/>
  <testcase classname="fieldServiceFormsTest.AlternateRepairRepPartsform" name="gUITestRadiobuttonRepairReplacedPart" time="9.515"/>
  <system-out/>
  <testcase classname="fieldServiceFormsTest.AlternateRepairRepPartsform" name="gUITestRadiobuttonRepairReplacedPart" time="9.841"/>
  <system-out/>
  <testcase classname="fieldServiceFormsTest.AlternateRepairRepPartsform" name="gUITestRadiobuttonRepairReplacedPart" time="8.677"/>
  <system-out/>
  <testcase classname="fieldServiceFormsTest.AlternateRepairRepPartsform" name="gUITestRadiobuttonRepairReplacedPart" time="9.677"/>
  <system-out/>
  <testcase classname="fieldServiceFormsTest.AlternateRepairRepPartsform" name="gUITestRadiobuttonRepairReplacedPart" time="10.135"/>
  <system-out/>
  <testcase classname="fieldServiceFormsTest.AlternateRepairRepPartsform" name="gUITestRadiobuttonRepairReplacedPart" time="8.799"/>
  <system-out/>
  <testcase classname="fieldServiceFormsTest.AlternateRepairRepPartsform" name="gUITestRadiobuttonRepairReplacedPart" time="9.960"/>
  <system-out/>
  <testcase classname="fieldServiceFormsTest.AlternateRepairRepPartsform" name="gUITestRadiobuttonRepairReplacedPart" time="9.615"/>
  <system-out/>
  <testcase classname="fieldServiceFormsTest.AlternateRepairRepPartsform" name="gUITestRadiobuttonRepairReplacedPart" time="9.589"/>
  <system-out/>
  <testcase classname="fieldServiceFormsTest.AlternateRepairRepPartsform" name="gUITestRadiobuttonRepairReplacedPart" time="9.828"/>
  <system-out/>
  <testcase classname="fieldServiceFormsTest.AlternateRepairRepPartsform" name="gUITestRadiobuttonRepairReplacedPart" time="10.244"/>
  <system-out/>
  <testcase classname="fieldServiceFormsTest.AlternateRepairRepPartsform" name="gUITestRadiobuttonRepairReplacedPart" time="11.081"/>
  <system-out/>
  <testcase classname="fieldServiceFormsTest.AlternateRepairRepPartsform" name="gUITestRadiobuttonRepairReplacedPart" time="9.907"/>
  <system-out/>
  <testcase classname="fieldServiceFormsTest.AlternateRepairRepPartsform" name="gUITestRadiobuttonRepairReplacedPart" time="8.516"/>
  <system-out/>
  <testcase classname="fieldServiceFormsTest.AlternateRepairRepPartsform" name="gUITestRadiobuttonRepairReplacedPart" time="8.696"/>
  <system-out/>
  <testcase classname="fieldServiceFormsTest.AlternateRepairRepPartsform" name="gUITestRadiobuttonRepairReplacedPart" time="9.822"/>
  <system-out/>
  <testcase classname="fieldServiceFormsTest.AlternateRepairRepPartsform" name="gUITestRadiobuttonRepairReplacedPart" time="8.736"/>
  <system-out/>
  <testcase classname="fieldServiceFormsTest.AlternateRepairRepPartsform" name="gUITestRadiobuttonRepairReplacedPart" time="8.364"/>
  <system-out/>
  <testcase classname="fieldServiceFormsTest.AlternateRepairRepPartsform" name="gUITestRadiobuttonRepairReplacedPart" time="9.326"/>
  <system-out/>
  <testcase classname="fieldServiceFormsTest.AlternateRepairRepPartsform" name="gUITestRadiobuttonRepairReplacedPart" time="9.782"/>
  <system-out/>
  <testcase classname="fieldServiceFormsTest.AlternateRepairRepPartsform" name="gUITestRadiobuttonRepairReplacedPart" time="8.231"/>
  <system-out/>
  <testcase classname="fieldServiceFormsTest.AlternateRepairRepPartsform" name="gUITestRadiobuttonRepairReplacedPart" time="7.960"/>
  <system-out/>
  <testcase classname="fieldServiceFormsTest.AlternateRepairRepPartsform" name="gUITestRadiobuttonRepairReplacedPart" time="10.839"/>
  <system-out/>
  <testcase classname="fieldServiceFormsTest.AlternateRepairRepPartsform" name="gUITestRadiobuttonRepairReplacedPart" time="8.452"/>
  <system-out/>
  <testcase classname="fieldServiceFormsTest.AlternateRepairRepPartsform" name="gUITestRadiobuttonRepairReplacedPart" time="9.662"/>
  <system-out/>
  <testcase classname="fieldServiceFormsTest.AlternateRepairRepPartsform" name="gUITestRadiobuttonRepairReplacedPart" time="8.299"/>
  <system-out/>
  <testcase classname="fieldServiceFormsTest.AlternateRepairRepPartsform" name="gUITestRadiobuttonRepairReplacedPart" time="10.609"/>
  <system-out/>
  <testcase classname="fieldServiceFormsTest.AlternateRepairRepPartsform" name="gUITestRadiobuttonRepairReplacedPart" time="9.354"/>
  <system-out/>
  <testcase classname="fieldServiceFormsTest.AlternateRepairRepPartsform" name="gUITestRadiobuttonRepairReplacedPart" time="11.467"/>
  <system-out/>
  <testcase classname="fieldServiceFormsTest.AlternateRepairRepPartsform" name="gUITestRadiobuttonRepairReplacedPart" time="8.315"/>
  <system-out/>
  <testcase classname="fieldServiceFormsTest.AlternateRepairRepPartsform" name="gUITestRadiobuttonRepairReplacedPart" time="10.028"/>
  <system-out/>
  <testcase classname="fieldServiceFormsTest.AlternateRepairRepPartsform" name="gUITestRadiobuttonRepairReplacedPart" time="9.757"/>
  <system-out/>
  <testcase classname="fieldServiceFormsTest.AlternateRepairRepPartsform" name="gUITestRadiobuttonRepairReplacedPart" time="9.199"/>
  <system-out/>
  <testcase classname="fieldServiceFormsTest.AlternateRepairRepPartsform" name="gUITestRadiobuttonRepairReplacedPart" time="9.128"/>
  <system-out/>
  <testcase classname="fieldServiceFormsTest.AlternateRepairRepPartsform" name="gUITestRadiobuttonRepairReplacedPart" time="8.749"/>
  <system-out/>
  <testcase classname="fieldServiceFormsTest.AlternateRepairRepPartsform" name="gUITestRadiobuttonRepairReplacedPart" time="9.334"/>
  <system-out/>
  <testcase classname="fieldServiceFormsTest.AlternateRepairRepPartsform" name="gUITestRadiobuttonRepairReplacedPart" time="10.957"/>
  <system-out/>
  <testcase classname="fieldServiceFormsTest.AlternateRepairRepPartsform" name="gUITestRadiobuttonRepairReplacedPart" time="9.464"/>
  <system-out/>
  <testcase classname="fieldServiceFormsTest.AlternateRepairRepPartsform" name="gUITestRadiobuttonRepairReplacedPart" time="8.646"/>
  <system-out/>
  <testcase classname="fieldServiceFormsTest.AlternateRepairRepPartsform" name="gUITestRadiobuttonRepairReplacedPart" time="10.190"/>
  <system-out/>
  <testcase classname="fieldServiceFormsTest.AlternateRepairRepPartsform" name="gUITestRadiobuttonRepairReplacedPart" time="8.102"/>
  <system-out/>
  <testcase classname="fieldServiceFormsTest.AlternateRepairRepPartsform" name="gUITestRadiobuttonRepairReplacedPart" time="10.245"/>
  <system-out/>
  <testcase classname="fieldServiceFormsTest.AlternateRepairRepPartsform" name="gUITestRadiobuttonRepairReplacedPart" time="9.824"/>
  <system-out/>
  <testcase classname="fieldServiceFormsTest.AlternateRepairRepPartsform" name="gUITestRadiobuttonRepairReplacedPart" time="8.442"/>
  <system-out/>
  <testcase classname="fieldServiceFormsTest.AlternateRepairRepPartsform" name="gUITestRadiobuttonRepairReplacedPart" time="8.283"/>
  <system-out/>
  <testcase classname="fieldServiceFormsTest.AlternateRepairRepPartsform" name="gUITestRadiobuttonRepairReplacedPart" time="8.487"/>
  <system-out/>
  <testcase classname="fieldServiceFormsTest.AlternateRepairRepPartsform" name="gUITestRadiobuttonRepairReplacedPart" time="9.963"/>
  <system-out/>
  <testcase classname="fieldServiceFormsTest.AlternateRepairRepPartsform" name="gUITestRadiobuttonRepairReplacedPart" time="8.738"/>
  <system-out/>
  <testcase classname="fieldServiceFormsTest.AlternateRepairRepPartsform" name="gUITestRadiobuttonRepairReplacedPart" time="8.661"/>
  <system-out/>
  <testcase classname="fieldServiceFormsTest.AlternateRepairRepPartsform" name="gUITestRadiobuttonRepairReplacedPart" time="9.764"/>
  <system-out/>
  <testcase classname="fieldServiceFormsTest.AlternateRepairRepPartsform" name="gUITestRadiobuttonRepairReplacedPart" time="10.043"/>
  <system-out/>
  <testcase classname="fieldServiceFormsTest.AlternateRepairRepPartsform" name="gUITestRadiobuttonRepairReplacedPart" time="9.533"/>
  <system-out/>
  <testcase classname="fieldServiceFormsTest.AlternateRepairRepPartsform" name="gUITestRadiobuttonRepairReplacedPart" time="8.344"/>
  <system-out/>
  <testcase classname="fieldServiceFormsTest.AlternateRepairRepPartsform" name="gUITestRadiobuttonRepairReplacedPart" time="8.268"/>
  <system-out/>
  <testcase classname="fieldServiceFormsTest.AlternateRepairRepPartsform" name="gUITestRadiobuttonRepairReplacedPart" time="9.321"/>
  <system-out/>
  <testcase classname="fieldServiceFormsTest.AlternateRepairRepPartsform" name="gUITestRadiobuttonRepairReplacedPart" time="8.547"/>
  <system-out/>
  <testcase classname="fieldServiceFormsTest.AlternateRepairRepPartsform" name="gUITestRadiobuttonRepairReplacedPart" time="9.215"/>
  <system-out/>
  <testcase classname="fieldServiceFormsTest.AlternateRepairRepPartsform" name="gUITestRadiobuttonRepairReplacedPart" time="9.804"/>
  <system-out/>
  <testcase classname="fieldServiceFormsTest.AlternateRepairRepPartsform" name="gUITestRadiobuttonRepairReplacedPart" time="9.546"/>
  <system-out/>
  <testcase classname="fieldServiceFormsTest.AlternateRepairRepPartsform" name="gUITestRadiobuttonRepairReplacedPart" time="8.305"/>
  <system-out/>
  <testcase classname="fieldServiceFormsTest.AlternateRepairRepPartsform" name="gUITestRadiobuttonRepairReplacedPart" time="9.550"/>
  <system-out/>
  <testcase classname="fieldServiceFormsTest.AlternateRepairRepPartsform" name="gUITestRadiobuttonRepairReplacedPart" time="8.877"/>
  <system-out/>
  <testcase classname="fieldServiceFormsTest.AlternateRepairRepPartsform" name="gUITestRadiobuttonRepairReplacedPart" time="9.202"/>
  <system-out/>
  <testcase classname="fieldServiceFormsTest.AlternateRepairRepPartsform" name="gUITestRadiobuttonRepairReplacedPart" time="10.096"/>
  <system-out/>
  <testcase classname="fieldServiceFormsTest.AlternateRepairRepPartsform" name="gUITestRadiobuttonRepairReplacedPart" time="9.670"/>
  <system-out/>
  <testcase classname="fieldServiceFormsTest.AlternateRepairRepPartsform" name="gUITestRadiobuttonRepairReplacedPart" time="9.631"/>
  <system-out/>
  <testcase classname="fieldServiceFormsTest.AlternateRepairRepPartsform" name="gUITestRadiobuttonRepairReplacedPart" time="8.775"/>
  <system-out/>
  <testcase classname="fieldServiceFormsTest.AlternateRepairRepPartsform" name="gUITestRadiobuttonRepairReplacedPart" time="10.100"/>
  <system-out/>
  <testcase classname="fieldServiceFormsTest.AlternateRepairRepPartsform" name="gUITestRadiobuttonRepairReplacedPart" time="9.055"/>
  <system-out/>
  <testcase classname="fieldServiceFormsTest.AlternateRepairRepPartsform" name="gUITestRadiobuttonRepairReplacedPart" time="9.519"/>
  <system-out/>
  <testcase classname="fieldServiceFormsTest.AlternateRepairRepPartsform" name="gUITestRadiobuttonRepairReplacedPart" time="10.152"/>
  <system-out/>
  <testcase classname="fieldServiceFormsTest.AlternateRepairRepPartsform" name="gUITestRadiobuttonRepairReplacedPart" time="10.512"/>
  <system-out/>
  <testcase classname="fieldServiceFormsTest.AlternateRepairRepPartsform" name="gUITestRadiobuttonRepairReplacedPart" time="9.392"/>
  <system-out/>
  <testcase classname="fieldServiceFormsTest.AlternateRepairRepPartsform" name="gUITestRadiobuttonRepairReplacedPart" time="8.390"/>
  <system-out/>
  <testcase classname="fieldServiceFormsTest.AlternateRepairRepPartsform" name="gUITestRadiobuttonRepairReplacedPart" time="8.323"/>
  <system-out/>
  <testcase classname="fieldServiceFormsTest.AlternateRepairRepPartsform" name="gUITestRadiobuttonRepairReplacedPart" time="11.968"/>
  <system-out/>
  <testcase classname="fieldServiceFormsTest.AlternateRepairRepPartsform" name="gUITestRadiobuttonRepairReplacedPart" time="9.500"/>
  <system-out/>
  <testcase classname="fieldServiceFormsTest.AlternateRepairRepPartsform" name="gUITestRadiobuttonRepairReplacedPart" time="8.587"/>
  <system-out/>
  <testcase classname="fieldServiceFormsTest.AlternateRepairRepPartsform" name="gUITestRadiobuttonRepairReplacedPart" time="11.098"/>
  <system-out/>
  <testcase classname="fieldServiceFormsTest.AlternateRepairRepPartsform" name="gUITestRadiobuttonRepairReplacedPart" time="10.726"/>
  <system-out/>
  <testcase classname="fieldServiceFormsTest.AlternateRepairRepPartsform" name="gUITestRadiobuttonRepairReplacedPart" time="9.545"/>
  <system-out/>
  <testcase classname="fieldServiceFormsTest.AlternateRepairRepPartsform" name="gUITestRadiobuttonRepairReplacedPart" time="8.022"/>
  <system-out/>
  <testcase classname="fieldServiceFormsTest.AlternateRepairRepPartsform" name="gUITestRadiobuttonRepairReplacedPart" time="9.452"/>
  <system-out/>
  <testcase classname="fieldServiceFormsTest.AlternateRepairRepPartsform" name="gUITestRadiobuttonRepairReplacedPart" time="9.627"/>
  <system-out/>
  <testcase classname="fieldServiceFormsTest.AlternateRepairRepPartsform" name="gUITestRadiobuttonRepairReplacedPart" time="9.496"/>
  <system-out/>
  <testcase classname="fieldServiceFormsTest.AlternateRepairRepPartsform" name="gUITestRadiobuttonRepairReplacedPart" time="10.496"/>
  <system-out/>
  <testcase classname="fieldServiceFormsTest.AlternateRepairRepPartsform" name="gUITestRadiobuttonRepairReplacedPart" time="9.512"/>
  <system-out/>
  <testcase classname="fieldServiceFormsTest.AlternateRepairRepPartsform" name="gUITestRadiobuttonRepairReplacedPart" time="9.500"/>
  <system-out/>
  <testcase classname="fieldServiceFormsTest.AlternateRepairRepPartsform" name="gUITestRadiobuttonRepairReplacedPart" time="9.536"/>
  <system-out/>
  <testcase classname="fieldServiceFormsTest.AlternateRepairRepPartsform" name="gUITestRadiobuttonRepairReplacedPart" time="8.117"/>
  <system-out/>
  <testcase classname="fieldServiceFormsTest.AlternateRepairRepPartsform" name="gUITestRadiobuttonRepairReplacedPart" time="9.843"/>
  <system-out/>
  <testcase classname="fieldServiceFormsTest.AlternateRepairRepPartsform" name="gUITestRadiobuttonRepairReplacedPart" time="8.175"/>
  <system-out/>
  <testcase classname="fieldServiceFormsTest.AlternateRepairRepPartsform" name="gUITestRadiobuttonRepairReplacedPart" time="8.146"/>
  <system-out/>
  <testcase classname="fieldServiceFormsTest.AlternateRepairRepPartsform" name="gUITestRadiobuttonRepairReplacedPart" time="8.202"/>
  <system-out/>
  <testcase classname="fieldServiceFormsTest.AlternateRepairRepPartsform" name="gUITestRadiobuttonRepairReplacedPart" time="8.291"/>
  <system-out/>
  <testcase classname="fieldServiceFormsTest.AlternateRepairRepPartsform" name="gUITestRadiobuttonRepairReplacedPart" time="9.490"/>
  <system-out/>
  <testcase classname="fieldServiceFormsTest.AlternateRepairRepPartsform" name="gUITestRadiobuttonRepairReplacedPart" time="7.993"/>
  <system-out/>
  <testcase classname="fieldServiceFormsTest.AlternateRepairRepPartsform" name="gUITestRadiobuttonRepairReplacedPart" time="9.614"/>
  <system-out/>
  <testcase classname="fieldServiceFormsTest.AlternateRepairRepPartsform" name="gUITestRadiobuttonRepairReplacedPart" time="10.117"/>
  <system-out/>
  <testcase classname="fieldServiceFormsTest.AlternateRepairRepPartsform" name="gUITestRadiobuttonRepairReplacedPart" time="9.668"/>
  <system-out/>
  <testcase classname="fieldServiceFormsTest.AlternateRepairRepPartsform" name="gUITestRadiobuttonRepairReplacedPart" time="9.752"/>
  <system-out/>
  <testcase classname="fieldServiceFormsTest.AlternateRepairRepPartsform" name="gUITestRadiobuttonRepairReplacedPart" time="7.982"/>
  <system-out/>
  <testcase classname="fieldServiceFormsTest.AlternateRepairRepPartsform" name="gUITestRadiobuttonRepairReplacedPart" time="8.864"/>
  <system-out/>
  <testcase classname="fieldServiceFormsTest.AlternateRepairRepPartsform" name="gUITestRadiobuttonRepairReplacedPart" time="8.364"/>
  <system-out/>
  <testcase classname="fieldServiceFormsTest.AlternateRepairRepPartsform" name="gUITestRadiobuttonRepairReplacedPart" time="10.260"/>
  <system-out/>
  <testcase classname="fieldServiceFormsTest.AlternateRepairRepPartsform" name="gUITestRadiobuttonRepairReplacedPart" time="8.277"/>
  <system-out/>
  <testcase classname="fieldServiceFormsTest.AlternateRepairRepPartsform" name="gUITestRadiobuttonRepairReplacedPart" time="8.236"/>
  <system-out/>
  <testcase classname="fieldServiceFormsTest.AlternateRepairRepPartsform" name="gUITestRadiobuttonRepairReplacedPart" time="9.481"/>
  <system-out/>
  <testcase classname="fieldServiceFormsTest.AlternateRepairRepPartsform" name="gUITestRadiobuttonRepairReplacedPart" time="8.204"/>
  <system-out/>
  <testcase classname="fieldServiceFormsTest.AlternateRepairRepPartsform" name="gUITestRadiobuttonRepairReplacedPart" time="8.205"/>
  <system-out/>
  <testcase classname="fieldServiceFormsTest.AlternateRepairRepPartsform" name="gUITestRadiobuttonRepairReplacedPart" time="9.408"/>
  <system-out/>
  <testcase classname="fieldServiceFormsTest.AlternateRepairRepPartsform" name="gUITestRadiobuttonRepairReplacedPart" time="11.466"/>
  <system-out/>
  <testcase classname="fieldServiceFormsTest.AlternateRepairRepPartsform" name="gUITestRadiobuttonRepairReplacedPart" time="8.543"/>
  <system-out/>
  <testcase classname="fieldServiceFormsTest.AlternateRepairRepPartsform" name="gUITestRadiobuttonRepairReplacedPart" time="10.483"/>
  <system-out/>
  <testcase classname="fieldServiceFormsTest.AlternateRepairRepPartsform" name="gUITestRadiobuttonRepairReplacedPart" time="9.202"/>
  <system-out/>
  <testcase classname="fieldServiceFormsTest.AlternateRepairRepPartsform" name="gUITestRadiobuttonRepairReplacedPart" time="9.888"/>
  <system-out/>
  <testcase classname="fieldServiceFormsTest.AlternateRepairRepPartsform" name="gUITestRadiobuttonRepairReplacedPart" time="9.733"/>
  <system-out/>
  <testcase classname="fieldServiceFormsTest.AlternateRepairRepPartsform" name="gUITestRadiobuttonRepairReplacedPart" time="9.879"/>
  <system-out/>
  <testcase classname="fieldServiceFormsTest.AlternateRepairRepPartsform" name="gUITestRadiobuttonRepairReplacedPart" time="9.324"/>
  <system-out/>
  <testcase classname="fieldServiceFormsTest.AlternateRepairRepPartsform" name="gUITestRadiobuttonRepairReplacedPart" time="9.849"/>
  <system-out/>
  <testcase classname="fieldServiceFormsTest.AlternateRepairRepPartsform" name="gUITestRadiobuttonRepairReplacedPart" time="9.790"/>
  <system-out/>
  <testcase classname="fieldServiceFormsTest.AlternateRepairRepPartsform" name="gUITestRadiobuttonRepairReplacedPart" time="8.340"/>
  <system-out/>
  <testcase classname="fieldServiceFormsTest.AlternateRepairRepPartsform" name="gUITestRadiobuttonRepairReplacedPart" time="10.410"/>
  <system-out/>
  <testcase classname="fieldServiceFormsTest.AlternateRepairRepPartsform" name="gUITestRadiobuttonRepairReplacedPart" time="8.223"/>
  <system-out/>
  <testcase classname="fieldServiceFormsTest.AlternateRepairRepPartsform" name="gUITestRadiobuttonRepairReplacedPart" time="10.307"/>
  <system-out/>
  <testcase classname="fieldServiceFormsTest.AlternateRepairRepPartsform" name="gUITestRadiobuttonRepairReplacedPart" time="10.014"/>
  <system-out/>
  <testcase classname="fieldServiceFormsTest.AlternateRepairRepPartsform" name="gUITestRadiobuttonRepairReplacedPart" time="9.509"/>
  <system-out/>
  <testcase classname="fieldServiceFormsTest.AlternateRepairRepPartsform" name="gUITestRadiobuttonRepairReplacedPart" time="9.026"/>
  <system-out/>
  <testcase classname="fieldServiceFormsTest.AlternateRepairRepPartsform" name="gUITestRadiobuttonRepairReplacedPart" time="10.868"/>
  <system-out/>
  <testcase classname="fieldServiceFormsTest.AlternateRepairRepPartsform" name="gUITestRadiobuttonRepairReplacedPart" time="8.593"/>
  <system-out/>
  <testcase classname="fieldServiceFormsTest.AlternateRepairRepPartsform" name="gUITestRadiobuttonRepairReplacedPart" time="9.518"/>
  <system-out/>
  <testcase classname="fieldServiceFormsTest.AlternateRepairRepPartsform" name="gUITestRadiobuttonRepairReplacedPart" time="8.912"/>
  <system-out/>
  <testcase classname="fieldServiceFormsTest.AlternateRepairRepPartsform" name="gUITestRadiobuttonRepairReplacedPart" time="9.574"/>
  <system-out/>
  <testcase classname="fieldServiceFormsTest.AlternateRepairRepPartsform" name="gUITestRadiobuttonRepairReplacedPart" time="8.816"/>
  <system-out/>
  <testcase classname="fieldServiceFormsTest.AlternateRepairRepPartsform" name="gUITestRadiobuttonRepairReplacedPart" time="10.169"/>
  <system-out/>
  <testcase classname="fieldServiceFormsTest.AlternateRepairRepPartsform" name="gUITestRadiobuttonRepairReplacedPart" time="9.072"/>
  <system-out/>
  <testcase classname="fieldServiceFormsTest.AlternateRepairRepPartsform" name="gUITestRadiobuttonRepairReplacedPart" time="9.185"/>
  <system-out/>
  <testcase classname="fieldServiceFormsTest.AlternateRepairRepPartsform" name="gUITestRadiobuttonRepairReplacedPart" time="9.755"/>
  <system-out/>
  <testcase classname="fieldServiceFormsTest.AlternateRepairRepPartsform" name="gUITestRadiobuttonRepairReplacedPart" time="9.311"/>
  <system-out/>
  <testcase classname="fieldServiceFormsTest.AlternateRepairRepPartsform" name="gUITestRadiobuttonRepairReplacedPart" time="9.467"/>
  <system-out/>
  <testcase classname="fieldServiceFormsTest.AlternateRepairRepPartsform" name="gUITestRadiobuttonRepairReplacedPart" time="9.352"/>
  <system-out/>
  <testcase classname="fieldServiceFormsTest.AlternateRepairRepPartsform" name="gUITestRadiobuttonRepairReplacedPart" time="9.290"/>
  <system-out/>
  <testcase classname="fieldServiceFormsTest.AlternateRepairRepPartsform" name="gUITestRadiobuttonRepairReplacedPart" time="8.587"/>
  <system-out/>
  <testcase classname="fieldServiceFormsTest.AlternateRepairRepPartsform" name="gUITestRadiobuttonRepairReplacedPart" time="10.835"/>
  <system-out/>
  <testcase classname="fieldServiceFormsTest.AlternateRepairRepPartsform" name="gUITestRadiobuttonRepairReplacedPart" time="9.916"/>
  <system-out/>
  <testcase classname="fieldServiceFormsTest.AlternateRepairRepPartsform" name="gUITestRadiobuttonRepairReplacedPart" time="9.648"/>
  <system-out/>
  <testcase classname="fieldServiceFormsTest.AlternateRepairRepPartsform" name="gUITestRadiobuttonRepairReplacedPart" time="8.804"/>
  <system-out/>
  <testcase classname="fieldServiceFormsTest.AlternateRepairRepPartsform" name="gUITestRadiobuttonRepairReplacedPart" time="8.127"/>
  <system-out/>
  <testcase classname="fieldServiceFormsTest.AlternateRepairRepPartsform" name="gUITestRadiobuttonRepairReplacedPart" time="9.838"/>
  <system-out/>
  <testcase classname="fieldServiceFormsTest.AlternateRepairRepPartsform" name="gUITestRadiobuttonRepairReplacedPart" time="9.544"/>
  <system-out/>
  <testcase classname="fieldServiceFormsTest.AlternateRepairRepPartsform" name="gUITestRadiobuttonRepairReplacedPart" time="10.252"/>
  <system-out/>
  <testcase classname="fieldServiceFormsTest.AlternateRepairRepPartsform" name="gUITestRadiobuttonRepairReplacedPart" time="9.702"/>
  <system-out/>
  <testcase classname="fieldServiceFormsTest.AlternateRepairRepPartsform" name="gUITestRadiobuttonRepairReplacedPart" time="9.584"/>
  <system-out/>
  <testcase classname="fieldServiceFormsTest.AlternateRepairRepPartsform" name="gUITestRadiobuttonRepairReplacedPart" time="9.427"/>
  <system-out/>
  <testcase classname="fieldServiceFormsTest.AlternateRepairRepPartsform" name="gUITestRadiobuttonRepairReplacedPart" time="8.647"/>
  <system-out/>
  <testcase classname="fieldServiceFormsTest.AlternateRepairRepPartsform" name="gUITestRadiobuttonRepairReplacedPart" time="10.755"/>
  <system-out/>
  <testcase classname="fieldServiceFormsTest.AlternateRepairRepPartsform" name="gUITestRadiobuttonRepairReplacedPart" time="9.277"/>
  <system-out/>
  <testcase classname="fieldServiceFormsTest.AlternateRepairRepPartsform" name="gUITestRadiobuttonRepairReplacedPart" time="9.461"/>
  <system-out/>
  <testcase classname="fieldServiceFormsTest.AlternateRepairRepPartsform" name="gUITestRadiobuttonRepairReplacedPart" time="8.344"/>
  <system-out/>
  <testcase classname="fieldServiceFormsTest.AlternateRepairRepPartsform" name="gUITestRadiobuttonRepairReplacedPart" time="10.413"/>
  <system-out/>
  <testcase classname="fieldServiceFormsTest.AlternateRepairRepPartsform" name="gUITestRadiobuttonRepairReplacedPart" time="8.274"/>
  <system-out/>
  <testcase classname="fieldServiceFormsTest.AlternateRepairRepPartsform" name="gUITestRadiobuttonRepairReplacedPart" time="8.270"/>
  <system-out/>
  <testcase classname="fieldServiceFormsTest.AlternateRepairRepPartsform" name="gUITestRadiobuttonRepairReplacedPart" time="9.884"/>
  <system-out/>
  <testcase classname="fieldServiceFormsTest.AlternateRepairRepPartsform" name="gUITestRadiobuttonRepairReplacedPart" time="10.318"/>
  <system-out/>
  <testcase classname="fieldServiceFormsTest.AlternateRepairRepPartsform" name="gUITestRadiobuttonRepairReplacedPart" time="11.002"/>
  <system-out/>
  <testcase classname="fieldServiceFormsTest.AlternateRepairRepPartsform" name="gUITestRadiobuttonRepairReplacedPart" time="9.605"/>
  <system-out/>
  <testcase classname="fieldServiceFormsTest.AlternateRepairRepPartsform" name="gUITestRadiobuttonRepairReplacedPart" time="9.889"/>
  <system-out/>
  <testcase classname="fieldServiceFormsTest.AlternateRepairRepPartsform" name="gUITestRadiobuttonRepairReplacedPart" time="8.346"/>
  <system-out/>
  <testcase classname="fieldServiceFormsTest.AlternateRepairRepPartsform" name="gUITestRadiobuttonRepairReplacedPart" time="9.103"/>
  <system-out/>
  <testcase classname="fieldServiceFormsTest.AlternateRepairRepPartsform" name="gUITestRadiobuttonRepairReplacedPart" time="9.804"/>
  <system-out/>
  <testcase classname="fieldServiceFormsTest.AlternateRepairRepPartsform" name="gUITestRadiobuttonRepairReplacedPart" time="9.773"/>
  <system-out/>
  <testcase classname="fieldServiceFormsTest.AlternateRepairRepPartsform" name="gUITestRadiobuttonRepairReplacedPart" time="9.419"/>
  <system-out/>
  <testcase classname="fieldServiceFormsTest.AlternateRepairRepPartsform" name="gUITestRadiobuttonRepairReplacedPart" time="10.101"/>
  <system-out/>
  <testcase classname="fieldServiceFormsTest.AlternateRepairRepPartsform" name="gUITestRadiobuttonRepairReplacedPart" time="8.272"/>
  <system-out/>
  <testcase classname="fieldServiceFormsTest.AlternateRepairRepPartsform" name="gUITestRadiobuttonRepairReplacedPart" time="8.881"/>
  <system-out/>
  <testcase classname="fieldServiceFormsTest.AlternateRepairRepPartsform" name="gUITestRadiobuttonRepairReplacedPart" time="8.554"/>
  <system-out/>
  <testcase classname="fieldServiceFormsTest.AlternateRepairRepPartsform" name="gUITestRadiobuttonRepairReplacedPart" time="9.846"/>
  <system-out/>
  <testcase classname="fieldServiceFormsTest.AlternateRepairRepPartsform" name="gUITestRadiobuttonRepairReplacedPart" time="9.344"/>
  <system-out/>
  <testcase classname="fieldServiceFormsTest.AlternateRepairRepPartsform" name="gUITestRadiobuttonRepairReplacedPart" time="9.588"/>
  <system-out/>
  <testcase classname="fieldServiceFormsTest.AlternateRepairRepPartsform" name="gUITestRadiobuttonRepairReplacedPart" time="9.772"/>
  <system-out/>
  <testcase classname="fieldServiceFormsTest.AlternateRepairRepPartsform" name="gUITestRadiobuttonRepairReplacedPart" time="8.879"/>
  <system-out/>
  <testcase classname="fieldServiceFormsTest.AlternateRepairRepPartsform" name="gUITestRadiobuttonRepairReplacedPart" time="9.694"/>
  <system-out/>
  <testcase classname="fieldServiceFormsTest.AlternateRepairRepPartsform" name="gUITestRadiobuttonRepairReplacedPart" time="9.696"/>
  <system-out/>
  <testcase classname="fieldServiceFormsTest.AlternateRepairRepPartsform" name="gUITestRadiobuttonRepairReplacedPart" time="11.033"/>
  <system-out/>
  <testcase classname="fieldServiceFormsTest.AlternateRepairRepPartsform" name="gUITestRadiobuttonRepairReplacedPart" time="9.575"/>
  <system-out/>
  <testcase classname="fieldServiceFormsTest.AlternateRepairRepPartsform" name="gUITestRadiobuttonRepairReplacedPart" time="8.365"/>
  <system-out/>
  <testcase classname="fieldServiceFormsTest.AlternateRepairRepPartsform" name="gUITestRadiobuttonRepairReplacedPart" time="10.242"/>
  <system-out/>
  <testcase classname="fieldServiceFormsTest.AlternateRepairRepPartsform" name="gUITestRadiobuttonRepairReplacedPart" time="10.705"/>
  <system-out/>
  <testcase classname="fieldServiceFormsTest.AlternateRepairRepPartsform" name="gUITestRadiobuttonRepairReplacedPart" time="9.881"/>
  <system-out/>
  <testcase classname="fieldServiceFormsTest.AlternateRepairRepPartsform" name="gUITestRadiobuttonRepairReplacedPart" time="10.075"/>
  <system-out/>
  <testcase classname="fieldServiceFormsTest.AlternateRepairRepPartsform" name="gUITestRadiobuttonRepairReplacedPart" time="9.922"/>
  <system-out/>
  <testcase classname="fieldServiceFormsTest.AlternateRepairRepPartsform" name="gUITestRadiobuttonRepairReplacedPart" time="10.118"/>
  <system-out/>
  <testcase classname="fieldServiceFormsTest.AlternateRepairRepPartsform" name="gUITestRadiobuttonRepairReplacedPart" time="9.591"/>
  <system-out/>
  <testcase classname="fieldServiceFormsTest.AlternateRepairRepPartsform" name="gUITestRadiobuttonRepairReplacedPart" time="10.331"/>
  <system-out/>
  <testcase classname="fieldServiceFormsTest.AlternateRepairRepPartsform" name="gUITestRadiobuttonRepairReplacedPart" time="9.925"/>
  <system-out/>
  <testcase classname="fieldServiceFormsTest.AlternateRepairRepPartsform" name="gUITestRadiobuttonRepairReplacedPart" time="9.105"/>
  <system-out/>
  <testcase classname="fieldServiceFormsTest.AlternateRepairRepPartsform" name="gUITestRadiobuttonRepairReplacedPart" time="9.836"/>
  <system-out/>
  <testcase classname="fieldServiceFormsTest.AlternateRepairRepPartsform" name="gUITestRadiobuttonRepairReplacedPart" time="8.856"/>
  <system-out/>
  <testcase classname="fieldServiceFormsTest.AlternateRepairRepPartsform" name="gUITestRadiobuttonRepairReplacedPart" time="9.238"/>
  <system-out/>
  <testcase classname="fieldServiceFormsTest.AlternateRepairRepPartsform" name="gUITestRadiobuttonRepairReplacedPart" time="8.221"/>
  <system-out/>
  <testcase classname="fieldServiceFormsTest.AlternateRepairRepPartsform" name="gUITestRadiobuttonRepairReplacedPart" time="10.541"/>
  <system-out/>
  <testcase classname="fieldServiceFormsTest.AlternateRepairRepPartsform" name="gUITestRadiobuttonRepairReplacedPart" time="7.985"/>
  <system-out/>
  <testcase classname="fieldServiceFormsTest.AlternateRepairRepPartsform" name="gUITestRadiobuttonRepairReplacedPart" time="8.156"/>
  <system-out/>
  <testcase classname="fieldServiceFormsTest.AlternateRepairRepPartsform" name="gUITestRadiobuttonRepairReplacedPart" time="8.742"/>
  <system-out/>
  <testcase classname="fieldServiceFormsTest.AlternateRepairRepPartsform" name="gUITestRadiobuttonRepairReplacedPart" time="8.697"/>
  <system-out/>
  <testcase classname="fieldServiceFormsTest.AlternateRepairRepPartsform" name="gUITestRadiobuttonRepairReplacedPart" time="9.112"/>
  <system-out/>
  <testcase classname="fieldServiceFormsTest.AlternateRepairRepPartsform" name="gUITestRadiobuttonRepairReplacedPart" time="8.203"/>
  <system-out/>
  <testcase classname="fieldServiceFormsTest.AlternateRepairRepPartsform" name="gUITestRadiobuttonRepairReplacedPart" time="10.123"/>
  <system-out/>
  <testcase classname="fieldServiceFormsTest.AlternateRepairRepPartsform" name="gUITestRadiobuttonRepairReplacedPart" time="9.826"/>
  <system-out/>
  <testcase classname="fieldServiceFormsTest.AlternateRepairRepPartsform" name="gUITestRadiobuttonRepairReplacedPart" time="9.436"/>
  <system-out/>
  <testcase classname="fieldServiceFormsTest.AlternateRepairRepPartsform" name="gUITestRadiobuttonRepairReplacedPart" time="9.518"/>
  <system-out/>
  <testcase classname="fieldServiceFormsTest.AlternateRepairRepPartsform" name="gUITestRadiobuttonRepairReplacedPart" time="9.207"/>
  <system-out/>
  <testcase classname="fieldServiceFormsTest.AlternateRepairRepPartsform" name="gUITestRadiobuttonRepairReplacedPart" time="10.483"/>
  <system-out/>
  <testcase classname="fieldServiceFormsTest.AlternateRepairRepPartsform" name="gUITestRadiobuttonRepairReplacedPart" time="9.719"/>
  <system-out/>
  <testcase classname="fieldServiceFormsTest.AlternateRepairRepPartsform" name="gUITestRadiobuttonRepairReplacedPart" time="10.559"/>
  <system-out/>
  <testcase classname="fieldServiceFormsTest.AlternateRepairRepPartsform" name="gUITestRadiobuttonRepairReplacedPart" time="10.049"/>
  <system-out/>
  <testcase classname="fieldServiceFormsTest.AlternateRepairRepPartsform" name="gUITestRadiobuttonRepairReplacedPart" time="8.416"/>
  <system-out/>
  <testcase classname="fieldServiceFormsTest.AlternateRepairRepPartsform" name="gUITestRadiobuttonRepairReplacedPart" time="9.649"/>
  <system-out/>
  <testcase classname="fieldServiceFormsTest.AlternateRepairRepPartsform" name="gUITestRadiobuttonRepairReplacedPart" time="11.084"/>
  <system-out/>
  <testcase classname="fieldServiceFormsTest.AlternateRepairRepPartsform" name="gUITestRadiobuttonRepairReplacedPart" time="8.385"/>
  <system-out/>
  <testcase classname="fieldServiceFormsTest.AlternateRepairRepPartsform" name="gUITestRadiobuttonRepairReplacedPart" time="9.990"/>
  <system-out/>
  <testcase classname="fieldServiceFormsTest.AlternateRepairRepPartsform" name="gUITestRadiobuttonRepairReplacedPart" time="8.184"/>
  <system-out/>
  <testcase classname="fieldServiceFormsTest.AlternateRepairRepPartsform" name="gUITestRadiobuttonRepairReplacedPart" time="11.062"/>
  <system-out/>
  <testcase classname="fieldServiceFormsTest.AlternateRepairRepPartsform" name="gUITestRadiobuttonRepairReplacedPart" time="9.913"/>
  <system-out/>
  <testcase classname="fieldServiceFormsTest.AlternateRepairRepPartsform" name="gUITestRadiobuttonRepairReplacedPart" time="9.628"/>
  <system-out/>
  <testcase classname="fieldServiceFormsTest.AlternateRepairRepPartsform" name="gUITestRadiobuttonRepairReplacedPart" time="9.167"/>
  <system-out/>
  <testcase classname="fieldServiceFormsTest.AlternateRepairRepPartsform" name="gUITestRadiobuttonRepairReplacedPart" time="9.606"/>
  <system-out/>
  <testcase classname="fieldServiceFormsTest.AlternateRepairRepPartsform" name="gUITestRadiobuttonRepairReplacedPart" time="10.364"/>
  <system-out/>
  <testcase classname="fieldServiceFormsTest.AlternateRepairRepPartsform" name="gUITestRadiobuttonRepairReplacedPart" time="10.195"/>
  <system-out/>
  <testcase classname="fieldServiceFormsTest.AlternateRepairRepPartsform" name="gUITestRadiobuttonRepairReplacedPart" time="8.460"/>
  <system-out/>
  <testcase classname="fieldServiceFormsTest.AlternateRepairRepPartsform" name="gUITestRadiobuttonRepairReplacedPart" time="9.986"/>
  <system-out/>
  <testcase classname="fieldServiceFormsTest.AlternateRepairRepPartsform" name="gUITestRadiobuttonRepairReplacedPart" time="9.331"/>
  <system-out/>
  <testcase classname="fieldServiceFormsTest.AlternateRepairRepPartsform" name="gUITestRadiobuttonRepairReplacedPart" time="9.543"/>
  <system-out/>
  <testcase classname="fieldServiceFormsTest.AlternateRepairRepPartsform" name="gUITestRadiobuttonRepairReplacedPart" time="9.630"/>
  <system-out/>
  <testcase classname="fieldServiceFormsTest.AlternateRepairRepPartsform" name="gUITestRadiobuttonRepairReplacedPart" time="11.022"/>
  <system-out/>
  <testcase classname="fieldServiceFormsTest.AlternateRepairRepPartsform" name="gUITestRadiobuttonRepairReplacedPart" time="10.525"/>
  <system-out/>
  <testcase classname="fieldServiceFormsTest.AlternateRepairRepPartsform" name="gUITestRadiobuttonRepairReplacedPart" time="11.913"/>
  <system-out/>
  <testcase classname="fieldServiceFormsTest.AlternateRepairRepPartsform" name="gUITestRadiobuttonRepairReplacedPart" time="10.640"/>
  <system-out/>
  <testcase classname="fieldServiceFormsTest.AlternateRepairRepPartsform" name="gUITestRadiobuttonRepairReplacedPart" time="8.066"/>
  <system-out/>
  <testcase classname="fieldServiceFormsTest.AlternateRepairRepPartsform" name="gUITestRadiobuttonRepairReplacedPart" time="9.234"/>
  <system-out/>
  <testcase classname="fieldServiceFormsTest.AlternateRepairRepPartsform" name="gUITestRadiobuttonRepairReplacedPart" time="9.285"/>
  <system-out/>
  <testcase classname="fieldServiceFormsTest.AlternateRepairRepPartsform" name="gUITestRadiobuttonRepairReplacedPart" time="8.190"/>
  <system-out/>
  <testcase classname="fieldServiceFormsTest.AlternateRepairRepPartsform" name="gUITestRadiobuttonRepairReplacedPart" time="9.184"/>
  <system-out/>
  <testcase classname="fieldServiceFormsTest.AlternateRepairRepPartsform" name="gUITestRadiobuttonRepairReplacedPart" time="9.740"/>
  <system-out/>
  <testcase classname="fieldServiceFormsTest.AlternateRepairRepPartsform" name="gUITestRadiobuttonRepairReplacedPart" time="9.540"/>
  <system-out/>
  <testcase classname="fieldServiceFormsTest.AlternateRepairRepPartsform" name="gUITestRadiobuttonRepairReplacedPart" time="9.663"/>
  <system-out/>
  <testcase classname="fieldServiceFormsTest.AlternateRepairRepPartsform" name="gUITestRadiobuttonRepairReplacedPart" time="9.567"/>
  <system-out/>
  <testcase classname="fieldServiceFormsTest.AlternateRepairRepPartsform" name="gUITestRadiobuttonRepairReplacedPart" time="9.478"/>
  <system-out/>
  <testcase classname="fieldServiceFormsTest.AlternateRepairRepPartsform" name="gUITestRadiobuttonRepairReplacedPart" time="8.972"/>
  <system-out/>
  <testcase classname="fieldServiceFormsTest.AlternateRepairRepPartsform" name="gUITestRadiobuttonRepairReplacedPart" time="8.333"/>
  <system-out/>
  <testcase classname="fieldServiceFormsTest.AlternateRepairRepPartsform" name="gUITestRadiobuttonRepairReplacedPart" time="9.811"/>
  <system-out/>
  <testcase classname="fieldServiceFormsTest.AlternateRepairRepPartsform" name="gUITestRadiobuttonRepairReplacedPart" time="8.246"/>
  <system-out/>
  <testcase classname="fieldServiceFormsTest.AlternateRepairRepPartsform" name="gUITestRadiobuttonRepairReplacedPart" time="9.300"/>
  <system-out/>
  <testcase classname="fieldServiceFormsTest.AlternateRepairRepPartsform" name="gUITestRadiobuttonRepairReplacedPart" time="9.037"/>
  <system-out/>
  <testcase classname="fieldServiceFormsTest.AlternateRepairRepPartsform" name="gUITestRadiobuttonRepairReplacedPart" time="8.145"/>
  <system-out/>
  <testcase classname="fieldServiceFormsTest.AlternateRepairRepPartsform" name="gUITestRadiobuttonRepairReplacedPart" time="8.148"/>
  <system-out/>
  <testcase classname="fieldServiceFormsTest.AlternateRepairRepPartsform" name="gUITestRadiobuttonRepairReplacedPart" time="8.403"/>
  <system-out/>
  <testcase classname="fieldServiceFormsTest.AlternateRepairRepPartsform" name="gUITestRadiobuttonRepairReplacedPart" time="9.788"/>
  <system-out/>
  <testcase classname="fieldServiceFormsTest.AlternateRepairRepPartsform" name="gUITestRadiobuttonRepairReplacedPart" time="7.970"/>
  <system-out/>
  <testcase classname="fieldServiceFormsTest.AlternateRepairRepPartsform" name="gUITestRadiobuttonRepairReplacedPart" time="10.731"/>
  <system-out/>
  <testcase classname="fieldServiceFormsTest.AlternateRepairRepPartsform" name="gUITestRadiobuttonRepairReplacedPart" time="11.378"/>
  <system-out/>
  <testcase classname="fieldServiceFormsTest.AlternateRepairRepPartsform" name="gUITestRadiobuttonRepairReplacedPart" time="11.419"/>
  <system-out/>
  <testcase classname="fieldServiceFormsTest.AlternateRepairRepPartsform" name="gUITestRadiobuttonRepairReplacedPart" time="9.399"/>
  <system-out/>
  <testcase classname="fieldServiceFormsTest.AlternateRepairRepPartsform" name="gUITestRadiobuttonRepairReplacedPart" time="9.481"/>
  <system-out/>
  <testcase classname="fieldServiceFormsTest.AlternateRepairRepPartsform" name="gUITestRadiobuttonRepairReplacedPart" time="9.511"/>
  <system-out/>
  <testcase classname="fieldServiceFormsTest.AlternateRepairRepPartsform" name="gUITestRadiobuttonRepairReplacedPart" time="10.163"/>
  <system-out/>
  <testcase classname="fieldServiceFormsTest.AlternateRepairRepPartsform" name="gUITestRadiobuttonRepairReplacedPart" time="10.308"/>
  <system-out/>
  <testcase classname="fieldServiceFormsTest.AlternateRepairRepPartsform" name="gUITestRadiobuttonRepairReplacedPart" time="9.767"/>
  <system-out/>
  <testcase classname="fieldServiceFormsTest.AlternateRepairRepPartsform" name="gUITestRadiobuttonRepairReplacedPart" time="9.775"/>
  <system-out/>
  <testcase classname="fieldServiceFormsTest.AlternateRepairRepPartsform" name="gUITestRadiobuttonRepairReplacedPart" time="10.499"/>
  <system-out/>
  <testcase classname="fieldServiceFormsTest.AlternateRepairRepPartsform" name="gUITestRadiobuttonRepairReplacedPart" time="8.897"/>
  <system-out/>
  <testcase classname="fieldServiceFormsTest.AlternateRepairRepPartsform" name="gUITestRadiobuttonRepairReplacedPart" time="8.367"/>
  <system-out/>
  <testcase classname="fieldServiceFormsTest.AlternateRepairRepPartsform" name="gUITestRadiobuttonRepairReplacedPart" time="9.134"/>
  <system-out/>
  <testcase classname="fieldServiceFormsTest.AlternateRepairRepPartsform" name="gUITestRadiobuttonRepairReplacedPart" time="10.192"/>
  <system-out/>
  <testcase classname="fieldServiceFormsTest.AlternateRepairRepPartsform" name="gUITestRadiobuttonRepairReplacedPart" time="10.292"/>
  <system-out/>
  <testcase classname="fieldServiceFormsTest.AlternateRepairRepPartsform" name="gUITestRadiobuttonRepairReplacedPart" time="9.277"/>
  <system-out/>
  <testcase classname="fieldServiceFormsTest.AlternateRepairRepPartsform" name="gUITestRadiobuttonRepairReplacedPart" time="8.400"/>
  <system-out/>
  <testcase classname="fieldServiceFormsTest.AlternateRepairRepPartsform" name="gUITestRadiobuttonRepairReplacedPart" time="10.529"/>
  <system-out/>
  <testcase classname="fieldServiceFormsTest.AlternateRepairRepPartsform" name="gUITestRadiobuttonRepairReplacedPart" time="8.207"/>
  <system-out/>
  <testcase classname="fieldServiceFormsTest.AlternateRepairRepPartsform" name="gUITestRadiobuttonRepairReplacedPart" time="9.675"/>
  <system-out/>
  <testcase classname="fieldServiceFormsTest.AlternateRepairRepPartsform" name="gUITestRadiobuttonRepairReplacedPart" time="9.669"/>
  <system-out/>
  <testcase classname="fieldServiceFormsTest.AlternateRepairRepPartsform" name="gUITestRadiobuttonRepairReplacedPart" time="10.365"/>
  <system-out/>
  <testcase classname="fieldServiceFormsTest.AlternateRepairRepPartsform" name="gUITestRadiobuttonRepairReplacedPart" time="7.943"/>
  <system-out/>
  <testcase classname="fieldServiceFormsTest.AlternateRepairRepPartsform" name="gUITestRadiobuttonRepairReplacedPart" time="9.626"/>
  <system-out/>
  <testcase classname="fieldServiceFormsTest.AlternateRepairRepPartsform" name="gUITestRadiobuttonRepairReplacedPart" time="10.269"/>
  <system-out/>
  <testcase classname="fieldServiceFormsTest.AlternateRepairRepPartsform" name="gUITestRadiobuttonRepairReplacedPart" time="9.801"/>
  <system-out/>
  <testcase classname="fieldServiceFormsTest.AlternateRepairRepPartsform" name="gUITestRadiobuttonRepairReplacedPart" time="9.483"/>
  <system-out/>
  <testcase classname="fieldServiceFormsTest.AlternateRepairRepPartsform" name="gUITestRadiobuttonRepairReplacedPart" time="8.204"/>
  <system-out/>
  <testcase classname="fieldServiceFormsTest.AlternateRepairRepPartsform" name="gUITestRadiobuttonRepairReplacedPart" time="9.651"/>
  <system-out/>
  <testcase classname="fieldServiceFormsTest.AlternateRepairRepPartsform" name="gUITestRadiobuttonRepairReplacedPart" time="9.620"/>
  <system-out/>
  <testcase classname="fieldServiceFormsTest.AlternateRepairRepPartsform" name="gUITestRadiobuttonRepairReplacedPart" time="8.198"/>
  <system-out/>
  <testcase classname="fieldServiceFormsTest.AlternateRepairRepPartsform" name="gUITestRadiobuttonRepairReplacedPart" time="9.044"/>
  <system-out/>
  <testcase classname="fieldServiceFormsTest.AlternateRepairRepPartsform" name="gUITestRadiobuttonRepairReplacedPart" time="8.293"/>
  <system-out/>
  <testcase classname="fieldServiceFormsTest.AlternateRepairRepPartsform" name="gUITestRadiobuttonRepairReplacedPart" time="10.101"/>
  <system-out/>
  <testcase classname="fieldServiceFormsTest.AlternateRepairRepPartsform" name="gUITestRadiobuttonRepairReplacedPart" time="10.590"/>
  <system-out/>
  <testcase classname="fieldServiceFormsTest.AlternateRepairRepPartsform" name="gUITestRadiobuttonRepairReplacedPart" time="9.178"/>
  <system-out/>
  <testcase classname="fieldServiceFormsTest.AlternateRepairRepPartsform" name="gUITestRadiobuttonRepairReplacedPart" time="10.645"/>
  <system-out/>
  <testcase classname="fieldServiceFormsTest.AlternateRepairRepPartsform" name="gUITestRadiobuttonRepairReplacedPart" time="9.284"/>
  <system-out/>
  <testcase classname="fieldServiceFormsTest.AlternateRepairRepPartsform" name="gUITestRadiobuttonRepairReplacedPart" time="9.825"/>
  <system-out/>
  <testcase classname="fieldServiceFormsTest.AlternateRepairRepPartsform" name="gUITestRadiobuttonRepairReplacedPart" time="8.070"/>
  <system-out/>
  <testcase classname="fieldServiceFormsTest.AlternateRepairRepPartsform" name="gUITestRadiobuttonRepairReplacedPart" time="8.434"/>
  <system-out/>
  <testcase classname="fieldServiceFormsTest.AlternateRepairRepPartsform" name="gUITestRadiobuttonRepairReplacedPart" time="8.158"/>
  <system-out/>
  <testcase classname="fieldServiceFormsTest.AlternateRepairRepPartsform" name="gUITestRadiobuttonRepairReplacedPart" time="8.205"/>
  <system-out/>
  <testcase classname="fieldServiceFormsTest.AlternateRepairRepPartsform" name="gUITestRadiobuttonRepairReplacedPart" time="9.414"/>
  <system-out/>
  <testcase classname="fieldServiceFormsTest.AlternateRepairRepPartsform" name="gUITestRadiobuttonRepairReplacedPart" time="10.113"/>
  <system-out/>
  <testcase classname="fieldServiceFormsTest.AlternateRepairRepPartsform" name="gUITestRadiobuttonRepairReplacedPart" time="8.269"/>
  <system-out/>
  <testcase classname="fieldServiceFormsTest.AlternateRepairRepPartsform" name="gUITestRadiobuttonRepairReplacedPart" time="10.921"/>
  <system-out/>
  <testcase classname="fieldServiceFormsTest.AlternateRepairRepPartsform" name="gUITestRadiobuttonRepairReplacedPart" time="10.595"/>
  <system-out/>
  <testcase classname="fieldServiceFormsTest.AlternateRepairRepPartsform" name="gUITestRadiobuttonRepairReplacedPart" time="9.711"/>
  <system-out/>
  <testcase classname="fieldServiceFormsTest.AlternateRepairRepPartsform" name="gUITestRadiobuttonRepairReplacedPart" time="9.222"/>
  <system-out/>
  <testcase classname="fieldServiceFormsTest.AlternateRepairRepPartsform" name="gUITestRadiobuttonRepairReplacedPart" time="8.983"/>
  <system-out/>
  <testcase classname="fieldServiceFormsTest.AlternateRepairRepPartsform" name="gUITestRadiobuttonRepairReplacedPart" time="9.543"/>
  <system-out/>
  <testcase classname="fieldServiceFormsTest.AlternateRepairRepPartsform" name="gUITestRadiobuttonRepairReplacedPart" time="9.309"/>
  <system-out/>
  <testcase classname="fieldServiceFormsTest.AlternateRepairRepPartsform" name="gUITestRadiobuttonRepairReplacedPart" time="9.627"/>
  <system-out/>
  <testcase classname="fieldServiceFormsTest.AlternateRepairRepPartsform" name="gUITestRadiobuttonRepairReplacedPart" time="8.093"/>
  <system-out/>
  <testcase classname="fieldServiceFormsTest.AlternateRepairRepPartsform" name="gUITestRadiobuttonRepairReplacedPart" time="9.535"/>
  <system-out/>
  <testcase classname="fieldServiceFormsTest.AlternateRepairRepPartsform" name="gUITestRadiobuttonRepairReplacedPart" time="8.979"/>
  <system-out/>
  <testcase classname="fieldServiceFormsTest.AlternateRepairRepPartsform" name="gUITestRadiobuttonRepairReplacedPart" time="9.526"/>
  <system-out/>
  <testcase classname="fieldServiceFormsTest.AlternateRepairRepPartsform" name="gUITestRadiobuttonRepairReplacedPart" time="9.443"/>
  <system-out/>
  <testcase classname="fieldServiceFormsTest.AlternateRepairRepPartsform" name="gUITestRadiobuttonRepairReplacedPart" time="8.087"/>
  <system-out/>
  <testcase classname="fieldServiceFormsTest.AlternateRepairRepPartsform" name="gUITestRadiobuttonRepairReplacedPart" time="8.711"/>
  <system-out/>
  <testcase classname="fieldServiceFormsTest.AlternateRepairRepPartsform" name="gUITestRadiobuttonRepairReplacedPart" time="9.570"/>
  <system-out/>
  <testcase classname="fieldServiceFormsTest.AlternateRepairRepPartsform" name="gUITestRadiobuttonRepairReplacedPart" time="9.896"/>
  <system-out/>
  <testcase classname="fieldServiceFormsTest.AlternateRepairRepPartsform" name="gUITestRadiobuttonRepairReplacedPart" time="10.254"/>
  <system-out/>
  <testcase classname="fieldServiceFormsTest.AlternateRepairRepPartsform" name="gUITestRadiobuttonRepairReplacedPart" time="10.854"/>
  <system-out/>
  <testcase classname="fieldServiceFormsTest.AlternateRepairRepPartsform" name="gUITestRadiobuttonRepairReplacedPart1" time="13.343"/>
  <system-out/>
  <testcase classname="fieldServiceFormsTest.AlternateRepairRepPartsform" name="gUITestRadiobuttonRepairReplacedPart1" time="12.589"/>
  <system-out/>
  <testcase classname="fieldServiceFormsTest.AlternateRepairRepPartsform" name="gUITestRadiobuttonRepairReplacedPart1" time="13.004"/>
  <system-out/>
  <testcase classname="fieldServiceFormsTest.AlternateRepairRepPartsform" name="gUITestRadiobuttonRepairReplacedPart1" time="13.550"/>
  <system-out/>
  <testcase classname="fieldServiceFormsTest.AlternateRepairRepPartsform" name="gUITestRadiobuttonRepairReplacedPart1" time="13.692"/>
  <system-out/>
  <testcase classname="fieldServiceFormsTest.AlternateRepairRepPartsform" name="gUITestRadiobuttonRepairReplacedPart1" time="12.637"/>
  <system-out/>
  <testcase classname="fieldServiceFormsTest.AlternateRepairRepPartsform" name="gUITestRadiobuttonRepairReplacedPart1" time="13.080"/>
  <system-out/>
  <testcase classname="fieldServiceFormsTest.AlternateRepairRepPartsform" name="gUITestRadiobuttonRepairReplacedPart1" time="12.615"/>
  <system-out/>
  <testcase classname="fieldServiceFormsTest.AlternateRepairRepPartsform" name="gUITestRadiobuttonRepairReplacedPart1" time="12.969"/>
  <system-out/>
  <testcase classname="fieldServiceFormsTest.AlternateRepairRepPartsform" name="gUITestRadiobuttonRepairReplacedPart1" time="13.194"/>
  <system-out/>
</testsuite> <!-- fieldServiceFormsTest.AlternateRepairRepPartsform -->
