<?xml version="1.0" encoding="UTF-8"?>
<!-- Generated by org.testng.reporters.JUnitReportReporter -->
<testsuite hostname="DESKTOP-AMSBLU7" failures="0" tests="1" name="mesapplication.Attributestest" time="104.667" errors="0" timestamp="2022-06-28T13:53:10 IST" skipped="0">
  <testcase classname="mesapplication.Attributestest" name="Mes" time="104.667"/>
  <system-out/>
</testsuite> <!-- mesapplication.Attributestest -->
