<?xml version="1.0" encoding="UTF-8"?>
<!-- Generated by org.testng.reporters.JUnitReportReporter -->
<testsuite hostname="DESKTOP-1MVR3ON" failures="0" tests="1" name="Tonnal.Project.Filesdownload" time="94.121" errors="0" timestamp="2022-03-24T15:01:04 IST" skipped="0">
  <testcase classname="Tonnal.Project.Filesdownload" name="downloads" time="94.121"/>
  <system-out/>
</testsuite> <!-- Tonnal.Project.Filesdownload -->
