<?xml version="1.0" encoding="UTF-8"?>
<!-- Generated by org.testng.reporters.JUnitReportReporter -->
<testsuite hostname="DESKTOP-AMSBLU7" failures="0" tests="1" name="Tonal.Project.Mestest" time="27.666" errors="0" timestamp="2022-06-07T15:45:33 IST" skipped="0">
  <testcase classname="Tonal.Project.Mestest" name="Mes" time="27.666"/>
  <system-out/>
</testsuite> <!-- Tonal.Project.Mestest -->
