<?xml version="1.0" encoding="UTF-8"?>
<!-- Generated by org.testng.reporters.JUnitReportReporter -->
<testsuite hostname="DESKTOP-AMSBLU7" failures="0" tests="20" name="fieldServiceFormsTest.PositiveRepairAssessOtherGUITest" time="64.224" errors="0" timestamp="2022-07-27T17:45:52 IST" skipped="0">
  <testcase classname="fieldServiceFormsTest.PositiveRepairAssessOtherGUITest" name="gUITestRadiobuttonRepairAssessement" time="2.727"/>
  <system-out/>
  <testcase classname="fieldServiceFormsTest.PositiveRepairAssessOtherGUITest" name="gUITestRadiobuttonRepairAssessement" time="3.487"/>
  <system-out/>
  <testcase classname="fieldServiceFormsTest.PositiveRepairAssessOtherGUITest" name="gUITestRadiobuttonRepairAssessement" time="3.100"/>
  <system-out/>
  <testcase classname="fieldServiceFormsTest.PositiveRepairAssessOtherGUITest" name="gUITestRadiobuttonRepairAssessement" time="2.488"/>
  <system-out/>
  <testcase classname="fieldServiceFormsTest.PositiveRepairAssessOtherGUITest" name="gUITestRadiobuttonRepairAssessement" time="2.426"/>
  <system-out/>
  <testcase classname="fieldServiceFormsTest.PositiveRepairAssessOtherGUITest" name="gUITestRadiobuttonRepairAssessement" time="2.819"/>
  <system-out/>
  <testcase classname="fieldServiceFormsTest.PositiveRepairAssessOtherGUITest" name="gUITestRadiobuttonRepairAssessement" time="2.294"/>
  <system-out/>
  <testcase classname="fieldServiceFormsTest.PositiveRepairAssessOtherGUITest" name="gUITestRadiobuttonRepairAssessement" time="3.614"/>
  <system-out/>
  <testcase classname="fieldServiceFormsTest.PositiveRepairAssessOtherGUITest" name="gUITestRadiobuttonRepairAssessement" time="2.216"/>
  <system-out/>
  <testcase classname="fieldServiceFormsTest.PositiveRepairAssessOtherGUITest" name="gUITestRadiobuttonRepairAssessement" time="2.458"/>
  <system-out/>
  <testcase classname="fieldServiceFormsTest.PositiveRepairAssessOtherGUITest" name="gUITestRadiobuttonRepairOther" time="3.300"/>
  <system-out/>
  <testcase classname="fieldServiceFormsTest.PositiveRepairAssessOtherGUITest" name="gUITestRadiobuttonRepairOther" time="4.856"/>
  <system-out/>
  <testcase classname="fieldServiceFormsTest.PositiveRepairAssessOtherGUITest" name="gUITestRadiobuttonRepairOther" time="3.956"/>
  <system-out/>
  <testcase classname="fieldServiceFormsTest.PositiveRepairAssessOtherGUITest" name="gUITestRadiobuttonRepairOther" time="3.907"/>
  <system-out/>
  <testcase classname="fieldServiceFormsTest.PositiveRepairAssessOtherGUITest" name="gUITestRadiobuttonRepairOther" time="2.669"/>
  <system-out/>
  <testcase classname="fieldServiceFormsTest.PositiveRepairAssessOtherGUITest" name="gUITestRadiobuttonRepairOther" time="3.588"/>
  <system-out/>
  <testcase classname="fieldServiceFormsTest.PositiveRepairAssessOtherGUITest" name="gUITestRadiobuttonRepairOther" time="3.226"/>
  <system-out/>
  <testcase classname="fieldServiceFormsTest.PositiveRepairAssessOtherGUITest" name="gUITestRadiobuttonRepairOther" time="3.266"/>
  <system-out/>
  <testcase classname="fieldServiceFormsTest.PositiveRepairAssessOtherGUITest" name="gUITestRadiobuttonRepairOther" time="4.388"/>
  <system-out/>
  <testcase classname="fieldServiceFormsTest.PositiveRepairAssessOtherGUITest" name="gUITestRadiobuttonRepairOther" time="3.439"/>
  <system-out/>
</testsuite> <!-- fieldServiceFormsTest.PositiveRepairAssessOtherGUITest -->
