<?xml version="1.0" encoding="UTF-8"?>
<!-- Generated by org.testng.reporters.JUnitReportReporter -->
<testsuite hostname="DESKTOP-AMSBLU7" failures="0" tests="1" name="logisticsXPOTest.JiraTicketCreationTest" time="70.321" errors="0" timestamp="2023-02-07T14:44:13 IST" skipped="0">
  <testcase classname="logisticsXPOTest.JiraTicketCreationTest" name="processFile" time="70.321"/>
  <system-out/>
</testsuite> <!-- logisticsXPOTest.JiraTicketCreationTest -->
