<?xml version="1.0" encoding="UTF-8"?>
<!-- Generated by org.testng.reporters.JUnitReportReporter -->
<testsuite hostname="DESKTOP-AMSBLU7" failures="0" tests="2" name="fieldServiceFormsTest.PositiveCheckListGUITest" time="8.900" errors="0" timestamp="2022-07-27T18:03:17 IST" skipped="0">
  <testcase classname="fieldServiceFormsTest.PositiveCheckListGUITest" name="gUITestRadiButtonOptionNo" time="2.801"/>
  <system-out/>
  <testcase classname="fieldServiceFormsTest.PositiveCheckListGUITest" name="gUITestradioButtonOptionYes" time="6.099"/>
  <system-out/>
</testsuite> <!-- fieldServiceFormsTest.PositiveCheckListGUITest -->
