<?xml version="1.0" encoding="UTF-8"?>
<!-- Generated by org.testng.reporters.JUnitReportReporter -->
<testsuite hostname="DESKTOP-AMSBLU7" failures="0" tests="3" name="logisticsTest.ShippingConfirmationLogics" time="30.224" errors="0" timestamp="2023-01-31T13:26:50 IST" skipped="0">
  <testcase classname="logisticsTest.ShippingConfirmationLogics" name="processFile" time="13.849"/>
  <system-out/>
  <testcase classname="logisticsTest.ShippingConfirmationLogics" name="processFile" time="14.777"/>
  <system-out/>
  <testcase classname="logisticsTest.ShippingConfirmationLogics" name="ods" time="1.598"/>
  <system-out/>
</testsuite> <!-- logisticsTest.ShippingConfirmationLogics -->
