<?xml version="1.0" encoding="UTF-8"?>
<!-- Generated by org.testng.reporters.JUnitReportReporter -->
<testsuite hostname="DESKTOP-AMSBLU7" failures="0" tests="200" name="fieldServiceFormsTest.RepairAdjRepGUITest" time="864.541" errors="0" timestamp="2022-07-26T12:33:32 IST" skipped="0">
  <testcase classname="fieldServiceFormsTest.RepairAdjRepGUITest" name="GUITestRadioButtonRepairAdjust" time="0.935"/>
  <system-out/>
  <testcase classname="fieldServiceFormsTest.RepairAdjRepGUITest" name="GUITestRadioButtonRepairAdjust" time="1.016"/>
  <system-out/>
  <testcase classname="fieldServiceFormsTest.RepairAdjRepGUITest" name="GUITestRadioButtonRepairAdjust" time="1.503"/>
  <system-out/>
  <testcase classname="fieldServiceFormsTest.RepairAdjRepGUITest" name="GUITestRadioButtonRepairAdjust" time="1.501"/>
  <system-out/>
  <testcase classname="fieldServiceFormsTest.RepairAdjRepGUITest" name="GUITestRadioButtonRepairAdjust" time="1.497"/>
  <system-out/>
  <testcase classname="fieldServiceFormsTest.RepairAdjRepGUITest" name="GUITestRadioButtonRepairAdjust" time="1.490"/>
  <system-out/>
  <testcase classname="fieldServiceFormsTest.RepairAdjRepGUITest" name="GUITestRadioButtonRepairAdjust" time="1.846"/>
  <system-out/>
  <testcase classname="fieldServiceFormsTest.RepairAdjRepGUITest" name="GUITestRadioButtonRepairAdjust" time="1.617"/>
  <system-out/>
  <testcase classname="fieldServiceFormsTest.RepairAdjRepGUITest" name="GUITestRadioButtonRepairAdjust" time="1.064"/>
  <system-out/>
  <testcase classname="fieldServiceFormsTest.RepairAdjRepGUITest" name="GUITestRadioButtonRepairAdjust" time="1.529"/>
  <system-out/>
  <testcase classname="fieldServiceFormsTest.RepairAdjRepGUITest" name="GUITestRadioButtonRepairAdjust" time="1.607"/>
  <system-out/>
  <testcase classname="fieldServiceFormsTest.RepairAdjRepGUITest" name="GUITestRadioButtonRepairAdjust" time="1.415"/>
  <system-out/>
  <testcase classname="fieldServiceFormsTest.RepairAdjRepGUITest" name="GUITestRadioButtonRepairAdjust" time="1.606"/>
  <system-out/>
  <testcase classname="fieldServiceFormsTest.RepairAdjRepGUITest" name="GUITestRadioButtonRepairAdjust" time="1.009"/>
  <system-out/>
  <testcase classname="fieldServiceFormsTest.RepairAdjRepGUITest" name="GUITestRadioButtonRepairAdjust" time="1.454"/>
  <system-out/>
  <testcase classname="fieldServiceFormsTest.RepairAdjRepGUITest" name="GUITestRadioButtonRepairAdjust" time="1.678"/>
  <system-out/>
  <testcase classname="fieldServiceFormsTest.RepairAdjRepGUITest" name="GUITestRadioButtonRepairAdjust" time="1.397"/>
  <system-out/>
  <testcase classname="fieldServiceFormsTest.RepairAdjRepGUITest" name="GUITestRadioButtonRepairAdjust" time="0.967"/>
  <system-out/>
  <testcase classname="fieldServiceFormsTest.RepairAdjRepGUITest" name="GUITestRadioButtonRepairAdjust" time="1.607"/>
  <system-out/>
  <testcase classname="fieldServiceFormsTest.RepairAdjRepGUITest" name="GUITestRadioButtonRepairAdjust" time="0.980"/>
  <system-out/>
  <testcase classname="fieldServiceFormsTest.RepairAdjRepGUITest" name="GUITestRadioButtonRepairAdjust" time="0.956"/>
  <system-out/>
  <testcase classname="fieldServiceFormsTest.RepairAdjRepGUITest" name="GUITestRadioButtonRepairAdjust" time="1.303"/>
  <system-out/>
  <testcase classname="fieldServiceFormsTest.RepairAdjRepGUITest" name="GUITestRadioButtonRepairAdjust" time="1.499"/>
  <system-out/>
  <testcase classname="fieldServiceFormsTest.RepairAdjRepGUITest" name="GUITestRadioButtonRepairAdjust" time="1.577"/>
  <system-out/>
  <testcase classname="fieldServiceFormsTest.RepairAdjRepGUITest" name="GUITestRadioButtonRepairAdjust" time="0.953"/>
  <system-out/>
  <testcase classname="fieldServiceFormsTest.RepairAdjRepGUITest" name="GUITestRadioButtonRepairAdjust" time="1.729"/>
  <system-out/>
  <testcase classname="fieldServiceFormsTest.RepairAdjRepGUITest" name="GUITestRadioButtonRepairAdjust" time="0.947"/>
  <system-out/>
  <testcase classname="fieldServiceFormsTest.RepairAdjRepGUITest" name="GUITestRadioButtonRepairAdjust" time="1.084"/>
  <system-out/>
  <testcase classname="fieldServiceFormsTest.RepairAdjRepGUITest" name="GUITestRadioButtonRepairAdjust" time="1.380"/>
  <system-out/>
  <testcase classname="fieldServiceFormsTest.RepairAdjRepGUITest" name="GUITestRadioButtonRepairAdjust" time="1.050"/>
  <system-out/>
  <testcase classname="fieldServiceFormsTest.RepairAdjRepGUITest" name="GUITestRadioButtonRepairAdjust" time="1.483"/>
  <system-out/>
  <testcase classname="fieldServiceFormsTest.RepairAdjRepGUITest" name="GUITestRadioButtonRepairAdjust" time="0.963"/>
  <system-out/>
  <testcase classname="fieldServiceFormsTest.RepairAdjRepGUITest" name="GUITestRadioButtonRepairAdjust" time="1.046"/>
  <system-out/>
  <testcase classname="fieldServiceFormsTest.RepairAdjRepGUITest" name="GUITestRadioButtonRepairAdjust" time="1.477"/>
  <system-out/>
  <testcase classname="fieldServiceFormsTest.RepairAdjRepGUITest" name="GUITestRadioButtonRepairAdjust" time="1.716"/>
  <system-out/>
  <testcase classname="fieldServiceFormsTest.RepairAdjRepGUITest" name="GUITestRadioButtonRepairAdjust" time="1.021"/>
  <system-out/>
  <testcase classname="fieldServiceFormsTest.RepairAdjRepGUITest" name="GUITestRadioButtonRepairAdjust" time="1.001"/>
  <system-out/>
  <testcase classname="fieldServiceFormsTest.RepairAdjRepGUITest" name="GUITestRadioButtonRepairAdjust" time="1.477"/>
  <system-out/>
  <testcase classname="fieldServiceFormsTest.RepairAdjRepGUITest" name="GUITestRadioButtonRepairAdjust" time="1.580"/>
  <system-out/>
  <testcase classname="fieldServiceFormsTest.RepairAdjRepGUITest" name="GUITestRadioButtonRepairAdjust" time="1.685"/>
  <system-out/>
  <testcase classname="fieldServiceFormsTest.RepairAdjRepGUITest" name="GUITestRadioButtonRepairAdjust" time="1.606"/>
  <system-out/>
  <testcase classname="fieldServiceFormsTest.RepairAdjRepGUITest" name="GUITestRadioButtonRepairAdjust" time="1.483"/>
  <system-out/>
  <testcase classname="fieldServiceFormsTest.RepairAdjRepGUITest" name="GUITestRadioButtonRepairAdjust" time="2.054"/>
  <system-out/>
  <testcase classname="fieldServiceFormsTest.RepairAdjRepGUITest" name="GUITestRadioButtonRepairAdjust" time="1.660"/>
  <system-out/>
  <testcase classname="fieldServiceFormsTest.RepairAdjRepGUITest" name="GUITestRadioButtonRepairAdjust" time="1.532"/>
  <system-out/>
  <testcase classname="fieldServiceFormsTest.RepairAdjRepGUITest" name="GUITestRadioButtonRepairAdjust" time="0.996"/>
  <system-out/>
  <testcase classname="fieldServiceFormsTest.RepairAdjRepGUITest" name="GUITestRadioButtonRepairAdjust" time="1.463"/>
  <system-out/>
  <testcase classname="fieldServiceFormsTest.RepairAdjRepGUITest" name="GUITestRadioButtonRepairAdjust" time="1.534"/>
  <system-out/>
  <testcase classname="fieldServiceFormsTest.RepairAdjRepGUITest" name="GUITestRadioButtonRepairAdjust" time="0.950"/>
  <system-out/>
  <testcase classname="fieldServiceFormsTest.RepairAdjRepGUITest" name="GUITestRadioButtonRepairAdjust" time="1.477"/>
  <system-out/>
  <testcase classname="fieldServiceFormsTest.RepairAdjRepGUITest" name="GUITestRadioButtonRepairAdjust" time="1.616"/>
  <system-out/>
  <testcase classname="fieldServiceFormsTest.RepairAdjRepGUITest" name="GUITestRadioButtonRepairAdjust" time="1.659"/>
  <system-out/>
  <testcase classname="fieldServiceFormsTest.RepairAdjRepGUITest" name="GUITestRadioButtonRepairAdjust" time="1.435"/>
  <system-out/>
  <testcase classname="fieldServiceFormsTest.RepairAdjRepGUITest" name="GUITestRadioButtonRepairAdjust" time="1.509"/>
  <system-out/>
  <testcase classname="fieldServiceFormsTest.RepairAdjRepGUITest" name="GUITestRadioButtonRepairAdjust" time="1.769"/>
  <system-out/>
  <testcase classname="fieldServiceFormsTest.RepairAdjRepGUITest" name="GUITestRadioButtonRepairAdjust" time="1.558"/>
  <system-out/>
  <testcase classname="fieldServiceFormsTest.RepairAdjRepGUITest" name="GUITestRadioButtonRepairAdjust" time="1.541"/>
  <system-out/>
  <testcase classname="fieldServiceFormsTest.RepairAdjRepGUITest" name="GUITestRadioButtonRepairAdjust" time="1.556"/>
  <system-out/>
  <testcase classname="fieldServiceFormsTest.RepairAdjRepGUITest" name="GUITestRadioButtonRepairAdjust" time="0.957"/>
  <system-out/>
  <testcase classname="fieldServiceFormsTest.RepairAdjRepGUITest" name="GUITestRadioButtonRepairAdjust" time="1.474"/>
  <system-out/>
  <testcase classname="fieldServiceFormsTest.RepairAdjRepGUITest" name="GUITestRadioButtonRepairAdjust" time="1.505"/>
  <system-out/>
  <testcase classname="fieldServiceFormsTest.RepairAdjRepGUITest" name="GUITestRadioButtonRepairAdjust" time="0.970"/>
  <system-out/>
  <testcase classname="fieldServiceFormsTest.RepairAdjRepGUITest" name="GUITestRadioButtonRepairAdjust" time="1.650"/>
  <system-out/>
  <testcase classname="fieldServiceFormsTest.RepairAdjRepGUITest" name="GUITestRadioButtonRepairAdjust" time="1.536"/>
  <system-out/>
  <testcase classname="fieldServiceFormsTest.RepairAdjRepGUITest" name="GUITestRadioButtonRepairAdjust" time="1.718"/>
  <system-out/>
  <testcase classname="fieldServiceFormsTest.RepairAdjRepGUITest" name="GUITestRadioButtonRepairAdjust" time="1.497"/>
  <system-out/>
  <testcase classname="fieldServiceFormsTest.RepairAdjRepGUITest" name="GUITestRadioButtonRepairAdjust" time="0.979"/>
  <system-out/>
  <testcase classname="fieldServiceFormsTest.RepairAdjRepGUITest" name="GUITestRadioButtonRepairAdjust" time="1.558"/>
  <system-out/>
  <testcase classname="fieldServiceFormsTest.RepairAdjRepGUITest" name="GUITestRadioButtonRepairAdjust" time="1.558"/>
  <system-out/>
  <testcase classname="fieldServiceFormsTest.RepairAdjRepGUITest" name="GUITestRadioButtonRepairAdjust" time="2.384"/>
  <system-out/>
  <testcase classname="fieldServiceFormsTest.RepairAdjRepGUITest" name="GUITestRadioButtonRepairAdjust" time="1.365"/>
  <system-out/>
  <testcase classname="fieldServiceFormsTest.RepairAdjRepGUITest" name="GUITestRadioButtonRepairAdjust" time="1.458"/>
  <system-out/>
  <testcase classname="fieldServiceFormsTest.RepairAdjRepGUITest" name="GUITestRadioButtonRepairAdjust" time="1.430"/>
  <system-out/>
  <testcase classname="fieldServiceFormsTest.RepairAdjRepGUITest" name="GUITestRadioButtonRepairAdjust" time="1.554"/>
  <system-out/>
  <testcase classname="fieldServiceFormsTest.RepairAdjRepGUITest" name="GUITestRadioButtonRepairAdjust" time="0.982"/>
  <system-out/>
  <testcase classname="fieldServiceFormsTest.RepairAdjRepGUITest" name="GUITestRadioButtonRepairAdjust" time="1.837"/>
  <system-out/>
  <testcase classname="fieldServiceFormsTest.RepairAdjRepGUITest" name="GUITestRadioButtonRepairAdjust" time="1.494"/>
  <system-out/>
  <testcase classname="fieldServiceFormsTest.RepairAdjRepGUITest" name="GUITestRadioButtonRepairAdjust" time="1.500"/>
  <system-out/>
  <testcase classname="fieldServiceFormsTest.RepairAdjRepGUITest" name="GUITestRadioButtonRepairAdjust" time="1.496"/>
  <system-out/>
  <testcase classname="fieldServiceFormsTest.RepairAdjRepGUITest" name="GUITestRadioButtonRepairAdjust" time="1.530"/>
  <system-out/>
  <testcase classname="fieldServiceFormsTest.RepairAdjRepGUITest" name="GUITestRadioButtonRepairAdjust" time="1.383"/>
  <system-out/>
  <testcase classname="fieldServiceFormsTest.RepairAdjRepGUITest" name="GUITestRadioButtonRepairAdjust" time="1.025"/>
  <system-out/>
  <testcase classname="fieldServiceFormsTest.RepairAdjRepGUITest" name="GUITestRadioButtonRepairAdjust" time="1.482"/>
  <system-out/>
  <testcase classname="fieldServiceFormsTest.RepairAdjRepGUITest" name="GUITestRadioButtonRepairAdjust" time="1.445"/>
  <system-out/>
  <testcase classname="fieldServiceFormsTest.RepairAdjRepGUITest" name="GUITestRadioButtonRepairAdjust" time="1.453"/>
  <system-out/>
  <testcase classname="fieldServiceFormsTest.RepairAdjRepGUITest" name="GUITestRadioButtonRepairAdjust" time="1.045"/>
  <system-out/>
  <testcase classname="fieldServiceFormsTest.RepairAdjRepGUITest" name="GUITestRadioButtonRepairAdjust" time="1.800"/>
  <system-out/>
  <testcase classname="fieldServiceFormsTest.RepairAdjRepGUITest" name="GUITestRadioButtonRepairAdjust" time="0.948"/>
  <system-out/>
  <testcase classname="fieldServiceFormsTest.RepairAdjRepGUITest" name="GUITestRadioButtonRepairAdjust" time="1.495"/>
  <system-out/>
  <testcase classname="fieldServiceFormsTest.RepairAdjRepGUITest" name="GUITestRadioButtonRepairAdjust" time="1.465"/>
  <system-out/>
  <testcase classname="fieldServiceFormsTest.RepairAdjRepGUITest" name="GUITestRadioButtonRepairAdjust" time="1.596"/>
  <system-out/>
  <testcase classname="fieldServiceFormsTest.RepairAdjRepGUITest" name="GUITestRadioButtonRepairAdjust" time="1.535"/>
  <system-out/>
  <testcase classname="fieldServiceFormsTest.RepairAdjRepGUITest" name="GUITestRadioButtonRepairAdjust" time="1.343"/>
  <system-out/>
  <testcase classname="fieldServiceFormsTest.RepairAdjRepGUITest" name="GUITestRadioButtonRepairAdjust" time="0.958"/>
  <system-out/>
  <testcase classname="fieldServiceFormsTest.RepairAdjRepGUITest" name="GUITestRadioButtonRepairAdjust" time="1.480"/>
  <system-out/>
  <testcase classname="fieldServiceFormsTest.RepairAdjRepGUITest" name="GUITestRadioButtonRepairAdjust" time="1.587"/>
  <system-out/>
  <testcase classname="fieldServiceFormsTest.RepairAdjRepGUITest" name="GUITestRadioButtonRepairAdjust" time="1.611"/>
  <system-out/>
  <testcase classname="fieldServiceFormsTest.RepairAdjRepGUITest" name="GUITestRadioButtonRepairAdjust" time="1.332"/>
  <system-out/>
  <testcase classname="fieldServiceFormsTest.RepairAdjRepGUITest" name="GUITestRadioButtonRepairAdjust" time="0.956"/>
  <system-out/>
  <testcase classname="fieldServiceFormsTest.RepairAdjRepGUITest" name="GUITestRadioButtonRepairAdjust" time="1.500"/>
  <system-out/>
  <testcase classname="fieldServiceFormsTest.RepairAdjRepGUITest" name="GUITestRadiobuttonRepairReplacedPart" time="7.536"/>
  <system-out/>
  <testcase classname="fieldServiceFormsTest.RepairAdjRepGUITest" name="GUITestRadiobuttonRepairReplacedPart" time="7.020"/>
  <system-out/>
  <testcase classname="fieldServiceFormsTest.RepairAdjRepGUITest" name="GUITestRadiobuttonRepairReplacedPart" time="8.235"/>
  <system-out/>
  <testcase classname="fieldServiceFormsTest.RepairAdjRepGUITest" name="GUITestRadiobuttonRepairReplacedPart" time="8.228"/>
  <system-out/>
  <testcase classname="fieldServiceFormsTest.RepairAdjRepGUITest" name="GUITestRadiobuttonRepairReplacedPart" time="7.364"/>
  <system-out/>
  <testcase classname="fieldServiceFormsTest.RepairAdjRepGUITest" name="GUITestRadiobuttonRepairReplacedPart" time="7.857"/>
  <system-out/>
  <testcase classname="fieldServiceFormsTest.RepairAdjRepGUITest" name="GUITestRadiobuttonRepairReplacedPart" time="7.065"/>
  <system-out/>
  <testcase classname="fieldServiceFormsTest.RepairAdjRepGUITest" name="GUITestRadiobuttonRepairReplacedPart" time="7.246"/>
  <system-out/>
  <testcase classname="fieldServiceFormsTest.RepairAdjRepGUITest" name="GUITestRadiobuttonRepairReplacedPart" time="6.614"/>
  <system-out/>
  <testcase classname="fieldServiceFormsTest.RepairAdjRepGUITest" name="GUITestRadiobuttonRepairReplacedPart" time="6.971"/>
  <system-out/>
  <testcase classname="fieldServiceFormsTest.RepairAdjRepGUITest" name="GUITestRadiobuttonRepairReplacedPart" time="7.029"/>
  <system-out/>
  <testcase classname="fieldServiceFormsTest.RepairAdjRepGUITest" name="GUITestRadiobuttonRepairReplacedPart" time="7.368"/>
  <system-out/>
  <testcase classname="fieldServiceFormsTest.RepairAdjRepGUITest" name="GUITestRadiobuttonRepairReplacedPart" time="7.970"/>
  <system-out/>
  <testcase classname="fieldServiceFormsTest.RepairAdjRepGUITest" name="GUITestRadiobuttonRepairReplacedPart" time="5.981"/>
  <system-out/>
  <testcase classname="fieldServiceFormsTest.RepairAdjRepGUITest" name="GUITestRadiobuttonRepairReplacedPart" time="6.920"/>
  <system-out/>
  <testcase classname="fieldServiceFormsTest.RepairAdjRepGUITest" name="GUITestRadiobuttonRepairReplacedPart" time="7.243"/>
  <system-out/>
  <testcase classname="fieldServiceFormsTest.RepairAdjRepGUITest" name="GUITestRadiobuttonRepairReplacedPart" time="6.375"/>
  <system-out/>
  <testcase classname="fieldServiceFormsTest.RepairAdjRepGUITest" name="GUITestRadiobuttonRepairReplacedPart" time="6.410"/>
  <system-out/>
  <testcase classname="fieldServiceFormsTest.RepairAdjRepGUITest" name="GUITestRadiobuttonRepairReplacedPart" time="7.370"/>
  <system-out/>
  <testcase classname="fieldServiceFormsTest.RepairAdjRepGUITest" name="GUITestRadiobuttonRepairReplacedPart" time="7.079"/>
  <system-out/>
  <testcase classname="fieldServiceFormsTest.RepairAdjRepGUITest" name="GUITestRadiobuttonRepairReplacedPart" time="7.383"/>
  <system-out/>
  <testcase classname="fieldServiceFormsTest.RepairAdjRepGUITest" name="GUITestRadiobuttonRepairReplacedPart" time="7.463"/>
  <system-out/>
  <testcase classname="fieldServiceFormsTest.RepairAdjRepGUITest" name="GUITestRadiobuttonRepairReplacedPart" time="7.430"/>
  <system-out/>
  <testcase classname="fieldServiceFormsTest.RepairAdjRepGUITest" name="GUITestRadiobuttonRepairReplacedPart" time="6.976"/>
  <system-out/>
  <testcase classname="fieldServiceFormsTest.RepairAdjRepGUITest" name="GUITestRadiobuttonRepairReplacedPart" time="7.016"/>
  <system-out/>
  <testcase classname="fieldServiceFormsTest.RepairAdjRepGUITest" name="GUITestRadiobuttonRepairReplacedPart" time="7.488"/>
  <system-out/>
  <testcase classname="fieldServiceFormsTest.RepairAdjRepGUITest" name="GUITestRadiobuttonRepairReplacedPart" time="7.811"/>
  <system-out/>
  <testcase classname="fieldServiceFormsTest.RepairAdjRepGUITest" name="GUITestRadiobuttonRepairReplacedPart" time="8.955"/>
  <system-out/>
  <testcase classname="fieldServiceFormsTest.RepairAdjRepGUITest" name="GUITestRadiobuttonRepairReplacedPart" time="8.253"/>
  <system-out/>
  <testcase classname="fieldServiceFormsTest.RepairAdjRepGUITest" name="GUITestRadiobuttonRepairReplacedPart" time="6.955"/>
  <system-out/>
  <testcase classname="fieldServiceFormsTest.RepairAdjRepGUITest" name="GUITestRadiobuttonRepairReplacedPart" time="7.431"/>
  <system-out/>
  <testcase classname="fieldServiceFormsTest.RepairAdjRepGUITest" name="GUITestRadiobuttonRepairReplacedPart" time="7.389"/>
  <system-out/>
  <testcase classname="fieldServiceFormsTest.RepairAdjRepGUITest" name="GUITestRadiobuttonRepairReplacedPart" time="7.065"/>
  <system-out/>
  <testcase classname="fieldServiceFormsTest.RepairAdjRepGUITest" name="GUITestRadiobuttonRepairReplacedPart" time="6.988"/>
  <system-out/>
  <testcase classname="fieldServiceFormsTest.RepairAdjRepGUITest" name="GUITestRadiobuttonRepairReplacedPart" time="6.699"/>
  <system-out/>
  <testcase classname="fieldServiceFormsTest.RepairAdjRepGUITest" name="GUITestRadiobuttonRepairReplacedPart" time="6.617"/>
  <system-out/>
  <testcase classname="fieldServiceFormsTest.RepairAdjRepGUITest" name="GUITestRadiobuttonRepairReplacedPart" time="7.016"/>
  <system-out/>
  <testcase classname="fieldServiceFormsTest.RepairAdjRepGUITest" name="GUITestRadiobuttonRepairReplacedPart" time="7.508"/>
  <system-out/>
  <testcase classname="fieldServiceFormsTest.RepairAdjRepGUITest" name="GUITestRadiobuttonRepairReplacedPart" time="7.064"/>
  <system-out/>
  <testcase classname="fieldServiceFormsTest.RepairAdjRepGUITest" name="GUITestRadiobuttonRepairReplacedPart" time="7.048"/>
  <system-out/>
  <testcase classname="fieldServiceFormsTest.RepairAdjRepGUITest" name="GUITestRadiobuttonRepairReplacedPart" time="6.018"/>
  <system-out/>
  <testcase classname="fieldServiceFormsTest.RepairAdjRepGUITest" name="GUITestRadiobuttonRepairReplacedPart" time="6.892"/>
  <system-out/>
  <testcase classname="fieldServiceFormsTest.RepairAdjRepGUITest" name="GUITestRadiobuttonRepairReplacedPart" time="7.120"/>
  <system-out/>
  <testcase classname="fieldServiceFormsTest.RepairAdjRepGUITest" name="GUITestRadiobuttonRepairReplacedPart" time="7.369"/>
  <system-out/>
  <testcase classname="fieldServiceFormsTest.RepairAdjRepGUITest" name="GUITestRadiobuttonRepairReplacedPart" time="8.094"/>
  <system-out/>
  <testcase classname="fieldServiceFormsTest.RepairAdjRepGUITest" name="GUITestRadiobuttonRepairReplacedPart" time="6.223"/>
  <system-out/>
  <testcase classname="fieldServiceFormsTest.RepairAdjRepGUITest" name="GUITestRadiobuttonRepairReplacedPart" time="6.515"/>
  <system-out/>
  <testcase classname="fieldServiceFormsTest.RepairAdjRepGUITest" name="GUITestRadiobuttonRepairReplacedPart" time="7.092"/>
  <system-out/>
  <testcase classname="fieldServiceFormsTest.RepairAdjRepGUITest" name="GUITestRadiobuttonRepairReplacedPart" time="7.296"/>
  <system-out/>
  <testcase classname="fieldServiceFormsTest.RepairAdjRepGUITest" name="GUITestRadiobuttonRepairReplacedPart" time="8.240"/>
  <system-out/>
  <testcase classname="fieldServiceFormsTest.RepairAdjRepGUITest" name="GUITestRadiobuttonRepairReplacedPart" time="6.268"/>
  <system-out/>
  <testcase classname="fieldServiceFormsTest.RepairAdjRepGUITest" name="GUITestRadiobuttonRepairReplacedPart" time="7.214"/>
  <system-out/>
  <testcase classname="fieldServiceFormsTest.RepairAdjRepGUITest" name="GUITestRadiobuttonRepairReplacedPart" time="6.119"/>
  <system-out/>
  <testcase classname="fieldServiceFormsTest.RepairAdjRepGUITest" name="GUITestRadiobuttonRepairReplacedPart" time="8.304"/>
  <system-out/>
  <testcase classname="fieldServiceFormsTest.RepairAdjRepGUITest" name="GUITestRadiobuttonRepairReplacedPart" time="6.942"/>
  <system-out/>
  <testcase classname="fieldServiceFormsTest.RepairAdjRepGUITest" name="GUITestRadiobuttonRepairReplacedPart" time="6.172"/>
  <system-out/>
  <testcase classname="fieldServiceFormsTest.RepairAdjRepGUITest" name="GUITestRadiobuttonRepairReplacedPart" time="6.152"/>
  <system-out/>
  <testcase classname="fieldServiceFormsTest.RepairAdjRepGUITest" name="GUITestRadiobuttonRepairReplacedPart" time="6.093"/>
  <system-out/>
  <testcase classname="fieldServiceFormsTest.RepairAdjRepGUITest" name="GUITestRadiobuttonRepairReplacedPart" time="6.972"/>
  <system-out/>
  <testcase classname="fieldServiceFormsTest.RepairAdjRepGUITest" name="GUITestRadiobuttonRepairReplacedPart" time="6.176"/>
  <system-out/>
  <testcase classname="fieldServiceFormsTest.RepairAdjRepGUITest" name="GUITestRadiobuttonRepairReplacedPart" time="8.111"/>
  <system-out/>
  <testcase classname="fieldServiceFormsTest.RepairAdjRepGUITest" name="GUITestRadiobuttonRepairReplacedPart" time="7.058"/>
  <system-out/>
  <testcase classname="fieldServiceFormsTest.RepairAdjRepGUITest" name="GUITestRadiobuttonRepairReplacedPart" time="7.128"/>
  <system-out/>
  <testcase classname="fieldServiceFormsTest.RepairAdjRepGUITest" name="GUITestRadiobuttonRepairReplacedPart" time="8.235"/>
  <system-out/>
  <testcase classname="fieldServiceFormsTest.RepairAdjRepGUITest" name="GUITestRadiobuttonRepairReplacedPart" time="7.577"/>
  <system-out/>
  <testcase classname="fieldServiceFormsTest.RepairAdjRepGUITest" name="GUITestRadiobuttonRepairReplacedPart" time="7.424"/>
  <system-out/>
  <testcase classname="fieldServiceFormsTest.RepairAdjRepGUITest" name="GUITestRadiobuttonRepairReplacedPart" time="7.031"/>
  <system-out/>
  <testcase classname="fieldServiceFormsTest.RepairAdjRepGUITest" name="GUITestRadiobuttonRepairReplacedPart" time="7.960"/>
  <system-out/>
  <testcase classname="fieldServiceFormsTest.RepairAdjRepGUITest" name="GUITestRadiobuttonRepairReplacedPart" time="8.469"/>
  <system-out/>
  <testcase classname="fieldServiceFormsTest.RepairAdjRepGUITest" name="GUITestRadiobuttonRepairReplacedPart" time="7.240"/>
  <system-out/>
  <testcase classname="fieldServiceFormsTest.RepairAdjRepGUITest" name="GUITestRadiobuttonRepairReplacedPart" time="7.073"/>
  <system-out/>
  <testcase classname="fieldServiceFormsTest.RepairAdjRepGUITest" name="GUITestRadiobuttonRepairReplacedPart" time="8.139"/>
  <system-out/>
  <testcase classname="fieldServiceFormsTest.RepairAdjRepGUITest" name="GUITestRadiobuttonRepairReplacedPart" time="5.891"/>
  <system-out/>
  <testcase classname="fieldServiceFormsTest.RepairAdjRepGUITest" name="GUITestRadiobuttonRepairReplacedPart" time="7.501"/>
  <system-out/>
  <testcase classname="fieldServiceFormsTest.RepairAdjRepGUITest" name="GUITestRadiobuttonRepairReplacedPart" time="8.194"/>
  <system-out/>
  <testcase classname="fieldServiceFormsTest.RepairAdjRepGUITest" name="GUITestRadiobuttonRepairReplacedPart" time="6.512"/>
  <system-out/>
  <testcase classname="fieldServiceFormsTest.RepairAdjRepGUITest" name="GUITestRadiobuttonRepairReplacedPart" time="6.963"/>
  <system-out/>
  <testcase classname="fieldServiceFormsTest.RepairAdjRepGUITest" name="GUITestRadiobuttonRepairReplacedPart" time="8.309"/>
  <system-out/>
  <testcase classname="fieldServiceFormsTest.RepairAdjRepGUITest" name="GUITestRadiobuttonRepairReplacedPart" time="5.977"/>
  <system-out/>
  <testcase classname="fieldServiceFormsTest.RepairAdjRepGUITest" name="GUITestRadiobuttonRepairReplacedPart" time="6.931"/>
  <system-out/>
  <testcase classname="fieldServiceFormsTest.RepairAdjRepGUITest" name="GUITestRadiobuttonRepairReplacedPart" time="5.932"/>
  <system-out/>
  <testcase classname="fieldServiceFormsTest.RepairAdjRepGUITest" name="GUITestRadiobuttonRepairReplacedPart" time="7.314"/>
  <system-out/>
  <testcase classname="fieldServiceFormsTest.RepairAdjRepGUITest" name="GUITestRadiobuttonRepairReplacedPart" time="7.585"/>
  <system-out/>
  <testcase classname="fieldServiceFormsTest.RepairAdjRepGUITest" name="GUITestRadiobuttonRepairReplacedPart" time="7.423"/>
  <system-out/>
  <testcase classname="fieldServiceFormsTest.RepairAdjRepGUITest" name="GUITestRadiobuttonRepairReplacedPart" time="7.409"/>
  <system-out/>
  <testcase classname="fieldServiceFormsTest.RepairAdjRepGUITest" name="GUITestRadiobuttonRepairReplacedPart" time="6.424"/>
  <system-out/>
  <testcase classname="fieldServiceFormsTest.RepairAdjRepGUITest" name="GUITestRadiobuttonRepairReplacedPart" time="7.434"/>
  <system-out/>
  <testcase classname="fieldServiceFormsTest.RepairAdjRepGUITest" name="GUITestRadiobuttonRepairReplacedPart" time="8.007"/>
  <system-out/>
  <testcase classname="fieldServiceFormsTest.RepairAdjRepGUITest" name="GUITestRadiobuttonRepairReplacedPart" time="7.605"/>
  <system-out/>
  <testcase classname="fieldServiceFormsTest.RepairAdjRepGUITest" name="GUITestRadiobuttonRepairReplacedPart" time="7.062"/>
  <system-out/>
  <testcase classname="fieldServiceFormsTest.RepairAdjRepGUITest" name="GUITestRadiobuttonRepairReplacedPart" time="7.108"/>
  <system-out/>
  <testcase classname="fieldServiceFormsTest.RepairAdjRepGUITest" name="GUITestRadiobuttonRepairReplacedPart" time="6.279"/>
  <system-out/>
  <testcase classname="fieldServiceFormsTest.RepairAdjRepGUITest" name="GUITestRadiobuttonRepairReplacedPart" time="8.291"/>
  <system-out/>
  <testcase classname="fieldServiceFormsTest.RepairAdjRepGUITest" name="GUITestRadiobuttonRepairReplacedPart" time="8.197"/>
  <system-out/>
  <testcase classname="fieldServiceFormsTest.RepairAdjRepGUITest" name="GUITestRadiobuttonRepairReplacedPart" time="7.392"/>
  <system-out/>
  <testcase classname="fieldServiceFormsTest.RepairAdjRepGUITest" name="GUITestRadiobuttonRepairReplacedPart" time="7.218"/>
  <system-out/>
  <testcase classname="fieldServiceFormsTest.RepairAdjRepGUITest" name="GUITestRadiobuttonRepairReplacedPart" time="7.932"/>
  <system-out/>
  <testcase classname="fieldServiceFormsTest.RepairAdjRepGUITest" name="GUITestRadiobuttonRepairReplacedPart" time="7.389"/>
  <system-out/>
  <testcase classname="fieldServiceFormsTest.RepairAdjRepGUITest" name="GUITestRadiobuttonRepairReplacedPart" time="8.036"/>
  <system-out/>
  <testcase classname="fieldServiceFormsTest.RepairAdjRepGUITest" name="GUITestRadiobuttonRepairReplacedPart" time="8.160"/>
  <system-out/>
</testsuite> <!-- fieldServiceFormsTest.RepairAdjRepGUITest -->
