<?xml version="1.0" encoding="UTF-8"?>
<!-- Generated by org.testng.reporters.JUnitReportReporter -->
<testsuite hostname="DESKTOP-AMSBLU7" failures="0" tests="4" name="installandrepair.RepairReplacedTest" time="16.875" errors="0" timestamp="2022-07-13T17:02:32 IST" skipped="0">
  <testcase classname="installandrepair.RepairReplacedTest" name="repairAdjust" time="2.454"/>
  <system-out/>
  <testcase classname="installandrepair.RepairReplacedTest" name="repairAdjust" time="1.290"/>
  <system-out/>
  <testcase classname="installandrepair.RepairReplacedTest" name="repairReplacedPart" time="6.564"/>
  <system-out/>
  <testcase classname="installandrepair.RepairReplacedTest" name="repairReplacedPart" time="6.567"/>
  <system-out/>
</testsuite> <!-- installandrepair.RepairReplacedTest -->
