<?xml version="1.0" encoding="UTF-8"?>
<!-- Generated by org.testng.reporters.JUnitReportReporter -->
<testsuite hostname="DESKTOP-AMSBLU7" failures="0" tests="1" name="logisticsSftpTest.ShippingConfirmationLogicsTest" time="8.100" errors="0" timestamp="2023-02-02T15:51:33 IST" skipped="0">
  <testcase classname="logisticsSftpTest.ShippingConfirmationLogicsTest" name="sftp" time="8.100"/>
  <system-out/>
</testsuite> <!-- logisticsSftpTest.ShippingConfirmationLogicsTest -->
