<?xml version="1.0" encoding="UTF-8"?>
<!-- Generated by org.testng.reporters.JUnitReportReporter -->
<testsuite hostname="DESKTOP-AMSBLU7" failures="0" tests="4" name="installandrepair.CheckListTest" time="10.493" errors="0" timestamp="2022-07-13T17:02:32 IST" skipped="0">
  <testcase classname="installandrepair.CheckListTest" name="checkListYes" time="5.347"/>
  <system-out/>
  <testcase classname="installandrepair.CheckListTest" name="checkListYes" time="2.294"/>
  <system-out/>
  <testcase classname="installandrepair.CheckListTest" name="checkListNo" time="1.420"/>
  <system-out/>
  <testcase classname="installandrepair.CheckListTest" name="checkListNo" time="1.432"/>
  <system-out/>
</testsuite> <!-- installandrepair.CheckListTest -->
