<?xml version="1.0" encoding="UTF-8"?>
<!-- Generated by org.testng.reporters.JUnitReportReporter -->
<testsuite hostname="DESKTOP-AMSBLU7" failures="0" tests="5" name="logisticsXPOTest.XpoJiraTicketCreationTest" time="324.322" errors="0" timestamp="2023-03-30T17:03:16 IST" skipped="0">
  <testcase classname="logisticsXPOTest.XpoJiraTicketCreationTest" name="processFile" time="64.590"/>
  <system-out/>
  <testcase classname="logisticsXPOTest.XpoJiraTicketCreationTest" name="processFile" time="65.736"/>
  <system-out/>
  <testcase classname="logisticsXPOTest.XpoJiraTicketCreationTest" name="processFile" time="65.062"/>
  <system-out/>
  <testcase classname="logisticsXPOTest.XpoJiraTicketCreationTest" name="processFile" time="64.669"/>
  <system-out/>
  <testcase classname="logisticsXPOTest.XpoJiraTicketCreationTest" name="processFile" time="64.265"/>
  <system-out/>
</testsuite> <!-- logisticsXPOTest.XpoJiraTicketCreationTest -->
