<?xml version="1.0" encoding="UTF-8"?>
<!-- Generated by org.testng.reporters.JUnitReportReporter -->
<testsuite hostname="DESKTOP-AMSBLU7" failures="0" tests="1" name="logisticsPasoTest.JiraTicketCreationTest" time="73.356" errors="0" timestamp="2023-02-07T15:03:10 IST" skipped="0">
  <testcase classname="logisticsPasoTest.JiraTicketCreationTest" name="processFile" time="73.356"/>
  <system-out/>
</testsuite> <!-- logisticsPasoTest.JiraTicketCreationTest -->
