<?xml version="1.0" encoding="UTF-8"?>
<!-- Generated by org.testng.reporters.JUnitReportReporter -->
<testsuite hostname="DESKTOP-AMSBLU7" failures="0" tests="1" name="mesfilesdownload.Filesdownloadtest" time="190.765" errors="0" timestamp="2022-06-28T13:26:35 IST" skipped="0">
  <testcase classname="mesfilesdownload.Filesdownloadtest" name="downloads" time="190.765"/>
  <system-out/>
</testsuite> <!-- mesfilesdownload.Filesdownloadtest -->
